Running abide_motion_wrapper_JAL.py
Fri Sep 23 12:25:20 EDT 2016
Iteration 0: R^2 = 0.928668917018, ICC = 0.965014319736
Iteration 1: R^2 = 0.949107240568, ICC = 0.974818036528
Iteration 2: R^2 = 0.870849760125, ICC = 0.93744708572
Iteration 3: R^2 = 0.914612655803, ICC = 0.958260718953
Iteration 4: R^2 = 0.943070732148, ICC = 0.9713434224
Iteration 5: R^2 = 0.943999259559, ICC = 0.972742345213
Iteration 6: R^2 = 0.753749479174, ICC = 0.886495429672
Iteration 7: R^2 = 0.914252908844, ICC = 0.956855634805
Iteration 8: R^2 = 0.933676145638, ICC = 0.967498608561
Iteration 9: R^2 = 0.936297021307, ICC = 0.965730539804
Iteration 10: R^2 = 0.842348975024, ICC = 0.918634959938
Iteration 11: R^2 = 0.939683230757, ICC = 0.969526256173
Iteration 12: R^2 = 0.930499638739, ICC = 0.963325641017
Iteration 13: R^2 = 0.930094274688, ICC = 0.96524287073
Iteration 14: R^2 = 0.941087227699, ICC = 0.970738931893
Iteration 15: R^2 = 0.897748110128, ICC = 0.94610487781
Iteration 16: R^2 = 0.949276833882, ICC = 0.974540360019
Iteration 17: R^2 = 0.939418761384, ICC = 0.970723933161
Iteration 18: R^2 = 0.948511189778, ICC = 0.973616171396
Iteration 19: R^2 = 0.943185999124, ICC = 0.97081416393
Iteration 20: R^2 = 0.915967344416, ICC = 0.956831264193
Iteration 21: R^2 = 0.940357723037, ICC = 0.970399638619
Iteration 22: R^2 = 0.922461778065, ICC = 0.960967682372
Iteration 23: R^2 = 0.908282246248, ICC = 0.955398589574
Iteration 24: R^2 = 0.93783782587, ICC = 0.968510203928
Iteration 25: R^2 = 0.941162351796, ICC = 0.970222552692
Iteration 26: R^2 = 0.938852672809, ICC = 0.969419214562
Iteration 27: R^2 = 0.935927611677, ICC = 0.968470185397
Iteration 28: R^2 = 0.924368337803, ICC = 0.962230494319
Iteration 29: R^2 = 0.893546121481, ICC = 0.947142211235
Iteration 30: R^2 = 0.901179503804, ICC = 0.954532776692
Iteration 31: R^2 = 0.914119259994, ICC = 0.957983876016
Iteration 32: R^2 = 0.934370646326, ICC = 0.969044143568
Iteration 33: R^2 = 0.925492784565, ICC = 0.961143760729
Iteration 34: R^2 = 0.922080370273, ICC = 0.959165442026
Iteration 35: R^2 = 0.921646969318, ICC = 0.962675583671
Iteration 36: R^2 = 0.910962907373, ICC = 0.956597398076
Iteration 37: R^2 = 0.9386527456, ICC = 0.969026050638
Iteration 38: R^2 = 0.879827271826, ICC = 0.942784416607
Iteration 39: R^2 = 0.927530830648, ICC = 0.962075076999
Iteration 40: R^2 = 0.896015518325, ICC = 0.94908290581
Iteration 41: R^2 = 0.838413548805, ICC = 0.926120645284
Iteration 42: R^2 = 0.945460761311, ICC = 0.972414811432
Iteration 43: R^2 = 0.936045675636, ICC = 0.968026894919
Iteration 44: R^2 = 0.940338275007, ICC = 0.969815306018
Iteration 45: R^2 = 0.939269539817, ICC = 0.968595877241
Iteration 46: R^2 = 0.941637852817, ICC = 0.970452178235
Iteration 47: R^2 = 0.93300477787, ICC = 0.965161348753
Iteration 48: R^2 = 0.924838987431, ICC = 0.962926618058
Iteration 49: R^2 = 0.902850741348, ICC = 0.952431531304
Iteration 50: R^2 = 0.934843561075, ICC = 0.966164775701
Iteration 51: R^2 = 0.943760722553, ICC = 0.972111693114
Iteration 52: R^2 = 0.94859810156, ICC = 0.97379815978
Iteration 53: R^2 = 0.935289955097, ICC = 0.969141582831
Iteration 54: R^2 = 0.911847506647, ICC = 0.958101798038
Iteration 55: R^2 = 0.94941287071, ICC = 0.97406893099
Iteration 56: R^2 = 0.898493942418, ICC = 0.950821006369
Iteration 57: R^2 = 0.936019438171, ICC = 0.968422573701
Iteration 58: R^2 = 0.932471185528, ICC = 0.966428541891
Iteration 59: R^2 = 0.932535900704, ICC = 0.967584933429
Iteration 60: R^2 = 0.937419638383, ICC = 0.968023496767
Iteration 61: R^2 = 0.901043688405, ICC = 0.949604572858
Iteration 62: R^2 = 0.936528753825, ICC = 0.967991680343
Iteration 63: R^2 = 0.937477845145, ICC = 0.969062002422
Iteration 64: R^2 = 0.923627382676, ICC = 0.960875413319
Iteration 65: R^2 = 0.937076413026, ICC = 0.967776229723
Iteration 66: R^2 = 0.910728419676, ICC = 0.956988043118
Iteration 67: R^2 = 0.943872453933, ICC = 0.971229310509
Iteration 68: R^2 = 0.929031919327, ICC = 0.965526643342
Iteration 69: R^2 = 0.938175464186, ICC = 0.96891622747
Iteration 70: R^2 = 0.941458546589, ICC = 0.969862507896
Iteration 71: R^2 = 0.930318901208, ICC = 0.963333971552
Iteration 72: R^2 = 0.946297546244, ICC = 0.973365038469
Iteration 73: R^2 = 0.933486676673, ICC = 0.965561755073
Iteration 74: R^2 = 0.940398386875, ICC = 0.970568125878
Iteration 75: R^2 = 0.895098917977, ICC = 0.947293390482
Iteration 76: R^2 = 0.921121398866, ICC = 0.961992877971
Iteration 77: R^2 = 0.923113478251, ICC = 0.963731392916
Iteration 78: R^2 = 0.929932578398, ICC = 0.966031955107
Iteration 79: R^2 = 0.933829863572, ICC = 0.967260106548
Iteration 80: R^2 = 0.89637158064, ICC = 0.946774033742
Iteration 81: R^2 = 0.941700853075, ICC = 0.97035942339
Iteration 82: R^2 = 0.944084239059, ICC = 0.973144758576
Iteration 83: R^2 = 0.937734072824, ICC = 0.968728828854
Iteration 84: R^2 = 0.940682324902, ICC = 0.970580541283
Iteration 85: R^2 = 0.921965127809, ICC = 0.95928478973
Iteration 86: R^2 = 0.940566404678, ICC = 0.971211479835
Iteration 87: R^2 = 0.934424169133, ICC = 0.967901095661
Iteration 88: R^2 = 0.942320951355, ICC = 0.97154233598
Iteration 89: R^2 = 0.942861516243, ICC = 0.970774582755
Iteration 90: R^2 = 0.9340700744, ICC = 0.967341545023
Iteration 91: R^2 = 0.932102461067, ICC = 0.965630297161
Iteration 92: R^2 = 0.935220181543, ICC = 0.966755469107
Iteration 93: R^2 = 0.942663509123, ICC = 0.971682365482
Iteration 94: R^2 = 0.91617840015, ICC = 0.958637780115
Iteration 95: R^2 = 0.937719596463, ICC = 0.969362678709
Iteration 96: R^2 = 0.938240284983, ICC = 0.969813521624
Iteration 97: R^2 = 0.936535803241, ICC = 0.966773824642
Iteration 98: R^2 = 0.941305466071, ICC = 0.971252017317
Iteration 99: R^2 = 0.893387717232, ICC = 0.948513396617
R Squared list shape: (100,)
ICC list shape: (100,)
