Running abide_motion_wrapper_JAL.py
Fri Sep 23 12:23:02 EDT 2016
Iteration 0: R^2 = 0.780078952561, ICC = 0.894881577421
Iteration 1: R^2 = 0.745918714891, ICC = 0.867339245569
Iteration 2: R^2 = 0.806238163387, ICC = 0.900436666048
Iteration 3: R^2 = 0.776761271073, ICC = 0.891192568275
Iteration 4: R^2 = 0.788756343909, ICC = 0.884720702998
Iteration 5: R^2 = 0.806855066684, ICC = 0.903677736185
Iteration 6: R^2 = 0.842917243525, ICC = 0.92147302773
Iteration 7: R^2 = 0.707550762954, ICC = 0.865193891446
Iteration 8: R^2 = 0.765180220882, ICC = 0.882773222003
Iteration 9: R^2 = 0.776176616408, ICC = 0.88702948556
Iteration 10: R^2 = 0.696063358027, ICC = 0.861653094285
Iteration 11: R^2 = 0.571174311767, ICC = 0.770954658412
Iteration 12: R^2 = 0.78011477394, ICC = 0.887069564145
Iteration 13: R^2 = 0.727337000149, ICC = 0.879923595059
Iteration 14: R^2 = 0.683731010155, ICC = 0.852273018914
Iteration 15: R^2 = 0.80532491246, ICC = 0.903133969742
Iteration 16: R^2 = 0.784599767498, ICC = 0.891677682716
Iteration 17: R^2 = 0.724940823987, ICC = 0.860515829506
Iteration 18: R^2 = 0.796744153169, ICC = 0.899282998614
Iteration 19: R^2 = 0.771462601553, ICC = 0.884976324198
Iteration 20: R^2 = 0.586533222823, ICC = 0.814707424439
Iteration 21: R^2 = 0.754501065702, ICC = 0.88721450282
Iteration 22: R^2 = 0.837481662488, ICC = 0.924288785204
Iteration 23: R^2 = 0.782136938213, ICC = 0.892673866295
Iteration 24: R^2 = 0.777591008896, ICC = 0.886921443995
Iteration 25: R^2 = 0.626381762791, ICC = 0.827360626713
Iteration 26: R^2 = 0.819362073985, ICC = 0.908703182346
Iteration 27: R^2 = 0.834235517139, ICC = 0.918974081174
Iteration 28: R^2 = 0.561874831095, ICC = 0.771990777719
Iteration 29: R^2 = 0.730812865077, ICC = 0.862540299735
Iteration 30: R^2 = 0.807762455042, ICC = 0.901283057086
Iteration 31: R^2 = 0.798263154975, ICC = 0.900186791979
Iteration 32: R^2 = 0.787836475965, ICC = 0.890594318539
Iteration 33: R^2 = 0.757789996633, ICC = 0.877604235862
Iteration 34: R^2 = 0.616260266185, ICC = 0.80015529973
Iteration 35: R^2 = 0.707853208609, ICC = 0.849682149154
Iteration 36: R^2 = 0.725480700244, ICC = 0.859205470858
Iteration 37: R^2 = 0.709355173151, ICC = 0.854490636209
Iteration 38: R^2 = 0.741268283991, ICC = 0.874861070855
Iteration 39: R^2 = 0.833230003053, ICC = 0.918018390193
Iteration 40: R^2 = 0.782355741115, ICC = 0.886235825824
Iteration 41: R^2 = 0.769935704133, ICC = 0.88947906648
Iteration 42: R^2 = 0.282739304275, ICC = 0.625927242706
Iteration 43: R^2 = 0.766111040883, ICC = 0.88656697619
Iteration 44: R^2 = 0.781615999478, ICC = 0.898910258661
Iteration 45: R^2 = 0.717023786165, ICC = 0.85090450957
Iteration 46: R^2 = 0.798470086344, ICC = 0.897890591783
Iteration 47: R^2 = 0.733399458473, ICC = 0.877189972135
Iteration 48: R^2 = 0.791113044731, ICC = 0.897501823638
Iteration 49: R^2 = 0.815583128091, ICC = 0.905664363904
Iteration 50: R^2 = 0.751311620442, ICC = 0.882770264894
Iteration 51: R^2 = 0.802726627992, ICC = 0.897615813266
Iteration 52: R^2 = 0.739045048007, ICC = 0.878463165632
Iteration 53: R^2 = 0.767598027856, ICC = 0.892315776302
Iteration 54: R^2 = 0.735607903047, ICC = 0.875373816021
Iteration 55: R^2 = 0.677152028011, ICC = 0.859759030704
Iteration 56: R^2 = 0.774617356476, ICC = 0.888470196146
Iteration 57: R^2 = 0.716846727213, ICC = 0.86164334061
Iteration 58: R^2 = 0.776612899778, ICC = 0.893670335472
Iteration 59: R^2 = 0.68905879343, ICC = 0.835043238173
Iteration 60: R^2 = 0.751262040451, ICC = 0.882111751849
Iteration 61: R^2 = 0.816868156772, ICC = 0.902888599838
Iteration 62: R^2 = 0.763933409622, ICC = 0.871650319686
Iteration 63: R^2 = 0.763003342954, ICC = 0.88539644692
Iteration 64: R^2 = 0.756897114008, ICC = 0.878066657749
Iteration 65: R^2 = 0.784289543444, ICC = 0.887707047407
Iteration 66: R^2 = 0.716982383662, ICC = 0.872571800666
Iteration 67: R^2 = 0.754353814381, ICC = 0.877770619556
Iteration 68: R^2 = 0.587555008893, ICC = 0.785922572162
Iteration 69: R^2 = 0.784912613566, ICC = 0.894626981442
Iteration 70: R^2 = 0.648060639868, ICC = 0.809497744997
Iteration 71: R^2 = 0.806164235877, ICC = 0.906337472971
Iteration 72: R^2 = 0.30463430174, ICC = 0.706516417316
Iteration 73: R^2 = 0.670134856411, ICC = 0.845456969252
Iteration 74: R^2 = 0.803402499146, ICC = 0.906065407439
Iteration 75: R^2 = 0.654373074918, ICC = 0.853526007187
Iteration 76: R^2 = 0.763511302244, ICC = 0.887174280177
Iteration 77: R^2 = 0.624679483266, ICC = 0.82677777154
Iteration 78: R^2 = 0.710335889675, ICC = 0.842384929358
Iteration 79: R^2 = 0.739476061478, ICC = 0.858242735314
Iteration 80: R^2 = 0.763101207638, ICC = 0.881558703983
Iteration 81: R^2 = 0.743599851199, ICC = 0.879706346376
Iteration 82: R^2 = 0.776000561759, ICC = 0.887298203466
Iteration 83: R^2 = 0.658267329864, ICC = 0.836612660294
Iteration 84: R^2 = 0.762339961606, ICC = 0.876641664366
Iteration 85: R^2 = 0.756997359772, ICC = 0.878659912852
Iteration 86: R^2 = 0.803397054514, ICC = 0.90572571455
Iteration 87: R^2 = 0.738210475649, ICC = 0.867321379451
Iteration 88: R^2 = 0.500049713538, ICC = 0.752475268437
Iteration 89: R^2 = 0.739638084347, ICC = 0.881396827821
Iteration 90: R^2 = 0.714474209474, ICC = 0.868180615473
Iteration 91: R^2 = 0.66885674497, ICC = 0.829318252236
Iteration 92: R^2 = 0.738141300831, ICC = 0.875183591198
Iteration 93: R^2 = 0.299748277025, ICC = 0.709757523724
Iteration 94: R^2 = 0.79270012368, ICC = 0.890829301586
Iteration 95: R^2 = 0.722811691523, ICC = 0.880634840931
Iteration 96: R^2 = 0.706938996002, ICC = 0.850970285831
Iteration 97: R^2 = 0.812257067008, ICC = 0.905971708205
Iteration 98: R^2 = 0.624796593174, ICC = 0.829259826938
Iteration 99: R^2 = 0.795643114209, ICC = 0.891544806631
R Squared list shape: (100,)
ICC list shape: (100,)
