Running abide_motion_wrapper_JAL.py
Fri Sep 23 12:25:20 EDT 2016
Iteration 0: R^2 = 0.952148254806, ICC = 0.976044281833
Iteration 1: R^2 = 0.959366226917, ICC = 0.980201180454
Iteration 2: R^2 = 0.957907995, ICC = 0.979624698678
Iteration 3: R^2 = 0.965041862835, ICC = 0.982501377271
Iteration 4: R^2 = 0.92758357193, ICC = 0.962746549699
Iteration 5: R^2 = 0.968563668372, ICC = 0.984327515399
Iteration 6: R^2 = 0.962807524554, ICC = 0.98142143339
Iteration 7: R^2 = 0.971557928214, ICC = 0.98581273842
Iteration 8: R^2 = 0.964869010636, ICC = 0.982563989633
Iteration 9: R^2 = 0.961251041871, ICC = 0.980819905169
Iteration 10: R^2 = 0.969407663239, ICC = 0.984626536533
Iteration 11: R^2 = 0.937524064791, ICC = 0.969033187498
Iteration 12: R^2 = 0.962903539748, ICC = 0.981770076016
Iteration 13: R^2 = 0.972628404113, ICC = 0.986461321668
Iteration 14: R^2 = 0.966867450024, ICC = 0.983713944355
Iteration 15: R^2 = 0.967554558075, ICC = 0.983911867872
Iteration 16: R^2 = 0.955206603155, ICC = 0.977323903104
Iteration 17: R^2 = 0.971342552647, ICC = 0.985966710587
Iteration 18: R^2 = 0.955314577931, ICC = 0.977633940116
Iteration 19: R^2 = 0.959573661465, ICC = 0.979854177701
Iteration 20: R^2 = 0.963366063761, ICC = 0.981443242223
Iteration 21: R^2 = 0.965477620942, ICC = 0.982623668599
Iteration 22: R^2 = 0.963106744878, ICC = 0.982102154132
Iteration 23: R^2 = 0.929034416852, ICC = 0.962756377853
Iteration 24: R^2 = 0.922593694932, ICC = 0.959736920959
Iteration 25: R^2 = 0.939692879541, ICC = 0.969679806931
Iteration 26: R^2 = 0.932447493679, ICC = 0.967440898958
Iteration 27: R^2 = 0.965193804702, ICC = 0.983223062025
Iteration 28: R^2 = 0.969510552605, ICC = 0.984871164652
Iteration 29: R^2 = 0.957110705511, ICC = 0.978743882698
Iteration 30: R^2 = 0.90990703348, ICC = 0.955332762447
Iteration 31: R^2 = 0.967709588763, ICC = 0.983766382597
Iteration 32: R^2 = 0.965414847241, ICC = 0.983031737496
Iteration 33: R^2 = 0.965068402526, ICC = 0.982406526936
Iteration 34: R^2 = 0.967797785521, ICC = 0.984241234236
Iteration 35: R^2 = 0.923474489966, ICC = 0.960613420832
Iteration 36: R^2 = 0.966902031456, ICC = 0.983832411208
Iteration 37: R^2 = 0.967744887431, ICC = 0.983727657122
Iteration 38: R^2 = 0.970508574635, ICC = 0.985456649709
Iteration 39: R^2 = 0.933423883554, ICC = 0.968026766233
Iteration 40: R^2 = 0.956825398355, ICC = 0.978675852007
Iteration 41: R^2 = 0.957325580085, ICC = 0.979256344893
Iteration 42: R^2 = 0.961617863438, ICC = 0.981058903478
Iteration 43: R^2 = 0.964221487367, ICC = 0.982271150243
Iteration 44: R^2 = 0.932442187522, ICC = 0.967881059278
Iteration 45: R^2 = 0.96356152664, ICC = 0.982284733271
Iteration 46: R^2 = 0.963766933921, ICC = 0.981616726276
Iteration 47: R^2 = 0.957695504508, ICC = 0.978901529817
Iteration 48: R^2 = 0.966518605042, ICC = 0.983109043172
Iteration 49: R^2 = 0.964302484935, ICC = 0.982045826282
Iteration 50: R^2 = 0.962205555892, ICC = 0.981321894513
Iteration 51: R^2 = 0.965270064047, ICC = 0.983166259096
Iteration 52: R^2 = 0.972013835501, ICC = 0.9861536884
Iteration 53: R^2 = 0.919472169572, ICC = 0.957286008354
Iteration 54: R^2 = 0.952133343518, ICC = 0.975300452131
Iteration 55: R^2 = 0.968300577502, ICC = 0.984426707794
Iteration 56: R^2 = 0.941381788469, ICC = 0.971507134677
Iteration 57: R^2 = 0.90988802188, ICC = 0.953474810277
Iteration 58: R^2 = 0.966033038634, ICC = 0.982910676244
Iteration 59: R^2 = 0.966441989844, ICC = 0.983863413754
Iteration 60: R^2 = 0.959528152581, ICC = 0.980429572038
Iteration 61: R^2 = 0.929901601867, ICC = 0.966165708631
Iteration 62: R^2 = 0.962550677685, ICC = 0.981402799186
Iteration 63: R^2 = 0.965961900343, ICC = 0.983218436377
Iteration 64: R^2 = 0.944232477209, ICC = 0.972186039154
Iteration 65: R^2 = 0.950739938005, ICC = 0.973769305543
Iteration 66: R^2 = 0.967352852993, ICC = 0.983737341217
Iteration 67: R^2 = 0.968396486001, ICC = 0.983800848168
Iteration 68: R^2 = 0.961813238302, ICC = 0.981246130417
Iteration 69: R^2 = 0.959302223725, ICC = 0.979530223163
Iteration 70: R^2 = 0.947676483543, ICC = 0.973413227925
Iteration 71: R^2 = 0.971874219039, ICC = 0.986157493987
Iteration 72: R^2 = 0.962303226027, ICC = 0.980719908205
Iteration 73: R^2 = 0.961179144607, ICC = 0.980271723658
Iteration 74: R^2 = 0.960230708133, ICC = 0.980054590138
Iteration 75: R^2 = 0.965945904393, ICC = 0.983402709383
Iteration 76: R^2 = 0.962910252197, ICC = 0.981843772632
Iteration 77: R^2 = 0.97032778585, ICC = 0.984583118579
Iteration 78: R^2 = 0.955127176311, ICC = 0.977857943974
Iteration 79: R^2 = 0.958079040764, ICC = 0.978690408365
Iteration 80: R^2 = 0.96516144732, ICC = 0.982602936291
Iteration 81: R^2 = 0.95802533646, ICC = 0.979526019763
Iteration 82: R^2 = 0.947409354407, ICC = 0.973471411544
Iteration 83: R^2 = 0.966031410713, ICC = 0.983101724936
Iteration 84: R^2 = 0.913902310168, ICC = 0.958057018781
Iteration 85: R^2 = 0.966343159218, ICC = 0.983178018808
Iteration 86: R^2 = 0.954458135596, ICC = 0.976760331159
Iteration 87: R^2 = 0.968955812617, ICC = 0.984256844695
Iteration 88: R^2 = 0.943164042061, ICC = 0.972880785002
Iteration 89: R^2 = 0.964348150726, ICC = 0.982705215707
Iteration 90: R^2 = 0.934166731248, ICC = 0.966750512806
Iteration 91: R^2 = 0.965863208185, ICC = 0.982901956452
Iteration 92: R^2 = 0.937274810441, ICC = 0.969313406026
Iteration 93: R^2 = 0.963362809468, ICC = 0.982304830131
Iteration 94: R^2 = 0.917064616055, ICC = 0.957967032855
Iteration 95: R^2 = 0.971957670648, ICC = 0.98606832729
Iteration 96: R^2 = 0.955881782413, ICC = 0.977732315384
Iteration 97: R^2 = 0.960960028858, ICC = 0.980542332791
Iteration 98: R^2 = 0.956314995003, ICC = 0.978259782828
Iteration 99: R^2 = 0.967924207501, ICC = 0.983690432162
R Squared list shape: (100,)
ICC list shape: (100,)
