Running abide_motion_wrapper_JAL.py
Fri Sep 23 12:24:37 EDT 2016
Iteration 0: R^2 = 0.835078516888, ICC = 0.914717905377
Iteration 1: R^2 = 0.887180574509, ICC = 0.944133238222
Iteration 2: R^2 = 0.892428767752, ICC = 0.947173280258
Iteration 3: R^2 = 0.88700574693, ICC = 0.943256841363
Iteration 4: R^2 = 0.853204233387, ICC = 0.93082240541
Iteration 5: R^2 = 0.841984645969, ICC = 0.918446363725
Iteration 6: R^2 = 0.84405223877, ICC = 0.918520940903
Iteration 7: R^2 = 0.890182372491, ICC = 0.946314804893
Iteration 8: R^2 = 0.892622886573, ICC = 0.94477605277
Iteration 9: R^2 = 0.869393788588, ICC = 0.930402071393
Iteration 10: R^2 = 0.912572378868, ICC = 0.955498170721
Iteration 11: R^2 = 0.706184502444, ICC = 0.85465328793
Iteration 12: R^2 = 0.90351441469, ICC = 0.951528985697
Iteration 13: R^2 = 0.868494024229, ICC = 0.934290110921
Iteration 14: R^2 = 0.870933914708, ICC = 0.931397474396
Iteration 15: R^2 = 0.868149673991, ICC = 0.933454365586
Iteration 16: R^2 = 0.824113103111, ICC = 0.917255319936
Iteration 17: R^2 = 0.867324173602, ICC = 0.929594267702
Iteration 18: R^2 = 0.864722761862, ICC = 0.933588675055
Iteration 19: R^2 = 0.855398678346, ICC = 0.927623675936
Iteration 20: R^2 = 0.857790614459, ICC = 0.925384751823
Iteration 21: R^2 = 0.864312081502, ICC = 0.92817142048
Iteration 22: R^2 = 0.873848099709, ICC = 0.93502086722
Iteration 23: R^2 = 0.876969433309, ICC = 0.93768672306
Iteration 24: R^2 = 0.817990586735, ICC = 0.912294757111
Iteration 25: R^2 = 0.885347508999, ICC = 0.94107134237
Iteration 26: R^2 = 0.826791480235, ICC = 0.916274754362
Iteration 27: R^2 = 0.723202155865, ICC = 0.873087519935
Iteration 28: R^2 = 0.897774112308, ICC = 0.949180327709
Iteration 29: R^2 = 0.876075949111, ICC = 0.938069090286
Iteration 30: R^2 = 0.860042736075, ICC = 0.931403519155
Iteration 31: R^2 = 0.877587051777, ICC = 0.941667055169
Iteration 32: R^2 = 0.777526277975, ICC = 0.891978916251
Iteration 33: R^2 = 0.891016387593, ICC = 0.944923837965
Iteration 34: R^2 = 0.873846953632, ICC = 0.934805611801
Iteration 35: R^2 = 0.691950971785, ICC = 0.857485381003
Iteration 36: R^2 = 0.875721316672, ICC = 0.937012186546
Iteration 37: R^2 = 0.843857350278, ICC = 0.920440556931
Iteration 38: R^2 = 0.891312938754, ICC = 0.946343880945
Iteration 39: R^2 = 0.890931632762, ICC = 0.944355098054
Iteration 40: R^2 = 0.906021358554, ICC = 0.952360763632
Iteration 41: R^2 = 0.807756187759, ICC = 0.908074978883
Iteration 42: R^2 = 0.765367788702, ICC = 0.89316955058
Iteration 43: R^2 = 0.891653141592, ICC = 0.943759175554
Iteration 44: R^2 = 0.809683475518, ICC = 0.913535121057
Iteration 45: R^2 = 0.649833071748, ICC = 0.827050266858
Iteration 46: R^2 = 0.852126126698, ICC = 0.923251048381
Iteration 47: R^2 = 0.886255408946, ICC = 0.943694132924
Iteration 48: R^2 = 0.907948334629, ICC = 0.953580440572
Iteration 49: R^2 = 0.841878662453, ICC = 0.925259138902
Iteration 50: R^2 = 0.835407472679, ICC = 0.921844603637
Iteration 51: R^2 = 0.76601996221, ICC = 0.888018679389
Iteration 52: R^2 = 0.884575045703, ICC = 0.943638816817
Iteration 53: R^2 = 0.863490477538, ICC = 0.935217563003
Iteration 54: R^2 = 0.81730586702, ICC = 0.914804355031
Iteration 55: R^2 = 0.861640146533, ICC = 0.930871761361
Iteration 56: R^2 = 0.891795561657, ICC = 0.945513531953
Iteration 57: R^2 = 0.89027491723, ICC = 0.945133301276
Iteration 58: R^2 = 0.888149777089, ICC = 0.943600179531
Iteration 59: R^2 = 0.880622251084, ICC = 0.939317107226
Iteration 60: R^2 = 0.850493289113, ICC = 0.928517179055
Iteration 61: R^2 = 0.88642524823, ICC = 0.942022088039
Iteration 62: R^2 = 0.858140982769, ICC = 0.929529154541
Iteration 63: R^2 = 0.887239412856, ICC = 0.943631078429
Iteration 64: R^2 = 0.883395099173, ICC = 0.940756950274
Iteration 65: R^2 = 0.824997594281, ICC = 0.911596848161
Iteration 66: R^2 = 0.888490367897, ICC = 0.944799974499
Iteration 67: R^2 = 0.842904878504, ICC = 0.921462972901
Iteration 68: R^2 = 0.882360172017, ICC = 0.939467057147
Iteration 69: R^2 = 0.873751997018, ICC = 0.94033364888
Iteration 70: R^2 = 0.864047130991, ICC = 0.934084483481
Iteration 71: R^2 = 0.877621868577, ICC = 0.939444559978
Iteration 72: R^2 = 0.833447376108, ICC = 0.91630860347
Iteration 73: R^2 = 0.743880133239, ICC = 0.875973479065
Iteration 74: R^2 = 0.879471580717, ICC = 0.940317713601
Iteration 75: R^2 = 0.883229064229, ICC = 0.940390826365
Iteration 76: R^2 = 0.816351205428, ICC = 0.907963485548
Iteration 77: R^2 = 0.857142290232, ICC = 0.928276590388
Iteration 78: R^2 = 0.905573820854, ICC = 0.952685373098
Iteration 79: R^2 = 0.911939981481, ICC = 0.954747699261
Iteration 80: R^2 = 0.853142204284, ICC = 0.927678873438
Iteration 81: R^2 = 0.850961540341, ICC = 0.921553956674
Iteration 82: R^2 = 0.87757391888, ICC = 0.940384035602
Iteration 83: R^2 = 0.891358313499, ICC = 0.946271453243
Iteration 84: R^2 = 0.896767807581, ICC = 0.947972032526
Iteration 85: R^2 = 0.850738401745, ICC = 0.931409482353
Iteration 86: R^2 = 0.878725472092, ICC = 0.939643364152
Iteration 87: R^2 = 0.843969507033, ICC = 0.924254196591
Iteration 88: R^2 = 0.702366894228, ICC = 0.869390250249
Iteration 89: R^2 = 0.862895554738, ICC = 0.928574963326
Iteration 90: R^2 = 0.707516713441, ICC = 0.866966169477
Iteration 91: R^2 = 0.874979108045, ICC = 0.938498150261
Iteration 92: R^2 = 0.885647863139, ICC = 0.943543047831
Iteration 93: R^2 = 0.817478385511, ICC = 0.905951938918
Iteration 94: R^2 = 0.856910563454, ICC = 0.924849438003
Iteration 95: R^2 = 0.883595695345, ICC = 0.938286722576
Iteration 96: R^2 = 0.799518968178, ICC = 0.906155100215
Iteration 97: R^2 = 0.874066067767, ICC = 0.939325626772
Iteration 98: R^2 = 0.839136194499, ICC = 0.925355658563
Iteration 99: R^2 = 0.859904162797, ICC = 0.932202816983
R Squared list shape: (100,)
ICC list shape: (100,)
