Running abide_motion_wrapper_JAL.py
Fri Sep 23 12:26:51 EDT 2016
Iteration 0: R^2 = 0.936625617392, ICC = 0.968568317409
Iteration 1: R^2 = 0.939776512216, ICC = 0.97150042696
Iteration 2: R^2 = 0.947020028002, ICC = 0.974739395437
Iteration 3: R^2 = 0.953252526494, ICC = 0.976226168646
Iteration 4: R^2 = 0.943189540873, ICC = 0.971951812275
Iteration 5: R^2 = 0.960104611021, ICC = 0.980617045054
Iteration 6: R^2 = 0.965749337131, ICC = 0.982799616713
Iteration 7: R^2 = 0.946160772725, ICC = 0.974035775628
Iteration 8: R^2 = 0.961745513157, ICC = 0.980998625088
Iteration 9: R^2 = 0.93572107925, ICC = 0.96766461934
Iteration 10: R^2 = 0.947203903548, ICC = 0.973157439657
Iteration 11: R^2 = 0.960717011643, ICC = 0.980650920492
Iteration 12: R^2 = 0.92897185331, ICC = 0.965701000902
Iteration 13: R^2 = 0.962599945027, ICC = 0.981086149655
Iteration 14: R^2 = 0.941866490157, ICC = 0.970536178179
Iteration 15: R^2 = 0.949706496415, ICC = 0.974902187057
Iteration 16: R^2 = 0.94102767285, ICC = 0.971576625074
Iteration 17: R^2 = 0.908331225517, ICC = 0.95141447585
Iteration 18: R^2 = 0.924538969227, ICC = 0.963760309307
Iteration 19: R^2 = 0.950028127954, ICC = 0.974544165911
Iteration 20: R^2 = 0.943188982877, ICC = 0.970991256439
Iteration 21: R^2 = 0.954500374884, ICC = 0.977534479458
Iteration 22: R^2 = 0.931819272844, ICC = 0.966858759322
Iteration 23: R^2 = 0.944433664106, ICC = 0.97279902258
Iteration 24: R^2 = 0.956818305938, ICC = 0.977195051988
Iteration 25: R^2 = 0.967286556698, ICC = 0.983914712086
Iteration 26: R^2 = 0.956725275349, ICC = 0.978792042959
Iteration 27: R^2 = 0.96034413564, ICC = 0.980271848561
Iteration 28: R^2 = 0.945611961591, ICC = 0.97227649239
Iteration 29: R^2 = 0.95708852709, ICC = 0.978661283181
Iteration 30: R^2 = 0.950036944082, ICC = 0.974226289823
Iteration 31: R^2 = 0.957174753448, ICC = 0.97817710821
Iteration 32: R^2 = 0.964099791472, ICC = 0.982018416853
Iteration 33: R^2 = 0.952857590535, ICC = 0.975851503068
Iteration 34: R^2 = 0.95673745411, ICC = 0.978297717261
Iteration 35: R^2 = 0.962639055166, ICC = 0.981839003719
Iteration 36: R^2 = 0.923897662435, ICC = 0.963317974324
Iteration 37: R^2 = 0.960941601296, ICC = 0.980737695945
Iteration 38: R^2 = 0.958138572237, ICC = 0.979704432637
Iteration 39: R^2 = 0.963045316375, ICC = 0.981736929065
Iteration 40: R^2 = 0.910251396054, ICC = 0.956886850872
Iteration 41: R^2 = 0.949729798084, ICC = 0.975546132402
Iteration 42: R^2 = 0.948175022734, ICC = 0.974039084876
Iteration 43: R^2 = 0.826271351725, ICC = 0.918950436355
Iteration 44: R^2 = 0.890369112108, ICC = 0.948404925441
Iteration 45: R^2 = 0.964888681961, ICC = 0.9820478227
Iteration 46: R^2 = 0.964228596046, ICC = 0.982065463814
Iteration 47: R^2 = 0.958760300371, ICC = 0.978688401608
Iteration 48: R^2 = 0.898934263939, ICC = 0.94744056647
Iteration 49: R^2 = 0.957716865165, ICC = 0.9795309185
Iteration 50: R^2 = 0.946498812083, ICC = 0.974854856671
Iteration 51: R^2 = 0.950184328422, ICC = 0.974262480131
Iteration 52: R^2 = 0.96409042064, ICC = 0.982098018486
Iteration 53: R^2 = 0.96273366011, ICC = 0.980640976294
Iteration 54: R^2 = 0.897743774723, ICC = 0.94846198994
Iteration 55: R^2 = 0.955764901988, ICC = 0.978872861968
Iteration 56: R^2 = 0.959999044297, ICC = 0.979924002553
Iteration 57: R^2 = 0.960802915703, ICC = 0.980887002697
Iteration 58: R^2 = 0.930616284331, ICC = 0.966866646589
Iteration 59: R^2 = 0.927155502713, ICC = 0.965196027882
Iteration 60: R^2 = 0.921579345616, ICC = 0.958632541538
Iteration 61: R^2 = 0.962986089063, ICC = 0.981166999984
Iteration 62: R^2 = 0.929259450299, ICC = 0.964502512461
Iteration 63: R^2 = 0.968349152559, ICC = 0.983312838614
Iteration 64: R^2 = 0.91120265, ICC = 0.955866758993
Iteration 65: R^2 = 0.95865313423, ICC = 0.979782605443
Iteration 66: R^2 = 0.962787841498, ICC = 0.981196514606
Iteration 67: R^2 = 0.961888946099, ICC = 0.980427517277
Iteration 68: R^2 = 0.941344697793, ICC = 0.97108012911
Iteration 69: R^2 = 0.954449314541, ICC = 0.977466326691
Iteration 70: R^2 = 0.964812011859, ICC = 0.982556491651
Iteration 71: R^2 = 0.947693400612, ICC = 0.973327209823
Iteration 72: R^2 = 0.959305056666, ICC = 0.980164615683
Iteration 73: R^2 = 0.96065665599, ICC = 0.980505210677
Iteration 74: R^2 = 0.953466415975, ICC = 0.976860040385
Iteration 75: R^2 = 0.959556859882, ICC = 0.980594239294
Iteration 76: R^2 = 0.940620332568, ICC = 0.972250505194
Iteration 77: R^2 = 0.945322509124, ICC = 0.972261523849
Iteration 78: R^2 = 0.90141055619, ICC = 0.951417517075
Iteration 79: R^2 = 0.955962255606, ICC = 0.977470743083
Iteration 80: R^2 = 0.966407870617, ICC = 0.983492158717
Iteration 81: R^2 = 0.960094524241, ICC = 0.980424369456
Iteration 82: R^2 = 0.958569271618, ICC = 0.979507426007
Iteration 83: R^2 = 0.924006030311, ICC = 0.964658113279
Iteration 84: R^2 = 0.96331111313, ICC = 0.981093519603
Iteration 85: R^2 = 0.942334377174, ICC = 0.971157837704
Iteration 86: R^2 = 0.96149174686, ICC = 0.980304283588
Iteration 87: R^2 = 0.916329661398, ICC = 0.95660313252
Iteration 88: R^2 = 0.951569583495, ICC = 0.97560446337
Iteration 89: R^2 = 0.955297033887, ICC = 0.9780270099
Iteration 90: R^2 = 0.9514941091, ICC = 0.975666503985
Iteration 91: R^2 = 0.933333962291, ICC = 0.966053637908
Iteration 92: R^2 = 0.950267381598, ICC = 0.975218658479
Iteration 93: R^2 = 0.937056161534, ICC = 0.969902851724
Iteration 94: R^2 = 0.961862451784, ICC = 0.981243397819
Iteration 95: R^2 = 0.957451489729, ICC = 0.978898052313
Iteration 96: R^2 = 0.967657786533, ICC = 0.98373403511
Iteration 97: R^2 = 0.949230868574, ICC = 0.97385925419
Iteration 98: R^2 = 0.959977953344, ICC = 0.9798652024
Iteration 99: R^2 = 0.953931557414, ICC = 0.977219794452
R Squared list shape: (100,)
ICC list shape: (100,)
