Running abide_motion_wrapper_JAL.py
Fri Sep 23 12:26:51 EDT 2016
Iteration 0: R^2 = 0.975472390644, ICC = 0.98751702645
Iteration 1: R^2 = 0.972769046502, ICC = 0.986794906876
Iteration 2: R^2 = 0.967139648152, ICC = 0.983816802067
Iteration 3: R^2 = 0.97768423477, ICC = 0.988866357019
Iteration 4: R^2 = 0.973760347546, ICC = 0.986998438982
Iteration 5: R^2 = 0.973988554639, ICC = 0.986842502137
Iteration 6: R^2 = 0.958721609429, ICC = 0.979369015156
Iteration 7: R^2 = 0.968528179237, ICC = 0.984373089599
Iteration 8: R^2 = 0.9781899838, ICC = 0.989058489502
Iteration 9: R^2 = 0.973470188265, ICC = 0.986840948923
Iteration 10: R^2 = 0.974239308828, ICC = 0.986788376035
Iteration 11: R^2 = 0.951408649452, ICC = 0.975703071684
Iteration 12: R^2 = 0.977240218217, ICC = 0.988387143308
Iteration 13: R^2 = 0.972996294546, ICC = 0.986874337847
Iteration 14: R^2 = 0.972323948474, ICC = 0.986233340394
Iteration 15: R^2 = 0.973866827748, ICC = 0.98695730844
Iteration 16: R^2 = 0.974116741701, ICC = 0.98735556531
Iteration 17: R^2 = 0.976752930298, ICC = 0.988696271301
Iteration 18: R^2 = 0.974698000605, ICC = 0.987194187388
Iteration 19: R^2 = 0.972903298583, ICC = 0.98644644406
Iteration 20: R^2 = 0.976559406968, ICC = 0.988404867022
Iteration 21: R^2 = 0.979336286871, ICC = 0.989709276429
Iteration 22: R^2 = 0.974679555038, ICC = 0.987226976765
Iteration 23: R^2 = 0.978143195877, ICC = 0.988960188473
Iteration 24: R^2 = 0.976299797684, ICC = 0.988459262142
Iteration 25: R^2 = 0.976596839162, ICC = 0.988432593733
Iteration 26: R^2 = 0.973116114724, ICC = 0.986236313532
Iteration 27: R^2 = 0.970649067792, ICC = 0.985363146703
Iteration 28: R^2 = 0.961288644984, ICC = 0.981286117551
Iteration 29: R^2 = 0.971648182246, ICC = 0.985693490071
Iteration 30: R^2 = 0.928232827443, ICC = 0.963533910793
Iteration 31: R^2 = 0.945571502363, ICC = 0.972016111877
Iteration 32: R^2 = 0.971343750542, ICC = 0.985240784998
Iteration 33: R^2 = 0.970091435281, ICC = 0.984946746665
Iteration 34: R^2 = 0.973803986068, ICC = 0.98672915043
Iteration 35: R^2 = 0.97224614318, ICC = 0.98589469053
Iteration 36: R^2 = 0.97536379347, ICC = 0.987539463372
Iteration 37: R^2 = 0.956773662365, ICC = 0.978352322589
Iteration 38: R^2 = 0.964507014725, ICC = 0.982420765421
Iteration 39: R^2 = 0.977851794227, ICC = 0.98881615879
Iteration 40: R^2 = 0.979812903901, ICC = 0.98977893713
Iteration 41: R^2 = 0.973708351847, ICC = 0.986622010732
Iteration 42: R^2 = 0.975980838306, ICC = 0.988073865851
Iteration 43: R^2 = 0.976153302135, ICC = 0.987905557145
Iteration 44: R^2 = 0.975677126856, ICC = 0.987579761642
Iteration 45: R^2 = 0.963759446097, ICC = 0.98205500602
Iteration 46: R^2 = 0.965350085347, ICC = 0.982662419958
Iteration 47: R^2 = 0.980739365975, ICC = 0.990235202067
Iteration 48: R^2 = 0.96963979937, ICC = 0.984846674677
Iteration 49: R^2 = 0.968904012921, ICC = 0.984065753656
Iteration 50: R^2 = 0.979017459612, ICC = 0.989545764688
Iteration 51: R^2 = 0.971631085827, ICC = 0.986087958831
Iteration 52: R^2 = 0.973058372408, ICC = 0.986490656174
Iteration 53: R^2 = 0.980136273014, ICC = 0.989877011101
Iteration 54: R^2 = 0.976493433847, ICC = 0.988232225875
Iteration 55: R^2 = 0.970908064297, ICC = 0.985494346561
Iteration 56: R^2 = 0.969932233309, ICC = 0.985128948371
Iteration 57: R^2 = 0.969187543312, ICC = 0.984809103753
Iteration 58: R^2 = 0.972148642791, ICC = 0.986336487563
Iteration 59: R^2 = 0.969145496688, ICC = 0.984657610166
Iteration 60: R^2 = 0.973478480149, ICC = 0.986159886498
Iteration 61: R^2 = 0.977495384319, ICC = 0.988834600558
Iteration 62: R^2 = 0.97219564846, ICC = 0.985778294453
Iteration 63: R^2 = 0.976913606165, ICC = 0.988382513314
Iteration 64: R^2 = 0.962117870742, ICC = 0.980887295337
Iteration 65: R^2 = 0.944351146084, ICC = 0.972108022442
Iteration 66: R^2 = 0.978232918335, ICC = 0.989017164011
Iteration 67: R^2 = 0.968121896807, ICC = 0.984408678628
Iteration 68: R^2 = 0.972868081864, ICC = 0.986621011273
Iteration 69: R^2 = 0.976419681188, ICC = 0.987890745132
Iteration 70: R^2 = 0.930992573246, ICC = 0.967265227687
Iteration 71: R^2 = 0.976597393791, ICC = 0.988252802385
Iteration 72: R^2 = 0.949344865354, ICC = 0.974342116491
Iteration 73: R^2 = 0.974593944009, ICC = 0.987424477672
Iteration 74: R^2 = 0.958802175573, ICC = 0.97943985319
Iteration 75: R^2 = 0.975170431663, ICC = 0.987553728396
Iteration 76: R^2 = 0.964886252678, ICC = 0.982726431318
Iteration 77: R^2 = 0.976833556582, ICC = 0.988601623634
Iteration 78: R^2 = 0.96667068044, ICC = 0.983313633363
Iteration 79: R^2 = 0.972810981452, ICC = 0.986306203519
Iteration 80: R^2 = 0.974207006892, ICC = 0.986507334857
Iteration 81: R^2 = 0.973808679365, ICC = 0.986667231861
Iteration 82: R^2 = 0.966668243837, ICC = 0.983268956386
Iteration 83: R^2 = 0.960470730112, ICC = 0.980724751874
Iteration 84: R^2 = 0.905951827338, ICC = 0.954954858045
Iteration 85: R^2 = 0.944845204324, ICC = 0.972173087299
Iteration 86: R^2 = 0.975917996516, ICC = 0.987863747148
Iteration 87: R^2 = 0.979589487157, ICC = 0.989646499052
Iteration 88: R^2 = 0.967783370667, ICC = 0.983980385615
Iteration 89: R^2 = 0.971899201061, ICC = 0.985520082337
Iteration 90: R^2 = 0.978421226449, ICC = 0.989024865233
Iteration 91: R^2 = 0.973509785313, ICC = 0.986779002742
Iteration 92: R^2 = 0.97725540279, ICC = 0.988804998883
Iteration 93: R^2 = 0.972793225865, ICC = 0.986682337876
Iteration 94: R^2 = 0.974941749954, ICC = 0.987717215056
Iteration 95: R^2 = 0.965284236654, ICC = 0.983213745265
Iteration 96: R^2 = 0.95186371409, ICC = 0.976482034893
Iteration 97: R^2 = 0.975000426135, ICC = 0.987730758778
Iteration 98: R^2 = 0.972062173361, ICC = 0.986004016977
Iteration 99: R^2 = 0.974713711099, ICC = 0.987525279037
R Squared list shape: (100,)
ICC list shape: (100,)
