Running abide_motion_wrapper_JAL.py
Fri Sep 23 12:25:20 EDT 2016
Iteration 0: R^2 = 0.855777454579, ICC = 0.921341254043
Iteration 1: R^2 = 0.87296926938, ICC = 0.935384360937
Iteration 2: R^2 = 0.877859113994, ICC = 0.939666924531
Iteration 3: R^2 = 0.878861564587, ICC = 0.940643231778
Iteration 4: R^2 = 0.904562169741, ICC = 0.953579113112
Iteration 5: R^2 = 0.915541258385, ICC = 0.957158394522
Iteration 6: R^2 = 0.926853153855, ICC = 0.964732209431
Iteration 7: R^2 = 0.926646739979, ICC = 0.962490806663
Iteration 8: R^2 = 0.929508569339, ICC = 0.963926416548
Iteration 9: R^2 = 0.873660626836, ICC = 0.937928001151
Iteration 10: R^2 = 0.893266865437, ICC = 0.949349625455
Iteration 11: R^2 = 0.893151891247, ICC = 0.946420757793
Iteration 12: R^2 = 0.907648636325, ICC = 0.952078609466
Iteration 13: R^2 = 0.905100103467, ICC = 0.95052035088
Iteration 14: R^2 = 0.910582970691, ICC = 0.955839966597
Iteration 15: R^2 = 0.923140556921, ICC = 0.962922117035
Iteration 16: R^2 = 0.882288275338, ICC = 0.940722949537
Iteration 17: R^2 = 0.909314722172, ICC = 0.956953518657
Iteration 18: R^2 = 0.92630714148, ICC = 0.963061419747
Iteration 19: R^2 = 0.902604047139, ICC = 0.948674239533
Iteration 20: R^2 = 0.867364798417, ICC = 0.930138485627
Iteration 21: R^2 = 0.928117117842, ICC = 0.963754430424
Iteration 22: R^2 = 0.905077248846, ICC = 0.953097440724
Iteration 23: R^2 = 0.82919155383, ICC = 0.917650081074
Iteration 24: R^2 = 0.940496088781, ICC = 0.970225703193
Iteration 25: R^2 = 0.838224749913, ICC = 0.919584915931
Iteration 26: R^2 = 0.85882835644, ICC = 0.933672507111
Iteration 27: R^2 = 0.911912191589, ICC = 0.956499461078
Iteration 28: R^2 = 0.870000442702, ICC = 0.934649547928
Iteration 29: R^2 = 0.896637027519, ICC = 0.950447785107
Iteration 30: R^2 = 0.91251320824, ICC = 0.955604506809
Iteration 31: R^2 = 0.933727993383, ICC = 0.966684484171
Iteration 32: R^2 = 0.918031998964, ICC = 0.9574797334
Iteration 33: R^2 = 0.921247775753, ICC = 0.962586548281
Iteration 34: R^2 = 0.913876638481, ICC = 0.955548765591
Iteration 35: R^2 = 0.893932097881, ICC = 0.946885144598
Iteration 36: R^2 = 0.837330612272, ICC = 0.921532807481
Iteration 37: R^2 = 0.875525652564, ICC = 0.935524478088
Iteration 38: R^2 = 0.872531687574, ICC = 0.938778186974
Iteration 39: R^2 = 0.886602782813, ICC = 0.945788679638
Iteration 40: R^2 = 0.92543452404, ICC = 0.961556948121
Iteration 41: R^2 = 0.89654366288, ICC = 0.948465523388
Iteration 42: R^2 = 0.897571986509, ICC = 0.947823232908
Iteration 43: R^2 = 0.943256144937, ICC = 0.971734671516
Iteration 44: R^2 = 0.915918708935, ICC = 0.956886958531
Iteration 45: R^2 = 0.876332012249, ICC = 0.936687278677
Iteration 46: R^2 = 0.933449288664, ICC = 0.96731737676
Iteration 47: R^2 = 0.934925276089, ICC = 0.966084522209
Iteration 48: R^2 = 0.903132128704, ICC = 0.950150795175
Iteration 49: R^2 = 0.907722289095, ICC = 0.954967884032
Iteration 50: R^2 = 0.863352136954, ICC = 0.935953489903
Iteration 51: R^2 = 0.87391606874, ICC = 0.936077952669
Iteration 52: R^2 = 0.912420887523, ICC = 0.956137792193
Iteration 53: R^2 = 0.845402511301, ICC = 0.921720574225
Iteration 54: R^2 = 0.913389706853, ICC = 0.953476949182
Iteration 55: R^2 = 0.91714967258, ICC = 0.958335846355
Iteration 56: R^2 = 0.9111804047, ICC = 0.955419906285
Iteration 57: R^2 = 0.892672002136, ICC = 0.947067639847
Iteration 58: R^2 = 0.932438058131, ICC = 0.967092044548
Iteration 59: R^2 = 0.891942980543, ICC = 0.945375994932
Iteration 60: R^2 = 0.925599830665, ICC = 0.963326318303
Iteration 61: R^2 = 0.936384598562, ICC = 0.967822185786
Iteration 62: R^2 = 0.925656987685, ICC = 0.962816079028
Iteration 63: R^2 = 0.869818819433, ICC = 0.934307552645
Iteration 64: R^2 = 0.92215314212, ICC = 0.960913427438
Iteration 65: R^2 = 0.910416941383, ICC = 0.956503272617
Iteration 66: R^2 = 0.929648273037, ICC = 0.966570219416
Iteration 67: R^2 = 0.907025496366, ICC = 0.954976261779
Iteration 68: R^2 = 0.914983503264, ICC = 0.957047891322
Iteration 69: R^2 = 0.900040826919, ICC = 0.946491331378
Iteration 70: R^2 = 0.82828640501, ICC = 0.918397010158
Iteration 71: R^2 = 0.907082952663, ICC = 0.949979928732
Iteration 72: R^2 = 0.852039103191, ICC = 0.927852120635
Iteration 73: R^2 = 0.89323206395, ICC = 0.94912187782
Iteration 74: R^2 = 0.824512072973, ICC = 0.916320914871
Iteration 75: R^2 = 0.856261750711, ICC = 0.930291882183
Iteration 76: R^2 = 0.920473194013, ICC = 0.960084645095
Iteration 77: R^2 = 0.930111633236, ICC = 0.963840419311
Iteration 78: R^2 = 0.85529779297, ICC = 0.933044773255
Iteration 79: R^2 = 0.908806174425, ICC = 0.954003126
Iteration 80: R^2 = 0.878932465483, ICC = 0.943797522123
Iteration 81: R^2 = 0.928997919609, ICC = 0.963160369811
Iteration 82: R^2 = 0.817881764203, ICC = 0.913746778198
Iteration 83: R^2 = 0.92785102982, ICC = 0.96547874447
Iteration 84: R^2 = 0.840676473192, ICC = 0.927210484395
Iteration 85: R^2 = 0.921572470084, ICC = 0.957762890878
Iteration 86: R^2 = 0.903588383563, ICC = 0.949982524923
Iteration 87: R^2 = 0.933256293944, ICC = 0.967430603306
Iteration 88: R^2 = 0.915370058289, ICC = 0.956840639922
Iteration 89: R^2 = 0.933002820548, ICC = 0.966031892431
Iteration 90: R^2 = 0.900328519024, ICC = 0.952256856264
Iteration 91: R^2 = 0.92557487709, ICC = 0.96282773713
Iteration 92: R^2 = 0.872777190841, ICC = 0.938753230922
Iteration 93: R^2 = 0.913193242603, ICC = 0.956329959273
Iteration 94: R^2 = 0.924292489085, ICC = 0.960977192325
Iteration 95: R^2 = 0.916762932185, ICC = 0.958324947592
Iteration 96: R^2 = 0.89987017051, ICC = 0.949632052429
Iteration 97: R^2 = 0.929901024827, ICC = 0.965095869996
Iteration 98: R^2 = 0.91821100699, ICC = 0.957813925234
Iteration 99: R^2 = 0.901370967845, ICC = 0.951803913109
R Squared list shape: (100,)
ICC list shape: (100,)
