Running abide_motion_wrapper_JAL.py
Fri Sep 23 12:24:37 EDT 2016
Iteration 0: R^2 = 0.93416436882, ICC = 0.967625087354
Iteration 1: R^2 = 0.913817963482, ICC = 0.958510187305
Iteration 2: R^2 = 0.917229831996, ICC = 0.961375771787
Iteration 3: R^2 = 0.958289153811, ICC = 0.978920453115
Iteration 4: R^2 = 0.955325550322, ICC = 0.978119346649
Iteration 5: R^2 = 0.955661828292, ICC = 0.977603285719
Iteration 6: R^2 = 0.952685324921, ICC = 0.976174035932
Iteration 7: R^2 = 0.935945439608, ICC = 0.968218364946
Iteration 8: R^2 = 0.95905659562, ICC = 0.97912940637
Iteration 9: R^2 = 0.962796640019, ICC = 0.981693017992
Iteration 10: R^2 = 0.921969424034, ICC = 0.961704003279
Iteration 11: R^2 = 0.948885248561, ICC = 0.974468685593
Iteration 12: R^2 = 0.954925296724, ICC = 0.977030126368
Iteration 13: R^2 = 0.949237478341, ICC = 0.973934436495
Iteration 14: R^2 = 0.95360463508, ICC = 0.976404674125
Iteration 15: R^2 = 0.932587595822, ICC = 0.965968296887
Iteration 16: R^2 = 0.943090501226, ICC = 0.972462440508
Iteration 17: R^2 = 0.945209205166, ICC = 0.971934306816
Iteration 18: R^2 = 0.954078257105, ICC = 0.977024217676
Iteration 19: R^2 = 0.949928128225, ICC = 0.974744033373
Iteration 20: R^2 = 0.894099684067, ICC = 0.945167854811
Iteration 21: R^2 = 0.94644568328, ICC = 0.973660981061
Iteration 22: R^2 = 0.916200521143, ICC = 0.959080109322
Iteration 23: R^2 = 0.903757468275, ICC = 0.954430801338
Iteration 24: R^2 = 0.943190306382, ICC = 0.971858270081
Iteration 25: R^2 = 0.939485251906, ICC = 0.969662675226
Iteration 26: R^2 = 0.937829415497, ICC = 0.967646388051
Iteration 27: R^2 = 0.943151418845, ICC = 0.971844551105
Iteration 28: R^2 = 0.939913735869, ICC = 0.970438404406
Iteration 29: R^2 = 0.9418071819, ICC = 0.97120949391
Iteration 30: R^2 = 0.925502979104, ICC = 0.963960901427
Iteration 31: R^2 = 0.946698551999, ICC = 0.9730627182
Iteration 32: R^2 = 0.930173763254, ICC = 0.964048906308
Iteration 33: R^2 = 0.950898644055, ICC = 0.976000753984
Iteration 34: R^2 = 0.952540933547, ICC = 0.976350356682
Iteration 35: R^2 = 0.929375213274, ICC = 0.963669330476
Iteration 36: R^2 = 0.902806063939, ICC = 0.953644743287
Iteration 37: R^2 = 0.93157584211, ICC = 0.967087035739
Iteration 38: R^2 = 0.951358015269, ICC = 0.976074449188
Iteration 39: R^2 = 0.951318666619, ICC = 0.974844319716
Iteration 40: R^2 = 0.953092139372, ICC = 0.976627023399
Iteration 41: R^2 = 0.933663759088, ICC = 0.96763055094
Iteration 42: R^2 = 0.951521109281, ICC = 0.975788202721
Iteration 43: R^2 = 0.933080616998, ICC = 0.966058588052
Iteration 44: R^2 = 0.938952091623, ICC = 0.969362075953
Iteration 45: R^2 = 0.942050292398, ICC = 0.971610575089
Iteration 46: R^2 = 0.941111019715, ICC = 0.970903939139
Iteration 47: R^2 = 0.951099606129, ICC = 0.974907290506
Iteration 48: R^2 = 0.953137754931, ICC = 0.976506750634
Iteration 49: R^2 = 0.951499760808, ICC = 0.976553441019
Iteration 50: R^2 = 0.953761160883, ICC = 0.977367020576
Iteration 51: R^2 = 0.937772625642, ICC = 0.969260481324
Iteration 52: R^2 = 0.95557394878, ICC = 0.977369038937
Iteration 53: R^2 = 0.942151131892, ICC = 0.970898952636
Iteration 54: R^2 = 0.940843255381, ICC = 0.96858568243
Iteration 55: R^2 = 0.937590233726, ICC = 0.96792498721
Iteration 56: R^2 = 0.945514858706, ICC = 0.973610357594
Iteration 57: R^2 = 0.941347802871, ICC = 0.969739812888
Iteration 58: R^2 = 0.943239684225, ICC = 0.971642110967
Iteration 59: R^2 = 0.958251146811, ICC = 0.979363033889
Iteration 60: R^2 = 0.956805850222, ICC = 0.977532271679
Iteration 61: R^2 = 0.932394519602, ICC = 0.966475132043
Iteration 62: R^2 = 0.956763899903, ICC = 0.978160194894
Iteration 63: R^2 = 0.940100093888, ICC = 0.970341992585
Iteration 64: R^2 = 0.956187451351, ICC = 0.9785148173
Iteration 65: R^2 = 0.948774191903, ICC = 0.973786115202
Iteration 66: R^2 = 0.931593393975, ICC = 0.965371544441
Iteration 67: R^2 = 0.941330605252, ICC = 0.970584571573
Iteration 68: R^2 = 0.955124461312, ICC = 0.977835777252
Iteration 69: R^2 = 0.949217093908, ICC = 0.974549558264
Iteration 70: R^2 = 0.96262554494, ICC = 0.980808211505
Iteration 71: R^2 = 0.92266534076, ICC = 0.963164576768
Iteration 72: R^2 = 0.958174982564, ICC = 0.979525177019
Iteration 73: R^2 = 0.949227705745, ICC = 0.975037688969
Iteration 74: R^2 = 0.949505174576, ICC = 0.975521487408
Iteration 75: R^2 = 0.952671597843, ICC = 0.976410930291
Iteration 76: R^2 = 0.936971454448, ICC = 0.969729615487
Iteration 77: R^2 = 0.952814505698, ICC = 0.975298517855
Iteration 78: R^2 = 0.959805621381, ICC = 0.980009733064
Iteration 79: R^2 = 0.951212492335, ICC = 0.975745364193
Iteration 80: R^2 = 0.951795677393, ICC = 0.976004309569
Iteration 81: R^2 = 0.935628781104, ICC = 0.967680057793
Iteration 82: R^2 = 0.941237959179, ICC = 0.969157418087
Iteration 83: R^2 = 0.931272035293, ICC = 0.966220912982
Iteration 84: R^2 = 0.954503107545, ICC = 0.978163017819
Iteration 85: R^2 = 0.908059339923, ICC = 0.95517745013
Iteration 86: R^2 = 0.935109228609, ICC = 0.967416913331
Iteration 87: R^2 = 0.946466126848, ICC = 0.973539258151
Iteration 88: R^2 = 0.859754182945, ICC = 0.935125180403
Iteration 89: R^2 = 0.898004137528, ICC = 0.95114087239
Iteration 90: R^2 = 0.957074820856, ICC = 0.978747371642
Iteration 91: R^2 = 0.939178819516, ICC = 0.969621733659
Iteration 92: R^2 = 0.948232455441, ICC = 0.97392713903
Iteration 93: R^2 = 0.942561568051, ICC = 0.971608021342
Iteration 94: R^2 = 0.930547286683, ICC = 0.966762391355
Iteration 95: R^2 = 0.918288564226, ICC = 0.960642854939
Iteration 96: R^2 = 0.952029739155, ICC = 0.976229146343
Iteration 97: R^2 = 0.951273178534, ICC = 0.976651060367
Iteration 98: R^2 = 0.941908737097, ICC = 0.971227042274
Iteration 99: R^2 = 0.950671445326, ICC = 0.974599254975
R Squared list shape: (100,)
ICC list shape: (100,)
