Running abide_motion_wrapper_JAL.py
Fri Sep 23 12:26:51 EDT 2016
Iteration 0: R^2 = 0.903001549106, ICC = 0.948069048208
Iteration 1: R^2 = 0.914544838599, ICC = 0.959278467027
Iteration 2: R^2 = 0.814034604159, ICC = 0.905824021215
Iteration 3: R^2 = 0.869145605032, ICC = 0.938594757263
Iteration 4: R^2 = 0.926056012397, ICC = 0.96242007343
Iteration 5: R^2 = 0.849922303129, ICC = 0.923809653837
Iteration 6: R^2 = 0.932319080897, ICC = 0.966646833668
Iteration 7: R^2 = 0.913856317275, ICC = 0.957005703891
Iteration 8: R^2 = 0.921418317233, ICC = 0.961978092436
Iteration 9: R^2 = 0.916662500719, ICC = 0.958039097801
Iteration 10: R^2 = 0.784573205595, ICC = 0.899576142171
Iteration 11: R^2 = 0.938965032051, ICC = 0.970692375399
Iteration 12: R^2 = 0.880543675148, ICC = 0.939911036803
Iteration 13: R^2 = 0.91420061619, ICC = 0.96016162732
Iteration 14: R^2 = 0.847840276627, ICC = 0.92914694859
Iteration 15: R^2 = 0.865682866706, ICC = 0.9341143498
Iteration 16: R^2 = 0.897775446189, ICC = 0.947982135849
Iteration 17: R^2 = 0.931135748173, ICC = 0.964195576707
Iteration 18: R^2 = 0.889663828553, ICC = 0.939909872699
Iteration 19: R^2 = 0.830660489217, ICC = 0.923153848125
Iteration 20: R^2 = 0.674034989406, ICC = 0.854659284749
Iteration 21: R^2 = 0.929251210054, ICC = 0.963620419984
Iteration 22: R^2 = 0.92179689186, ICC = 0.961081864864
Iteration 23: R^2 = 0.910886646928, ICC = 0.952563555645
Iteration 24: R^2 = 0.919583514554, ICC = 0.958915578921
Iteration 25: R^2 = 0.900470718944, ICC = 0.950466955523
Iteration 26: R^2 = 0.900323364262, ICC = 0.951564708326
Iteration 27: R^2 = 0.887375967348, ICC = 0.945710175534
Iteration 28: R^2 = 0.925351451708, ICC = 0.962114612668
Iteration 29: R^2 = 0.935171189085, ICC = 0.968291880119
Iteration 30: R^2 = 0.898078083113, ICC = 0.946827326551
Iteration 31: R^2 = 0.887281544667, ICC = 0.942697605482
Iteration 32: R^2 = 0.919477866082, ICC = 0.96070545116
Iteration 33: R^2 = 0.910458900153, ICC = 0.95582881725
Iteration 34: R^2 = 0.925055247159, ICC = 0.963035349565
Iteration 35: R^2 = 0.851031072478, ICC = 0.924480730653
Iteration 36: R^2 = 0.915507405871, ICC = 0.959319603294
Iteration 37: R^2 = 0.894145096475, ICC = 0.947855426707
Iteration 38: R^2 = 0.910827207243, ICC = 0.952327170159
Iteration 39: R^2 = 0.932205135523, ICC = 0.965205076494
Iteration 40: R^2 = 0.895090953065, ICC = 0.950129242332
Iteration 41: R^2 = 0.86603309703, ICC = 0.936281554349
Iteration 42: R^2 = 0.857867201895, ICC = 0.930510623292
Iteration 43: R^2 = 0.891931999094, ICC = 0.948224458899
Iteration 44: R^2 = 0.923058040333, ICC = 0.961603313076
Iteration 45: R^2 = 0.874175179431, ICC = 0.937999228068
Iteration 46: R^2 = 0.91509257351, ICC = 0.956893055925
Iteration 47: R^2 = 0.917841895065, ICC = 0.958684425078
Iteration 48: R^2 = 0.936454136658, ICC = 0.968039722769
Iteration 49: R^2 = 0.928106728551, ICC = 0.963694039599
Iteration 50: R^2 = 0.921204728639, ICC = 0.959792253493
Iteration 51: R^2 = 0.906633884087, ICC = 0.952000958302
Iteration 52: R^2 = 0.89567988018, ICC = 0.949495563371
Iteration 53: R^2 = 0.923821970228, ICC = 0.960376575167
Iteration 54: R^2 = 0.82849735355, ICC = 0.917599757372
Iteration 55: R^2 = 0.920061675236, ICC = 0.961885526413
Iteration 56: R^2 = 0.925300704081, ICC = 0.962640936728
Iteration 57: R^2 = 0.91839383425, ICC = 0.958716087127
Iteration 58: R^2 = 0.815697820244, ICC = 0.913002598422
Iteration 59: R^2 = 0.92842268774, ICC = 0.963031014963
Iteration 60: R^2 = 0.862887707286, ICC = 0.932009356325
Iteration 61: R^2 = 0.889694176352, ICC = 0.946749901718
Iteration 62: R^2 = 0.908128698503, ICC = 0.95542836462
Iteration 63: R^2 = 0.936949524521, ICC = 0.969663421575
Iteration 64: R^2 = 0.878692683361, ICC = 0.940734306287
Iteration 65: R^2 = 0.920062456756, ICC = 0.960470838287
Iteration 66: R^2 = 0.924098785785, ICC = 0.96294357598
Iteration 67: R^2 = 0.917129941875, ICC = 0.958049793377
Iteration 68: R^2 = 0.927017794909, ICC = 0.963289076224
Iteration 69: R^2 = 0.923071391428, ICC = 0.961785396762
Iteration 70: R^2 = 0.924102690937, ICC = 0.961821501554
Iteration 71: R^2 = 0.853938118598, ICC = 0.924877378619
Iteration 72: R^2 = 0.915779178133, ICC = 0.958830649402
Iteration 73: R^2 = 0.923039328831, ICC = 0.962680744226
Iteration 74: R^2 = 0.924038429163, ICC = 0.960668490316
Iteration 75: R^2 = 0.923476236924, ICC = 0.961296297334
Iteration 76: R^2 = 0.922750171931, ICC = 0.960847951258
Iteration 77: R^2 = 0.909363160511, ICC = 0.952643542101
Iteration 78: R^2 = 0.924658799592, ICC = 0.963918574237
Iteration 79: R^2 = 0.847942349999, ICC = 0.929157925688
Iteration 80: R^2 = 0.912860896899, ICC = 0.958166072406
Iteration 81: R^2 = 0.883235759058, ICC = 0.944778799024
Iteration 82: R^2 = 0.918260976811, ICC = 0.959282546987
Iteration 83: R^2 = 0.794492421384, ICC = 0.899111235604
Iteration 84: R^2 = 0.901977672982, ICC = 0.952858763301
Iteration 85: R^2 = 0.914041040241, ICC = 0.958047984855
Iteration 86: R^2 = 0.915609532344, ICC = 0.955984567771
Iteration 87: R^2 = 0.861346047712, ICC = 0.929904907584
Iteration 88: R^2 = 0.923606896428, ICC = 0.96107483205
Iteration 89: R^2 = 0.923874579028, ICC = 0.962328238712
Iteration 90: R^2 = 0.824297962629, ICC = 0.907726974237
Iteration 91: R^2 = 0.915495408811, ICC = 0.957956615786
Iteration 92: R^2 = 0.902407137442, ICC = 0.949119566729
Iteration 93: R^2 = 0.857132634962, ICC = 0.932441671263
Iteration 94: R^2 = 0.853410415287, ICC = 0.922137604573
Iteration 95: R^2 = 0.877522478876, ICC = 0.939526790532
Iteration 96: R^2 = 0.888837295186, ICC = 0.9407653244
Iteration 97: R^2 = 0.92551664698, ICC = 0.962832597351
Iteration 98: R^2 = 0.821208089404, ICC = 0.916784254575
Iteration 99: R^2 = 0.905481801481, ICC = 0.953668296471
R Squared list shape: (100,)
ICC list shape: (100,)
