Running abide_motion_wrapper_JAL.py
Fri Sep 23 12:29:44 EDT 2016
Iteration 0: R^2 = 0.976271772444, ICC = 0.988213374091
Iteration 1: R^2 = 0.973199727883, ICC = 0.986533065983
Iteration 2: R^2 = 0.976492127103, ICC = 0.988035253392
Iteration 3: R^2 = 0.960708931115, ICC = 0.980494540944
Iteration 4: R^2 = 0.968155915739, ICC = 0.984331894433
Iteration 5: R^2 = 0.966005866769, ICC = 0.982832733588
Iteration 6: R^2 = 0.976594545443, ICC = 0.988270047312
Iteration 7: R^2 = 0.971991366049, ICC = 0.98626312313
Iteration 8: R^2 = 0.980671325945, ICC = 0.990228317153
Iteration 9: R^2 = 0.971777656202, ICC = 0.985915681296
Iteration 10: R^2 = 0.960533004242, ICC = 0.980422930436
Iteration 11: R^2 = 0.97030877941, ICC = 0.985027142476
Iteration 12: R^2 = 0.968561492444, ICC = 0.983547441245
Iteration 13: R^2 = 0.975432836795, ICC = 0.988024367402
Iteration 14: R^2 = 0.973770615075, ICC = 0.98687289534
Iteration 15: R^2 = 0.964442717521, ICC = 0.98245086653
Iteration 16: R^2 = 0.960400157249, ICC = 0.980113341109
Iteration 17: R^2 = 0.958409995556, ICC = 0.978768146763
Iteration 18: R^2 = 0.877873645934, ICC = 0.937085307017
Iteration 19: R^2 = 0.970255421536, ICC = 0.985042808405
Iteration 20: R^2 = 0.948417506895, ICC = 0.974476641516
Iteration 21: R^2 = 0.955570404668, ICC = 0.97777005801
Iteration 22: R^2 = 0.96777098193, ICC = 0.983669801393
Iteration 23: R^2 = 0.968739647954, ICC = 0.984762782105
Iteration 24: R^2 = 0.971463070721, ICC = 0.985839843142
Iteration 25: R^2 = 0.977044073819, ICC = 0.988742216665
Iteration 26: R^2 = 0.964328545202, ICC = 0.981877953012
Iteration 27: R^2 = 0.975704837614, ICC = 0.987600520689
Iteration 28: R^2 = 0.97762577606, ICC = 0.988381629501
Iteration 29: R^2 = 0.974866693443, ICC = 0.987551863601
Iteration 30: R^2 = 0.949739022407, ICC = 0.97592217149
Iteration 31: R^2 = 0.973070311426, ICC = 0.986722040657
Iteration 32: R^2 = 0.975425697137, ICC = 0.987562093974
Iteration 33: R^2 = 0.9711262703, ICC = 0.985540393549
Iteration 34: R^2 = 0.976187675119, ICC = 0.988085274517
Iteration 35: R^2 = 0.97240282324, ICC = 0.986168714841
Iteration 36: R^2 = 0.967013572784, ICC = 0.983349848886
Iteration 37: R^2 = 0.971822528062, ICC = 0.98575711486
Iteration 38: R^2 = 0.965801643363, ICC = 0.98247127855
Iteration 39: R^2 = 0.974384491475, ICC = 0.987307375692
Iteration 40: R^2 = 0.976153809095, ICC = 0.988135435213
Iteration 41: R^2 = 0.972379751374, ICC = 0.98638199922
Iteration 42: R^2 = 0.948579498683, ICC = 0.974542185576
Iteration 43: R^2 = 0.966103553357, ICC = 0.983348447574
Iteration 44: R^2 = 0.972872425272, ICC = 0.986370619497
Iteration 45: R^2 = 0.972449010084, ICC = 0.986415160499
Iteration 46: R^2 = 0.962337471519, ICC = 0.981528370888
Iteration 47: R^2 = 0.971723268886, ICC = 0.985617114124
Iteration 48: R^2 = 0.967227173314, ICC = 0.984101190944
Iteration 49: R^2 = 0.974763899822, ICC = 0.986941049907
Iteration 50: R^2 = 0.973782959048, ICC = 0.987191260567
Iteration 51: R^2 = 0.972716418454, ICC = 0.986798473084
Iteration 52: R^2 = 0.963218539317, ICC = 0.982322432077
Iteration 53: R^2 = 0.966108574097, ICC = 0.982906714613
Iteration 54: R^2 = 0.961418396089, ICC = 0.980847736046
Iteration 55: R^2 = 0.971003917446, ICC = 0.985001297026
Iteration 56: R^2 = 0.976850142761, ICC = 0.988374963735
Iteration 57: R^2 = 0.977353788344, ICC = 0.988820451063
Iteration 58: R^2 = 0.967734585427, ICC = 0.984006015517
Iteration 59: R^2 = 0.972551003326, ICC = 0.986170586066
Iteration 60: R^2 = 0.975057938148, ICC = 0.987305113004
Iteration 61: R^2 = 0.964141014258, ICC = 0.982730893256
Iteration 62: R^2 = 0.923191839068, ICC = 0.960136395934
Iteration 63: R^2 = 0.968583697147, ICC = 0.984393416951
Iteration 64: R^2 = 0.975919211931, ICC = 0.987799285972
Iteration 65: R^2 = 0.965916684894, ICC = 0.982723410204
Iteration 66: R^2 = 0.966882878544, ICC = 0.983507754728
Iteration 67: R^2 = 0.972559598858, ICC = 0.986096966934
Iteration 68: R^2 = 0.958122796332, ICC = 0.979533467791
Iteration 69: R^2 = 0.971222172478, ICC = 0.9855399482
Iteration 70: R^2 = 0.973107348324, ICC = 0.986836896005
Iteration 71: R^2 = 0.967258920004, ICC = 0.984095676756
Iteration 72: R^2 = 0.970112579034, ICC = 0.985274199623
Iteration 73: R^2 = 0.969557102323, ICC = 0.984685737477
Iteration 74: R^2 = 0.970293703662, ICC = 0.985152936894
Iteration 75: R^2 = 0.966251293246, ICC = 0.982842028631
Iteration 76: R^2 = 0.964072129593, ICC = 0.981728124688
Iteration 77: R^2 = 0.938958271447, ICC = 0.970346338543
Iteration 78: R^2 = 0.965756103851, ICC = 0.982157138149
Iteration 79: R^2 = 0.974849097761, ICC = 0.987663185954
Iteration 80: R^2 = 0.967343211673, ICC = 0.983631735883
Iteration 81: R^2 = 0.949113349589, ICC = 0.974839011152
Iteration 82: R^2 = 0.902769433952, ICC = 0.953687492074
Iteration 83: R^2 = 0.971939503595, ICC = 0.985491030433
Iteration 84: R^2 = 0.956542831587, ICC = 0.978441221046
Iteration 85: R^2 = 0.941465546741, ICC = 0.970075430698
Iteration 86: R^2 = 0.975633031373, ICC = 0.987674717043
Iteration 87: R^2 = 0.974746305468, ICC = 0.987617292749
Iteration 88: R^2 = 0.975380833188, ICC = 0.987671071683
Iteration 89: R^2 = 0.970718221698, ICC = 0.985494099049
Iteration 90: R^2 = 0.9502759942, ICC = 0.975727322198
Iteration 91: R^2 = 0.974313981074, ICC = 0.987156983039
Iteration 92: R^2 = 0.973730379393, ICC = 0.987017886127
Iteration 93: R^2 = 0.934278768185, ICC = 0.968561608201
Iteration 94: R^2 = 0.97228395981, ICC = 0.986103364241
Iteration 95: R^2 = 0.971187302247, ICC = 0.985790084748
Iteration 96: R^2 = 0.976889249878, ICC = 0.98815030256
Iteration 97: R^2 = 0.954768617157, ICC = 0.977375164307
Iteration 98: R^2 = 0.975234724077, ICC = 0.987671013351
Iteration 99: R^2 = 0.96908385868, ICC = 0.984036846178
R Squared list shape: (100,)
ICC list shape: (100,)
