Running abide_motion_wrapper_JAL.py
Fri Sep 23 12:29:24 EDT 2016
Iteration 0: R^2 = 0.769639105439, ICC = 0.876688650974
Iteration 1: R^2 = 0.745380816586, ICC = 0.886022315186
Iteration 2: R^2 = 0.656417992608, ICC = 0.833402051158
Iteration 3: R^2 = 0.715420556968, ICC = 0.867347572706
Iteration 4: R^2 = 0.795021945551, ICC = 0.898622575709
Iteration 5: R^2 = 0.776917240075, ICC = 0.893202506422
Iteration 6: R^2 = 0.757152002094, ICC = 0.874439547352
Iteration 7: R^2 = 0.795508156733, ICC = 0.902283695109
Iteration 8: R^2 = 0.718409577196, ICC = 0.861542385757
Iteration 9: R^2 = 0.759896087313, ICC = 0.881169526024
Iteration 10: R^2 = 0.744979400014, ICC = 0.881053778967
Iteration 11: R^2 = 0.79729761256, ICC = 0.899354126287
Iteration 12: R^2 = 0.712024201394, ICC = 0.85854685207
Iteration 13: R^2 = 0.593432762428, ICC = 0.803236649261
Iteration 14: R^2 = 0.676298585532, ICC = 0.832436127408
Iteration 15: R^2 = 0.717909064104, ICC = 0.871610968722
Iteration 16: R^2 = 0.699926680052, ICC = 0.856808200411
Iteration 17: R^2 = 0.788138353572, ICC = 0.89272991272
Iteration 18: R^2 = 0.765345510086, ICC = 0.888293709918
Iteration 19: R^2 = 0.73390555522, ICC = 0.86856542985
Iteration 20: R^2 = 0.763387346953, ICC = 0.876819337514
Iteration 21: R^2 = 0.742325525017, ICC = 0.875140166981
Iteration 22: R^2 = 0.547850975293, ICC = 0.787183574544
Iteration 23: R^2 = 0.71354312036, ICC = 0.866269141363
Iteration 24: R^2 = 0.739652462865, ICC = 0.875456653856
Iteration 25: R^2 = 0.679351863737, ICC = 0.858132257633
Iteration 26: R^2 = 0.773887197917, ICC = 0.887044300282
Iteration 27: R^2 = 0.758775743787, ICC = 0.875762709182
Iteration 28: R^2 = 0.765754444784, ICC = 0.868099114397
Iteration 29: R^2 = 0.739270197962, ICC = 0.880792641909
Iteration 30: R^2 = 0.71168540854, ICC = 0.864948384918
Iteration 31: R^2 = 0.741423605194, ICC = 0.87418758067
Iteration 32: R^2 = 0.609829917383, ICC = 0.784334531445
Iteration 33: R^2 = 0.816174049228, ICC = 0.904803301099
Iteration 34: R^2 = 0.79352028654, ICC = 0.890628301072
Iteration 35: R^2 = 0.80510353156, ICC = 0.893945310017
Iteration 36: R^2 = 0.730196700306, ICC = 0.8669780767
Iteration 37: R^2 = 0.796682314944, ICC = 0.900819621463
Iteration 38: R^2 = 0.658640069716, ICC = 0.832803303011
Iteration 39: R^2 = 0.838053167461, ICC = 0.912825328301
Iteration 40: R^2 = 0.798884902299, ICC = 0.898894227992
Iteration 41: R^2 = 0.726778846004, ICC = 0.86436361439
Iteration 42: R^2 = 0.777972557981, ICC = 0.90170727271
Iteration 43: R^2 = 0.707227700147, ICC = 0.872971216802
Iteration 44: R^2 = 0.674928877576, ICC = 0.840915936758
Iteration 45: R^2 = 0.696567045459, ICC = 0.864556198977
Iteration 46: R^2 = 0.692902307637, ICC = 0.843600334756
Iteration 47: R^2 = 0.791206042319, ICC = 0.894610322561
Iteration 48: R^2 = 0.706483861201, ICC = 0.861280340091
Iteration 49: R^2 = 0.73052445134, ICC = 0.867340844247
Iteration 50: R^2 = 0.687531412584, ICC = 0.85385045784
Iteration 51: R^2 = 0.709513031474, ICC = 0.857223008237
Iteration 52: R^2 = 0.736424174564, ICC = 0.878157099067
Iteration 53: R^2 = 0.461588256913, ICC = 0.757760957597
Iteration 54: R^2 = 0.680950964192, ICC = 0.85483153338
Iteration 55: R^2 = 0.741874448017, ICC = 0.874007557985
Iteration 56: R^2 = 0.760530345669, ICC = 0.880148333779
Iteration 57: R^2 = 0.772210806987, ICC = 0.900598241255
Iteration 58: R^2 = 0.810657960208, ICC = 0.905587028875
Iteration 59: R^2 = 0.790138891242, ICC = 0.897299630275
Iteration 60: R^2 = 0.73290795677, ICC = 0.86345926414
Iteration 61: R^2 = 0.462281856648, ICC = 0.736695978546
Iteration 62: R^2 = 0.780602656503, ICC = 0.892512388079
Iteration 63: R^2 = 0.762650280122, ICC = 0.878702485705
Iteration 64: R^2 = 0.796298804467, ICC = 0.895798768359
Iteration 65: R^2 = 0.786768401661, ICC = 0.892498545312
Iteration 66: R^2 = 0.764276803947, ICC = 0.88132048266
Iteration 67: R^2 = 0.793072109797, ICC = 0.895928086488
Iteration 68: R^2 = 0.602334503975, ICC = 0.820327382746
Iteration 69: R^2 = 0.722135833874, ICC = 0.859777315029
Iteration 70: R^2 = 0.773873029448, ICC = 0.878806548438
Iteration 71: R^2 = 0.603307198369, ICC = 0.814893346804
Iteration 72: R^2 = 0.779914819597, ICC = 0.890963416156
Iteration 73: R^2 = 0.772795416258, ICC = 0.885180201427
Iteration 74: R^2 = 0.641531243914, ICC = 0.830159459795
Iteration 75: R^2 = 0.724910258707, ICC = 0.870886995166
Iteration 76: R^2 = 0.709589321554, ICC = 0.863303447056
Iteration 77: R^2 = 0.788244429835, ICC = 0.890576478129
Iteration 78: R^2 = 0.559287689281, ICC = 0.821257427342
Iteration 79: R^2 = 0.766121603491, ICC = 0.867169730453
Iteration 80: R^2 = 0.706098815378, ICC = 0.851784650201
Iteration 81: R^2 = 0.737705979799, ICC = 0.867262863114
Iteration 82: R^2 = 0.765072751232, ICC = 0.879779198213
Iteration 83: R^2 = 0.743669619581, ICC = 0.878647518639
Iteration 84: R^2 = 0.826451748017, ICC = 0.91336625043
Iteration 85: R^2 = 0.792617304586, ICC = 0.888546897538
Iteration 86: R^2 = 0.700784858821, ICC = 0.85390113293
Iteration 87: R^2 = 0.698690977833, ICC = 0.855795316159
Iteration 88: R^2 = 0.79548697814, ICC = 0.894348030517
Iteration 89: R^2 = 0.614120766787, ICC = 0.815601324924
Iteration 90: R^2 = 0.713090823846, ICC = 0.852778808254
Iteration 91: R^2 = 0.61713997641, ICC = 0.822684662446
Iteration 92: R^2 = 0.78354777924, ICC = 0.882214206325
Iteration 93: R^2 = 0.744448461196, ICC = 0.864912984278
Iteration 94: R^2 = 0.620205723671, ICC = 0.836435097312
Iteration 95: R^2 = 0.776527410496, ICC = 0.885464825852
Iteration 96: R^2 = 0.783042267533, ICC = 0.886477889272
Iteration 97: R^2 = 0.706566304222, ICC = 0.857558196437
Iteration 98: R^2 = 0.787233805237, ICC = 0.891016423698
Iteration 99: R^2 = 0.792992924041, ICC = 0.899526243446
R Squared list shape: (100,)
ICC list shape: (100,)
