Running abide_motion_wrapper_JAL.py
Fri Sep 23 12:27:42 EDT 2016
Iteration 0: R^2 = 0.942320579176, ICC = 0.971801918959
Iteration 1: R^2 = 0.886281661181, ICC = 0.946347885107
Iteration 2: R^2 = 0.911305899947, ICC = 0.957402269914
Iteration 3: R^2 = 0.949073757712, ICC = 0.975908591267
Iteration 4: R^2 = 0.909085071329, ICC = 0.956906629342
Iteration 5: R^2 = 0.920880356266, ICC = 0.959897475385
Iteration 6: R^2 = 0.861869304972, ICC = 0.928440241055
Iteration 7: R^2 = 0.941784109088, ICC = 0.97107684945
Iteration 8: R^2 = 0.882328378685, ICC = 0.939873158216
Iteration 9: R^2 = 0.95258837191, ICC = 0.977403210894
Iteration 10: R^2 = 0.938907406721, ICC = 0.969003565265
Iteration 11: R^2 = 0.943096760571, ICC = 0.971985871348
Iteration 12: R^2 = 0.952386784589, ICC = 0.975999239117
Iteration 13: R^2 = 0.95971142356, ICC = 0.97907659151
Iteration 14: R^2 = 0.944413247159, ICC = 0.971509920985
Iteration 15: R^2 = 0.94051831145, ICC = 0.971078330593
Iteration 16: R^2 = 0.937879160632, ICC = 0.970120019373
Iteration 17: R^2 = 0.945776916023, ICC = 0.973301658798
Iteration 18: R^2 = 0.936223753261, ICC = 0.968587895271
Iteration 19: R^2 = 0.951002500178, ICC = 0.975321625222
Iteration 20: R^2 = 0.905742057722, ICC = 0.954289624264
Iteration 21: R^2 = 0.954799462604, ICC = 0.977355982341
Iteration 22: R^2 = 0.946380669637, ICC = 0.974269883433
Iteration 23: R^2 = 0.940141928654, ICC = 0.969629861959
Iteration 24: R^2 = 0.935535188143, ICC = 0.968138728641
Iteration 25: R^2 = 0.92597244893, ICC = 0.961668003798
Iteration 26: R^2 = 0.960128810559, ICC = 0.979443051853
Iteration 27: R^2 = 0.95786637182, ICC = 0.978375928715
Iteration 28: R^2 = 0.949544375113, ICC = 0.974580948299
Iteration 29: R^2 = 0.955881055515, ICC = 0.97795891735
Iteration 30: R^2 = 0.933871183661, ICC = 0.968032664232
Iteration 31: R^2 = 0.929386773079, ICC = 0.963057624408
Iteration 32: R^2 = 0.95152664247, ICC = 0.976935898971
Iteration 33: R^2 = 0.913996209903, ICC = 0.958187315567
Iteration 34: R^2 = 0.947308302723, ICC = 0.973500258821
Iteration 35: R^2 = 0.858093038843, ICC = 0.935267105265
Iteration 36: R^2 = 0.946923510511, ICC = 0.972509396127
Iteration 37: R^2 = 0.917507068989, ICC = 0.959736188133
Iteration 38: R^2 = 0.950693502486, ICC = 0.975163943403
Iteration 39: R^2 = 0.95516096326, ICC = 0.976974782334
Iteration 40: R^2 = 0.948656842135, ICC = 0.975520762186
Iteration 41: R^2 = 0.957283367462, ICC = 0.978228391712
Iteration 42: R^2 = 0.94609232228, ICC = 0.974143816752
Iteration 43: R^2 = 0.93102672958, ICC = 0.967159555559
Iteration 44: R^2 = 0.946452929218, ICC = 0.971953046568
Iteration 45: R^2 = 0.952215360773, ICC = 0.976295634438
Iteration 46: R^2 = 0.955661382421, ICC = 0.977690024242
Iteration 47: R^2 = 0.944173455258, ICC = 0.971738695504
Iteration 48: R^2 = 0.944377104908, ICC = 0.971033339994
Iteration 49: R^2 = 0.949052282968, ICC = 0.974626029457
Iteration 50: R^2 = 0.956387212636, ICC = 0.97836785093
Iteration 51: R^2 = 0.951495500343, ICC = 0.975051402088
Iteration 52: R^2 = 0.923418832502, ICC = 0.962953685577
Iteration 53: R^2 = 0.958068103168, ICC = 0.978756977004
Iteration 54: R^2 = 0.95998512755, ICC = 0.979843737226
Iteration 55: R^2 = 0.955036030656, ICC = 0.977291598473
Iteration 56: R^2 = 0.943825207782, ICC = 0.973001811699
Iteration 57: R^2 = 0.946201074231, ICC = 0.972590316666
Iteration 58: R^2 = 0.887665519013, ICC = 0.946208659027
Iteration 59: R^2 = 0.931002093634, ICC = 0.966026970747
Iteration 60: R^2 = 0.957104697999, ICC = 0.978138115719
Iteration 61: R^2 = 0.949624878429, ICC = 0.974379779881
Iteration 62: R^2 = 0.951811523082, ICC = 0.975620171557
Iteration 63: R^2 = 0.945726193495, ICC = 0.972310193902
Iteration 64: R^2 = 0.919974437407, ICC = 0.958081353686
Iteration 65: R^2 = 0.844119934122, ICC = 0.917452160303
Iteration 66: R^2 = 0.96045736465, ICC = 0.980442824741
Iteration 67: R^2 = 0.947607704337, ICC = 0.974044904807
Iteration 68: R^2 = 0.952336474704, ICC = 0.975961285147
Iteration 69: R^2 = 0.93537987188, ICC = 0.967862001589
Iteration 70: R^2 = 0.928984154553, ICC = 0.964640938384
Iteration 71: R^2 = 0.941985527314, ICC = 0.971045795579
Iteration 72: R^2 = 0.941568073467, ICC = 0.971095782994
Iteration 73: R^2 = 0.954777208825, ICC = 0.977502557842
Iteration 74: R^2 = 0.93736114545, ICC = 0.969512633005
Iteration 75: R^2 = 0.957880359799, ICC = 0.979187462835
Iteration 76: R^2 = 0.927833287598, ICC = 0.963659762837
Iteration 77: R^2 = 0.927247844903, ICC = 0.964307335631
Iteration 78: R^2 = 0.948691494788, ICC = 0.973752287944
Iteration 79: R^2 = 0.959128912052, ICC = 0.979231662213
Iteration 80: R^2 = 0.945071533595, ICC = 0.972811010062
Iteration 81: R^2 = 0.94941534128, ICC = 0.975163825597
Iteration 82: R^2 = 0.932500449307, ICC = 0.965305423152
Iteration 83: R^2 = 0.945178620255, ICC = 0.971758492363
Iteration 84: R^2 = 0.919275096183, ICC = 0.959517482471
Iteration 85: R^2 = 0.941950721941, ICC = 0.971566048461
Iteration 86: R^2 = 0.955100484091, ICC = 0.977765782324
Iteration 87: R^2 = 0.952135077121, ICC = 0.97529544903
Iteration 88: R^2 = 0.957136086827, ICC = 0.978253254057
Iteration 89: R^2 = 0.95518311055, ICC = 0.977427022791
Iteration 90: R^2 = 0.909945103995, ICC = 0.953026208953
Iteration 91: R^2 = 0.856193417992, ICC = 0.924760709424
Iteration 92: R^2 = 0.956033932931, ICC = 0.977342894696
Iteration 93: R^2 = 0.946132258158, ICC = 0.972243801647
Iteration 94: R^2 = 0.927286414595, ICC = 0.965421057164
Iteration 95: R^2 = 0.93951865436, ICC = 0.969778059813
Iteration 96: R^2 = 0.940232637835, ICC = 0.968653150158
Iteration 97: R^2 = 0.946156314391, ICC = 0.973382413231
Iteration 98: R^2 = 0.824182550723, ICC = 0.911693511069
Iteration 99: R^2 = 0.961643729055, ICC = 0.981418532765
R Squared list shape: (100,)
ICC list shape: (100,)
