Running abide_motion_wrapper_JAL.py
Fri Sep 23 12:27:42 EDT 2016
Iteration 0: R^2 = 0.970898825994, ICC = 0.985230919128
Iteration 1: R^2 = 0.972752294749, ICC = 0.986511254273
Iteration 2: R^2 = 0.952138734783, ICC = 0.975718886459
Iteration 3: R^2 = 0.968708695531, ICC = 0.984102724631
Iteration 4: R^2 = 0.970355037993, ICC = 0.985087848356
Iteration 5: R^2 = 0.967438530103, ICC = 0.983880259212
Iteration 6: R^2 = 0.956112531728, ICC = 0.978521409739
Iteration 7: R^2 = 0.962753234485, ICC = 0.981398228984
Iteration 8: R^2 = 0.959558238971, ICC = 0.980382382379
Iteration 9: R^2 = 0.960812189738, ICC = 0.980296531849
Iteration 10: R^2 = 0.971116119949, ICC = 0.985381836622
Iteration 11: R^2 = 0.971415746865, ICC = 0.985572449049
Iteration 12: R^2 = 0.963927352378, ICC = 0.982181140897
Iteration 13: R^2 = 0.961959499275, ICC = 0.98157766087
Iteration 14: R^2 = 0.954024988006, ICC = 0.977302894752
Iteration 15: R^2 = 0.951970116363, ICC = 0.976461704698
Iteration 16: R^2 = 0.960683893221, ICC = 0.980332954917
Iteration 17: R^2 = 0.964369946406, ICC = 0.9816930642
Iteration 18: R^2 = 0.92782207995, ICC = 0.965813713916
Iteration 19: R^2 = 0.967018856824, ICC = 0.984159247633
Iteration 20: R^2 = 0.970736867582, ICC = 0.985058341029
Iteration 21: R^2 = 0.95372028826, ICC = 0.976625512674
Iteration 22: R^2 = 0.950846351554, ICC = 0.976006543267
Iteration 23: R^2 = 0.956852836016, ICC = 0.978481030166
Iteration 24: R^2 = 0.962201184962, ICC = 0.981421258187
Iteration 25: R^2 = 0.963041335559, ICC = 0.981389714964
Iteration 26: R^2 = 0.964505545296, ICC = 0.982635620287
Iteration 27: R^2 = 0.924872497208, ICC = 0.963843411499
Iteration 28: R^2 = 0.972210780443, ICC = 0.986014840073
Iteration 29: R^2 = 0.970807799984, ICC = 0.985528617527
Iteration 30: R^2 = 0.955441253625, ICC = 0.977309192424
Iteration 31: R^2 = 0.967430252409, ICC = 0.983375340468
Iteration 32: R^2 = 0.966059765557, ICC = 0.982298957496
Iteration 33: R^2 = 0.970291369616, ICC = 0.985221117697
Iteration 34: R^2 = 0.968220475172, ICC = 0.983616070724
Iteration 35: R^2 = 0.953996010442, ICC = 0.977263887928
Iteration 36: R^2 = 0.966835077278, ICC = 0.983222759054
Iteration 37: R^2 = 0.965982471713, ICC = 0.983365745303
Iteration 38: R^2 = 0.968742694715, ICC = 0.984516369011
Iteration 39: R^2 = 0.969266651186, ICC = 0.985245041436
Iteration 40: R^2 = 0.972582711066, ICC = 0.986253884889
Iteration 41: R^2 = 0.970986663964, ICC = 0.985589811061
Iteration 42: R^2 = 0.971673018491, ICC = 0.985899211416
Iteration 43: R^2 = 0.969581462489, ICC = 0.984814348308
Iteration 44: R^2 = 0.961023027818, ICC = 0.98047299653
Iteration 45: R^2 = 0.972788552324, ICC = 0.986532932866
Iteration 46: R^2 = 0.964146635674, ICC = 0.981556640425
Iteration 47: R^2 = 0.972614985308, ICC = 0.986435545486
Iteration 48: R^2 = 0.968586972657, ICC = 0.984234610836
Iteration 49: R^2 = 0.960948454889, ICC = 0.980518954987
Iteration 50: R^2 = 0.967268916554, ICC = 0.983674084184
Iteration 51: R^2 = 0.967870454393, ICC = 0.983969549049
Iteration 52: R^2 = 0.951318258586, ICC = 0.97533473512
Iteration 53: R^2 = 0.971540004766, ICC = 0.985557279549
Iteration 54: R^2 = 0.969709615052, ICC = 0.984685583685
Iteration 55: R^2 = 0.966718600325, ICC = 0.982916604984
Iteration 56: R^2 = 0.957272942256, ICC = 0.978084861266
Iteration 57: R^2 = 0.971835704254, ICC = 0.985626839627
Iteration 58: R^2 = 0.96646049707, ICC = 0.983853456427
Iteration 59: R^2 = 0.973010767728, ICC = 0.986420360164
Iteration 60: R^2 = 0.972060066184, ICC = 0.986068815173
Iteration 61: R^2 = 0.936169164335, ICC = 0.96924882706
Iteration 62: R^2 = 0.965835768282, ICC = 0.982398343173
Iteration 63: R^2 = 0.954807787292, ICC = 0.977010179701
Iteration 64: R^2 = 0.942427305242, ICC = 0.971015861191
Iteration 65: R^2 = 0.971512032017, ICC = 0.985616305842
Iteration 66: R^2 = 0.967133008614, ICC = 0.983873146484
Iteration 67: R^2 = 0.96623096561, ICC = 0.983230727924
Iteration 68: R^2 = 0.960593528457, ICC = 0.980194396732
Iteration 69: R^2 = 0.960014693941, ICC = 0.979905513739
Iteration 70: R^2 = 0.967516660272, ICC = 0.984033789417
Iteration 71: R^2 = 0.964177342802, ICC = 0.982311756983
Iteration 72: R^2 = 0.960084326853, ICC = 0.980641617648
Iteration 73: R^2 = 0.950915423385, ICC = 0.97642337266
Iteration 74: R^2 = 0.97167570078, ICC = 0.985930506441
Iteration 75: R^2 = 0.968464349183, ICC = 0.984065480647
Iteration 76: R^2 = 0.975786932111, ICC = 0.987795620113
Iteration 77: R^2 = 0.97247695126, ICC = 0.986128851494
Iteration 78: R^2 = 0.949849933834, ICC = 0.975760423483
Iteration 79: R^2 = 0.937240485023, ICC = 0.968295692657
Iteration 80: R^2 = 0.969127918824, ICC = 0.984385178428
Iteration 81: R^2 = 0.965768944687, ICC = 0.982669083761
Iteration 82: R^2 = 0.969724233512, ICC = 0.985060938547
Iteration 83: R^2 = 0.968122181389, ICC = 0.984576082207
Iteration 84: R^2 = 0.971012133848, ICC = 0.985430873154
Iteration 85: R^2 = 0.969511937386, ICC = 0.98483580717
Iteration 86: R^2 = 0.972438327455, ICC = 0.986109911323
Iteration 87: R^2 = 0.971232956069, ICC = 0.985592205495
Iteration 88: R^2 = 0.969112355688, ICC = 0.98421332081
Iteration 89: R^2 = 0.969720753208, ICC = 0.98492457185
Iteration 90: R^2 = 0.969098296521, ICC = 0.984691355471
Iteration 91: R^2 = 0.968487472304, ICC = 0.98438401654
Iteration 92: R^2 = 0.918677231961, ICC = 0.958771516875
Iteration 93: R^2 = 0.941526776438, ICC = 0.971373808174
Iteration 94: R^2 = 0.970409322476, ICC = 0.985264328992
Iteration 95: R^2 = 0.972135108433, ICC = 0.9859314926
Iteration 96: R^2 = 0.963501101822, ICC = 0.982171530619
Iteration 97: R^2 = 0.967069957368, ICC = 0.983700137166
Iteration 98: R^2 = 0.955919845068, ICC = 0.978553455908
Iteration 99: R^2 = 0.974449927073, ICC = 0.987013068152
R Squared list shape: (100,)
ICC list shape: (100,)
