Running abide_motion_wrapper_JAL.py
Fri Sep 23 12:29:23 EDT 2016
Iteration 0: R^2 = 0.96127179056, ICC = 0.980643897582
Iteration 1: R^2 = 0.945437532853, ICC = 0.972580235189
Iteration 2: R^2 = 0.964300055775, ICC = 0.981757588763
Iteration 3: R^2 = 0.959579749256, ICC = 0.980407133077
Iteration 4: R^2 = 0.91208014247, ICC = 0.955614833709
Iteration 5: R^2 = 0.950017795718, ICC = 0.975731693759
Iteration 6: R^2 = 0.92713286843, ICC = 0.964677502903
Iteration 7: R^2 = 0.934219998678, ICC = 0.968666028912
Iteration 8: R^2 = 0.927004578738, ICC = 0.964258440261
Iteration 9: R^2 = 0.956031625148, ICC = 0.977692176814
Iteration 10: R^2 = 0.958314383654, ICC = 0.979548740731
Iteration 11: R^2 = 0.960179517663, ICC = 0.980465903089
Iteration 12: R^2 = 0.953616321531, ICC = 0.976441170111
Iteration 13: R^2 = 0.946880452179, ICC = 0.974537433553
Iteration 14: R^2 = 0.96303604385, ICC = 0.98138758574
Iteration 15: R^2 = 0.95412063974, ICC = 0.977488003572
Iteration 16: R^2 = 0.932849311482, ICC = 0.968519166058
Iteration 17: R^2 = 0.950963552768, ICC = 0.974740697047
Iteration 18: R^2 = 0.96536578208, ICC = 0.982365575538
Iteration 19: R^2 = 0.900030528008, ICC = 0.947460326082
Iteration 20: R^2 = 0.968729636408, ICC = 0.984486710489
Iteration 21: R^2 = 0.964599260397, ICC = 0.98176530819
Iteration 22: R^2 = 0.952758902274, ICC = 0.976256194658
Iteration 23: R^2 = 0.964763165878, ICC = 0.982730319636
Iteration 24: R^2 = 0.962192023133, ICC = 0.981326300002
Iteration 25: R^2 = 0.949805920632, ICC = 0.974688333994
Iteration 26: R^2 = 0.941460830385, ICC = 0.970519566694
Iteration 27: R^2 = 0.963459333198, ICC = 0.981285990547
Iteration 28: R^2 = 0.95580473973, ICC = 0.977207140518
Iteration 29: R^2 = 0.954932348541, ICC = 0.977021257985
Iteration 30: R^2 = 0.947518950112, ICC = 0.973645621805
Iteration 31: R^2 = 0.957361991574, ICC = 0.978610830856
Iteration 32: R^2 = 0.953890673594, ICC = 0.977611306749
Iteration 33: R^2 = 0.938094046452, ICC = 0.969711714082
Iteration 34: R^2 = 0.963774497751, ICC = 0.981738340893
Iteration 35: R^2 = 0.930800605588, ICC = 0.96710424448
Iteration 36: R^2 = 0.966970825753, ICC = 0.983298436359
Iteration 37: R^2 = 0.952953127124, ICC = 0.97603747175
Iteration 38: R^2 = 0.964347730413, ICC = 0.981968051822
Iteration 39: R^2 = 0.937703320324, ICC = 0.970152543773
Iteration 40: R^2 = 0.874249323655, ICC = 0.939591393606
Iteration 41: R^2 = 0.965591279637, ICC = 0.982234044977
Iteration 42: R^2 = 0.939506915444, ICC = 0.970665541091
Iteration 43: R^2 = 0.956135613362, ICC = 0.97816133372
Iteration 44: R^2 = 0.915588829809, ICC = 0.959330095314
Iteration 45: R^2 = 0.954220273878, ICC = 0.976829591722
Iteration 46: R^2 = 0.963647281809, ICC = 0.982135637844
Iteration 47: R^2 = 0.963865514647, ICC = 0.981922619281
Iteration 48: R^2 = 0.91463692515, ICC = 0.956024790966
Iteration 49: R^2 = 0.960721457903, ICC = 0.979987086256
Iteration 50: R^2 = 0.959528538492, ICC = 0.980084648816
Iteration 51: R^2 = 0.966921904869, ICC = 0.983224752723
Iteration 52: R^2 = 0.964557407078, ICC = 0.982048840878
Iteration 53: R^2 = 0.951676955332, ICC = 0.976697374534
Iteration 54: R^2 = 0.915851612683, ICC = 0.959664725272
Iteration 55: R^2 = 0.95797644945, ICC = 0.979659157747
Iteration 56: R^2 = 0.968651767845, ICC = 0.98395068967
Iteration 57: R^2 = 0.957563004032, ICC = 0.978633683535
Iteration 58: R^2 = 0.944654268603, ICC = 0.971660835168
Iteration 59: R^2 = 0.951600403355, ICC = 0.975269979158
Iteration 60: R^2 = 0.961956239339, ICC = 0.981015967948
Iteration 61: R^2 = 0.952866826604, ICC = 0.976830231998
Iteration 62: R^2 = 0.924901811809, ICC = 0.961642553143
Iteration 63: R^2 = 0.868470438436, ICC = 0.935734253439
Iteration 64: R^2 = 0.954363743064, ICC = 0.977491418126
Iteration 65: R^2 = 0.924529183633, ICC = 0.961933318929
Iteration 66: R^2 = 0.967263054926, ICC = 0.983457753483
Iteration 67: R^2 = 0.874243861086, ICC = 0.940290924875
Iteration 68: R^2 = 0.955356284857, ICC = 0.978153067671
Iteration 69: R^2 = 0.944277916592, ICC = 0.972646077338
Iteration 70: R^2 = 0.950754808883, ICC = 0.975401103958
Iteration 71: R^2 = 0.951197160368, ICC = 0.976032017629
Iteration 72: R^2 = 0.915201484619, ICC = 0.959309348176
Iteration 73: R^2 = 0.952507379538, ICC = 0.976570138698
Iteration 74: R^2 = 0.960716226883, ICC = 0.980426570819
Iteration 75: R^2 = 0.962366453115, ICC = 0.981778864356
Iteration 76: R^2 = 0.950472703744, ICC = 0.975262387606
Iteration 77: R^2 = 0.957136054592, ICC = 0.978753378887
Iteration 78: R^2 = 0.949589125732, ICC = 0.974645094739
Iteration 79: R^2 = 0.937800220639, ICC = 0.967627300176
Iteration 80: R^2 = 0.954080286396, ICC = 0.977097631434
Iteration 81: R^2 = 0.960975159553, ICC = 0.98034896745
Iteration 82: R^2 = 0.926142222965, ICC = 0.962062644345
Iteration 83: R^2 = 0.943350705503, ICC = 0.971556490051
Iteration 84: R^2 = 0.932010427628, ICC = 0.966351877159
Iteration 85: R^2 = 0.950973763369, ICC = 0.974656126808
Iteration 86: R^2 = 0.895667771969, ICC = 0.951091311818
Iteration 87: R^2 = 0.960590117514, ICC = 0.980188125767
Iteration 88: R^2 = 0.919993969198, ICC = 0.95816817612
Iteration 89: R^2 = 0.938580959078, ICC = 0.970490229778
Iteration 90: R^2 = 0.949771814057, ICC = 0.975551168277
Iteration 91: R^2 = 0.968758630155, ICC = 0.98403361762
Iteration 92: R^2 = 0.958391577986, ICC = 0.979665986458
Iteration 93: R^2 = 0.952222060069, ICC = 0.975964476513
Iteration 94: R^2 = 0.93772700787, ICC = 0.968025274646
Iteration 95: R^2 = 0.940451938661, ICC = 0.970603327555
Iteration 96: R^2 = 0.969155769095, ICC = 0.98497768455
Iteration 97: R^2 = 0.947111989518, ICC = 0.973930452725
Iteration 98: R^2 = 0.953175484594, ICC = 0.975857234506
Iteration 99: R^2 = 0.95661459476, ICC = 0.978154241026
R Squared list shape: (100,)
ICC list shape: (100,)
