Running abide_motion_wrapper_JAL.py
Fri Sep 23 12:27:42 EDT 2016
Iteration 0: R^2 = 0.940423586778, ICC = 0.9703794174
Iteration 1: R^2 = 0.953174509393, ICC = 0.976027619559
Iteration 2: R^2 = 0.96123986591, ICC = 0.981116996753
Iteration 3: R^2 = 0.928776812659, ICC = 0.963627801978
Iteration 4: R^2 = 0.951976153336, ICC = 0.975852827639
Iteration 5: R^2 = 0.941285124529, ICC = 0.969559407594
Iteration 6: R^2 = 0.944449403389, ICC = 0.972454791632
Iteration 7: R^2 = 0.957964615109, ICC = 0.979585535763
Iteration 8: R^2 = 0.941968786978, ICC = 0.969204849578
Iteration 9: R^2 = 0.93102177531, ICC = 0.966219222182
Iteration 10: R^2 = 0.923700348994, ICC = 0.963079330333
Iteration 11: R^2 = 0.942440452779, ICC = 0.970446049085
Iteration 12: R^2 = 0.944123575349, ICC = 0.972983811151
Iteration 13: R^2 = 0.934852436014, ICC = 0.966427959386
Iteration 14: R^2 = 0.960929039386, ICC = 0.980375713625
Iteration 15: R^2 = 0.94170181784, ICC = 0.970443356562
Iteration 16: R^2 = 0.940512307069, ICC = 0.971854977287
Iteration 17: R^2 = 0.944998412246, ICC = 0.972122478943
Iteration 18: R^2 = 0.947055547501, ICC = 0.973248831973
Iteration 19: R^2 = 0.931071508859, ICC = 0.966909872147
Iteration 20: R^2 = 0.947806600632, ICC = 0.974050006221
Iteration 21: R^2 = 0.906241856373, ICC = 0.955652539594
Iteration 22: R^2 = 0.912968793332, ICC = 0.957286204572
Iteration 23: R^2 = 0.948260455305, ICC = 0.973944273032
Iteration 24: R^2 = 0.955157092614, ICC = 0.976516065692
Iteration 25: R^2 = 0.923877822045, ICC = 0.96371307733
Iteration 26: R^2 = 0.959880703525, ICC = 0.979388105287
Iteration 27: R^2 = 0.922381188775, ICC = 0.960539733656
Iteration 28: R^2 = 0.947569446082, ICC = 0.974097250916
Iteration 29: R^2 = 0.933131291284, ICC = 0.967040367653
Iteration 30: R^2 = 0.862555594647, ICC = 0.93440629875
Iteration 31: R^2 = 0.943308199228, ICC = 0.971200389835
Iteration 32: R^2 = 0.958293151286, ICC = 0.979234746966
Iteration 33: R^2 = 0.908867181618, ICC = 0.956747164929
Iteration 34: R^2 = 0.947625349285, ICC = 0.973947035575
Iteration 35: R^2 = 0.953481851519, ICC = 0.976119663564
Iteration 36: R^2 = 0.942559945876, ICC = 0.971521738471
Iteration 37: R^2 = 0.951908042343, ICC = 0.975688406849
Iteration 38: R^2 = 0.956827286879, ICC = 0.978301772007
Iteration 39: R^2 = 0.958843295107, ICC = 0.978801077618
Iteration 40: R^2 = 0.927646984353, ICC = 0.961915692591
Iteration 41: R^2 = 0.94793716316, ICC = 0.973478006735
Iteration 42: R^2 = 0.922605992213, ICC = 0.962594070166
Iteration 43: R^2 = 0.945327634979, ICC = 0.972553926328
Iteration 44: R^2 = 0.951664185289, ICC = 0.976000937135
Iteration 45: R^2 = 0.95948634065, ICC = 0.979422480175
Iteration 46: R^2 = 0.930958341182, ICC = 0.96661096307
Iteration 47: R^2 = 0.944475860922, ICC = 0.972085972413
Iteration 48: R^2 = 0.940241166402, ICC = 0.969960923743
Iteration 49: R^2 = 0.957420191588, ICC = 0.978779470428
Iteration 50: R^2 = 0.928716096443, ICC = 0.964769634197
Iteration 51: R^2 = 0.947860623304, ICC = 0.973567084464
Iteration 52: R^2 = 0.934739151755, ICC = 0.967846899997
Iteration 53: R^2 = 0.958783197329, ICC = 0.979487827809
Iteration 54: R^2 = 0.959433354144, ICC = 0.979877651413
Iteration 55: R^2 = 0.939590870185, ICC = 0.970676454791
Iteration 56: R^2 = 0.952680501883, ICC = 0.977465752966
Iteration 57: R^2 = 0.960017653382, ICC = 0.979523558896
Iteration 58: R^2 = 0.939364904514, ICC = 0.970096790816
Iteration 59: R^2 = 0.94878059106, ICC = 0.975091874996
Iteration 60: R^2 = 0.931302089392, ICC = 0.96625007003
Iteration 61: R^2 = 0.958451416842, ICC = 0.979549896067
Iteration 62: R^2 = 0.960734932419, ICC = 0.979603237421
Iteration 63: R^2 = 0.888818384355, ICC = 0.948876044968
Iteration 64: R^2 = 0.943502431673, ICC = 0.970126153454
Iteration 65: R^2 = 0.950901847985, ICC = 0.974749559816
Iteration 66: R^2 = 0.920188560063, ICC = 0.961585057073
Iteration 67: R^2 = 0.88144670839, ICC = 0.944221106314
Iteration 68: R^2 = 0.855556467957, ICC = 0.925688046343
Iteration 69: R^2 = 0.904133444327, ICC = 0.949659883899
Iteration 70: R^2 = 0.949602670386, ICC = 0.974744057815
Iteration 71: R^2 = 0.937503729808, ICC = 0.969305121973
Iteration 72: R^2 = 0.950898190793, ICC = 0.975004883718
Iteration 73: R^2 = 0.951552041541, ICC = 0.97693145999
Iteration 74: R^2 = 0.962537100419, ICC = 0.981354851783
Iteration 75: R^2 = 0.921439080087, ICC = 0.961209647416
Iteration 76: R^2 = 0.915535602969, ICC = 0.957351929513
Iteration 77: R^2 = 0.953924305873, ICC = 0.977341513096
Iteration 78: R^2 = 0.937116397936, ICC = 0.969393922642
Iteration 79: R^2 = 0.940249713928, ICC = 0.969326273858
Iteration 80: R^2 = 0.877161995634, ICC = 0.942977211067
Iteration 81: R^2 = 0.951521833739, ICC = 0.976236370291
Iteration 82: R^2 = 0.940872419225, ICC = 0.969607883394
Iteration 83: R^2 = 0.956869953857, ICC = 0.978350491548
Iteration 84: R^2 = 0.939609203963, ICC = 0.969694003722
Iteration 85: R^2 = 0.952602157026, ICC = 0.977387142857
Iteration 86: R^2 = 0.950506443578, ICC = 0.975744778723
Iteration 87: R^2 = 0.944251440754, ICC = 0.971550963806
Iteration 88: R^2 = 0.92614628616, ICC = 0.962726819745
Iteration 89: R^2 = 0.90190014695, ICC = 0.952283355982
Iteration 90: R^2 = 0.920633070697, ICC = 0.962225413302
Iteration 91: R^2 = 0.945690598676, ICC = 0.973589332495
Iteration 92: R^2 = 0.947210200408, ICC = 0.973283206636
Iteration 93: R^2 = 0.932818197994, ICC = 0.966886342248
Iteration 94: R^2 = 0.938233687832, ICC = 0.970030692257
Iteration 95: R^2 = 0.930828241953, ICC = 0.964760270951
Iteration 96: R^2 = 0.951550714388, ICC = 0.975519265059
Iteration 97: R^2 = 0.94046140837, ICC = 0.97106111302
Iteration 98: R^2 = 0.950128366957, ICC = 0.974762821949
Iteration 99: R^2 = 0.933437182357, ICC = 0.967021532347
R Squared list shape: (100,)
ICC list shape: (100,)
