Running abide_motion_wrapper_JAL.py
Fri Sep 23 12:25:20 EDT 2016
Iteration 0: R^2 = 0.906901120507, ICC = 0.955313475109
Iteration 1: R^2 = 0.917829972024, ICC = 0.958820758237
Iteration 2: R^2 = 0.903080438941, ICC = 0.952727538558
Iteration 3: R^2 = 0.908011957291, ICC = 0.955312442988
Iteration 4: R^2 = 0.822688337329, ICC = 0.90688624501
Iteration 5: R^2 = 0.926141867136, ICC = 0.96290135432
Iteration 6: R^2 = 0.915000218031, ICC = 0.958175569375
Iteration 7: R^2 = 0.929423976986, ICC = 0.965248794635
Iteration 8: R^2 = 0.907396449475, ICC = 0.953490442943
Iteration 9: R^2 = 0.917891220748, ICC = 0.95938591735
Iteration 10: R^2 = 0.906810782103, ICC = 0.954212672832
Iteration 11: R^2 = 0.796424140681, ICC = 0.898217791749
Iteration 12: R^2 = 0.916515762461, ICC = 0.9597364406
Iteration 13: R^2 = 0.913682750381, ICC = 0.955039397163
Iteration 14: R^2 = 0.923059766834, ICC = 0.959628060951
Iteration 15: R^2 = 0.91736426609, ICC = 0.957067422701
Iteration 16: R^2 = 0.914413248372, ICC = 0.957504226367
Iteration 17: R^2 = 0.886720087184, ICC = 0.943518377179
Iteration 18: R^2 = 0.912204025603, ICC = 0.954558385798
Iteration 19: R^2 = 0.91030366315, ICC = 0.955052321778
Iteration 20: R^2 = 0.898918803016, ICC = 0.949654955106
Iteration 21: R^2 = 0.924603991773, ICC = 0.962477351466
Iteration 22: R^2 = 0.927251359031, ICC = 0.961769460648
Iteration 23: R^2 = 0.907387046558, ICC = 0.955123406386
Iteration 24: R^2 = 0.912630480501, ICC = 0.956392201265
Iteration 25: R^2 = 0.905380707633, ICC = 0.950084937886
Iteration 26: R^2 = 0.858360949963, ICC = 0.933626785468
Iteration 27: R^2 = 0.930463747756, ICC = 0.964254695618
Iteration 28: R^2 = 0.905108742726, ICC = 0.95155232168
Iteration 29: R^2 = 0.914763671966, ICC = 0.95571310113
Iteration 30: R^2 = 0.91510118823, ICC = 0.957729568503
Iteration 31: R^2 = 0.933350949209, ICC = 0.967434312501
Iteration 32: R^2 = 0.911605744518, ICC = 0.956576157632
Iteration 33: R^2 = 0.896823359106, ICC = 0.950219074356
Iteration 34: R^2 = 0.910082418049, ICC = 0.955683465469
Iteration 35: R^2 = 0.905722979509, ICC = 0.952324286887
Iteration 36: R^2 = 0.911130492774, ICC = 0.956878844651
Iteration 37: R^2 = 0.896439947148, ICC = 0.951267841492
Iteration 38: R^2 = 0.842360816564, ICC = 0.918527893808
Iteration 39: R^2 = 0.913104736601, ICC = 0.95560236979
Iteration 40: R^2 = 0.905572077384, ICC = 0.952277257662
Iteration 41: R^2 = 0.878511577657, ICC = 0.941242172823
Iteration 42: R^2 = 0.914941781719, ICC = 0.955978848871
Iteration 43: R^2 = 0.876151941787, ICC = 0.940539824208
Iteration 44: R^2 = 0.874400921787, ICC = 0.93707829293
Iteration 45: R^2 = 0.927410517384, ICC = 0.963899389742
Iteration 46: R^2 = 0.918817039055, ICC = 0.959667508307
Iteration 47: R^2 = 0.924481335258, ICC = 0.963358916224
Iteration 48: R^2 = 0.911496554802, ICC = 0.956578446779
Iteration 49: R^2 = 0.918837723726, ICC = 0.957977001924
Iteration 50: R^2 = 0.924708256859, ICC = 0.963791069544
Iteration 51: R^2 = 0.859564548964, ICC = 0.929976206832
Iteration 52: R^2 = 0.916055577495, ICC = 0.958120435893
Iteration 53: R^2 = 0.926164064733, ICC = 0.962141949748
Iteration 54: R^2 = 0.860964604089, ICC = 0.930372086134
Iteration 55: R^2 = 0.80333961991, ICC = 0.907315934718
Iteration 56: R^2 = 0.912500004341, ICC = 0.956337977464
Iteration 57: R^2 = 0.913383714816, ICC = 0.95674005485
Iteration 58: R^2 = 0.931517966349, ICC = 0.964547339475
Iteration 59: R^2 = 0.906159004236, ICC = 0.952648798013
Iteration 60: R^2 = 0.889128373274, ICC = 0.94627535048
Iteration 61: R^2 = 0.909708408363, ICC = 0.956982578916
Iteration 62: R^2 = 0.9181358864, ICC = 0.959157116358
Iteration 63: R^2 = 0.895384439366, ICC = 0.947182176916
Iteration 64: R^2 = 0.923797155617, ICC = 0.960471933256
Iteration 65: R^2 = 0.926450763159, ICC = 0.963544331223
Iteration 66: R^2 = 0.894194449701, ICC = 0.947187071602
Iteration 67: R^2 = 0.904816402406, ICC = 0.954773951751
Iteration 68: R^2 = 0.909640242586, ICC = 0.955158841592
Iteration 69: R^2 = 0.845736177948, ICC = 0.925097612277
Iteration 70: R^2 = 0.912631797512, ICC = 0.956425780781
Iteration 71: R^2 = 0.836157954348, ICC = 0.922348401355
Iteration 72: R^2 = 0.885501100387, ICC = 0.947337809338
Iteration 73: R^2 = 0.919448187762, ICC = 0.95811463974
Iteration 74: R^2 = 0.921161231076, ICC = 0.958274090442
Iteration 75: R^2 = 0.880672557567, ICC = 0.936731080117
Iteration 76: R^2 = 0.919196585997, ICC = 0.956237098027
Iteration 77: R^2 = 0.922846237541, ICC = 0.960705044045
Iteration 78: R^2 = 0.914561490729, ICC = 0.958735795468
Iteration 79: R^2 = 0.892087143335, ICC = 0.94432400445
Iteration 80: R^2 = 0.919218255875, ICC = 0.959650455171
Iteration 81: R^2 = 0.903137428828, ICC = 0.954600972857
Iteration 82: R^2 = 0.924338015588, ICC = 0.960977208601
Iteration 83: R^2 = 0.915845235248, ICC = 0.959283355047
Iteration 84: R^2 = 0.922306412853, ICC = 0.961212372843
Iteration 85: R^2 = 0.911282043508, ICC = 0.957536273651
Iteration 86: R^2 = 0.882188672198, ICC = 0.939356154928
Iteration 87: R^2 = 0.915589363075, ICC = 0.959611505218
Iteration 88: R^2 = 0.910183433355, ICC = 0.956142693613
Iteration 89: R^2 = 0.937413933518, ICC = 0.969816878067
Iteration 90: R^2 = 0.914213044445, ICC = 0.955785126222
Iteration 91: R^2 = 0.776873333192, ICC = 0.895093584757
Iteration 92: R^2 = 0.917029365412, ICC = 0.959816650071
Iteration 93: R^2 = 0.914642240942, ICC = 0.957590780571
Iteration 94: R^2 = 0.788502698407, ICC = 0.900446488579
Iteration 95: R^2 = 0.752745562092, ICC = 0.890125458056
Iteration 96: R^2 = 0.907053111088, ICC = 0.952799172936
Iteration 97: R^2 = 0.886983995129, ICC = 0.945121334331
Iteration 98: R^2 = 0.865768599834, ICC = 0.932788862822
Iteration 99: R^2 = 0.846624105754, ICC = 0.91804782253
R Squared list shape: (100,)
ICC list shape: (100,)
