Running abide_motion_wrapper_JAL.py
Fri Sep 23 12:27:42 EDT 2016
Iteration 0: R^2 = 0.951506648997, ICC = 0.976592882846
Iteration 1: R^2 = 0.934640044927, ICC = 0.967253844895
Iteration 2: R^2 = 0.950661205526, ICC = 0.975529543546
Iteration 3: R^2 = 0.909443538808, ICC = 0.952631017365
Iteration 4: R^2 = 0.890336516887, ICC = 0.945695578531
Iteration 5: R^2 = 0.947993631853, ICC = 0.973383685044
Iteration 6: R^2 = 0.952474924384, ICC = 0.976052416736
Iteration 7: R^2 = 0.937719001894, ICC = 0.969108030513
Iteration 8: R^2 = 0.950941818344, ICC = 0.974003169989
Iteration 9: R^2 = 0.918555146722, ICC = 0.958576405578
Iteration 10: R^2 = 0.942347675004, ICC = 0.972213019468
Iteration 11: R^2 = 0.903586901931, ICC = 0.951333515088
Iteration 12: R^2 = 0.950618229252, ICC = 0.974776352451
Iteration 13: R^2 = 0.961051008685, ICC = 0.980379438742
Iteration 14: R^2 = 0.953455149248, ICC = 0.976348480032
Iteration 15: R^2 = 0.929497672136, ICC = 0.963774235249
Iteration 16: R^2 = 0.950457449105, ICC = 0.974520697765
Iteration 17: R^2 = 0.95569524766, ICC = 0.978243140986
Iteration 18: R^2 = 0.948302424657, ICC = 0.974460175323
Iteration 19: R^2 = 0.94029428956, ICC = 0.971161525709
Iteration 20: R^2 = 0.950355509814, ICC = 0.974272821787
Iteration 21: R^2 = 0.953272924464, ICC = 0.976546702038
Iteration 22: R^2 = 0.955434127292, ICC = 0.977743722035
Iteration 23: R^2 = 0.940860682687, ICC = 0.970292142187
Iteration 24: R^2 = 0.927321227692, ICC = 0.966517475063
Iteration 25: R^2 = 0.95113021391, ICC = 0.975347014518
Iteration 26: R^2 = 0.949978213762, ICC = 0.976213580026
Iteration 27: R^2 = 0.921626026296, ICC = 0.962825469009
Iteration 28: R^2 = 0.931044896375, ICC = 0.964203307596
Iteration 29: R^2 = 0.960312029162, ICC = 0.980227368324
Iteration 30: R^2 = 0.933199913266, ICC = 0.963960511176
Iteration 31: R^2 = 0.955280117492, ICC = 0.977628700193
Iteration 32: R^2 = 0.954935068004, ICC = 0.977689471354
Iteration 33: R^2 = 0.928270873296, ICC = 0.965090165226
Iteration 34: R^2 = 0.890746036724, ICC = 0.946373931843
Iteration 35: R^2 = 0.945469891738, ICC = 0.972752259452
Iteration 36: R^2 = 0.919062032927, ICC = 0.956664785254
Iteration 37: R^2 = 0.939564842603, ICC = 0.970996759487
Iteration 38: R^2 = 0.939632751152, ICC = 0.970410220715
Iteration 39: R^2 = 0.948788792243, ICC = 0.97515564453
Iteration 40: R^2 = 0.953727797347, ICC = 0.976716481483
Iteration 41: R^2 = 0.946126717922, ICC = 0.974193822163
Iteration 42: R^2 = 0.942790353937, ICC = 0.970897236222
Iteration 43: R^2 = 0.960412417743, ICC = 0.980276653865
Iteration 44: R^2 = 0.937111369788, ICC = 0.968506066461
Iteration 45: R^2 = 0.910209729377, ICC = 0.953826466608
Iteration 46: R^2 = 0.952238602157, ICC = 0.976625159414
Iteration 47: R^2 = 0.915899254681, ICC = 0.959552934565
Iteration 48: R^2 = 0.951473441123, ICC = 0.97616358177
Iteration 49: R^2 = 0.956309944677, ICC = 0.977904590576
Iteration 50: R^2 = 0.940607343394, ICC = 0.969982473206
Iteration 51: R^2 = 0.952300935191, ICC = 0.974934262246
Iteration 52: R^2 = 0.911848662441, ICC = 0.958642903777
Iteration 53: R^2 = 0.952976963538, ICC = 0.976756264576
Iteration 54: R^2 = 0.943487961672, ICC = 0.971203409155
Iteration 55: R^2 = 0.928943222003, ICC = 0.965909522085
Iteration 56: R^2 = 0.946802746851, ICC = 0.973912697767
Iteration 57: R^2 = 0.959039011124, ICC = 0.979053796464
Iteration 58: R^2 = 0.937022553787, ICC = 0.969251093886
Iteration 59: R^2 = 0.959069959809, ICC = 0.979806805918
Iteration 60: R^2 = 0.90721003129, ICC = 0.954316713363
Iteration 61: R^2 = 0.959462740382, ICC = 0.979464341439
Iteration 62: R^2 = 0.95270593219, ICC = 0.977134451
Iteration 63: R^2 = 0.937585249409, ICC = 0.967374779382
Iteration 64: R^2 = 0.951513690802, ICC = 0.976055408511
Iteration 65: R^2 = 0.951575823656, ICC = 0.976074291339
Iteration 66: R^2 = 0.960770408248, ICC = 0.980069634771
Iteration 67: R^2 = 0.910650294459, ICC = 0.957136328286
Iteration 68: R^2 = 0.929557351866, ICC = 0.966245889414
Iteration 69: R^2 = 0.956229812861, ICC = 0.978500682819
Iteration 70: R^2 = 0.935515473194, ICC = 0.968864924033
Iteration 71: R^2 = 0.950847892644, ICC = 0.975602148848
Iteration 72: R^2 = 0.953996323428, ICC = 0.977461660002
Iteration 73: R^2 = 0.939135415288, ICC = 0.968427659297
Iteration 74: R^2 = 0.951923701272, ICC = 0.97516771099
Iteration 75: R^2 = 0.939039882244, ICC = 0.970831735715
Iteration 76: R^2 = 0.93032339203, ICC = 0.966254564687
Iteration 77: R^2 = 0.949296114513, ICC = 0.975030728396
Iteration 78: R^2 = 0.91003583464, ICC = 0.956356950785
Iteration 79: R^2 = 0.940746411004, ICC = 0.971215760575
Iteration 80: R^2 = 0.953831656796, ICC = 0.97590301491
Iteration 81: R^2 = 0.906026367861, ICC = 0.95475830913
Iteration 82: R^2 = 0.958143813276, ICC = 0.979556988341
Iteration 83: R^2 = 0.948558014911, ICC = 0.974108917822
Iteration 84: R^2 = 0.955481658686, ICC = 0.977784388262
Iteration 85: R^2 = 0.940938560562, ICC = 0.971547089338
Iteration 86: R^2 = 0.936784077826, ICC = 0.967606799015
Iteration 87: R^2 = 0.950310062592, ICC = 0.975653124439
Iteration 88: R^2 = 0.92821498354, ICC = 0.962792682642
Iteration 89: R^2 = 0.922373509394, ICC = 0.962257758022
Iteration 90: R^2 = 0.919464489059, ICC = 0.960200528411
Iteration 91: R^2 = 0.947002657512, ICC = 0.973600087264
Iteration 92: R^2 = 0.947346440244, ICC = 0.974219965283
Iteration 93: R^2 = 0.952453703602, ICC = 0.975812841927
Iteration 94: R^2 = 0.948695929854, ICC = 0.973304162278
Iteration 95: R^2 = 0.959905561855, ICC = 0.980031408056
Iteration 96: R^2 = 0.944224923637, ICC = 0.972755394885
Iteration 97: R^2 = 0.949028866446, ICC = 0.974886622511
Iteration 98: R^2 = 0.957105667343, ICC = 0.978820152372
Iteration 99: R^2 = 0.957997389135, ICC = 0.977928267005
R Squared list shape: (100,)
ICC list shape: (100,)
