Running abide_motion_wrapper_JAL.py
Fri Sep 23 12:26:51 EDT 2016
Iteration 0: R^2 = 0.461897425743, ICC = 0.721062104393
Iteration 1: R^2 = 0.620102778149, ICC = 0.826806648542
Iteration 2: R^2 = 0.800996036688, ICC = 0.892600712067
Iteration 3: R^2 = 0.701280054235, ICC = 0.847535902054
Iteration 4: R^2 = 0.617513859281, ICC = 0.846384824441
Iteration 5: R^2 = 0.763369955666, ICC = 0.886175920706
Iteration 6: R^2 = 0.654745494917, ICC = 0.83297620181
Iteration 7: R^2 = 0.690891242153, ICC = 0.833144861331
Iteration 8: R^2 = 0.783301763771, ICC = 0.890266358856
Iteration 9: R^2 = 0.802179107173, ICC = 0.90049849566
Iteration 10: R^2 = 0.749196896273, ICC = 0.883524607335
Iteration 11: R^2 = 0.782384443745, ICC = 0.895287805041
Iteration 12: R^2 = 0.747805712936, ICC = 0.887935866826
Iteration 13: R^2 = 0.745867671869, ICC = 0.863916194889
Iteration 14: R^2 = 0.761704612806, ICC = 0.887678945171
Iteration 15: R^2 = 0.721323158326, ICC = 0.865676787347
Iteration 16: R^2 = 0.765563037536, ICC = 0.887829455799
Iteration 17: R^2 = 0.773790072724, ICC = 0.880520202661
Iteration 18: R^2 = 0.0194730635407, ICC = 0.609060540122
Iteration 19: R^2 = 0.739439259384, ICC = 0.874928679279
Iteration 20: R^2 = 0.721578831806, ICC = 0.851973157955
Iteration 21: R^2 = 0.747073681995, ICC = 0.884337817662
Iteration 22: R^2 = 0.780743576005, ICC = 0.902607176089
Iteration 23: R^2 = 0.693613526985, ICC = 0.846828540455
Iteration 24: R^2 = 0.624144047899, ICC = 0.799081903506
Iteration 25: R^2 = 0.691034583756, ICC = 0.84839437002
Iteration 26: R^2 = 0.731976401077, ICC = 0.867850364279
Iteration 27: R^2 = 0.65073646783, ICC = 0.838165015636
Iteration 28: R^2 = 0.816507078282, ICC = 0.899957534163
Iteration 29: R^2 = 0.790019742389, ICC = 0.893760574935
Iteration 30: R^2 = 0.721457562899, ICC = 0.865393572256
Iteration 31: R^2 = 0.665801939491, ICC = 0.841150022897
Iteration 32: R^2 = 0.471468936599, ICC = 0.786253034695
Iteration 33: R^2 = 0.684805594094, ICC = 0.843844016955
Iteration 34: R^2 = 0.809555766624, ICC = 0.906513508548
Iteration 35: R^2 = 0.830339675746, ICC = 0.911703706717
Iteration 36: R^2 = 0.7850508997, ICC = 0.887191349485
Iteration 37: R^2 = 0.728540772101, ICC = 0.872507867574
Iteration 38: R^2 = 0.831313701087, ICC = 0.920189711579
Iteration 39: R^2 = 0.760210826058, ICC = 0.880433770249
Iteration 40: R^2 = 0.613754381224, ICC = 0.805349716449
Iteration 41: R^2 = 0.747374035425, ICC = 0.873188899279
Iteration 42: R^2 = 0.695486881185, ICC = 0.863720546595
Iteration 43: R^2 = 0.789142034433, ICC = 0.886757157633
Iteration 44: R^2 = 0.465573030681, ICC = 0.776676991771
Iteration 45: R^2 = 0.679061053658, ICC = 0.850701603883
Iteration 46: R^2 = 0.819556733969, ICC = 0.911828620066
Iteration 47: R^2 = 0.637644190768, ICC = 0.835260731487
Iteration 48: R^2 = 0.750270845679, ICC = 0.881801087751
Iteration 49: R^2 = 0.777104654472, ICC = 0.882101239996
Iteration 50: R^2 = 0.733686674079, ICC = 0.849207490156
Iteration 51: R^2 = 0.813032265581, ICC = 0.901540156565
Iteration 52: R^2 = 0.732941236306, ICC = 0.880917425902
Iteration 53: R^2 = 0.75676268466, ICC = 0.875828485215
Iteration 54: R^2 = 0.770649395199, ICC = 0.886042756855
Iteration 55: R^2 = 0.755804177943, ICC = 0.874796202002
Iteration 56: R^2 = 0.70619373243, ICC = 0.854954098846
Iteration 57: R^2 = 0.819140933389, ICC = 0.902955105462
Iteration 58: R^2 = 0.775563316309, ICC = 0.887368996024
Iteration 59: R^2 = 0.780500321568, ICC = 0.900390220586
Iteration 60: R^2 = 0.754913233599, ICC = 0.884306712352
Iteration 61: R^2 = 0.731495719553, ICC = 0.877143308912
Iteration 62: R^2 = 0.676939322944, ICC = 0.831767437451
Iteration 63: R^2 = 0.789149213937, ICC = 0.895485068641
Iteration 64: R^2 = 0.572378351598, ICC = 0.808440096139
Iteration 65: R^2 = 0.755084687306, ICC = 0.873417322515
Iteration 66: R^2 = 0.471410327603, ICC = 0.790098471673
Iteration 67: R^2 = 0.805873321683, ICC = 0.899925174827
Iteration 68: R^2 = 0.526323460501, ICC = 0.793939212791
Iteration 69: R^2 = 0.82417334181, ICC = 0.90917336284
Iteration 70: R^2 = 0.746014488123, ICC = 0.876371781249
Iteration 71: R^2 = 0.830110265603, ICC = 0.910082828527
Iteration 72: R^2 = 0.819805555932, ICC = 0.906975150872
Iteration 73: R^2 = 0.739679355851, ICC = 0.867977756346
Iteration 74: R^2 = 0.572945408884, ICC = 0.802909997357
Iteration 75: R^2 = 0.761603723308, ICC = 0.876313639824
Iteration 76: R^2 = 0.683418657648, ICC = 0.857394282081
Iteration 77: R^2 = 0.7781714362, ICC = 0.877536086036
Iteration 78: R^2 = 0.481648343966, ICC = 0.777092339885
Iteration 79: R^2 = 0.729395574037, ICC = 0.87283928055
Iteration 80: R^2 = 0.636654696344, ICC = 0.83870677992
Iteration 81: R^2 = 0.802939251531, ICC = 0.910072651945
Iteration 82: R^2 = 0.642079444902, ICC = 0.815316753226
Iteration 83: R^2 = 0.820323778455, ICC = 0.912840386677
Iteration 84: R^2 = 0.628276647196, ICC = 0.823669861911
Iteration 85: R^2 = 0.768125494151, ICC = 0.88622819286
Iteration 86: R^2 = 0.765329610234, ICC = 0.885799833848
Iteration 87: R^2 = 0.757458595652, ICC = 0.884257426897
Iteration 88: R^2 = 0.796741621936, ICC = 0.89742867131
Iteration 89: R^2 = 0.786441955377, ICC = 0.893286517957
Iteration 90: R^2 = 0.652921772567, ICC = 0.832558757575
Iteration 91: R^2 = 0.510917163192, ICC = 0.722852753339
Iteration 92: R^2 = 0.646633712257, ICC = 0.830916573067
Iteration 93: R^2 = 0.779906007913, ICC = 0.890031471021
Iteration 94: R^2 = 0.739872049653, ICC = 0.876707005023
Iteration 95: R^2 = 0.696938839309, ICC = 0.840870489703
Iteration 96: R^2 = 0.78946201296, ICC = 0.893356816418
Iteration 97: R^2 = 0.719566444136, ICC = 0.877885759988
Iteration 98: R^2 = 0.719517742095, ICC = 0.848510570884
Iteration 99: R^2 = 0.538963403756, ICC = 0.800777566845
R Squared list shape: (100,)
ICC list shape: (100,)
