Running abide_motion_wrapper_JAL.py
Fri Sep 23 12:24:37 EDT 2016
Iteration 0: R^2 = 0.972131995049, ICC = 0.986183478616
Iteration 1: R^2 = 0.972660872599, ICC = 0.986439105238
Iteration 2: R^2 = 0.924317924356, ICC = 0.963939679782
Iteration 3: R^2 = 0.974953102093, ICC = 0.987823711264
Iteration 4: R^2 = 0.975789221435, ICC = 0.987885912176
Iteration 5: R^2 = 0.974656919168, ICC = 0.987212394909
Iteration 6: R^2 = 0.974658196145, ICC = 0.98715824963
Iteration 7: R^2 = 0.976797414965, ICC = 0.988291974404
Iteration 8: R^2 = 0.919945741996, ICC = 0.959066230686
Iteration 9: R^2 = 0.968311416818, ICC = 0.983877126806
Iteration 10: R^2 = 0.913350971561, ICC = 0.956125587696
Iteration 11: R^2 = 0.968992440754, ICC = 0.984756503947
Iteration 12: R^2 = 0.960528344888, ICC = 0.979984823875
Iteration 13: R^2 = 0.9739913431, ICC = 0.987258511279
Iteration 14: R^2 = 0.978686249724, ICC = 0.989049547505
Iteration 15: R^2 = 0.951697979941, ICC = 0.975668972211
Iteration 16: R^2 = 0.913807617388, ICC = 0.958695849156
Iteration 17: R^2 = 0.97546908961, ICC = 0.987417974501
Iteration 18: R^2 = 0.972394080892, ICC = 0.986154788093
Iteration 19: R^2 = 0.970424102031, ICC = 0.985455121911
Iteration 20: R^2 = 0.958439522172, ICC = 0.979050606585
Iteration 21: R^2 = 0.96417816611, ICC = 0.981707239539
Iteration 22: R^2 = 0.973618164031, ICC = 0.987006628776
Iteration 23: R^2 = 0.968435660785, ICC = 0.984438281761
Iteration 24: R^2 = 0.953919432395, ICC = 0.977286252265
Iteration 25: R^2 = 0.975816515689, ICC = 0.987736853123
Iteration 26: R^2 = 0.919400597094, ICC = 0.960746895317
Iteration 27: R^2 = 0.963089717191, ICC = 0.981376230569
Iteration 28: R^2 = 0.970859293561, ICC = 0.985453010747
Iteration 29: R^2 = 0.971407840706, ICC = 0.985337147789
Iteration 30: R^2 = 0.968787491057, ICC = 0.984639385148
Iteration 31: R^2 = 0.966628777443, ICC = 0.983937446479
Iteration 32: R^2 = 0.964182670209, ICC = 0.982065985573
Iteration 33: R^2 = 0.971234937639, ICC = 0.98573620768
Iteration 34: R^2 = 0.951671764881, ICC = 0.975006918717
Iteration 35: R^2 = 0.98030870046, ICC = 0.990017315654
Iteration 36: R^2 = 0.971691693888, ICC = 0.985964294192
Iteration 37: R^2 = 0.981800124278, ICC = 0.990807258384
Iteration 38: R^2 = 0.979210517627, ICC = 0.989656679437
Iteration 39: R^2 = 0.966531905415, ICC = 0.983516855828
Iteration 40: R^2 = 0.976411798597, ICC = 0.988344571625
Iteration 41: R^2 = 0.977391423168, ICC = 0.988810212279
Iteration 42: R^2 = 0.978586026483, ICC = 0.989137922774
Iteration 43: R^2 = 0.951804218946, ICC = 0.976011466354
Iteration 44: R^2 = 0.964949723588, ICC = 0.982903567296
Iteration 45: R^2 = 0.974829958341, ICC = 0.987251028696
Iteration 46: R^2 = 0.975576513551, ICC = 0.988107807147
Iteration 47: R^2 = 0.965790698498, ICC = 0.983194805189
Iteration 48: R^2 = 0.979855356369, ICC = 0.98964835072
Iteration 49: R^2 = 0.95289129969, ICC = 0.977242319682
Iteration 50: R^2 = 0.974499096291, ICC = 0.987238613515
Iteration 51: R^2 = 0.976933471086, ICC = 0.98836837051
Iteration 52: R^2 = 0.974601044575, ICC = 0.987506752067
Iteration 53: R^2 = 0.970793510087, ICC = 0.985704522462
Iteration 54: R^2 = 0.959026177683, ICC = 0.980265401492
Iteration 55: R^2 = 0.966094076977, ICC = 0.982445030395
Iteration 56: R^2 = 0.976529219114, ICC = 0.988342448114
Iteration 57: R^2 = 0.976569481962, ICC = 0.988288750213
Iteration 58: R^2 = 0.976654109565, ICC = 0.988064394959
Iteration 59: R^2 = 0.978386126305, ICC = 0.989150860479
Iteration 60: R^2 = 0.967365623167, ICC = 0.983921158388
Iteration 61: R^2 = 0.953436505018, ICC = 0.976276837988
Iteration 62: R^2 = 0.976970314853, ICC = 0.988549739399
Iteration 63: R^2 = 0.971179990779, ICC = 0.985450711356
Iteration 64: R^2 = 0.978565908996, ICC = 0.989374664135
Iteration 65: R^2 = 0.97296003932, ICC = 0.986742554281
Iteration 66: R^2 = 0.972054718238, ICC = 0.98603457993
Iteration 67: R^2 = 0.980418627352, ICC = 0.990209062587
Iteration 68: R^2 = 0.957705565587, ICC = 0.978579136475
Iteration 69: R^2 = 0.976491871296, ICC = 0.988342022729
Iteration 70: R^2 = 0.973274018698, ICC = 0.986776863636
Iteration 71: R^2 = 0.978305865969, ICC = 0.98913717758
Iteration 72: R^2 = 0.973119360671, ICC = 0.986812254208
Iteration 73: R^2 = 0.955947790214, ICC = 0.978265547497
Iteration 74: R^2 = 0.981658483826, ICC = 0.990835559973
Iteration 75: R^2 = 0.979988477777, ICC = 0.989973382906
Iteration 76: R^2 = 0.97609432384, ICC = 0.987982710535
Iteration 77: R^2 = 0.968891455274, ICC = 0.98449508044
Iteration 78: R^2 = 0.973325723762, ICC = 0.986769073144
Iteration 79: R^2 = 0.980983656462, ICC = 0.990517120588
Iteration 80: R^2 = 0.978778609811, ICC = 0.989477346126
Iteration 81: R^2 = 0.977586580642, ICC = 0.988874592065
Iteration 82: R^2 = 0.971484885071, ICC = 0.98574584049
Iteration 83: R^2 = 0.955514967715, ICC = 0.978170048782
Iteration 84: R^2 = 0.974286556761, ICC = 0.986938292219
Iteration 85: R^2 = 0.964116044802, ICC = 0.981789680265
Iteration 86: R^2 = 0.962548688457, ICC = 0.981465605012
Iteration 87: R^2 = 0.975794004927, ICC = 0.987693665255
Iteration 88: R^2 = 0.956238919477, ICC = 0.978137003232
Iteration 89: R^2 = 0.976058490064, ICC = 0.987891779553
Iteration 90: R^2 = 0.970918422005, ICC = 0.985594175525
Iteration 91: R^2 = 0.974157271111, ICC = 0.987499633045
Iteration 92: R^2 = 0.968585888851, ICC = 0.984380883426
Iteration 93: R^2 = 0.949278214002, ICC = 0.973732550424
Iteration 94: R^2 = 0.977770941784, ICC = 0.988887241208
Iteration 95: R^2 = 0.95109246105, ICC = 0.97540769723
Iteration 96: R^2 = 0.976583346048, ICC = 0.988049727682
Iteration 97: R^2 = 0.976782026919, ICC = 0.988180792009
Iteration 98: R^2 = 0.974442991315, ICC = 0.987635253356
Iteration 99: R^2 = 0.98276055777, ICC = 0.991298900651
R Squared list shape: (100,)
ICC list shape: (100,)
