Running abide_motion_wrapper_JAL.py
Fri Sep 23 12:26:04 EDT 2016
Iteration 0: R^2 = 0.926278463014, ICC = 0.963375213328
Iteration 1: R^2 = 0.944972989028, ICC = 0.972752467263
Iteration 2: R^2 = 0.943228351632, ICC = 0.971534873336
Iteration 3: R^2 = 0.910699609093, ICC = 0.952737505443
Iteration 4: R^2 = 0.938106049923, ICC = 0.966870530476
Iteration 5: R^2 = 0.912824989097, ICC = 0.955456626844
Iteration 6: R^2 = 0.92847921664, ICC = 0.964914857978
Iteration 7: R^2 = 0.878864565618, ICC = 0.936921471571
Iteration 8: R^2 = 0.945730016437, ICC = 0.973183348297
Iteration 9: R^2 = 0.941370187523, ICC = 0.970176176412
Iteration 10: R^2 = 0.92170937771, ICC = 0.960737990123
Iteration 11: R^2 = 0.87355346313, ICC = 0.938859859221
Iteration 12: R^2 = 0.935097874339, ICC = 0.967981479491
Iteration 13: R^2 = 0.907167669894, ICC = 0.952906238716
Iteration 14: R^2 = 0.933618159616, ICC = 0.968054332783
Iteration 15: R^2 = 0.918142129757, ICC = 0.959579395266
Iteration 16: R^2 = 0.900385099512, ICC = 0.94983108207
Iteration 17: R^2 = 0.924099224528, ICC = 0.962224182437
Iteration 18: R^2 = 0.945605965464, ICC = 0.972073329796
Iteration 19: R^2 = 0.892322140365, ICC = 0.944568478888
Iteration 20: R^2 = 0.937453642318, ICC = 0.968049947497
Iteration 21: R^2 = 0.937001031103, ICC = 0.969442010917
Iteration 22: R^2 = 0.863471710656, ICC = 0.937093482715
Iteration 23: R^2 = 0.934073780772, ICC = 0.966760552857
Iteration 24: R^2 = 0.944545113977, ICC = 0.972206868944
Iteration 25: R^2 = 0.943910622533, ICC = 0.971913845578
Iteration 26: R^2 = 0.940600522714, ICC = 0.970751937063
Iteration 27: R^2 = 0.94955664749, ICC = 0.973375983561
Iteration 28: R^2 = 0.931532196564, ICC = 0.964917697051
Iteration 29: R^2 = 0.865484729541, ICC = 0.931409954849
Iteration 30: R^2 = 0.942018451157, ICC = 0.969507993537
Iteration 31: R^2 = 0.936897382047, ICC = 0.969359572151
Iteration 32: R^2 = 0.944843417088, ICC = 0.971606838233
Iteration 33: R^2 = 0.920712547738, ICC = 0.962330073346
Iteration 34: R^2 = 0.720830546376, ICC = 0.864997601876
Iteration 35: R^2 = 0.909315859719, ICC = 0.956559089957
Iteration 36: R^2 = 0.87694200889, ICC = 0.942352794004
Iteration 37: R^2 = 0.90318733722, ICC = 0.955367933614
Iteration 38: R^2 = 0.942517586294, ICC = 0.971560651209
Iteration 39: R^2 = 0.941390792646, ICC = 0.971687791289
Iteration 40: R^2 = 0.942262911202, ICC = 0.97222334221
Iteration 41: R^2 = 0.869018571684, ICC = 0.936245253259
Iteration 42: R^2 = 0.910441595275, ICC = 0.957036567283
Iteration 43: R^2 = 0.922372360358, ICC = 0.961046582805
Iteration 44: R^2 = 0.911806220168, ICC = 0.956373518158
Iteration 45: R^2 = 0.900669456597, ICC = 0.952377182758
Iteration 46: R^2 = 0.938659426226, ICC = 0.969490299843
Iteration 47: R^2 = 0.951770141054, ICC = 0.97583228767
Iteration 48: R^2 = 0.924561323728, ICC = 0.96166434475
Iteration 49: R^2 = 0.924121178468, ICC = 0.96375580204
Iteration 50: R^2 = 0.952003417847, ICC = 0.975954569946
Iteration 51: R^2 = 0.878150187808, ICC = 0.941914572247
Iteration 52: R^2 = 0.922494110438, ICC = 0.961741245933
Iteration 53: R^2 = 0.909917572663, ICC = 0.950697462209
Iteration 54: R^2 = 0.950973506992, ICC = 0.974150771819
Iteration 55: R^2 = 0.92507440255, ICC = 0.960418095051
Iteration 56: R^2 = 0.942233606895, ICC = 0.971941604616
Iteration 57: R^2 = 0.897553478797, ICC = 0.953218253221
Iteration 58: R^2 = 0.928568267533, ICC = 0.965305450345
Iteration 59: R^2 = 0.940480437357, ICC = 0.969560583436
Iteration 60: R^2 = 0.94537141557, ICC = 0.971909075751
Iteration 61: R^2 = 0.935735894975, ICC = 0.966417967979
Iteration 62: R^2 = 0.948496646817, ICC = 0.974522142991
Iteration 63: R^2 = 0.944088113506, ICC = 0.972188376182
Iteration 64: R^2 = 0.943509495025, ICC = 0.972483212622
Iteration 65: R^2 = 0.83506339597, ICC = 0.917672698519
Iteration 66: R^2 = 0.935721308483, ICC = 0.967969408172
Iteration 67: R^2 = 0.917461170479, ICC = 0.957747928659
Iteration 68: R^2 = 0.863987239286, ICC = 0.933188898005
Iteration 69: R^2 = 0.937558279549, ICC = 0.968595468256
Iteration 70: R^2 = 0.921637408453, ICC = 0.962109907023
Iteration 71: R^2 = 0.939281642049, ICC = 0.969427508649
Iteration 72: R^2 = 0.93489297856, ICC = 0.967467418651
Iteration 73: R^2 = 0.942808918142, ICC = 0.972554471779
Iteration 74: R^2 = 0.922690678336, ICC = 0.961493909153
Iteration 75: R^2 = 0.916922314362, ICC = 0.957897444404
Iteration 76: R^2 = 0.875370705406, ICC = 0.936965717317
Iteration 77: R^2 = 0.918198768182, ICC = 0.957307036142
Iteration 78: R^2 = 0.941048224192, ICC = 0.971490166068
Iteration 79: R^2 = 0.925386617188, ICC = 0.963517407518
Iteration 80: R^2 = 0.943030909612, ICC = 0.972112570322
Iteration 81: R^2 = 0.930343771972, ICC = 0.964729646332
Iteration 82: R^2 = 0.944277835846, ICC = 0.971143948543
Iteration 83: R^2 = 0.948483747506, ICC = 0.973370000564
Iteration 84: R^2 = 0.905662332229, ICC = 0.952404985175
Iteration 85: R^2 = 0.862451679336, ICC = 0.930137969643
Iteration 86: R^2 = 0.939961680759, ICC = 0.96948196663
Iteration 87: R^2 = 0.936998200274, ICC = 0.968825861263
Iteration 88: R^2 = 0.939923602096, ICC = 0.970114753658
Iteration 89: R^2 = 0.928929369969, ICC = 0.966069997418
Iteration 90: R^2 = 0.863311777504, ICC = 0.935302999019
Iteration 91: R^2 = 0.826104884952, ICC = 0.909603374854
Iteration 92: R^2 = 0.946891897137, ICC = 0.973412348469
Iteration 93: R^2 = 0.908946069236, ICC = 0.952254078649
Iteration 94: R^2 = 0.931186519013, ICC = 0.966045508126
Iteration 95: R^2 = 0.934290891845, ICC = 0.967050356813
Iteration 96: R^2 = 0.856646833534, ICC = 0.932552267428
Iteration 97: R^2 = 0.782825984429, ICC = 0.899523207546
Iteration 98: R^2 = 0.938473481519, ICC = 0.970247062513
Iteration 99: R^2 = 0.944573446077, ICC = 0.97184948124
R Squared list shape: (100,)
ICC list shape: (100,)
