Running abide_motion_wrapper_JAL.py
Fri Sep 23 12:27:42 EDT 2016
Iteration 0: R^2 = 0.953051988582, ICC = 0.976276872827
Iteration 1: R^2 = 0.975894925117, ICC = 0.988156069687
Iteration 2: R^2 = 0.940504150889, ICC = 0.971561637059
Iteration 3: R^2 = 0.963223562732, ICC = 0.98093232915
Iteration 4: R^2 = 0.973349328278, ICC = 0.98669532968
Iteration 5: R^2 = 0.973188549791, ICC = 0.986918750033
Iteration 6: R^2 = 0.958856243486, ICC = 0.979222624909
Iteration 7: R^2 = 0.97929389039, ICC = 0.989409658193
Iteration 8: R^2 = 0.978061408516, ICC = 0.989192037241
Iteration 9: R^2 = 0.971045813269, ICC = 0.98576690037
Iteration 10: R^2 = 0.977670600438, ICC = 0.988879068963
Iteration 11: R^2 = 0.962634087833, ICC = 0.981059062976
Iteration 12: R^2 = 0.974525065468, ICC = 0.987189536938
Iteration 13: R^2 = 0.976618495667, ICC = 0.988111918296
Iteration 14: R^2 = 0.968655891764, ICC = 0.984547815306
Iteration 15: R^2 = 0.969179035438, ICC = 0.984738102909
Iteration 16: R^2 = 0.980531051215, ICC = 0.990224572718
Iteration 17: R^2 = 0.96310560731, ICC = 0.981022986611
Iteration 18: R^2 = 0.973860526149, ICC = 0.986924997422
Iteration 19: R^2 = 0.964837576208, ICC = 0.982859098068
Iteration 20: R^2 = 0.980499929048, ICC = 0.990376332176
Iteration 21: R^2 = 0.957097820948, ICC = 0.978510910323
Iteration 22: R^2 = 0.968864355359, ICC = 0.984706077
Iteration 23: R^2 = 0.947963598177, ICC = 0.97531890904
Iteration 24: R^2 = 0.977898597539, ICC = 0.988768995569
Iteration 25: R^2 = 0.974873773068, ICC = 0.98735853478
Iteration 26: R^2 = 0.973496080803, ICC = 0.986474128194
Iteration 27: R^2 = 0.97790859196, ICC = 0.988740249433
Iteration 28: R^2 = 0.961968037159, ICC = 0.981733299136
Iteration 29: R^2 = 0.978231139147, ICC = 0.989200172484
Iteration 30: R^2 = 0.975406395665, ICC = 0.987707542973
Iteration 31: R^2 = 0.980339354193, ICC = 0.990125166654
Iteration 32: R^2 = 0.971529838227, ICC = 0.98605109498
Iteration 33: R^2 = 0.964406675229, ICC = 0.982122231649
Iteration 34: R^2 = 0.979261768376, ICC = 0.989400360652
Iteration 35: R^2 = 0.97251906021, ICC = 0.986554769848
Iteration 36: R^2 = 0.975566113605, ICC = 0.987961578692
Iteration 37: R^2 = 0.971916705972, ICC = 0.98632820265
Iteration 38: R^2 = 0.9756720926, ICC = 0.987998799835
Iteration 39: R^2 = 0.97820420345, ICC = 0.989265387753
Iteration 40: R^2 = 0.979054341517, ICC = 0.989472024653
Iteration 41: R^2 = 0.96801886925, ICC = 0.983923865677
Iteration 42: R^2 = 0.977377833741, ICC = 0.988660364373
Iteration 43: R^2 = 0.972957005233, ICC = 0.986826650675
Iteration 44: R^2 = 0.974835277499, ICC = 0.987378259639
Iteration 45: R^2 = 0.968853789537, ICC = 0.984660755044
Iteration 46: R^2 = 0.961537811523, ICC = 0.981573946229
Iteration 47: R^2 = 0.975276535584, ICC = 0.988143896548
Iteration 48: R^2 = 0.971265768388, ICC = 0.985457140433
Iteration 49: R^2 = 0.975786293249, ICC = 0.987754444454
Iteration 50: R^2 = 0.975661640076, ICC = 0.987792951894
Iteration 51: R^2 = 0.971208787012, ICC = 0.985648780076
Iteration 52: R^2 = 0.977602140656, ICC = 0.988639557574
Iteration 53: R^2 = 0.963501622344, ICC = 0.981898801977
Iteration 54: R^2 = 0.975074393335, ICC = 0.987625361921
Iteration 55: R^2 = 0.946434299251, ICC = 0.974317971382
Iteration 56: R^2 = 0.975598199543, ICC = 0.988090206425
Iteration 57: R^2 = 0.939391236042, ICC = 0.970297601738
Iteration 58: R^2 = 0.974190761894, ICC = 0.9870998702
Iteration 59: R^2 = 0.930381842466, ICC = 0.964622446738
Iteration 60: R^2 = 0.966667503605, ICC = 0.983607246315
Iteration 61: R^2 = 0.954100269829, ICC = 0.977587503887
Iteration 62: R^2 = 0.943493055801, ICC = 0.971748847221
Iteration 63: R^2 = 0.951247708726, ICC = 0.975512948125
Iteration 64: R^2 = 0.960661151732, ICC = 0.980263833357
Iteration 65: R^2 = 0.958731997065, ICC = 0.979096590034
Iteration 66: R^2 = 0.971588015182, ICC = 0.985947917589
Iteration 67: R^2 = 0.976055050921, ICC = 0.98805420475
Iteration 68: R^2 = 0.975009436083, ICC = 0.987338740103
Iteration 69: R^2 = 0.97601224672, ICC = 0.987812109673
Iteration 70: R^2 = 0.950279525899, ICC = 0.975877596806
Iteration 71: R^2 = 0.974951955013, ICC = 0.987605338484
Iteration 72: R^2 = 0.944854490698, ICC = 0.973015723246
Iteration 73: R^2 = 0.977646817269, ICC = 0.988703900778
Iteration 74: R^2 = 0.96768014437, ICC = 0.983515901407
Iteration 75: R^2 = 0.933411590797, ICC = 0.967723576811
Iteration 76: R^2 = 0.966788444593, ICC = 0.983579105912
Iteration 77: R^2 = 0.97645344991, ICC = 0.988210100003
Iteration 78: R^2 = 0.977703705706, ICC = 0.988730816141
Iteration 79: R^2 = 0.974321776501, ICC = 0.987149605652
Iteration 80: R^2 = 0.967989277509, ICC = 0.98404834235
Iteration 81: R^2 = 0.970107876125, ICC = 0.985636664686
Iteration 82: R^2 = 0.976851898031, ICC = 0.988348633262
Iteration 83: R^2 = 0.979863206745, ICC = 0.990013480524
Iteration 84: R^2 = 0.979705790208, ICC = 0.98971170541
Iteration 85: R^2 = 0.949917886571, ICC = 0.97433330092
Iteration 86: R^2 = 0.979008935079, ICC = 0.989568976467
Iteration 87: R^2 = 0.974377815355, ICC = 0.987119190009
Iteration 88: R^2 = 0.971127856644, ICC = 0.985855398426
Iteration 89: R^2 = 0.972742551641, ICC = 0.986299914652
Iteration 90: R^2 = 0.977798431929, ICC = 0.988933420919
Iteration 91: R^2 = 0.975238753819, ICC = 0.98771291204
Iteration 92: R^2 = 0.980420337184, ICC = 0.990202277176
Iteration 93: R^2 = 0.976337780217, ICC = 0.987967309656
Iteration 94: R^2 = 0.97572173037, ICC = 0.988008250739
Iteration 95: R^2 = 0.978468233053, ICC = 0.989284467412
Iteration 96: R^2 = 0.978058017192, ICC = 0.989250819022
Iteration 97: R^2 = 0.964923540206, ICC = 0.982242576378
Iteration 98: R^2 = 0.968008156759, ICC = 0.98418740961
Iteration 99: R^2 = 0.973981163477, ICC = 0.98684493954
R Squared list shape: (100,)
ICC list shape: (100,)
