Running abide_motion_wrapper_JAL.py
Fri Sep 23 12:24:37 EDT 2016
Iteration 0: R^2 = 0.903031799254, ICC = 0.952211742918
Iteration 1: R^2 = 0.950939158527, ICC = 0.974990400465
Iteration 2: R^2 = 0.941559620351, ICC = 0.970985842447
Iteration 3: R^2 = 0.887681944838, ICC = 0.942605148175
Iteration 4: R^2 = 0.932013453076, ICC = 0.966895080063
Iteration 5: R^2 = 0.937869588844, ICC = 0.969830940029
Iteration 6: R^2 = 0.919210053663, ICC = 0.961538209317
Iteration 7: R^2 = 0.942770258955, ICC = 0.971966398345
Iteration 8: R^2 = 0.918259601424, ICC = 0.956938316377
Iteration 9: R^2 = 0.952089093244, ICC = 0.97619244773
Iteration 10: R^2 = 0.94006727202, ICC = 0.970087180532
Iteration 11: R^2 = 0.927409920716, ICC = 0.965865316968
Iteration 12: R^2 = 0.936380699731, ICC = 0.969435081406
Iteration 13: R^2 = 0.892772601887, ICC = 0.9503048851
Iteration 14: R^2 = 0.945040469665, ICC = 0.973310446822
Iteration 15: R^2 = 0.934202629393, ICC = 0.967474168044
Iteration 16: R^2 = 0.903098443891, ICC = 0.949995355401
Iteration 17: R^2 = 0.927832388743, ICC = 0.96445573058
Iteration 18: R^2 = 0.935872118154, ICC = 0.967977759719
Iteration 19: R^2 = 0.941612938037, ICC = 0.97083760448
Iteration 20: R^2 = 0.937533333504, ICC = 0.968964212597
Iteration 21: R^2 = 0.947184953249, ICC = 0.97273017025
Iteration 22: R^2 = 0.954823953392, ICC = 0.977081552584
Iteration 23: R^2 = 0.937039584524, ICC = 0.968999179533
Iteration 24: R^2 = 0.930322185426, ICC = 0.964904082467
Iteration 25: R^2 = 0.950970506785, ICC = 0.975033835769
Iteration 26: R^2 = 0.94109366151, ICC = 0.970031603637
Iteration 27: R^2 = 0.935522202188, ICC = 0.968635343957
Iteration 28: R^2 = 0.938986844281, ICC = 0.970554116196
Iteration 29: R^2 = 0.904262691719, ICC = 0.952345862713
Iteration 30: R^2 = 0.86840724031, ICC = 0.930115119816
Iteration 31: R^2 = 0.932029611617, ICC = 0.966445639958
Iteration 32: R^2 = 0.940962885253, ICC = 0.970231891997
Iteration 33: R^2 = 0.880228839409, ICC = 0.942865273314
Iteration 34: R^2 = 0.89086104296, ICC = 0.947051489609
Iteration 35: R^2 = 0.864947924012, ICC = 0.936201106505
Iteration 36: R^2 = 0.92426953353, ICC = 0.963697779385
Iteration 37: R^2 = 0.933951570491, ICC = 0.966500125386
Iteration 38: R^2 = 0.941571247529, ICC = 0.970287773299
Iteration 39: R^2 = 0.919081155655, ICC = 0.957962812434
Iteration 40: R^2 = 0.93008875458, ICC = 0.9656681347
Iteration 41: R^2 = 0.947788523706, ICC = 0.972937694836
Iteration 42: R^2 = 0.931328694656, ICC = 0.966616692415
Iteration 43: R^2 = 0.937871445461, ICC = 0.968107134152
Iteration 44: R^2 = 0.942929892402, ICC = 0.970777822935
Iteration 45: R^2 = 0.909191178314, ICC = 0.954292211437
Iteration 46: R^2 = 0.932913098337, ICC = 0.965931321383
Iteration 47: R^2 = 0.923646666972, ICC = 0.962180866422
Iteration 48: R^2 = 0.945571381648, ICC = 0.973371790071
Iteration 49: R^2 = 0.937614160129, ICC = 0.969168847787
Iteration 50: R^2 = 0.936397071699, ICC = 0.968053648383
Iteration 51: R^2 = 0.927831936056, ICC = 0.962988398804
Iteration 52: R^2 = 0.927222938858, ICC = 0.964470824562
Iteration 53: R^2 = 0.94237868076, ICC = 0.970756739184
Iteration 54: R^2 = 0.937805353645, ICC = 0.969055928163
Iteration 55: R^2 = 0.917181704054, ICC = 0.957684515869
Iteration 56: R^2 = 0.857559188067, ICC = 0.934515806451
Iteration 57: R^2 = 0.944416054917, ICC = 0.971268392775
Iteration 58: R^2 = 0.936586215287, ICC = 0.968961499046
Iteration 59: R^2 = 0.947306273698, ICC = 0.972838460938
Iteration 60: R^2 = 0.908418779262, ICC = 0.957734431255
Iteration 61: R^2 = 0.938818183045, ICC = 0.96966646486
Iteration 62: R^2 = 0.93375135709, ICC = 0.967925863686
Iteration 63: R^2 = 0.932541913236, ICC = 0.965981869189
Iteration 64: R^2 = 0.93631379236, ICC = 0.966430424436
Iteration 65: R^2 = 0.938477093221, ICC = 0.968311357845
Iteration 66: R^2 = 0.932399031969, ICC = 0.966964319628
Iteration 67: R^2 = 0.948747511069, ICC = 0.974941267687
Iteration 68: R^2 = 0.873408655675, ICC = 0.935790009936
Iteration 69: R^2 = 0.933939825659, ICC = 0.967748221313
Iteration 70: R^2 = 0.938351737411, ICC = 0.969311381024
Iteration 71: R^2 = 0.948473783549, ICC = 0.974243042218
Iteration 72: R^2 = 0.938230977348, ICC = 0.969928459811
Iteration 73: R^2 = 0.786538826612, ICC = 0.900728274853
Iteration 74: R^2 = 0.895281162558, ICC = 0.949279338469
Iteration 75: R^2 = 0.930718272465, ICC = 0.964525119397
Iteration 76: R^2 = 0.90983356619, ICC = 0.953691835758
Iteration 77: R^2 = 0.926646965377, ICC = 0.962861183197
Iteration 78: R^2 = 0.940999952679, ICC = 0.969629978627
Iteration 79: R^2 = 0.897269866258, ICC = 0.94941042133
Iteration 80: R^2 = 0.932191085168, ICC = 0.965993996276
Iteration 81: R^2 = 0.943781112154, ICC = 0.972694404146
Iteration 82: R^2 = 0.903832902853, ICC = 0.953060448227
Iteration 83: R^2 = 0.946366767996, ICC = 0.973714134579
Iteration 84: R^2 = 0.943050567747, ICC = 0.971935972148
Iteration 85: R^2 = 0.877811679411, ICC = 0.93922724511
Iteration 86: R^2 = 0.88914460491, ICC = 0.946231829634
Iteration 87: R^2 = 0.906635215635, ICC = 0.951090044981
Iteration 88: R^2 = 0.878300862815, ICC = 0.939958679367
Iteration 89: R^2 = 0.949168621144, ICC = 0.975205194406
Iteration 90: R^2 = 0.918048718445, ICC = 0.959969998862
Iteration 91: R^2 = 0.923496337123, ICC = 0.964193190176
Iteration 92: R^2 = 0.954292801353, ICC = 0.977228873399
Iteration 93: R^2 = 0.940361165232, ICC = 0.96959551368
Iteration 94: R^2 = 0.937539739149, ICC = 0.968389984216
Iteration 95: R^2 = 0.935080805104, ICC = 0.96869242039
Iteration 96: R^2 = 0.862704210046, ICC = 0.935703979183
Iteration 97: R^2 = 0.898234487986, ICC = 0.951783729768
Iteration 98: R^2 = 0.942089291939, ICC = 0.971837890212
Iteration 99: R^2 = 0.938975355411, ICC = 0.968728876532
R Squared list shape: (100,)
ICC list shape: (100,)
