Running abide_motion_wrapper_JAL.py
Fri Sep 23 12:32:44 EDT 2016
Iteration 0: R^2 = 0.960903562713, ICC = 0.979994575661
Iteration 1: R^2 = 0.956248486245, ICC = 0.979079481787
Iteration 2: R^2 = 0.967692821173, ICC = 0.984127186578
Iteration 3: R^2 = 0.920480143427, ICC = 0.959577095246
Iteration 4: R^2 = 0.962091677481, ICC = 0.981118105051
Iteration 5: R^2 = 0.964971830579, ICC = 0.982728798175
Iteration 6: R^2 = 0.953752916723, ICC = 0.977001158079
Iteration 7: R^2 = 0.964231938977, ICC = 0.982315859667
Iteration 8: R^2 = 0.962051121279, ICC = 0.980570072191
Iteration 9: R^2 = 0.965215943534, ICC = 0.982678345167
Iteration 10: R^2 = 0.967221274467, ICC = 0.983511642279
Iteration 11: R^2 = 0.963465093669, ICC = 0.981950163107
Iteration 12: R^2 = 0.949614280653, ICC = 0.974065533527
Iteration 13: R^2 = 0.951023361818, ICC = 0.975785194622
Iteration 14: R^2 = 0.962313346277, ICC = 0.981203485759
Iteration 15: R^2 = 0.928254835419, ICC = 0.964205875852
Iteration 16: R^2 = 0.964092479951, ICC = 0.982016895995
Iteration 17: R^2 = 0.960441700859, ICC = 0.980344669701
Iteration 18: R^2 = 0.954422918305, ICC = 0.977399019784
Iteration 19: R^2 = 0.963716003443, ICC = 0.981526695174
Iteration 20: R^2 = 0.964595867684, ICC = 0.982654493335
Iteration 21: R^2 = 0.955748763737, ICC = 0.978152796538
Iteration 22: R^2 = 0.962128534732, ICC = 0.981408710232
Iteration 23: R^2 = 0.967960538554, ICC = 0.984332411901
Iteration 24: R^2 = 0.967622185162, ICC = 0.98395281358
Iteration 25: R^2 = 0.970361964891, ICC = 0.985061944175
Iteration 26: R^2 = 0.938261724401, ICC = 0.968630350616
Iteration 27: R^2 = 0.962337692563, ICC = 0.981381704045
Iteration 28: R^2 = 0.964223727018, ICC = 0.981572415755
Iteration 29: R^2 = 0.970994613474, ICC = 0.985589861404
Iteration 30: R^2 = 0.951843218136, ICC = 0.975905218408
Iteration 31: R^2 = 0.952731165102, ICC = 0.976890787297
Iteration 32: R^2 = 0.950972107315, ICC = 0.975705166202
Iteration 33: R^2 = 0.960350231961, ICC = 0.98105183303
Iteration 34: R^2 = 0.9698514606, ICC = 0.984498235688
Iteration 35: R^2 = 0.928558889073, ICC = 0.966172988245
Iteration 36: R^2 = 0.967363301946, ICC = 0.984099889465
Iteration 37: R^2 = 0.942714192285, ICC = 0.970466747577
Iteration 38: R^2 = 0.968823376061, ICC = 0.984664351299
Iteration 39: R^2 = 0.953861083083, ICC = 0.976655136783
Iteration 40: R^2 = 0.969542044094, ICC = 0.984760479232
Iteration 41: R^2 = 0.958518764782, ICC = 0.979584974903
Iteration 42: R^2 = 0.964528494429, ICC = 0.982799287404
Iteration 43: R^2 = 0.972158613227, ICC = 0.98637536005
Iteration 44: R^2 = 0.955423824916, ICC = 0.978107711573
Iteration 45: R^2 = 0.970598439636, ICC = 0.98522480103
Iteration 46: R^2 = 0.967966618773, ICC = 0.983653395721
Iteration 47: R^2 = 0.966337606669, ICC = 0.982961567431
Iteration 48: R^2 = 0.906083845246, ICC = 0.950782154883
Iteration 49: R^2 = 0.953552560873, ICC = 0.976139431612
Iteration 50: R^2 = 0.970492219478, ICC = 0.984751890342
Iteration 51: R^2 = 0.960109574803, ICC = 0.980833584348
Iteration 52: R^2 = 0.967353231799, ICC = 0.983131653048
Iteration 53: R^2 = 0.960496912934, ICC = 0.979664335496
Iteration 54: R^2 = 0.947595987802, ICC = 0.973748499995
Iteration 55: R^2 = 0.969115629651, ICC = 0.984699636468
Iteration 56: R^2 = 0.950488118859, ICC = 0.976117786047
Iteration 57: R^2 = 0.930189463399, ICC = 0.964189222087
Iteration 58: R^2 = 0.964757113677, ICC = 0.982580079639
Iteration 59: R^2 = 0.956485080126, ICC = 0.978495804645
Iteration 60: R^2 = 0.954832049291, ICC = 0.977881308966
Iteration 61: R^2 = 0.953106658336, ICC = 0.976370163577
Iteration 62: R^2 = 0.964333081647, ICC = 0.982447465245
Iteration 63: R^2 = 0.958300608832, ICC = 0.979281182271
Iteration 64: R^2 = 0.962390590298, ICC = 0.981548817647
Iteration 65: R^2 = 0.966337323233, ICC = 0.982884836613
Iteration 66: R^2 = 0.946868982992, ICC = 0.972895497878
Iteration 67: R^2 = 0.93817384815, ICC = 0.969994089358
Iteration 68: R^2 = 0.939225762131, ICC = 0.970478707083
Iteration 69: R^2 = 0.960529143231, ICC = 0.980920250293
Iteration 70: R^2 = 0.970432678692, ICC = 0.985153045955
Iteration 71: R^2 = 0.97019129205, ICC = 0.984205296664
Iteration 72: R^2 = 0.960500296802, ICC = 0.980093774022
Iteration 73: R^2 = 0.961472051798, ICC = 0.980386368615
Iteration 74: R^2 = 0.962758532333, ICC = 0.981255253785
Iteration 75: R^2 = 0.968960470129, ICC = 0.984156719178
Iteration 76: R^2 = 0.965181050258, ICC = 0.982949362179
Iteration 77: R^2 = 0.96373016367, ICC = 0.981666075145
Iteration 78: R^2 = 0.963231410864, ICC = 0.981197601096
Iteration 79: R^2 = 0.936556313755, ICC = 0.968966237492
Iteration 80: R^2 = 0.968586934221, ICC = 0.984362317737
Iteration 81: R^2 = 0.946559450847, ICC = 0.973845936068
Iteration 82: R^2 = 0.959480873798, ICC = 0.980628482088
Iteration 83: R^2 = 0.95816031263, ICC = 0.978863583271
Iteration 84: R^2 = 0.965249739173, ICC = 0.982526156504
Iteration 85: R^2 = 0.9691328723, ICC = 0.984285446384
Iteration 86: R^2 = 0.950136772752, ICC = 0.974546641143
Iteration 87: R^2 = 0.965585505422, ICC = 0.982544291232
Iteration 88: R^2 = 0.961363271467, ICC = 0.980647236175
Iteration 89: R^2 = 0.961016188657, ICC = 0.979973155382
Iteration 90: R^2 = 0.963402636412, ICC = 0.98212659419
Iteration 91: R^2 = 0.95958737384, ICC = 0.979431172174
Iteration 92: R^2 = 0.943567025164, ICC = 0.971459068147
Iteration 93: R^2 = 0.968074983963, ICC = 0.984068949887
Iteration 94: R^2 = 0.953063598393, ICC = 0.975852547086
Iteration 95: R^2 = 0.933447565454, ICC = 0.964703725742
Iteration 96: R^2 = 0.928950404254, ICC = 0.965652402147
Iteration 97: R^2 = 0.963717114613, ICC = 0.98197265646
Iteration 98: R^2 = 0.955768559022, ICC = 0.978190663273
Iteration 99: R^2 = 0.969244977418, ICC = 0.984875908528
R Squared list shape: (100,)
ICC list shape: (100,)
