Running abide_motion_wrapper_JAL.py
Fri Sep 23 12:26:51 EDT 2016
Iteration 0: R^2 = 0.88648796156, ICC = 0.944449560558
Iteration 1: R^2 = 0.906256782223, ICC = 0.951703604359
Iteration 2: R^2 = 0.864262747427, ICC = 0.928521961891
Iteration 3: R^2 = 0.875833112459, ICC = 0.939604313414
Iteration 4: R^2 = 0.888569765999, ICC = 0.9463065969
Iteration 5: R^2 = 0.760477395481, ICC = 0.883144849647
Iteration 6: R^2 = 0.837637403103, ICC = 0.921721793408
Iteration 7: R^2 = 0.889659564739, ICC = 0.944750423201
Iteration 8: R^2 = 0.893177188224, ICC = 0.946639729165
Iteration 9: R^2 = 0.884213354665, ICC = 0.946595014686
Iteration 10: R^2 = 0.842344985124, ICC = 0.923948315062
Iteration 11: R^2 = 0.907791201846, ICC = 0.953664496243
Iteration 12: R^2 = 0.855339604725, ICC = 0.925259663786
Iteration 13: R^2 = 0.874679891179, ICC = 0.939156535755
Iteration 14: R^2 = 0.890834913034, ICC = 0.947944357059
Iteration 15: R^2 = 0.885334129002, ICC = 0.939608540672
Iteration 16: R^2 = 0.874275990899, ICC = 0.933831219518
Iteration 17: R^2 = 0.894851181205, ICC = 0.945913934132
Iteration 18: R^2 = 0.842793235746, ICC = 0.92897225689
Iteration 19: R^2 = 0.618503574976, ICC = 0.83273203874
Iteration 20: R^2 = 0.827619664726, ICC = 0.907764809119
Iteration 21: R^2 = 0.902211946564, ICC = 0.951273285845
Iteration 22: R^2 = 0.874071838998, ICC = 0.938205255189
Iteration 23: R^2 = 0.880814846416, ICC = 0.939459199834
Iteration 24: R^2 = 0.855103515496, ICC = 0.929466553024
Iteration 25: R^2 = 0.883811432226, ICC = 0.939271640611
Iteration 26: R^2 = 0.900801457986, ICC = 0.949899785165
Iteration 27: R^2 = 0.666007184475, ICC = 0.835696774448
Iteration 28: R^2 = 0.886771360362, ICC = 0.942766790122
Iteration 29: R^2 = 0.892215027147, ICC = 0.946735375667
Iteration 30: R^2 = 0.838214427273, ICC = 0.917624067262
Iteration 31: R^2 = 0.673738297509, ICC = 0.852940564564
Iteration 32: R^2 = 0.89414435922, ICC = 0.945780183124
Iteration 33: R^2 = 0.901063557816, ICC = 0.949669987367
Iteration 34: R^2 = 0.834414771972, ICC = 0.921581615289
Iteration 35: R^2 = 0.907133616083, ICC = 0.953931717447
Iteration 36: R^2 = 0.859445090188, ICC = 0.934192723554
Iteration 37: R^2 = 0.882522591596, ICC = 0.942851605292
Iteration 38: R^2 = 0.851223333288, ICC = 0.923382046436
Iteration 39: R^2 = 0.890660152267, ICC = 0.946090081788
Iteration 40: R^2 = 0.886986440587, ICC = 0.94246480837
Iteration 41: R^2 = 0.902546705393, ICC = 0.950482703454
Iteration 42: R^2 = 0.889253480891, ICC = 0.942346960321
Iteration 43: R^2 = 0.859524647339, ICC = 0.928375064682
Iteration 44: R^2 = 0.787917141129, ICC = 0.901503158698
Iteration 45: R^2 = 0.828173913543, ICC = 0.918011002837
Iteration 46: R^2 = 0.832114600443, ICC = 0.917146110298
Iteration 47: R^2 = 0.80917515173, ICC = 0.903259377411
Iteration 48: R^2 = 0.904962374946, ICC = 0.951945017398
Iteration 49: R^2 = 0.882619858859, ICC = 0.940041633225
Iteration 50: R^2 = 0.890116393005, ICC = 0.946307255658
Iteration 51: R^2 = 0.888749109513, ICC = 0.943251183487
Iteration 52: R^2 = 0.863736245203, ICC = 0.928470315952
Iteration 53: R^2 = 0.849941831275, ICC = 0.926427803605
Iteration 54: R^2 = 0.855790385527, ICC = 0.92963579791
Iteration 55: R^2 = 0.810142386618, ICC = 0.911806701048
Iteration 56: R^2 = 0.900244650506, ICC = 0.949199864282
Iteration 57: R^2 = 0.866011655828, ICC = 0.931498765196
Iteration 58: R^2 = 0.829878129277, ICC = 0.92024677433
Iteration 59: R^2 = 0.884027762628, ICC = 0.94063199608
Iteration 60: R^2 = 0.889084869819, ICC = 0.942841047338
Iteration 61: R^2 = 0.886838059647, ICC = 0.940432621033
Iteration 62: R^2 = 0.892654575688, ICC = 0.94663141582
Iteration 63: R^2 = 0.829897773283, ICC = 0.909174457521
Iteration 64: R^2 = 0.886775755179, ICC = 0.942387966694
Iteration 65: R^2 = 0.874085980332, ICC = 0.938106681905
Iteration 66: R^2 = 0.833519585476, ICC = 0.913959139473
Iteration 67: R^2 = 0.875700835278, ICC = 0.935569582576
Iteration 68: R^2 = 0.901328516333, ICC = 0.949395545148
Iteration 69: R^2 = 0.886343356555, ICC = 0.945080392475
Iteration 70: R^2 = 0.850645564787, ICC = 0.919701149215
Iteration 71: R^2 = 0.835556603186, ICC = 0.917104107814
Iteration 72: R^2 = 0.898031570047, ICC = 0.947998360182
Iteration 73: R^2 = 0.873531268961, ICC = 0.936888318417
Iteration 74: R^2 = 0.879509092644, ICC = 0.937901059219
Iteration 75: R^2 = 0.7886220447, ICC = 0.902009793705
Iteration 76: R^2 = 0.859524470145, ICC = 0.932518324873
Iteration 77: R^2 = 0.725923047925, ICC = 0.860918577402
Iteration 78: R^2 = 0.860317603588, ICC = 0.93176900619
Iteration 79: R^2 = 0.869020049509, ICC = 0.938802834001
Iteration 80: R^2 = 0.890730206335, ICC = 0.94577170706
Iteration 81: R^2 = 0.853612436616, ICC = 0.932791443301
Iteration 82: R^2 = 0.756862481174, ICC = 0.873375922634
Iteration 83: R^2 = 0.895218041702, ICC = 0.950587665801
Iteration 84: R^2 = 0.852497911155, ICC = 0.925634563636
Iteration 85: R^2 = 0.880124853352, ICC = 0.93753676226
Iteration 86: R^2 = 0.874872920021, ICC = 0.938070415641
Iteration 87: R^2 = 0.897497971941, ICC = 0.949920607728
Iteration 88: R^2 = 0.871388596316, ICC = 0.936653359346
Iteration 89: R^2 = 0.86795817192, ICC = 0.929386370097
Iteration 90: R^2 = 0.881297519837, ICC = 0.937853250958
Iteration 91: R^2 = 0.891851789072, ICC = 0.94287404475
Iteration 92: R^2 = 0.603374502053, ICC = 0.836563380396
Iteration 93: R^2 = 0.824984892883, ICC = 0.91524963859
Iteration 94: R^2 = 0.773586612144, ICC = 0.891095871502
Iteration 95: R^2 = 0.888592496809, ICC = 0.946807166212
Iteration 96: R^2 = 0.795907230488, ICC = 0.892437294416
Iteration 97: R^2 = 0.890146643219, ICC = 0.94693322968
Iteration 98: R^2 = 0.853396533038, ICC = 0.926777896575
Iteration 99: R^2 = 0.872320785827, ICC = 0.936160678322
R Squared list shape: (100,)
ICC list shape: (100,)
