Running abide_motion_wrapper_JAL.py
Fri Sep 23 12:27:42 EDT 2016
Iteration 0: R^2 = 0.918765348639, ICC = 0.959633250112
Iteration 1: R^2 = 0.924370293628, ICC = 0.961512202254
Iteration 2: R^2 = 0.918866115639, ICC = 0.959397882129
Iteration 3: R^2 = 0.939015315566, ICC = 0.969296833967
Iteration 4: R^2 = 0.914454176443, ICC = 0.95709448898
Iteration 5: R^2 = 0.893564041868, ICC = 0.94835538711
Iteration 6: R^2 = 0.904350260708, ICC = 0.954130591809
Iteration 7: R^2 = 0.893485243303, ICC = 0.946538226888
Iteration 8: R^2 = 0.846142203046, ICC = 0.92322190547
Iteration 9: R^2 = 0.912182176681, ICC = 0.956868736778
Iteration 10: R^2 = 0.912526894257, ICC = 0.95555699485
Iteration 11: R^2 = 0.90337211712, ICC = 0.95246004475
Iteration 12: R^2 = 0.860798128262, ICC = 0.927002862079
Iteration 13: R^2 = 0.915565698018, ICC = 0.960025122669
Iteration 14: R^2 = 0.917498930401, ICC = 0.957113531403
Iteration 15: R^2 = 0.907488131382, ICC = 0.956095970221
Iteration 16: R^2 = 0.937983096922, ICC = 0.967696947478
Iteration 17: R^2 = 0.927542129438, ICC = 0.963526557393
Iteration 18: R^2 = 0.919044377212, ICC = 0.957719950975
Iteration 19: R^2 = 0.904511177775, ICC = 0.952254055198
Iteration 20: R^2 = 0.921477246784, ICC = 0.960902185316
Iteration 21: R^2 = 0.901800285622, ICC = 0.953351013129
Iteration 22: R^2 = 0.924840529553, ICC = 0.963364572993
Iteration 23: R^2 = 0.870789380735, ICC = 0.936305822174
Iteration 24: R^2 = 0.927789361871, ICC = 0.963645070811
Iteration 25: R^2 = 0.906827439465, ICC = 0.955660655751
Iteration 26: R^2 = 0.918871954927, ICC = 0.958143482319
Iteration 27: R^2 = 0.92239927333, ICC = 0.962122498706
Iteration 28: R^2 = 0.921046186102, ICC = 0.96133670853
Iteration 29: R^2 = 0.924240360173, ICC = 0.962388725536
Iteration 30: R^2 = 0.861342670529, ICC = 0.937262426069
Iteration 31: R^2 = 0.880379791323, ICC = 0.93875689648
Iteration 32: R^2 = 0.910491080795, ICC = 0.954372628144
Iteration 33: R^2 = 0.727797775353, ICC = 0.856761887997
Iteration 34: R^2 = 0.926508578155, ICC = 0.963033034416
Iteration 35: R^2 = 0.696213860083, ICC = 0.863534976758
Iteration 36: R^2 = 0.916481306232, ICC = 0.959535573773
Iteration 37: R^2 = 0.926078318526, ICC = 0.964866899925
Iteration 38: R^2 = 0.901792970127, ICC = 0.948085750995
Iteration 39: R^2 = 0.922457062302, ICC = 0.961461688573
Iteration 40: R^2 = 0.926677817718, ICC = 0.963184494197
Iteration 41: R^2 = 0.861635309071, ICC = 0.926697847914
Iteration 42: R^2 = 0.904959500883, ICC = 0.954717807555
Iteration 43: R^2 = 0.921581871822, ICC = 0.962034058484
Iteration 44: R^2 = 0.928127215052, ICC = 0.96405019654
Iteration 45: R^2 = 0.927694404087, ICC = 0.963411516418
Iteration 46: R^2 = 0.893018211309, ICC = 0.945545606651
Iteration 47: R^2 = 0.916001635581, ICC = 0.959171983819
Iteration 48: R^2 = 0.885037788718, ICC = 0.944331697527
Iteration 49: R^2 = 0.928702221666, ICC = 0.964310566801
Iteration 50: R^2 = 0.933070319287, ICC = 0.966388851795
Iteration 51: R^2 = 0.921502169009, ICC = 0.958269350312
Iteration 52: R^2 = 0.865404689027, ICC = 0.930068179593
Iteration 53: R^2 = 0.913584718867, ICC = 0.957343488862
Iteration 54: R^2 = 0.793685095714, ICC = 0.89775204041
Iteration 55: R^2 = 0.83728065947, ICC = 0.923637681431
Iteration 56: R^2 = 0.83115296078, ICC = 0.912649581005
Iteration 57: R^2 = 0.884823592055, ICC = 0.946304964664
Iteration 58: R^2 = 0.843985297289, ICC = 0.922458050874
Iteration 59: R^2 = 0.908708535935, ICC = 0.953343493398
Iteration 60: R^2 = 0.927549825515, ICC = 0.963542371099
Iteration 61: R^2 = 0.927648843962, ICC = 0.965144947442
Iteration 62: R^2 = 0.921656409026, ICC = 0.95981877167
Iteration 63: R^2 = 0.915278986837, ICC = 0.957549878865
Iteration 64: R^2 = 0.898991519373, ICC = 0.950463894539
Iteration 65: R^2 = 0.859686168697, ICC = 0.929444992837
Iteration 66: R^2 = 0.935078959791, ICC = 0.966472484246
Iteration 67: R^2 = 0.917210651719, ICC = 0.958057501584
Iteration 68: R^2 = 0.913610173371, ICC = 0.953959588979
Iteration 69: R^2 = 0.892381668036, ICC = 0.949119550732
Iteration 70: R^2 = 0.912454358242, ICC = 0.957007498979
Iteration 71: R^2 = 0.924177991407, ICC = 0.962512259251
Iteration 72: R^2 = 0.90035043772, ICC = 0.947326022301
Iteration 73: R^2 = 0.894345786633, ICC = 0.948592537996
Iteration 74: R^2 = 0.917394287362, ICC = 0.960134098737
Iteration 75: R^2 = 0.923225330606, ICC = 0.962250621393
Iteration 76: R^2 = 0.928863293364, ICC = 0.964557896618
Iteration 77: R^2 = 0.921919509327, ICC = 0.961518084293
Iteration 78: R^2 = 0.937702090155, ICC = 0.968475952605
Iteration 79: R^2 = 0.864868049436, ICC = 0.93608211907
Iteration 80: R^2 = 0.902930741001, ICC = 0.951425531403
Iteration 81: R^2 = 0.930389895128, ICC = 0.966257358236
Iteration 82: R^2 = 0.928681893586, ICC = 0.963694643177
Iteration 83: R^2 = 0.901976927108, ICC = 0.951208312748
Iteration 84: R^2 = 0.923998490237, ICC = 0.961462192981
Iteration 85: R^2 = 0.923247253182, ICC = 0.963172069393
Iteration 86: R^2 = 0.895877422186, ICC = 0.950148907374
Iteration 87: R^2 = 0.911598707501, ICC = 0.958015755604
Iteration 88: R^2 = 0.884741002474, ICC = 0.943650733212
Iteration 89: R^2 = 0.922366938836, ICC = 0.96237374801
Iteration 90: R^2 = 0.873538629282, ICC = 0.937473425285
Iteration 91: R^2 = 0.841279805729, ICC = 0.92414990909
Iteration 92: R^2 = 0.882623517751, ICC = 0.940145015754
Iteration 93: R^2 = 0.898338137439, ICC = 0.946151924846
Iteration 94: R^2 = 0.880922285439, ICC = 0.944846210805
Iteration 95: R^2 = 0.933232598665, ICC = 0.966016173429
Iteration 96: R^2 = 0.864693220212, ICC = 0.937949542296
Iteration 97: R^2 = 0.910218305922, ICC = 0.956781611137
Iteration 98: R^2 = 0.887615864554, ICC = 0.943568571991
Iteration 99: R^2 = 0.852298526776, ICC = 0.92981720685
R Squared list shape: (100,)
ICC list shape: (100,)
