Running abide_motion_wrapper_JAL.py
Fri Sep 23 12:21:31 EDT 2016
Iteration 0: R^2 = 0.900536299645, ICC = 0.951191244698
Iteration 1: R^2 = 0.888969404167, ICC = 0.94507887784
Iteration 2: R^2 = 0.833875563973, ICC = 0.914102897866
Iteration 3: R^2 = 0.919359489567, ICC = 0.959930591304
Iteration 4: R^2 = 0.90824174629, ICC = 0.952760950496
Iteration 5: R^2 = 0.923056601394, ICC = 0.962454295445
Iteration 6: R^2 = 0.915702601073, ICC = 0.958826322863
Iteration 7: R^2 = 0.924974740299, ICC = 0.963080748378
Iteration 8: R^2 = 0.919752345253, ICC = 0.960622254471
Iteration 9: R^2 = 0.917413834416, ICC = 0.958372279214
Iteration 10: R^2 = 0.856961292205, ICC = 0.927491038992
Iteration 11: R^2 = 0.89264935101, ICC = 0.948813540073
Iteration 12: R^2 = 0.873866921503, ICC = 0.938418108757
Iteration 13: R^2 = 0.909860292156, ICC = 0.953052739207
Iteration 14: R^2 = 0.926462022648, ICC = 0.96447861157
Iteration 15: R^2 = 0.912416509947, ICC = 0.9564433111
Iteration 16: R^2 = 0.922690704947, ICC = 0.961581411572
Iteration 17: R^2 = 0.916564783197, ICC = 0.958902843837
Iteration 18: R^2 = 0.791228155522, ICC = 0.891973564753
Iteration 19: R^2 = 0.919118729992, ICC = 0.958351835727
Iteration 20: R^2 = 0.89108594347, ICC = 0.948101189402
Iteration 21: R^2 = 0.930694545816, ICC = 0.965600999321
Iteration 22: R^2 = 0.89788810227, ICC = 0.950542096032
Iteration 23: R^2 = 0.896082121662, ICC = 0.948134728164
Iteration 24: R^2 = 0.932382415811, ICC = 0.964920291388
Iteration 25: R^2 = 0.917621354708, ICC = 0.957689602577
Iteration 26: R^2 = 0.905835199231, ICC = 0.954719312282
Iteration 27: R^2 = 0.907756941896, ICC = 0.954922473416
Iteration 28: R^2 = 0.928641109923, ICC = 0.963714556721
Iteration 29: R^2 = 0.906005827614, ICC = 0.95461833058
Iteration 30: R^2 = 0.886130908796, ICC = 0.941428432429
Iteration 31: R^2 = 0.902256188337, ICC = 0.951586586734
Iteration 32: R^2 = 0.92285616439, ICC = 0.962324315614
Iteration 33: R^2 = 0.921137037325, ICC = 0.960732602026
Iteration 34: R^2 = 0.855612685476, ICC = 0.923059666789
Iteration 35: R^2 = 0.890467959408, ICC = 0.947386331888
Iteration 36: R^2 = 0.905607512815, ICC = 0.953037481963
Iteration 37: R^2 = 0.891291406174, ICC = 0.94574937232
Iteration 38: R^2 = 0.920763713979, ICC = 0.959751282766
Iteration 39: R^2 = 0.897162347492, ICC = 0.951269869974
Iteration 40: R^2 = 0.741700262913, ICC = 0.878532062477
Iteration 41: R^2 = 0.920813641902, ICC = 0.961063446189
Iteration 42: R^2 = 0.905182269107, ICC = 0.952688811689
Iteration 43: R^2 = 0.913369489191, ICC = 0.957202193145
Iteration 44: R^2 = 0.77604780276, ICC = 0.891310657517
Iteration 45: R^2 = 0.889242458534, ICC = 0.944932694735
Iteration 46: R^2 = 0.891423304314, ICC = 0.945860819716
Iteration 47: R^2 = 0.91810213596, ICC = 0.958186123722
Iteration 48: R^2 = 0.907317977068, ICC = 0.953215182087
Iteration 49: R^2 = 0.891265653473, ICC = 0.944573139605
Iteration 50: R^2 = 0.907132102707, ICC = 0.956715582924
Iteration 51: R^2 = 0.908348117128, ICC = 0.955818190955
Iteration 52: R^2 = 0.903178178815, ICC = 0.951872760329
Iteration 53: R^2 = 0.84094866331, ICC = 0.921852552356
Iteration 54: R^2 = 0.926608319612, ICC = 0.964676170362
Iteration 55: R^2 = 0.904518776043, ICC = 0.951244320331
Iteration 56: R^2 = 0.935141080689, ICC = 0.967324198283
Iteration 57: R^2 = 0.917208974664, ICC = 0.956225709656
Iteration 58: R^2 = 0.9164704283, ICC = 0.958028185023
Iteration 59: R^2 = 0.922143154675, ICC = 0.96271048486
Iteration 60: R^2 = 0.910561537807, ICC = 0.95480005115
Iteration 61: R^2 = 0.926848646323, ICC = 0.964234347162
Iteration 62: R^2 = 0.923781682691, ICC = 0.959698795383
Iteration 63: R^2 = 0.877768793041, ICC = 0.942927464276
Iteration 64: R^2 = 0.920736479415, ICC = 0.961125832432
Iteration 65: R^2 = 0.894829666756, ICC = 0.949393338577
Iteration 66: R^2 = 0.893860483122, ICC = 0.946939427204
Iteration 67: R^2 = 0.920652092083, ICC = 0.960932468277
Iteration 68: R^2 = 0.865952776642, ICC = 0.932238466941
Iteration 69: R^2 = 0.912854940075, ICC = 0.958200674066
Iteration 70: R^2 = 0.924204075953, ICC = 0.959609053341
Iteration 71: R^2 = 0.884815449715, ICC = 0.946146645198
Iteration 72: R^2 = 0.90667541338, ICC = 0.9523767036
Iteration 73: R^2 = 0.896970863758, ICC = 0.947183968961
Iteration 74: R^2 = 0.859546569975, ICC = 0.929475733332
Iteration 75: R^2 = 0.878964523016, ICC = 0.937308565863
Iteration 76: R^2 = 0.916638576074, ICC = 0.958999667692
Iteration 77: R^2 = 0.90411510994, ICC = 0.948653181067
Iteration 78: R^2 = 0.930228502302, ICC = 0.965544223627
Iteration 79: R^2 = 0.887933806495, ICC = 0.944115163812
Iteration 80: R^2 = 0.912615024749, ICC = 0.955035706074
Iteration 81: R^2 = 0.857433705968, ICC = 0.929268838884
Iteration 82: R^2 = 0.901393324071, ICC = 0.948726669265
Iteration 83: R^2 = 0.918739605165, ICC = 0.960185237954
Iteration 84: R^2 = 0.90899313632, ICC = 0.955858724733
Iteration 85: R^2 = 0.921324030598, ICC = 0.961086128499
Iteration 86: R^2 = 0.850214981812, ICC = 0.926646488979
Iteration 87: R^2 = 0.908557933134, ICC = 0.951392423067
Iteration 88: R^2 = 0.843049837063, ICC = 0.918312438784
Iteration 89: R^2 = 0.903707572133, ICC = 0.953606676466
Iteration 90: R^2 = 0.92293182642, ICC = 0.961673124517
Iteration 91: R^2 = 0.925212705171, ICC = 0.963454613144
Iteration 92: R^2 = 0.928779556769, ICC = 0.963899520897
Iteration 93: R^2 = 0.909898845449, ICC = 0.954896341884
Iteration 94: R^2 = 0.914829781818, ICC = 0.958803185985
Iteration 95: R^2 = 0.907203514546, ICC = 0.955542955529
Iteration 96: R^2 = 0.908479481683, ICC = 0.954449880424
Iteration 97: R^2 = 0.901382669078, ICC = 0.950774459857
Iteration 98: R^2 = 0.916579169448, ICC = 0.958417785946
Iteration 99: R^2 = 0.864990349261, ICC = 0.933988679089
R Squared list shape: (100,)
ICC list shape: (100,)
