Running abide_motion_wrapper_JAL.py
Fri Sep 23 12:26:51 EDT 2016
Iteration 0: R^2 = 0.944785638866, ICC = 0.973252106274
Iteration 1: R^2 = 0.945090249372, ICC = 0.972436472256
Iteration 2: R^2 = 0.964854537111, ICC = 0.982175078508
Iteration 3: R^2 = 0.960419446218, ICC = 0.979918609152
Iteration 4: R^2 = 0.92814024549, ICC = 0.963136920416
Iteration 5: R^2 = 0.95751915473, ICC = 0.978846437005
Iteration 6: R^2 = 0.955260062341, ICC = 0.978071248957
Iteration 7: R^2 = 0.941388773189, ICC = 0.972065089573
Iteration 8: R^2 = 0.955930174728, ICC = 0.977819788253
Iteration 9: R^2 = 0.930933013525, ICC = 0.964977226966
Iteration 10: R^2 = 0.948414229024, ICC = 0.974933441818
Iteration 11: R^2 = 0.962562731851, ICC = 0.980554723666
Iteration 12: R^2 = 0.954199510422, ICC = 0.977562496554
Iteration 13: R^2 = 0.921825238105, ICC = 0.961070039351
Iteration 14: R^2 = 0.922076353861, ICC = 0.961709647042
Iteration 15: R^2 = 0.959151070147, ICC = 0.978906962308
Iteration 16: R^2 = 0.94500261087, ICC = 0.972087161043
Iteration 17: R^2 = 0.90126282283, ICC = 0.952250413906
Iteration 18: R^2 = 0.955500352502, ICC = 0.978203746129
Iteration 19: R^2 = 0.957815771655, ICC = 0.978272780156
Iteration 20: R^2 = 0.916954465229, ICC = 0.958889730089
Iteration 21: R^2 = 0.927774776214, ICC = 0.961872103141
Iteration 22: R^2 = 0.955251405016, ICC = 0.97840126881
Iteration 23: R^2 = 0.938839144634, ICC = 0.968690926056
Iteration 24: R^2 = 0.956223427257, ICC = 0.97794871936
Iteration 25: R^2 = 0.956279315506, ICC = 0.978189767217
Iteration 26: R^2 = 0.9570389946, ICC = 0.978353892477
Iteration 27: R^2 = 0.951614404043, ICC = 0.977226742219
Iteration 28: R^2 = 0.955080067712, ICC = 0.977386197631
Iteration 29: R^2 = 0.959049364983, ICC = 0.978457111128
Iteration 30: R^2 = 0.944990222952, ICC = 0.973482319753
Iteration 31: R^2 = 0.956166489706, ICC = 0.977835731474
Iteration 32: R^2 = 0.947745070465, ICC = 0.973607739858
Iteration 33: R^2 = 0.962751090649, ICC = 0.981507122755
Iteration 34: R^2 = 0.965062918329, ICC = 0.982303349803
Iteration 35: R^2 = 0.95532185897, ICC = 0.977327320246
Iteration 36: R^2 = 0.961829955957, ICC = 0.981037336332
Iteration 37: R^2 = 0.951909904095, ICC = 0.976354058791
Iteration 38: R^2 = 0.961771971262, ICC = 0.980344702378
Iteration 39: R^2 = 0.917807268362, ICC = 0.959897465956
Iteration 40: R^2 = 0.953405559507, ICC = 0.977076115203
Iteration 41: R^2 = 0.96320307418, ICC = 0.980998055394
Iteration 42: R^2 = 0.953444792097, ICC = 0.977304902072
Iteration 43: R^2 = 0.959460574209, ICC = 0.979313891528
Iteration 44: R^2 = 0.955917139647, ICC = 0.978199616289
Iteration 45: R^2 = 0.883908022287, ICC = 0.944801922839
Iteration 46: R^2 = 0.956709932501, ICC = 0.978518534545
Iteration 47: R^2 = 0.959213221194, ICC = 0.97988031495
Iteration 48: R^2 = 0.941245280537, ICC = 0.970923284546
Iteration 49: R^2 = 0.945638016915, ICC = 0.973623638783
Iteration 50: R^2 = 0.962036893561, ICC = 0.980659394385
Iteration 51: R^2 = 0.95375548278, ICC = 0.977444419432
Iteration 52: R^2 = 0.908911836926, ICC = 0.957828571837
Iteration 53: R^2 = 0.95609794098, ICC = 0.978741675666
Iteration 54: R^2 = 0.945243136921, ICC = 0.971878487912
Iteration 55: R^2 = 0.94700278555, ICC = 0.973539815034
Iteration 56: R^2 = 0.96048258265, ICC = 0.980035558364
Iteration 57: R^2 = 0.933698344727, ICC = 0.966993898183
Iteration 58: R^2 = 0.946852094479, ICC = 0.972612151526
Iteration 59: R^2 = 0.961254321948, ICC = 0.980350330743
Iteration 60: R^2 = 0.953569246366, ICC = 0.977092326569
Iteration 61: R^2 = 0.956992620529, ICC = 0.978187793898
Iteration 62: R^2 = 0.956678633441, ICC = 0.978734881641
Iteration 63: R^2 = 0.962991710739, ICC = 0.98148707525
Iteration 64: R^2 = 0.955929761802, ICC = 0.978208130994
Iteration 65: R^2 = 0.964952682487, ICC = 0.982593439446
Iteration 66: R^2 = 0.959687460607, ICC = 0.979735561376
Iteration 67: R^2 = 0.943052187047, ICC = 0.970391405332
Iteration 68: R^2 = 0.958553095744, ICC = 0.979158457673
Iteration 69: R^2 = 0.925031170431, ICC = 0.963303622358
Iteration 70: R^2 = 0.94357911452, ICC = 0.971483884209
Iteration 71: R^2 = 0.92911935961, ICC = 0.965338146596
Iteration 72: R^2 = 0.930808624434, ICC = 0.96471001594
Iteration 73: R^2 = 0.955279951371, ICC = 0.977521829459
Iteration 74: R^2 = 0.954677880877, ICC = 0.976909140337
Iteration 75: R^2 = 0.963852388329, ICC = 0.981785850509
Iteration 76: R^2 = 0.960496848945, ICC = 0.980541857327
Iteration 77: R^2 = 0.956893627956, ICC = 0.979716518702
Iteration 78: R^2 = 0.966980110047, ICC = 0.98328450937
Iteration 79: R^2 = 0.949601044071, ICC = 0.973236655653
Iteration 80: R^2 = 0.965784324128, ICC = 0.982951296541
Iteration 81: R^2 = 0.954722133508, ICC = 0.977204327441
Iteration 82: R^2 = 0.954066467431, ICC = 0.976360786698
Iteration 83: R^2 = 0.949599840568, ICC = 0.974790458094
Iteration 84: R^2 = 0.968357812916, ICC = 0.984019685511
Iteration 85: R^2 = 0.937862319129, ICC = 0.970599500169
Iteration 86: R^2 = 0.943464878306, ICC = 0.972405650677
Iteration 87: R^2 = 0.955932562871, ICC = 0.9777897384
Iteration 88: R^2 = 0.960861929037, ICC = 0.980391799399
Iteration 89: R^2 = 0.944739978277, ICC = 0.97220479163
Iteration 90: R^2 = 0.90711892938, ICC = 0.951681428537
Iteration 91: R^2 = 0.936323957767, ICC = 0.968939449545
Iteration 92: R^2 = 0.955849139701, ICC = 0.977575332246
Iteration 93: R^2 = 0.94182445542, ICC = 0.971707472936
Iteration 94: R^2 = 0.937699168722, ICC = 0.969684280623
Iteration 95: R^2 = 0.952847715277, ICC = 0.977063205054
Iteration 96: R^2 = 0.940954759208, ICC = 0.971088508974
Iteration 97: R^2 = 0.948216908321, ICC = 0.975103548959
Iteration 98: R^2 = 0.957100452136, ICC = 0.978083325952
Iteration 99: R^2 = 0.891121564402, ICC = 0.943692682162
R Squared list shape: (100,)
ICC list shape: (100,)
