Running abide_motion_wrapper_JAL.py
Fri Sep 23 12:26:51 EDT 2016
Iteration 0: R^2 = 0.961372776011, ICC = 0.980909910879
Iteration 1: R^2 = 0.9733008004, ICC = 0.986434659621
Iteration 2: R^2 = 0.950836838077, ICC = 0.975423389965
Iteration 3: R^2 = 0.95126734442, ICC = 0.976771932337
Iteration 4: R^2 = 0.964797696657, ICC = 0.982656325048
Iteration 5: R^2 = 0.918262187298, ICC = 0.95725099604
Iteration 6: R^2 = 0.953842081074, ICC = 0.97747445393
Iteration 7: R^2 = 0.934794102452, ICC = 0.968764072481
Iteration 8: R^2 = 0.960697598208, ICC = 0.981199709293
Iteration 9: R^2 = 0.961904991608, ICC = 0.981548037386
Iteration 10: R^2 = 0.957846636656, ICC = 0.978938754354
Iteration 11: R^2 = 0.947138665378, ICC = 0.974269006268
Iteration 12: R^2 = 0.963705774058, ICC = 0.982019124929
Iteration 13: R^2 = 0.937213521664, ICC = 0.968032900092
Iteration 14: R^2 = 0.960010956786, ICC = 0.979261551076
Iteration 15: R^2 = 0.953300064723, ICC = 0.976663143523
Iteration 16: R^2 = 0.96464152098, ICC = 0.98243778281
Iteration 17: R^2 = 0.969168796301, ICC = 0.984690130641
Iteration 18: R^2 = 0.926773314352, ICC = 0.965108458727
Iteration 19: R^2 = 0.95328895877, ICC = 0.97629817918
Iteration 20: R^2 = 0.968474253684, ICC = 0.984072686872
Iteration 21: R^2 = 0.918055226332, ICC = 0.961867517149
Iteration 22: R^2 = 0.964750035728, ICC = 0.982655160829
Iteration 23: R^2 = 0.967976895111, ICC = 0.984096894691
Iteration 24: R^2 = 0.96537869694, ICC = 0.982790709909
Iteration 25: R^2 = 0.968167433959, ICC = 0.983933727404
Iteration 26: R^2 = 0.963210607055, ICC = 0.981387919387
Iteration 27: R^2 = 0.966949210519, ICC = 0.98291550286
Iteration 28: R^2 = 0.970603876078, ICC = 0.984819340534
Iteration 29: R^2 = 0.95525495428, ICC = 0.977769938372
Iteration 30: R^2 = 0.963876309667, ICC = 0.981785134612
Iteration 31: R^2 = 0.94978001381, ICC = 0.976070179199
Iteration 32: R^2 = 0.959568811147, ICC = 0.97969857356
Iteration 33: R^2 = 0.955917567763, ICC = 0.978465261969
Iteration 34: R^2 = 0.965203311053, ICC = 0.982683618818
Iteration 35: R^2 = 0.966095524361, ICC = 0.982981278696
Iteration 36: R^2 = 0.954974776702, ICC = 0.977644531617
Iteration 37: R^2 = 0.964626953556, ICC = 0.981539290599
Iteration 38: R^2 = 0.963727956582, ICC = 0.981739754941
Iteration 39: R^2 = 0.967083738905, ICC = 0.983715160544
Iteration 40: R^2 = 0.963177711435, ICC = 0.981722666972
Iteration 41: R^2 = 0.959479890063, ICC = 0.979538893304
Iteration 42: R^2 = 0.965821356975, ICC = 0.982497162115
Iteration 43: R^2 = 0.964565884974, ICC = 0.982226006906
Iteration 44: R^2 = 0.969136264696, ICC = 0.98430584587
Iteration 45: R^2 = 0.96744169619, ICC = 0.983616263159
Iteration 46: R^2 = 0.913160504661, ICC = 0.954004573383
Iteration 47: R^2 = 0.970553382634, ICC = 0.985139184271
Iteration 48: R^2 = 0.970999369732, ICC = 0.98553009025
Iteration 49: R^2 = 0.96034537935, ICC = 0.980419876686
Iteration 50: R^2 = 0.952703335375, ICC = 0.976506115526
Iteration 51: R^2 = 0.967649270166, ICC = 0.984134485748
Iteration 52: R^2 = 0.959685095053, ICC = 0.979704892137
Iteration 53: R^2 = 0.941809485567, ICC = 0.970584282593
Iteration 54: R^2 = 0.965728776992, ICC = 0.982990543152
Iteration 55: R^2 = 0.962884663621, ICC = 0.981493639374
Iteration 56: R^2 = 0.950383257419, ICC = 0.974108273555
Iteration 57: R^2 = 0.955381490565, ICC = 0.97744143288
Iteration 58: R^2 = 0.967300615647, ICC = 0.983706246472
Iteration 59: R^2 = 0.960116228013, ICC = 0.979412154888
Iteration 60: R^2 = 0.968231838129, ICC = 0.984116614575
Iteration 61: R^2 = 0.959263336184, ICC = 0.979948586581
Iteration 62: R^2 = 0.954276644792, ICC = 0.977287912625
Iteration 63: R^2 = 0.968670075026, ICC = 0.984491165758
Iteration 64: R^2 = 0.960894335868, ICC = 0.980664959637
Iteration 65: R^2 = 0.96314040899, ICC = 0.98179804096
Iteration 66: R^2 = 0.972724553493, ICC = 0.9861595441
Iteration 67: R^2 = 0.960659325747, ICC = 0.980401550609
Iteration 68: R^2 = 0.967864685132, ICC = 0.984205248164
Iteration 69: R^2 = 0.961083536566, ICC = 0.980103238421
Iteration 70: R^2 = 0.962757840736, ICC = 0.981139983168
Iteration 71: R^2 = 0.968125770051, ICC = 0.983940675147
Iteration 72: R^2 = 0.973092839454, ICC = 0.986231338372
Iteration 73: R^2 = 0.963933714839, ICC = 0.982357635387
Iteration 74: R^2 = 0.963106346993, ICC = 0.982187419471
Iteration 75: R^2 = 0.957222351332, ICC = 0.978546851253
Iteration 76: R^2 = 0.967559176339, ICC = 0.983701236031
Iteration 77: R^2 = 0.959884389077, ICC = 0.980460338414
Iteration 78: R^2 = 0.964546770387, ICC = 0.982733951936
Iteration 79: R^2 = 0.970297038653, ICC = 0.984934249267
Iteration 80: R^2 = 0.952377483071, ICC = 0.976323700125
Iteration 81: R^2 = 0.965037202805, ICC = 0.98245689544
Iteration 82: R^2 = 0.95390603109, ICC = 0.978110114668
Iteration 83: R^2 = 0.949248054747, ICC = 0.975335246092
Iteration 84: R^2 = 0.970207474391, ICC = 0.984880981935
Iteration 85: R^2 = 0.962050074111, ICC = 0.98093540069
Iteration 86: R^2 = 0.960535047096, ICC = 0.980025796832
Iteration 87: R^2 = 0.961425705862, ICC = 0.980283800744
Iteration 88: R^2 = 0.968484247868, ICC = 0.983991301688
Iteration 89: R^2 = 0.93253923351, ICC = 0.965655257502
Iteration 90: R^2 = 0.927683515121, ICC = 0.964561748079
Iteration 91: R^2 = 0.96092904502, ICC = 0.980251049001
Iteration 92: R^2 = 0.97021616256, ICC = 0.985277107895
Iteration 93: R^2 = 0.935213938853, ICC = 0.968650412485
Iteration 94: R^2 = 0.953528043061, ICC = 0.977124157678
Iteration 95: R^2 = 0.960026584297, ICC = 0.980684001392
Iteration 96: R^2 = 0.943865237952, ICC = 0.973715895644
Iteration 97: R^2 = 0.957215660196, ICC = 0.979586767768
Iteration 98: R^2 = 0.965641466672, ICC = 0.983171258278
Iteration 99: R^2 = 0.964897881943, ICC = 0.982811133909
R Squared list shape: (100,)
ICC list shape: (100,)
