Running abide_motion_wrapper_JAL.py
Fri Sep 23 12:26:51 EDT 2016
Iteration 0: R^2 = 0.889929647101, ICC = 0.944980036777
Iteration 1: R^2 = 0.877318994695, ICC = 0.941767872799
Iteration 2: R^2 = 0.883860588795, ICC = 0.941245004316
Iteration 3: R^2 = 0.865134170837, ICC = 0.935468470752
Iteration 4: R^2 = 0.859074200838, ICC = 0.921527453016
Iteration 5: R^2 = 0.866500902983, ICC = 0.931496905875
Iteration 6: R^2 = 0.813836518385, ICC = 0.905646641414
Iteration 7: R^2 = 0.870462204802, ICC = 0.937758413314
Iteration 8: R^2 = 0.879555076602, ICC = 0.940268949228
Iteration 9: R^2 = 0.841097769264, ICC = 0.920899832476
Iteration 10: R^2 = 0.756181869569, ICC = 0.875176448344
Iteration 11: R^2 = 0.83800791392, ICC = 0.921031283083
Iteration 12: R^2 = 0.802793120134, ICC = 0.91493023496
Iteration 13: R^2 = 0.760493460854, ICC = 0.885883738803
Iteration 14: R^2 = 0.771091588645, ICC = 0.891321601469
Iteration 15: R^2 = 0.88807650723, ICC = 0.942817617994
Iteration 16: R^2 = 0.798776989655, ICC = 0.910357017065
Iteration 17: R^2 = 0.902475033287, ICC = 0.951729404643
Iteration 18: R^2 = 0.858330070389, ICC = 0.928695240426
Iteration 19: R^2 = 0.885716167469, ICC = 0.942813818371
Iteration 20: R^2 = 0.900908113747, ICC = 0.952308784054
Iteration 21: R^2 = 0.882815046138, ICC = 0.93936964308
Iteration 22: R^2 = 0.879205707254, ICC = 0.940418598614
Iteration 23: R^2 = 0.874461511181, ICC = 0.938845653365
Iteration 24: R^2 = 0.874520488087, ICC = 0.940174208952
Iteration 25: R^2 = 0.76910937155, ICC = 0.885244511978
Iteration 26: R^2 = 0.749326807386, ICC = 0.874857117303
Iteration 27: R^2 = 0.75032210502, ICC = 0.886403910038
Iteration 28: R^2 = 0.864323058744, ICC = 0.928856882742
Iteration 29: R^2 = 0.846018633621, ICC = 0.924107371231
Iteration 30: R^2 = 0.7239474046, ICC = 0.878836510938
Iteration 31: R^2 = 0.822797601184, ICC = 0.90982519125
Iteration 32: R^2 = 0.846494076738, ICC = 0.923858962167
Iteration 33: R^2 = 0.868352694753, ICC = 0.935466433156
Iteration 34: R^2 = 0.859040600859, ICC = 0.931226807736
Iteration 35: R^2 = 0.881924983707, ICC = 0.944159181305
Iteration 36: R^2 = 0.875631959245, ICC = 0.94014536253
Iteration 37: R^2 = 0.885978158113, ICC = 0.943623714217
Iteration 38: R^2 = 0.866724767788, ICC = 0.93564250896
Iteration 39: R^2 = 0.868661151673, ICC = 0.938358664619
Iteration 40: R^2 = 0.873989378727, ICC = 0.935425380355
Iteration 41: R^2 = 0.882871920502, ICC = 0.943054636258
Iteration 42: R^2 = 0.752450752269, ICC = 0.885638848946
Iteration 43: R^2 = 0.876606579356, ICC = 0.935284390523
Iteration 44: R^2 = 0.830198127021, ICC = 0.920907209124
Iteration 45: R^2 = 0.822837267792, ICC = 0.917520815343
Iteration 46: R^2 = 0.89605541763, ICC = 0.948877592881
Iteration 47: R^2 = 0.878862452989, ICC = 0.941029785022
Iteration 48: R^2 = 0.75487445959, ICC = 0.893297960438
Iteration 49: R^2 = 0.776637587432, ICC = 0.896569380355
Iteration 50: R^2 = 0.86826497646, ICC = 0.932714606466
Iteration 51: R^2 = 0.872954324567, ICC = 0.935899104809
Iteration 52: R^2 = 0.893185624628, ICC = 0.945865132399
Iteration 53: R^2 = 0.842771273832, ICC = 0.916476268242
Iteration 54: R^2 = 0.89392616575, ICC = 0.946871222615
Iteration 55: R^2 = 0.895582696084, ICC = 0.948294963914
Iteration 56: R^2 = 0.893363653246, ICC = 0.946103472023
Iteration 57: R^2 = 0.770883291628, ICC = 0.890373049695
Iteration 58: R^2 = 0.785863666703, ICC = 0.902875395804
Iteration 59: R^2 = 0.875048797344, ICC = 0.938603269276
Iteration 60: R^2 = 0.864482875123, ICC = 0.93346769093
Iteration 61: R^2 = 0.877998777889, ICC = 0.937959804051
Iteration 62: R^2 = 0.878110295793, ICC = 0.945131806196
Iteration 63: R^2 = 0.798441212879, ICC = 0.901111389231
Iteration 64: R^2 = 0.886518024628, ICC = 0.940363463905
Iteration 65: R^2 = 0.853609045263, ICC = 0.931364000973
Iteration 66: R^2 = 0.754527538149, ICC = 0.891353182516
Iteration 67: R^2 = 0.89909333633, ICC = 0.950100568798
Iteration 68: R^2 = 0.895892344436, ICC = 0.945588671711
Iteration 69: R^2 = 0.856818584964, ICC = 0.928820853775
Iteration 70: R^2 = 0.853421678354, ICC = 0.926152269646
Iteration 71: R^2 = 0.877595714167, ICC = 0.939090351279
Iteration 72: R^2 = 0.888230160996, ICC = 0.944257958746
Iteration 73: R^2 = 0.745940601966, ICC = 0.868328360382
Iteration 74: R^2 = 0.772444932441, ICC = 0.887190789331
Iteration 75: R^2 = 0.87046361132, ICC = 0.93629326356
Iteration 76: R^2 = 0.758058699335, ICC = 0.884910272779
Iteration 77: R^2 = 0.893248165135, ICC = 0.947442654386
Iteration 78: R^2 = 0.882276985616, ICC = 0.939777781723
Iteration 79: R^2 = 0.855825578005, ICC = 0.922571980444
Iteration 80: R^2 = 0.875065667946, ICC = 0.93673770254
Iteration 81: R^2 = 0.864513533666, ICC = 0.928546614257
Iteration 82: R^2 = 0.898797549823, ICC = 0.949084471541
Iteration 83: R^2 = 0.877430722727, ICC = 0.936186211171
Iteration 84: R^2 = 0.879940568534, ICC = 0.938558390402
Iteration 85: R^2 = 0.843399565927, ICC = 0.920924602325
Iteration 86: R^2 = 0.849628295199, ICC = 0.922422982217
Iteration 87: R^2 = 0.875389584219, ICC = 0.939678626855
Iteration 88: R^2 = 0.613352893804, ICC = 0.812926292704
Iteration 89: R^2 = 0.878491420737, ICC = 0.933450311224
Iteration 90: R^2 = 0.897943541829, ICC = 0.947525421982
Iteration 91: R^2 = 0.897090747482, ICC = 0.947860087748
Iteration 92: R^2 = 0.829158200554, ICC = 0.916796841517
Iteration 93: R^2 = 0.821395715745, ICC = 0.919277728876
Iteration 94: R^2 = 0.85011003854, ICC = 0.928037511444
Iteration 95: R^2 = 0.87102003743, ICC = 0.93604222408
Iteration 96: R^2 = 0.866325133648, ICC = 0.932792004056
Iteration 97: R^2 = 0.877804996658, ICC = 0.938239500999
Iteration 98: R^2 = 0.806944800643, ICC = 0.905572369763
Iteration 99: R^2 = 0.846620816415, ICC = 0.923314215324
R Squared list shape: (100,)
ICC list shape: (100,)
