Running abide_motion_wrapper_JAL.py
Fri Sep 23 12:22:06 EDT 2016
Iteration 0: R^2 = 0.935044329996, ICC = 0.968297165812
Iteration 1: R^2 = 0.933930041578, ICC = 0.966508047905
Iteration 2: R^2 = 0.796923466473, ICC = 0.906298273302
Iteration 3: R^2 = 0.914459746469, ICC = 0.956405930309
Iteration 4: R^2 = 0.905649422036, ICC = 0.95090691664
Iteration 5: R^2 = 0.917960266697, ICC = 0.958680371095
Iteration 6: R^2 = 0.899836922723, ICC = 0.951395778041
Iteration 7: R^2 = 0.911398915826, ICC = 0.955478800504
Iteration 8: R^2 = 0.91919577284, ICC = 0.958832913672
Iteration 9: R^2 = 0.920044895737, ICC = 0.959384671913
Iteration 10: R^2 = 0.918066916192, ICC = 0.958106730957
Iteration 11: R^2 = 0.918053812844, ICC = 0.955398627235
Iteration 12: R^2 = 0.894452505751, ICC = 0.946633537428
Iteration 13: R^2 = 0.912507793583, ICC = 0.955990986105
Iteration 14: R^2 = 0.921087839501, ICC = 0.959419127966
Iteration 15: R^2 = 0.914455249851, ICC = 0.955376861517
Iteration 16: R^2 = 0.927939693759, ICC = 0.963688016841
Iteration 17: R^2 = 0.924135276586, ICC = 0.96188069822
Iteration 18: R^2 = 0.843381744491, ICC = 0.926620919343
Iteration 19: R^2 = 0.910603520768, ICC = 0.954849917096
Iteration 20: R^2 = 0.915207321507, ICC = 0.956056665047
Iteration 21: R^2 = 0.900382940259, ICC = 0.950403137495
Iteration 22: R^2 = 0.924029498185, ICC = 0.96225299205
Iteration 23: R^2 = 0.916101913196, ICC = 0.95685943874
Iteration 24: R^2 = 0.914548049125, ICC = 0.956587088407
Iteration 25: R^2 = 0.910937555491, ICC = 0.955039216639
Iteration 26: R^2 = 0.900580800116, ICC = 0.949030834894
Iteration 27: R^2 = 0.91595800755, ICC = 0.957399434326
Iteration 28: R^2 = 0.933635157689, ICC = 0.965687811515
Iteration 29: R^2 = 0.859231061746, ICC = 0.932337559571
Iteration 30: R^2 = 0.760587171012, ICC = 0.874540637149
Iteration 31: R^2 = 0.91280932062, ICC = 0.956523492736
Iteration 32: R^2 = 0.888107461237, ICC = 0.946004040983
Iteration 33: R^2 = 0.907659708565, ICC = 0.953884226233
Iteration 34: R^2 = 0.89746890658, ICC = 0.947327303518
Iteration 35: R^2 = 0.894637500059, ICC = 0.949401754319
Iteration 36: R^2 = 0.933154147201, ICC = 0.966820363803
Iteration 37: R^2 = 0.917563903341, ICC = 0.959044411423
Iteration 38: R^2 = 0.865595915191, ICC = 0.935237121122
Iteration 39: R^2 = 0.928580123737, ICC = 0.964086659928
Iteration 40: R^2 = 0.91743310808, ICC = 0.957955945739
Iteration 41: R^2 = 0.890107148229, ICC = 0.942916979009
Iteration 42: R^2 = 0.875764246695, ICC = 0.93676544131
Iteration 43: R^2 = 0.910625170396, ICC = 0.956412067668
Iteration 44: R^2 = 0.911090066239, ICC = 0.955843128533
Iteration 45: R^2 = 0.921417499688, ICC = 0.959501748633
Iteration 46: R^2 = 0.889368372002, ICC = 0.947403324552
Iteration 47: R^2 = 0.848994416749, ICC = 0.928080598163
Iteration 48: R^2 = 0.850948769642, ICC = 0.930114404238
Iteration 49: R^2 = 0.92175742892, ICC = 0.960078988967
Iteration 50: R^2 = 0.922703427132, ICC = 0.959894651836
Iteration 51: R^2 = 0.849358048216, ICC = 0.92591890673
Iteration 52: R^2 = 0.926979929974, ICC = 0.963832140362
Iteration 53: R^2 = 0.896382117239, ICC = 0.946422908394
Iteration 54: R^2 = 0.91895570428, ICC = 0.960577639786
Iteration 55: R^2 = 0.83937323118, ICC = 0.927007151212
Iteration 56: R^2 = 0.858792399589, ICC = 0.926491224645
Iteration 57: R^2 = 0.89092833307, ICC = 0.943975424396
Iteration 58: R^2 = 0.91423231752, ICC = 0.954056837358
Iteration 59: R^2 = 0.919848633413, ICC = 0.959158184116
Iteration 60: R^2 = 0.906855801715, ICC = 0.954734074414
Iteration 61: R^2 = 0.91349048571, ICC = 0.956694960299
Iteration 62: R^2 = 0.8776346743, ICC = 0.943443401004
Iteration 63: R^2 = 0.86341981327, ICC = 0.936579671932
Iteration 64: R^2 = 0.93190308882, ICC = 0.96630439099
Iteration 65: R^2 = 0.901610921282, ICC = 0.950188083546
Iteration 66: R^2 = 0.923549236969, ICC = 0.962865216506
Iteration 67: R^2 = 0.923061844045, ICC = 0.962270752372
Iteration 68: R^2 = 0.920452475713, ICC = 0.959766445951
Iteration 69: R^2 = 0.810158117236, ICC = 0.911517920729
Iteration 70: R^2 = 0.920745718189, ICC = 0.958806076874
Iteration 71: R^2 = 0.919396080176, ICC = 0.959862765076
Iteration 72: R^2 = 0.910486953319, ICC = 0.954856790225
Iteration 73: R^2 = 0.908680455319, ICC = 0.95311991567
Iteration 74: R^2 = 0.85828007706, ICC = 0.927088395507
Iteration 75: R^2 = 0.898858955442, ICC = 0.949782598569
Iteration 76: R^2 = 0.873932913699, ICC = 0.937687267186
Iteration 77: R^2 = 0.905624179049, ICC = 0.955582245277
Iteration 78: R^2 = 0.900143978161, ICC = 0.950561958279
Iteration 79: R^2 = 0.856050702956, ICC = 0.931156609643
Iteration 80: R^2 = 0.914307385344, ICC = 0.955945049773
Iteration 81: R^2 = 0.914476388, ICC = 0.955879631485
Iteration 82: R^2 = 0.923321440213, ICC = 0.961600226153
Iteration 83: R^2 = 0.919493403422, ICC = 0.961400020058
Iteration 84: R^2 = 0.926135351216, ICC = 0.963225030307
Iteration 85: R^2 = 0.907715242642, ICC = 0.953008858678
Iteration 86: R^2 = 0.908634907802, ICC = 0.956099361962
Iteration 87: R^2 = 0.9179883123, ICC = 0.958569485909
Iteration 88: R^2 = 0.896236814269, ICC = 0.948175638302
Iteration 89: R^2 = 0.903062850872, ICC = 0.95027142229
Iteration 90: R^2 = 0.935392986758, ICC = 0.967253470529
Iteration 91: R^2 = 0.929866808696, ICC = 0.965552060641
Iteration 92: R^2 = 0.909936128774, ICC = 0.955487774987
Iteration 93: R^2 = 0.888950079809, ICC = 0.94246140636
Iteration 94: R^2 = 0.893921455369, ICC = 0.947217430489
Iteration 95: R^2 = 0.9180838094, ICC = 0.95891092929
Iteration 96: R^2 = 0.9287725039, ICC = 0.964104738936
Iteration 97: R^2 = 0.928723964172, ICC = 0.963810668616
Iteration 98: R^2 = 0.872364846831, ICC = 0.937534481345
Iteration 99: R^2 = 0.899859091502, ICC = 0.948307139
R Squared list shape: (100,)
ICC list shape: (100,)
