Running abide_motion_wrapper_JAL.py
Fri Sep 23 12:26:51 EDT 2016
Iteration 0: R^2 = 0.957537114284, ICC = 0.978620648265
Iteration 1: R^2 = 0.954154596515, ICC = 0.977968683866
Iteration 2: R^2 = 0.962067838709, ICC = 0.980720690627
Iteration 3: R^2 = 0.951395708732, ICC = 0.974512793105
Iteration 4: R^2 = 0.956292364109, ICC = 0.978573083919
Iteration 5: R^2 = 0.948139049432, ICC = 0.972775161408
Iteration 6: R^2 = 0.941698977505, ICC = 0.971753842343
Iteration 7: R^2 = 0.941726537888, ICC = 0.971849200416
Iteration 8: R^2 = 0.931431115238, ICC = 0.964429736875
Iteration 9: R^2 = 0.9562125202, ICC = 0.978098104309
Iteration 10: R^2 = 0.959975918066, ICC = 0.9802278443
Iteration 11: R^2 = 0.956705460554, ICC = 0.977425244054
Iteration 12: R^2 = 0.927056551509, ICC = 0.961333707302
Iteration 13: R^2 = 0.962337058553, ICC = 0.980818941101
Iteration 14: R^2 = 0.965854716795, ICC = 0.982624618812
Iteration 15: R^2 = 0.955071838402, ICC = 0.976446998682
Iteration 16: R^2 = 0.947246813283, ICC = 0.97395929198
Iteration 17: R^2 = 0.944798986779, ICC = 0.973058429404
Iteration 18: R^2 = 0.927763012043, ICC = 0.962192044709
Iteration 19: R^2 = 0.952353654958, ICC = 0.976179948215
Iteration 20: R^2 = 0.950075632883, ICC = 0.975573789282
Iteration 21: R^2 = 0.948800772332, ICC = 0.973662338087
Iteration 22: R^2 = 0.917531390885, ICC = 0.959170450539
Iteration 23: R^2 = 0.959665813038, ICC = 0.980078441919
Iteration 24: R^2 = 0.953267748668, ICC = 0.976612933055
Iteration 25: R^2 = 0.942283832257, ICC = 0.97037853134
Iteration 26: R^2 = 0.95434014632, ICC = 0.977289954056
Iteration 27: R^2 = 0.948059352775, ICC = 0.973736040865
Iteration 28: R^2 = 0.883927955729, ICC = 0.944038646706
Iteration 29: R^2 = 0.92790461159, ICC = 0.962879523759
Iteration 30: R^2 = 0.956545495466, ICC = 0.978120415087
Iteration 31: R^2 = 0.945890425824, ICC = 0.972311305974
Iteration 32: R^2 = 0.947149852913, ICC = 0.973991092171
Iteration 33: R^2 = 0.937817315103, ICC = 0.970207629512
Iteration 34: R^2 = 0.947503577261, ICC = 0.974485126828
Iteration 35: R^2 = 0.954839416802, ICC = 0.977266580327
Iteration 36: R^2 = 0.955747425438, ICC = 0.978594518868
Iteration 37: R^2 = 0.926690653851, ICC = 0.961993247905
Iteration 38: R^2 = 0.94805984903, ICC = 0.973011370007
Iteration 39: R^2 = 0.958221455838, ICC = 0.978571675739
Iteration 40: R^2 = 0.933048802903, ICC = 0.964941487759
Iteration 41: R^2 = 0.884046007683, ICC = 0.940497864189
Iteration 42: R^2 = 0.944118411575, ICC = 0.973168548242
Iteration 43: R^2 = 0.938758952899, ICC = 0.970224663907
Iteration 44: R^2 = 0.950719919294, ICC = 0.974805229604
Iteration 45: R^2 = 0.862146327121, ICC = 0.936031471771
Iteration 46: R^2 = 0.951424570002, ICC = 0.97556096089
Iteration 47: R^2 = 0.955794635482, ICC = 0.977472731418
Iteration 48: R^2 = 0.946947054971, ICC = 0.972948294664
Iteration 49: R^2 = 0.959906207136, ICC = 0.979980232689
Iteration 50: R^2 = 0.950612842854, ICC = 0.974609451134
Iteration 51: R^2 = 0.932306539844, ICC = 0.965898877486
Iteration 52: R^2 = 0.946542830202, ICC = 0.972739806601
Iteration 53: R^2 = 0.950257644497, ICC = 0.975148544409
Iteration 54: R^2 = 0.844022765318, ICC = 0.918619482695
Iteration 55: R^2 = 0.704901457117, ICC = 0.853558016067
Iteration 56: R^2 = 0.957467018417, ICC = 0.97879792681
Iteration 57: R^2 = 0.904180398491, ICC = 0.952264187695
Iteration 58: R^2 = 0.959319437838, ICC = 0.979369672257
Iteration 59: R^2 = 0.954991641365, ICC = 0.97686830661
Iteration 60: R^2 = 0.950500765791, ICC = 0.975155881947
Iteration 61: R^2 = 0.947349046261, ICC = 0.974473106905
Iteration 62: R^2 = 0.953540711621, ICC = 0.976506863513
Iteration 63: R^2 = 0.954588039554, ICC = 0.977340781394
Iteration 64: R^2 = 0.938765454114, ICC = 0.9682340234
Iteration 65: R^2 = 0.898105787416, ICC = 0.949605337578
Iteration 66: R^2 = 0.927398059733, ICC = 0.96297822547
Iteration 67: R^2 = 0.959822102598, ICC = 0.980236474179
Iteration 68: R^2 = 0.953993274486, ICC = 0.977051104858
Iteration 69: R^2 = 0.943629815116, ICC = 0.971730974136
Iteration 70: R^2 = 0.910819106349, ICC = 0.957040199245
Iteration 71: R^2 = 0.952349548815, ICC = 0.975797029722
Iteration 72: R^2 = 0.9367987037, ICC = 0.968457533582
Iteration 73: R^2 = 0.944791785482, ICC = 0.972759064359
Iteration 74: R^2 = 0.942063840858, ICC = 0.972793331482
Iteration 75: R^2 = 0.813437271506, ICC = 0.908340569401
Iteration 76: R^2 = 0.955212652125, ICC = 0.976864129008
Iteration 77: R^2 = 0.934605101344, ICC = 0.967321099904
Iteration 78: R^2 = 0.955097583366, ICC = 0.977352534486
Iteration 79: R^2 = 0.944565941108, ICC = 0.972618011796
Iteration 80: R^2 = 0.952957209616, ICC = 0.975783038779
Iteration 81: R^2 = 0.944579529595, ICC = 0.971972886335
Iteration 82: R^2 = 0.91101209299, ICC = 0.954522693273
Iteration 83: R^2 = 0.939236971825, ICC = 0.969205896429
Iteration 84: R^2 = 0.953085660769, ICC = 0.97701449627
Iteration 85: R^2 = 0.947239065005, ICC = 0.974402741991
Iteration 86: R^2 = 0.937594138403, ICC = 0.968572526603
Iteration 87: R^2 = 0.940526428998, ICC = 0.970866762371
Iteration 88: R^2 = 0.947317543292, ICC = 0.973690816459
Iteration 89: R^2 = 0.955764038871, ICC = 0.97860914051
Iteration 90: R^2 = 0.949388568981, ICC = 0.974272783839
Iteration 91: R^2 = 0.951887626824, ICC = 0.975422969653
Iteration 92: R^2 = 0.919052926795, ICC = 0.958796911339
Iteration 93: R^2 = 0.940077112189, ICC = 0.970845564146
Iteration 94: R^2 = 0.950644006823, ICC = 0.975263378253
Iteration 95: R^2 = 0.951602639437, ICC = 0.97600672548
Iteration 96: R^2 = 0.950540190496, ICC = 0.974228461943
Iteration 97: R^2 = 0.940549518332, ICC = 0.970332637998
Iteration 98: R^2 = 0.950350228532, ICC = 0.974929948609
Iteration 99: R^2 = 0.889048755292, ICC = 0.941451068937
R Squared list shape: (100,)
ICC list shape: (100,)
