Running abide_motion_wrapper_JAL.py
Fri Sep 23 12:29:29 EDT 2016
Iteration 0: R^2 = 0.844250084863, ICC = 0.924512309658
Iteration 1: R^2 = 0.855538431663, ICC = 0.93210749823
Iteration 2: R^2 = 0.854923720173, ICC = 0.929609150419
Iteration 3: R^2 = 0.886906284811, ICC = 0.944006822438
Iteration 4: R^2 = 0.870360259328, ICC = 0.937434370442
Iteration 5: R^2 = 0.855991104065, ICC = 0.929968836789
Iteration 6: R^2 = 0.773651506703, ICC = 0.888749437966
Iteration 7: R^2 = 0.856245860118, ICC = 0.929772458243
Iteration 8: R^2 = 0.788813954281, ICC = 0.888521833039
Iteration 9: R^2 = 0.818418511783, ICC = 0.91057034694
Iteration 10: R^2 = 0.877857671026, ICC = 0.941108538339
Iteration 11: R^2 = 0.861236430038, ICC = 0.932796363296
Iteration 12: R^2 = 0.89485761619, ICC = 0.94847555249
Iteration 13: R^2 = 0.911141692366, ICC = 0.95533421056
Iteration 14: R^2 = 0.827554364033, ICC = 0.912693043081
Iteration 15: R^2 = 0.89835289544, ICC = 0.948512873949
Iteration 16: R^2 = 0.816863313699, ICC = 0.908540142203
Iteration 17: R^2 = 0.863475860156, ICC = 0.93517306594
Iteration 18: R^2 = 0.867634932107, ICC = 0.935178198928
Iteration 19: R^2 = 0.845543362841, ICC = 0.923723582794
Iteration 20: R^2 = 0.893188914816, ICC = 0.945406149488
Iteration 21: R^2 = 0.870751670858, ICC = 0.932046284565
Iteration 22: R^2 = 0.646086519447, ICC = 0.838113701427
Iteration 23: R^2 = 0.837663378543, ICC = 0.917604673635
Iteration 24: R^2 = 0.87500404717, ICC = 0.934827879271
Iteration 25: R^2 = 0.8986880687, ICC = 0.951613902807
Iteration 26: R^2 = 0.850571059663, ICC = 0.923997842268
Iteration 27: R^2 = 0.898466466733, ICC = 0.946933981746
Iteration 28: R^2 = 0.8083285244, ICC = 0.899440711521
Iteration 29: R^2 = 0.750088396938, ICC = 0.886376969885
Iteration 30: R^2 = 0.631892171418, ICC = 0.815469029365
Iteration 31: R^2 = 0.817589378066, ICC = 0.913417458367
Iteration 32: R^2 = 0.847283084432, ICC = 0.923325047649
Iteration 33: R^2 = 0.884005428986, ICC = 0.941439772705
Iteration 34: R^2 = 0.878245333598, ICC = 0.937449495145
Iteration 35: R^2 = 0.858760873079, ICC = 0.932969241181
Iteration 36: R^2 = 0.793892268684, ICC = 0.901901527132
Iteration 37: R^2 = 0.837552443704, ICC = 0.918028607814
Iteration 38: R^2 = 0.80927208092, ICC = 0.901315017597
Iteration 39: R^2 = 0.890158752168, ICC = 0.943807111826
Iteration 40: R^2 = 0.846649685309, ICC = 0.926383202146
Iteration 41: R^2 = 0.874000848184, ICC = 0.93569881193
Iteration 42: R^2 = 0.896901362991, ICC = 0.948847823241
Iteration 43: R^2 = 0.867322644057, ICC = 0.933046938777
Iteration 44: R^2 = 0.898026034672, ICC = 0.947664620482
Iteration 45: R^2 = 0.85489161825, ICC = 0.933419484745
Iteration 46: R^2 = 0.868194627131, ICC = 0.931880949523
Iteration 47: R^2 = 0.862305895246, ICC = 0.928386266848
Iteration 48: R^2 = 0.879244236582, ICC = 0.938051762447
Iteration 49: R^2 = 0.771124269741, ICC = 0.884290405303
Iteration 50: R^2 = 0.87045171228, ICC = 0.939626644645
Iteration 51: R^2 = 0.641723643964, ICC = 0.839594534584
Iteration 52: R^2 = 0.838052979601, ICC = 0.921272351704
Iteration 53: R^2 = 0.846673162243, ICC = 0.922423621669
Iteration 54: R^2 = 0.803576723528, ICC = 0.904796890764
Iteration 55: R^2 = 0.881316859676, ICC = 0.936382791508
Iteration 56: R^2 = 0.882256292404, ICC = 0.940842746972
Iteration 57: R^2 = 0.840265588577, ICC = 0.924533510307
Iteration 58: R^2 = 0.869753111679, ICC = 0.938250868974
Iteration 59: R^2 = 0.882232984477, ICC = 0.937597038611
Iteration 60: R^2 = 0.889926278351, ICC = 0.945354720555
Iteration 61: R^2 = 0.826410737831, ICC = 0.916552357053
Iteration 62: R^2 = 0.847146171412, ICC = 0.929427741539
Iteration 63: R^2 = 0.84194003689, ICC = 0.92574616321
Iteration 64: R^2 = 0.7294921974, ICC = 0.87570697164
Iteration 65: R^2 = 0.83549109723, ICC = 0.924262486445
Iteration 66: R^2 = 0.862601458387, ICC = 0.926131264525
Iteration 67: R^2 = 0.876858197457, ICC = 0.938486981793
Iteration 68: R^2 = 0.903569318319, ICC = 0.950818446754
Iteration 69: R^2 = 0.847402976942, ICC = 0.926941242887
Iteration 70: R^2 = 0.855804988272, ICC = 0.932006079443
Iteration 71: R^2 = 0.825337977744, ICC = 0.910967333101
Iteration 72: R^2 = 0.907438594423, ICC = 0.953189985304
Iteration 73: R^2 = 0.674147130308, ICC = 0.844152471189
Iteration 74: R^2 = 0.729504973763, ICC = 0.877772796068
Iteration 75: R^2 = 0.849166916303, ICC = 0.925730978304
Iteration 76: R^2 = 0.893499614537, ICC = 0.943662622274
Iteration 77: R^2 = 0.875500759818, ICC = 0.938584435592
Iteration 78: R^2 = 0.854038481651, ICC = 0.928228432301
Iteration 79: R^2 = 0.851232692224, ICC = 0.928399246985
Iteration 80: R^2 = 0.621256992385, ICC = 0.812555000082
Iteration 81: R^2 = 0.906969827132, ICC = 0.954699020596
Iteration 82: R^2 = 0.891780653586, ICC = 0.947029964762
Iteration 83: R^2 = 0.833673207714, ICC = 0.914163333921
Iteration 84: R^2 = 0.845990164825, ICC = 0.930937106123
Iteration 85: R^2 = 0.856562052336, ICC = 0.927572962256
Iteration 86: R^2 = 0.885812957713, ICC = 0.941600914214
Iteration 87: R^2 = 0.883118724346, ICC = 0.940680401249
Iteration 88: R^2 = 0.632180870911, ICC = 0.844437801457
Iteration 89: R^2 = 0.883129634245, ICC = 0.940398697586
Iteration 90: R^2 = 0.879874214008, ICC = 0.939514722338
Iteration 91: R^2 = 0.904080979922, ICC = 0.950894291643
Iteration 92: R^2 = 0.838389582368, ICC = 0.925386896535
Iteration 93: R^2 = 0.766647982265, ICC = 0.887401587642
Iteration 94: R^2 = 0.86353683417, ICC = 0.932799572686
Iteration 95: R^2 = 0.882924536562, ICC = 0.934593592598
Iteration 96: R^2 = 0.8301879543, ICC = 0.909451623773
Iteration 97: R^2 = 0.900175077781, ICC = 0.950334095076
Iteration 98: R^2 = 0.775539848852, ICC = 0.902295730078
Iteration 99: R^2 = 0.881155712258, ICC = 0.937723110719
R Squared list shape: (100,)
ICC list shape: (100,)
