Running abide_motion_wrapper_JAL.py
Fri Sep 23 12:27:42 EDT 2016
Iteration 0: R^2 = 0.968121425706, ICC = 0.984268760404
Iteration 1: R^2 = 0.971428939112, ICC = 0.986161267651
Iteration 2: R^2 = 0.9717233481, ICC = 0.986243633722
Iteration 3: R^2 = 0.975439196239, ICC = 0.987852343245
Iteration 4: R^2 = 0.975319528362, ICC = 0.987556393975
Iteration 5: R^2 = 0.977063692895, ICC = 0.988333253916
Iteration 6: R^2 = 0.984607202842, ICC = 0.992373645538
Iteration 7: R^2 = 0.973456862485, ICC = 0.98707461304
Iteration 8: R^2 = 0.971462082709, ICC = 0.986002306015
Iteration 9: R^2 = 0.972766859985, ICC = 0.986255613648
Iteration 10: R^2 = 0.971043311819, ICC = 0.985453183513
Iteration 11: R^2 = 0.97675923212, ICC = 0.988221342268
Iteration 12: R^2 = 0.949546349093, ICC = 0.975767561998
Iteration 13: R^2 = 0.971369364638, ICC = 0.986093836
Iteration 14: R^2 = 0.974772404051, ICC = 0.987009028375
Iteration 15: R^2 = 0.971295842126, ICC = 0.985263166878
Iteration 16: R^2 = 0.974124711872, ICC = 0.987003604565
Iteration 17: R^2 = 0.976873058164, ICC = 0.988721220262
Iteration 18: R^2 = 0.976139933995, ICC = 0.988130809441
Iteration 19: R^2 = 0.964020259277, ICC = 0.98192715674
Iteration 20: R^2 = 0.977723154838, ICC = 0.988764978553
Iteration 21: R^2 = 0.972549326992, ICC = 0.986454905534
Iteration 22: R^2 = 0.978640059858, ICC = 0.989016981085
Iteration 23: R^2 = 0.971803496953, ICC = 0.986318511542
Iteration 24: R^2 = 0.973008503627, ICC = 0.986716122545
Iteration 25: R^2 = 0.975033282468, ICC = 0.987276885142
Iteration 26: R^2 = 0.969960030896, ICC = 0.984996532311
Iteration 27: R^2 = 0.943666026608, ICC = 0.973058142092
Iteration 28: R^2 = 0.957542616921, ICC = 0.979137955135
Iteration 29: R^2 = 0.973282015278, ICC = 0.986891274593
Iteration 30: R^2 = 0.956428535385, ICC = 0.978387883759
Iteration 31: R^2 = 0.977079846713, ICC = 0.988513668993
Iteration 32: R^2 = 0.967114718263, ICC = 0.98334702468
Iteration 33: R^2 = 0.974902631279, ICC = 0.987574755514
Iteration 34: R^2 = 0.977054529318, ICC = 0.988592119573
Iteration 35: R^2 = 0.954714610235, ICC = 0.977387965958
Iteration 36: R^2 = 0.967031956033, ICC = 0.98346335819
Iteration 37: R^2 = 0.938289661859, ICC = 0.969007288784
Iteration 38: R^2 = 0.972667525729, ICC = 0.986526422814
Iteration 39: R^2 = 0.977768894616, ICC = 0.988924681529
Iteration 40: R^2 = 0.978250928066, ICC = 0.989133634656
Iteration 41: R^2 = 0.974280780059, ICC = 0.987327303647
Iteration 42: R^2 = 0.976014794348, ICC = 0.987777864365
Iteration 43: R^2 = 0.974904109755, ICC = 0.987528487106
Iteration 44: R^2 = 0.973703754748, ICC = 0.986875771972
Iteration 45: R^2 = 0.970668821139, ICC = 0.985579454309
Iteration 46: R^2 = 0.971792509616, ICC = 0.986124751976
Iteration 47: R^2 = 0.950037232777, ICC = 0.974339283275
Iteration 48: R^2 = 0.959238282692, ICC = 0.979210375375
Iteration 49: R^2 = 0.943647547394, ICC = 0.973197532367
Iteration 50: R^2 = 0.955671257017, ICC = 0.97725263305
Iteration 51: R^2 = 0.975652111822, ICC = 0.987966103048
Iteration 52: R^2 = 0.946511395305, ICC = 0.972877246639
Iteration 53: R^2 = 0.961624546804, ICC = 0.980393228375
Iteration 54: R^2 = 0.965548504564, ICC = 0.982993576305
Iteration 55: R^2 = 0.977072695876, ICC = 0.988739437264
Iteration 56: R^2 = 0.979045908513, ICC = 0.989213718089
Iteration 57: R^2 = 0.967954723272, ICC = 0.984203928007
Iteration 58: R^2 = 0.969972432643, ICC = 0.98482060633
Iteration 59: R^2 = 0.969898247664, ICC = 0.985005976497
Iteration 60: R^2 = 0.970482064804, ICC = 0.985504576215
Iteration 61: R^2 = 0.975226017668, ICC = 0.9874055825
Iteration 62: R^2 = 0.949100604685, ICC = 0.975442579724
Iteration 63: R^2 = 0.968923622919, ICC = 0.984559348669
Iteration 64: R^2 = 0.978080743337, ICC = 0.988970185773
Iteration 65: R^2 = 0.971591361414, ICC = 0.985673219992
Iteration 66: R^2 = 0.964593712775, ICC = 0.982004747023
Iteration 67: R^2 = 0.956764301565, ICC = 0.979102259347
Iteration 68: R^2 = 0.968322687064, ICC = 0.984490737682
Iteration 69: R^2 = 0.980272245182, ICC = 0.990170055078
Iteration 70: R^2 = 0.978679882388, ICC = 0.989365764446
Iteration 71: R^2 = 0.947502058586, ICC = 0.973814341373
Iteration 72: R^2 = 0.962697977219, ICC = 0.981693256916
Iteration 73: R^2 = 0.977264017855, ICC = 0.988773396012
Iteration 74: R^2 = 0.974137919863, ICC = 0.9871998797
Iteration 75: R^2 = 0.953603438892, ICC = 0.976472134012
Iteration 76: R^2 = 0.973926575047, ICC = 0.987202141446
Iteration 77: R^2 = 0.978324421698, ICC = 0.989234508411
Iteration 78: R^2 = 0.977110875881, ICC = 0.988381099463
Iteration 79: R^2 = 0.967032779306, ICC = 0.98340220057
Iteration 80: R^2 = 0.97066085347, ICC = 0.98565467067
Iteration 81: R^2 = 0.977939819385, ICC = 0.989142835634
Iteration 82: R^2 = 0.964634359949, ICC = 0.982063881411
Iteration 83: R^2 = 0.979137607718, ICC = 0.989827081526
Iteration 84: R^2 = 0.977089001381, ICC = 0.988609812408
Iteration 85: R^2 = 0.976447694824, ICC = 0.988167789755
Iteration 86: R^2 = 0.958680304192, ICC = 0.979643250264
Iteration 87: R^2 = 0.978097585312, ICC = 0.989259082458
Iteration 88: R^2 = 0.956606842803, ICC = 0.979028927392
Iteration 89: R^2 = 0.963099800818, ICC = 0.981742529319
Iteration 90: R^2 = 0.972905521557, ICC = 0.985765195835
Iteration 91: R^2 = 0.97506581227, ICC = 0.987684421281
Iteration 92: R^2 = 0.979909765479, ICC = 0.989855776184
Iteration 93: R^2 = 0.971202970596, ICC = 0.985814470271
Iteration 94: R^2 = 0.97749866997, ICC = 0.988578454315
Iteration 95: R^2 = 0.956161238639, ICC = 0.977627541586
Iteration 96: R^2 = 0.975028297021, ICC = 0.987613026874
Iteration 97: R^2 = 0.951095731738, ICC = 0.975024149723
Iteration 98: R^2 = 0.97987139671, ICC = 0.989999682267
Iteration 99: R^2 = 0.97269185437, ICC = 0.986465884171
R Squared list shape: (100,)
ICC list shape: (100,)
