Running abide_motion_wrapper_JAL.py
Fri Sep 23 12:27:42 EDT 2016
Iteration 0: R^2 = 0.92904764494, ICC = 0.96560367032
Iteration 1: R^2 = 0.902436213951, ICC = 0.947348715179
Iteration 2: R^2 = 0.875594740294, ICC = 0.940170074659
Iteration 3: R^2 = 0.919621501314, ICC = 0.958588041964
Iteration 4: R^2 = 0.906967806941, ICC = 0.952414338736
Iteration 5: R^2 = 0.907326301877, ICC = 0.953886063129
Iteration 6: R^2 = 0.926741342765, ICC = 0.964133840456
Iteration 7: R^2 = 0.882570411991, ICC = 0.943703791036
Iteration 8: R^2 = 0.924610867883, ICC = 0.961622034834
Iteration 9: R^2 = 0.869311961385, ICC = 0.936255561818
Iteration 10: R^2 = 0.916291542821, ICC = 0.956097981822
Iteration 11: R^2 = 0.814230269914, ICC = 0.904627839431
Iteration 12: R^2 = 0.91695972154, ICC = 0.95710628395
Iteration 13: R^2 = 0.90016708535, ICC = 0.949716039934
Iteration 14: R^2 = 0.926568201526, ICC = 0.962604953089
Iteration 15: R^2 = 0.856767499025, ICC = 0.933376585327
Iteration 16: R^2 = 0.927017945123, ICC = 0.964998341782
Iteration 17: R^2 = 0.910725693394, ICC = 0.956053939975
Iteration 18: R^2 = 0.893717555538, ICC = 0.949735015301
Iteration 19: R^2 = 0.808886463396, ICC = 0.902839997235
Iteration 20: R^2 = 0.927833592787, ICC = 0.964662418747
Iteration 21: R^2 = 0.875396586555, ICC = 0.937519836955
Iteration 22: R^2 = 0.847169223161, ICC = 0.921167909491
Iteration 23: R^2 = 0.916415568214, ICC = 0.959159659872
Iteration 24: R^2 = 0.831541080455, ICC = 0.913781753387
Iteration 25: R^2 = 0.925271742177, ICC = 0.965353713867
Iteration 26: R^2 = 0.930301286522, ICC = 0.964945204971
Iteration 27: R^2 = 0.93325632846, ICC = 0.965342280947
Iteration 28: R^2 = 0.921218395618, ICC = 0.960602050808
Iteration 29: R^2 = 0.938539065973, ICC = 0.969468890344
Iteration 30: R^2 = 0.838080105116, ICC = 0.918966318185
Iteration 31: R^2 = 0.900682427635, ICC = 0.949654864644
Iteration 32: R^2 = 0.83781673802, ICC = 0.914608604294
Iteration 33: R^2 = 0.918947092504, ICC = 0.961539209934
Iteration 34: R^2 = 0.846328161934, ICC = 0.928553745638
Iteration 35: R^2 = 0.934412759793, ICC = 0.967624937994
Iteration 36: R^2 = 0.920131427375, ICC = 0.960297580281
Iteration 37: R^2 = 0.932217305778, ICC = 0.964989321014
Iteration 38: R^2 = 0.911308914879, ICC = 0.956133970916
Iteration 39: R^2 = 0.892424724921, ICC = 0.944241085637
Iteration 40: R^2 = 0.922934214906, ICC = 0.96028237172
Iteration 41: R^2 = 0.912974071937, ICC = 0.958440262611
Iteration 42: R^2 = 0.842437039463, ICC = 0.920366017928
Iteration 43: R^2 = 0.914591793146, ICC = 0.958306240853
Iteration 44: R^2 = 0.910026255863, ICC = 0.957440724984
Iteration 45: R^2 = 0.933479816603, ICC = 0.966580454886
Iteration 46: R^2 = 0.925547905539, ICC = 0.963126267346
Iteration 47: R^2 = 0.851178865305, ICC = 0.932173887404
Iteration 48: R^2 = 0.695357223281, ICC = 0.860013171941
Iteration 49: R^2 = 0.832377413911, ICC = 0.914932948753
Iteration 50: R^2 = 0.858417134491, ICC = 0.930272495748
Iteration 51: R^2 = 0.922291739551, ICC = 0.961002975639
Iteration 52: R^2 = 0.928903752258, ICC = 0.964854032011
Iteration 53: R^2 = 0.928939516346, ICC = 0.964531051873
Iteration 54: R^2 = 0.858656083896, ICC = 0.934597419465
Iteration 55: R^2 = 0.861234418472, ICC = 0.929541294466
Iteration 56: R^2 = 0.601941800445, ICC = 0.830526603562
Iteration 57: R^2 = 0.886928708324, ICC = 0.941573132069
Iteration 58: R^2 = 0.889548615231, ICC = 0.941029772255
Iteration 59: R^2 = 0.925510873976, ICC = 0.962948291096
Iteration 60: R^2 = 0.896467416122, ICC = 0.948550242151
Iteration 61: R^2 = 0.919193383352, ICC = 0.959628407507
Iteration 62: R^2 = 0.885594174339, ICC = 0.942433440407
Iteration 63: R^2 = 0.914754073967, ICC = 0.958371665565
Iteration 64: R^2 = 0.87707611907, ICC = 0.941455986567
Iteration 65: R^2 = 0.908571571877, ICC = 0.955652496481
Iteration 66: R^2 = 0.920009599888, ICC = 0.960060027128
Iteration 67: R^2 = 0.917237062926, ICC = 0.958253361934
Iteration 68: R^2 = 0.921871368495, ICC = 0.95968595908
Iteration 69: R^2 = 0.822810934425, ICC = 0.916846576367
Iteration 70: R^2 = 0.940714622048, ICC = 0.969708168031
Iteration 71: R^2 = 0.921870035627, ICC = 0.961200455361
Iteration 72: R^2 = 0.828051093712, ICC = 0.907805590433
Iteration 73: R^2 = 0.839478088626, ICC = 0.916077989238
Iteration 74: R^2 = 0.920854372656, ICC = 0.959416189131
Iteration 75: R^2 = 0.64126797758, ICC = 0.826241577624
Iteration 76: R^2 = 0.911378473554, ICC = 0.957029194449
Iteration 77: R^2 = 0.913308466099, ICC = 0.956710478748
Iteration 78: R^2 = 0.935277033691, ICC = 0.967244694959
Iteration 79: R^2 = 0.935797920752, ICC = 0.968050923275
Iteration 80: R^2 = 0.914699238184, ICC = 0.954952131837
Iteration 81: R^2 = 0.908564982396, ICC = 0.957065033135
Iteration 82: R^2 = 0.894577065651, ICC = 0.946156855516
Iteration 83: R^2 = 0.853298684687, ICC = 0.92386271815
Iteration 84: R^2 = 0.76583349863, ICC = 0.879148439874
Iteration 85: R^2 = 0.903396968584, ICC = 0.953811280278
Iteration 86: R^2 = 0.915277284456, ICC = 0.957803151436
Iteration 87: R^2 = 0.919702859793, ICC = 0.96040957839
Iteration 88: R^2 = 0.906623801225, ICC = 0.953093659005
Iteration 89: R^2 = 0.922573694567, ICC = 0.960853272363
Iteration 90: R^2 = 0.923313018117, ICC = 0.961378555552
Iteration 91: R^2 = 0.890255162898, ICC = 0.942780786562
Iteration 92: R^2 = 0.915500059876, ICC = 0.957964892288
Iteration 93: R^2 = 0.923482301608, ICC = 0.962032180517
Iteration 94: R^2 = 0.909274437139, ICC = 0.952271914942
Iteration 95: R^2 = 0.913178742043, ICC = 0.956715271819
Iteration 96: R^2 = 0.920614165754, ICC = 0.960757901631
Iteration 97: R^2 = 0.908546926915, ICC = 0.955549655
Iteration 98: R^2 = 0.86943591646, ICC = 0.933300083159
Iteration 99: R^2 = 0.892068937026, ICC = 0.945105463791
R Squared list shape: (100,)
ICC list shape: (100,)
