Running abide_motion_wrapper_JAL.py
Fri Sep 23 12:25:20 EDT 2016
Iteration 0: R^2 = 0.930708430679, ICC = 0.966592310748
Iteration 1: R^2 = 0.94340810521, ICC = 0.971859888752
Iteration 2: R^2 = 0.938674520979, ICC = 0.969139831263
Iteration 3: R^2 = 0.929314140025, ICC = 0.96532323956
Iteration 4: R^2 = 0.951500059096, ICC = 0.975963588848
Iteration 5: R^2 = 0.94604965268, ICC = 0.972909071453
Iteration 6: R^2 = 0.9299028728, ICC = 0.964995394109
Iteration 7: R^2 = 0.927234087044, ICC = 0.962249069062
Iteration 8: R^2 = 0.944100028956, ICC = 0.972331204663
Iteration 9: R^2 = 0.904924300544, ICC = 0.950931680735
Iteration 10: R^2 = 0.919399301495, ICC = 0.958830491282
Iteration 11: R^2 = 0.918526377051, ICC = 0.960923729517
Iteration 12: R^2 = 0.939051893569, ICC = 0.968565110255
Iteration 13: R^2 = 0.85892191358, ICC = 0.931308688387
Iteration 14: R^2 = 0.935078982217, ICC = 0.968244300191
Iteration 15: R^2 = 0.925698576216, ICC = 0.962825294132
Iteration 16: R^2 = 0.905317450493, ICC = 0.955358921886
Iteration 17: R^2 = 0.944553736225, ICC = 0.971903503403
Iteration 18: R^2 = 0.914036083138, ICC = 0.958409845326
Iteration 19: R^2 = 0.892331646737, ICC = 0.945865643043
Iteration 20: R^2 = 0.931338823707, ICC = 0.967348217002
Iteration 21: R^2 = 0.926376092217, ICC = 0.964542753813
Iteration 22: R^2 = 0.929273436883, ICC = 0.96603122616
Iteration 23: R^2 = 0.942861884421, ICC = 0.971436480351
Iteration 24: R^2 = 0.942784594238, ICC = 0.9711220421
Iteration 25: R^2 = 0.938080301908, ICC = 0.969985757895
Iteration 26: R^2 = 0.9135859837, ICC = 0.957150761814
Iteration 27: R^2 = 0.9479886686, ICC = 0.972924372647
Iteration 28: R^2 = 0.947728108754, ICC = 0.974613441374
Iteration 29: R^2 = 0.881449001278, ICC = 0.940964888687
Iteration 30: R^2 = 0.944731592473, ICC = 0.972872535126
Iteration 31: R^2 = 0.939154475741, ICC = 0.969704382673
Iteration 32: R^2 = 0.913202649825, ICC = 0.95651705248
Iteration 33: R^2 = 0.937269253474, ICC = 0.969421754027
Iteration 34: R^2 = 0.937795808201, ICC = 0.97065263959
Iteration 35: R^2 = 0.924585278036, ICC = 0.961149623934
Iteration 36: R^2 = 0.913532993241, ICC = 0.959506837541
Iteration 37: R^2 = 0.912975921801, ICC = 0.95749979877
Iteration 38: R^2 = 0.893955612064, ICC = 0.947700841568
Iteration 39: R^2 = 0.910421509503, ICC = 0.956149617549
Iteration 40: R^2 = 0.948437451595, ICC = 0.97404854422
Iteration 41: R^2 = 0.942318894665, ICC = 0.972091457017
Iteration 42: R^2 = 0.937339067111, ICC = 0.967552027848
Iteration 43: R^2 = 0.933136278942, ICC = 0.966905843651
Iteration 44: R^2 = 0.940468267562, ICC = 0.970691670288
Iteration 45: R^2 = 0.937810937809, ICC = 0.968074915232
Iteration 46: R^2 = 0.946548386177, ICC = 0.973285961734
Iteration 47: R^2 = 0.801121966474, ICC = 0.900135289653
Iteration 48: R^2 = 0.931157656827, ICC = 0.965550803864
Iteration 49: R^2 = 0.891342856637, ICC = 0.945311729084
Iteration 50: R^2 = 0.941792098599, ICC = 0.971971169499
Iteration 51: R^2 = 0.947244561, ICC = 0.973575977657
Iteration 52: R^2 = 0.92475673682, ICC = 0.962561448122
Iteration 53: R^2 = 0.938040132612, ICC = 0.969407748591
Iteration 54: R^2 = 0.931533437989, ICC = 0.965980449686
Iteration 55: R^2 = 0.937273437544, ICC = 0.969039172919
Iteration 56: R^2 = 0.933439634062, ICC = 0.965326747182
Iteration 57: R^2 = 0.950664709008, ICC = 0.975262892004
Iteration 58: R^2 = 0.921137034707, ICC = 0.960553731551
Iteration 59: R^2 = 0.943586577139, ICC = 0.972234919977
Iteration 60: R^2 = 0.943977029248, ICC = 0.972135388172
Iteration 61: R^2 = 0.931384290368, ICC = 0.966451799595
Iteration 62: R^2 = 0.922014434712, ICC = 0.95933528535
Iteration 63: R^2 = 0.93103608742, ICC = 0.966621200931
Iteration 64: R^2 = 0.836539694964, ICC = 0.922729222098
Iteration 65: R^2 = 0.937223643679, ICC = 0.969527050559
Iteration 66: R^2 = 0.938180963812, ICC = 0.968485838047
Iteration 67: R^2 = 0.934565715343, ICC = 0.968832203359
Iteration 68: R^2 = 0.915929530781, ICC = 0.957908966132
Iteration 69: R^2 = 0.941407741658, ICC = 0.970942671883
Iteration 70: R^2 = 0.949516058388, ICC = 0.974869366245
Iteration 71: R^2 = 0.924264473859, ICC = 0.964484228994
Iteration 72: R^2 = 0.934385491651, ICC = 0.967414584208
Iteration 73: R^2 = 0.938490068855, ICC = 0.970251631987
Iteration 74: R^2 = 0.897041619743, ICC = 0.949903435356
Iteration 75: R^2 = 0.950035104305, ICC = 0.974829233008
Iteration 76: R^2 = 0.903595148925, ICC = 0.950425637751
Iteration 77: R^2 = 0.926280676692, ICC = 0.961142575532
Iteration 78: R^2 = 0.941931952119, ICC = 0.971963695896
Iteration 79: R^2 = 0.943279758681, ICC = 0.970656670564
Iteration 80: R^2 = 0.90381174654, ICC = 0.950867863742
Iteration 81: R^2 = 0.951311721608, ICC = 0.975226779491
Iteration 82: R^2 = 0.931543822522, ICC = 0.967400000765
Iteration 83: R^2 = 0.943175728497, ICC = 0.97050469865
Iteration 84: R^2 = 0.91758390072, ICC = 0.961434340518
Iteration 85: R^2 = 0.91175403449, ICC = 0.954850492568
Iteration 86: R^2 = 0.935522441008, ICC = 0.967229680747
Iteration 87: R^2 = 0.933303176957, ICC = 0.965857169103
Iteration 88: R^2 = 0.937561106255, ICC = 0.96923409333
Iteration 89: R^2 = 0.912328469086, ICC = 0.957491936457
Iteration 90: R^2 = 0.92989823241, ICC = 0.967578530166
Iteration 91: R^2 = 0.917190065874, ICC = 0.958463551447
Iteration 92: R^2 = 0.925221326454, ICC = 0.96410968853
Iteration 93: R^2 = 0.941837421417, ICC = 0.970818209662
Iteration 94: R^2 = 0.929286768695, ICC = 0.964007111921
Iteration 95: R^2 = 0.94941507298, ICC = 0.974999482925
Iteration 96: R^2 = 0.941635750242, ICC = 0.971825736341
Iteration 97: R^2 = 0.923236010432, ICC = 0.962802084256
Iteration 98: R^2 = 0.943927848893, ICC = 0.970289376127
Iteration 99: R^2 = 0.935020369604, ICC = 0.965710506263
R Squared list shape: (100,)
ICC list shape: (100,)
