Running abide_motion_wrapper_JAL.py
Fri Sep 23 12:27:42 EDT 2016
Iteration 0: R^2 = 0.861343302501, ICC = 0.930691290087
Iteration 1: R^2 = 0.864951302351, ICC = 0.933259175803
Iteration 2: R^2 = 0.918820983222, ICC = 0.959133006245
Iteration 3: R^2 = 0.925412943727, ICC = 0.962468775291
Iteration 4: R^2 = 0.909576862185, ICC = 0.954198155689
Iteration 5: R^2 = 0.764823547283, ICC = 0.889658269611
Iteration 6: R^2 = 0.921945895996, ICC = 0.959089360995
Iteration 7: R^2 = 0.895145175008, ICC = 0.948570629881
Iteration 8: R^2 = 0.914523862747, ICC = 0.95651931261
Iteration 9: R^2 = 0.90407318335, ICC = 0.951623641463
Iteration 10: R^2 = 0.908886082714, ICC = 0.954856381583
Iteration 11: R^2 = 0.913382521659, ICC = 0.956054641939
Iteration 12: R^2 = 0.928659302635, ICC = 0.965916215025
Iteration 13: R^2 = 0.835719334207, ICC = 0.925033121121
Iteration 14: R^2 = 0.915367767507, ICC = 0.956805501165
Iteration 15: R^2 = 0.933080682873, ICC = 0.964463682568
Iteration 16: R^2 = 0.913008148259, ICC = 0.958054352925
Iteration 17: R^2 = 0.910346272998, ICC = 0.955885254338
Iteration 18: R^2 = 0.915846041976, ICC = 0.959471982579
Iteration 19: R^2 = 0.907977792099, ICC = 0.951776282682
Iteration 20: R^2 = 0.851039823727, ICC = 0.929544165464
Iteration 21: R^2 = 0.919201912681, ICC = 0.958768808091
Iteration 22: R^2 = 0.913282323043, ICC = 0.957229984596
Iteration 23: R^2 = 0.928641177753, ICC = 0.964728803158
Iteration 24: R^2 = 0.909834498715, ICC = 0.953163666846
Iteration 25: R^2 = 0.867850196239, ICC = 0.930355968406
Iteration 26: R^2 = 0.923439025044, ICC = 0.961486427691
Iteration 27: R^2 = 0.901859931023, ICC = 0.951503269775
Iteration 28: R^2 = 0.897739994407, ICC = 0.94804249889
Iteration 29: R^2 = 0.925969239275, ICC = 0.963258596215
Iteration 30: R^2 = 0.882437308931, ICC = 0.941107278311
Iteration 31: R^2 = 0.894483050166, ICC = 0.947732225645
Iteration 32: R^2 = 0.916126270813, ICC = 0.957695431057
Iteration 33: R^2 = 0.916096644846, ICC = 0.960090959076
Iteration 34: R^2 = 0.930537414294, ICC = 0.96535685892
Iteration 35: R^2 = 0.766092962349, ICC = 0.892525630765
Iteration 36: R^2 = 0.927759705511, ICC = 0.963395005185
Iteration 37: R^2 = 0.934769226066, ICC = 0.965421863962
Iteration 38: R^2 = 0.891704553763, ICC = 0.944028574954
Iteration 39: R^2 = 0.9059727521, ICC = 0.955440537953
Iteration 40: R^2 = 0.907291272002, ICC = 0.953881047155
Iteration 41: R^2 = 0.907934876267, ICC = 0.953595791093
Iteration 42: R^2 = 0.889674121054, ICC = 0.947633630114
Iteration 43: R^2 = 0.913402245808, ICC = 0.95762128926
Iteration 44: R^2 = 0.822969904487, ICC = 0.915970559087
Iteration 45: R^2 = 0.916330651347, ICC = 0.958428752498
Iteration 46: R^2 = 0.893021704624, ICC = 0.946024136888
Iteration 47: R^2 = 0.897828347018, ICC = 0.95054337979
Iteration 48: R^2 = 0.916648306639, ICC = 0.958121547821
Iteration 49: R^2 = 0.883689019567, ICC = 0.945423947992
Iteration 50: R^2 = 0.922085638053, ICC = 0.961284988027
Iteration 51: R^2 = 0.61481837073, ICC = 0.832914878208
Iteration 52: R^2 = 0.893184064199, ICC = 0.94829444639
Iteration 53: R^2 = 0.93044309909, ICC = 0.965942291621
Iteration 54: R^2 = 0.914666225357, ICC = 0.958701353072
Iteration 55: R^2 = 0.856032732037, ICC = 0.926127538472
Iteration 56: R^2 = 0.91740909771, ICC = 0.956175272466
Iteration 57: R^2 = 0.904889831476, ICC = 0.954709346117
Iteration 58: R^2 = 0.928954052961, ICC = 0.962942867215
Iteration 59: R^2 = 0.922221785382, ICC = 0.962042069704
Iteration 60: R^2 = 0.922964981007, ICC = 0.962325788034
Iteration 61: R^2 = 0.84556153045, ICC = 0.925021665798
Iteration 62: R^2 = 0.915144760966, ICC = 0.958153847396
Iteration 63: R^2 = 0.919750716384, ICC = 0.960557836101
Iteration 64: R^2 = 0.889387675757, ICC = 0.945392099664
Iteration 65: R^2 = 0.91148576638, ICC = 0.954708988672
Iteration 66: R^2 = 0.930599207216, ICC = 0.965266659035
Iteration 67: R^2 = 0.924442046122, ICC = 0.961747158305
Iteration 68: R^2 = 0.925583808096, ICC = 0.962632377042
Iteration 69: R^2 = 0.837083944428, ICC = 0.914680204278
Iteration 70: R^2 = 0.908312072841, ICC = 0.953324427036
Iteration 71: R^2 = 0.735086895525, ICC = 0.867876331875
Iteration 72: R^2 = 0.873609331523, ICC = 0.937607479243
Iteration 73: R^2 = 0.899637967059, ICC = 0.950600572975
Iteration 74: R^2 = 0.922416411321, ICC = 0.962906558176
Iteration 75: R^2 = 0.915898136079, ICC = 0.959383894621
Iteration 76: R^2 = 0.893284774779, ICC = 0.945931305266
Iteration 77: R^2 = 0.928168372544, ICC = 0.963735345583
Iteration 78: R^2 = 0.924725191993, ICC = 0.960893174793
Iteration 79: R^2 = 0.907380523211, ICC = 0.956591524629
Iteration 80: R^2 = 0.867599261255, ICC = 0.937102255399
Iteration 81: R^2 = 0.908720841813, ICC = 0.95369127637
Iteration 82: R^2 = 0.923770832192, ICC = 0.960696874645
Iteration 83: R^2 = 0.929604533451, ICC = 0.964245083001
Iteration 84: R^2 = 0.918630153857, ICC = 0.962028235011
Iteration 85: R^2 = 0.90310403017, ICC = 0.949495653946
Iteration 86: R^2 = 0.882007251442, ICC = 0.94347792577
Iteration 87: R^2 = 0.91808251897, ICC = 0.955842226859
Iteration 88: R^2 = 0.906877649967, ICC = 0.950818402649
Iteration 89: R^2 = 0.896867329173, ICC = 0.947770421699
Iteration 90: R^2 = 0.925178358369, ICC = 0.962680131465
Iteration 91: R^2 = 0.933266829423, ICC = 0.965123911749
Iteration 92: R^2 = 0.894605755616, ICC = 0.946358372937
Iteration 93: R^2 = 0.93450686846, ICC = 0.966750652358
Iteration 94: R^2 = 0.923903769646, ICC = 0.962450919747
Iteration 95: R^2 = 0.917400693179, ICC = 0.957419519514
Iteration 96: R^2 = 0.925952240139, ICC = 0.964117330048
Iteration 97: R^2 = 0.861099819213, ICC = 0.928093687188
Iteration 98: R^2 = 0.933716697108, ICC = 0.967033101981
Iteration 99: R^2 = 0.919721479471, ICC = 0.958160319431
R Squared list shape: (100,)
ICC list shape: (100,)
