Running abide_motion_wrapper_JAL.py
Fri Sep 23 12:26:51 EDT 2016
Iteration 0: R^2 = 0.94376031484, ICC = 0.971877313446
Iteration 1: R^2 = 0.921615066306, ICC = 0.961707116215
Iteration 2: R^2 = 0.945533050191, ICC = 0.97181055165
Iteration 3: R^2 = 0.949624184846, ICC = 0.974861264659
Iteration 4: R^2 = 0.919232474463, ICC = 0.960236509735
Iteration 5: R^2 = 0.937292947251, ICC = 0.969877505184
Iteration 6: R^2 = 0.919240651191, ICC = 0.961530262044
Iteration 7: R^2 = 0.903139308462, ICC = 0.954497422675
Iteration 8: R^2 = 0.933856323311, ICC = 0.96754567779
Iteration 9: R^2 = 0.920101876948, ICC = 0.958186867459
Iteration 10: R^2 = 0.840355112699, ICC = 0.920809009614
Iteration 11: R^2 = 0.932087324417, ICC = 0.967025852093
Iteration 12: R^2 = 0.906114887957, ICC = 0.955482738953
Iteration 13: R^2 = 0.938019199763, ICC = 0.968822512499
Iteration 14: R^2 = 0.897840347828, ICC = 0.947606132393
Iteration 15: R^2 = 0.933915127741, ICC = 0.968421324467
Iteration 16: R^2 = 0.930278876702, ICC = 0.963955706913
Iteration 17: R^2 = 0.937271332636, ICC = 0.970380184578
Iteration 18: R^2 = 0.943174484961, ICC = 0.971291769881
Iteration 19: R^2 = 0.914021516886, ICC = 0.958758346238
Iteration 20: R^2 = 0.943819108266, ICC = 0.972396836414
Iteration 21: R^2 = 0.929573627271, ICC = 0.964157627769
Iteration 22: R^2 = 0.947846531037, ICC = 0.973004992069
Iteration 23: R^2 = 0.896315684927, ICC = 0.946874599348
Iteration 24: R^2 = 0.939494632883, ICC = 0.970632966855
Iteration 25: R^2 = 0.944959500318, ICC = 0.971971713153
Iteration 26: R^2 = 0.937334626837, ICC = 0.970010195473
Iteration 27: R^2 = 0.914661492156, ICC = 0.958435299154
Iteration 28: R^2 = 0.897051747209, ICC = 0.949420143855
Iteration 29: R^2 = 0.912730620828, ICC = 0.956222369471
Iteration 30: R^2 = 0.939278852854, ICC = 0.969764972602
Iteration 31: R^2 = 0.809296775588, ICC = 0.912998416103
Iteration 32: R^2 = 0.951558615449, ICC = 0.976024402322
Iteration 33: R^2 = 0.94503089256, ICC = 0.973083367932
Iteration 34: R^2 = 0.941215698864, ICC = 0.969219637085
Iteration 35: R^2 = 0.925380716126, ICC = 0.963522143354
Iteration 36: R^2 = 0.945330092656, ICC = 0.973128214991
Iteration 37: R^2 = 0.86358512213, ICC = 0.936945766235
Iteration 38: R^2 = 0.929345876018, ICC = 0.965256921242
Iteration 39: R^2 = 0.952378210251, ICC = 0.975957622115
Iteration 40: R^2 = 0.913468225215, ICC = 0.956645955315
Iteration 41: R^2 = 0.922816403771, ICC = 0.962434087597
Iteration 42: R^2 = 0.928822897558, ICC = 0.964107751482
Iteration 43: R^2 = 0.933651262192, ICC = 0.966858585859
Iteration 44: R^2 = 0.933536577856, ICC = 0.968223914485
Iteration 45: R^2 = 0.950072469196, ICC = 0.974679358897
Iteration 46: R^2 = 0.938295358452, ICC = 0.9703386556
Iteration 47: R^2 = 0.945114947604, ICC = 0.972545479424
Iteration 48: R^2 = 0.932104773616, ICC = 0.967047263976
Iteration 49: R^2 = 0.942554274616, ICC = 0.970852308178
Iteration 50: R^2 = 0.947368966257, ICC = 0.97282014391
Iteration 51: R^2 = 0.927363470198, ICC = 0.962794816364
Iteration 52: R^2 = 0.946567640318, ICC = 0.973472477623
Iteration 53: R^2 = 0.938260513632, ICC = 0.968489621269
Iteration 54: R^2 = 0.938494998792, ICC = 0.970369925212
Iteration 55: R^2 = 0.956693351534, ICC = 0.978365815835
Iteration 56: R^2 = 0.87305541308, ICC = 0.937824862859
Iteration 57: R^2 = 0.878091562581, ICC = 0.939533883654
Iteration 58: R^2 = 0.937199657119, ICC = 0.969664320201
Iteration 59: R^2 = 0.940814936044, ICC = 0.971940551424
Iteration 60: R^2 = 0.949077268358, ICC = 0.974383584782
Iteration 61: R^2 = 0.831465923282, ICC = 0.920054848025
Iteration 62: R^2 = 0.944451612306, ICC = 0.972516048301
Iteration 63: R^2 = 0.93532838257, ICC = 0.966654141371
Iteration 64: R^2 = 0.904757483483, ICC = 0.95083557596
Iteration 65: R^2 = 0.915180774065, ICC = 0.95650284931
Iteration 66: R^2 = 0.877981869336, ICC = 0.940924675029
Iteration 67: R^2 = 0.937508523525, ICC = 0.969181310947
Iteration 68: R^2 = 0.938259988263, ICC = 0.969743836187
Iteration 69: R^2 = 0.93433086941, ICC = 0.968319740949
Iteration 70: R^2 = 0.792175696362, ICC = 0.908376694204
Iteration 71: R^2 = 0.916048782488, ICC = 0.958579210029
Iteration 72: R^2 = 0.948278084586, ICC = 0.973957187537
Iteration 73: R^2 = 0.944929661202, ICC = 0.972038365249
Iteration 74: R^2 = 0.933195757237, ICC = 0.965840492401
Iteration 75: R^2 = 0.93760430495, ICC = 0.969654487727
Iteration 76: R^2 = 0.888824208723, ICC = 0.941967306866
Iteration 77: R^2 = 0.934507604098, ICC = 0.967010959696
Iteration 78: R^2 = 0.870931216301, ICC = 0.93089337211
Iteration 79: R^2 = 0.904621730431, ICC = 0.952623866269
Iteration 80: R^2 = 0.946058530712, ICC = 0.972955991236
Iteration 81: R^2 = 0.881622862289, ICC = 0.939514743623
Iteration 82: R^2 = 0.914916896151, ICC = 0.960374220746
Iteration 83: R^2 = 0.934922646299, ICC = 0.966164299593
Iteration 84: R^2 = 0.82451830396, ICC = 0.920953723235
Iteration 85: R^2 = 0.948845689937, ICC = 0.974411458596
Iteration 86: R^2 = 0.930829673218, ICC = 0.964326002026
Iteration 87: R^2 = 0.928757291249, ICC = 0.96541248915
Iteration 88: R^2 = 0.929055883178, ICC = 0.962461170301
Iteration 89: R^2 = 0.936116418077, ICC = 0.967936239966
Iteration 90: R^2 = 0.942328268343, ICC = 0.970563287573
Iteration 91: R^2 = 0.927237099057, ICC = 0.963271750745
Iteration 92: R^2 = 0.925209744552, ICC = 0.963256694444
Iteration 93: R^2 = 0.924664441067, ICC = 0.961938795247
Iteration 94: R^2 = 0.941919374872, ICC = 0.970532829354
Iteration 95: R^2 = 0.935636691903, ICC = 0.968100973223
Iteration 96: R^2 = 0.945417478015, ICC = 0.973895996259
Iteration 97: R^2 = 0.936917650241, ICC = 0.967664551046
Iteration 98: R^2 = 0.936407000345, ICC = 0.967339461285
Iteration 99: R^2 = 0.915049782515, ICC = 0.95724219537
R Squared list shape: (100,)
ICC list shape: (100,)
