Running abide_motion_wrapper_JAL.py
Fri Sep 23 12:26:51 EDT 2016
Iteration 0: R^2 = 0.606169910861, ICC = 0.7951125438
Iteration 1: R^2 = 0.806518279799, ICC = 0.901202613551
Iteration 2: R^2 = 0.809526018399, ICC = 0.904293052196
Iteration 3: R^2 = 0.707041926408, ICC = 0.848270761444
Iteration 4: R^2 = 0.791947203251, ICC = 0.895057461692
Iteration 5: R^2 = 0.7928127153, ICC = 0.889663220637
Iteration 6: R^2 = 0.57825783503, ICC = 0.818609958686
Iteration 7: R^2 = 0.821128901061, ICC = 0.910218747389
Iteration 8: R^2 = 0.634790010867, ICC = 0.831978969051
Iteration 9: R^2 = 0.812867589597, ICC = 0.902602644069
Iteration 10: R^2 = 0.760980339987, ICC = 0.88066397885
Iteration 11: R^2 = 0.743884922878, ICC = 0.871959438384
Iteration 12: R^2 = 0.8092162011, ICC = 0.901279592504
Iteration 13: R^2 = 0.544802096882, ICC = 0.769350822844
Iteration 14: R^2 = 0.713240590138, ICC = 0.863950370614
Iteration 15: R^2 = 0.747150706955, ICC = 0.863344960804
Iteration 16: R^2 = 0.306093565766, ICC = 0.707998699588
Iteration 17: R^2 = 0.706718054552, ICC = 0.85107771398
Iteration 18: R^2 = 0.749555696569, ICC = 0.883279311979
Iteration 19: R^2 = 0.777899488174, ICC = 0.894504241607
Iteration 20: R^2 = 0.73169802065, ICC = 0.87115913482
Iteration 21: R^2 = 0.765886853846, ICC = 0.882685694405
Iteration 22: R^2 = 0.781911186747, ICC = 0.890902118009
Iteration 23: R^2 = 0.365502921505, ICC = 0.741194554316
Iteration 24: R^2 = 0.294557753636, ICC = 0.671271489877
Iteration 25: R^2 = 0.703222849018, ICC = 0.844501244885
Iteration 26: R^2 = 0.80582197475, ICC = 0.899040937581
Iteration 27: R^2 = 0.756236066791, ICC = 0.871852748131
Iteration 28: R^2 = 0.804920132194, ICC = 0.899347617164
Iteration 29: R^2 = 0.743386451202, ICC = 0.879092966257
Iteration 30: R^2 = 0.645035732692, ICC = 0.83056168439
Iteration 31: R^2 = 0.71419534242, ICC = 0.862432061478
Iteration 32: R^2 = 0.742740539445, ICC = 0.87206968637
Iteration 33: R^2 = 0.799507710898, ICC = 0.901477831045
Iteration 34: R^2 = 0.813369792756, ICC = 0.902483034895
Iteration 35: R^2 = 0.784445517821, ICC = 0.881568904877
Iteration 36: R^2 = 0.737014843502, ICC = 0.876443091197
Iteration 37: R^2 = 0.709509867169, ICC = 0.84994126024
Iteration 38: R^2 = 0.643671062964, ICC = 0.839595934816
Iteration 39: R^2 = 0.515923416056, ICC = 0.779984128196
Iteration 40: R^2 = 0.659567237511, ICC = 0.823026555735
Iteration 41: R^2 = 0.777176386318, ICC = 0.885395183361
Iteration 42: R^2 = 0.761930280496, ICC = 0.884495169116
Iteration 43: R^2 = 0.792718021893, ICC = 0.897506348001
Iteration 44: R^2 = 0.54448911256, ICC = 0.802971342463
Iteration 45: R^2 = 0.715175637501, ICC = 0.864554630945
Iteration 46: R^2 = 0.808055401411, ICC = 0.892420015915
Iteration 47: R^2 = 0.713771343628, ICC = 0.848873201942
Iteration 48: R^2 = 0.786262812787, ICC = 0.898045171536
Iteration 49: R^2 = 0.797232391809, ICC = 0.901794501794
Iteration 50: R^2 = 0.734587847992, ICC = 0.86522187718
Iteration 51: R^2 = 0.709072163012, ICC = 0.866305880565
Iteration 52: R^2 = 0.807018468532, ICC = 0.896905883311
Iteration 53: R^2 = 0.781635338431, ICC = 0.897276305716
Iteration 54: R^2 = 0.745384132895, ICC = 0.875426807011
Iteration 55: R^2 = 0.765266837288, ICC = 0.885551176493
Iteration 56: R^2 = 0.816936511256, ICC = 0.91058948154
Iteration 57: R^2 = 0.804900789745, ICC = 0.902855781774
Iteration 58: R^2 = 0.790205774702, ICC = 0.8932141337
Iteration 59: R^2 = 0.809029445115, ICC = 0.896787584032
Iteration 60: R^2 = 0.74325915344, ICC = 0.879102943802
Iteration 61: R^2 = 0.807279509025, ICC = 0.897429123539
Iteration 62: R^2 = 0.555199307096, ICC = 0.808099318396
Iteration 63: R^2 = 0.756886075042, ICC = 0.875109921001
Iteration 64: R^2 = 0.81154942837, ICC = 0.900045158972
Iteration 65: R^2 = 0.565787167412, ICC = 0.762896996114
Iteration 66: R^2 = 0.735405113193, ICC = 0.871881697378
Iteration 67: R^2 = 0.7558942758, ICC = 0.875011082117
Iteration 68: R^2 = 0.751681629321, ICC = 0.880047645253
Iteration 69: R^2 = 0.822972173807, ICC = 0.913737779078
Iteration 70: R^2 = 0.80414432864, ICC = 0.893237399119
Iteration 71: R^2 = 0.700410566082, ICC = 0.846727469278
Iteration 72: R^2 = 0.789621518767, ICC = 0.89198969552
Iteration 73: R^2 = 0.796376589732, ICC = 0.893967530094
Iteration 74: R^2 = 0.701647926246, ICC = 0.851543622532
Iteration 75: R^2 = 0.312948166542, ICC = 0.708188260829
Iteration 76: R^2 = 0.781248984644, ICC = 0.884403729244
Iteration 77: R^2 = 0.715187891035, ICC = 0.874657817586
Iteration 78: R^2 = 0.667471135438, ICC = 0.83803742351
Iteration 79: R^2 = 0.813437954777, ICC = 0.906419413222
Iteration 80: R^2 = 0.804168571289, ICC = 0.900364421831
Iteration 81: R^2 = 0.637947798482, ICC = 0.819330739993
Iteration 82: R^2 = 0.756244414111, ICC = 0.87718315575
Iteration 83: R^2 = 0.78862620129, ICC = 0.891019141819
Iteration 84: R^2 = 0.756475296933, ICC = 0.869402979436
Iteration 85: R^2 = 0.709192805914, ICC = 0.870908325247
Iteration 86: R^2 = 0.514168488907, ICC = 0.79211508617
Iteration 87: R^2 = 0.765049173743, ICC = 0.888900491577
Iteration 88: R^2 = 0.569222345654, ICC = 0.80213143917
Iteration 89: R^2 = 0.716482430449, ICC = 0.859895642196
Iteration 90: R^2 = 0.780466902153, ICC = 0.891877536003
Iteration 91: R^2 = 0.782686199013, ICC = 0.883871307567
Iteration 92: R^2 = 0.755197064374, ICC = 0.888319303746
Iteration 93: R^2 = 0.781654507211, ICC = 0.891589980127
Iteration 94: R^2 = 0.577733560368, ICC = 0.814221273858
Iteration 95: R^2 = 0.725282408199, ICC = 0.852127497035
Iteration 96: R^2 = 0.772386164347, ICC = 0.882199666836
Iteration 97: R^2 = 0.737297416753, ICC = 0.864567211588
Iteration 98: R^2 = 0.529060497415, ICC = 0.799410723919
Iteration 99: R^2 = 0.803649743606, ICC = 0.899742012408
R Squared list shape: (100,)
ICC list shape: (100,)
