Running abide_motion_wrapper_JAL.py
Fri Sep 23 12:24:37 EDT 2016
Iteration 0: R^2 = 0.938456502284, ICC = 0.969191183742
Iteration 1: R^2 = 0.946699819002, ICC = 0.973806242051
Iteration 2: R^2 = 0.796237708267, ICC = 0.893861364071
Iteration 3: R^2 = 0.96039848448, ICC = 0.980458845126
Iteration 4: R^2 = 0.960584456637, ICC = 0.980195740773
Iteration 5: R^2 = 0.965722588866, ICC = 0.982829950293
Iteration 6: R^2 = 0.954555328887, ICC = 0.976958311151
Iteration 7: R^2 = 0.960512873967, ICC = 0.979821610913
Iteration 8: R^2 = 0.950599335838, ICC = 0.974690558833
Iteration 9: R^2 = 0.949377676637, ICC = 0.973278041895
Iteration 10: R^2 = 0.94659407398, ICC = 0.973065371773
Iteration 11: R^2 = 0.935925908662, ICC = 0.967455729733
Iteration 12: R^2 = 0.965010465941, ICC = 0.982814609723
Iteration 13: R^2 = 0.959089799763, ICC = 0.979920991067
Iteration 14: R^2 = 0.965832895399, ICC = 0.982794964885
Iteration 15: R^2 = 0.95435463121, ICC = 0.977399427303
Iteration 16: R^2 = 0.960470137619, ICC = 0.980565894676
Iteration 17: R^2 = 0.958461965541, ICC = 0.978726371927
Iteration 18: R^2 = 0.961179112311, ICC = 0.980891767538
Iteration 19: R^2 = 0.963799518666, ICC = 0.981985718799
Iteration 20: R^2 = 0.95415150107, ICC = 0.976620645905
Iteration 21: R^2 = 0.926332376875, ICC = 0.965225389252
Iteration 22: R^2 = 0.966043063133, ICC = 0.98280795154
Iteration 23: R^2 = 0.938818131132, ICC = 0.970784579652
Iteration 24: R^2 = 0.965473622374, ICC = 0.982588954245
Iteration 25: R^2 = 0.959040830685, ICC = 0.979786706994
Iteration 26: R^2 = 0.95712268993, ICC = 0.979022112484
Iteration 27: R^2 = 0.95946664264, ICC = 0.979312262122
Iteration 28: R^2 = 0.964517837879, ICC = 0.982437904555
Iteration 29: R^2 = 0.960295399659, ICC = 0.979812092703
Iteration 30: R^2 = 0.953516455546, ICC = 0.97559590107
Iteration 31: R^2 = 0.953474256767, ICC = 0.976642544333
Iteration 32: R^2 = 0.965880681286, ICC = 0.983002177908
Iteration 33: R^2 = 0.959821870964, ICC = 0.980351067141
Iteration 34: R^2 = 0.957667457926, ICC = 0.97959105837
Iteration 35: R^2 = 0.960415997196, ICC = 0.980292474012
Iteration 36: R^2 = 0.909410921324, ICC = 0.956108471286
Iteration 37: R^2 = 0.920233591486, ICC = 0.95855166693
Iteration 38: R^2 = 0.951737710582, ICC = 0.976599609653
Iteration 39: R^2 = 0.940447511381, ICC = 0.971897723522
Iteration 40: R^2 = 0.958660900803, ICC = 0.978679554299
Iteration 41: R^2 = 0.961849637542, ICC = 0.981387963195
Iteration 42: R^2 = 0.942998371597, ICC = 0.971264849699
Iteration 43: R^2 = 0.970977748334, ICC = 0.985422072551
Iteration 44: R^2 = 0.936839155536, ICC = 0.969473570257
Iteration 45: R^2 = 0.93314917875, ICC = 0.965876045335
Iteration 46: R^2 = 0.96576400681, ICC = 0.982964841199
Iteration 47: R^2 = 0.952678679773, ICC = 0.976132724802
Iteration 48: R^2 = 0.934487873008, ICC = 0.967714722414
Iteration 49: R^2 = 0.948426037388, ICC = 0.974488699926
Iteration 50: R^2 = 0.93484662137, ICC = 0.967997606041
Iteration 51: R^2 = 0.958690494923, ICC = 0.979008791593
Iteration 52: R^2 = 0.962581931973, ICC = 0.981258043135
Iteration 53: R^2 = 0.960372452169, ICC = 0.979506601416
Iteration 54: R^2 = 0.957123405263, ICC = 0.977574710273
Iteration 55: R^2 = 0.959449189201, ICC = 0.97952470161
Iteration 56: R^2 = 0.966860633333, ICC = 0.983574925244
Iteration 57: R^2 = 0.952199530044, ICC = 0.975198102415
Iteration 58: R^2 = 0.953921168366, ICC = 0.977803373294
Iteration 59: R^2 = 0.960704895427, ICC = 0.980187879802
Iteration 60: R^2 = 0.940355574955, ICC = 0.970183987628
Iteration 61: R^2 = 0.963802703235, ICC = 0.982056710858
Iteration 62: R^2 = 0.927701144934, ICC = 0.964643833809
Iteration 63: R^2 = 0.954466637367, ICC = 0.977546979486
Iteration 64: R^2 = 0.963011203032, ICC = 0.981403168038
Iteration 65: R^2 = 0.92307434828, ICC = 0.96097796814
Iteration 66: R^2 = 0.943226403854, ICC = 0.972036299381
Iteration 67: R^2 = 0.965417380114, ICC = 0.98289365923
Iteration 68: R^2 = 0.958353680199, ICC = 0.979790474617
Iteration 69: R^2 = 0.96369349871, ICC = 0.981664018952
Iteration 70: R^2 = 0.916452927871, ICC = 0.960108175775
Iteration 71: R^2 = 0.943539968085, ICC = 0.972524666322
Iteration 72: R^2 = 0.918987964332, ICC = 0.959695973983
Iteration 73: R^2 = 0.923744850955, ICC = 0.964810253281
Iteration 74: R^2 = 0.963506942892, ICC = 0.981947705155
Iteration 75: R^2 = 0.958066913002, ICC = 0.978975907032
Iteration 76: R^2 = 0.962491081366, ICC = 0.981012893541
Iteration 77: R^2 = 0.951629420699, ICC = 0.975249148116
Iteration 78: R^2 = 0.962525358529, ICC = 0.981384872085
Iteration 79: R^2 = 0.962391898581, ICC = 0.981046364088
Iteration 80: R^2 = 0.936592733672, ICC = 0.96719772791
Iteration 81: R^2 = 0.959000344241, ICC = 0.979640359096
Iteration 82: R^2 = 0.959985996822, ICC = 0.980004983788
Iteration 83: R^2 = 0.964267684557, ICC = 0.982475091429
Iteration 84: R^2 = 0.955681767531, ICC = 0.977200368847
Iteration 85: R^2 = 0.957478757093, ICC = 0.979230948738
Iteration 86: R^2 = 0.963793732681, ICC = 0.982349071596
Iteration 87: R^2 = 0.961956404038, ICC = 0.980302961145
Iteration 88: R^2 = 0.955110243099, ICC = 0.977503044525
Iteration 89: R^2 = 0.926861691364, ICC = 0.964771197159
Iteration 90: R^2 = 0.961962157168, ICC = 0.980459225218
Iteration 91: R^2 = 0.936688783973, ICC = 0.968968327013
Iteration 92: R^2 = 0.939140324326, ICC = 0.971349227493
Iteration 93: R^2 = 0.952674476266, ICC = 0.976182102121
Iteration 94: R^2 = 0.96090254229, ICC = 0.980754095494
Iteration 95: R^2 = 0.940740857214, ICC = 0.971808169826
Iteration 96: R^2 = 0.960256231627, ICC = 0.980516992466
Iteration 97: R^2 = 0.953065853095, ICC = 0.976195348319
Iteration 98: R^2 = 0.952568067148, ICC = 0.975282587283
Iteration 99: R^2 = 0.937545128907, ICC = 0.968721447947
R Squared list shape: (100,)
ICC list shape: (100,)
