Running abide_motion_wrapper_JAL.py
Fri Sep 23 12:27:42 EDT 2016
Iteration 0: R^2 = 0.795032177786, ICC = 0.897739644694
Iteration 1: R^2 = 0.786083137898, ICC = 0.89713034379
Iteration 2: R^2 = 0.753707276458, ICC = 0.875940592639
Iteration 3: R^2 = 0.760088833107, ICC = 0.881436218002
Iteration 4: R^2 = 0.786774887947, ICC = 0.903930605774
Iteration 5: R^2 = 0.746078943642, ICC = 0.877542337718
Iteration 6: R^2 = 0.762765648015, ICC = 0.877273257859
Iteration 7: R^2 = 0.589220965803, ICC = 0.787206610923
Iteration 8: R^2 = 0.71960864746, ICC = 0.869598041428
Iteration 9: R^2 = 0.563216151223, ICC = 0.794467301974
Iteration 10: R^2 = 0.755166413439, ICC = 0.889242872333
Iteration 11: R^2 = 0.776160781679, ICC = 0.88671679058
Iteration 12: R^2 = 0.704033821717, ICC = 0.866260399897
Iteration 13: R^2 = -0.336243961829, ICC = 0.521058646699
Iteration 14: R^2 = 0.764585647686, ICC = 0.874722324547
Iteration 15: R^2 = 0.621284964119, ICC = 0.830536523072
Iteration 16: R^2 = 0.750781237655, ICC = 0.868110566433
Iteration 17: R^2 = 0.29322226115, ICC = 0.665667385497
Iteration 18: R^2 = 0.804248285341, ICC = 0.89020852094
Iteration 19: R^2 = 0.72441703662, ICC = 0.867785026918
Iteration 20: R^2 = 0.780059756664, ICC = 0.881680926282
Iteration 21: R^2 = 0.790000203685, ICC = 0.890149023404
Iteration 22: R^2 = 0.808795755024, ICC = 0.905447758051
Iteration 23: R^2 = 0.784321857017, ICC = 0.893832506011
Iteration 24: R^2 = 0.752442930352, ICC = 0.869621152348
Iteration 25: R^2 = 0.689147855905, ICC = 0.833644052333
Iteration 26: R^2 = 0.760646253148, ICC = 0.887138891205
Iteration 27: R^2 = 0.75968039832, ICC = 0.878100229316
Iteration 28: R^2 = 0.772801087203, ICC = 0.885296691736
Iteration 29: R^2 = 0.827416106957, ICC = 0.915079045734
Iteration 30: R^2 = 0.744762893914, ICC = 0.875789403139
Iteration 31: R^2 = 0.792852757375, ICC = 0.896182953277
Iteration 32: R^2 = 0.734343813918, ICC = 0.86881084009
Iteration 33: R^2 = 0.829685568072, ICC = 0.914663398021
Iteration 34: R^2 = 0.611748314947, ICC = 0.809969825924
Iteration 35: R^2 = 0.742033837789, ICC = 0.871452364384
Iteration 36: R^2 = 0.747675857982, ICC = 0.884791750027
Iteration 37: R^2 = 0.216698563981, ICC = 0.68264363917
Iteration 38: R^2 = 0.705285441207, ICC = 0.865045175139
Iteration 39: R^2 = 0.622160601546, ICC = 0.830172889703
Iteration 40: R^2 = 0.76774233869, ICC = 0.889111881833
Iteration 41: R^2 = 0.808051351999, ICC = 0.902098803955
Iteration 42: R^2 = 0.626570709948, ICC = 0.812069796122
Iteration 43: R^2 = 0.664899902053, ICC = 0.851289343174
Iteration 44: R^2 = 0.53829278816, ICC = 0.787985198493
Iteration 45: R^2 = 0.72744021902, ICC = 0.867184013068
Iteration 46: R^2 = 0.675314668239, ICC = 0.838127249917
Iteration 47: R^2 = 0.801486155958, ICC = 0.900776548141
Iteration 48: R^2 = 0.762521534638, ICC = 0.880624601534
Iteration 49: R^2 = 0.623545551656, ICC = 0.827185786881
Iteration 50: R^2 = 0.67878258261, ICC = 0.847488032393
Iteration 51: R^2 = 0.718970601033, ICC = 0.860999446942
Iteration 52: R^2 = 0.792775344859, ICC = 0.895196694981
Iteration 53: R^2 = 0.663583121092, ICC = 0.850585373345
Iteration 54: R^2 = 0.798904224498, ICC = 0.897525155003
Iteration 55: R^2 = 0.297329323248, ICC = 0.685151457319
Iteration 56: R^2 = 0.782617332691, ICC = 0.888754330178
Iteration 57: R^2 = 0.747490514003, ICC = 0.876032680624
Iteration 58: R^2 = 0.601472272499, ICC = 0.827346402672
Iteration 59: R^2 = 0.440454271008, ICC = 0.768708075569
Iteration 60: R^2 = 0.78320027059, ICC = 0.8846274538
Iteration 61: R^2 = 0.763598676135, ICC = 0.86204454487
Iteration 62: R^2 = 0.700303037567, ICC = 0.858258928005
Iteration 63: R^2 = 0.794731488243, ICC = 0.899941791454
Iteration 64: R^2 = 0.735151418949, ICC = 0.865637909343
Iteration 65: R^2 = 0.789792793967, ICC = 0.897180033527
Iteration 66: R^2 = 0.722246458655, ICC = 0.873206200147
Iteration 67: R^2 = 0.786514618314, ICC = 0.893727319007
Iteration 68: R^2 = 0.774551386613, ICC = 0.88969290608
Iteration 69: R^2 = 0.681144012928, ICC = 0.839089057342
Iteration 70: R^2 = 0.735952072235, ICC = 0.870721088818
Iteration 71: R^2 = 0.767564654537, ICC = 0.886192575925
Iteration 72: R^2 = 0.642691880655, ICC = 0.818256905173
Iteration 73: R^2 = 0.771437310498, ICC = 0.879646722719
Iteration 74: R^2 = 0.446058768178, ICC = 0.727273976593
Iteration 75: R^2 = 0.744906406494, ICC = 0.872282769503
Iteration 76: R^2 = 0.743187250378, ICC = 0.870620864229
Iteration 77: R^2 = 0.75415344229, ICC = 0.874440323558
Iteration 78: R^2 = 0.758781799022, ICC = 0.887456144544
Iteration 79: R^2 = 0.782350169228, ICC = 0.889493813222
Iteration 80: R^2 = 0.662352570467, ICC = 0.855218469617
Iteration 81: R^2 = 0.745725070399, ICC = 0.872053308801
Iteration 82: R^2 = 0.79979049841, ICC = 0.889879936695
Iteration 83: R^2 = 0.745268142833, ICC = 0.87867505467
Iteration 84: R^2 = 0.640899783978, ICC = 0.802309023377
Iteration 85: R^2 = 0.767325471008, ICC = 0.880163510447
Iteration 86: R^2 = 0.768894972151, ICC = 0.880379599596
Iteration 87: R^2 = 0.713960673837, ICC = 0.877254676141
Iteration 88: R^2 = 0.799004191227, ICC = 0.902372174686
Iteration 89: R^2 = 0.689975732845, ICC = 0.836917608296
Iteration 90: R^2 = 0.760243352361, ICC = 0.870754491885
Iteration 91: R^2 = 0.796451316742, ICC = 0.892538718716
Iteration 92: R^2 = 0.804031820244, ICC = 0.90380640007
Iteration 93: R^2 = 0.750848609961, ICC = 0.876333751029
Iteration 94: R^2 = 0.708888755075, ICC = 0.866701513978
Iteration 95: R^2 = 0.58922521624, ICC = 0.807258758064
Iteration 96: R^2 = 0.711698094125, ICC = 0.866675869393
Iteration 97: R^2 = 0.66999501824, ICC = 0.841797885077
Iteration 98: R^2 = 0.802527332508, ICC = 0.902131047109
Iteration 99: R^2 = 0.782044304293, ICC = 0.88786418852
R Squared list shape: (100,)
ICC list shape: (100,)
