Running abide_motion_wrapper_JAL.py
Fri Sep 23 12:26:51 EDT 2016
Iteration 0: R^2 = 0.940030865472, ICC = 0.970088097872
Iteration 1: R^2 = 0.877832604429, ICC = 0.941626404704
Iteration 2: R^2 = 0.947846464399, ICC = 0.973917447781
Iteration 3: R^2 = 0.940662239764, ICC = 0.969976137295
Iteration 4: R^2 = 0.938245466319, ICC = 0.969953151667
Iteration 5: R^2 = 0.9369918531, ICC = 0.968450459085
Iteration 6: R^2 = 0.907895156367, ICC = 0.953901175895
Iteration 7: R^2 = 0.89684145382, ICC = 0.950776077856
Iteration 8: R^2 = 0.949710979754, ICC = 0.975073350577
Iteration 9: R^2 = 0.930498022132, ICC = 0.964503643939
Iteration 10: R^2 = 0.91439211832, ICC = 0.959556979107
Iteration 11: R^2 = 0.9434451546, ICC = 0.971846108154
Iteration 12: R^2 = 0.909622692882, ICC = 0.956691540455
Iteration 13: R^2 = 0.920285974232, ICC = 0.96018771251
Iteration 14: R^2 = 0.846159608275, ICC = 0.92597913226
Iteration 15: R^2 = 0.943950192614, ICC = 0.972393008856
Iteration 16: R^2 = 0.935836702106, ICC = 0.967080214132
Iteration 17: R^2 = 0.9461959863, ICC = 0.9726044636
Iteration 18: R^2 = 0.913026867986, ICC = 0.957974026928
Iteration 19: R^2 = 0.948967470209, ICC = 0.974286046988
Iteration 20: R^2 = 0.938789655816, ICC = 0.970037287447
Iteration 21: R^2 = 0.941220175995, ICC = 0.970514641971
Iteration 22: R^2 = 0.924444665756, ICC = 0.962345159606
Iteration 23: R^2 = 0.918136910877, ICC = 0.958913085239
Iteration 24: R^2 = 0.929094299205, ICC = 0.965541397769
Iteration 25: R^2 = 0.946156721949, ICC = 0.972983831073
Iteration 26: R^2 = 0.941705942078, ICC = 0.970962902245
Iteration 27: R^2 = 0.924128505023, ICC = 0.96090900081
Iteration 28: R^2 = 0.936343393092, ICC = 0.967848594357
Iteration 29: R^2 = 0.938018822825, ICC = 0.96987230993
Iteration 30: R^2 = 0.930011511862, ICC = 0.966386382596
Iteration 31: R^2 = 0.93216131425, ICC = 0.9659300784
Iteration 32: R^2 = 0.942257740313, ICC = 0.972222723682
Iteration 33: R^2 = 0.944939782898, ICC = 0.973002649499
Iteration 34: R^2 = 0.897336171261, ICC = 0.94499125854
Iteration 35: R^2 = 0.916770539183, ICC = 0.959055545184
Iteration 36: R^2 = 0.902950408117, ICC = 0.95340480685
Iteration 37: R^2 = 0.752257066935, ICC = 0.870847221061
Iteration 38: R^2 = 0.940242856843, ICC = 0.969813051766
Iteration 39: R^2 = 0.948494595, ICC = 0.973493281976
Iteration 40: R^2 = 0.948557992292, ICC = 0.974719834956
Iteration 41: R^2 = 0.937411137721, ICC = 0.969221106986
Iteration 42: R^2 = 0.941737219367, ICC = 0.970575396178
Iteration 43: R^2 = 0.935719780666, ICC = 0.96795146633
Iteration 44: R^2 = 0.924407111078, ICC = 0.960565743716
Iteration 45: R^2 = 0.904700364691, ICC = 0.950904688995
Iteration 46: R^2 = 0.940827845812, ICC = 0.970513518818
Iteration 47: R^2 = 0.948498430084, ICC = 0.97491665087
Iteration 48: R^2 = 0.920944340273, ICC = 0.958834564928
Iteration 49: R^2 = 0.938133591352, ICC = 0.969057699621
Iteration 50: R^2 = 0.889190563249, ICC = 0.945455559514
Iteration 51: R^2 = 0.933380508238, ICC = 0.967160857258
Iteration 52: R^2 = 0.942670502277, ICC = 0.971943893087
Iteration 53: R^2 = 0.888506585747, ICC = 0.946910715201
Iteration 54: R^2 = 0.937899640263, ICC = 0.96837960725
Iteration 55: R^2 = 0.937541535633, ICC = 0.971144747372
Iteration 56: R^2 = 0.899344587338, ICC = 0.951195478153
Iteration 57: R^2 = 0.943759252799, ICC = 0.971747467226
Iteration 58: R^2 = 0.923112253028, ICC = 0.963146801032
Iteration 59: R^2 = 0.946875423412, ICC = 0.971634499861
Iteration 60: R^2 = 0.906365344433, ICC = 0.955126450595
Iteration 61: R^2 = 0.920293267567, ICC = 0.958962826902
Iteration 62: R^2 = 0.941309121104, ICC = 0.972063446304
Iteration 63: R^2 = 0.938449772969, ICC = 0.969587940331
Iteration 64: R^2 = 0.933836360144, ICC = 0.968568741503
Iteration 65: R^2 = 0.937461674455, ICC = 0.967840015313
Iteration 66: R^2 = 0.93980352636, ICC = 0.970351297661
Iteration 67: R^2 = 0.915882732823, ICC = 0.957726259708
Iteration 68: R^2 = 0.940229809841, ICC = 0.97117496431
Iteration 69: R^2 = 0.936258770595, ICC = 0.968092139761
Iteration 70: R^2 = 0.922708436233, ICC = 0.962282775602
Iteration 71: R^2 = 0.864807090993, ICC = 0.935925855965
Iteration 72: R^2 = 0.913458406964, ICC = 0.954732566855
Iteration 73: R^2 = 0.949456040171, ICC = 0.974251271767
Iteration 74: R^2 = 0.928428611171, ICC = 0.962928252724
Iteration 75: R^2 = 0.936655967009, ICC = 0.968396032307
Iteration 76: R^2 = 0.92255090715, ICC = 0.962670144492
Iteration 77: R^2 = 0.941028255785, ICC = 0.9697675458
Iteration 78: R^2 = 0.942700437891, ICC = 0.970728232997
Iteration 79: R^2 = 0.947656703077, ICC = 0.974191226091
Iteration 80: R^2 = 0.939857478991, ICC = 0.970452807773
Iteration 81: R^2 = 0.901707115218, ICC = 0.952846161865
Iteration 82: R^2 = 0.928605475476, ICC = 0.963925172309
Iteration 83: R^2 = 0.811975207261, ICC = 0.910804325838
Iteration 84: R^2 = 0.946433834178, ICC = 0.973183260121
Iteration 85: R^2 = 0.90712222793, ICC = 0.95166003319
Iteration 86: R^2 = 0.906311238202, ICC = 0.953859425347
Iteration 87: R^2 = 0.912509755583, ICC = 0.958683328445
Iteration 88: R^2 = 0.898935417223, ICC = 0.949132751372
Iteration 89: R^2 = 0.846827495004, ICC = 0.926948399759
Iteration 90: R^2 = 0.920536953631, ICC = 0.961391248808
Iteration 91: R^2 = 0.934675933859, ICC = 0.966910677612
Iteration 92: R^2 = 0.93659787504, ICC = 0.969625108736
Iteration 93: R^2 = 0.939118252723, ICC = 0.968228699262
Iteration 94: R^2 = 0.942415739259, ICC = 0.970767413084
Iteration 95: R^2 = 0.803266004358, ICC = 0.911719071349
Iteration 96: R^2 = 0.950038048867, ICC = 0.974594965991
Iteration 97: R^2 = 0.959069878052, ICC = 0.979660123275
Iteration 98: R^2 = 0.935716574031, ICC = 0.969278328554
Iteration 99: R^2 = 0.91449263964, ICC = 0.957778737237
R Squared list shape: (100,)
ICC list shape: (100,)
