Running abide_motion_wrapper_JAL.py
Fri Sep 23 12:29:48 EDT 2016
Iteration 0: R^2 = 0.978373811742, ICC = 0.989043547943
Iteration 1: R^2 = 0.97220865757, ICC = 0.98643497257
Iteration 2: R^2 = 0.973759707686, ICC = 0.987009285271
Iteration 3: R^2 = 0.97675993498, ICC = 0.98839705945
Iteration 4: R^2 = 0.976216868003, ICC = 0.987822663997
Iteration 5: R^2 = 0.938212791577, ICC = 0.969110287279
Iteration 6: R^2 = 0.96963082806, ICC = 0.984421579979
Iteration 7: R^2 = 0.972520968045, ICC = 0.98615456021
Iteration 8: R^2 = 0.967648685287, ICC = 0.983909830057
Iteration 9: R^2 = 0.970726548104, ICC = 0.985171859221
Iteration 10: R^2 = 0.977172193748, ICC = 0.988516739981
Iteration 11: R^2 = 0.971546666688, ICC = 0.985508596636
Iteration 12: R^2 = 0.968884285616, ICC = 0.983971403064
Iteration 13: R^2 = 0.975273033564, ICC = 0.987567860006
Iteration 14: R^2 = 0.961259799397, ICC = 0.980654540527
Iteration 15: R^2 = 0.971529434848, ICC = 0.985798742718
Iteration 16: R^2 = 0.977733330115, ICC = 0.98888444582
Iteration 17: R^2 = 0.974456481559, ICC = 0.987326338487
Iteration 18: R^2 = 0.966785763977, ICC = 0.983995984554
Iteration 19: R^2 = 0.967072336265, ICC = 0.983652489793
Iteration 20: R^2 = 0.972519830614, ICC = 0.986568735018
Iteration 21: R^2 = 0.970580908485, ICC = 0.985336192973
Iteration 22: R^2 = 0.967125448502, ICC = 0.983306110135
Iteration 23: R^2 = 0.966584944117, ICC = 0.983440747324
Iteration 24: R^2 = 0.965436125322, ICC = 0.982652741044
Iteration 25: R^2 = 0.970430035218, ICC = 0.985532037789
Iteration 26: R^2 = 0.975570914619, ICC = 0.987699348138
Iteration 27: R^2 = 0.961101533156, ICC = 0.981625516169
Iteration 28: R^2 = 0.974565118604, ICC = 0.987329958984
Iteration 29: R^2 = 0.969147579874, ICC = 0.984198621698
Iteration 30: R^2 = 0.973659814696, ICC = 0.986894644589
Iteration 31: R^2 = 0.975139191118, ICC = 0.987658141107
Iteration 32: R^2 = 0.971020875785, ICC = 0.985479357617
Iteration 33: R^2 = 0.964745602519, ICC = 0.982703846095
Iteration 34: R^2 = 0.977777059336, ICC = 0.9889137719
Iteration 35: R^2 = 0.953348650969, ICC = 0.976480682115
Iteration 36: R^2 = 0.950650331901, ICC = 0.976144875465
Iteration 37: R^2 = 0.949408730723, ICC = 0.974014056197
Iteration 38: R^2 = 0.971197660745, ICC = 0.985444852188
Iteration 39: R^2 = 0.972753231475, ICC = 0.986383972776
Iteration 40: R^2 = 0.973895320793, ICC = 0.986782731671
Iteration 41: R^2 = 0.961694437721, ICC = 0.980360780234
Iteration 42: R^2 = 0.974875425249, ICC = 0.987578919127
Iteration 43: R^2 = 0.973852070171, ICC = 0.98698242294
Iteration 44: R^2 = 0.975818125422, ICC = 0.987830295132
Iteration 45: R^2 = 0.964598027137, ICC = 0.982665267677
Iteration 46: R^2 = 0.976917173803, ICC = 0.988627113999
Iteration 47: R^2 = 0.97226433188, ICC = 0.986072355599
Iteration 48: R^2 = 0.965948753501, ICC = 0.983356853604
Iteration 49: R^2 = 0.959158776044, ICC = 0.980007133524
Iteration 50: R^2 = 0.972841771181, ICC = 0.986656947777
Iteration 51: R^2 = 0.974458946988, ICC = 0.987318866957
Iteration 52: R^2 = 0.953832347758, ICC = 0.977688253083
Iteration 53: R^2 = 0.97250070862, ICC = 0.986095432548
Iteration 54: R^2 = 0.973375281109, ICC = 0.986538432266
Iteration 55: R^2 = 0.94643038366, ICC = 0.97274422815
Iteration 56: R^2 = 0.97555076896, ICC = 0.987782723303
Iteration 57: R^2 = 0.976704835444, ICC = 0.988226651441
Iteration 58: R^2 = 0.957971691579, ICC = 0.979603093778
Iteration 59: R^2 = 0.92802633869, ICC = 0.966165653949
Iteration 60: R^2 = 0.972659692414, ICC = 0.986583998044
Iteration 61: R^2 = 0.971588219843, ICC = 0.985991053119
Iteration 62: R^2 = 0.956904266417, ICC = 0.978060276962
Iteration 63: R^2 = 0.975688948553, ICC = 0.987864235814
Iteration 64: R^2 = 0.971129321372, ICC = 0.985941888995
Iteration 65: R^2 = 0.927454196718, ICC = 0.965134302992
Iteration 66: R^2 = 0.96819061756, ICC = 0.983958160887
Iteration 67: R^2 = 0.973614912795, ICC = 0.986802237482
Iteration 68: R^2 = 0.967619154997, ICC = 0.983454095772
Iteration 69: R^2 = 0.975623655424, ICC = 0.988076040722
Iteration 70: R^2 = 0.972475136978, ICC = 0.986695943146
Iteration 71: R^2 = 0.969526278821, ICC = 0.984820616045
Iteration 72: R^2 = 0.970201377515, ICC = 0.98544671574
Iteration 73: R^2 = 0.948947839848, ICC = 0.975667187646
Iteration 74: R^2 = 0.970613496874, ICC = 0.985859262613
Iteration 75: R^2 = 0.943985569681, ICC = 0.971342645419
Iteration 76: R^2 = 0.953692341493, ICC = 0.97679481136
Iteration 77: R^2 = 0.964620414968, ICC = 0.982535680747
Iteration 78: R^2 = 0.964247587232, ICC = 0.981922840554
Iteration 79: R^2 = 0.973324431761, ICC = 0.986280453153
Iteration 80: R^2 = 0.956519626831, ICC = 0.978939596943
Iteration 81: R^2 = 0.97567281215, ICC = 0.987831668889
Iteration 82: R^2 = 0.972759590694, ICC = 0.986434543193
Iteration 83: R^2 = 0.954213039364, ICC = 0.976057307409
Iteration 84: R^2 = 0.977936812408, ICC = 0.9889034047
Iteration 85: R^2 = 0.965569396028, ICC = 0.983359325227
Iteration 86: R^2 = 0.972909366593, ICC = 0.986474225443
Iteration 87: R^2 = 0.976165465206, ICC = 0.987794988863
Iteration 88: R^2 = 0.965735663048, ICC = 0.98249426949
Iteration 89: R^2 = 0.971478121733, ICC = 0.985376827857
Iteration 90: R^2 = 0.971972684046, ICC = 0.986030518306
Iteration 91: R^2 = 0.970658093756, ICC = 0.9857247527
Iteration 92: R^2 = 0.968989290189, ICC = 0.984327244453
Iteration 93: R^2 = 0.949445512539, ICC = 0.974862306037
Iteration 94: R^2 = 0.962459209457, ICC = 0.981526851466
Iteration 95: R^2 = 0.971426686781, ICC = 0.985576753733
Iteration 96: R^2 = 0.965786902483, ICC = 0.983191248466
Iteration 97: R^2 = 0.970609097601, ICC = 0.985428896007
Iteration 98: R^2 = 0.974961879142, ICC = 0.987446209486
Iteration 99: R^2 = 0.97338253855, ICC = 0.986457313707
R Squared list shape: (100,)
ICC list shape: (100,)
