Running abide_motion_wrapper_JAL.py
Fri Sep 23 12:29:24 EDT 2016
Iteration 0: R^2 = 0.871717954367, ICC = 0.938853507464
Iteration 1: R^2 = 0.889574591167, ICC = 0.94640735082
Iteration 2: R^2 = 0.614353507322, ICC = 0.810531843983
Iteration 3: R^2 = 0.867294713811, ICC = 0.935897481646
Iteration 4: R^2 = 0.882041399925, ICC = 0.940745444868
Iteration 5: R^2 = 0.806567042812, ICC = 0.908021613896
Iteration 6: R^2 = 0.892671414358, ICC = 0.946542480361
Iteration 7: R^2 = 0.887918854602, ICC = 0.945228868658
Iteration 8: R^2 = 0.853856598647, ICC = 0.92911215084
Iteration 9: R^2 = 0.877508776811, ICC = 0.939598415797
Iteration 10: R^2 = 0.902302500626, ICC = 0.948042086094
Iteration 11: R^2 = 0.884957340198, ICC = 0.943747964975
Iteration 12: R^2 = 0.881500091084, ICC = 0.940551034047
Iteration 13: R^2 = 0.805850629262, ICC = 0.907398517855
Iteration 14: R^2 = 0.839470333391, ICC = 0.9178822534
Iteration 15: R^2 = 0.826792225099, ICC = 0.912965794
Iteration 16: R^2 = 0.888790542084, ICC = 0.942679206699
Iteration 17: R^2 = 0.861900834566, ICC = 0.935007588987
Iteration 18: R^2 = 0.879211079533, ICC = 0.938865435092
Iteration 19: R^2 = 0.815410973789, ICC = 0.914491425005
Iteration 20: R^2 = 0.855585608741, ICC = 0.927474626612
Iteration 21: R^2 = 0.886153464518, ICC = 0.942059848409
Iteration 22: R^2 = 0.865242403758, ICC = 0.932935953269
Iteration 23: R^2 = 0.872901447344, ICC = 0.932152267806
Iteration 24: R^2 = 0.892259676658, ICC = 0.945773236093
Iteration 25: R^2 = 0.856333041517, ICC = 0.929798556169
Iteration 26: R^2 = 0.900796700842, ICC = 0.949302296658
Iteration 27: R^2 = 0.890794881145, ICC = 0.944152577069
Iteration 28: R^2 = 0.879420453011, ICC = 0.940198829071
Iteration 29: R^2 = 0.889752905523, ICC = 0.944596671084
Iteration 30: R^2 = 0.902450611102, ICC = 0.950697442219
Iteration 31: R^2 = 0.89629385388, ICC = 0.947548066895
Iteration 32: R^2 = 0.868925731041, ICC = 0.932157416828
Iteration 33: R^2 = 0.841154790109, ICC = 0.92484419626
Iteration 34: R^2 = 0.854378204282, ICC = 0.921917059373
Iteration 35: R^2 = 0.872762109162, ICC = 0.935800304373
Iteration 36: R^2 = 0.858951281938, ICC = 0.933056597308
Iteration 37: R^2 = 0.860179794876, ICC = 0.92782278647
Iteration 38: R^2 = 0.894162576158, ICC = 0.946703063697
Iteration 39: R^2 = 0.867496229054, ICC = 0.934523414298
Iteration 40: R^2 = 0.886853008123, ICC = 0.939318866494
Iteration 41: R^2 = 0.871653536205, ICC = 0.93587535473
Iteration 42: R^2 = 0.877681492006, ICC = 0.940466934538
Iteration 43: R^2 = 0.853768160421, ICC = 0.931978971003
Iteration 44: R^2 = 0.854934293055, ICC = 0.926466423128
Iteration 45: R^2 = 0.879363916147, ICC = 0.937478184118
Iteration 46: R^2 = 0.891237571374, ICC = 0.943783017661
Iteration 47: R^2 = 0.901814857341, ICC = 0.951694850961
Iteration 48: R^2 = 0.783398722335, ICC = 0.897177873027
Iteration 49: R^2 = 0.8935016968, ICC = 0.943999580101
Iteration 50: R^2 = 0.694757919521, ICC = 0.857726378445
Iteration 51: R^2 = 0.885844596196, ICC = 0.945599998019
Iteration 52: R^2 = 0.853437361509, ICC = 0.931306600308
Iteration 53: R^2 = 0.8907426021, ICC = 0.941976208073
Iteration 54: R^2 = 0.879581298288, ICC = 0.941952015175
Iteration 55: R^2 = 0.859435482651, ICC = 0.928907198659
Iteration 56: R^2 = 0.891223330507, ICC = 0.944460054924
Iteration 57: R^2 = 0.86245535413, ICC = 0.935167342711
Iteration 58: R^2 = 0.821881353227, ICC = 0.913834811302
Iteration 59: R^2 = 0.662890570965, ICC = 0.834102657104
Iteration 60: R^2 = 0.725072220636, ICC = 0.873583513604
Iteration 61: R^2 = 0.885677465978, ICC = 0.944915892028
Iteration 62: R^2 = 0.787825092156, ICC = 0.896309622964
Iteration 63: R^2 = 0.835018265677, ICC = 0.921000198292
Iteration 64: R^2 = 0.875760829442, ICC = 0.936017964604
Iteration 65: R^2 = 0.884038515946, ICC = 0.942013740106
Iteration 66: R^2 = 0.893444576006, ICC = 0.947270354687
Iteration 67: R^2 = 0.862496664497, ICC = 0.930809169483
Iteration 68: R^2 = 0.878468365689, ICC = 0.934856790426
Iteration 69: R^2 = 0.853955439529, ICC = 0.927600271773
Iteration 70: R^2 = 0.897862337196, ICC = 0.946814212134
Iteration 71: R^2 = 0.882115915409, ICC = 0.939420278429
Iteration 72: R^2 = 0.869960382667, ICC = 0.934923106624
Iteration 73: R^2 = 0.874741256114, ICC = 0.938651098022
Iteration 74: R^2 = 0.870267200204, ICC = 0.936553893333
Iteration 75: R^2 = 0.871476120513, ICC = 0.932931167032
Iteration 76: R^2 = 0.882481921223, ICC = 0.939424291033
Iteration 77: R^2 = 0.849022189135, ICC = 0.921087471184
Iteration 78: R^2 = 0.90357240358, ICC = 0.953705483018
Iteration 79: R^2 = 0.856195233652, ICC = 0.930105800401
Iteration 80: R^2 = 0.883189562316, ICC = 0.942148199971
Iteration 81: R^2 = 0.845522757588, ICC = 0.923857107103
Iteration 82: R^2 = 0.879647531283, ICC = 0.937782229516
Iteration 83: R^2 = 0.882198967335, ICC = 0.943111451511
Iteration 84: R^2 = 0.859068503655, ICC = 0.930597654049
Iteration 85: R^2 = 0.798387476959, ICC = 0.91055531306
Iteration 86: R^2 = 0.885905624258, ICC = 0.940662010374
Iteration 87: R^2 = 0.855278138653, ICC = 0.924593974837
Iteration 88: R^2 = 0.870025327737, ICC = 0.938601651823
Iteration 89: R^2 = 0.852602021855, ICC = 0.926101311445
Iteration 90: R^2 = 0.895195938088, ICC = 0.944520197347
Iteration 91: R^2 = 0.880810343595, ICC = 0.94102997947
Iteration 92: R^2 = 0.879754014454, ICC = 0.940990773844
Iteration 93: R^2 = 0.866483457615, ICC = 0.931903444334
Iteration 94: R^2 = 0.846518551121, ICC = 0.925973328678
Iteration 95: R^2 = 0.877878128807, ICC = 0.943063730816
Iteration 96: R^2 = 0.879212214747, ICC = 0.940949191313
Iteration 97: R^2 = 0.880321419305, ICC = 0.94162582968
Iteration 98: R^2 = 0.880550016228, ICC = 0.938910889241
Iteration 99: R^2 = 0.805729131606, ICC = 0.911247534118
R Squared list shape: (100,)
ICC list shape: (100,)
