Running abide_motion_wrapper_JAL.py
Fri Sep 23 12:27:42 EDT 2016
Iteration 0: R^2 = 0.96734126398, ICC = 0.983909086231
Iteration 1: R^2 = 0.971241046826, ICC = 0.985636780934
Iteration 2: R^2 = 0.921599466604, ICC = 0.960729780808
Iteration 3: R^2 = 0.968783162347, ICC = 0.98489960607
Iteration 4: R^2 = 0.941852016126, ICC = 0.971666138757
Iteration 5: R^2 = 0.967300671503, ICC = 0.983688865158
Iteration 6: R^2 = 0.977748573113, ICC = 0.988945343215
Iteration 7: R^2 = 0.947375920154, ICC = 0.97450645102
Iteration 8: R^2 = 0.948690654382, ICC = 0.975440738904
Iteration 9: R^2 = 0.968717862958, ICC = 0.984238053494
Iteration 10: R^2 = 0.963916863644, ICC = 0.982136192504
Iteration 11: R^2 = 0.956036696138, ICC = 0.978384959683
Iteration 12: R^2 = 0.945404140594, ICC = 0.971851757972
Iteration 13: R^2 = 0.969778594238, ICC = 0.98478072425
Iteration 14: R^2 = 0.967279245657, ICC = 0.983076957206
Iteration 15: R^2 = 0.95271056006, ICC = 0.977175965253
Iteration 16: R^2 = 0.958952315383, ICC = 0.979090708426
Iteration 17: R^2 = 0.930912340432, ICC = 0.964202069695
Iteration 18: R^2 = 0.973255761053, ICC = 0.986328779642
Iteration 19: R^2 = 0.960938825172, ICC = 0.979741948893
Iteration 20: R^2 = 0.96876911613, ICC = 0.984156594565
Iteration 21: R^2 = 0.968513476449, ICC = 0.984266367589
Iteration 22: R^2 = 0.971077005424, ICC = 0.985498657914
Iteration 23: R^2 = 0.970617295317, ICC = 0.985359937184
Iteration 24: R^2 = 0.963296398647, ICC = 0.982267419261
Iteration 25: R^2 = 0.969748946116, ICC = 0.98468102487
Iteration 26: R^2 = 0.972638360629, ICC = 0.986392207214
Iteration 27: R^2 = 0.957015659611, ICC = 0.978065591466
Iteration 28: R^2 = 0.965030477938, ICC = 0.982598367523
Iteration 29: R^2 = 0.972360640231, ICC = 0.986157722525
Iteration 30: R^2 = 0.969941601871, ICC = 0.985075926721
Iteration 31: R^2 = 0.955212498438, ICC = 0.977007960348
Iteration 32: R^2 = 0.923428881225, ICC = 0.960670157044
Iteration 33: R^2 = 0.968522408889, ICC = 0.984119617698
Iteration 34: R^2 = 0.961521619423, ICC = 0.981070184812
Iteration 35: R^2 = 0.961164686456, ICC = 0.979856683108
Iteration 36: R^2 = 0.962750664627, ICC = 0.980833114186
Iteration 37: R^2 = 0.94338901325, ICC = 0.970815598252
Iteration 38: R^2 = 0.962366508135, ICC = 0.980574237979
Iteration 39: R^2 = 0.95984948603, ICC = 0.980058339359
Iteration 40: R^2 = 0.955518877593, ICC = 0.976807342962
Iteration 41: R^2 = 0.968352351625, ICC = 0.983597876922
Iteration 42: R^2 = 0.970807057769, ICC = 0.985231792987
Iteration 43: R^2 = 0.966162671259, ICC = 0.982937163374
Iteration 44: R^2 = 0.967540738165, ICC = 0.983675566349
Iteration 45: R^2 = 0.925668977164, ICC = 0.96494137332
Iteration 46: R^2 = 0.972523507841, ICC = 0.986406755635
Iteration 47: R^2 = 0.95238532921, ICC = 0.976308396034
Iteration 48: R^2 = 0.967276494251, ICC = 0.983362091051
Iteration 49: R^2 = 0.97136028673, ICC = 0.985488167759
Iteration 50: R^2 = 0.948175559197, ICC = 0.973457704715
Iteration 51: R^2 = 0.971852146488, ICC = 0.985923445447
Iteration 52: R^2 = 0.955137016139, ICC = 0.978406854508
Iteration 53: R^2 = 0.935212767624, ICC = 0.967283227384
Iteration 54: R^2 = 0.942949328159, ICC = 0.972685517564
Iteration 55: R^2 = 0.953289697719, ICC = 0.976908900813
Iteration 56: R^2 = 0.974338118711, ICC = 0.987117435928
Iteration 57: R^2 = 0.965115637686, ICC = 0.982493457995
Iteration 58: R^2 = 0.955680594967, ICC = 0.977523286945
Iteration 59: R^2 = 0.973843557385, ICC = 0.986784273865
Iteration 60: R^2 = 0.92923311818, ICC = 0.966452267874
Iteration 61: R^2 = 0.922284439312, ICC = 0.96075811951
Iteration 62: R^2 = 0.952542878408, ICC = 0.976155998931
Iteration 63: R^2 = 0.93808350439, ICC = 0.970162339737
Iteration 64: R^2 = 0.970558927881, ICC = 0.985364021741
Iteration 65: R^2 = 0.935192365955, ICC = 0.968392838087
Iteration 66: R^2 = 0.943223342733, ICC = 0.972755875496
Iteration 67: R^2 = 0.971879797133, ICC = 0.986002690187
Iteration 68: R^2 = 0.96942914279, ICC = 0.984268873076
Iteration 69: R^2 = 0.965067642859, ICC = 0.98275261153
Iteration 70: R^2 = 0.942582392587, ICC = 0.972206010736
Iteration 71: R^2 = 0.961675389877, ICC = 0.981065129501
Iteration 72: R^2 = 0.956712671194, ICC = 0.979195520761
Iteration 73: R^2 = 0.943651036227, ICC = 0.9732841404
Iteration 74: R^2 = 0.932620763794, ICC = 0.96748506727
Iteration 75: R^2 = 0.973300193082, ICC = 0.986969611839
Iteration 76: R^2 = 0.967117972982, ICC = 0.983481071277
Iteration 77: R^2 = 0.97109258236, ICC = 0.985406979177
Iteration 78: R^2 = 0.953408194788, ICC = 0.977847559464
Iteration 79: R^2 = 0.971331469275, ICC = 0.985431396815
Iteration 80: R^2 = 0.961705621435, ICC = 0.980191924175
Iteration 81: R^2 = 0.946328328832, ICC = 0.9720107379
Iteration 82: R^2 = 0.969093918368, ICC = 0.984334953867
Iteration 83: R^2 = 0.973273418835, ICC = 0.986767456873
Iteration 84: R^2 = 0.953805108101, ICC = 0.976280946266
Iteration 85: R^2 = 0.967697829718, ICC = 0.983498024799
Iteration 86: R^2 = 0.965510173976, ICC = 0.982909134092
Iteration 87: R^2 = 0.969056173232, ICC = 0.984752665155
Iteration 88: R^2 = 0.969919533561, ICC = 0.984775509751
Iteration 89: R^2 = 0.934535389325, ICC = 0.966591612444
Iteration 90: R^2 = 0.968883559539, ICC = 0.98451635531
Iteration 91: R^2 = 0.940334924707, ICC = 0.970177292358
Iteration 92: R^2 = 0.966715070981, ICC = 0.983601903193
Iteration 93: R^2 = 0.971048970741, ICC = 0.985609837497
Iteration 94: R^2 = 0.960765937558, ICC = 0.981189510158
Iteration 95: R^2 = 0.95552051783, ICC = 0.978484546302
Iteration 96: R^2 = 0.973558008205, ICC = 0.986570127528
Iteration 97: R^2 = 0.961597251124, ICC = 0.980929027544
Iteration 98: R^2 = 0.972473333437, ICC = 0.985686273238
Iteration 99: R^2 = 0.963323797896, ICC = 0.98192959322
R Squared list shape: (100,)
ICC list shape: (100,)
