Running abide_motion_wrapper_JAL.py
Fri Sep 23 12:26:51 EDT 2016
Iteration 0: R^2 = 0.890916137687, ICC = 0.944064342806
Iteration 1: R^2 = 0.889157213821, ICC = 0.942984926115
Iteration 2: R^2 = 0.855313889365, ICC = 0.929313086796
Iteration 3: R^2 = 0.88223231374, ICC = 0.942116006769
Iteration 4: R^2 = 0.863881227149, ICC = 0.933589901924
Iteration 5: R^2 = 0.890191760136, ICC = 0.94621369101
Iteration 6: R^2 = 0.895424636777, ICC = 0.946280237804
Iteration 7: R^2 = 0.806328765363, ICC = 0.904797065695
Iteration 8: R^2 = 0.891556123035, ICC = 0.946138060728
Iteration 9: R^2 = 0.84062526497, ICC = 0.922353517444
Iteration 10: R^2 = 0.890343663777, ICC = 0.945204489702
Iteration 11: R^2 = 0.86904282919, ICC = 0.932802135249
Iteration 12: R^2 = 0.874509155109, ICC = 0.936016977856
Iteration 13: R^2 = 0.876820119691, ICC = 0.932907478775
Iteration 14: R^2 = 0.866500159485, ICC = 0.935158099672
Iteration 15: R^2 = 0.81167943206, ICC = 0.908861942587
Iteration 16: R^2 = 0.849019658016, ICC = 0.926359210567
Iteration 17: R^2 = 0.871810072765, ICC = 0.937888009459
Iteration 18: R^2 = 0.805896708407, ICC = 0.907319916603
Iteration 19: R^2 = 0.790148548339, ICC = 0.889661877113
Iteration 20: R^2 = 0.883261330511, ICC = 0.941422288645
Iteration 21: R^2 = 0.886816218548, ICC = 0.943620704275
Iteration 22: R^2 = 0.879428753218, ICC = 0.941881426269
Iteration 23: R^2 = 0.885352541512, ICC = 0.94604244713
Iteration 24: R^2 = 0.897629318859, ICC = 0.948079814889
Iteration 25: R^2 = 0.855309276127, ICC = 0.923046456886
Iteration 26: R^2 = 0.886619914321, ICC = 0.9392636786
Iteration 27: R^2 = 0.836634723356, ICC = 0.924700196518
Iteration 28: R^2 = 0.846258942043, ICC = 0.920549434827
Iteration 29: R^2 = 0.859249936385, ICC = 0.924728951081
Iteration 30: R^2 = 0.853869487804, ICC = 0.929851708625
Iteration 31: R^2 = 0.854180476045, ICC = 0.93130532587
Iteration 32: R^2 = 0.773333049433, ICC = 0.896719563733
Iteration 33: R^2 = 0.870019005951, ICC = 0.935179376753
Iteration 34: R^2 = 0.862594692816, ICC = 0.934881794999
Iteration 35: R^2 = 0.907674242786, ICC = 0.954340390228
Iteration 36: R^2 = 0.882197262748, ICC = 0.940613933061
Iteration 37: R^2 = 0.865824955655, ICC = 0.933668385755
Iteration 38: R^2 = 0.893921128112, ICC = 0.943881134098
Iteration 39: R^2 = 0.8890444071, ICC = 0.945171492439
Iteration 40: R^2 = 0.865482880424, ICC = 0.933245389571
Iteration 41: R^2 = 0.87612572301, ICC = 0.935440855234
Iteration 42: R^2 = 0.667155448179, ICC = 0.850168035472
Iteration 43: R^2 = 0.833971124972, ICC = 0.914786578123
Iteration 44: R^2 = 0.813556281073, ICC = 0.913759700548
Iteration 45: R^2 = 0.862643318112, ICC = 0.93042696217
Iteration 46: R^2 = 0.900021584191, ICC = 0.948794071307
Iteration 47: R^2 = 0.893450966904, ICC = 0.946174636284
Iteration 48: R^2 = 0.840364321432, ICC = 0.923589023284
Iteration 49: R^2 = 0.885956895756, ICC = 0.940172651413
Iteration 50: R^2 = 0.897991346627, ICC = 0.949192948544
Iteration 51: R^2 = 0.852795020421, ICC = 0.922967415195
Iteration 52: R^2 = 0.889281426303, ICC = 0.944631497663
Iteration 53: R^2 = 0.866432177621, ICC = 0.931006499847
Iteration 54: R^2 = 0.834643727774, ICC = 0.915765804591
Iteration 55: R^2 = 0.788387452592, ICC = 0.89905186615
Iteration 56: R^2 = 0.875520523062, ICC = 0.940937033012
Iteration 57: R^2 = 0.842681136756, ICC = 0.925625500692
Iteration 58: R^2 = 0.86261738142, ICC = 0.929491599874
Iteration 59: R^2 = 0.862092931917, ICC = 0.930346169274
Iteration 60: R^2 = 0.873427835809, ICC = 0.942286944077
Iteration 61: R^2 = 0.881360437662, ICC = 0.941766237406
Iteration 62: R^2 = 0.867219000344, ICC = 0.930407494437
Iteration 63: R^2 = 0.90083320497, ICC = 0.949252879101
Iteration 64: R^2 = 0.905263344823, ICC = 0.949725765788
Iteration 65: R^2 = 0.835306644295, ICC = 0.919905736888
Iteration 66: R^2 = 0.853984499414, ICC = 0.92942181387
Iteration 67: R^2 = 0.821059188153, ICC = 0.910666452061
Iteration 68: R^2 = 0.896889050088, ICC = 0.947145160139
Iteration 69: R^2 = 0.855425370955, ICC = 0.931861416603
Iteration 70: R^2 = 0.842610285665, ICC = 0.924081023594
Iteration 71: R^2 = 0.872352612734, ICC = 0.931569914733
Iteration 72: R^2 = 0.854543860442, ICC = 0.92816703162
Iteration 73: R^2 = 0.853270927362, ICC = 0.927936042436
Iteration 74: R^2 = 0.88886199525, ICC = 0.942367637274
Iteration 75: R^2 = 0.908085811936, ICC = 0.952926110035
Iteration 76: R^2 = 0.810109089623, ICC = 0.905885697647
Iteration 77: R^2 = 0.902888723388, ICC = 0.953121963624
Iteration 78: R^2 = 0.872137205083, ICC = 0.938899634492
Iteration 79: R^2 = 0.867577077858, ICC = 0.93615991225
Iteration 80: R^2 = 0.859358972957, ICC = 0.930072189944
Iteration 81: R^2 = 0.868854520423, ICC = 0.93283488006
Iteration 82: R^2 = 0.8762057364, ICC = 0.936550669303
Iteration 83: R^2 = 0.878073796617, ICC = 0.94300119491
Iteration 84: R^2 = 0.868008490772, ICC = 0.932469874842
Iteration 85: R^2 = 0.903376678003, ICC = 0.951868467763
Iteration 86: R^2 = 0.886252866963, ICC = 0.942315222397
Iteration 87: R^2 = 0.886077228396, ICC = 0.943891260153
Iteration 88: R^2 = 0.849960868726, ICC = 0.929427041329
Iteration 89: R^2 = 0.872870568617, ICC = 0.935900889488
Iteration 90: R^2 = 0.834439842882, ICC = 0.920735985378
Iteration 91: R^2 = 0.774321501344, ICC = 0.899522857655
Iteration 92: R^2 = 0.852085085744, ICC = 0.928145950209
Iteration 93: R^2 = 0.887188615772, ICC = 0.943642954155
Iteration 94: R^2 = 0.810533888198, ICC = 0.909304960708
Iteration 95: R^2 = 0.871431075985, ICC = 0.932022464333
Iteration 96: R^2 = 0.898215605587, ICC = 0.949428485441
Iteration 97: R^2 = 0.912886884783, ICC = 0.956135695174
Iteration 98: R^2 = 0.860186075864, ICC = 0.93252277949
Iteration 99: R^2 = 0.878329918068, ICC = 0.93732224434
R Squared list shape: (100,)
ICC list shape: (100,)
