Running abide_motion_wrapper_JAL.py
Fri Sep 23 12:22:07 EDT 2016
Iteration 0: R^2 = 0.954493910807, ICC = 0.977100539247
Iteration 1: R^2 = 0.912831279331, ICC = 0.957578993455
Iteration 2: R^2 = 0.96111539374, ICC = 0.980256358321
Iteration 3: R^2 = 0.948593509317, ICC = 0.973672473773
Iteration 4: R^2 = 0.952295515379, ICC = 0.976589804106
Iteration 5: R^2 = 0.93897053912, ICC = 0.968993168801
Iteration 6: R^2 = 0.928394974419, ICC = 0.964259760973
Iteration 7: R^2 = 0.841112051794, ICC = 0.918902453899
Iteration 8: R^2 = 0.940553596113, ICC = 0.970722209289
Iteration 9: R^2 = 0.957423304567, ICC = 0.978614873364
Iteration 10: R^2 = 0.937746405533, ICC = 0.970547916526
Iteration 11: R^2 = 0.949797539529, ICC = 0.974625889994
Iteration 12: R^2 = 0.9487380841, ICC = 0.97532488333
Iteration 13: R^2 = 0.93440934986, ICC = 0.967255168904
Iteration 14: R^2 = 0.955872884405, ICC = 0.978621625508
Iteration 15: R^2 = 0.939733407149, ICC = 0.970857673084
Iteration 16: R^2 = 0.945404082908, ICC = 0.973209370264
Iteration 17: R^2 = 0.948886284943, ICC = 0.973583443278
Iteration 18: R^2 = 0.926440548872, ICC = 0.964780259632
Iteration 19: R^2 = 0.945293478584, ICC = 0.971735764725
Iteration 20: R^2 = 0.945134455079, ICC = 0.972424613217
Iteration 21: R^2 = 0.945845309302, ICC = 0.973339244454
Iteration 22: R^2 = 0.954084873682, ICC = 0.977500942495
Iteration 23: R^2 = 0.955089777924, ICC = 0.977028080557
Iteration 24: R^2 = 0.964177590228, ICC = 0.98213156229
Iteration 25: R^2 = 0.954603842254, ICC = 0.97722705716
Iteration 26: R^2 = 0.95176362848, ICC = 0.976151116562
Iteration 27: R^2 = 0.925273554896, ICC = 0.962055096953
Iteration 28: R^2 = 0.918610216735, ICC = 0.959653698743
Iteration 29: R^2 = 0.942082453372, ICC = 0.971271182922
Iteration 30: R^2 = 0.940552150425, ICC = 0.969950841135
Iteration 31: R^2 = 0.917456124961, ICC = 0.957147303843
Iteration 32: R^2 = 0.954472200438, ICC = 0.976847299854
Iteration 33: R^2 = 0.959413394819, ICC = 0.979307389775
Iteration 34: R^2 = 0.950413046454, ICC = 0.975085653736
Iteration 35: R^2 = 0.937489673494, ICC = 0.968819191008
Iteration 36: R^2 = 0.963382999699, ICC = 0.981712977878
Iteration 37: R^2 = 0.948574952995, ICC = 0.974958731219
Iteration 38: R^2 = 0.959762631833, ICC = 0.979595658636
Iteration 39: R^2 = 0.944138625944, ICC = 0.971935203813
Iteration 40: R^2 = 0.942593501757, ICC = 0.97112975458
Iteration 41: R^2 = 0.949398875747, ICC = 0.974532809732
Iteration 42: R^2 = 0.939917802505, ICC = 0.971359522666
Iteration 43: R^2 = 0.939099011114, ICC = 0.96894501737
Iteration 44: R^2 = 0.944586677026, ICC = 0.972299484673
Iteration 45: R^2 = 0.951516133013, ICC = 0.974615907544
Iteration 46: R^2 = 0.947230287583, ICC = 0.973210032345
Iteration 47: R^2 = 0.954578222636, ICC = 0.977669556186
Iteration 48: R^2 = 0.917270885652, ICC = 0.959043388929
Iteration 49: R^2 = 0.945166533851, ICC = 0.972923255358
Iteration 50: R^2 = 0.936094361183, ICC = 0.968782635188
Iteration 51: R^2 = 0.958350944871, ICC = 0.979491458445
Iteration 52: R^2 = 0.962993480387, ICC = 0.980969224041
Iteration 53: R^2 = 0.922713559547, ICC = 0.96299094859
Iteration 54: R^2 = 0.951915021763, ICC = 0.975173507267
Iteration 55: R^2 = 0.952358985187, ICC = 0.975138776106
Iteration 56: R^2 = 0.949032547291, ICC = 0.974266728104
Iteration 57: R^2 = 0.948245540779, ICC = 0.974849169755
Iteration 58: R^2 = 0.956046144506, ICC = 0.978167448133
Iteration 59: R^2 = 0.957206953625, ICC = 0.978276475908
Iteration 60: R^2 = 0.94795965367, ICC = 0.973793250779
Iteration 61: R^2 = 0.937947706904, ICC = 0.968007735772
Iteration 62: R^2 = 0.946081406202, ICC = 0.973409645318
Iteration 63: R^2 = 0.94654669909, ICC = 0.974023953081
Iteration 64: R^2 = 0.904813983112, ICC = 0.953281948792
Iteration 65: R^2 = 0.949873494229, ICC = 0.974645342414
Iteration 66: R^2 = 0.952289137592, ICC = 0.975189492096
Iteration 67: R^2 = 0.949755314054, ICC = 0.975606868913
Iteration 68: R^2 = 0.94620488918, ICC = 0.97232145241
Iteration 69: R^2 = 0.941390884432, ICC = 0.970606340857
Iteration 70: R^2 = 0.8900919542, ICC = 0.947241876323
Iteration 71: R^2 = 0.938389787889, ICC = 0.968280180258
Iteration 72: R^2 = 0.936883933904, ICC = 0.967933093447
Iteration 73: R^2 = 0.944455639962, ICC = 0.972413996122
Iteration 74: R^2 = 0.950967471609, ICC = 0.975540958275
Iteration 75: R^2 = 0.956371071637, ICC = 0.977687859161
Iteration 76: R^2 = 0.940454785138, ICC = 0.969646054283
Iteration 77: R^2 = 0.880693326849, ICC = 0.945553005929
Iteration 78: R^2 = 0.950741066794, ICC = 0.975356876006
Iteration 79: R^2 = 0.955512308463, ICC = 0.977641557879
Iteration 80: R^2 = 0.953869302399, ICC = 0.976633603111
Iteration 81: R^2 = 0.943881827675, ICC = 0.971886156576
Iteration 82: R^2 = 0.951121190158, ICC = 0.974465404772
Iteration 83: R^2 = 0.943079084303, ICC = 0.971576436563
Iteration 84: R^2 = 0.948179910434, ICC = 0.973739910224
Iteration 85: R^2 = 0.943789156352, ICC = 0.972676789396
Iteration 86: R^2 = 0.945493189102, ICC = 0.973232222297
Iteration 87: R^2 = 0.94291869283, ICC = 0.971739664431
Iteration 88: R^2 = 0.958623805278, ICC = 0.97971826337
Iteration 89: R^2 = 0.953793748384, ICC = 0.976833103226
Iteration 90: R^2 = 0.955465279074, ICC = 0.97747961437
Iteration 91: R^2 = 0.940488172075, ICC = 0.970202470322
Iteration 92: R^2 = 0.957631101802, ICC = 0.978766610929
Iteration 93: R^2 = 0.949340624814, ICC = 0.974449753203
Iteration 94: R^2 = 0.944769778239, ICC = 0.971483899316
Iteration 95: R^2 = 0.960110364388, ICC = 0.980454307742
Iteration 96: R^2 = 0.943866061821, ICC = 0.971677336905
Iteration 97: R^2 = 0.9078775649, ICC = 0.955739143858
Iteration 98: R^2 = 0.919578808832, ICC = 0.958559710195
Iteration 99: R^2 = 0.953268330585, ICC = 0.97686846947
R Squared list shape: (100,)
ICC list shape: (100,)
