Running abide_motion_wrapper_JAL.py
Fri Sep 23 12:27:42 EDT 2016
Iteration 0: R^2 = 0.958776210332, ICC = 0.979347895519
Iteration 1: R^2 = 0.944754425417, ICC = 0.973556430249
Iteration 2: R^2 = 0.88024644405, ICC = 0.940529926531
Iteration 3: R^2 = 0.956691158525, ICC = 0.979147232157
Iteration 4: R^2 = 0.964441088115, ICC = 0.982400092008
Iteration 5: R^2 = 0.958256534479, ICC = 0.979236938025
Iteration 6: R^2 = 0.952103645894, ICC = 0.975285355385
Iteration 7: R^2 = 0.924710712276, ICC = 0.962755256652
Iteration 8: R^2 = 0.950247847257, ICC = 0.975039729712
Iteration 9: R^2 = 0.952891324256, ICC = 0.97590520094
Iteration 10: R^2 = 0.957087055506, ICC = 0.978535955988
Iteration 11: R^2 = 0.954504266362, ICC = 0.977348764958
Iteration 12: R^2 = 0.960507324524, ICC = 0.979852817342
Iteration 13: R^2 = 0.959255775049, ICC = 0.980063430122
Iteration 14: R^2 = 0.946848855013, ICC = 0.97281010928
Iteration 15: R^2 = 0.960203749157, ICC = 0.979702980073
Iteration 16: R^2 = 0.957583629036, ICC = 0.97877897681
Iteration 17: R^2 = 0.959347478049, ICC = 0.979469543149
Iteration 18: R^2 = 0.957146735645, ICC = 0.977775341106
Iteration 19: R^2 = 0.953347930215, ICC = 0.97696583635
Iteration 20: R^2 = 0.954226347102, ICC = 0.976854256507
Iteration 21: R^2 = 0.947047174665, ICC = 0.973574759806
Iteration 22: R^2 = 0.947350495505, ICC = 0.973913600454
Iteration 23: R^2 = 0.964630556316, ICC = 0.981791703259
Iteration 24: R^2 = 0.956267917087, ICC = 0.977922862181
Iteration 25: R^2 = 0.962730293277, ICC = 0.981473030217
Iteration 26: R^2 = 0.937713552373, ICC = 0.968393562588
Iteration 27: R^2 = 0.960434491911, ICC = 0.979348519491
Iteration 28: R^2 = 0.9566244059, ICC = 0.97865364541
Iteration 29: R^2 = 0.960269687524, ICC = 0.980597025822
Iteration 30: R^2 = 0.951264455088, ICC = 0.975983799396
Iteration 31: R^2 = 0.933027895882, ICC = 0.965918251053
Iteration 32: R^2 = 0.94538667336, ICC = 0.972066967042
Iteration 33: R^2 = 0.957583684421, ICC = 0.978841089469
Iteration 34: R^2 = 0.966076990177, ICC = 0.982779705532
Iteration 35: R^2 = 0.956117792253, ICC = 0.97799405819
Iteration 36: R^2 = 0.958047614036, ICC = 0.978377062978
Iteration 37: R^2 = 0.94853720644, ICC = 0.974421043297
Iteration 38: R^2 = 0.939589142143, ICC = 0.969138580661
Iteration 39: R^2 = 0.963322234601, ICC = 0.982278677232
Iteration 40: R^2 = 0.962643856116, ICC = 0.981010200521
Iteration 41: R^2 = 0.960631768061, ICC = 0.979980493739
Iteration 42: R^2 = 0.963896958077, ICC = 0.981862758354
Iteration 43: R^2 = 0.95831744628, ICC = 0.979881420846
Iteration 44: R^2 = 0.953571139568, ICC = 0.975436083214
Iteration 45: R^2 = 0.959891514445, ICC = 0.978958958976
Iteration 46: R^2 = 0.962059576826, ICC = 0.981049772378
Iteration 47: R^2 = 0.964853408343, ICC = 0.982658113813
Iteration 48: R^2 = 0.950824910981, ICC = 0.976153092341
Iteration 49: R^2 = 0.897508029373, ICC = 0.950799097946
Iteration 50: R^2 = 0.965560382163, ICC = 0.983128601293
Iteration 51: R^2 = 0.892702509825, ICC = 0.947716325396
Iteration 52: R^2 = 0.935144796456, ICC = 0.968246678239
Iteration 53: R^2 = 0.957048697427, ICC = 0.97846869425
Iteration 54: R^2 = 0.861349909163, ICC = 0.933736650063
Iteration 55: R^2 = 0.942547587581, ICC = 0.971015101541
Iteration 56: R^2 = 0.959383691486, ICC = 0.979931394409
Iteration 57: R^2 = 0.938853851261, ICC = 0.969838530816
Iteration 58: R^2 = 0.918385533066, ICC = 0.960482278726
Iteration 59: R^2 = 0.946748645101, ICC = 0.974644403648
Iteration 60: R^2 = 0.961091487545, ICC = 0.980822751713
Iteration 61: R^2 = 0.954850249449, ICC = 0.977303075772
Iteration 62: R^2 = 0.947614816379, ICC = 0.97345432399
Iteration 63: R^2 = 0.958752301089, ICC = 0.979328737401
Iteration 64: R^2 = 0.958827318544, ICC = 0.979655922601
Iteration 65: R^2 = 0.961965578048, ICC = 0.981294714183
Iteration 66: R^2 = 0.958763384017, ICC = 0.979327426761
Iteration 67: R^2 = 0.961475935648, ICC = 0.980628081052
Iteration 68: R^2 = 0.948401580707, ICC = 0.974798040578
Iteration 69: R^2 = 0.903848489344, ICC = 0.953412928089
Iteration 70: R^2 = 0.959822267773, ICC = 0.980137840891
Iteration 71: R^2 = 0.949329933377, ICC = 0.974617526742
Iteration 72: R^2 = 0.953467191341, ICC = 0.97631514261
Iteration 73: R^2 = 0.947130106386, ICC = 0.974138719862
Iteration 74: R^2 = 0.961920408032, ICC = 0.980675457092
Iteration 75: R^2 = 0.961393671393, ICC = 0.98004818716
Iteration 76: R^2 = 0.953130170961, ICC = 0.9760939609
Iteration 77: R^2 = 0.959816158233, ICC = 0.980332654851
Iteration 78: R^2 = 0.942551865943, ICC = 0.971563057147
Iteration 79: R^2 = 0.96292922525, ICC = 0.98127073912
Iteration 80: R^2 = 0.956922867157, ICC = 0.978007195797
Iteration 81: R^2 = 0.942622076274, ICC = 0.9724268511
Iteration 82: R^2 = 0.956654273844, ICC = 0.97778640869
Iteration 83: R^2 = 0.959773662709, ICC = 0.979903709077
Iteration 84: R^2 = 0.949238064016, ICC = 0.974055206588
Iteration 85: R^2 = 0.958278923362, ICC = 0.978594335901
Iteration 86: R^2 = 0.914605978768, ICC = 0.957233563723
Iteration 87: R^2 = 0.949400728812, ICC = 0.974339592343
Iteration 88: R^2 = 0.953798704491, ICC = 0.975771508812
Iteration 89: R^2 = 0.954557655535, ICC = 0.977408917196
Iteration 90: R^2 = 0.95140388646, ICC = 0.976630432071
Iteration 91: R^2 = 0.941696951187, ICC = 0.972012321556
Iteration 92: R^2 = 0.960778688485, ICC = 0.980718842689
Iteration 93: R^2 = 0.927414013144, ICC = 0.963333377333
Iteration 94: R^2 = 0.962265115142, ICC = 0.980637755387
Iteration 95: R^2 = 0.951278386233, ICC = 0.9759533941
Iteration 96: R^2 = 0.956924161505, ICC = 0.978342543774
Iteration 97: R^2 = 0.953778490594, ICC = 0.976865751829
Iteration 98: R^2 = 0.951434148693, ICC = 0.976293635701
Iteration 99: R^2 = 0.908479372431, ICC = 0.955343439228
R Squared list shape: (100,)
ICC list shape: (100,)
