Running abide_motion_wrapper_JAL.py
Fri Sep 23 12:33:17 EDT 2016
Iteration 0: R^2 = 0.947959677033, ICC = 0.974813332392
Iteration 1: R^2 = 0.950312155878, ICC = 0.975378267258
Iteration 2: R^2 = 0.960469871947, ICC = 0.979574849082
Iteration 3: R^2 = 0.937040297654, ICC = 0.969428406476
Iteration 4: R^2 = 0.879182183732, ICC = 0.942520173235
Iteration 5: R^2 = 0.949688414947, ICC = 0.975715588041
Iteration 6: R^2 = 0.944748098058, ICC = 0.971792361352
Iteration 7: R^2 = 0.93746444982, ICC = 0.969343132144
Iteration 8: R^2 = 0.951034059658, ICC = 0.974651647087
Iteration 9: R^2 = 0.916282857013, ICC = 0.960143567327
Iteration 10: R^2 = 0.92573001314, ICC = 0.963035681585
Iteration 11: R^2 = 0.954365301118, ICC = 0.977537977705
Iteration 12: R^2 = 0.956782985853, ICC = 0.978781303951
Iteration 13: R^2 = 0.95108723283, ICC = 0.974581569116
Iteration 14: R^2 = 0.938566839612, ICC = 0.969804168692
Iteration 15: R^2 = 0.947286601254, ICC = 0.974269574788
Iteration 16: R^2 = 0.951623158143, ICC = 0.976227626283
Iteration 17: R^2 = 0.942585805446, ICC = 0.970747177989
Iteration 18: R^2 = 0.931533167055, ICC = 0.966122409148
Iteration 19: R^2 = 0.959269419124, ICC = 0.979787296529
Iteration 20: R^2 = 0.953707224919, ICC = 0.976876632388
Iteration 21: R^2 = 0.959026685237, ICC = 0.979477353087
Iteration 22: R^2 = 0.957705030521, ICC = 0.978775029134
Iteration 23: R^2 = 0.937893571913, ICC = 0.968919060909
Iteration 24: R^2 = 0.934878685285, ICC = 0.967310089452
Iteration 25: R^2 = 0.954127972135, ICC = 0.976280173613
Iteration 26: R^2 = 0.949420081376, ICC = 0.975315505408
Iteration 27: R^2 = 0.936464898904, ICC = 0.967922339526
Iteration 28: R^2 = 0.937944590428, ICC = 0.967202595315
Iteration 29: R^2 = 0.944099459176, ICC = 0.971985952056
Iteration 30: R^2 = 0.959816657839, ICC = 0.979825086082
Iteration 31: R^2 = 0.940842295994, ICC = 0.971342072319
Iteration 32: R^2 = 0.946277465263, ICC = 0.972855748027
Iteration 33: R^2 = 0.94521387011, ICC = 0.971637506274
Iteration 34: R^2 = 0.939192933078, ICC = 0.968313275308
Iteration 35: R^2 = 0.944420060667, ICC = 0.97284152296
Iteration 36: R^2 = 0.926183885107, ICC = 0.96126513044
Iteration 37: R^2 = 0.950326323757, ICC = 0.974559107412
Iteration 38: R^2 = 0.9437816827, ICC = 0.972767793002
Iteration 39: R^2 = 0.948436570042, ICC = 0.973549136342
Iteration 40: R^2 = 0.962735591106, ICC = 0.981427173132
Iteration 41: R^2 = 0.944691538535, ICC = 0.97202956269
Iteration 42: R^2 = 0.947607070744, ICC = 0.973133700295
Iteration 43: R^2 = 0.917833387013, ICC = 0.958213776022
Iteration 44: R^2 = 0.948509433039, ICC = 0.97512574195
Iteration 45: R^2 = 0.94822534799, ICC = 0.973707439891
Iteration 46: R^2 = 0.954926494579, ICC = 0.977642826069
Iteration 47: R^2 = 0.956098042017, ICC = 0.978606219559
Iteration 48: R^2 = 0.94973221742, ICC = 0.975481577075
Iteration 49: R^2 = 0.953663937961, ICC = 0.97709957211
Iteration 50: R^2 = 0.948737969467, ICC = 0.973936323077
Iteration 51: R^2 = 0.936814132983, ICC = 0.968701186193
Iteration 52: R^2 = 0.928935852421, ICC = 0.965247029048
Iteration 53: R^2 = 0.947033244986, ICC = 0.973020594204
Iteration 54: R^2 = 0.933029218607, ICC = 0.965976103495
Iteration 55: R^2 = 0.893076048029, ICC = 0.951190850177
Iteration 56: R^2 = 0.956974574392, ICC = 0.97867541154
Iteration 57: R^2 = 0.91936001455, ICC = 0.960772393606
Iteration 58: R^2 = 0.95283209725, ICC = 0.976453924131
Iteration 59: R^2 = 0.902615794939, ICC = 0.954335842962
Iteration 60: R^2 = 0.950888206321, ICC = 0.975868966978
Iteration 61: R^2 = 0.928993626659, ICC = 0.966379564446
Iteration 62: R^2 = 0.913968290258, ICC = 0.958535374942
Iteration 63: R^2 = 0.937973472486, ICC = 0.968140832004
Iteration 64: R^2 = 0.917309020888, ICC = 0.957771727435
Iteration 65: R^2 = 0.955763176678, ICC = 0.978706080501
Iteration 66: R^2 = 0.844761103302, ICC = 0.929593536564
Iteration 67: R^2 = 0.912297261417, ICC = 0.95525205742
Iteration 68: R^2 = 0.957104743175, ICC = 0.978115861918
Iteration 69: R^2 = 0.957058575218, ICC = 0.979223900643
Iteration 70: R^2 = 0.954477922616, ICC = 0.977591014951
Iteration 71: R^2 = 0.929649154155, ICC = 0.964954759268
Iteration 72: R^2 = 0.949085658384, ICC = 0.974219029236
Iteration 73: R^2 = 0.956517286967, ICC = 0.978196047076
Iteration 74: R^2 = 0.958628289013, ICC = 0.978020609977
Iteration 75: R^2 = 0.933715435135, ICC = 0.967350033391
Iteration 76: R^2 = 0.950635676082, ICC = 0.97566648243
Iteration 77: R^2 = 0.96208323363, ICC = 0.981433202619
Iteration 78: R^2 = 0.951386572711, ICC = 0.974901879991
Iteration 79: R^2 = 0.933079399571, ICC = 0.96685132076
Iteration 80: R^2 = 0.928689535446, ICC = 0.965981834756
Iteration 81: R^2 = 0.951872774352, ICC = 0.976392418732
Iteration 82: R^2 = 0.954276676304, ICC = 0.977416972264
Iteration 83: R^2 = 0.921961851464, ICC = 0.961488657728
Iteration 84: R^2 = 0.960754856091, ICC = 0.980252795194
Iteration 85: R^2 = 0.930100304734, ICC = 0.966414087462
Iteration 86: R^2 = 0.953131107451, ICC = 0.977020127549
Iteration 87: R^2 = 0.959238658076, ICC = 0.97949084317
Iteration 88: R^2 = 0.949530723862, ICC = 0.97482364127
Iteration 89: R^2 = 0.955346108191, ICC = 0.97765915648
Iteration 90: R^2 = 0.930570671549, ICC = 0.966517304946
Iteration 91: R^2 = 0.952206029669, ICC = 0.976600164021
Iteration 92: R^2 = 0.943922223186, ICC = 0.972697847853
Iteration 93: R^2 = 0.950912787373, ICC = 0.975517458038
Iteration 94: R^2 = 0.947370879138, ICC = 0.972760963671
Iteration 95: R^2 = 0.933173016588, ICC = 0.965940053373
Iteration 96: R^2 = 0.931457933366, ICC = 0.965012436795
Iteration 97: R^2 = 0.948938367772, ICC = 0.974302426104
Iteration 98: R^2 = 0.934779580633, ICC = 0.968584417643
Iteration 99: R^2 = 0.947396730286, ICC = 0.97358323869
R Squared list shape: (100,)
ICC list shape: (100,)
