Running abide_motion_wrapper_JAL.py
Fri Sep 23 12:26:52 EDT 2016
Iteration 0: R^2 = 0.96579344268, ICC = 0.983162575468
Iteration 1: R^2 = 0.964049234306, ICC = 0.981933834742
Iteration 2: R^2 = 0.965709805872, ICC = 0.983193852025
Iteration 3: R^2 = 0.899094658473, ICC = 0.946067414598
Iteration 4: R^2 = 0.96279268553, ICC = 0.981926207692
Iteration 5: R^2 = 0.947274369099, ICC = 0.974708480813
Iteration 6: R^2 = 0.971809227869, ICC = 0.98560725006
Iteration 7: R^2 = 0.927290280161, ICC = 0.965086016368
Iteration 8: R^2 = 0.974931451558, ICC = 0.98718419304
Iteration 9: R^2 = 0.968011102424, ICC = 0.983658153568
Iteration 10: R^2 = 0.961364552871, ICC = 0.979822867755
Iteration 11: R^2 = 0.969632026106, ICC = 0.984686763904
Iteration 12: R^2 = 0.970472907181, ICC = 0.985553126775
Iteration 13: R^2 = 0.927668982175, ICC = 0.965130506349
Iteration 14: R^2 = 0.962197782317, ICC = 0.981358256257
Iteration 15: R^2 = 0.969625324986, ICC = 0.984668847285
Iteration 16: R^2 = 0.964057516997, ICC = 0.981626365996
Iteration 17: R^2 = 0.961410549448, ICC = 0.980624173604
Iteration 18: R^2 = 0.961141793354, ICC = 0.980142299059
Iteration 19: R^2 = 0.96375529443, ICC = 0.982390289728
Iteration 20: R^2 = 0.968974266632, ICC = 0.985008448038
Iteration 21: R^2 = 0.916607894129, ICC = 0.960997125452
Iteration 22: R^2 = 0.962251084734, ICC = 0.981304135956
Iteration 23: R^2 = 0.948141226822, ICC = 0.973572914125
Iteration 24: R^2 = 0.970658608678, ICC = 0.985913756078
Iteration 25: R^2 = 0.971935432098, ICC = 0.985572107635
Iteration 26: R^2 = 0.965761871103, ICC = 0.983072214294
Iteration 27: R^2 = 0.971844671275, ICC = 0.985612936032
Iteration 28: R^2 = 0.926245266385, ICC = 0.963500485894
Iteration 29: R^2 = 0.961422580527, ICC = 0.980100545392
Iteration 30: R^2 = 0.965070781084, ICC = 0.982740335862
Iteration 31: R^2 = 0.969768204127, ICC = 0.985090881632
Iteration 32: R^2 = 0.939462682059, ICC = 0.970787789663
Iteration 33: R^2 = 0.973504442715, ICC = 0.986949481213
Iteration 34: R^2 = 0.970921007559, ICC = 0.985636296072
Iteration 35: R^2 = 0.958916894911, ICC = 0.979639800602
Iteration 36: R^2 = 0.940897749163, ICC = 0.96975661928
Iteration 37: R^2 = 0.964881123445, ICC = 0.982863659271
Iteration 38: R^2 = 0.929231134161, ICC = 0.965656506777
Iteration 39: R^2 = 0.964155255841, ICC = 0.981325779265
Iteration 40: R^2 = 0.970275403909, ICC = 0.985415038217
Iteration 41: R^2 = 0.913690516742, ICC = 0.958778781438
Iteration 42: R^2 = 0.968296226384, ICC = 0.984186353735
Iteration 43: R^2 = 0.954752989578, ICC = 0.976820147754
Iteration 44: R^2 = 0.935193304104, ICC = 0.967739443312
Iteration 45: R^2 = 0.942110107403, ICC = 0.970248364573
Iteration 46: R^2 = 0.970290530535, ICC = 0.985100853626
Iteration 47: R^2 = 0.959179640714, ICC = 0.979602824253
Iteration 48: R^2 = 0.966628854772, ICC = 0.982508970066
Iteration 49: R^2 = 0.967224038297, ICC = 0.983902750595
Iteration 50: R^2 = 0.971964216197, ICC = 0.986157452835
Iteration 51: R^2 = 0.95846741813, ICC = 0.979474768707
Iteration 52: R^2 = 0.958273198215, ICC = 0.978563510569
Iteration 53: R^2 = 0.973395353757, ICC = 0.986529863418
Iteration 54: R^2 = 0.956975998804, ICC = 0.9779980545
Iteration 55: R^2 = 0.962692328684, ICC = 0.981159358646
Iteration 56: R^2 = 0.938338591009, ICC = 0.969621133826
Iteration 57: R^2 = 0.969828266801, ICC = 0.985212360772
Iteration 58: R^2 = 0.953259839901, ICC = 0.976039810092
Iteration 59: R^2 = 0.972462487131, ICC = 0.98614091308
Iteration 60: R^2 = 0.97107372799, ICC = 0.985740191574
Iteration 61: R^2 = 0.972915412514, ICC = 0.986444459597
Iteration 62: R^2 = 0.966368636607, ICC = 0.982841223634
Iteration 63: R^2 = 0.959948396612, ICC = 0.979796758613
Iteration 64: R^2 = 0.935081997316, ICC = 0.967521185553
Iteration 65: R^2 = 0.950844510103, ICC = 0.975397375774
Iteration 66: R^2 = 0.93448310123, ICC = 0.968172301783
Iteration 67: R^2 = 0.967172107478, ICC = 0.983132833484
Iteration 68: R^2 = 0.972106910549, ICC = 0.985824282729
Iteration 69: R^2 = 0.970200432515, ICC = 0.984835320961
Iteration 70: R^2 = 0.934435190443, ICC = 0.966970311505
Iteration 71: R^2 = 0.961444805838, ICC = 0.980717527951
Iteration 72: R^2 = 0.93009806737, ICC = 0.965847168493
Iteration 73: R^2 = 0.966468633668, ICC = 0.98327464595
Iteration 74: R^2 = 0.969732276091, ICC = 0.984869429009
Iteration 75: R^2 = 0.965853347265, ICC = 0.983200616714
Iteration 76: R^2 = 0.964305204806, ICC = 0.982423619381
Iteration 77: R^2 = 0.971373290213, ICC = 0.985230549559
Iteration 78: R^2 = 0.97234843727, ICC = 0.986036722231
Iteration 79: R^2 = 0.962007875898, ICC = 0.981676714196
Iteration 80: R^2 = 0.961926199765, ICC = 0.981379108311
Iteration 81: R^2 = 0.959531600238, ICC = 0.979688916612
Iteration 82: R^2 = 0.968164030173, ICC = 0.983894867452
Iteration 83: R^2 = 0.97082373811, ICC = 0.985113686124
Iteration 84: R^2 = 0.965293504275, ICC = 0.983152752504
Iteration 85: R^2 = 0.972969538367, ICC = 0.986691295145
Iteration 86: R^2 = 0.953139318403, ICC = 0.976013676506
Iteration 87: R^2 = 0.971788614752, ICC = 0.986006889484
Iteration 88: R^2 = 0.962702834835, ICC = 0.981997601216
Iteration 89: R^2 = 0.939516175793, ICC = 0.968899023764
Iteration 90: R^2 = 0.955336465303, ICC = 0.977490245164
Iteration 91: R^2 = 0.945644461652, ICC = 0.974198533862
Iteration 92: R^2 = 0.94947175709, ICC = 0.975520921868
Iteration 93: R^2 = 0.971924764285, ICC = 0.985665462159
Iteration 94: R^2 = 0.961955788307, ICC = 0.981126347867
Iteration 95: R^2 = 0.974073339111, ICC = 0.987044571859
Iteration 96: R^2 = 0.953751873201, ICC = 0.976752389135
Iteration 97: R^2 = 0.946211852856, ICC = 0.973140590598
Iteration 98: R^2 = 0.959604204621, ICC = 0.979911345015
Iteration 99: R^2 = 0.968379913311, ICC = 0.984235306479
R Squared list shape: (100,)
ICC list shape: (100,)
