Running abide_motion_wrapper_JAL.py
Fri Sep 23 12:26:51 EDT 2016
Iteration 0: R^2 = 0.964642854504, ICC = 0.982268890596
Iteration 1: R^2 = 0.971326632767, ICC = 0.985791556165
Iteration 2: R^2 = 0.971399218289, ICC = 0.985758520975
Iteration 3: R^2 = 0.974292145737, ICC = 0.98726042619
Iteration 4: R^2 = 0.962093393366, ICC = 0.980696918697
Iteration 5: R^2 = 0.935142715029, ICC = 0.969620243642
Iteration 6: R^2 = 0.972353327902, ICC = 0.986164008535
Iteration 7: R^2 = 0.959302679522, ICC = 0.979224749392
Iteration 8: R^2 = 0.964632377, ICC = 0.982777441626
Iteration 9: R^2 = 0.971760079835, ICC = 0.98592360655
Iteration 10: R^2 = 0.97556766779, ICC = 0.987771373156
Iteration 11: R^2 = 0.976705879777, ICC = 0.988422303532
Iteration 12: R^2 = 0.975182950791, ICC = 0.987646905142
Iteration 13: R^2 = 0.974927103161, ICC = 0.987509938927
Iteration 14: R^2 = 0.976830148603, ICC = 0.988445944632
Iteration 15: R^2 = 0.947130565407, ICC = 0.973373980801
Iteration 16: R^2 = 0.924973870396, ICC = 0.964284663782
Iteration 17: R^2 = 0.97157594429, ICC = 0.98569771018
Iteration 18: R^2 = 0.976304518878, ICC = 0.987999744781
Iteration 19: R^2 = 0.976720781718, ICC = 0.988433411774
Iteration 20: R^2 = 0.940036460752, ICC = 0.970943255356
Iteration 21: R^2 = 0.96812585939, ICC = 0.984289454705
Iteration 22: R^2 = 0.965468065259, ICC = 0.982385518087
Iteration 23: R^2 = 0.969850609049, ICC = 0.985361539476
Iteration 24: R^2 = 0.973440555358, ICC = 0.986898131602
Iteration 25: R^2 = 0.928527201932, ICC = 0.963911090923
Iteration 26: R^2 = 0.97399525354, ICC = 0.986868741772
Iteration 27: R^2 = 0.976170951667, ICC = 0.987935582746
Iteration 28: R^2 = 0.934230101783, ICC = 0.966019218646
Iteration 29: R^2 = 0.97515370087, ICC = 0.987749464863
Iteration 30: R^2 = 0.972068473406, ICC = 0.985983936042
Iteration 31: R^2 = 0.970808139768, ICC = 0.985587835137
Iteration 32: R^2 = 0.953850594071, ICC = 0.977709503022
Iteration 33: R^2 = 0.950082637754, ICC = 0.974599315861
Iteration 34: R^2 = 0.966954963362, ICC = 0.983564547106
Iteration 35: R^2 = 0.970546646518, ICC = 0.985614635706
Iteration 36: R^2 = 0.970311742085, ICC = 0.985480628
Iteration 37: R^2 = 0.971175042827, ICC = 0.985737749033
Iteration 38: R^2 = 0.977274709629, ICC = 0.98883018676
Iteration 39: R^2 = 0.974350161796, ICC = 0.987540287949
Iteration 40: R^2 = 0.948106452407, ICC = 0.975201213955
Iteration 41: R^2 = 0.964074576164, ICC = 0.982215641299
Iteration 42: R^2 = 0.970847226598, ICC = 0.985346764124
Iteration 43: R^2 = 0.972768193905, ICC = 0.986591313154
Iteration 44: R^2 = 0.971445725683, ICC = 0.9859695327
Iteration 45: R^2 = 0.970653569214, ICC = 0.985701223163
Iteration 46: R^2 = 0.973636170952, ICC = 0.986865039445
Iteration 47: R^2 = 0.972089224627, ICC = 0.985980647297
Iteration 48: R^2 = 0.976693986326, ICC = 0.988277039509
Iteration 49: R^2 = 0.977274559864, ICC = 0.988920712447
Iteration 50: R^2 = 0.963175718834, ICC = 0.980814891844
Iteration 51: R^2 = 0.975599301667, ICC = 0.987987117742
Iteration 52: R^2 = 0.974489191086, ICC = 0.987599510599
Iteration 53: R^2 = 0.955737772722, ICC = 0.977780456383
Iteration 54: R^2 = 0.974079210542, ICC = 0.987079251303
Iteration 55: R^2 = 0.970095515417, ICC = 0.9850429665
Iteration 56: R^2 = 0.972254032087, ICC = 0.986129550952
Iteration 57: R^2 = 0.978039947696, ICC = 0.988640556493
Iteration 58: R^2 = 0.974735389336, ICC = 0.987525815509
Iteration 59: R^2 = 0.937944414657, ICC = 0.969343222889
Iteration 60: R^2 = 0.969493342771, ICC = 0.984619579902
Iteration 61: R^2 = 0.961124395661, ICC = 0.981313789901
Iteration 62: R^2 = 0.973332134239, ICC = 0.986757444692
Iteration 63: R^2 = 0.975271228879, ICC = 0.987649380014
Iteration 64: R^2 = 0.939207987015, ICC = 0.969140595794
Iteration 65: R^2 = 0.974367616243, ICC = 0.987240922384
Iteration 66: R^2 = 0.970538529541, ICC = 0.985053609546
Iteration 67: R^2 = 0.965867829443, ICC = 0.982799903167
Iteration 68: R^2 = 0.970225642185, ICC = 0.985197872291
Iteration 69: R^2 = 0.975055354938, ICC = 0.987568863014
Iteration 70: R^2 = 0.965265916008, ICC = 0.982456528845
Iteration 71: R^2 = 0.973112423069, ICC = 0.986462854
Iteration 72: R^2 = 0.959838828172, ICC = 0.979438071593
Iteration 73: R^2 = 0.971059993654, ICC = 0.985381393645
Iteration 74: R^2 = 0.969510991238, ICC = 0.984989326105
Iteration 75: R^2 = 0.965865834796, ICC = 0.983019898737
Iteration 76: R^2 = 0.959319764022, ICC = 0.980414545636
Iteration 77: R^2 = 0.965234087143, ICC = 0.982732970716
Iteration 78: R^2 = 0.963089680982, ICC = 0.981736580282
Iteration 79: R^2 = 0.973009819866, ICC = 0.986472930727
Iteration 80: R^2 = 0.950284945236, ICC = 0.975620424466
Iteration 81: R^2 = 0.973749922409, ICC = 0.98642422029
Iteration 82: R^2 = 0.952548599398, ICC = 0.97559827445
Iteration 83: R^2 = 0.969494675388, ICC = 0.984418473188
Iteration 84: R^2 = 0.975811584502, ICC = 0.98806499112
Iteration 85: R^2 = 0.971019156494, ICC = 0.985146103897
Iteration 86: R^2 = 0.972586192637, ICC = 0.986112237789
Iteration 87: R^2 = 0.975905332306, ICC = 0.988094183252
Iteration 88: R^2 = 0.971331638128, ICC = 0.985545370126
Iteration 89: R^2 = 0.971966885517, ICC = 0.985612388777
Iteration 90: R^2 = 0.975868655709, ICC = 0.987894282641
Iteration 91: R^2 = 0.948616590378, ICC = 0.97378746839
Iteration 92: R^2 = 0.971565920401, ICC = 0.985818747776
Iteration 93: R^2 = 0.960438986826, ICC = 0.980764519476
Iteration 94: R^2 = 0.953465846927, ICC = 0.976213864838
Iteration 95: R^2 = 0.972392324545, ICC = 0.986638571755
Iteration 96: R^2 = 0.935533373076, ICC = 0.966942470096
Iteration 97: R^2 = 0.973475909273, ICC = 0.986769778027
Iteration 98: R^2 = 0.972452859479, ICC = 0.986545367019
Iteration 99: R^2 = 0.961803930074, ICC = 0.981306356694
R Squared list shape: (100,)
ICC list shape: (100,)
