Running abide_motion_wrapper_JAL.py
Fri Sep 23 12:26:51 EDT 2016
Iteration 0: R^2 = 0.95414365448, ICC = 0.977151651816
Iteration 1: R^2 = 0.949158160244, ICC = 0.975181258439
Iteration 2: R^2 = 0.9614009882, ICC = 0.981081170168
Iteration 3: R^2 = 0.943355279256, ICC = 0.971177271411
Iteration 4: R^2 = 0.963492069626, ICC = 0.981949102435
Iteration 5: R^2 = 0.958122172694, ICC = 0.978389333198
Iteration 6: R^2 = 0.955505131597, ICC = 0.977979866142
Iteration 7: R^2 = 0.945296347116, ICC = 0.973849868753
Iteration 8: R^2 = 0.946627995623, ICC = 0.973186296652
Iteration 9: R^2 = 0.955636893801, ICC = 0.978219261662
Iteration 10: R^2 = 0.93700154616, ICC = 0.968520591718
Iteration 11: R^2 = 0.958945114984, ICC = 0.978838122821
Iteration 12: R^2 = 0.946002266562, ICC = 0.971720638701
Iteration 13: R^2 = 0.958837635541, ICC = 0.979287280819
Iteration 14: R^2 = 0.953017173131, ICC = 0.977049099868
Iteration 15: R^2 = 0.898867063523, ICC = 0.949352285045
Iteration 16: R^2 = 0.958221372209, ICC = 0.978938181563
Iteration 17: R^2 = 0.927153509531, ICC = 0.964411158833
Iteration 18: R^2 = 0.956942145012, ICC = 0.9775089577
Iteration 19: R^2 = 0.964917404183, ICC = 0.982096568547
Iteration 20: R^2 = 0.957027494202, ICC = 0.978115638601
Iteration 21: R^2 = 0.954536815503, ICC = 0.976752044261
Iteration 22: R^2 = 0.962974262667, ICC = 0.981507261092
Iteration 23: R^2 = 0.962965128819, ICC = 0.981802437235
Iteration 24: R^2 = 0.923488129618, ICC = 0.961426574486
Iteration 25: R^2 = 0.942937212919, ICC = 0.972308539655
Iteration 26: R^2 = 0.953741699086, ICC = 0.976923405804
Iteration 27: R^2 = 0.961393989423, ICC = 0.98052869945
Iteration 28: R^2 = 0.942679351037, ICC = 0.971332528381
Iteration 29: R^2 = 0.940639824303, ICC = 0.969071704511
Iteration 30: R^2 = 0.958810559829, ICC = 0.978892015564
Iteration 31: R^2 = 0.948898239887, ICC = 0.975191808881
Iteration 32: R^2 = 0.958532547565, ICC = 0.979194890199
Iteration 33: R^2 = 0.92997324842, ICC = 0.963655053291
Iteration 34: R^2 = 0.9490943301, ICC = 0.97464320948
Iteration 35: R^2 = 0.957182715216, ICC = 0.978260054563
Iteration 36: R^2 = 0.944583028132, ICC = 0.971497594822
Iteration 37: R^2 = 0.957742095824, ICC = 0.97920595911
Iteration 38: R^2 = 0.958058912584, ICC = 0.979439960073
Iteration 39: R^2 = 0.9294231433, ICC = 0.964671274566
Iteration 40: R^2 = 0.916855077028, ICC = 0.959099252161
Iteration 41: R^2 = 0.95036626261, ICC = 0.975912069037
Iteration 42: R^2 = 0.955220207961, ICC = 0.97803342536
Iteration 43: R^2 = 0.963038485577, ICC = 0.981458233464
Iteration 44: R^2 = 0.96835777238, ICC = 0.98423338463
Iteration 45: R^2 = 0.957618394279, ICC = 0.97858406978
Iteration 46: R^2 = 0.952916653252, ICC = 0.977087183909
Iteration 47: R^2 = 0.900019253564, ICC = 0.950945198202
Iteration 48: R^2 = 0.961259061005, ICC = 0.980457443706
Iteration 49: R^2 = 0.962619150139, ICC = 0.981144084467
Iteration 50: R^2 = 0.957458106191, ICC = 0.977928806889
Iteration 51: R^2 = 0.924231026219, ICC = 0.962412855854
Iteration 52: R^2 = 0.962396309171, ICC = 0.980667306998
Iteration 53: R^2 = 0.960760317988, ICC = 0.980288567483
Iteration 54: R^2 = 0.961372695374, ICC = 0.980685872384
Iteration 55: R^2 = 0.940901700056, ICC = 0.969949623379
Iteration 56: R^2 = 0.953537778143, ICC = 0.977020583909
Iteration 57: R^2 = 0.953185025571, ICC = 0.976365077754
Iteration 58: R^2 = 0.942179604521, ICC = 0.970449790766
Iteration 59: R^2 = 0.956205030989, ICC = 0.978147148626
Iteration 60: R^2 = 0.959359840582, ICC = 0.980139658304
Iteration 61: R^2 = 0.94863925213, ICC = 0.973220266436
Iteration 62: R^2 = 0.958741976953, ICC = 0.979315012228
Iteration 63: R^2 = 0.917109667153, ICC = 0.957882266817
Iteration 64: R^2 = 0.953965214323, ICC = 0.976928528767
Iteration 65: R^2 = 0.959912339722, ICC = 0.980446594622
Iteration 66: R^2 = 0.914324820576, ICC = 0.959169783062
Iteration 67: R^2 = 0.958849121916, ICC = 0.9795986373
Iteration 68: R^2 = 0.951262993722, ICC = 0.976135786234
Iteration 69: R^2 = 0.954214989426, ICC = 0.976594291192
Iteration 70: R^2 = 0.96318332323, ICC = 0.980937848666
Iteration 71: R^2 = 0.965438495537, ICC = 0.982637032307
Iteration 72: R^2 = 0.955124515677, ICC = 0.97742750534
Iteration 73: R^2 = 0.928970001283, ICC = 0.965793079413
Iteration 74: R^2 = 0.961234726185, ICC = 0.980689824571
Iteration 75: R^2 = 0.954625004477, ICC = 0.977434990222
Iteration 76: R^2 = 0.946712974582, ICC = 0.973782167965
Iteration 77: R^2 = 0.95428098847, ICC = 0.978052009252
Iteration 78: R^2 = 0.9495752501, ICC = 0.974809504481
Iteration 79: R^2 = 0.959098716692, ICC = 0.978934840144
Iteration 80: R^2 = 0.949396376695, ICC = 0.9745641312
Iteration 81: R^2 = 0.950401162383, ICC = 0.975180788393
Iteration 82: R^2 = 0.942382363617, ICC = 0.971685438466
Iteration 83: R^2 = 0.953927686194, ICC = 0.977365446862
Iteration 84: R^2 = 0.965108797386, ICC = 0.982370494373
Iteration 85: R^2 = 0.957195352485, ICC = 0.979147966286
Iteration 86: R^2 = 0.953743554777, ICC = 0.976227569074
Iteration 87: R^2 = 0.963589619779, ICC = 0.982152353162
Iteration 88: R^2 = 0.956077198576, ICC = 0.978192753541
Iteration 89: R^2 = 0.962444261513, ICC = 0.981448222887
Iteration 90: R^2 = 0.955330426271, ICC = 0.977344070167
Iteration 91: R^2 = 0.959682849369, ICC = 0.979971464356
Iteration 92: R^2 = 0.94775193761, ICC = 0.974421373787
Iteration 93: R^2 = 0.929262291531, ICC = 0.965210684461
Iteration 94: R^2 = 0.919036484731, ICC = 0.961131318659
Iteration 95: R^2 = 0.931213365604, ICC = 0.964973784436
Iteration 96: R^2 = 0.956771476731, ICC = 0.979257981941
Iteration 97: R^2 = 0.938484508095, ICC = 0.969098609794
Iteration 98: R^2 = 0.953801066198, ICC = 0.976744172508
Iteration 99: R^2 = 0.88862917544, ICC = 0.948712216953
R Squared list shape: (100,)
ICC list shape: (100,)
