Running abide_motion_wrapper_JAL.py
Fri Sep 23 12:25:20 EDT 2016
Iteration 0: R^2 = 0.974859355266, ICC = 0.987265886965
Iteration 1: R^2 = 0.971228236122, ICC = 0.985991768308
Iteration 2: R^2 = 0.96976983974, ICC = 0.984966642145
Iteration 3: R^2 = 0.966407325297, ICC = 0.983212290515
Iteration 4: R^2 = 0.970155568809, ICC = 0.985018986201
Iteration 5: R^2 = 0.972388307078, ICC = 0.986329126019
Iteration 6: R^2 = 0.955729634932, ICC = 0.977607800752
Iteration 7: R^2 = 0.974243052043, ICC = 0.987024027918
Iteration 8: R^2 = 0.956604324648, ICC = 0.978728865842
Iteration 9: R^2 = 0.958797897264, ICC = 0.979698489619
Iteration 10: R^2 = 0.96748867843, ICC = 0.984057566747
Iteration 11: R^2 = 0.960396122219, ICC = 0.980482944723
Iteration 12: R^2 = 0.94919617688, ICC = 0.975458752172
Iteration 13: R^2 = 0.971787048027, ICC = 0.985722978158
Iteration 14: R^2 = 0.97597604055, ICC = 0.987958875024
Iteration 15: R^2 = 0.960730716074, ICC = 0.980804905902
Iteration 16: R^2 = 0.973484944519, ICC = 0.986536108205
Iteration 17: R^2 = 0.966175421004, ICC = 0.982888172578
Iteration 18: R^2 = 0.958806103993, ICC = 0.978977204031
Iteration 19: R^2 = 0.965665203638, ICC = 0.982681255618
Iteration 20: R^2 = 0.978150469022, ICC = 0.988844053347
Iteration 21: R^2 = 0.901802747442, ICC = 0.953687690525
Iteration 22: R^2 = 0.963192084117, ICC = 0.982094568655
Iteration 23: R^2 = 0.969802923651, ICC = 0.985089535154
Iteration 24: R^2 = 0.961775700934, ICC = 0.981077275973
Iteration 25: R^2 = 0.964215004829, ICC = 0.981711674973
Iteration 26: R^2 = 0.975507686116, ICC = 0.987835093707
Iteration 27: R^2 = 0.974400402523, ICC = 0.987219549531
Iteration 28: R^2 = 0.958735595516, ICC = 0.979039588658
Iteration 29: R^2 = 0.946465770406, ICC = 0.974330548665
Iteration 30: R^2 = 0.952335396251, ICC = 0.975842621675
Iteration 31: R^2 = 0.980454334264, ICC = 0.990145562387
Iteration 32: R^2 = 0.974412305253, ICC = 0.987350060071
Iteration 33: R^2 = 0.964019730645, ICC = 0.981906902432
Iteration 34: R^2 = 0.974212303388, ICC = 0.987303762372
Iteration 35: R^2 = 0.963729554859, ICC = 0.981521981277
Iteration 36: R^2 = 0.970102432014, ICC = 0.985172994206
Iteration 37: R^2 = 0.970335975396, ICC = 0.985450851006
Iteration 38: R^2 = 0.971290564619, ICC = 0.985345852371
Iteration 39: R^2 = 0.97362858875, ICC = 0.986792933221
Iteration 40: R^2 = 0.967883891664, ICC = 0.983720698494
Iteration 41: R^2 = 0.970359015862, ICC = 0.985686229997
Iteration 42: R^2 = 0.97298586491, ICC = 0.986300850888
Iteration 43: R^2 = 0.963077509956, ICC = 0.982113988838
Iteration 44: R^2 = 0.952905059743, ICC = 0.976836110086
Iteration 45: R^2 = 0.974614570631, ICC = 0.987551022915
Iteration 46: R^2 = 0.97461953413, ICC = 0.987439851306
Iteration 47: R^2 = 0.97620673753, ICC = 0.988169435904
Iteration 48: R^2 = 0.974532887495, ICC = 0.987281398628
Iteration 49: R^2 = 0.97282980091, ICC = 0.986440702655
Iteration 50: R^2 = 0.97200173091, ICC = 0.986044927871
Iteration 51: R^2 = 0.92002949731, ICC = 0.962230236026
Iteration 52: R^2 = 0.975527486308, ICC = 0.987836934374
Iteration 53: R^2 = 0.974094647668, ICC = 0.987169448346
Iteration 54: R^2 = 0.975579874591, ICC = 0.98788550191
Iteration 55: R^2 = 0.973637838485, ICC = 0.986884611149
Iteration 56: R^2 = 0.971160688639, ICC = 0.985124204719
Iteration 57: R^2 = 0.973460087775, ICC = 0.987267109941
Iteration 58: R^2 = 0.970776166404, ICC = 0.98503275333
Iteration 59: R^2 = 0.970014555735, ICC = 0.984923416457
Iteration 60: R^2 = 0.968878956403, ICC = 0.984481937359
Iteration 61: R^2 = 0.97597453145, ICC = 0.988024914442
Iteration 62: R^2 = 0.965834508923, ICC = 0.982941957451
Iteration 63: R^2 = 0.970772006854, ICC = 0.985372817844
Iteration 64: R^2 = 0.977667159661, ICC = 0.988773992579
Iteration 65: R^2 = 0.970148380593, ICC = 0.984754496567
Iteration 66: R^2 = 0.975469553124, ICC = 0.987611522628
Iteration 67: R^2 = 0.965700658148, ICC = 0.983094096487
Iteration 68: R^2 = 0.974377585317, ICC = 0.986836221002
Iteration 69: R^2 = 0.96839668476, ICC = 0.984370216123
Iteration 70: R^2 = 0.9523842706, ICC = 0.977178430487
Iteration 71: R^2 = 0.971370109794, ICC = 0.985738342413
Iteration 72: R^2 = 0.957138405939, ICC = 0.979038397837
Iteration 73: R^2 = 0.969878692084, ICC = 0.985227537469
Iteration 74: R^2 = 0.960857791163, ICC = 0.980330870574
Iteration 75: R^2 = 0.969798070787, ICC = 0.984792732759
Iteration 76: R^2 = 0.960399783654, ICC = 0.979784921533
Iteration 77: R^2 = 0.969786768079, ICC = 0.985292005169
Iteration 78: R^2 = 0.973970457175, ICC = 0.986957434424
Iteration 79: R^2 = 0.967893644189, ICC = 0.98385147518
Iteration 80: R^2 = 0.972591843425, ICC = 0.986538349505
Iteration 81: R^2 = 0.959340438638, ICC = 0.980264461718
Iteration 82: R^2 = 0.973410862154, ICC = 0.986988802205
Iteration 83: R^2 = 0.96434105017, ICC = 0.982141055135
Iteration 84: R^2 = 0.963380601331, ICC = 0.982111234693
Iteration 85: R^2 = 0.964899847525, ICC = 0.982575715439
Iteration 86: R^2 = 0.973021062473, ICC = 0.986123446382
Iteration 87: R^2 = 0.97116520628, ICC = 0.985763055708
Iteration 88: R^2 = 0.962559823926, ICC = 0.981449845587
Iteration 89: R^2 = 0.976336610494, ICC = 0.988211195058
Iteration 90: R^2 = 0.96313467847, ICC = 0.981434513868
Iteration 91: R^2 = 0.953602005375, ICC = 0.976643912854
Iteration 92: R^2 = 0.976070230679, ICC = 0.98812449852
Iteration 93: R^2 = 0.962338207667, ICC = 0.981346587649
Iteration 94: R^2 = 0.963697207534, ICC = 0.981577674735
Iteration 95: R^2 = 0.965930758258, ICC = 0.983539965079
Iteration 96: R^2 = 0.970200873039, ICC = 0.98516095891
Iteration 97: R^2 = 0.970488369054, ICC = 0.985185420325
Iteration 98: R^2 = 0.968088742386, ICC = 0.984208192013
Iteration 99: R^2 = 0.964263095303, ICC = 0.981435638775
R Squared list shape: (100,)
ICC list shape: (100,)
