Running abide_motion_wrapper_JAL.py
Fri Sep 23 12:26:51 EDT 2016
Iteration 0: R^2 = 0.698192841226, ICC = 0.83886742727
Iteration 1: R^2 = 0.829341888879, ICC = 0.910358166244
Iteration 2: R^2 = 0.688589882945, ICC = 0.854316220984
Iteration 3: R^2 = 0.747057427739, ICC = 0.868514719862
Iteration 4: R^2 = 0.789068902972, ICC = 0.899934250732
Iteration 5: R^2 = 0.693469337046, ICC = 0.866213593544
Iteration 6: R^2 = 0.722653965674, ICC = 0.860621245171
Iteration 7: R^2 = 0.723297560455, ICC = 0.86145242862
Iteration 8: R^2 = 0.76341276476, ICC = 0.866144167825
Iteration 9: R^2 = 0.723054649894, ICC = 0.857848183592
Iteration 10: R^2 = 0.615654615882, ICC = 0.794491043243
Iteration 11: R^2 = 0.777240871323, ICC = 0.886992279415
Iteration 12: R^2 = 0.685510618025, ICC = 0.842865016248
Iteration 13: R^2 = 0.748985583729, ICC = 0.876755492992
Iteration 14: R^2 = 0.540754803532, ICC = 0.780896113706
Iteration 15: R^2 = 0.771296575249, ICC = 0.877414939034
Iteration 16: R^2 = 0.799310977048, ICC = 0.903711716188
Iteration 17: R^2 = 0.763579867814, ICC = 0.885229575105
Iteration 18: R^2 = 0.763229214159, ICC = 0.881107153259
Iteration 19: R^2 = 0.764480831272, ICC = 0.887656484523
Iteration 20: R^2 = 0.413268193926, ICC = 0.747287779213
Iteration 21: R^2 = 0.782800533111, ICC = 0.896554178247
Iteration 22: R^2 = 0.777400911365, ICC = 0.88117224628
Iteration 23: R^2 = 0.714018189292, ICC = 0.858810588987
Iteration 24: R^2 = 0.795819312573, ICC = 0.898323738669
Iteration 25: R^2 = 0.831746239987, ICC = 0.911076912936
Iteration 26: R^2 = 0.60172081249, ICC = 0.824966123458
Iteration 27: R^2 = 0.0658765667396, ICC = 0.639295716739
Iteration 28: R^2 = 0.713464168054, ICC = 0.851886388784
Iteration 29: R^2 = 0.797653483502, ICC = 0.884736994879
Iteration 30: R^2 = 0.781374292656, ICC = 0.897400867189
Iteration 31: R^2 = 0.577075416976, ICC = 0.79319369819
Iteration 32: R^2 = 0.801069889133, ICC = 0.895093557775
Iteration 33: R^2 = 0.549850558971, ICC = 0.805340327157
Iteration 34: R^2 = 0.682978047208, ICC = 0.830563728796
Iteration 35: R^2 = 0.762862175428, ICC = 0.887951626968
Iteration 36: R^2 = 0.772996395174, ICC = 0.893128449349
Iteration 37: R^2 = 0.775264106377, ICC = 0.881360456055
Iteration 38: R^2 = 0.793458300014, ICC = 0.898141097997
Iteration 39: R^2 = 0.701382181738, ICC = 0.854915929934
Iteration 40: R^2 = 0.808383606708, ICC = 0.889310618837
Iteration 41: R^2 = 0.764102206351, ICC = 0.884868679619
Iteration 42: R^2 = 0.731187240461, ICC = 0.853597075562
Iteration 43: R^2 = 0.832644497343, ICC = 0.912881624774
Iteration 44: R^2 = 0.773692760737, ICC = 0.885817591972
Iteration 45: R^2 = 0.606932639007, ICC = 0.814342468437
Iteration 46: R^2 = 0.712298802375, ICC = 0.866711198013
Iteration 47: R^2 = 0.761940370963, ICC = 0.877735413347
Iteration 48: R^2 = 0.77082188328, ICC = 0.880241652447
Iteration 49: R^2 = 0.763018208362, ICC = 0.877650924152
Iteration 50: R^2 = 0.714246309477, ICC = 0.863334545348
Iteration 51: R^2 = 0.787054796821, ICC = 0.894900751124
Iteration 52: R^2 = 0.71013212049, ICC = 0.874331633385
Iteration 53: R^2 = 0.582974690416, ICC = 0.790522091231
Iteration 54: R^2 = 0.725123675138, ICC = 0.869724281113
Iteration 55: R^2 = 0.837538124257, ICC = 0.918477416352
Iteration 56: R^2 = 0.640800471396, ICC = 0.807995603878
Iteration 57: R^2 = 0.804861830508, ICC = 0.897074910843
Iteration 58: R^2 = 0.759521745409, ICC = 0.875076557384
Iteration 59: R^2 = 0.799019992778, ICC = 0.901857489676
Iteration 60: R^2 = 0.473783977963, ICC = 0.740979191605
Iteration 61: R^2 = 0.759885162218, ICC = 0.873647979461
Iteration 62: R^2 = 0.673134948085, ICC = 0.852624791348
Iteration 63: R^2 = 0.711593462389, ICC = 0.858762464591
Iteration 64: R^2 = 0.611198081426, ICC = 0.831550194999
Iteration 65: R^2 = 0.559341227326, ICC = 0.80128466531
Iteration 66: R^2 = 0.756859158635, ICC = 0.875125276578
Iteration 67: R^2 = 0.737911092072, ICC = 0.870319462374
Iteration 68: R^2 = 0.641917595546, ICC = 0.817139657033
Iteration 69: R^2 = 0.807763009434, ICC = 0.897050792925
Iteration 70: R^2 = 0.637327269542, ICC = 0.844768177724
Iteration 71: R^2 = 0.78888143432, ICC = 0.889939844109
Iteration 72: R^2 = 0.790938846927, ICC = 0.902509595834
Iteration 73: R^2 = 0.699515171653, ICC = 0.844508336052
Iteration 74: R^2 = 0.757148288089, ICC = 0.868400920554
Iteration 75: R^2 = 0.816752929611, ICC = 0.903917910697
Iteration 76: R^2 = 0.562383992885, ICC = 0.796382848398
Iteration 77: R^2 = 0.757248445552, ICC = 0.873445928046
Iteration 78: R^2 = 0.8363657637, ICC = 0.912140342573
Iteration 79: R^2 = 0.835373933527, ICC = 0.915852518954
Iteration 80: R^2 = 0.762640785726, ICC = 0.887809112097
Iteration 81: R^2 = 0.754764915049, ICC = 0.867584264343
Iteration 82: R^2 = 0.78694917484, ICC = 0.891355882084
Iteration 83: R^2 = 0.594265347394, ICC = 0.813844714127
Iteration 84: R^2 = 0.832482832449, ICC = 0.918384920213
Iteration 85: R^2 = 0.795699093879, ICC = 0.897799750938
Iteration 86: R^2 = 0.730401993394, ICC = 0.865544507549
Iteration 87: R^2 = 0.574358239642, ICC = 0.76160429864
Iteration 88: R^2 = 0.806589540245, ICC = 0.900792620323
Iteration 89: R^2 = 0.674195602165, ICC = 0.85785520979
Iteration 90: R^2 = 0.323183697549, ICC = 0.700799209155
Iteration 91: R^2 = 0.747190837083, ICC = 0.871903773645
Iteration 92: R^2 = 0.792284330531, ICC = 0.892621121554
Iteration 93: R^2 = 0.791508342006, ICC = 0.897460521878
Iteration 94: R^2 = 0.670307108104, ICC = 0.836667607748
Iteration 95: R^2 = 0.757107851495, ICC = 0.876017429927
Iteration 96: R^2 = 0.792631391596, ICC = 0.897090311554
Iteration 97: R^2 = 0.760617003701, ICC = 0.879971555867
Iteration 98: R^2 = 0.787091824605, ICC = 0.88783162945
Iteration 99: R^2 = 0.772979313781, ICC = 0.880748706501
R Squared list shape: (100,)
ICC list shape: (100,)
