Running abide_motion_wrapper_JAL.py
Fri Sep 23 12:24:37 EDT 2016
Iteration 0: R^2 = 0.96186203903, ICC = 0.980900339325
Iteration 1: R^2 = 0.965844638258, ICC = 0.983049915898
Iteration 2: R^2 = 0.962733136943, ICC = 0.981202659565
Iteration 3: R^2 = 0.970939063365, ICC = 0.985273711586
Iteration 4: R^2 = 0.972628547051, ICC = 0.985967748384
Iteration 5: R^2 = 0.968245458843, ICC = 0.984311399528
Iteration 6: R^2 = 0.964689024, ICC = 0.982316448013
Iteration 7: R^2 = 0.96499993371, ICC = 0.982501565958
Iteration 8: R^2 = 0.969310576928, ICC = 0.984259291471
Iteration 9: R^2 = 0.973886909896, ICC = 0.986628685053
Iteration 10: R^2 = 0.9649917287, ICC = 0.982231274376
Iteration 11: R^2 = 0.970217126136, ICC = 0.985577445636
Iteration 12: R^2 = 0.882010478746, ICC = 0.944746054009
Iteration 13: R^2 = 0.973781497748, ICC = 0.986783325302
Iteration 14: R^2 = 0.954046636183, ICC = 0.976229195777
Iteration 15: R^2 = 0.960907438609, ICC = 0.980346034499
Iteration 16: R^2 = 0.963685192418, ICC = 0.981377773434
Iteration 17: R^2 = 0.925707329552, ICC = 0.961795158859
Iteration 18: R^2 = 0.971134842406, ICC = 0.985544336693
Iteration 19: R^2 = 0.968437726025, ICC = 0.984210401198
Iteration 20: R^2 = 0.963308884851, ICC = 0.981560103633
Iteration 21: R^2 = 0.940047552772, ICC = 0.970978886367
Iteration 22: R^2 = 0.915153825167, ICC = 0.958577899175
Iteration 23: R^2 = 0.971452858026, ICC = 0.985511455344
Iteration 24: R^2 = 0.971141933694, ICC = 0.985081599867
Iteration 25: R^2 = 0.952738008479, ICC = 0.976457046605
Iteration 26: R^2 = 0.967589065685, ICC = 0.984249392685
Iteration 27: R^2 = 0.947289614667, ICC = 0.974237279562
Iteration 28: R^2 = 0.962341302928, ICC = 0.981063164006
Iteration 29: R^2 = 0.968196108318, ICC = 0.984145672907
Iteration 30: R^2 = 0.95158344775, ICC = 0.97609045043
Iteration 31: R^2 = 0.957437826119, ICC = 0.978081668397
Iteration 32: R^2 = 0.921846476827, ICC = 0.962097695421
Iteration 33: R^2 = 0.969558663913, ICC = 0.985189028434
Iteration 34: R^2 = 0.938045564945, ICC = 0.968611037899
Iteration 35: R^2 = 0.969676352026, ICC = 0.984943280312
Iteration 36: R^2 = 0.950911782835, ICC = 0.974818311869
Iteration 37: R^2 = 0.967382458052, ICC = 0.983471620671
Iteration 38: R^2 = 0.973844191598, ICC = 0.986793166384
Iteration 39: R^2 = 0.968559038353, ICC = 0.984326782962
Iteration 40: R^2 = 0.972474640989, ICC = 0.986070031294
Iteration 41: R^2 = 0.96976888941, ICC = 0.985179722645
Iteration 42: R^2 = 0.956290320735, ICC = 0.97872242313
Iteration 43: R^2 = 0.95927748475, ICC = 0.979357114634
Iteration 44: R^2 = 0.956713632175, ICC = 0.979121132401
Iteration 45: R^2 = 0.968345422024, ICC = 0.98379567218
Iteration 46: R^2 = 0.939493218031, ICC = 0.970677966295
Iteration 47: R^2 = 0.958682769329, ICC = 0.979618314163
Iteration 48: R^2 = 0.961220801612, ICC = 0.980901942265
Iteration 49: R^2 = 0.964001621215, ICC = 0.981795376969
Iteration 50: R^2 = 0.965695740179, ICC = 0.982799439593
Iteration 51: R^2 = 0.966828711064, ICC = 0.98337500238
Iteration 52: R^2 = 0.971895071625, ICC = 0.985588222299
Iteration 53: R^2 = 0.975423165808, ICC = 0.987641062745
Iteration 54: R^2 = 0.952443503883, ICC = 0.976483137652
Iteration 55: R^2 = 0.967481875109, ICC = 0.983781432507
Iteration 56: R^2 = 0.969471431246, ICC = 0.984640896338
Iteration 57: R^2 = 0.903517672782, ICC = 0.953950448922
Iteration 58: R^2 = 0.948175295216, ICC = 0.973231819915
Iteration 59: R^2 = 0.965827479725, ICC = 0.982924623303
Iteration 60: R^2 = 0.966809358504, ICC = 0.983575791237
Iteration 61: R^2 = 0.974783472252, ICC = 0.987310978461
Iteration 62: R^2 = 0.938909545417, ICC = 0.970823116559
Iteration 63: R^2 = 0.968556439595, ICC = 0.984925658428
Iteration 64: R^2 = 0.931496420884, ICC = 0.964639543249
Iteration 65: R^2 = 0.972196723042, ICC = 0.986078503528
Iteration 66: R^2 = 0.972440086315, ICC = 0.98622415279
Iteration 67: R^2 = 0.934655431628, ICC = 0.968661928612
Iteration 68: R^2 = 0.962092524548, ICC = 0.981364396726
Iteration 69: R^2 = 0.962261924639, ICC = 0.980859735141
Iteration 70: R^2 = 0.958502406412, ICC = 0.978589362784
Iteration 71: R^2 = 0.96073004106, ICC = 0.980325988854
Iteration 72: R^2 = 0.960569304507, ICC = 0.98067598434
Iteration 73: R^2 = 0.97442811299, ICC = 0.987089853349
Iteration 74: R^2 = 0.97387473515, ICC = 0.987072351664
Iteration 75: R^2 = 0.968394800637, ICC = 0.984318776905
Iteration 76: R^2 = 0.931832758225, ICC = 0.964109579599
Iteration 77: R^2 = 0.974769772462, ICC = 0.987542278228
Iteration 78: R^2 = 0.969465123491, ICC = 0.984573058346
Iteration 79: R^2 = 0.971596801549, ICC = 0.985783037358
Iteration 80: R^2 = 0.971100123313, ICC = 0.985451045294
Iteration 81: R^2 = 0.970953955662, ICC = 0.985585543866
Iteration 82: R^2 = 0.939119491289, ICC = 0.968636629987
Iteration 83: R^2 = 0.96950785084, ICC = 0.984827189152
Iteration 84: R^2 = 0.913227873453, ICC = 0.958864321746
Iteration 85: R^2 = 0.965963063572, ICC = 0.983078992128
Iteration 86: R^2 = 0.954080003795, ICC = 0.977896968676
Iteration 87: R^2 = 0.966383344177, ICC = 0.983466961018
Iteration 88: R^2 = 0.959635268724, ICC = 0.979019599823
Iteration 89: R^2 = 0.937413654488, ICC = 0.969460709147
Iteration 90: R^2 = 0.970755126479, ICC = 0.98535937762
Iteration 91: R^2 = 0.969909226566, ICC = 0.984462963709
Iteration 92: R^2 = 0.920748436734, ICC = 0.961766986707
Iteration 93: R^2 = 0.965387071486, ICC = 0.98299318901
Iteration 94: R^2 = 0.97039015848, ICC = 0.984921187655
Iteration 95: R^2 = 0.962145764953, ICC = 0.981403212333
Iteration 96: R^2 = 0.888673781119, ICC = 0.948450056084
Iteration 97: R^2 = 0.966878644891, ICC = 0.983458539897
Iteration 98: R^2 = 0.97122449334, ICC = 0.985816002385
Iteration 99: R^2 = 0.963478167104, ICC = 0.981928869284
R Squared list shape: (100,)
ICC list shape: (100,)
slurmstepd: slurm_receive_msg: Socket timed out on send/recv operation
