Running abide_motion_wrapper_JAL.py
Fri Sep 23 12:27:42 EDT 2016
Iteration 0: R^2 = 0.752024823752, ICC = 0.876656087168
Iteration 1: R^2 = 0.792679665512, ICC = 0.900100665577
Iteration 2: R^2 = 0.645674101534, ICC = 0.831467671613
Iteration 3: R^2 = 0.649508673304, ICC = 0.818694300952
Iteration 4: R^2 = 0.754478820895, ICC = 0.882331213151
Iteration 5: R^2 = 0.651610139154, ICC = 0.840845431136
Iteration 6: R^2 = 0.800182076014, ICC = 0.897553198368
Iteration 7: R^2 = 0.744455050216, ICC = 0.867444344628
Iteration 8: R^2 = 0.8046969101, ICC = 0.8994330042
Iteration 9: R^2 = 0.697560470948, ICC = 0.850484760259
Iteration 10: R^2 = 0.447851959138, ICC = 0.780283583432
Iteration 11: R^2 = 0.732569271092, ICC = 0.871357386568
Iteration 12: R^2 = 0.714574092103, ICC = 0.864309615992
Iteration 13: R^2 = 0.691609803583, ICC = 0.842281554303
Iteration 14: R^2 = 0.76277897097, ICC = 0.877625818048
Iteration 15: R^2 = 0.799841016336, ICC = 0.901830761185
Iteration 16: R^2 = 0.800659324959, ICC = 0.899448178917
Iteration 17: R^2 = 0.791271329988, ICC = 0.895783662008
Iteration 18: R^2 = 0.628834841084, ICC = 0.83011650205
Iteration 19: R^2 = 0.522533048296, ICC = 0.784706427575
Iteration 20: R^2 = 0.797756411094, ICC = 0.90375425962
Iteration 21: R^2 = 0.823014619128, ICC = 0.90548283766
Iteration 22: R^2 = 0.739114262671, ICC = 0.867763886471
Iteration 23: R^2 = 0.707928798443, ICC = 0.852923750784
Iteration 24: R^2 = 0.753044236421, ICC = 0.872561320847
Iteration 25: R^2 = 0.691854396732, ICC = 0.865416015677
Iteration 26: R^2 = 0.619693483243, ICC = 0.822631716126
Iteration 27: R^2 = 0.762988283296, ICC = 0.883941125246
Iteration 28: R^2 = 0.396333911378, ICC = 0.739961293493
Iteration 29: R^2 = 0.484411867186, ICC = 0.785940977619
Iteration 30: R^2 = 0.767636730767, ICC = 0.890640629271
Iteration 31: R^2 = 0.776428970389, ICC = 0.878129560626
Iteration 32: R^2 = 0.755644451014, ICC = 0.882137558385
Iteration 33: R^2 = 0.398168876855, ICC = 0.689458234224
Iteration 34: R^2 = 0.785357253695, ICC = 0.889246818153
Iteration 35: R^2 = 0.634362066039, ICC = 0.810167967048
Iteration 36: R^2 = 0.518833214718, ICC = 0.784809877796
Iteration 37: R^2 = 0.805880821553, ICC = 0.90760938026
Iteration 38: R^2 = 0.733722160683, ICC = 0.874151598681
Iteration 39: R^2 = 0.794707729073, ICC = 0.889329542862
Iteration 40: R^2 = 0.78027617562, ICC = 0.897407819094
Iteration 41: R^2 = 0.618992843877, ICC = 0.829617535215
Iteration 42: R^2 = 0.703799840308, ICC = 0.862980260936
Iteration 43: R^2 = 0.80999945812, ICC = 0.906795090734
Iteration 44: R^2 = 0.567970446038, ICC = 0.770524345438
Iteration 45: R^2 = 0.748228060863, ICC = 0.881681765157
Iteration 46: R^2 = 0.635601332482, ICC = 0.838467987069
Iteration 47: R^2 = 0.767864370995, ICC = 0.891975279158
Iteration 48: R^2 = 0.803477045747, ICC = 0.892185619145
Iteration 49: R^2 = 0.799444909758, ICC = 0.90338982733
Iteration 50: R^2 = 0.642730554007, ICC = 0.799405915193
Iteration 51: R^2 = 0.804428637379, ICC = 0.899681256627
Iteration 52: R^2 = 0.808417109572, ICC = 0.905552642574
Iteration 53: R^2 = 0.808294280067, ICC = 0.8973826775
Iteration 54: R^2 = 0.57682500387, ICC = 0.829654292285
Iteration 55: R^2 = 0.744767904486, ICC = 0.864767113327
Iteration 56: R^2 = 0.77234837914, ICC = 0.891916933199
Iteration 57: R^2 = 0.79392845715, ICC = 0.900362137585
Iteration 58: R^2 = 0.785123072213, ICC = 0.892399813155
Iteration 59: R^2 = 0.699374720472, ICC = 0.857036207532
Iteration 60: R^2 = 0.796350739472, ICC = 0.900749653979
Iteration 61: R^2 = 0.747269090483, ICC = 0.863698931159
Iteration 62: R^2 = 0.594548217982, ICC = 0.822543026797
Iteration 63: R^2 = 0.663868664708, ICC = 0.842983324583
Iteration 64: R^2 = 0.765048487443, ICC = 0.873661561975
Iteration 65: R^2 = 0.768199181408, ICC = 0.888452179183
Iteration 66: R^2 = 0.688743800151, ICC = 0.858175003147
Iteration 67: R^2 = 0.316766489911, ICC = 0.703046302135
Iteration 68: R^2 = 0.413125663642, ICC = 0.746797643764
Iteration 69: R^2 = 0.765429333452, ICC = 0.87565316787
Iteration 70: R^2 = 0.811644099234, ICC = 0.902354849887
Iteration 71: R^2 = 0.79868379454, ICC = 0.902235482683
Iteration 72: R^2 = 0.779604926041, ICC = 0.88994002949
Iteration 73: R^2 = 0.786128063827, ICC = 0.890975431316
Iteration 74: R^2 = 0.813934861803, ICC = 0.907410303027
Iteration 75: R^2 = 0.54435727413, ICC = 0.776575470586
Iteration 76: R^2 = 0.749659947276, ICC = 0.881432368323
Iteration 77: R^2 = 0.561303795784, ICC = 0.799304097599
Iteration 78: R^2 = 0.732876379838, ICC = 0.865007255155
Iteration 79: R^2 = 0.770887825106, ICC = 0.880828764377
Iteration 80: R^2 = 0.654557085404, ICC = 0.83176476098
Iteration 81: R^2 = 0.794548238891, ICC = 0.900188961738
Iteration 82: R^2 = 0.769847240727, ICC = 0.889911470957
Iteration 83: R^2 = 0.60235916786, ICC = 0.812357238363
Iteration 84: R^2 = 0.729438787128, ICC = 0.859069880247
Iteration 85: R^2 = 0.803446910357, ICC = 0.903424622842
Iteration 86: R^2 = 0.559354882477, ICC = 0.785539572462
Iteration 87: R^2 = 0.368223975186, ICC = 0.689317623265
Iteration 88: R^2 = 0.785665834615, ICC = 0.885472364715
Iteration 89: R^2 = 0.756692757187, ICC = 0.882502983468
Iteration 90: R^2 = 0.688448303452, ICC = 0.839678500333
Iteration 91: R^2 = 0.807988110498, ICC = 0.9034032221
Iteration 92: R^2 = 0.688764633932, ICC = 0.85696639735
Iteration 93: R^2 = 0.700458350256, ICC = 0.861950583958
Iteration 94: R^2 = 0.808465051777, ICC = 0.906560487872
Iteration 95: R^2 = 0.487148016669, ICC = 0.731862860109
Iteration 96: R^2 = 0.624618670781, ICC = 0.797513143806
Iteration 97: R^2 = 0.608813312341, ICC = 0.801948844745
Iteration 98: R^2 = 0.687448595611, ICC = 0.853338763365
Iteration 99: R^2 = 0.713319600288, ICC = 0.862375540082
R Squared list shape: (100,)
ICC list shape: (100,)
slurmstepd: slurm_receive_msg: Socket timed out on send/recv operation
