Running abide_motion_wrapper_JAL.py
Fri Sep 23 12:26:51 EDT 2016
Iteration 0: R^2 = 0.975580588257, ICC = 0.988049256714
Iteration 1: R^2 = 0.97512312154, ICC = 0.987535722141
Iteration 2: R^2 = 0.960217595917, ICC = 0.98037432998
Iteration 3: R^2 = 0.969456754685, ICC = 0.984998836816
Iteration 4: R^2 = 0.976359739583, ICC = 0.988293025312
Iteration 5: R^2 = 0.979738063837, ICC = 0.990099727777
Iteration 6: R^2 = 0.972890308371, ICC = 0.986226623178
Iteration 7: R^2 = 0.967289940149, ICC = 0.984021360223
Iteration 8: R^2 = 0.969402183551, ICC = 0.985057461
Iteration 9: R^2 = 0.969183847408, ICC = 0.984617404756
Iteration 10: R^2 = 0.974325049456, ICC = 0.987160703676
Iteration 11: R^2 = 0.978427052217, ICC = 0.989287396779
Iteration 12: R^2 = 0.958971667467, ICC = 0.979214531868
Iteration 13: R^2 = 0.95840322192, ICC = 0.979557631242
Iteration 14: R^2 = 0.962077377187, ICC = 0.981315330262
Iteration 15: R^2 = 0.96456787663, ICC = 0.982557764094
Iteration 16: R^2 = 0.970938893303, ICC = 0.985574644145
Iteration 17: R^2 = 0.97389798308, ICC = 0.986557754704
Iteration 18: R^2 = 0.979121050971, ICC = 0.989726544826
Iteration 19: R^2 = 0.956034453345, ICC = 0.978769658311
Iteration 20: R^2 = 0.979692329348, ICC = 0.989669320485
Iteration 21: R^2 = 0.97586551135, ICC = 0.987849827569
Iteration 22: R^2 = 0.971960793481, ICC = 0.985828347298
Iteration 23: R^2 = 0.975975095037, ICC = 0.987874625757
Iteration 24: R^2 = 0.942125599322, ICC = 0.972245865046
Iteration 25: R^2 = 0.975615433217, ICC = 0.98753660106
Iteration 26: R^2 = 0.970767455649, ICC = 0.985421049413
Iteration 27: R^2 = 0.979389945385, ICC = 0.989556248094
Iteration 28: R^2 = 0.961719911652, ICC = 0.980946805134
Iteration 29: R^2 = 0.973750924394, ICC = 0.986989779531
Iteration 30: R^2 = 0.975136176857, ICC = 0.987807771531
Iteration 31: R^2 = 0.963311224441, ICC = 0.981244821115
Iteration 32: R^2 = 0.980020165155, ICC = 0.989745779342
Iteration 33: R^2 = 0.97775417779, ICC = 0.988775835785
Iteration 34: R^2 = 0.975371458341, ICC = 0.987551600926
Iteration 35: R^2 = 0.953705108046, ICC = 0.977951842037
Iteration 36: R^2 = 0.972857775594, ICC = 0.98619082588
Iteration 37: R^2 = 0.97430430731, ICC = 0.986770538143
Iteration 38: R^2 = 0.970767938656, ICC = 0.985347634556
Iteration 39: R^2 = 0.980008925737, ICC = 0.990072189693
Iteration 40: R^2 = 0.967189165873, ICC = 0.984010189446
Iteration 41: R^2 = 0.972980909404, ICC = 0.986649055421
Iteration 42: R^2 = 0.970781054984, ICC = 0.985825317105
Iteration 43: R^2 = 0.973925829874, ICC = 0.986921302089
Iteration 44: R^2 = 0.949177563527, ICC = 0.975821333905
Iteration 45: R^2 = 0.980062290451, ICC = 0.990040669365
Iteration 46: R^2 = 0.981425561512, ICC = 0.990821854707
Iteration 47: R^2 = 0.953317665518, ICC = 0.976158304394
Iteration 48: R^2 = 0.967350817099, ICC = 0.984129792859
Iteration 49: R^2 = 0.96242614801, ICC = 0.981195841622
Iteration 50: R^2 = 0.976617498151, ICC = 0.988254791287
Iteration 51: R^2 = 0.919015632925, ICC = 0.961003809887
Iteration 52: R^2 = 0.977351412583, ICC = 0.988424052134
Iteration 53: R^2 = 0.974140244221, ICC = 0.987217083864
Iteration 54: R^2 = 0.964191852705, ICC = 0.981290496335
Iteration 55: R^2 = 0.970088320988, ICC = 0.985090921229
Iteration 56: R^2 = 0.96193576661, ICC = 0.98057887839
Iteration 57: R^2 = 0.906750045562, ICC = 0.952875051842
Iteration 58: R^2 = 0.971053941839, ICC = 0.985643768811
Iteration 59: R^2 = 0.957358898815, ICC = 0.979150421774
Iteration 60: R^2 = 0.97415884597, ICC = 0.98705359401
Iteration 61: R^2 = 0.975923315796, ICC = 0.987905336017
Iteration 62: R^2 = 0.94897164946, ICC = 0.974375675364
Iteration 63: R^2 = 0.96668581717, ICC = 0.983914802616
Iteration 64: R^2 = 0.953647181299, ICC = 0.976668011073
Iteration 65: R^2 = 0.981090243211, ICC = 0.990672112031
Iteration 66: R^2 = 0.97818369445, ICC = 0.988870306628
Iteration 67: R^2 = 0.969052065762, ICC = 0.984793804913
Iteration 68: R^2 = 0.943481679584, ICC = 0.971314562021
Iteration 69: R^2 = 0.977620224894, ICC = 0.988831516733
Iteration 70: R^2 = 0.977121662795, ICC = 0.988622228278
Iteration 71: R^2 = 0.963134928078, ICC = 0.981792211509
Iteration 72: R^2 = 0.969806376962, ICC = 0.984799634655
Iteration 73: R^2 = 0.976792604711, ICC = 0.988593442264
Iteration 74: R^2 = 0.961005407028, ICC = 0.979508847124
Iteration 75: R^2 = 0.969901711562, ICC = 0.985644300051
Iteration 76: R^2 = 0.932474565602, ICC = 0.967496895642
Iteration 77: R^2 = 0.977634532258, ICC = 0.988769474282
Iteration 78: R^2 = 0.976099412403, ICC = 0.988038070976
Iteration 79: R^2 = 0.963355359268, ICC = 0.981340804845
Iteration 80: R^2 = 0.949678458946, ICC = 0.97515858578
Iteration 81: R^2 = 0.975354649106, ICC = 0.987774022271
Iteration 82: R^2 = 0.973578246422, ICC = 0.986378329452
Iteration 83: R^2 = 0.947577843801, ICC = 0.97343595014
Iteration 84: R^2 = 0.972944912218, ICC = 0.98674180434
Iteration 85: R^2 = 0.973225024711, ICC = 0.986394022875
Iteration 86: R^2 = 0.974794871523, ICC = 0.987693954765
Iteration 87: R^2 = 0.976189508758, ICC = 0.988147428358
Iteration 88: R^2 = 0.976982005031, ICC = 0.988496827518
Iteration 89: R^2 = 0.967332320641, ICC = 0.983888035945
Iteration 90: R^2 = 0.979595425968, ICC = 0.989952583088
Iteration 91: R^2 = 0.975500183977, ICC = 0.987735954253
Iteration 92: R^2 = 0.947718855947, ICC = 0.974431542589
Iteration 93: R^2 = 0.975701811749, ICC = 0.987808518033
Iteration 94: R^2 = 0.97382501405, ICC = 0.986641662082
Iteration 95: R^2 = 0.941809248375, ICC = 0.972339032534
Iteration 96: R^2 = 0.977103880327, ICC = 0.988533695168
Iteration 97: R^2 = 0.975045766894, ICC = 0.987666134772
Iteration 98: R^2 = 0.96144399646, ICC = 0.980807084175
Iteration 99: R^2 = 0.97398080505, ICC = 0.987138841923
R Squared list shape: (100,)
ICC list shape: (100,)
