Running abide_motion_wrapper_JAL.py
Fri Sep 23 12:25:20 EDT 2016
Iteration 0: R^2 = 0.871713223418, ICC = 0.93467129908
Iteration 1: R^2 = 0.874872489137, ICC = 0.938437660652
Iteration 2: R^2 = 0.894538257975, ICC = 0.947282612754
Iteration 3: R^2 = 0.89283504313, ICC = 0.947008343349
Iteration 4: R^2 = 0.892233200541, ICC = 0.947302395257
Iteration 5: R^2 = 0.870476421411, ICC = 0.9342685682
Iteration 6: R^2 = 0.88912891116, ICC = 0.943604076097
Iteration 7: R^2 = 0.841179146729, ICC = 0.920964278777
Iteration 8: R^2 = 0.889628934979, ICC = 0.945241609691
Iteration 9: R^2 = 0.899901906854, ICC = 0.949064210959
Iteration 10: R^2 = 0.728730376164, ICC = 0.871663028363
Iteration 11: R^2 = 0.881666128008, ICC = 0.936193475163
Iteration 12: R^2 = 0.863435801241, ICC = 0.934154488533
Iteration 13: R^2 = 0.874077688696, ICC = 0.93926692474
Iteration 14: R^2 = 0.892211131389, ICC = 0.945991076205
Iteration 15: R^2 = 0.886190232, ICC = 0.942715681798
Iteration 16: R^2 = 0.901791103785, ICC = 0.950769034783
Iteration 17: R^2 = 0.889113956931, ICC = 0.943126486349
Iteration 18: R^2 = 0.879421390338, ICC = 0.93659956559
Iteration 19: R^2 = 0.886663585957, ICC = 0.9453623832
Iteration 20: R^2 = 0.876018649672, ICC = 0.937431334591
Iteration 21: R^2 = 0.857668021258, ICC = 0.934285241276
Iteration 22: R^2 = 0.859597753748, ICC = 0.92926859297
Iteration 23: R^2 = 0.840970539001, ICC = 0.91500569089
Iteration 24: R^2 = 0.893502875718, ICC = 0.946106833034
Iteration 25: R^2 = 0.849887574876, ICC = 0.926520150357
Iteration 26: R^2 = 0.815879427377, ICC = 0.904897812622
Iteration 27: R^2 = 0.86935309109, ICC = 0.933565682714
Iteration 28: R^2 = 0.854377850594, ICC = 0.92749795435
Iteration 29: R^2 = 0.839977129416, ICC = 0.919447478476
Iteration 30: R^2 = 0.864288319637, ICC = 0.930329520712
Iteration 31: R^2 = 0.839340992182, ICC = 0.920226373926
Iteration 32: R^2 = 0.791458202705, ICC = 0.897963999939
Iteration 33: R^2 = 0.788855267526, ICC = 0.899897668813
Iteration 34: R^2 = 0.869361473098, ICC = 0.936660349785
Iteration 35: R^2 = 0.894175065949, ICC = 0.946945635297
Iteration 36: R^2 = 0.900648627381, ICC = 0.949216872826
Iteration 37: R^2 = 0.886810534997, ICC = 0.943820168927
Iteration 38: R^2 = 0.757310710001, ICC = 0.879142129985
Iteration 39: R^2 = 0.886872621135, ICC = 0.946839401504
Iteration 40: R^2 = 0.835377307248, ICC = 0.915194274689
Iteration 41: R^2 = 0.76473044124, ICC = 0.894306644919
Iteration 42: R^2 = 0.89768325019, ICC = 0.947385582052
Iteration 43: R^2 = 0.898549973321, ICC = 0.947365758101
Iteration 44: R^2 = 0.901550266361, ICC = 0.949304100203
Iteration 45: R^2 = 0.842309333733, ICC = 0.923602757881
Iteration 46: R^2 = 0.802489816494, ICC = 0.902679910368
Iteration 47: R^2 = 0.862333579346, ICC = 0.931503194491
Iteration 48: R^2 = 0.895060045076, ICC = 0.948531676275
Iteration 49: R^2 = 0.871922594761, ICC = 0.933816468052
Iteration 50: R^2 = 0.880000833618, ICC = 0.940315360261
Iteration 51: R^2 = 0.841461138119, ICC = 0.917347481702
Iteration 52: R^2 = 0.857075812399, ICC = 0.926933289744
Iteration 53: R^2 = 0.897566278676, ICC = 0.9476224427
Iteration 54: R^2 = 0.806765870754, ICC = 0.909041710784
Iteration 55: R^2 = 0.78722307175, ICC = 0.901797572109
Iteration 56: R^2 = 0.885787480573, ICC = 0.944076059662
Iteration 57: R^2 = 0.904245992506, ICC = 0.952215878034
Iteration 58: R^2 = 0.882540714964, ICC = 0.938569151672
Iteration 59: R^2 = 0.86817919632, ICC = 0.929366833512
Iteration 60: R^2 = 0.874104816212, ICC = 0.936804503154
Iteration 61: R^2 = 0.829501273083, ICC = 0.909957059698
Iteration 62: R^2 = 0.767589238788, ICC = 0.900024621703
Iteration 63: R^2 = 0.7841005632, ICC = 0.89018939555
Iteration 64: R^2 = 0.871256692713, ICC = 0.931525294488
Iteration 65: R^2 = 0.891268383849, ICC = 0.946210228138
Iteration 66: R^2 = 0.878563026744, ICC = 0.939399015624
Iteration 67: R^2 = 0.873867624592, ICC = 0.937775470187
Iteration 68: R^2 = 0.865950587495, ICC = 0.929023503509
Iteration 69: R^2 = 0.873774911648, ICC = 0.935812885638
Iteration 70: R^2 = 0.896074074318, ICC = 0.948557023515
Iteration 71: R^2 = 0.880765006171, ICC = 0.94001028301
Iteration 72: R^2 = 0.839084544887, ICC = 0.921596679848
Iteration 73: R^2 = 0.889927633132, ICC = 0.943100906938
Iteration 74: R^2 = 0.916169768059, ICC = 0.958812595281
Iteration 75: R^2 = 0.856288754869, ICC = 0.932049615548
Iteration 76: R^2 = 0.791696600863, ICC = 0.903857304178
Iteration 77: R^2 = 0.791529941253, ICC = 0.894974820691
Iteration 78: R^2 = 0.845806682734, ICC = 0.923510426775
Iteration 79: R^2 = 0.860138108029, ICC = 0.930189503351
Iteration 80: R^2 = 0.850193313511, ICC = 0.927626628338
Iteration 81: R^2 = 0.822628925325, ICC = 0.916249161608
Iteration 82: R^2 = 0.858039961472, ICC = 0.92562048279
Iteration 83: R^2 = 0.8765880379, ICC = 0.936848790174
Iteration 84: R^2 = 0.898225698986, ICC = 0.948356446173
Iteration 85: R^2 = 0.870843862948, ICC = 0.935905754143
Iteration 86: R^2 = 0.84603240709, ICC = 0.920208112382
Iteration 87: R^2 = 0.798854962622, ICC = 0.904345987291
Iteration 88: R^2 = 0.814473459112, ICC = 0.901328408992
Iteration 89: R^2 = 0.892715775429, ICC = 0.947598830622
Iteration 90: R^2 = 0.908141999745, ICC = 0.953019816815
Iteration 91: R^2 = 0.828453044519, ICC = 0.92209119479
Iteration 92: R^2 = 0.855531464523, ICC = 0.927283742221
Iteration 93: R^2 = 0.896600399225, ICC = 0.949447233596
Iteration 94: R^2 = 0.851925783517, ICC = 0.922965562679
Iteration 95: R^2 = 0.905063448044, ICC = 0.951545268217
Iteration 96: R^2 = 0.831560786023, ICC = 0.912068434311
Iteration 97: R^2 = 0.883441193669, ICC = 0.942263334663
Iteration 98: R^2 = 0.693245686729, ICC = 0.86330412721
Iteration 99: R^2 = 0.89607939433, ICC = 0.948882497182
R Squared list shape: (100,)
ICC list shape: (100,)
