Running abide_motion_wrapper_JAL.py
Fri Sep 23 12:26:51 EDT 2016
Iteration 0: R^2 = 0.82571917848, ICC = 0.916217582965
Iteration 1: R^2 = 0.93399775314, ICC = 0.966113923784
Iteration 2: R^2 = 0.917816930841, ICC = 0.960305106439
Iteration 3: R^2 = 0.911197905669, ICC = 0.954267047328
Iteration 4: R^2 = 0.883004304096, ICC = 0.937479606575
Iteration 5: R^2 = 0.891146166221, ICC = 0.947210582956
Iteration 6: R^2 = 0.932529656537, ICC = 0.96493623929
Iteration 7: R^2 = 0.885458506938, ICC = 0.942857262709
Iteration 8: R^2 = 0.899535081686, ICC = 0.950237940416
Iteration 9: R^2 = 0.739456341647, ICC = 0.866355695672
Iteration 10: R^2 = 0.920435846738, ICC = 0.959570067602
Iteration 11: R^2 = 0.926366097559, ICC = 0.963630096553
Iteration 12: R^2 = 0.924464156481, ICC = 0.961951265995
Iteration 13: R^2 = 0.855411312954, ICC = 0.919088888355
Iteration 14: R^2 = 0.79424657831, ICC = 0.893869671684
Iteration 15: R^2 = 0.844601881574, ICC = 0.923592946468
Iteration 16: R^2 = 0.887188814543, ICC = 0.945186558247
Iteration 17: R^2 = 0.916066520128, ICC = 0.958445195158
Iteration 18: R^2 = 0.90031146794, ICC = 0.95140881516
Iteration 19: R^2 = 0.759387039953, ICC = 0.876314904
Iteration 20: R^2 = 0.911502508426, ICC = 0.957181865297
Iteration 21: R^2 = 0.906227790299, ICC = 0.954638104485
Iteration 22: R^2 = 0.930274695094, ICC = 0.963634825794
Iteration 23: R^2 = 0.921958947802, ICC = 0.96242370911
Iteration 24: R^2 = 0.929736940944, ICC = 0.964997489113
Iteration 25: R^2 = 0.933053336832, ICC = 0.964859882987
Iteration 26: R^2 = 0.881156851105, ICC = 0.939304962662
Iteration 27: R^2 = 0.932494835422, ICC = 0.965691122501
Iteration 28: R^2 = 0.915232185295, ICC = 0.959898208167
Iteration 29: R^2 = 0.890997046254, ICC = 0.946474543532
Iteration 30: R^2 = 0.905418473955, ICC = 0.954547441426
Iteration 31: R^2 = 0.91830357016, ICC = 0.959479322144
Iteration 32: R^2 = 0.906964571175, ICC = 0.954453840553
Iteration 33: R^2 = 0.905332736209, ICC = 0.954929809006
Iteration 34: R^2 = 0.893459195337, ICC = 0.942139178152
Iteration 35: R^2 = 0.919838130099, ICC = 0.959979102782
Iteration 36: R^2 = 0.928683130909, ICC = 0.96239143824
Iteration 37: R^2 = 0.914587690488, ICC = 0.958720189659
Iteration 38: R^2 = 0.916360532875, ICC = 0.956575569572
Iteration 39: R^2 = 0.793167156925, ICC = 0.903806870666
Iteration 40: R^2 = 0.920018870242, ICC = 0.960877261781
Iteration 41: R^2 = 0.892843939239, ICC = 0.94914971906
Iteration 42: R^2 = 0.874113740543, ICC = 0.938314683065
Iteration 43: R^2 = 0.922522152767, ICC = 0.958146088364
Iteration 44: R^2 = 0.928478171701, ICC = 0.96236115621
Iteration 45: R^2 = 0.909200179808, ICC = 0.95260654428
Iteration 46: R^2 = 0.920587376708, ICC = 0.959537468045
Iteration 47: R^2 = 0.851709495686, ICC = 0.931324568489
Iteration 48: R^2 = 0.892438725436, ICC = 0.948938503473
Iteration 49: R^2 = 0.824860440342, ICC = 0.917731597292
Iteration 50: R^2 = 0.908163009818, ICC = 0.952844081894
Iteration 51: R^2 = 0.904490187948, ICC = 0.953475954612
Iteration 52: R^2 = 0.851231639493, ICC = 0.929332484156
Iteration 53: R^2 = 0.916907801515, ICC = 0.95680964386
Iteration 54: R^2 = 0.924252031347, ICC = 0.963451549903
Iteration 55: R^2 = 0.855886983172, ICC = 0.929641214205
Iteration 56: R^2 = 0.926105965246, ICC = 0.961849426305
Iteration 57: R^2 = 0.931950599723, ICC = 0.965357772427
Iteration 58: R^2 = 0.852714484266, ICC = 0.931880866143
Iteration 59: R^2 = 0.822063986428, ICC = 0.917330203742
Iteration 60: R^2 = 0.905940763195, ICC = 0.953109740118
Iteration 61: R^2 = 0.910114009535, ICC = 0.9553156555
Iteration 62: R^2 = 0.891134520082, ICC = 0.945553999261
Iteration 63: R^2 = 0.932252434631, ICC = 0.965266520306
Iteration 64: R^2 = 0.845437387742, ICC = 0.928942632596
Iteration 65: R^2 = 0.92641706977, ICC = 0.962554112698
Iteration 66: R^2 = 0.907578847563, ICC = 0.955477848718
Iteration 67: R^2 = 0.916038789845, ICC = 0.957357228753
Iteration 68: R^2 = 0.849279901714, ICC = 0.925259135542
Iteration 69: R^2 = 0.853742237642, ICC = 0.924122615265
Iteration 70: R^2 = 0.855504866231, ICC = 0.934118344171
Iteration 71: R^2 = 0.916554051049, ICC = 0.956893913828
Iteration 72: R^2 = 0.796278870685, ICC = 0.904612083713
Iteration 73: R^2 = 0.887307386091, ICC = 0.945348739731
Iteration 74: R^2 = 0.86930366688, ICC = 0.939546067129
Iteration 75: R^2 = 0.933122540655, ICC = 0.966014075267
Iteration 76: R^2 = 0.881369082375, ICC = 0.943027462571
Iteration 77: R^2 = 0.919413119196, ICC = 0.959404565257
Iteration 78: R^2 = 0.918953938216, ICC = 0.959236370032
Iteration 79: R^2 = 0.904253789821, ICC = 0.951771708124
Iteration 80: R^2 = 0.918120756611, ICC = 0.959203645566
Iteration 81: R^2 = 0.890555490199, ICC = 0.941628725495
Iteration 82: R^2 = 0.806250877838, ICC = 0.909958168364
Iteration 83: R^2 = 0.888678538338, ICC = 0.947851320912
Iteration 84: R^2 = 0.93283302531, ICC = 0.965313384255
Iteration 85: R^2 = 0.901917606454, ICC = 0.952543675522
Iteration 86: R^2 = 0.91530488118, ICC = 0.956157118502
Iteration 87: R^2 = 0.924930365812, ICC = 0.963909126309
Iteration 88: R^2 = 0.823378037716, ICC = 0.915471126876
Iteration 89: R^2 = 0.918904048759, ICC = 0.959895192354
Iteration 90: R^2 = 0.929955595406, ICC = 0.964912407659
Iteration 91: R^2 = 0.930284645486, ICC = 0.96424234946
Iteration 92: R^2 = 0.913539392763, ICC = 0.958121666197
Iteration 93: R^2 = 0.889715202839, ICC = 0.943204719358
Iteration 94: R^2 = 0.939559717031, ICC = 0.970070255726
Iteration 95: R^2 = 0.702339639477, ICC = 0.873570470217
Iteration 96: R^2 = 0.912149562274, ICC = 0.952963762433
Iteration 97: R^2 = 0.916045475683, ICC = 0.959385374046
Iteration 98: R^2 = 0.880087137081, ICC = 0.944591499918
Iteration 99: R^2 = 0.919468983371, ICC = 0.959442594304
R Squared list shape: (100,)
ICC list shape: (100,)
