Running abide_motion_wrapper_JAL.py
Fri Sep 23 12:27:42 EDT 2016
Iteration 0: R^2 = 0.965355108597, ICC = 0.982783154669
Iteration 1: R^2 = 0.97103598922, ICC = 0.985957496797
Iteration 2: R^2 = 0.953535041275, ICC = 0.976307841925
Iteration 3: R^2 = 0.969793093552, ICC = 0.984899042511
Iteration 4: R^2 = 0.974427536876, ICC = 0.987073526197
Iteration 5: R^2 = 0.947542484164, ICC = 0.974530461117
Iteration 6: R^2 = 0.967893616447, ICC = 0.984363715175
Iteration 7: R^2 = 0.970031140289, ICC = 0.985177492524
Iteration 8: R^2 = 0.964188086645, ICC = 0.981852915172
Iteration 9: R^2 = 0.96140860373, ICC = 0.980956686083
Iteration 10: R^2 = 0.969299309633, ICC = 0.984715211225
Iteration 11: R^2 = 0.956297251879, ICC = 0.977725406133
Iteration 12: R^2 = 0.969212863477, ICC = 0.984263585548
Iteration 13: R^2 = 0.959605213258, ICC = 0.979191894534
Iteration 14: R^2 = 0.954810156052, ICC = 0.977945179013
Iteration 15: R^2 = 0.976076111413, ICC = 0.988164610698
Iteration 16: R^2 = 0.967958535546, ICC = 0.984023118322
Iteration 17: R^2 = 0.965671789264, ICC = 0.983324486386
Iteration 18: R^2 = 0.954427329119, ICC = 0.977163866678
Iteration 19: R^2 = 0.939208824154, ICC = 0.969961490425
Iteration 20: R^2 = 0.971024584377, ICC = 0.985343945013
Iteration 21: R^2 = 0.973853634389, ICC = 0.986876953066
Iteration 22: R^2 = 0.963951947792, ICC = 0.981548938011
Iteration 23: R^2 = 0.969614868588, ICC = 0.985163308186
Iteration 24: R^2 = 0.949970866937, ICC = 0.975287942394
Iteration 25: R^2 = 0.941050100062, ICC = 0.970920062864
Iteration 26: R^2 = 0.965632132027, ICC = 0.983305932635
Iteration 27: R^2 = 0.968342406196, ICC = 0.984200032264
Iteration 28: R^2 = 0.969732447939, ICC = 0.98439584865
Iteration 29: R^2 = 0.97245008768, ICC = 0.986394184185
Iteration 30: R^2 = 0.95286744639, ICC = 0.977036596017
Iteration 31: R^2 = 0.967767150824, ICC = 0.984205001333
Iteration 32: R^2 = 0.948144023886, ICC = 0.973970425112
Iteration 33: R^2 = 0.963134623893, ICC = 0.981919380721
Iteration 34: R^2 = 0.959494527735, ICC = 0.980039301875
Iteration 35: R^2 = 0.964661949986, ICC = 0.982653631201
Iteration 36: R^2 = 0.969787771855, ICC = 0.984212199497
Iteration 37: R^2 = 0.934296962779, ICC = 0.968091044499
Iteration 38: R^2 = 0.969384158907, ICC = 0.98462013063
Iteration 39: R^2 = 0.973394038587, ICC = 0.98694030042
Iteration 40: R^2 = 0.967894633471, ICC = 0.98452059072
Iteration 41: R^2 = 0.972628246426, ICC = 0.986205998222
Iteration 42: R^2 = 0.964908580101, ICC = 0.981845200754
Iteration 43: R^2 = 0.972022309689, ICC = 0.985770070687
Iteration 44: R^2 = 0.969418169319, ICC = 0.98474700546
Iteration 45: R^2 = 0.970785642564, ICC = 0.985540194864
Iteration 46: R^2 = 0.965950095593, ICC = 0.982657089823
Iteration 47: R^2 = 0.970250300119, ICC = 0.9852908311
Iteration 48: R^2 = 0.966384094467, ICC = 0.982896219937
Iteration 49: R^2 = 0.965265579382, ICC = 0.982980680064
Iteration 50: R^2 = 0.956987556396, ICC = 0.979181902691
Iteration 51: R^2 = 0.968739912874, ICC = 0.983946239978
Iteration 52: R^2 = 0.967088027617, ICC = 0.983502609245
Iteration 53: R^2 = 0.951049146981, ICC = 0.975158862187
Iteration 54: R^2 = 0.971236392958, ICC = 0.985691471056
Iteration 55: R^2 = 0.964627410333, ICC = 0.98246534204
Iteration 56: R^2 = 0.958411271475, ICC = 0.980258272277
Iteration 57: R^2 = 0.975005289059, ICC = 0.987411590685
Iteration 58: R^2 = 0.9599612519, ICC = 0.979060024017
Iteration 59: R^2 = 0.96504092237, ICC = 0.982817188519
Iteration 60: R^2 = 0.964606802984, ICC = 0.98193604129
Iteration 61: R^2 = 0.968259186987, ICC = 0.984219542683
Iteration 62: R^2 = 0.967574723444, ICC = 0.983621452693
Iteration 63: R^2 = 0.965866811368, ICC = 0.983302784014
Iteration 64: R^2 = 0.970137263698, ICC = 0.985189062396
Iteration 65: R^2 = 0.970881716238, ICC = 0.985221971173
Iteration 66: R^2 = 0.965273086629, ICC = 0.982337893085
Iteration 67: R^2 = 0.954394303023, ICC = 0.977565082559
Iteration 68: R^2 = 0.967324353999, ICC = 0.984020029143
Iteration 69: R^2 = 0.955633170608, ICC = 0.977446234508
Iteration 70: R^2 = 0.969221823195, ICC = 0.984394522354
Iteration 71: R^2 = 0.94620972981, ICC = 0.971471775903
Iteration 72: R^2 = 0.964769618069, ICC = 0.982300134643
Iteration 73: R^2 = 0.964450324298, ICC = 0.982675891601
Iteration 74: R^2 = 0.957975019535, ICC = 0.979542975773
Iteration 75: R^2 = 0.970764954498, ICC = 0.985458598638
Iteration 76: R^2 = 0.968711155386, ICC = 0.9847284832
Iteration 77: R^2 = 0.879965686245, ICC = 0.940029970336
Iteration 78: R^2 = 0.966577162574, ICC = 0.983523341759
Iteration 79: R^2 = 0.970803250789, ICC = 0.985140864399
Iteration 80: R^2 = 0.972815965837, ICC = 0.986295236595
Iteration 81: R^2 = 0.97178495265, ICC = 0.985738067466
Iteration 82: R^2 = 0.974392943998, ICC = 0.987171696979
Iteration 83: R^2 = 0.957636213501, ICC = 0.97912884021
Iteration 84: R^2 = 0.97146437779, ICC = 0.985635697325
Iteration 85: R^2 = 0.970966666333, ICC = 0.985627717395
Iteration 86: R^2 = 0.932729635277, ICC = 0.965657998783
Iteration 87: R^2 = 0.964542302384, ICC = 0.982350569812
Iteration 88: R^2 = 0.916074451698, ICC = 0.959717383866
Iteration 89: R^2 = 0.969073058121, ICC = 0.984951783675
Iteration 90: R^2 = 0.973223022884, ICC = 0.986484993299
Iteration 91: R^2 = 0.96679107759, ICC = 0.983137614319
Iteration 92: R^2 = 0.923973184147, ICC = 0.964096808406
Iteration 93: R^2 = 0.943039904, ICC = 0.971107206418
Iteration 94: R^2 = 0.963196638207, ICC = 0.981362763495
Iteration 95: R^2 = 0.959386642651, ICC = 0.979287020664
Iteration 96: R^2 = 0.971498418203, ICC = 0.985666443115
Iteration 97: R^2 = 0.967562508937, ICC = 0.983664067144
Iteration 98: R^2 = 0.968543514235, ICC = 0.984353746359
Iteration 99: R^2 = 0.968991683917, ICC = 0.98446493645
R Squared list shape: (100,)
ICC list shape: (100,)
