Running abide_motion_wrapper_JAL.py
Fri Sep 23 12:24:37 EDT 2016
Iteration 0: R^2 = 0.973823703865, ICC = 0.986607699131
Iteration 1: R^2 = 0.967168890274, ICC = 0.983782011048
Iteration 2: R^2 = 0.951125499733, ICC = 0.975191015164
Iteration 3: R^2 = 0.974876141565, ICC = 0.987200079463
Iteration 4: R^2 = 0.938494430597, ICC = 0.968730533273
Iteration 5: R^2 = 0.976002270847, ICC = 0.987898244903
Iteration 6: R^2 = 0.955347315505, ICC = 0.978173761489
Iteration 7: R^2 = 0.969262574484, ICC = 0.984503483991
Iteration 8: R^2 = 0.967777616405, ICC = 0.983989611455
Iteration 9: R^2 = 0.977730416853, ICC = 0.98894941686
Iteration 10: R^2 = 0.974113177922, ICC = 0.986838705887
Iteration 11: R^2 = 0.9713315381, ICC = 0.985800001521
Iteration 12: R^2 = 0.965812433328, ICC = 0.982935424018
Iteration 13: R^2 = 0.975566718191, ICC = 0.987636441417
Iteration 14: R^2 = 0.976394614119, ICC = 0.987988078568
Iteration 15: R^2 = 0.962251867448, ICC = 0.98098209878
Iteration 16: R^2 = 0.967750816334, ICC = 0.984068064403
Iteration 17: R^2 = 0.958101195619, ICC = 0.979428480558
Iteration 18: R^2 = 0.97724377704, ICC = 0.988556696338
Iteration 19: R^2 = 0.964351504462, ICC = 0.982544714875
Iteration 20: R^2 = 0.95251168839, ICC = 0.97665148073
Iteration 21: R^2 = 0.972831969814, ICC = 0.98602051868
Iteration 22: R^2 = 0.970566473492, ICC = 0.985195497491
Iteration 23: R^2 = 0.972818384817, ICC = 0.986306108833
Iteration 24: R^2 = 0.974374221134, ICC = 0.986785479485
Iteration 25: R^2 = 0.973224098857, ICC = 0.986523490236
Iteration 26: R^2 = 0.975067987903, ICC = 0.987279938785
Iteration 27: R^2 = 0.97189232528, ICC = 0.985713727345
Iteration 28: R^2 = 0.972420054394, ICC = 0.985964122393
Iteration 29: R^2 = 0.964817828788, ICC = 0.982823035153
Iteration 30: R^2 = 0.965047690609, ICC = 0.982292947947
Iteration 31: R^2 = 0.974598618067, ICC = 0.987748968166
Iteration 32: R^2 = 0.971591524547, ICC = 0.985776322972
Iteration 33: R^2 = 0.939814650496, ICC = 0.970399477382
Iteration 34: R^2 = 0.946920959658, ICC = 0.972993906989
Iteration 35: R^2 = 0.962533567896, ICC = 0.98054709174
Iteration 36: R^2 = 0.976769382229, ICC = 0.988359230816
Iteration 37: R^2 = 0.967560386128, ICC = 0.983736843516
Iteration 38: R^2 = 0.973075672097, ICC = 0.986525107328
Iteration 39: R^2 = 0.965247107466, ICC = 0.983015811717
Iteration 40: R^2 = 0.967316743033, ICC = 0.984019341559
Iteration 41: R^2 = 0.975094067917, ICC = 0.987546186019
Iteration 42: R^2 = 0.972811906293, ICC = 0.986656502869
Iteration 43: R^2 = 0.942048852953, ICC = 0.970847352609
Iteration 44: R^2 = 0.970961398789, ICC = 0.985075151543
Iteration 45: R^2 = 0.971763653598, ICC = 0.985977432701
Iteration 46: R^2 = 0.976427666776, ICC = 0.988337136735
Iteration 47: R^2 = 0.971378914417, ICC = 0.985379276004
Iteration 48: R^2 = 0.974440958289, ICC = 0.987082514964
Iteration 49: R^2 = 0.938093123466, ICC = 0.970350011109
Iteration 50: R^2 = 0.96120024835, ICC = 0.980750894987
Iteration 51: R^2 = 0.978882136591, ICC = 0.989578755917
Iteration 52: R^2 = 0.968083465858, ICC = 0.984455940983
Iteration 53: R^2 = 0.974489706923, ICC = 0.987429066881
Iteration 54: R^2 = 0.978487593483, ICC = 0.98928868733
Iteration 55: R^2 = 0.961964238218, ICC = 0.980579368937
Iteration 56: R^2 = 0.9625687589, ICC = 0.981262626899
Iteration 57: R^2 = 0.964094976062, ICC = 0.9822621933
Iteration 58: R^2 = 0.954824764545, ICC = 0.976348883792
Iteration 59: R^2 = 0.97471665743, ICC = 0.987603809604
Iteration 60: R^2 = 0.96931813489, ICC = 0.985163566869
Iteration 61: R^2 = 0.974461415773, ICC = 0.987366253996
Iteration 62: R^2 = 0.958108471919, ICC = 0.979483107683
Iteration 63: R^2 = 0.976132496639, ICC = 0.987799754297
Iteration 64: R^2 = 0.951799349923, ICC = 0.976482192878
Iteration 65: R^2 = 0.975286162512, ICC = 0.987571629317
Iteration 66: R^2 = 0.97456606071, ICC = 0.987239862234
Iteration 67: R^2 = 0.970941589693, ICC = 0.985372765911
Iteration 68: R^2 = 0.96385196003, ICC = 0.981741594874
Iteration 69: R^2 = 0.97173155561, ICC = 0.985981310627
Iteration 70: R^2 = 0.947949285176, ICC = 0.973458326968
Iteration 71: R^2 = 0.976064305385, ICC = 0.987849449536
Iteration 72: R^2 = 0.908988073628, ICC = 0.954310072212
Iteration 73: R^2 = 0.966234801761, ICC = 0.98351520961
Iteration 74: R^2 = 0.960542673595, ICC = 0.979935322219
Iteration 75: R^2 = 0.95032219156, ICC = 0.975837282334
Iteration 76: R^2 = 0.930624796971, ICC = 0.965016593293
Iteration 77: R^2 = 0.966640498744, ICC = 0.983716120413
Iteration 78: R^2 = 0.939122634077, ICC = 0.969910777474
Iteration 79: R^2 = 0.966428048746, ICC = 0.983786166659
Iteration 80: R^2 = 0.966463942259, ICC = 0.983695560107
Iteration 81: R^2 = 0.970783235339, ICC = 0.985892066527
Iteration 82: R^2 = 0.9494613972, ICC = 0.975210522852
Iteration 83: R^2 = 0.975818485084, ICC = 0.988028000254
Iteration 84: R^2 = 0.979117569953, ICC = 0.989571176466
Iteration 85: R^2 = 0.963414846196, ICC = 0.982107094258
Iteration 86: R^2 = 0.973573954086, ICC = 0.986840754514
Iteration 87: R^2 = 0.97047394794, ICC = 0.98543892565
Iteration 88: R^2 = 0.966202322665, ICC = 0.982836695306
Iteration 89: R^2 = 0.974149264226, ICC = 0.986989095754
Iteration 90: R^2 = 0.970915223772, ICC = 0.985322642165
Iteration 91: R^2 = 0.967264033735, ICC = 0.983359570406
Iteration 92: R^2 = 0.976659978878, ICC = 0.988707796865
Iteration 93: R^2 = 0.961629362223, ICC = 0.981313899993
Iteration 94: R^2 = 0.967636275365, ICC = 0.983441939804
Iteration 95: R^2 = 0.969181732464, ICC = 0.984586969609
Iteration 96: R^2 = 0.972791835383, ICC = 0.986094879363
Iteration 97: R^2 = 0.962442408772, ICC = 0.981964511422
Iteration 98: R^2 = 0.971455008745, ICC = 0.985407979297
Iteration 99: R^2 = 0.97730884091, ICC = 0.988726283288
R Squared list shape: (100,)
ICC list shape: (100,)
