Running abide_motion_wrapper_JAL.py
Fri Sep 23 12:24:00 EDT 2016
Iteration 0: R^2 = 0.948973922546, ICC = 0.973662240371
Iteration 1: R^2 = 0.964086692412, ICC = 0.982264199095
Iteration 2: R^2 = 0.968281349183, ICC = 0.984033235943
Iteration 3: R^2 = 0.963819673699, ICC = 0.982018364339
Iteration 4: R^2 = 0.95984956175, ICC = 0.980117882021
Iteration 5: R^2 = 0.967723210998, ICC = 0.983868172876
Iteration 6: R^2 = 0.968481446914, ICC = 0.984032666258
Iteration 7: R^2 = 0.95196106748, ICC = 0.974596427863
Iteration 8: R^2 = 0.948604575274, ICC = 0.974980179899
Iteration 9: R^2 = 0.914720436062, ICC = 0.958108109828
Iteration 10: R^2 = 0.939379311941, ICC = 0.970809489131
Iteration 11: R^2 = 0.966087978996, ICC = 0.98300854715
Iteration 12: R^2 = 0.926823703278, ICC = 0.962318942604
Iteration 13: R^2 = 0.947590284218, ICC = 0.975177780829
Iteration 14: R^2 = 0.968379500077, ICC = 0.984483573621
Iteration 15: R^2 = 0.955480892673, ICC = 0.977828464863
Iteration 16: R^2 = 0.96568225842, ICC = 0.982625683755
Iteration 17: R^2 = 0.935301936495, ICC = 0.968430792387
Iteration 18: R^2 = 0.957112767933, ICC = 0.978718245651
Iteration 19: R^2 = 0.958133896373, ICC = 0.978502844086
Iteration 20: R^2 = 0.970732117384, ICC = 0.98547670486
Iteration 21: R^2 = 0.964207878103, ICC = 0.982412946044
Iteration 22: R^2 = 0.969769617422, ICC = 0.984703973472
Iteration 23: R^2 = 0.967156360033, ICC = 0.983163793627
Iteration 24: R^2 = 0.944182773511, ICC = 0.972269097999
Iteration 25: R^2 = 0.939099677862, ICC = 0.968462693013
Iteration 26: R^2 = 0.956499712774, ICC = 0.97879465879
Iteration 27: R^2 = 0.960347658649, ICC = 0.979739436406
Iteration 28: R^2 = 0.970225649959, ICC = 0.98541291708
Iteration 29: R^2 = 0.961087035588, ICC = 0.980027101068
Iteration 30: R^2 = 0.955071465336, ICC = 0.978098795906
Iteration 31: R^2 = 0.944955540749, ICC = 0.971344226851
Iteration 32: R^2 = 0.962942211102, ICC = 0.981295196443
Iteration 33: R^2 = 0.965752432105, ICC = 0.982837460235
Iteration 34: R^2 = 0.963181836683, ICC = 0.981284174769
Iteration 35: R^2 = 0.967208104196, ICC = 0.98307045404
Iteration 36: R^2 = 0.963087116394, ICC = 0.981779501138
Iteration 37: R^2 = 0.956842625764, ICC = 0.978621405212
Iteration 38: R^2 = 0.944451865643, ICC = 0.973874994718
Iteration 39: R^2 = 0.950098216345, ICC = 0.975215748434
Iteration 40: R^2 = 0.944069689908, ICC = 0.971794340734
Iteration 41: R^2 = 0.950729874735, ICC = 0.975823122994
Iteration 42: R^2 = 0.945802529987, ICC = 0.971837128421
Iteration 43: R^2 = 0.962571429468, ICC = 0.980638389273
Iteration 44: R^2 = 0.962806407399, ICC = 0.9816561751
Iteration 45: R^2 = 0.957270192352, ICC = 0.977981270451
Iteration 46: R^2 = 0.96228831615, ICC = 0.98127424397
Iteration 47: R^2 = 0.923492339078, ICC = 0.961692431589
Iteration 48: R^2 = 0.947878899908, ICC = 0.974392801766
Iteration 49: R^2 = 0.964981474105, ICC = 0.982458329885
Iteration 50: R^2 = 0.955859939937, ICC = 0.978000623553
Iteration 51: R^2 = 0.964021796403, ICC = 0.981835076284
Iteration 52: R^2 = 0.96532832511, ICC = 0.982991090461
Iteration 53: R^2 = 0.965183144344, ICC = 0.982200524114
Iteration 54: R^2 = 0.967834322207, ICC = 0.983935084331
Iteration 55: R^2 = 0.974244188476, ICC = 0.98680923973
Iteration 56: R^2 = 0.959699009782, ICC = 0.979637728771
Iteration 57: R^2 = 0.96836111054, ICC = 0.984360060188
Iteration 58: R^2 = 0.952633044963, ICC = 0.976200624205
Iteration 59: R^2 = 0.959380128793, ICC = 0.980346788987
Iteration 60: R^2 = 0.968226684477, ICC = 0.983820957555
Iteration 61: R^2 = 0.937458651346, ICC = 0.969922403644
Iteration 62: R^2 = 0.920832126063, ICC = 0.961958780289
Iteration 63: R^2 = 0.966841004063, ICC = 0.982960433121
Iteration 64: R^2 = 0.964304209777, ICC = 0.982293884399
Iteration 65: R^2 = 0.970149178194, ICC = 0.984913767752
Iteration 66: R^2 = 0.937983110412, ICC = 0.970557802803
Iteration 67: R^2 = 0.961867411762, ICC = 0.981517509605
Iteration 68: R^2 = 0.96844044238, ICC = 0.984056358661
Iteration 69: R^2 = 0.96528423468, ICC = 0.982765348995
Iteration 70: R^2 = 0.9384748396, ICC = 0.970709462254
Iteration 71: R^2 = 0.967239131378, ICC = 0.98418903129
Iteration 72: R^2 = 0.964870674893, ICC = 0.98156496181
Iteration 73: R^2 = 0.958152301835, ICC = 0.979719920245
Iteration 74: R^2 = 0.952092195768, ICC = 0.97708801119
Iteration 75: R^2 = 0.958376339758, ICC = 0.978578987161
Iteration 76: R^2 = 0.965026660393, ICC = 0.982889139583
Iteration 77: R^2 = 0.96712411861, ICC = 0.983540027494
Iteration 78: R^2 = 0.963495252534, ICC = 0.981849836557
Iteration 79: R^2 = 0.968907960511, ICC = 0.984614470025
Iteration 80: R^2 = 0.966069502492, ICC = 0.982958458277
Iteration 81: R^2 = 0.932961948606, ICC = 0.96653767275
Iteration 82: R^2 = 0.959338685405, ICC = 0.979871561909
Iteration 83: R^2 = 0.969982768211, ICC = 0.985048825724
Iteration 84: R^2 = 0.969726889894, ICC = 0.984992429708
Iteration 85: R^2 = 0.969979016057, ICC = 0.984876629059
Iteration 86: R^2 = 0.949794582911, ICC = 0.975497039216
Iteration 87: R^2 = 0.968729524274, ICC = 0.984606840718
Iteration 88: R^2 = 0.96185830403, ICC = 0.981118676728
Iteration 89: R^2 = 0.972666201052, ICC = 0.986136270267
Iteration 90: R^2 = 0.965535519847, ICC = 0.983068062759
Iteration 91: R^2 = 0.965317059119, ICC = 0.982197940124
Iteration 92: R^2 = 0.956025539238, ICC = 0.977033227244
Iteration 93: R^2 = 0.958159381023, ICC = 0.978951701693
Iteration 94: R^2 = 0.958148686372, ICC = 0.978421587163
Iteration 95: R^2 = 0.959332170595, ICC = 0.979598963289
Iteration 96: R^2 = 0.970794848584, ICC = 0.985619765398
Iteration 97: R^2 = 0.960802148852, ICC = 0.981039417367
Iteration 98: R^2 = 0.942859848667, ICC = 0.972696773367
Iteration 99: R^2 = 0.95667361593, ICC = 0.978418558601
R Squared list shape: (100,)
ICC list shape: (100,)
