Running abide_motion_wrapper_JAL.py
Fri Sep 23 12:29:38 EDT 2016
Iteration 0: R^2 = 0.799187132949, ICC = 0.900394965652
Iteration 1: R^2 = 0.752542074162, ICC = 0.883740471537
Iteration 2: R^2 = 0.704280335609, ICC = 0.851291448654
Iteration 3: R^2 = 0.764401440511, ICC = 0.872816998704
Iteration 4: R^2 = 0.766901510052, ICC = 0.886042165176
Iteration 5: R^2 = 0.733064281849, ICC = 0.860322909202
Iteration 6: R^2 = 0.580372690527, ICC = 0.802817537974
Iteration 7: R^2 = 0.769418283703, ICC = 0.883652072616
Iteration 8: R^2 = 0.728803699582, ICC = 0.85483267495
Iteration 9: R^2 = 0.561906341543, ICC = 0.770613758429
Iteration 10: R^2 = 0.789983838657, ICC = 0.901885177552
Iteration 11: R^2 = 0.820578439834, ICC = 0.907960209796
Iteration 12: R^2 = 0.74057062123, ICC = 0.871765494717
Iteration 13: R^2 = 0.597056554139, ICC = 0.805523174413
Iteration 14: R^2 = 0.694996479813, ICC = 0.858933112834
Iteration 15: R^2 = 0.711081322658, ICC = 0.858406839905
Iteration 16: R^2 = 0.718021810666, ICC = 0.86205681143
Iteration 17: R^2 = 0.797439176587, ICC = 0.895758866118
Iteration 18: R^2 = 0.658395766367, ICC = 0.844998088518
Iteration 19: R^2 = 0.461348686811, ICC = 0.774181398159
Iteration 20: R^2 = 0.741992653525, ICC = 0.881927840364
Iteration 21: R^2 = 0.766498504896, ICC = 0.885408091893
Iteration 22: R^2 = 0.765488565351, ICC = 0.875287370289
Iteration 23: R^2 = 0.599937649048, ICC = 0.832097089359
Iteration 24: R^2 = 0.423106168984, ICC = 0.768203962689
Iteration 25: R^2 = 0.734193522354, ICC = 0.86416157069
Iteration 26: R^2 = 0.77599669282, ICC = 0.874290434858
Iteration 27: R^2 = 0.60703390316, ICC = 0.810281013725
Iteration 28: R^2 = 0.822848960321, ICC = 0.90933391159
Iteration 29: R^2 = 0.820404882123, ICC = 0.909702469346
Iteration 30: R^2 = 0.750546683572, ICC = 0.881236315834
Iteration 31: R^2 = 0.682517003853, ICC = 0.856833345513
Iteration 32: R^2 = 0.708465676586, ICC = 0.850189237593
Iteration 33: R^2 = 0.604197815967, ICC = 0.827460546075
Iteration 34: R^2 = 0.534644346957, ICC = 0.794830746912
Iteration 35: R^2 = 0.684109284501, ICC = 0.863035371095
Iteration 36: R^2 = 0.721678489752, ICC = 0.861077282581
Iteration 37: R^2 = 0.704882395818, ICC = 0.864202538672
Iteration 38: R^2 = 0.772526747274, ICC = 0.881144153719
Iteration 39: R^2 = 0.773844354355, ICC = 0.884661791139
Iteration 40: R^2 = 0.695599830737, ICC = 0.852212173622
Iteration 41: R^2 = 0.812280191952, ICC = 0.903608973691
Iteration 42: R^2 = 0.621916439862, ICC = 0.823566355155
Iteration 43: R^2 = 0.804627856924, ICC = 0.901166398227
Iteration 44: R^2 = 0.775060889155, ICC = 0.887350256818
Iteration 45: R^2 = 0.742923145484, ICC = 0.868693176446
Iteration 46: R^2 = 0.672557517179, ICC = 0.84243970888
Iteration 47: R^2 = 0.673402028157, ICC = 0.842087403923
Iteration 48: R^2 = 0.780061145697, ICC = 0.895160013864
Iteration 49: R^2 = 0.756433627683, ICC = 0.883273427286
Iteration 50: R^2 = 0.716456408139, ICC = 0.85768407038
Iteration 51: R^2 = 0.712321585543, ICC = 0.851747128503
Iteration 52: R^2 = 0.575338039299, ICC = 0.776219873386
Iteration 53: R^2 = 0.552712917784, ICC = 0.768338533098
Iteration 54: R^2 = 0.743470477227, ICC = 0.86838700648
Iteration 55: R^2 = 0.474489744022, ICC = 0.734928020819
Iteration 56: R^2 = 0.380293279133, ICC = 0.74130512266
Iteration 57: R^2 = 0.788909804134, ICC = 0.900918957214
Iteration 58: R^2 = 0.683058589547, ICC = 0.842182417308
Iteration 59: R^2 = 0.77766069558, ICC = 0.886158636323
Iteration 60: R^2 = 0.776637760175, ICC = 0.883264944847
Iteration 61: R^2 = 0.797423108609, ICC = 0.908206039136
Iteration 62: R^2 = 0.812170496283, ICC = 0.905139412154
Iteration 63: R^2 = 0.669663648213, ICC = 0.851592138458
Iteration 64: R^2 = 0.731001519366, ICC = 0.879088567726
Iteration 65: R^2 = 0.768003976398, ICC = 0.875544342266
Iteration 66: R^2 = 0.659428289903, ICC = 0.847232279249
Iteration 67: R^2 = 0.773774662501, ICC = 0.888412080008
Iteration 68: R^2 = 0.785593585244, ICC = 0.896252209096
Iteration 69: R^2 = 0.701997711981, ICC = 0.850386373503
Iteration 70: R^2 = 0.719852048472, ICC = 0.855724700857
Iteration 71: R^2 = 0.71675734791, ICC = 0.874213905849
Iteration 72: R^2 = 0.803817908587, ICC = 0.897613737862
Iteration 73: R^2 = 0.78273553877, ICC = 0.899274951414
Iteration 74: R^2 = 0.527351396078, ICC = 0.789597691238
Iteration 75: R^2 = 0.65413052387, ICC = 0.845413562755
Iteration 76: R^2 = 0.735967092925, ICC = 0.865300225554
Iteration 77: R^2 = 0.782502187762, ICC = 0.881638152276
Iteration 78: R^2 = 0.602618926536, ICC = 0.822891809075
Iteration 79: R^2 = 0.757813875997, ICC = 0.882384717035
Iteration 80: R^2 = 0.591727496651, ICC = 0.775055094174
Iteration 81: R^2 = 0.696516460602, ICC = 0.857170541789
Iteration 82: R^2 = 0.810951214444, ICC = 0.905128742084
Iteration 83: R^2 = 0.610808566802, ICC = 0.825792399015
Iteration 84: R^2 = 0.771405665046, ICC = 0.884151999442
Iteration 85: R^2 = 0.662871237645, ICC = 0.822544767561
Iteration 86: R^2 = 0.759829263857, ICC = 0.878167023718
Iteration 87: R^2 = 0.544972995659, ICC = 0.788155186443
Iteration 88: R^2 = 0.558001991056, ICC = 0.802210927209
Iteration 89: R^2 = 0.762250646976, ICC = 0.885647829247
Iteration 90: R^2 = 0.730871297045, ICC = 0.871934082372
Iteration 91: R^2 = 0.716434540197, ICC = 0.853425588077
Iteration 92: R^2 = 0.682330478026, ICC = 0.84675560975
Iteration 93: R^2 = 0.781491331934, ICC = 0.889046976702
Iteration 94: R^2 = 0.805671808719, ICC = 0.903848099261
Iteration 95: R^2 = 0.585778330526, ICC = 0.772242263202
Iteration 96: R^2 = 0.524722243364, ICC = 0.778497146528
Iteration 97: R^2 = 0.779114855003, ICC = 0.890247818374
Iteration 98: R^2 = 0.675402379341, ICC = 0.82746570595
Iteration 99: R^2 = 0.551749536035, ICC = 0.793516743546
R Squared list shape: (100,)
ICC list shape: (100,)
