Running abide_motion_wrapper_JAL.py
Fri Sep 23 12:27:42 EDT 2016
Iteration 0: R^2 = 0.954103978425, ICC = 0.977215129434
Iteration 1: R^2 = 0.966624586655, ICC = 0.983039906014
Iteration 2: R^2 = 0.949227504979, ICC = 0.975624998248
Iteration 3: R^2 = 0.969568885386, ICC = 0.98515803171
Iteration 4: R^2 = 0.963208418026, ICC = 0.981518485644
Iteration 5: R^2 = 0.931492625059, ICC = 0.967306736881
Iteration 6: R^2 = 0.9690486784, ICC = 0.984008914425
Iteration 7: R^2 = 0.967954616913, ICC = 0.983796413849
Iteration 8: R^2 = 0.969043802683, ICC = 0.984062796993
Iteration 9: R^2 = 0.96963817345, ICC = 0.984665195451
Iteration 10: R^2 = 0.965281730791, ICC = 0.981969603344
Iteration 11: R^2 = 0.930380152079, ICC = 0.966821020895
Iteration 12: R^2 = 0.926561363008, ICC = 0.963876481549
Iteration 13: R^2 = 0.973477790658, ICC = 0.986999341791
Iteration 14: R^2 = 0.955381302165, ICC = 0.97729772566
Iteration 15: R^2 = 0.97305925724, ICC = 0.986073646306
Iteration 16: R^2 = 0.953883748414, ICC = 0.977180404815
Iteration 17: R^2 = 0.964727666288, ICC = 0.982588179528
Iteration 18: R^2 = 0.95439209742, ICC = 0.978078987528
Iteration 19: R^2 = 0.928458085521, ICC = 0.965613612791
Iteration 20: R^2 = 0.96815350603, ICC = 0.983380177053
Iteration 21: R^2 = 0.939767347309, ICC = 0.970668204721
Iteration 22: R^2 = 0.956018357177, ICC = 0.978370649717
Iteration 23: R^2 = 0.949365899747, ICC = 0.97566472332
Iteration 24: R^2 = 0.958321746099, ICC = 0.978729259897
Iteration 25: R^2 = 0.97279273853, ICC = 0.986417628432
Iteration 26: R^2 = 0.938200390343, ICC = 0.967931059307
Iteration 27: R^2 = 0.959888956765, ICC = 0.980316355445
Iteration 28: R^2 = 0.960577480263, ICC = 0.979984291954
Iteration 29: R^2 = 0.963576246801, ICC = 0.981457605649
Iteration 30: R^2 = 0.965200249888, ICC = 0.982486381054
Iteration 31: R^2 = 0.961997985891, ICC = 0.981131829482
Iteration 32: R^2 = 0.921390479948, ICC = 0.961120353982
Iteration 33: R^2 = 0.971120696914, ICC = 0.985840667644
Iteration 34: R^2 = 0.952938009935, ICC = 0.976770883884
Iteration 35: R^2 = 0.967918839637, ICC = 0.983525828546
Iteration 36: R^2 = 0.970938650926, ICC = 0.985288530608
Iteration 37: R^2 = 0.965043202381, ICC = 0.982638474273
Iteration 38: R^2 = 0.957923724697, ICC = 0.978648743541
Iteration 39: R^2 = 0.959930954843, ICC = 0.979859658813
Iteration 40: R^2 = 0.94792991649, ICC = 0.97364909794
Iteration 41: R^2 = 0.962562090978, ICC = 0.981646495213
Iteration 42: R^2 = 0.964281560773, ICC = 0.982460344124
Iteration 43: R^2 = 0.962294639923, ICC = 0.981442143016
Iteration 44: R^2 = 0.919968430796, ICC = 0.959371637788
Iteration 45: R^2 = 0.87504436474, ICC = 0.937038319897
Iteration 46: R^2 = 0.96909307351, ICC = 0.984775574478
Iteration 47: R^2 = 0.948664060004, ICC = 0.973486985913
Iteration 48: R^2 = 0.941651363581, ICC = 0.970145008226
Iteration 49: R^2 = 0.962903654389, ICC = 0.981379455361
Iteration 50: R^2 = 0.941911696735, ICC = 0.972639350235
Iteration 51: R^2 = 0.972514321622, ICC = 0.986347460025
Iteration 52: R^2 = 0.954906354677, ICC = 0.977117696385
Iteration 53: R^2 = 0.947440299513, ICC = 0.974226211373
Iteration 54: R^2 = 0.959363460369, ICC = 0.979763712522
Iteration 55: R^2 = 0.95838028321, ICC = 0.979581470836
Iteration 56: R^2 = 0.951759986898, ICC = 0.975396977679
Iteration 57: R^2 = 0.964363357484, ICC = 0.981529792192
Iteration 58: R^2 = 0.963965281781, ICC = 0.982385378925
Iteration 59: R^2 = 0.961562858229, ICC = 0.981003779383
Iteration 60: R^2 = 0.962657701526, ICC = 0.981658452042
Iteration 61: R^2 = 0.963506461416, ICC = 0.982430983385
Iteration 62: R^2 = 0.923933232014, ICC = 0.96170699995
Iteration 63: R^2 = 0.967435627622, ICC = 0.984470989897
Iteration 64: R^2 = 0.959275738535, ICC = 0.979804328941
Iteration 65: R^2 = 0.968828877643, ICC = 0.984195178273
Iteration 66: R^2 = 0.959761360887, ICC = 0.980469389899
Iteration 67: R^2 = 0.94390405619, ICC = 0.972197034249
Iteration 68: R^2 = 0.950379121513, ICC = 0.975754129388
Iteration 69: R^2 = 0.963821832699, ICC = 0.981664967334
Iteration 70: R^2 = 0.967853455695, ICC = 0.984362785866
Iteration 71: R^2 = 0.960825424162, ICC = 0.980620404823
Iteration 72: R^2 = 0.972987669932, ICC = 0.98625915793
Iteration 73: R^2 = 0.961725350639, ICC = 0.98155750999
Iteration 74: R^2 = 0.95340976341, ICC = 0.976585427253
Iteration 75: R^2 = 0.935651065451, ICC = 0.967143665043
Iteration 76: R^2 = 0.9609965169, ICC = 0.980178618972
Iteration 77: R^2 = 0.968077662209, ICC = 0.984456961543
Iteration 78: R^2 = 0.960166027245, ICC = 0.980330608222
Iteration 79: R^2 = 0.908891919684, ICC = 0.955920265363
Iteration 80: R^2 = 0.951343325911, ICC = 0.976075682824
Iteration 81: R^2 = 0.967498926002, ICC = 0.98394086358
Iteration 82: R^2 = 0.958659260847, ICC = 0.979359650438
Iteration 83: R^2 = 0.961493724308, ICC = 0.979873355004
Iteration 84: R^2 = 0.9645048103, ICC = 0.982685159924
Iteration 85: R^2 = 0.967761066497, ICC = 0.983873613176
Iteration 86: R^2 = 0.90944324858, ICC = 0.955585408953
Iteration 87: R^2 = 0.957237729458, ICC = 0.978511348842
Iteration 88: R^2 = 0.939397863913, ICC = 0.971030076074
Iteration 89: R^2 = 0.957245837734, ICC = 0.979120131987
Iteration 90: R^2 = 0.973400414872, ICC = 0.986718586951
Iteration 91: R^2 = 0.95966265659, ICC = 0.980359645618
Iteration 92: R^2 = 0.960454875951, ICC = 0.980145191014
Iteration 93: R^2 = 0.966220190515, ICC = 0.982423905646
Iteration 94: R^2 = 0.957080934808, ICC = 0.978457606037
Iteration 95: R^2 = 0.96798735745, ICC = 0.983895953844
Iteration 96: R^2 = 0.964266137382, ICC = 0.982127577974
Iteration 97: R^2 = 0.967916020719, ICC = 0.983840430592
Iteration 98: R^2 = 0.954627734569, ICC = 0.977594337742
Iteration 99: R^2 = 0.96339235302, ICC = 0.982056087176
R Squared list shape: (100,)
ICC list shape: (100,)
