Running abide_motion_wrapper_JAL.py
Fri Sep 23 12:29:23 EDT 2016
Iteration 0: R^2 = 0.906255903878, ICC = 0.95604657708
Iteration 1: R^2 = 0.946502314691, ICC = 0.973376628043
Iteration 2: R^2 = 0.938958105815, ICC = 0.969735857393
Iteration 3: R^2 = 0.9195746172, ICC = 0.962684935364
Iteration 4: R^2 = 0.911485085963, ICC = 0.955049980349
Iteration 5: R^2 = 0.916637789802, ICC = 0.956023227907
Iteration 6: R^2 = 0.945660755723, ICC = 0.97261563572
Iteration 7: R^2 = 0.913030166918, ICC = 0.957382181627
Iteration 8: R^2 = 0.928773376304, ICC = 0.965271698876
Iteration 9: R^2 = 0.947665835414, ICC = 0.973164733195
Iteration 10: R^2 = 0.926107794256, ICC = 0.963953500484
Iteration 11: R^2 = 0.923199433403, ICC = 0.96069144342
Iteration 12: R^2 = 0.946066974197, ICC = 0.972577916367
Iteration 13: R^2 = 0.931465434694, ICC = 0.965716404203
Iteration 14: R^2 = 0.935537418043, ICC = 0.9670166288
Iteration 15: R^2 = 0.932710024199, ICC = 0.965574570154
Iteration 16: R^2 = 0.932673507913, ICC = 0.964256186073
Iteration 17: R^2 = 0.948527209459, ICC = 0.974066613603
Iteration 18: R^2 = 0.928898127829, ICC = 0.966588548534
Iteration 19: R^2 = 0.936429176374, ICC = 0.968444572132
Iteration 20: R^2 = 0.922913871883, ICC = 0.961455577829
Iteration 21: R^2 = 0.948002916446, ICC = 0.974639526929
Iteration 22: R^2 = 0.929340743163, ICC = 0.96238906884
Iteration 23: R^2 = 0.937181450724, ICC = 0.966756094322
Iteration 24: R^2 = 0.941391321182, ICC = 0.971873471396
Iteration 25: R^2 = 0.939320219412, ICC = 0.970238415664
Iteration 26: R^2 = 0.942899566315, ICC = 0.97057703367
Iteration 27: R^2 = 0.945171060176, ICC = 0.973251383909
Iteration 28: R^2 = 0.89752804842, ICC = 0.947582457033
Iteration 29: R^2 = 0.937757081413, ICC = 0.969767108923
Iteration 30: R^2 = 0.917550074051, ICC = 0.957226772715
Iteration 31: R^2 = 0.931626977539, ICC = 0.966281126919
Iteration 32: R^2 = 0.92372546372, ICC = 0.961747891947
Iteration 33: R^2 = 0.880059727761, ICC = 0.935264064869
Iteration 34: R^2 = 0.925237281024, ICC = 0.961576487575
Iteration 35: R^2 = 0.928404400718, ICC = 0.96299974425
Iteration 36: R^2 = 0.946603612514, ICC = 0.972762137275
Iteration 37: R^2 = 0.933587367215, ICC = 0.967506796743
Iteration 38: R^2 = 0.877072075576, ICC = 0.939288536148
Iteration 39: R^2 = 0.905050151002, ICC = 0.949255854597
Iteration 40: R^2 = 0.945553389662, ICC = 0.97258440796
Iteration 41: R^2 = 0.947330213363, ICC = 0.974248000509
Iteration 42: R^2 = 0.933756822175, ICC = 0.96615978396
Iteration 43: R^2 = 0.937898878991, ICC = 0.96858289217
Iteration 44: R^2 = 0.882526088607, ICC = 0.939044637579
Iteration 45: R^2 = 0.910219117146, ICC = 0.95537660609
Iteration 46: R^2 = 0.94257323143, ICC = 0.970028934419
Iteration 47: R^2 = 0.927697246308, ICC = 0.964139275374
Iteration 48: R^2 = 0.906261797678, ICC = 0.952771671322
Iteration 49: R^2 = 0.934895455851, ICC = 0.965890600094
Iteration 50: R^2 = 0.918369760255, ICC = 0.958252640893
Iteration 51: R^2 = 0.932398664783, ICC = 0.967293577961
Iteration 52: R^2 = 0.892167030919, ICC = 0.945351885657
Iteration 53: R^2 = 0.932425461701, ICC = 0.966091174396
Iteration 54: R^2 = 0.934181517225, ICC = 0.967867285548
Iteration 55: R^2 = 0.738957804219, ICC = 0.88193372435
Iteration 56: R^2 = 0.889131796318, ICC = 0.949169158313
Iteration 57: R^2 = 0.931055650294, ICC = 0.964224264527
Iteration 58: R^2 = 0.941844032453, ICC = 0.970076962635
Iteration 59: R^2 = 0.941843021875, ICC = 0.970648059031
Iteration 60: R^2 = 0.947151104366, ICC = 0.973593395649
Iteration 61: R^2 = 0.923744672323, ICC = 0.961073310347
Iteration 62: R^2 = 0.821375213529, ICC = 0.916499841006
Iteration 63: R^2 = 0.944731428704, ICC = 0.972770182996
Iteration 64: R^2 = 0.941478628512, ICC = 0.970571799811
Iteration 65: R^2 = 0.936767414223, ICC = 0.968319662615
Iteration 66: R^2 = 0.932120058447, ICC = 0.966273275927
Iteration 67: R^2 = 0.948995423512, ICC = 0.975147575171
Iteration 68: R^2 = 0.923622825601, ICC = 0.960062474284
Iteration 69: R^2 = 0.951706872322, ICC = 0.975765288981
Iteration 70: R^2 = 0.929819724019, ICC = 0.965447905015
Iteration 71: R^2 = 0.943358709766, ICC = 0.972184581693
Iteration 72: R^2 = 0.948139531305, ICC = 0.974302068481
Iteration 73: R^2 = 0.938889159316, ICC = 0.969009584891
Iteration 74: R^2 = 0.945393228804, ICC = 0.972618550555
Iteration 75: R^2 = 0.943326897498, ICC = 0.972187302698
Iteration 76: R^2 = 0.895534302293, ICC = 0.946858508002
Iteration 77: R^2 = 0.932659697303, ICC = 0.965897882991
Iteration 78: R^2 = 0.939816897865, ICC = 0.97012022068
Iteration 79: R^2 = 0.920105601138, ICC = 0.961786340573
Iteration 80: R^2 = 0.897558914553, ICC = 0.949537133058
Iteration 81: R^2 = 0.941995285567, ICC = 0.971504447831
Iteration 82: R^2 = 0.940171546159, ICC = 0.968914763902
Iteration 83: R^2 = 0.918033072265, ICC = 0.958386400107
Iteration 84: R^2 = 0.928242719248, ICC = 0.96530701601
Iteration 85: R^2 = 0.943296854396, ICC = 0.973375674021
Iteration 86: R^2 = 0.915428800279, ICC = 0.954422786037
Iteration 87: R^2 = 0.920146913278, ICC = 0.961930342091
Iteration 88: R^2 = 0.876882131895, ICC = 0.935821754138
Iteration 89: R^2 = 0.943513791627, ICC = 0.972430875421
Iteration 90: R^2 = 0.921840504829, ICC = 0.960556193286
Iteration 91: R^2 = 0.91687080181, ICC = 0.956369324106
Iteration 92: R^2 = 0.941850123623, ICC = 0.970989573129
Iteration 93: R^2 = 0.910940962287, ICC = 0.95345321924
Iteration 94: R^2 = 0.89283491194, ICC = 0.951239847948
Iteration 95: R^2 = 0.947981057262, ICC = 0.974029590951
Iteration 96: R^2 = 0.933604813535, ICC = 0.967517053113
Iteration 97: R^2 = 0.939531453633, ICC = 0.968593031473
Iteration 98: R^2 = 0.93426800598, ICC = 0.967380093397
Iteration 99: R^2 = 0.93935822221, ICC = 0.969844132468
R Squared list shape: (100,)
ICC list shape: (100,)
