Running abide_motion_wrapper_JAL.py
Fri Sep 23 12:27:42 EDT 2016
Iteration 0: R^2 = 0.938239055735, ICC = 0.968797403736
Iteration 1: R^2 = 0.941444790689, ICC = 0.97022252007
Iteration 2: R^2 = 0.886764113786, ICC = 0.939709854785
Iteration 3: R^2 = 0.932217858973, ICC = 0.967078240046
Iteration 4: R^2 = 0.950413964366, ICC = 0.97516584766
Iteration 5: R^2 = 0.884571807277, ICC = 0.941702732211
Iteration 6: R^2 = 0.912152348738, ICC = 0.955720891938
Iteration 7: R^2 = 0.936939955825, ICC = 0.969821059271
Iteration 8: R^2 = 0.936364819791, ICC = 0.969033693392
Iteration 9: R^2 = 0.937571981117, ICC = 0.969205510149
Iteration 10: R^2 = 0.925483983247, ICC = 0.9607276528
Iteration 11: R^2 = 0.938376872162, ICC = 0.968974464084
Iteration 12: R^2 = 0.935565063995, ICC = 0.967415921057
Iteration 13: R^2 = 0.90567248101, ICC = 0.952451726033
Iteration 14: R^2 = 0.947102259908, ICC = 0.97334329906
Iteration 15: R^2 = 0.932150694237, ICC = 0.966209553778
Iteration 16: R^2 = 0.855231115686, ICC = 0.931822864236
Iteration 17: R^2 = 0.909126777196, ICC = 0.955247886334
Iteration 18: R^2 = 0.94124724202, ICC = 0.970106433807
Iteration 19: R^2 = 0.910406983936, ICC = 0.952693013545
Iteration 20: R^2 = 0.935837888451, ICC = 0.968422954282
Iteration 21: R^2 = 0.901895998539, ICC = 0.952916417783
Iteration 22: R^2 = 0.934360325257, ICC = 0.967057302161
Iteration 23: R^2 = 0.940056147622, ICC = 0.969914306011
Iteration 24: R^2 = 0.936817541594, ICC = 0.968560764266
Iteration 25: R^2 = 0.948450663998, ICC = 0.974923572013
Iteration 26: R^2 = 0.930226366478, ICC = 0.963843474524
Iteration 27: R^2 = 0.931547555427, ICC = 0.965780470846
Iteration 28: R^2 = 0.91164600187, ICC = 0.952696181834
Iteration 29: R^2 = 0.873573536058, ICC = 0.938917971301
Iteration 30: R^2 = 0.938665403132, ICC = 0.970808419684
Iteration 31: R^2 = 0.896132037921, ICC = 0.951091969044
Iteration 32: R^2 = 0.942457416786, ICC = 0.970787165169
Iteration 33: R^2 = 0.941755989567, ICC = 0.971372407099
Iteration 34: R^2 = 0.935113363021, ICC = 0.967521226867
Iteration 35: R^2 = 0.926591428551, ICC = 0.963380039366
Iteration 36: R^2 = 0.928455243689, ICC = 0.965022262735
Iteration 37: R^2 = 0.943358488527, ICC = 0.972474347547
Iteration 38: R^2 = 0.940606733308, ICC = 0.971007617452
Iteration 39: R^2 = 0.922166574617, ICC = 0.957750037874
Iteration 40: R^2 = 0.936989420939, ICC = 0.968219317687
Iteration 41: R^2 = 0.941366176998, ICC = 0.971126024799
Iteration 42: R^2 = 0.924121951939, ICC = 0.962144803668
Iteration 43: R^2 = 0.86438923359, ICC = 0.936985881239
Iteration 44: R^2 = 0.939846963573, ICC = 0.969624920635
Iteration 45: R^2 = 0.936103253523, ICC = 0.966599619966
Iteration 46: R^2 = 0.935130992162, ICC = 0.969232571071
Iteration 47: R^2 = 0.867419648999, ICC = 0.93631405659
Iteration 48: R^2 = 0.938881277579, ICC = 0.969220100048
Iteration 49: R^2 = 0.921237170763, ICC = 0.959867334181
Iteration 50: R^2 = 0.944379782905, ICC = 0.971090882131
Iteration 51: R^2 = 0.951104383413, ICC = 0.975679703503
Iteration 52: R^2 = 0.950455253567, ICC = 0.974525988255
Iteration 53: R^2 = 0.789433867538, ICC = 0.910837574527
Iteration 54: R^2 = 0.917088965507, ICC = 0.959629099806
Iteration 55: R^2 = 0.929812519864, ICC = 0.964238260408
Iteration 56: R^2 = 0.927687688675, ICC = 0.96361481406
Iteration 57: R^2 = 0.922822941422, ICC = 0.962869217237
Iteration 58: R^2 = 0.924807507237, ICC = 0.963528617336
Iteration 59: R^2 = 0.945228986032, ICC = 0.972079912232
Iteration 60: R^2 = 0.864663111629, ICC = 0.935035677509
Iteration 61: R^2 = 0.901136124059, ICC = 0.950069912191
Iteration 62: R^2 = 0.921015152712, ICC = 0.959988581631
Iteration 63: R^2 = 0.863976150198, ICC = 0.935227540903
Iteration 64: R^2 = 0.946489540046, ICC = 0.973008372684
Iteration 65: R^2 = 0.89131041526, ICC = 0.94947023526
Iteration 66: R^2 = 0.930412434677, ICC = 0.964273602732
Iteration 67: R^2 = 0.915418796674, ICC = 0.957790367962
Iteration 68: R^2 = 0.909560106253, ICC = 0.95580538363
Iteration 69: R^2 = 0.860886052509, ICC = 0.927518697464
Iteration 70: R^2 = 0.945661977642, ICC = 0.972766737203
Iteration 71: R^2 = 0.926202002303, ICC = 0.961566518366
Iteration 72: R^2 = 0.917706624487, ICC = 0.957851368235
Iteration 73: R^2 = 0.932142660087, ICC = 0.965427136766
Iteration 74: R^2 = 0.954636663335, ICC = 0.976615171374
Iteration 75: R^2 = 0.951870629326, ICC = 0.975584035563
Iteration 76: R^2 = 0.939369191663, ICC = 0.9686285804
Iteration 77: R^2 = 0.868362894449, ICC = 0.937233288486
Iteration 78: R^2 = 0.932913532419, ICC = 0.966782847555
Iteration 79: R^2 = 0.945349582945, ICC = 0.973264911933
Iteration 80: R^2 = 0.944107198707, ICC = 0.971893064829
Iteration 81: R^2 = 0.946818961065, ICC = 0.97296839777
Iteration 82: R^2 = 0.800203979731, ICC = 0.910834014355
Iteration 83: R^2 = 0.921722687208, ICC = 0.962031952437
Iteration 84: R^2 = 0.893514601071, ICC = 0.948719440112
Iteration 85: R^2 = 0.938213294149, ICC = 0.967525328516
Iteration 86: R^2 = 0.915165273105, ICC = 0.95607015372
Iteration 87: R^2 = 0.938018410726, ICC = 0.969026052425
Iteration 88: R^2 = 0.85381088998, ICC = 0.929347268665
Iteration 89: R^2 = 0.933396293084, ICC = 0.965232398385
Iteration 90: R^2 = 0.940055752274, ICC = 0.969678845401
Iteration 91: R^2 = 0.914819673995, ICC = 0.95829434981
Iteration 92: R^2 = 0.90818047108, ICC = 0.955883018803
Iteration 93: R^2 = 0.909316383091, ICC = 0.954873025929
Iteration 94: R^2 = 0.879810073292, ICC = 0.93903177726
Iteration 95: R^2 = 0.94234736142, ICC = 0.971205038607
Iteration 96: R^2 = 0.940649736974, ICC = 0.970531938355
Iteration 97: R^2 = 0.941553409376, ICC = 0.971016556599
Iteration 98: R^2 = 0.897294266706, ICC = 0.945415777481
Iteration 99: R^2 = 0.943366422702, ICC = 0.971796522496
R Squared list shape: (100,)
ICC list shape: (100,)
