Running abide_motion_wrapper_JAL.py
Fri Sep 23 12:26:51 EDT 2016
Iteration 0: R^2 = 0.969038594202, ICC = 0.984199704078
Iteration 1: R^2 = 0.972092623137, ICC = 0.98599363752
Iteration 2: R^2 = 0.97184879986, ICC = 0.986209498538
Iteration 3: R^2 = 0.960708176479, ICC = 0.98032312693
Iteration 4: R^2 = 0.970827873491, ICC = 0.985505345733
Iteration 5: R^2 = 0.97488564294, ICC = 0.987730403525
Iteration 6: R^2 = 0.946248336853, ICC = 0.97242275198
Iteration 7: R^2 = 0.969995706586, ICC = 0.984500232849
Iteration 8: R^2 = 0.972578504643, ICC = 0.986224539702
Iteration 9: R^2 = 0.959268234468, ICC = 0.979698158941
Iteration 10: R^2 = 0.969891264541, ICC = 0.985228379607
Iteration 11: R^2 = 0.976761084657, ICC = 0.988163544206
Iteration 12: R^2 = 0.981943918102, ICC = 0.991083775213
Iteration 13: R^2 = 0.964423137441, ICC = 0.982371290153
Iteration 14: R^2 = 0.950996938912, ICC = 0.97488732485
Iteration 15: R^2 = 0.981940872783, ICC = 0.991004678777
Iteration 16: R^2 = 0.977280395009, ICC = 0.988613547526
Iteration 17: R^2 = 0.976508498719, ICC = 0.988425874661
Iteration 18: R^2 = 0.962186394987, ICC = 0.981187753227
Iteration 19: R^2 = 0.962831255452, ICC = 0.98175963114
Iteration 20: R^2 = 0.979391036961, ICC = 0.989897721904
Iteration 21: R^2 = 0.974717875942, ICC = 0.987333044678
Iteration 22: R^2 = 0.969609370927, ICC = 0.985169023706
Iteration 23: R^2 = 0.948184481326, ICC = 0.974499465727
Iteration 24: R^2 = 0.957537031162, ICC = 0.978538947962
Iteration 25: R^2 = 0.928631161418, ICC = 0.965775880632
Iteration 26: R^2 = 0.960686439633, ICC = 0.979839773327
Iteration 27: R^2 = 0.979400989041, ICC = 0.989775685327
Iteration 28: R^2 = 0.974143832783, ICC = 0.987280306901
Iteration 29: R^2 = 0.975225370983, ICC = 0.987318381828
Iteration 30: R^2 = 0.97507743293, ICC = 0.987074908176
Iteration 31: R^2 = 0.954592608751, ICC = 0.976963479905
Iteration 32: R^2 = 0.971542236563, ICC = 0.985416703123
Iteration 33: R^2 = 0.922633034387, ICC = 0.963856969308
Iteration 34: R^2 = 0.976836028156, ICC = 0.988799071093
Iteration 35: R^2 = 0.977824912861, ICC = 0.98893760188
Iteration 36: R^2 = 0.974599211467, ICC = 0.987433653803
Iteration 37: R^2 = 0.963229152257, ICC = 0.981425827963
Iteration 38: R^2 = 0.965223793448, ICC = 0.983183931499
Iteration 39: R^2 = 0.976695933175, ICC = 0.988487732549
Iteration 40: R^2 = 0.976325329301, ICC = 0.987778934108
Iteration 41: R^2 = 0.979112970166, ICC = 0.989602439717
Iteration 42: R^2 = 0.975054676861, ICC = 0.987110078477
Iteration 43: R^2 = 0.963701404009, ICC = 0.981899694087
Iteration 44: R^2 = 0.977274774463, ICC = 0.988967627957
Iteration 45: R^2 = 0.969835624679, ICC = 0.985174310558
Iteration 46: R^2 = 0.967827709769, ICC = 0.98352126788
Iteration 47: R^2 = 0.921526009044, ICC = 0.960113550921
Iteration 48: R^2 = 0.975162075339, ICC = 0.987686046938
Iteration 49: R^2 = 0.961569408366, ICC = 0.981155190812
Iteration 50: R^2 = 0.981775619461, ICC = 0.990751378884
Iteration 51: R^2 = 0.977366638069, ICC = 0.988575006452
Iteration 52: R^2 = 0.973881847623, ICC = 0.98697261221
Iteration 53: R^2 = 0.952694146807, ICC = 0.976538657985
Iteration 54: R^2 = 0.965268503313, ICC = 0.982886051254
Iteration 55: R^2 = 0.973679672966, ICC = 0.987178464141
Iteration 56: R^2 = 0.980030746454, ICC = 0.990025628644
Iteration 57: R^2 = 0.971981131518, ICC = 0.985851842069
Iteration 58: R^2 = 0.979752508488, ICC = 0.989979405615
Iteration 59: R^2 = 0.970819007532, ICC = 0.985079728184
Iteration 60: R^2 = 0.917985539347, ICC = 0.958585626153
Iteration 61: R^2 = 0.976772053621, ICC = 0.988572615937
Iteration 62: R^2 = 0.929689792372, ICC = 0.966549910226
Iteration 63: R^2 = 0.920517635235, ICC = 0.96301048394
Iteration 64: R^2 = 0.961885065354, ICC = 0.980993954284
Iteration 65: R^2 = 0.977550296653, ICC = 0.988823772092
Iteration 66: R^2 = 0.953032525845, ICC = 0.97728803637
Iteration 67: R^2 = 0.973261771669, ICC = 0.986667122263
Iteration 68: R^2 = 0.937839222608, ICC = 0.970574187993
Iteration 69: R^2 = 0.976054661815, ICC = 0.988207340726
Iteration 70: R^2 = 0.979291307136, ICC = 0.989536294604
Iteration 71: R^2 = 0.972672876842, ICC = 0.986275885444
Iteration 72: R^2 = 0.978183956731, ICC = 0.989024424107
Iteration 73: R^2 = 0.955460536494, ICC = 0.978137767749
Iteration 74: R^2 = 0.960112169541, ICC = 0.979190957721
Iteration 75: R^2 = 0.975162966067, ICC = 0.987518899036
Iteration 76: R^2 = 0.944963563847, ICC = 0.972341378699
Iteration 77: R^2 = 0.97615359169, ICC = 0.987912951545
Iteration 78: R^2 = 0.970204337158, ICC = 0.984663530784
Iteration 79: R^2 = 0.979583655334, ICC = 0.989534757047
Iteration 80: R^2 = 0.964748080647, ICC = 0.98205544403
Iteration 81: R^2 = 0.974241666473, ICC = 0.987181786009
Iteration 82: R^2 = 0.956457831642, ICC = 0.978060956046
Iteration 83: R^2 = 0.975156901192, ICC = 0.987625825522
Iteration 84: R^2 = 0.972091651877, ICC = 0.986434861768
Iteration 85: R^2 = 0.947496001876, ICC = 0.974583623621
Iteration 86: R^2 = 0.943918741357, ICC = 0.971402087593
Iteration 87: R^2 = 0.96788960313, ICC = 0.983873198649
Iteration 88: R^2 = 0.977152551406, ICC = 0.988453258828
Iteration 89: R^2 = 0.973260814983, ICC = 0.986688683163
Iteration 90: R^2 = 0.923638331799, ICC = 0.964070004834
Iteration 91: R^2 = 0.971234418795, ICC = 0.98611441737
Iteration 92: R^2 = 0.967698954361, ICC = 0.983495086276
Iteration 93: R^2 = 0.975346352662, ICC = 0.987608049796
Iteration 94: R^2 = 0.967963679562, ICC = 0.984478912553
Iteration 95: R^2 = 0.970499571921, ICC = 0.985619080431
Iteration 96: R^2 = 0.970446750753, ICC = 0.985300752617
Iteration 97: R^2 = 0.960789010709, ICC = 0.979857836466
Iteration 98: R^2 = 0.967204570447, ICC = 0.983425390256
Iteration 99: R^2 = 0.979083090523, ICC = 0.989713688634
R Squared list shape: (100,)
ICC list shape: (100,)
