Running abide_motion_wrapper_JAL.py
Fri Sep 23 12:26:51 EDT 2016
Iteration 0: R^2 = 0.8790826755, ICC = 0.934897845339
Iteration 1: R^2 = 0.78677873769, ICC = 0.893771576225
Iteration 2: R^2 = 0.839613836213, ICC = 0.923775374544
Iteration 3: R^2 = 0.87722581029, ICC = 0.940914526149
Iteration 4: R^2 = 0.797010416958, ICC = 0.893196964851
Iteration 5: R^2 = 0.889118105165, ICC = 0.944241117823
Iteration 6: R^2 = 0.901339915923, ICC = 0.951368147941
Iteration 7: R^2 = 0.879185208339, ICC = 0.938225465176
Iteration 8: R^2 = 0.896865547155, ICC = 0.948851786683
Iteration 9: R^2 = 0.869598791748, ICC = 0.938205554758
Iteration 10: R^2 = 0.900971046826, ICC = 0.947866965544
Iteration 11: R^2 = 0.888647143872, ICC = 0.943674677238
Iteration 12: R^2 = 0.854529052113, ICC = 0.925493898622
Iteration 13: R^2 = 0.825560790753, ICC = 0.912169726384
Iteration 14: R^2 = 0.809497950939, ICC = 0.909507670337
Iteration 15: R^2 = 0.868478708562, ICC = 0.936146344625
Iteration 16: R^2 = 0.906177102715, ICC = 0.953797631707
Iteration 17: R^2 = 0.825951009061, ICC = 0.917596692687
Iteration 18: R^2 = 0.821380698689, ICC = 0.914624851172
Iteration 19: R^2 = 0.878798978518, ICC = 0.938980274254
Iteration 20: R^2 = 0.888580320239, ICC = 0.943856625398
Iteration 21: R^2 = 0.895026974927, ICC = 0.948489894043
Iteration 22: R^2 = 0.892151626524, ICC = 0.94500399326
Iteration 23: R^2 = 0.823208670982, ICC = 0.910523447203
Iteration 24: R^2 = 0.848294184088, ICC = 0.918032188503
Iteration 25: R^2 = 0.880851993613, ICC = 0.939429328391
Iteration 26: R^2 = 0.848576796831, ICC = 0.927228541504
Iteration 27: R^2 = 0.851942888892, ICC = 0.928409936699
Iteration 28: R^2 = 0.852497707137, ICC = 0.928504824786
Iteration 29: R^2 = 0.878091381679, ICC = 0.938540985168
Iteration 30: R^2 = 0.859270846726, ICC = 0.934804762839
Iteration 31: R^2 = 0.875017802855, ICC = 0.93817981282
Iteration 32: R^2 = 0.907939207673, ICC = 0.950341620217
Iteration 33: R^2 = 0.84802204875, ICC = 0.92404106946
Iteration 34: R^2 = 0.876864627259, ICC = 0.940064419914
Iteration 35: R^2 = 0.869096757861, ICC = 0.936032543981
Iteration 36: R^2 = 0.843990170889, ICC = 0.918897387661
Iteration 37: R^2 = 0.850428564965, ICC = 0.927897529073
Iteration 38: R^2 = 0.886248848784, ICC = 0.944915701027
Iteration 39: R^2 = 0.817691317606, ICC = 0.90916540092
Iteration 40: R^2 = 0.881281034327, ICC = 0.942340743141
Iteration 41: R^2 = 0.698014217368, ICC = 0.867613706265
Iteration 42: R^2 = 0.895992250914, ICC = 0.946828416397
Iteration 43: R^2 = 0.882363832214, ICC = 0.939225912298
Iteration 44: R^2 = 0.876312203529, ICC = 0.940037619978
Iteration 45: R^2 = 0.858495567146, ICC = 0.929650985591
Iteration 46: R^2 = 0.893839986564, ICC = 0.940611365691
Iteration 47: R^2 = 0.896318178364, ICC = 0.947984389593
Iteration 48: R^2 = 0.869325654061, ICC = 0.931671920286
Iteration 49: R^2 = 0.886725422729, ICC = 0.944232472436
Iteration 50: R^2 = 0.864705662241, ICC = 0.934290884273
Iteration 51: R^2 = 0.858999812672, ICC = 0.928746918997
Iteration 52: R^2 = 0.679990341514, ICC = 0.859184389265
Iteration 53: R^2 = 0.830154026767, ICC = 0.916796370373
Iteration 54: R^2 = 0.874305300608, ICC = 0.939203727964
Iteration 55: R^2 = 0.826243597417, ICC = 0.913548458984
Iteration 56: R^2 = 0.886265408528, ICC = 0.940831168682
Iteration 57: R^2 = 0.91182947232, ICC = 0.955638647971
Iteration 58: R^2 = 0.769972070302, ICC = 0.890442570608
Iteration 59: R^2 = 0.887429178103, ICC = 0.942073863006
Iteration 60: R^2 = 0.838784244175, ICC = 0.921018149025
Iteration 61: R^2 = 0.863397414956, ICC = 0.934760549175
Iteration 62: R^2 = 0.853738177786, ICC = 0.93053216085
Iteration 63: R^2 = 0.795361881142, ICC = 0.902516279893
Iteration 64: R^2 = 0.880250381802, ICC = 0.93955177934
Iteration 65: R^2 = 0.88223435705, ICC = 0.941020218746
Iteration 66: R^2 = 0.779559862034, ICC = 0.893541102629
Iteration 67: R^2 = 0.878386704991, ICC = 0.939839066946
Iteration 68: R^2 = 0.875678664147, ICC = 0.934843162416
Iteration 69: R^2 = 0.884006895167, ICC = 0.944124424116
Iteration 70: R^2 = 0.728985992578, ICC = 0.875647435601
Iteration 71: R^2 = 0.863259842086, ICC = 0.933026654512
Iteration 72: R^2 = 0.774912578714, ICC = 0.893281512315
Iteration 73: R^2 = 0.751866910875, ICC = 0.873728845506
Iteration 74: R^2 = 0.8760744376, ICC = 0.93699021922
Iteration 75: R^2 = 0.885684234843, ICC = 0.942418761024
Iteration 76: R^2 = 0.868883121464, ICC = 0.935804126283
Iteration 77: R^2 = 0.864926549828, ICC = 0.93060433319
Iteration 78: R^2 = 0.887895793233, ICC = 0.944451772071
Iteration 79: R^2 = 0.842168843211, ICC = 0.929745069082
Iteration 80: R^2 = 0.871560093912, ICC = 0.935375430461
Iteration 81: R^2 = 0.871794625431, ICC = 0.934159543433
Iteration 82: R^2 = 0.88721994675, ICC = 0.943797710926
Iteration 83: R^2 = 0.836578339442, ICC = 0.919059064516
Iteration 84: R^2 = 0.813836065921, ICC = 0.904665551599
Iteration 85: R^2 = 0.85799919925, ICC = 0.92915644198
Iteration 86: R^2 = 0.86941388258, ICC = 0.939820652151
Iteration 87: R^2 = 0.888005342464, ICC = 0.940600733121
Iteration 88: R^2 = 0.706300827849, ICC = 0.857877598885
Iteration 89: R^2 = 0.896037748395, ICC = 0.949032523218
Iteration 90: R^2 = 0.773104280847, ICC = 0.882077470103
Iteration 91: R^2 = 0.887378047237, ICC = 0.943937562996
Iteration 92: R^2 = 0.873546688605, ICC = 0.938047835746
Iteration 93: R^2 = 0.870029401809, ICC = 0.934479153526
Iteration 94: R^2 = 0.854924758332, ICC = 0.930600628389
Iteration 95: R^2 = 0.853550589765, ICC = 0.932467035876
Iteration 96: R^2 = 0.887147338928, ICC = 0.944867615044
Iteration 97: R^2 = 0.903373605761, ICC = 0.952507097689
Iteration 98: R^2 = 0.881209861211, ICC = 0.940961105273
Iteration 99: R^2 = 0.915530022685, ICC = 0.956990640644
R Squared list shape: (100,)
ICC list shape: (100,)
