Running abide_motion_wrapper_JAL.py
Fri Sep 23 12:33:17 EDT 2016
Iteration 0: R^2 = 0.770336827163, ICC = 0.881496288196
Iteration 1: R^2 = 0.757218725335, ICC = 0.866640719567
Iteration 2: R^2 = 0.823905050372, ICC = 0.906680147777
Iteration 3: R^2 = 0.73434341289, ICC = 0.861051398698
Iteration 4: R^2 = 0.531001134902, ICC = 0.800340012375
Iteration 5: R^2 = 0.794350277856, ICC = 0.897370952293
Iteration 6: R^2 = 0.710403607728, ICC = 0.847999905484
Iteration 7: R^2 = 0.815642755829, ICC = 0.909166488072
Iteration 8: R^2 = 0.777385672346, ICC = 0.880423583047
Iteration 9: R^2 = 0.754902834554, ICC = 0.881375325514
Iteration 10: R^2 = 0.811271463605, ICC = 0.906453643983
Iteration 11: R^2 = 0.699189018517, ICC = 0.85646034787
Iteration 12: R^2 = 0.768819083766, ICC = 0.876076651308
Iteration 13: R^2 = 0.595074462015, ICC = 0.827482119836
Iteration 14: R^2 = 0.808774893976, ICC = 0.900458113421
Iteration 15: R^2 = 0.739305443468, ICC = 0.862710913418
Iteration 16: R^2 = 0.520841947391, ICC = 0.763225375483
Iteration 17: R^2 = 0.679363638839, ICC = 0.854999189838
Iteration 18: R^2 = 0.687851712297, ICC = 0.842875647582
Iteration 19: R^2 = 0.745318706228, ICC = 0.870613874326
Iteration 20: R^2 = 0.63505073075, ICC = 0.837180344024
Iteration 21: R^2 = 0.635754830823, ICC = 0.826096374764
Iteration 22: R^2 = 0.750429356401, ICC = 0.88290375531
Iteration 23: R^2 = 0.782863972349, ICC = 0.883401640826
Iteration 24: R^2 = 0.747946031684, ICC = 0.88143787647
Iteration 25: R^2 = 0.759034399812, ICC = 0.876736148869
Iteration 26: R^2 = 0.70944000813, ICC = 0.846356967217
Iteration 27: R^2 = 0.618961608054, ICC = 0.80281505897
Iteration 28: R^2 = 0.720325877248, ICC = 0.861718416074
Iteration 29: R^2 = 0.806373324341, ICC = 0.908251110069
Iteration 30: R^2 = 0.774985575687, ICC = 0.892085037742
Iteration 31: R^2 = 0.726874314913, ICC = 0.864927221085
Iteration 32: R^2 = 0.313384919197, ICC = 0.733702262349
Iteration 33: R^2 = 0.64805509586, ICC = 0.816068555413
Iteration 34: R^2 = 0.702803642987, ICC = 0.869101288594
Iteration 35: R^2 = 0.743189776236, ICC = 0.873809994728
Iteration 36: R^2 = 0.750676151189, ICC = 0.881242096743
Iteration 37: R^2 = 0.139580073375, ICC = 0.607358812047
Iteration 38: R^2 = 0.659711897405, ICC = 0.822086752668
Iteration 39: R^2 = 0.78330407708, ICC = 0.891789816218
Iteration 40: R^2 = 0.831984728, ICC = 0.912656663082
Iteration 41: R^2 = 0.751252146927, ICC = 0.87283121965
Iteration 42: R^2 = 0.717832841604, ICC = 0.855681430362
Iteration 43: R^2 = 0.788028055062, ICC = 0.89623071491
Iteration 44: R^2 = 0.67006057168, ICC = 0.846628076345
Iteration 45: R^2 = 0.7206379194, ICC = 0.859213189326
Iteration 46: R^2 = 0.688537659428, ICC = 0.858040669118
Iteration 47: R^2 = 0.632443378105, ICC = 0.814958281389
Iteration 48: R^2 = 0.689484345697, ICC = 0.850363878091
Iteration 49: R^2 = 0.788703724622, ICC = 0.891185054551
Iteration 50: R^2 = 0.663052185078, ICC = 0.847327214129
Iteration 51: R^2 = 0.704321128507, ICC = 0.853348212804
Iteration 52: R^2 = 0.54246463698, ICC = 0.770917086522
Iteration 53: R^2 = 0.527785241657, ICC = 0.769379063581
Iteration 54: R^2 = 0.723036671116, ICC = 0.876753043301
Iteration 55: R^2 = 0.317239795295, ICC = 0.71089550975
Iteration 56: R^2 = 0.617734354782, ICC = 0.81736060603
Iteration 57: R^2 = 0.721729497759, ICC = 0.865346245243
Iteration 58: R^2 = 0.776982836925, ICC = 0.88981631063
Iteration 59: R^2 = 0.812804944056, ICC = 0.905848568319
Iteration 60: R^2 = 0.829586085841, ICC = 0.911071525815
Iteration 61: R^2 = 0.746411474338, ICC = 0.882465792362
Iteration 62: R^2 = 0.726762901587, ICC = 0.864569301587
Iteration 63: R^2 = 0.644137797312, ICC = 0.815392462153
Iteration 64: R^2 = 0.811749346926, ICC = 0.904657587018
Iteration 65: R^2 = 0.815542099794, ICC = 0.900276782252
Iteration 66: R^2 = 0.73804763188, ICC = 0.876141046134
Iteration 67: R^2 = 0.716174915701, ICC = 0.861644818107
Iteration 68: R^2 = 0.76738523307, ICC = 0.879919397713
Iteration 69: R^2 = 0.639321767038, ICC = 0.808648217741
Iteration 70: R^2 = 0.79690509218, ICC = 0.898825674915
Iteration 71: R^2 = 0.806007087585, ICC = 0.907581400734
Iteration 72: R^2 = 0.721021607766, ICC = 0.872171056578
Iteration 73: R^2 = 0.785968696088, ICC = 0.890237285722
Iteration 74: R^2 = 0.816902046752, ICC = 0.907519373247
Iteration 75: R^2 = 0.723933029834, ICC = 0.871635281517
Iteration 76: R^2 = 0.770042559015, ICC = 0.886447864988
Iteration 77: R^2 = 0.802467349869, ICC = 0.897928094447
Iteration 78: R^2 = 0.593017125446, ICC = 0.783889419999
Iteration 79: R^2 = 0.754314155569, ICC = 0.879285895301
Iteration 80: R^2 = 0.56925776739, ICC = 0.778053391187
Iteration 81: R^2 = 0.738247239173, ICC = 0.874677552396
Iteration 82: R^2 = 0.799721439018, ICC = 0.899048469689
Iteration 83: R^2 = 0.635398460668, ICC = 0.808423573235
Iteration 84: R^2 = 0.75069615894, ICC = 0.857378613373
Iteration 85: R^2 = 0.793334464243, ICC = 0.896635205093
Iteration 86: R^2 = 0.7376023718, ICC = 0.88385086671
Iteration 87: R^2 = 0.581901685846, ICC = 0.790735530512
Iteration 88: R^2 = 0.797394846038, ICC = 0.898537990689
Iteration 89: R^2 = 0.696524411048, ICC = 0.85301929366
Iteration 90: R^2 = 0.463634811419, ICC = 0.763162608791
Iteration 91: R^2 = 0.819567930461, ICC = 0.9058321896
Iteration 92: R^2 = 0.410970505184, ICC = 0.745344696508
Iteration 93: R^2 = 0.764641798746, ICC = 0.88452379262
Iteration 94: R^2 = 0.715120635253, ICC = 0.877800823666
Iteration 95: R^2 = 0.801041861488, ICC = 0.899294976368
Iteration 96: R^2 = 0.813477570812, ICC = 0.901634776905
Iteration 97: R^2 = 0.76011500992, ICC = 0.88107951818
Iteration 98: R^2 = 0.748354729442, ICC = 0.871783913955
Iteration 99: R^2 = 0.12884427826, ICC = 0.673120362909
R Squared list shape: (100,)
ICC list shape: (100,)
