Running abide_motion_wrapper_JAL.py
Fri Sep 23 12:22:07 EDT 2016
Iteration 0: R^2 = 0.916317805965, ICC = 0.957073094381
Iteration 1: R^2 = 0.9610663988, ICC = 0.981296095784
Iteration 2: R^2 = 0.956480470809, ICC = 0.978553712891
Iteration 3: R^2 = 0.961918930362, ICC = 0.981000730614
Iteration 4: R^2 = 0.938856233026, ICC = 0.97000591653
Iteration 5: R^2 = 0.961312286665, ICC = 0.980902619711
Iteration 6: R^2 = 0.895249206108, ICC = 0.947821301477
Iteration 7: R^2 = 0.961136340075, ICC = 0.979969076089
Iteration 8: R^2 = 0.964401965942, ICC = 0.981748039925
Iteration 9: R^2 = 0.962037682157, ICC = 0.980410952892
Iteration 10: R^2 = 0.964154879596, ICC = 0.981850210378
Iteration 11: R^2 = 0.967410127589, ICC = 0.983864732097
Iteration 12: R^2 = 0.9630575982, ICC = 0.981094769974
Iteration 13: R^2 = 0.963787096761, ICC = 0.981536378504
Iteration 14: R^2 = 0.956392830411, ICC = 0.977429834602
Iteration 15: R^2 = 0.948568007671, ICC = 0.973073589983
Iteration 16: R^2 = 0.9523881112, ICC = 0.975940558414
Iteration 17: R^2 = 0.947933316592, ICC = 0.973790992621
Iteration 18: R^2 = 0.963065436402, ICC = 0.981986587056
Iteration 19: R^2 = 0.913543969178, ICC = 0.954187841639
Iteration 20: R^2 = 0.964948855745, ICC = 0.982113535688
Iteration 21: R^2 = 0.945323487738, ICC = 0.973464357682
Iteration 22: R^2 = 0.958443514036, ICC = 0.979645413641
Iteration 23: R^2 = 0.960863281973, ICC = 0.980358172527
Iteration 24: R^2 = 0.959991121313, ICC = 0.980102658338
Iteration 25: R^2 = 0.882438539751, ICC = 0.938667007149
Iteration 26: R^2 = 0.948518311234, ICC = 0.974284359855
Iteration 27: R^2 = 0.928308881149, ICC = 0.963934878883
Iteration 28: R^2 = 0.962260640738, ICC = 0.981752613346
Iteration 29: R^2 = 0.965666583893, ICC = 0.98271933415
Iteration 30: R^2 = 0.960634387279, ICC = 0.980325334545
Iteration 31: R^2 = 0.948008074087, ICC = 0.974010823999
Iteration 32: R^2 = 0.950994321257, ICC = 0.975754456224
Iteration 33: R^2 = 0.962560659606, ICC = 0.981441294472
Iteration 34: R^2 = 0.861005219656, ICC = 0.929988142061
Iteration 35: R^2 = 0.940405253455, ICC = 0.971938299109
Iteration 36: R^2 = 0.942325274246, ICC = 0.971745840776
Iteration 37: R^2 = 0.964125945111, ICC = 0.981496395803
Iteration 38: R^2 = 0.951484750132, ICC = 0.97603924391
Iteration 39: R^2 = 0.923907793244, ICC = 0.960493607364
Iteration 40: R^2 = 0.959408249532, ICC = 0.979604172662
Iteration 41: R^2 = 0.964256231498, ICC = 0.982250177299
Iteration 42: R^2 = 0.965932774475, ICC = 0.982703227478
Iteration 43: R^2 = 0.951451303585, ICC = 0.975461281775
Iteration 44: R^2 = 0.943686255596, ICC = 0.972859730927
Iteration 45: R^2 = 0.93574647535, ICC = 0.969070387609
Iteration 46: R^2 = 0.961906522656, ICC = 0.980729133442
Iteration 47: R^2 = 0.918052638465, ICC = 0.958472993902
Iteration 48: R^2 = 0.923882882272, ICC = 0.962812449225
Iteration 49: R^2 = 0.958156864187, ICC = 0.979203251304
Iteration 50: R^2 = 0.967071043291, ICC = 0.983709386542
Iteration 51: R^2 = 0.958524859608, ICC = 0.979572164087
Iteration 52: R^2 = 0.952780759266, ICC = 0.97629168759
Iteration 53: R^2 = 0.934727458401, ICC = 0.967780826963
Iteration 54: R^2 = 0.882000301786, ICC = 0.943131891028
Iteration 55: R^2 = 0.954524544267, ICC = 0.977215219979
Iteration 56: R^2 = 0.953748556714, ICC = 0.976643252314
Iteration 57: R^2 = 0.955953238254, ICC = 0.978079737256
Iteration 58: R^2 = 0.955206825763, ICC = 0.976910357324
Iteration 59: R^2 = 0.942127355873, ICC = 0.971945663454
Iteration 60: R^2 = 0.927616136801, ICC = 0.965395065371
Iteration 61: R^2 = 0.950810151269, ICC = 0.976253790011
Iteration 62: R^2 = 0.959509272114, ICC = 0.979375086608
Iteration 63: R^2 = 0.95921962002, ICC = 0.979514388252
Iteration 64: R^2 = 0.964077049203, ICC = 0.981737793032
Iteration 65: R^2 = 0.954758493136, ICC = 0.976964303816
Iteration 66: R^2 = 0.934143885661, ICC = 0.96822919242
Iteration 67: R^2 = 0.898717988854, ICC = 0.951175599646
Iteration 68: R^2 = 0.934964564769, ICC = 0.968087037661
Iteration 69: R^2 = 0.946066311861, ICC = 0.973683581458
Iteration 70: R^2 = 0.958414370868, ICC = 0.979576696247
Iteration 71: R^2 = 0.949836644081, ICC = 0.975899299084
Iteration 72: R^2 = 0.956582833605, ICC = 0.978653561088
Iteration 73: R^2 = 0.966042404278, ICC = 0.982960935091
Iteration 74: R^2 = 0.964237096933, ICC = 0.981901644985
Iteration 75: R^2 = 0.956190204, ICC = 0.978274226292
Iteration 76: R^2 = 0.955680698309, ICC = 0.977906506791
Iteration 77: R^2 = 0.930502986354, ICC = 0.964925110893
Iteration 78: R^2 = 0.952220955652, ICC = 0.975923641151
Iteration 79: R^2 = 0.963866777022, ICC = 0.982050470455
Iteration 80: R^2 = 0.965612247462, ICC = 0.983188955964
Iteration 81: R^2 = 0.940461509104, ICC = 0.970659182378
Iteration 82: R^2 = 0.944848105659, ICC = 0.973817433786
Iteration 83: R^2 = 0.96363148729, ICC = 0.981671657553
Iteration 84: R^2 = 0.960561280568, ICC = 0.979866366892
Iteration 85: R^2 = 0.95780805058, ICC = 0.978803260694
Iteration 86: R^2 = 0.94521579632, ICC = 0.972570923354
Iteration 87: R^2 = 0.959940555229, ICC = 0.979813312175
Iteration 88: R^2 = 0.959749494752, ICC = 0.980143578348
Iteration 89: R^2 = 0.935095923079, ICC = 0.966628844647
Iteration 90: R^2 = 0.946995477793, ICC = 0.973125185301
Iteration 91: R^2 = 0.967205423137, ICC = 0.983473863765
Iteration 92: R^2 = 0.960421972856, ICC = 0.980512385299
Iteration 93: R^2 = 0.949121871492, ICC = 0.973737255268
Iteration 94: R^2 = 0.964899593268, ICC = 0.982152078813
Iteration 95: R^2 = 0.955524682206, ICC = 0.976886583425
Iteration 96: R^2 = 0.966828343778, ICC = 0.983289321913
Iteration 97: R^2 = 0.95094695384, ICC = 0.974810041706
Iteration 98: R^2 = 0.961440452949, ICC = 0.980574863724
Iteration 99: R^2 = 0.958423260568, ICC = 0.978938906605
R Squared list shape: (100,)
ICC list shape: (100,)
