Running abide_motion_wrapper_JAL.py
Fri Sep 23 12:29:36 EDT 2016
Iteration 0: R^2 = 0.970701857097, ICC = 0.985293962772
Iteration 1: R^2 = 0.960786593915, ICC = 0.980292634728
Iteration 2: R^2 = 0.968387004408, ICC = 0.984238480945
Iteration 3: R^2 = 0.962415032006, ICC = 0.980503945743
Iteration 4: R^2 = 0.968422037391, ICC = 0.983940639543
Iteration 5: R^2 = 0.941194586949, ICC = 0.972405306192
Iteration 6: R^2 = 0.968685374905, ICC = 0.98428786725
Iteration 7: R^2 = 0.946383335012, ICC = 0.973276152409
Iteration 8: R^2 = 0.943477201866, ICC = 0.973167155508
Iteration 9: R^2 = 0.963814229772, ICC = 0.981624610705
Iteration 10: R^2 = 0.959632141164, ICC = 0.979517071374
Iteration 11: R^2 = 0.964062582574, ICC = 0.98219502476
Iteration 12: R^2 = 0.966637670291, ICC = 0.983485526294
Iteration 13: R^2 = 0.964457031702, ICC = 0.982358979374
Iteration 14: R^2 = 0.964356818066, ICC = 0.982376407711
Iteration 15: R^2 = 0.970262625906, ICC = 0.984905661513
Iteration 16: R^2 = 0.968268649132, ICC = 0.98411384583
Iteration 17: R^2 = 0.948413205906, ICC = 0.974660940559
Iteration 18: R^2 = 0.878303025315, ICC = 0.93706574198
Iteration 19: R^2 = 0.957345082671, ICC = 0.97793947652
Iteration 20: R^2 = 0.946770400623, ICC = 0.974080763817
Iteration 21: R^2 = 0.943111943668, ICC = 0.971108265636
Iteration 22: R^2 = 0.95724270966, ICC = 0.978688149968
Iteration 23: R^2 = 0.966257294314, ICC = 0.982938645049
Iteration 24: R^2 = 0.970874546762, ICC = 0.985255058203
Iteration 25: R^2 = 0.966181411385, ICC = 0.98301962423
Iteration 26: R^2 = 0.899524084301, ICC = 0.952873150128
Iteration 27: R^2 = 0.891365382456, ICC = 0.948661296787
Iteration 28: R^2 = 0.961746140971, ICC = 0.98044555685
Iteration 29: R^2 = 0.933554754747, ICC = 0.96623107912
Iteration 30: R^2 = 0.964626837584, ICC = 0.982157992654
Iteration 31: R^2 = 0.969410498649, ICC = 0.984885162986
Iteration 32: R^2 = 0.958278417023, ICC = 0.979787034395
Iteration 33: R^2 = 0.961290602936, ICC = 0.980320508893
Iteration 34: R^2 = 0.939170058515, ICC = 0.968873511849
Iteration 35: R^2 = 0.958913158211, ICC = 0.980553161868
Iteration 36: R^2 = 0.944020213375, ICC = 0.972031641259
Iteration 37: R^2 = 0.971365436453, ICC = 0.985719658367
Iteration 38: R^2 = 0.966676926923, ICC = 0.983241270269
Iteration 39: R^2 = 0.93659037491, ICC = 0.96741949497
Iteration 40: R^2 = 0.967680256875, ICC = 0.98390918247
Iteration 41: R^2 = 0.958651204985, ICC = 0.979373007667
Iteration 42: R^2 = 0.955471401226, ICC = 0.977879935515
Iteration 43: R^2 = 0.958910507673, ICC = 0.980404299998
Iteration 44: R^2 = 0.964703507917, ICC = 0.982827467319
Iteration 45: R^2 = 0.895768465988, ICC = 0.950064313431
Iteration 46: R^2 = 0.970205650749, ICC = 0.98527075336
Iteration 47: R^2 = 0.960041916359, ICC = 0.979731579856
Iteration 48: R^2 = 0.953800500206, ICC = 0.976212251304
Iteration 49: R^2 = 0.94781734603, ICC = 0.975405511844
Iteration 50: R^2 = 0.962553508361, ICC = 0.980923897195
Iteration 51: R^2 = 0.954659808853, ICC = 0.976512850954
Iteration 52: R^2 = 0.935324175682, ICC = 0.968604333472
Iteration 53: R^2 = 0.971148975269, ICC = 0.98551045472
Iteration 54: R^2 = 0.954324106941, ICC = 0.976638820275
Iteration 55: R^2 = 0.970799609423, ICC = 0.985315823242
Iteration 56: R^2 = 0.915827628819, ICC = 0.959418825509
Iteration 57: R^2 = 0.963441750496, ICC = 0.981738402823
Iteration 58: R^2 = 0.957145820489, ICC = 0.978385257367
Iteration 59: R^2 = 0.904328308374, ICC = 0.953855517415
Iteration 60: R^2 = 0.915015379619, ICC = 0.956219537109
Iteration 61: R^2 = 0.969348082256, ICC = 0.984988706472
Iteration 62: R^2 = 0.966548165696, ICC = 0.983257336669
Iteration 63: R^2 = 0.966431394307, ICC = 0.983382294811
Iteration 64: R^2 = 0.970885273357, ICC = 0.985589105558
Iteration 65: R^2 = 0.951421335981, ICC = 0.976278126404
Iteration 66: R^2 = 0.96482366662, ICC = 0.98198644616
Iteration 67: R^2 = 0.9600200311, ICC = 0.979576500902
Iteration 68: R^2 = 0.961011823308, ICC = 0.979982523278
Iteration 69: R^2 = 0.960116736068, ICC = 0.98013452635
Iteration 70: R^2 = 0.957192446178, ICC = 0.978405426441
Iteration 71: R^2 = 0.951716042989, ICC = 0.975481194339
Iteration 72: R^2 = 0.964305053789, ICC = 0.982291113523
Iteration 73: R^2 = 0.958779604244, ICC = 0.979767484029
Iteration 74: R^2 = 0.968083734074, ICC = 0.984159153621
Iteration 75: R^2 = 0.965896060292, ICC = 0.982578477593
Iteration 76: R^2 = 0.960207404643, ICC = 0.97964484208
Iteration 77: R^2 = 0.96598642623, ICC = 0.982788328534
Iteration 78: R^2 = 0.955996839575, ICC = 0.977893144009
Iteration 79: R^2 = 0.96645243388, ICC = 0.982802001484
Iteration 80: R^2 = 0.967286256051, ICC = 0.983536047694
Iteration 81: R^2 = 0.967287900171, ICC = 0.983302791426
Iteration 82: R^2 = 0.920840944764, ICC = 0.962726356366
Iteration 83: R^2 = 0.963521908206, ICC = 0.981254807281
Iteration 84: R^2 = 0.925668057911, ICC = 0.964195843736
Iteration 85: R^2 = 0.960278769898, ICC = 0.979722783088
Iteration 86: R^2 = 0.968387183836, ICC = 0.983934025332
Iteration 87: R^2 = 0.941653153091, ICC = 0.971222579676
Iteration 88: R^2 = 0.939491011806, ICC = 0.970113722011
Iteration 89: R^2 = 0.95610791392, ICC = 0.978412607049
Iteration 90: R^2 = 0.95873908911, ICC = 0.979450589986
Iteration 91: R^2 = 0.971453951217, ICC = 0.985847394867
Iteration 92: R^2 = 0.970080804751, ICC = 0.984977639446
Iteration 93: R^2 = 0.949734047089, ICC = 0.975299755026
Iteration 94: R^2 = 0.946836393934, ICC = 0.972946636893
Iteration 95: R^2 = 0.941606565493, ICC = 0.971306667366
Iteration 96: R^2 = 0.977192045665, ICC = 0.988641699988
Iteration 97: R^2 = 0.965230619539, ICC = 0.982405919075
Iteration 98: R^2 = 0.91912566043, ICC = 0.961060310981
Iteration 99: R^2 = 0.968811824319, ICC = 0.983995201941
R Squared list shape: (100,)
ICC list shape: (100,)
