Running abide_motion_wrapper_JAL.py
Fri Sep 23 12:21:31 EDT 2016
Iteration 0: R^2 = 0.913599971546, ICC = 0.956772481871
Iteration 1: R^2 = 0.903641858024, ICC = 0.953236565307
Iteration 2: R^2 = 0.873723923551, ICC = 0.936842103787
Iteration 3: R^2 = 0.944913753959, ICC = 0.971865638687
Iteration 4: R^2 = 0.941533638125, ICC = 0.970882356994
Iteration 5: R^2 = 0.935508932768, ICC = 0.967898895145
Iteration 6: R^2 = 0.933487175007, ICC = 0.96798472791
Iteration 7: R^2 = 0.940387263771, ICC = 0.969286052244
Iteration 8: R^2 = 0.945043573729, ICC = 0.972495391494
Iteration 9: R^2 = 0.944166236203, ICC = 0.972126790764
Iteration 10: R^2 = 0.928570443883, ICC = 0.964075175134
Iteration 11: R^2 = 0.940433020579, ICC = 0.969073240718
Iteration 12: R^2 = 0.927701629317, ICC = 0.963585831383
Iteration 13: R^2 = 0.940514703614, ICC = 0.970740120868
Iteration 14: R^2 = 0.928710983815, ICC = 0.965079687797
Iteration 15: R^2 = 0.951059810033, ICC = 0.975189918084
Iteration 16: R^2 = 0.844875818759, ICC = 0.926827593402
Iteration 17: R^2 = 0.922930154495, ICC = 0.961725122899
Iteration 18: R^2 = 0.932324020744, ICC = 0.967975295114
Iteration 19: R^2 = 0.891036206423, ICC = 0.943204933705
Iteration 20: R^2 = 0.926887147966, ICC = 0.963588510977
Iteration 21: R^2 = 0.938825572826, ICC = 0.969003045146
Iteration 22: R^2 = 0.938397151506, ICC = 0.968843363577
Iteration 23: R^2 = 0.892105769497, ICC = 0.945538689267
Iteration 24: R^2 = 0.886435097308, ICC = 0.941828165629
Iteration 25: R^2 = 0.932848474514, ICC = 0.965557534192
Iteration 26: R^2 = 0.945553648695, ICC = 0.972863129912
Iteration 27: R^2 = 0.915476475057, ICC = 0.95896513865
Iteration 28: R^2 = 0.850428783585, ICC = 0.922977990067
Iteration 29: R^2 = 0.939370832058, ICC = 0.969128371042
Iteration 30: R^2 = 0.935612720029, ICC = 0.96861133288
Iteration 31: R^2 = 0.91759421206, ICC = 0.958905278948
Iteration 32: R^2 = 0.928282628776, ICC = 0.963510409336
Iteration 33: R^2 = 0.935280490118, ICC = 0.969300708743
Iteration 34: R^2 = 0.927056643356, ICC = 0.963901152128
Iteration 35: R^2 = 0.941035140789, ICC = 0.96989837349
Iteration 36: R^2 = 0.937685336762, ICC = 0.968739769316
Iteration 37: R^2 = 0.91799278683, ICC = 0.958719833798
Iteration 38: R^2 = 0.940717008882, ICC = 0.969800515248
Iteration 39: R^2 = 0.875142409787, ICC = 0.938323823932
Iteration 40: R^2 = 0.944795734285, ICC = 0.971617044616
Iteration 41: R^2 = 0.916847158137, ICC = 0.958031010097
Iteration 42: R^2 = 0.92510936608, ICC = 0.963317101651
Iteration 43: R^2 = 0.905444872505, ICC = 0.953762884829
Iteration 44: R^2 = 0.941381981106, ICC = 0.971037032981
Iteration 45: R^2 = 0.915357509062, ICC = 0.95754566121
Iteration 46: R^2 = 0.935455694515, ICC = 0.968544423467
Iteration 47: R^2 = 0.937200420491, ICC = 0.967586546604
Iteration 48: R^2 = 0.92132970271, ICC = 0.962313457358
Iteration 49: R^2 = 0.934797782391, ICC = 0.96744723305
Iteration 50: R^2 = 0.946344399734, ICC = 0.972797223587
Iteration 51: R^2 = 0.945896489889, ICC = 0.973451182663
Iteration 52: R^2 = 0.931083172746, ICC = 0.965556081597
Iteration 53: R^2 = 0.926369582239, ICC = 0.963044154452
Iteration 54: R^2 = 0.939409189173, ICC = 0.969412795144
Iteration 55: R^2 = 0.920223934476, ICC = 0.961149195782
Iteration 56: R^2 = 0.91760635149, ICC = 0.958751143281
Iteration 57: R^2 = 0.936334370418, ICC = 0.968853829879
Iteration 58: R^2 = 0.944126750318, ICC = 0.972107866546
Iteration 59: R^2 = 0.92275010739, ICC = 0.963416325035
Iteration 60: R^2 = 0.906771799048, ICC = 0.95415555683
Iteration 61: R^2 = 0.927929876918, ICC = 0.963774428123
Iteration 62: R^2 = 0.935718029571, ICC = 0.967767026352
Iteration 63: R^2 = 0.947901307804, ICC = 0.974092220849
Iteration 64: R^2 = 0.943038870515, ICC = 0.971311100808
Iteration 65: R^2 = 0.945081528084, ICC = 0.97302629833
Iteration 66: R^2 = 0.929682957086, ICC = 0.964933816577
Iteration 67: R^2 = 0.945902352203, ICC = 0.972678231548
Iteration 68: R^2 = 0.923869043294, ICC = 0.964333761806
Iteration 69: R^2 = 0.947133718799, ICC = 0.973652648418
Iteration 70: R^2 = 0.940264581647, ICC = 0.969267668129
Iteration 71: R^2 = 0.888293452385, ICC = 0.944035298825
Iteration 72: R^2 = 0.9274839402, ICC = 0.962901013755
Iteration 73: R^2 = 0.941038030955, ICC = 0.970341701313
Iteration 74: R^2 = 0.917683095217, ICC = 0.957126448943
Iteration 75: R^2 = 0.941534166491, ICC = 0.971265497249
Iteration 76: R^2 = 0.925078941445, ICC = 0.961560552469
Iteration 77: R^2 = 0.910771790911, ICC = 0.957718362748
Iteration 78: R^2 = 0.896296793716, ICC = 0.950065629951
Iteration 79: R^2 = 0.927800083158, ICC = 0.964285265938
Iteration 80: R^2 = 0.939989836734, ICC = 0.968826989521
Iteration 81: R^2 = 0.941770561316, ICC = 0.970517814628
Iteration 82: R^2 = 0.937092594636, ICC = 0.968830422069
Iteration 83: R^2 = 0.904354526777, ICC = 0.951408843631
Iteration 84: R^2 = 0.939889648349, ICC = 0.970004414095
Iteration 85: R^2 = 0.939904496786, ICC = 0.969730479387
Iteration 86: R^2 = 0.942308534844, ICC = 0.97042533085
Iteration 87: R^2 = 0.934732407021, ICC = 0.968243937893
Iteration 88: R^2 = 0.94780809082, ICC = 0.973262099345
Iteration 89: R^2 = 0.939460158286, ICC = 0.97046756494
Iteration 90: R^2 = 0.941756647749, ICC = 0.970640412246
Iteration 91: R^2 = 0.942894182192, ICC = 0.971208484989
Iteration 92: R^2 = 0.949109790049, ICC = 0.974077520097
Iteration 93: R^2 = 0.923863927612, ICC = 0.962616520049
Iteration 94: R^2 = 0.941178036434, ICC = 0.970436777708
Iteration 95: R^2 = 0.931860350428, ICC = 0.965040637147
Iteration 96: R^2 = 0.945403749909, ICC = 0.972497162002
Iteration 97: R^2 = 0.937643591751, ICC = 0.967850801958
Iteration 98: R^2 = 0.948230265725, ICC = 0.973824979115
Iteration 99: R^2 = 0.936380778396, ICC = 0.969161839024
R Squared list shape: (100,)
ICC list shape: (100,)
