Running abide_motion_wrapper_JAL.py
Fri Sep 23 12:22:06 EDT 2016
Iteration 0: R^2 = 0.946855587012, ICC = 0.974035260739
Iteration 1: R^2 = 0.934854058875, ICC = 0.966820076864
Iteration 2: R^2 = 0.939296308058, ICC = 0.96863035216
Iteration 3: R^2 = 0.943865384388, ICC = 0.971174201715
Iteration 4: R^2 = 0.931884428713, ICC = 0.964733525858
Iteration 5: R^2 = 0.928914347648, ICC = 0.964864872244
Iteration 6: R^2 = 0.856072865186, ICC = 0.925444967441
Iteration 7: R^2 = 0.941867444182, ICC = 0.970177477888
Iteration 8: R^2 = 0.945814180253, ICC = 0.972524861013
Iteration 9: R^2 = 0.943812210631, ICC = 0.971679377241
Iteration 10: R^2 = 0.939980397413, ICC = 0.970664625185
Iteration 11: R^2 = 0.920644114137, ICC = 0.960214427609
Iteration 12: R^2 = 0.943131280326, ICC = 0.971884591232
Iteration 13: R^2 = 0.94215326799, ICC = 0.970703100917
Iteration 14: R^2 = 0.930995832948, ICC = 0.96486066636
Iteration 15: R^2 = 0.922557878631, ICC = 0.963106413952
Iteration 16: R^2 = 0.936244617241, ICC = 0.968792212322
Iteration 17: R^2 = 0.926051317117, ICC = 0.963464414564
Iteration 18: R^2 = 0.925692420394, ICC = 0.963822317326
Iteration 19: R^2 = 0.939745057322, ICC = 0.970252182446
Iteration 20: R^2 = 0.938430463316, ICC = 0.968854135318
Iteration 21: R^2 = 0.941406590152, ICC = 0.96973062046
Iteration 22: R^2 = 0.919199195007, ICC = 0.96198013289
Iteration 23: R^2 = 0.923909898324, ICC = 0.959367404822
Iteration 24: R^2 = 0.920151112996, ICC = 0.95996386089
Iteration 25: R^2 = 0.804826581123, ICC = 0.908702488846
Iteration 26: R^2 = 0.939205923453, ICC = 0.969739491003
Iteration 27: R^2 = 0.939648822423, ICC = 0.971424840919
Iteration 28: R^2 = 0.912208809955, ICC = 0.956688876198
Iteration 29: R^2 = 0.921388370898, ICC = 0.961151787323
Iteration 30: R^2 = 0.935670905786, ICC = 0.966227035539
Iteration 31: R^2 = 0.937296961048, ICC = 0.968821852959
Iteration 32: R^2 = 0.92788155049, ICC = 0.963341242078
Iteration 33: R^2 = 0.927677041251, ICC = 0.962597803343
Iteration 34: R^2 = 0.901182748489, ICC = 0.951729036991
Iteration 35: R^2 = 0.939087668902, ICC = 0.970373907499
Iteration 36: R^2 = 0.93791327601, ICC = 0.967709993028
Iteration 37: R^2 = 0.925670553206, ICC = 0.964215846968
Iteration 38: R^2 = 0.929023635941, ICC = 0.964072895724
Iteration 39: R^2 = 0.928586303095, ICC = 0.963806837656
Iteration 40: R^2 = 0.935742945736, ICC = 0.966722265312
Iteration 41: R^2 = 0.932065062188, ICC = 0.966399551597
Iteration 42: R^2 = 0.934854070116, ICC = 0.967836770217
Iteration 43: R^2 = 0.938049716711, ICC = 0.969583674114
Iteration 44: R^2 = 0.939364000345, ICC = 0.9698437127
Iteration 45: R^2 = 0.842562502201, ICC = 0.920094386602
Iteration 46: R^2 = 0.914954822692, ICC = 0.955300170103
Iteration 47: R^2 = 0.82753321017, ICC = 0.908083398276
Iteration 48: R^2 = 0.939639243111, ICC = 0.967344508048
Iteration 49: R^2 = 0.938828948924, ICC = 0.970033681823
Iteration 50: R^2 = 0.937484358938, ICC = 0.968809898455
Iteration 51: R^2 = 0.941817739703, ICC = 0.969111506867
Iteration 52: R^2 = 0.894246913352, ICC = 0.95178074859
Iteration 53: R^2 = 0.920902219224, ICC = 0.961754352493
Iteration 54: R^2 = 0.904760389302, ICC = 0.952908661677
Iteration 55: R^2 = 0.924660460908, ICC = 0.962177783412
Iteration 56: R^2 = 0.943378244553, ICC = 0.9702277461
Iteration 57: R^2 = 0.896442070878, ICC = 0.949677635895
Iteration 58: R^2 = 0.890023739251, ICC = 0.947475170829
Iteration 59: R^2 = 0.901438930658, ICC = 0.95436412767
Iteration 60: R^2 = 0.942391053002, ICC = 0.971327818432
Iteration 61: R^2 = 0.926478188169, ICC = 0.962516204741
Iteration 62: R^2 = 0.941808240999, ICC = 0.970764749402
Iteration 63: R^2 = 0.935285174501, ICC = 0.96745325869
Iteration 64: R^2 = 0.944913555985, ICC = 0.972121013683
Iteration 65: R^2 = 0.944811729603, ICC = 0.972792133448
Iteration 66: R^2 = 0.904375997345, ICC = 0.953672593873
Iteration 67: R^2 = 0.940051663011, ICC = 0.969097168736
Iteration 68: R^2 = 0.920485906271, ICC = 0.961666758083
Iteration 69: R^2 = 0.941974132186, ICC = 0.969452252483
Iteration 70: R^2 = 0.946954644879, ICC = 0.973899378704
Iteration 71: R^2 = 0.894559665287, ICC = 0.949265316103
Iteration 72: R^2 = 0.932805635813, ICC = 0.967098803468
Iteration 73: R^2 = 0.926463247181, ICC = 0.962525622816
Iteration 74: R^2 = 0.947260134347, ICC = 0.974610484114
Iteration 75: R^2 = 0.932499660212, ICC = 0.964834256989
Iteration 76: R^2 = 0.928282216117, ICC = 0.963624249315
Iteration 77: R^2 = 0.948250665476, ICC = 0.974407341477
Iteration 78: R^2 = 0.936203566369, ICC = 0.967806487096
Iteration 79: R^2 = 0.939261093281, ICC = 0.9699461316
Iteration 80: R^2 = 0.922420243765, ICC = 0.961581432655
Iteration 81: R^2 = 0.899923977926, ICC = 0.948488263748
Iteration 82: R^2 = 0.935062723517, ICC = 0.969168553203
Iteration 83: R^2 = 0.938198533176, ICC = 0.968019197058
Iteration 84: R^2 = 0.912772440277, ICC = 0.957074581462
Iteration 85: R^2 = 0.850948284747, ICC = 0.923076003994
Iteration 86: R^2 = 0.93384641367, ICC = 0.96689235055
Iteration 87: R^2 = 0.86572915427, ICC = 0.936603570162
Iteration 88: R^2 = 0.934867725966, ICC = 0.96629524747
Iteration 89: R^2 = 0.94446228702, ICC = 0.971556900811
Iteration 90: R^2 = 0.913177579186, ICC = 0.956103666759
Iteration 91: R^2 = 0.935220830233, ICC = 0.968229722072
Iteration 92: R^2 = 0.938730487099, ICC = 0.970338248213
Iteration 93: R^2 = 0.917647282983, ICC = 0.956114655968
Iteration 94: R^2 = 0.940452528379, ICC = 0.969567383227
Iteration 95: R^2 = 0.927984512881, ICC = 0.964708409513
Iteration 96: R^2 = 0.938693920305, ICC = 0.969504031349
Iteration 97: R^2 = 0.934350115474, ICC = 0.967063227623
Iteration 98: R^2 = 0.890554614298, ICC = 0.943683021134
Iteration 99: R^2 = 0.941711775335, ICC = 0.970382107806
R Squared list shape: (100,)
ICC list shape: (100,)
