Running abide_motion_wrapper_JAL.py
Fri Sep 23 12:24:00 EDT 2016
Iteration 0: R^2 = 0.922840383525, ICC = 0.96238522115
Iteration 1: R^2 = 0.905065600511, ICC = 0.952318861465
Iteration 2: R^2 = 0.910892022793, ICC = 0.955997045025
Iteration 3: R^2 = 0.930353110692, ICC = 0.964302024361
Iteration 4: R^2 = 0.922853501815, ICC = 0.961300452453
Iteration 5: R^2 = 0.893497660293, ICC = 0.947822055817
Iteration 6: R^2 = 0.911946259267, ICC = 0.957511714577
Iteration 7: R^2 = 0.938943422962, ICC = 0.969745604329
Iteration 8: R^2 = 0.817525124764, ICC = 0.91325979456
Iteration 9: R^2 = 0.899730894295, ICC = 0.953204736038
Iteration 10: R^2 = 0.905134169527, ICC = 0.954598986921
Iteration 11: R^2 = 0.939969398132, ICC = 0.968992496896
Iteration 12: R^2 = 0.895272503021, ICC = 0.949980124681
Iteration 13: R^2 = 0.928566307036, ICC = 0.964942298232
Iteration 14: R^2 = 0.884638549042, ICC = 0.941211804752
Iteration 15: R^2 = 0.919696593257, ICC = 0.957860164876
Iteration 16: R^2 = 0.920929817751, ICC = 0.962128090244
Iteration 17: R^2 = 0.845750695196, ICC = 0.921007519824
Iteration 18: R^2 = 0.923281813402, ICC = 0.960229679823
Iteration 19: R^2 = 0.913730086887, ICC = 0.956452043377
Iteration 20: R^2 = 0.927277367608, ICC = 0.963260602622
Iteration 21: R^2 = 0.865289091834, ICC = 0.932453837113
Iteration 22: R^2 = 0.907865985017, ICC = 0.954416438179
Iteration 23: R^2 = 0.885856715284, ICC = 0.939253366417
Iteration 24: R^2 = 0.838001553979, ICC = 0.919763270338
Iteration 25: R^2 = 0.821944729675, ICC = 0.916593420033
Iteration 26: R^2 = 0.915620289442, ICC = 0.958315026343
Iteration 27: R^2 = 0.869330472934, ICC = 0.940416457626
Iteration 28: R^2 = 0.921575233856, ICC = 0.962417374497
Iteration 29: R^2 = 0.873097514891, ICC = 0.935592216809
Iteration 30: R^2 = 0.889771227915, ICC = 0.945511640348
Iteration 31: R^2 = 0.874240889968, ICC = 0.935885681359
Iteration 32: R^2 = 0.893321362974, ICC = 0.945901996754
Iteration 33: R^2 = 0.910018853009, ICC = 0.953285079167
Iteration 34: R^2 = 0.893170690807, ICC = 0.947089513648
Iteration 35: R^2 = 0.908107344312, ICC = 0.954428728712
Iteration 36: R^2 = 0.912657208781, ICC = 0.957048512238
Iteration 37: R^2 = 0.927849423071, ICC = 0.965262276919
Iteration 38: R^2 = 0.897176397618, ICC = 0.950964339843
Iteration 39: R^2 = 0.904212362199, ICC = 0.952724009829
Iteration 40: R^2 = 0.889106770794, ICC = 0.947716842523
Iteration 41: R^2 = 0.908383216677, ICC = 0.954286278943
Iteration 42: R^2 = 0.917253991154, ICC = 0.955720334879
Iteration 43: R^2 = 0.910916525666, ICC = 0.952526774534
Iteration 44: R^2 = 0.909561436789, ICC = 0.95618620791
Iteration 45: R^2 = 0.889893936671, ICC = 0.946791104345
Iteration 46: R^2 = 0.90208317308, ICC = 0.952676595233
Iteration 47: R^2 = 0.938701421912, ICC = 0.969522017366
Iteration 48: R^2 = 0.756153183972, ICC = 0.885844125198
Iteration 49: R^2 = 0.896736927316, ICC = 0.946964920112
Iteration 50: R^2 = 0.91876382175, ICC = 0.960164652079
Iteration 51: R^2 = 0.801899615693, ICC = 0.911344177374
Iteration 52: R^2 = 0.919576161922, ICC = 0.959749647141
Iteration 53: R^2 = 0.898345410759, ICC = 0.947256144148
Iteration 54: R^2 = 0.930106647618, ICC = 0.965232143468
Iteration 55: R^2 = 0.905452654972, ICC = 0.954719002328
Iteration 56: R^2 = 0.846239354169, ICC = 0.925152733091
Iteration 57: R^2 = 0.87729279176, ICC = 0.939042781153
Iteration 58: R^2 = 0.907845436986, ICC = 0.951813567137
Iteration 59: R^2 = 0.893303920571, ICC = 0.944727683256
Iteration 60: R^2 = 0.869360225046, ICC = 0.934162778574
Iteration 61: R^2 = 0.930874930093, ICC = 0.964217356236
Iteration 62: R^2 = 0.927718528253, ICC = 0.962893599029
Iteration 63: R^2 = 0.892236800519, ICC = 0.945786726957
Iteration 64: R^2 = 0.890722592212, ICC = 0.948613026517
Iteration 65: R^2 = 0.926312779556, ICC = 0.963214252704
Iteration 66: R^2 = 0.892238282523, ICC = 0.947503730733
Iteration 67: R^2 = 0.918510309747, ICC = 0.958032211304
Iteration 68: R^2 = 0.904777343787, ICC = 0.954307339472
Iteration 69: R^2 = 0.847523522449, ICC = 0.92702718404
Iteration 70: R^2 = 0.930205378283, ICC = 0.964763479797
Iteration 71: R^2 = 0.853140530206, ICC = 0.932964006403
Iteration 72: R^2 = 0.924520775946, ICC = 0.962547782179
Iteration 73: R^2 = 0.86719471693, ICC = 0.932853667396
Iteration 74: R^2 = 0.902670302937, ICC = 0.950609087157
Iteration 75: R^2 = 0.930240995023, ICC = 0.963893910201
Iteration 76: R^2 = 0.882879787149, ICC = 0.945808864974
Iteration 77: R^2 = 0.899353568706, ICC = 0.953490529696
Iteration 78: R^2 = 0.930423311495, ICC = 0.966221100872
Iteration 79: R^2 = 0.903422702537, ICC = 0.952684644779
Iteration 80: R^2 = 0.915518914141, ICC = 0.957401474792
Iteration 81: R^2 = 0.914905601973, ICC = 0.95725779754
Iteration 82: R^2 = 0.898821498971, ICC = 0.949820613201
Iteration 83: R^2 = 0.845537852224, ICC = 0.927711789497
Iteration 84: R^2 = 0.896628098185, ICC = 0.94695118806
Iteration 85: R^2 = 0.930896145374, ICC = 0.965575984567
Iteration 86: R^2 = 0.931010816965, ICC = 0.965260600906
Iteration 87: R^2 = 0.929552863676, ICC = 0.964439168368
Iteration 88: R^2 = 0.890901500873, ICC = 0.945101005663
Iteration 89: R^2 = 0.915509459623, ICC = 0.95827152078
Iteration 90: R^2 = 0.724484009837, ICC = 0.869859014067
Iteration 91: R^2 = 0.908516390444, ICC = 0.954564397555
Iteration 92: R^2 = 0.93186976105, ICC = 0.967329617132
Iteration 93: R^2 = 0.837370449936, ICC = 0.925938905076
Iteration 94: R^2 = 0.908361654119, ICC = 0.952043358696
Iteration 95: R^2 = 0.906498176001, ICC = 0.95438569121
Iteration 96: R^2 = 0.888746069747, ICC = 0.94522662857
Iteration 97: R^2 = 0.841372749794, ICC = 0.921661756098
Iteration 98: R^2 = 0.92861167788, ICC = 0.96498158368
Iteration 99: R^2 = 0.893811560811, ICC = 0.948524720532
R Squared list shape: (100,)
ICC list shape: (100,)
