Running abide_motion_wrapper_JAL.py
Fri Sep 23 12:22:07 EDT 2016
Iteration 0: R^2 = 0.958608088305, ICC = 0.980105185003
Iteration 1: R^2 = 0.955565511082, ICC = 0.978236614472
Iteration 2: R^2 = 0.967582482293, ICC = 0.983688217194
Iteration 3: R^2 = 0.962618811519, ICC = 0.980925875307
Iteration 4: R^2 = 0.963621384769, ICC = 0.981925040107
Iteration 5: R^2 = 0.952242535012, ICC = 0.976730694451
Iteration 6: R^2 = 0.939009789761, ICC = 0.969704201812
Iteration 7: R^2 = 0.964220451915, ICC = 0.982499621088
Iteration 8: R^2 = 0.966790289544, ICC = 0.983264776763
Iteration 9: R^2 = 0.9671930402, ICC = 0.984031131332
Iteration 10: R^2 = 0.957314880024, ICC = 0.978887099229
Iteration 11: R^2 = 0.960167608854, ICC = 0.979424297539
Iteration 12: R^2 = 0.965747350147, ICC = 0.982418837586
Iteration 13: R^2 = 0.959084970602, ICC = 0.979751543854
Iteration 14: R^2 = 0.954819608727, ICC = 0.977427924286
Iteration 15: R^2 = 0.962789901568, ICC = 0.981962143686
Iteration 16: R^2 = 0.951306125115, ICC = 0.976446326194
Iteration 17: R^2 = 0.914867517054, ICC = 0.960121492669
Iteration 18: R^2 = 0.947399740563, ICC = 0.973227007325
Iteration 19: R^2 = 0.95972927587, ICC = 0.979816993558
Iteration 20: R^2 = 0.959927022299, ICC = 0.980313242787
Iteration 21: R^2 = 0.968292187785, ICC = 0.983979651208
Iteration 22: R^2 = 0.969574475017, ICC = 0.984664888873
Iteration 23: R^2 = 0.952660360879, ICC = 0.976343245095
Iteration 24: R^2 = 0.949259825874, ICC = 0.975093737035
Iteration 25: R^2 = 0.947022612247, ICC = 0.973139209831
Iteration 26: R^2 = 0.947127247054, ICC = 0.973812863769
Iteration 27: R^2 = 0.952922217711, ICC = 0.976789774314
Iteration 28: R^2 = 0.96775951374, ICC = 0.983769594349
Iteration 29: R^2 = 0.962488499795, ICC = 0.981553691969
Iteration 30: R^2 = 0.965837474574, ICC = 0.982620789871
Iteration 31: R^2 = 0.95778132349, ICC = 0.979311629322
Iteration 32: R^2 = 0.95100741835, ICC = 0.976011695523
Iteration 33: R^2 = 0.964294393004, ICC = 0.98169818214
Iteration 34: R^2 = 0.941130808911, ICC = 0.970917507206
Iteration 35: R^2 = 0.97068972214, ICC = 0.985265775691
Iteration 36: R^2 = 0.970691856344, ICC = 0.984799555074
Iteration 37: R^2 = 0.968001093719, ICC = 0.984328925836
Iteration 38: R^2 = 0.949426888388, ICC = 0.975579838817
Iteration 39: R^2 = 0.968025982344, ICC = 0.983957572223
Iteration 40: R^2 = 0.953328970621, ICC = 0.976643642811
Iteration 41: R^2 = 0.975504790619, ICC = 0.987967265148
Iteration 42: R^2 = 0.964419611691, ICC = 0.98183807939
Iteration 43: R^2 = 0.961309146279, ICC = 0.980831129556
Iteration 44: R^2 = 0.960677626371, ICC = 0.98077081204
Iteration 45: R^2 = 0.972707382808, ICC = 0.986112690079
Iteration 46: R^2 = 0.967885240835, ICC = 0.983465118878
Iteration 47: R^2 = 0.956498958294, ICC = 0.978291976779
Iteration 48: R^2 = 0.970128353716, ICC = 0.984675537036
Iteration 49: R^2 = 0.949926229578, ICC = 0.97464245515
Iteration 50: R^2 = 0.963755928571, ICC = 0.982121576724
Iteration 51: R^2 = 0.969461792474, ICC = 0.984802741234
Iteration 52: R^2 = 0.96424404402, ICC = 0.982473687184
Iteration 53: R^2 = 0.968091186481, ICC = 0.984100745063
Iteration 54: R^2 = 0.964686287153, ICC = 0.982212580468
Iteration 55: R^2 = 0.969647235034, ICC = 0.984835284845
Iteration 56: R^2 = 0.959856984685, ICC = 0.979946776514
Iteration 57: R^2 = 0.970892696917, ICC = 0.985087107752
Iteration 58: R^2 = 0.954608108365, ICC = 0.977820398844
Iteration 59: R^2 = 0.95105943525, ICC = 0.975617400773
Iteration 60: R^2 = 0.964200306779, ICC = 0.981868834356
Iteration 61: R^2 = 0.942488143817, ICC = 0.971952401974
Iteration 62: R^2 = 0.961787845943, ICC = 0.980709118448
Iteration 63: R^2 = 0.96702724394, ICC = 0.982803191231
Iteration 64: R^2 = 0.966359754833, ICC = 0.983549702355
Iteration 65: R^2 = 0.935577212525, ICC = 0.967384582304
Iteration 66: R^2 = 0.930318469901, ICC = 0.964823881765
Iteration 67: R^2 = 0.968754642948, ICC = 0.984655655291
Iteration 68: R^2 = 0.962250930994, ICC = 0.981109510072
Iteration 69: R^2 = 0.938930311749, ICC = 0.969713985537
Iteration 70: R^2 = 0.959882289945, ICC = 0.98030782974
Iteration 71: R^2 = 0.963403346557, ICC = 0.982021029399
Iteration 72: R^2 = 0.968567790856, ICC = 0.984079607982
Iteration 73: R^2 = 0.958657613804, ICC = 0.979079076644
Iteration 74: R^2 = 0.968663293017, ICC = 0.984307194809
Iteration 75: R^2 = 0.9404458586, ICC = 0.972124791803
Iteration 76: R^2 = 0.93875090545, ICC = 0.969994172872
Iteration 77: R^2 = 0.955182851312, ICC = 0.977733066891
Iteration 78: R^2 = 0.95705971668, ICC = 0.9777887356
Iteration 79: R^2 = 0.93317050102, ICC = 0.966842143014
Iteration 80: R^2 = 0.960500750641, ICC = 0.980028376821
Iteration 81: R^2 = 0.966838001068, ICC = 0.983388694714
Iteration 82: R^2 = 0.962201923982, ICC = 0.98051771403
Iteration 83: R^2 = 0.925113825102, ICC = 0.963924650261
Iteration 84: R^2 = 0.959438584392, ICC = 0.980263054117
Iteration 85: R^2 = 0.961903901941, ICC = 0.980892195626
Iteration 86: R^2 = 0.96297063829, ICC = 0.981658842637
Iteration 87: R^2 = 0.939128248762, ICC = 0.97079462125
Iteration 88: R^2 = 0.96562171128, ICC = 0.98265403654
Iteration 89: R^2 = 0.938971938956, ICC = 0.969651046962
Iteration 90: R^2 = 0.937887714972, ICC = 0.968967693567
Iteration 91: R^2 = 0.956623953541, ICC = 0.978707525084
Iteration 92: R^2 = 0.955075130883, ICC = 0.976923645568
Iteration 93: R^2 = 0.962914079512, ICC = 0.981363949606
Iteration 94: R^2 = 0.958638020905, ICC = 0.979742143536
Iteration 95: R^2 = 0.963303493986, ICC = 0.981669790147
Iteration 96: R^2 = 0.962056258978, ICC = 0.981078092301
Iteration 97: R^2 = 0.961890589484, ICC = 0.980688829172
Iteration 98: R^2 = 0.943223830062, ICC = 0.971682413438
Iteration 99: R^2 = 0.956133732396, ICC = 0.978053633826
R Squared list shape: (100,)
ICC list shape: (100,)
