Running abide_motion_wrapper_JAL.py
Fri Sep 23 12:27:42 EDT 2016
Iteration 0: R^2 = 0.956477965843, ICC = 0.97848462543
Iteration 1: R^2 = 0.95742842454, ICC = 0.978565590753
Iteration 2: R^2 = 0.969658664525, ICC = 0.985055620063
Iteration 3: R^2 = 0.953055861177, ICC = 0.976224500242
Iteration 4: R^2 = 0.964040274359, ICC = 0.982405059395
Iteration 5: R^2 = 0.952422529096, ICC = 0.975635028267
Iteration 6: R^2 = 0.963284286182, ICC = 0.982400460677
Iteration 7: R^2 = 0.964684176404, ICC = 0.982633307325
Iteration 8: R^2 = 0.956175715308, ICC = 0.978643422576
Iteration 9: R^2 = 0.966081991633, ICC = 0.982916178518
Iteration 10: R^2 = 0.949522507257, ICC = 0.975020611126
Iteration 11: R^2 = 0.962306599534, ICC = 0.981338195006
Iteration 12: R^2 = 0.945608694856, ICC = 0.974054021013
Iteration 13: R^2 = 0.953381190098, ICC = 0.976421834097
Iteration 14: R^2 = 0.962988917945, ICC = 0.981512440951
Iteration 15: R^2 = 0.96762592389, ICC = 0.983680015354
Iteration 16: R^2 = 0.950531242441, ICC = 0.974615674893
Iteration 17: R^2 = 0.962740884685, ICC = 0.981232818032
Iteration 18: R^2 = 0.943438718952, ICC = 0.971910925213
Iteration 19: R^2 = 0.946115370784, ICC = 0.972861421254
Iteration 20: R^2 = 0.965864472455, ICC = 0.982640312102
Iteration 21: R^2 = 0.958958730646, ICC = 0.979786744854
Iteration 22: R^2 = 0.965039538367, ICC = 0.982717885765
Iteration 23: R^2 = 0.97059392199, ICC = 0.985039370752
Iteration 24: R^2 = 0.955763821753, ICC = 0.977635380766
Iteration 25: R^2 = 0.959854176151, ICC = 0.979830703117
Iteration 26: R^2 = 0.966938148266, ICC = 0.983801183328
Iteration 27: R^2 = 0.96554573839, ICC = 0.982853424609
Iteration 28: R^2 = 0.946248104647, ICC = 0.973169822854
Iteration 29: R^2 = 0.969258364079, ICC = 0.984178562306
Iteration 30: R^2 = 0.921051713052, ICC = 0.960393195751
Iteration 31: R^2 = 0.959056117009, ICC = 0.97962729804
Iteration 32: R^2 = 0.957978986883, ICC = 0.97916046192
Iteration 33: R^2 = 0.933586567291, ICC = 0.96661266428
Iteration 34: R^2 = 0.940262686338, ICC = 0.97067561382
Iteration 35: R^2 = 0.966509364868, ICC = 0.983066326873
Iteration 36: R^2 = 0.965340019356, ICC = 0.983060509987
Iteration 37: R^2 = 0.960034542739, ICC = 0.980058401234
Iteration 38: R^2 = 0.959535133738, ICC = 0.980656825732
Iteration 39: R^2 = 0.95041224032, ICC = 0.974828051524
Iteration 40: R^2 = 0.970298443117, ICC = 0.985497710841
Iteration 41: R^2 = 0.949618609713, ICC = 0.975019105593
Iteration 42: R^2 = 0.966216478192, ICC = 0.983214469292
Iteration 43: R^2 = 0.943146045166, ICC = 0.973279959946
Iteration 44: R^2 = 0.951277985465, ICC = 0.975859650652
Iteration 45: R^2 = 0.963566805689, ICC = 0.982018475476
Iteration 46: R^2 = 0.967146196496, ICC = 0.983698623037
Iteration 47: R^2 = 0.932005714699, ICC = 0.965555435299
Iteration 48: R^2 = 0.963766710466, ICC = 0.982190394866
Iteration 49: R^2 = 0.936678467643, ICC = 0.969912772964
Iteration 50: R^2 = 0.960800858456, ICC = 0.979897811516
Iteration 51: R^2 = 0.968669851567, ICC = 0.984185723202
Iteration 52: R^2 = 0.952468360591, ICC = 0.976366187952
Iteration 53: R^2 = 0.967419054074, ICC = 0.983646432549
Iteration 54: R^2 = 0.956679104321, ICC = 0.977818653931
Iteration 55: R^2 = 0.963652523816, ICC = 0.981842983568
Iteration 56: R^2 = 0.956279437411, ICC = 0.979054015315
Iteration 57: R^2 = 0.961158094279, ICC = 0.980302026944
Iteration 58: R^2 = 0.956568822761, ICC = 0.978325919947
Iteration 59: R^2 = 0.965774732597, ICC = 0.982816918409
Iteration 60: R^2 = 0.96481420862, ICC = 0.982678115917
Iteration 61: R^2 = 0.922164387887, ICC = 0.961708059726
Iteration 62: R^2 = 0.94528125668, ICC = 0.972658541011
Iteration 63: R^2 = 0.964174157999, ICC = 0.983127998727
Iteration 64: R^2 = 0.963575558937, ICC = 0.981607703765
Iteration 65: R^2 = 0.965808370499, ICC = 0.98284469547
Iteration 66: R^2 = 0.96517507517, ICC = 0.982919666126
Iteration 67: R^2 = 0.939363169395, ICC = 0.970118851408
Iteration 68: R^2 = 0.96580609087, ICC = 0.982890726168
Iteration 69: R^2 = 0.967140577195, ICC = 0.983579723993
Iteration 70: R^2 = 0.934277620124, ICC = 0.968505747443
Iteration 71: R^2 = 0.901749659479, ICC = 0.9499931461
Iteration 72: R^2 = 0.96433807899, ICC = 0.982341424051
Iteration 73: R^2 = 0.963793313727, ICC = 0.982199435426
Iteration 74: R^2 = 0.96922323081, ICC = 0.984798504672
Iteration 75: R^2 = 0.961654280558, ICC = 0.980877437013
Iteration 76: R^2 = 0.959432954856, ICC = 0.980077419787
Iteration 77: R^2 = 0.964472391921, ICC = 0.982323585215
Iteration 78: R^2 = 0.968334153135, ICC = 0.984616935532
Iteration 79: R^2 = 0.961138262517, ICC = 0.980588576451
Iteration 80: R^2 = 0.964777637871, ICC = 0.982685102275
Iteration 81: R^2 = 0.962617460138, ICC = 0.98140496619
Iteration 82: R^2 = 0.9375894103, ICC = 0.969292259926
Iteration 83: R^2 = 0.964669448571, ICC = 0.982479010379
Iteration 84: R^2 = 0.916723580986, ICC = 0.956948531255
Iteration 85: R^2 = 0.944477186318, ICC = 0.971143672238
Iteration 86: R^2 = 0.943074349218, ICC = 0.972442886789
Iteration 87: R^2 = 0.964247326233, ICC = 0.981758332583
Iteration 88: R^2 = 0.957429368828, ICC = 0.97901791728
Iteration 89: R^2 = 0.965528136345, ICC = 0.982794018205
Iteration 90: R^2 = 0.968396689231, ICC = 0.984187375601
Iteration 91: R^2 = 0.966127137197, ICC = 0.983298353177
Iteration 92: R^2 = 0.965904021355, ICC = 0.982857560901
Iteration 93: R^2 = 0.966148194141, ICC = 0.983677370204
Iteration 94: R^2 = 0.939494832264, ICC = 0.970983746703
Iteration 95: R^2 = 0.972631954731, ICC = 0.98586283881
Iteration 96: R^2 = 0.959576552792, ICC = 0.979848845738
Iteration 97: R^2 = 0.908698048825, ICC = 0.955260238981
Iteration 98: R^2 = 0.964030996052, ICC = 0.981790274127
Iteration 99: R^2 = 0.961726173634, ICC = 0.980585531142
R Squared list shape: (100,)
ICC list shape: (100,)
