Running abide_motion_wrapper_JAL.py
Fri Sep 23 12:24:37 EDT 2016
Iteration 0: R^2 = 0.94135538111, ICC = 0.971306540666
Iteration 1: R^2 = 0.939247974366, ICC = 0.970488426459
Iteration 2: R^2 = 0.948258569114, ICC = 0.974178057922
Iteration 3: R^2 = 0.956384601705, ICC = 0.978298005596
Iteration 4: R^2 = 0.956473624272, ICC = 0.978237221762
Iteration 5: R^2 = 0.963567739655, ICC = 0.981140713397
Iteration 6: R^2 = 0.95600772761, ICC = 0.977338726579
Iteration 7: R^2 = 0.962948554343, ICC = 0.981228296142
Iteration 8: R^2 = 0.936097266908, ICC = 0.967965238976
Iteration 9: R^2 = 0.955850098682, ICC = 0.978245924459
Iteration 10: R^2 = 0.954510312001, ICC = 0.976999465899
Iteration 11: R^2 = 0.944345899352, ICC = 0.972670216139
Iteration 12: R^2 = 0.941931736839, ICC = 0.970379022366
Iteration 13: R^2 = 0.943358567452, ICC = 0.972143884327
Iteration 14: R^2 = 0.956745349749, ICC = 0.978445094704
Iteration 15: R^2 = 0.946503906088, ICC = 0.974113216204
Iteration 16: R^2 = 0.948109638686, ICC = 0.974021771044
Iteration 17: R^2 = 0.948351635702, ICC = 0.975501471552
Iteration 18: R^2 = 0.944689879118, ICC = 0.973157681179
Iteration 19: R^2 = 0.946861943177, ICC = 0.974465380132
Iteration 20: R^2 = 0.958201829409, ICC = 0.979126305725
Iteration 21: R^2 = 0.920008168615, ICC = 0.96190630293
Iteration 22: R^2 = 0.939232110582, ICC = 0.970537321074
Iteration 23: R^2 = 0.90151485939, ICC = 0.948955953671
Iteration 24: R^2 = 0.961767280591, ICC = 0.980792387796
Iteration 25: R^2 = 0.895239102495, ICC = 0.946587879577
Iteration 26: R^2 = 0.953632154417, ICC = 0.977338098534
Iteration 27: R^2 = 0.886564455542, ICC = 0.942182980925
Iteration 28: R^2 = 0.926411840008, ICC = 0.964064612734
Iteration 29: R^2 = 0.945812626653, ICC = 0.973296824224
Iteration 30: R^2 = 0.957191717768, ICC = 0.978594745262
Iteration 31: R^2 = 0.955486043517, ICC = 0.977125202027
Iteration 32: R^2 = 0.95306187822, ICC = 0.976516126341
Iteration 33: R^2 = 0.955859960945, ICC = 0.977443413174
Iteration 34: R^2 = 0.915303099511, ICC = 0.959903387947
Iteration 35: R^2 = 0.850641631383, ICC = 0.930018324654
Iteration 36: R^2 = 0.952123275154, ICC = 0.975412687034
Iteration 37: R^2 = 0.949556995955, ICC = 0.974491143013
Iteration 38: R^2 = 0.92007944904, ICC = 0.95862245961
Iteration 39: R^2 = 0.959988158408, ICC = 0.980252326442
Iteration 40: R^2 = 0.9303260374, ICC = 0.964461591366
Iteration 41: R^2 = 0.950978905352, ICC = 0.975472530052
Iteration 42: R^2 = 0.946995238711, ICC = 0.973687359032
Iteration 43: R^2 = 0.940442487773, ICC = 0.971082572069
Iteration 44: R^2 = 0.941021729127, ICC = 0.971168405292
Iteration 45: R^2 = 0.931678708392, ICC = 0.965805549066
Iteration 46: R^2 = 0.948760398735, ICC = 0.973440506792
Iteration 47: R^2 = 0.924239551044, ICC = 0.962314305262
Iteration 48: R^2 = 0.953386060229, ICC = 0.977303772931
Iteration 49: R^2 = 0.955836112715, ICC = 0.977964775572
Iteration 50: R^2 = 0.956339756085, ICC = 0.977746309251
Iteration 51: R^2 = 0.946375040423, ICC = 0.97364718848
Iteration 52: R^2 = 0.961874966693, ICC = 0.980428701128
Iteration 53: R^2 = 0.958165010217, ICC = 0.979665055618
Iteration 54: R^2 = 0.953526448521, ICC = 0.975896132336
Iteration 55: R^2 = 0.921717592428, ICC = 0.961036123109
Iteration 56: R^2 = 0.962442141899, ICC = 0.980597223234
Iteration 57: R^2 = 0.944236593173, ICC = 0.971666463343
Iteration 58: R^2 = 0.95302197853, ICC = 0.977396322403
Iteration 59: R^2 = 0.926324858442, ICC = 0.963858127448
Iteration 60: R^2 = 0.930632772022, ICC = 0.966427860398
Iteration 61: R^2 = 0.928374610022, ICC = 0.96598188347
Iteration 62: R^2 = 0.956453900929, ICC = 0.977339913135
Iteration 63: R^2 = 0.952883657677, ICC = 0.976104173392
Iteration 64: R^2 = 0.94644839813, ICC = 0.973802497037
Iteration 65: R^2 = 0.950047697033, ICC = 0.975953179064
Iteration 66: R^2 = 0.946740589948, ICC = 0.972932328824
Iteration 67: R^2 = 0.949421379654, ICC = 0.974398997764
Iteration 68: R^2 = 0.958340452102, ICC = 0.979125473943
Iteration 69: R^2 = 0.936456154497, ICC = 0.968140752107
Iteration 70: R^2 = 0.95062799468, ICC = 0.974986604254
Iteration 71: R^2 = 0.948788325435, ICC = 0.975073090655
Iteration 72: R^2 = 0.954831651519, ICC = 0.977389571267
Iteration 73: R^2 = 0.958778378175, ICC = 0.97904721345
Iteration 74: R^2 = 0.947856215636, ICC = 0.973757431732
Iteration 75: R^2 = 0.894441175277, ICC = 0.946092818677
Iteration 76: R^2 = 0.938718364991, ICC = 0.968680178884
Iteration 77: R^2 = 0.950500898591, ICC = 0.975390186185
Iteration 78: R^2 = 0.942660196888, ICC = 0.970878251849
Iteration 79: R^2 = 0.951650016134, ICC = 0.975436665397
Iteration 80: R^2 = 0.943053920083, ICC = 0.971095458509
Iteration 81: R^2 = 0.960667629414, ICC = 0.980470908372
Iteration 82: R^2 = 0.92291442368, ICC = 0.964327345819
Iteration 83: R^2 = 0.957268349004, ICC = 0.978569037042
Iteration 84: R^2 = 0.873292767557, ICC = 0.941258279722
Iteration 85: R^2 = 0.955736156689, ICC = 0.97864629479
Iteration 86: R^2 = 0.951489923715, ICC = 0.975253330518
Iteration 87: R^2 = 0.949776922436, ICC = 0.975216370062
Iteration 88: R^2 = 0.925567470799, ICC = 0.962770484102
Iteration 89: R^2 = 0.957307124916, ICC = 0.978174557041
Iteration 90: R^2 = 0.915904749801, ICC = 0.956362484181
Iteration 91: R^2 = 0.922599550549, ICC = 0.960770902073
Iteration 92: R^2 = 0.945499012079, ICC = 0.972923411728
Iteration 93: R^2 = 0.944829843571, ICC = 0.972909807464
Iteration 94: R^2 = 0.930001645776, ICC = 0.964823543333
Iteration 95: R^2 = 0.956889379926, ICC = 0.97797467505
Iteration 96: R^2 = 0.954639689826, ICC = 0.976650914485
Iteration 97: R^2 = 0.954939717843, ICC = 0.977031448896
Iteration 98: R^2 = 0.955932893648, ICC = 0.978383446965
Iteration 99: R^2 = 0.930513416158, ICC = 0.964810344589
R Squared list shape: (100,)
ICC list shape: (100,)
