Running abide_motion_wrapper_JAL.py
Fri Sep 23 12:24:37 EDT 2016
Iteration 0: R^2 = 0.624553818727, ICC = 0.805808520434
Iteration 1: R^2 = 0.488107703023, ICC = 0.730261200863
Iteration 2: R^2 = 0.674961030144, ICC = 0.840525701186
Iteration 3: R^2 = 0.784245760295, ICC = 0.896254335649
Iteration 4: R^2 = 0.432322624928, ICC = 0.756877132347
Iteration 5: R^2 = 0.767948113952, ICC = 0.886890676938
Iteration 6: R^2 = 0.692574685724, ICC = 0.853185713123
Iteration 7: R^2 = 0.799047695572, ICC = 0.903028673335
Iteration 8: R^2 = 0.781556638072, ICC = 0.894677562676
Iteration 9: R^2 = 0.555670711021, ICC = 0.797330822258
Iteration 10: R^2 = 0.662967737886, ICC = 0.837946017411
Iteration 11: R^2 = 0.552317575753, ICC = 0.792306053959
Iteration 12: R^2 = 0.630828456768, ICC = 0.822985404038
Iteration 13: R^2 = 0.801090734358, ICC = 0.898786478206
Iteration 14: R^2 = 0.540155809028, ICC = 0.791804167859
Iteration 15: R^2 = 0.774404542307, ICC = 0.876146404033
Iteration 16: R^2 = 0.757059201626, ICC = 0.868767986836
Iteration 17: R^2 = 0.761186315707, ICC = 0.874290789464
Iteration 18: R^2 = 0.779245934203, ICC = 0.881695190249
Iteration 19: R^2 = 0.796472204243, ICC = 0.897974425397
Iteration 20: R^2 = 0.80234016262, ICC = 0.895296544607
Iteration 21: R^2 = 0.701221704424, ICC = 0.861018318228
Iteration 22: R^2 = 0.801936935001, ICC = 0.900633783117
Iteration 23: R^2 = 0.723585652248, ICC = 0.867875583244
Iteration 24: R^2 = 0.817306389004, ICC = 0.906246053853
Iteration 25: R^2 = 0.756902141659, ICC = 0.87386909484
Iteration 26: R^2 = 0.755555929348, ICC = 0.874039323439
Iteration 27: R^2 = 0.714877761476, ICC = 0.852679742715
Iteration 28: R^2 = 0.771336605381, ICC = 0.878013382369
Iteration 29: R^2 = 0.806716838876, ICC = 0.908524882475
Iteration 30: R^2 = 0.678661090532, ICC = 0.860015224576
Iteration 31: R^2 = 0.833569165332, ICC = 0.914235925697
Iteration 32: R^2 = 0.76496953836, ICC = 0.895211821764
Iteration 33: R^2 = 0.558190284893, ICC = 0.786301478284
Iteration 34: R^2 = 0.750190912592, ICC = 0.882084688731
Iteration 35: R^2 = 0.7847336075, ICC = 0.891168521285
Iteration 36: R^2 = 0.572198696542, ICC = 0.783179212547
Iteration 37: R^2 = 0.446488432481, ICC = 0.7615011107
Iteration 38: R^2 = 0.705319178111, ICC = 0.850436036356
Iteration 39: R^2 = 0.731905498575, ICC = 0.879422883354
Iteration 40: R^2 = 0.764141405429, ICC = 0.884621389123
Iteration 41: R^2 = 0.72155260934, ICC = 0.863473278868
Iteration 42: R^2 = 0.68393811718, ICC = 0.860310739141
Iteration 43: R^2 = 0.790468711818, ICC = 0.889722801711
Iteration 44: R^2 = 0.753940482148, ICC = 0.887297548471
Iteration 45: R^2 = 0.789639557307, ICC = 0.899249118388
Iteration 46: R^2 = 0.747480714228, ICC = 0.878124064067
Iteration 47: R^2 = 0.796938191942, ICC = 0.893644841156
Iteration 48: R^2 = 0.767911596813, ICC = 0.88291862547
Iteration 49: R^2 = 0.757715170697, ICC = 0.874599339232
Iteration 50: R^2 = 0.755065074754, ICC = 0.877092353617
Iteration 51: R^2 = 0.638034270582, ICC = 0.824527286879
Iteration 52: R^2 = 0.78934295447, ICC = 0.897174714193
Iteration 53: R^2 = 0.803544860598, ICC = 0.895952453057
Iteration 54: R^2 = 0.779888519704, ICC = 0.894659902179
Iteration 55: R^2 = 0.810484449766, ICC = 0.905751974405
Iteration 56: R^2 = 0.56842978795, ICC = 0.800351966039
Iteration 57: R^2 = 0.647549571023, ICC = 0.845572907476
Iteration 58: R^2 = 0.822030056393, ICC = 0.908517229847
Iteration 59: R^2 = 0.767958930447, ICC = 0.879746701564
Iteration 60: R^2 = 0.755016829698, ICC = 0.874499247246
Iteration 61: R^2 = 0.340577306384, ICC = 0.711357725942
Iteration 62: R^2 = 0.739705000859, ICC = 0.86268891763
Iteration 63: R^2 = 0.519263921585, ICC = 0.74026777792
Iteration 64: R^2 = 0.727706592338, ICC = 0.859742117735
Iteration 65: R^2 = 0.80074786057, ICC = 0.895077809449
Iteration 66: R^2 = 0.803705716609, ICC = 0.903716659752
Iteration 67: R^2 = 0.725143570204, ICC = 0.858640773891
Iteration 68: R^2 = 0.440411492427, ICC = 0.752181130663
Iteration 69: R^2 = 0.784067746518, ICC = 0.894696838261
Iteration 70: R^2 = 0.516192548903, ICC = 0.780663230349
Iteration 71: R^2 = 0.755380759897, ICC = 0.887227647081
Iteration 72: R^2 = 0.681308022502, ICC = 0.839985886891
Iteration 73: R^2 = 0.578840110852, ICC = 0.779354212862
Iteration 74: R^2 = 0.570051802311, ICC = 0.806244819592
Iteration 75: R^2 = 0.820693848104, ICC = 0.901224253588
Iteration 76: R^2 = 0.733466652732, ICC = 0.859714133703
Iteration 77: R^2 = 0.724228859506, ICC = 0.869548903462
Iteration 78: R^2 = 0.771278634311, ICC = 0.885051146924
Iteration 79: R^2 = 0.815502106984, ICC = 0.903222436578
Iteration 80: R^2 = 0.587775247293, ICC = 0.808688483777
Iteration 81: R^2 = 0.748553120362, ICC = 0.874496789932
Iteration 82: R^2 = 0.779121048602, ICC = 0.880800830487
Iteration 83: R^2 = 0.798510605391, ICC = 0.890994829
Iteration 84: R^2 = 0.788648659369, ICC = 0.891287750681
Iteration 85: R^2 = 0.751461177994, ICC = 0.881918294411
Iteration 86: R^2 = 0.497117622012, ICC = 0.759209812548
Iteration 87: R^2 = 0.784299252171, ICC = 0.891561875035
Iteration 88: R^2 = 0.571509670341, ICC = 0.795753447145
Iteration 89: R^2 = 0.71961976258, ICC = 0.850098595668
Iteration 90: R^2 = 0.806161587895, ICC = 0.900293385311
Iteration 91: R^2 = 0.650858130272, ICC = 0.821031237372
Iteration 92: R^2 = 0.55641869997, ICC = 0.793818523758
Iteration 93: R^2 = 0.766990484527, ICC = 0.8830041159
Iteration 94: R^2 = 0.755097714398, ICC = 0.881463863262
Iteration 95: R^2 = 0.783519249849, ICC = 0.876898886775
Iteration 96: R^2 = 0.788947669834, ICC = 0.898331453793
Iteration 97: R^2 = 0.777866707638, ICC = 0.891809659148
Iteration 98: R^2 = 0.766924680057, ICC = 0.879672555455
Iteration 99: R^2 = 0.828454219926, ICC = 0.911833932505
R Squared list shape: (100,)
ICC list shape: (100,)
