Running abide_motion_wrapper_JAL.py
Fri Sep 23 12:26:04 EDT 2016
Iteration 0: R^2 = 0.968499141042, ICC = 0.984139886374
Iteration 1: R^2 = 0.971198395079, ICC = 0.985609158059
Iteration 2: R^2 = 0.969465274069, ICC = 0.984588304961
Iteration 3: R^2 = 0.971217437984, ICC = 0.98581388994
Iteration 4: R^2 = 0.965452513211, ICC = 0.982535059829
Iteration 5: R^2 = 0.967123730483, ICC = 0.983703082714
Iteration 6: R^2 = 0.948295897053, ICC = 0.974701529801
Iteration 7: R^2 = 0.951319181518, ICC = 0.975648434132
Iteration 8: R^2 = 0.970048381398, ICC = 0.985241140523
Iteration 9: R^2 = 0.946799927602, ICC = 0.974076562337
Iteration 10: R^2 = 0.973384144312, ICC = 0.986790295679
Iteration 11: R^2 = 0.967714125844, ICC = 0.984211089582
Iteration 12: R^2 = 0.955057083514, ICC = 0.977314270847
Iteration 13: R^2 = 0.972764897315, ICC = 0.986423447857
Iteration 14: R^2 = 0.966713355535, ICC = 0.983368410535
Iteration 15: R^2 = 0.956716830851, ICC = 0.978101648717
Iteration 16: R^2 = 0.958559313881, ICC = 0.97846343198
Iteration 17: R^2 = 0.970653988688, ICC = 0.985302407581
Iteration 18: R^2 = 0.968029245371, ICC = 0.983741224716
Iteration 19: R^2 = 0.967823176219, ICC = 0.983954096227
Iteration 20: R^2 = 0.969285307874, ICC = 0.985252969339
Iteration 21: R^2 = 0.962685173614, ICC = 0.981045756633
Iteration 22: R^2 = 0.962844033372, ICC = 0.981816866625
Iteration 23: R^2 = 0.950173655354, ICC = 0.97454199055
Iteration 24: R^2 = 0.941185372603, ICC = 0.970312559443
Iteration 25: R^2 = 0.954503442139, ICC = 0.976614957745
Iteration 26: R^2 = 0.96952836998, ICC = 0.984669232297
Iteration 27: R^2 = 0.963965851135, ICC = 0.982103534313
Iteration 28: R^2 = 0.965173282837, ICC = 0.982190030202
Iteration 29: R^2 = 0.969987070126, ICC = 0.985082154704
Iteration 30: R^2 = 0.962684712437, ICC = 0.981550279344
Iteration 31: R^2 = 0.969533715863, ICC = 0.984463607121
Iteration 32: R^2 = 0.965486294993, ICC = 0.982961784222
Iteration 33: R^2 = 0.946232641965, ICC = 0.971963817924
Iteration 34: R^2 = 0.967756054371, ICC = 0.98354261821
Iteration 35: R^2 = 0.941167069801, ICC = 0.970099603701
Iteration 36: R^2 = 0.973145700858, ICC = 0.986305983998
Iteration 37: R^2 = 0.957521679352, ICC = 0.979478673083
Iteration 38: R^2 = 0.966134824432, ICC = 0.983333859433
Iteration 39: R^2 = 0.973185472489, ICC = 0.986464574832
Iteration 40: R^2 = 0.960271207221, ICC = 0.980059546214
Iteration 41: R^2 = 0.962207284908, ICC = 0.981873213989
Iteration 42: R^2 = 0.958040471109, ICC = 0.9790125453
Iteration 43: R^2 = 0.961318226705, ICC = 0.980872836703
Iteration 44: R^2 = 0.966844125029, ICC = 0.983385501863
Iteration 45: R^2 = 0.947842155429, ICC = 0.974139987319
Iteration 46: R^2 = 0.967221203325, ICC = 0.98328488031
Iteration 47: R^2 = 0.966681556551, ICC = 0.983353850571
Iteration 48: R^2 = 0.97196427767, ICC = 0.985874797656
Iteration 49: R^2 = 0.948510458187, ICC = 0.974481718458
Iteration 50: R^2 = 0.972476845448, ICC = 0.986313581587
Iteration 51: R^2 = 0.971190144193, ICC = 0.985389361547
Iteration 52: R^2 = 0.950890723923, ICC = 0.976162984523
Iteration 53: R^2 = 0.975290523212, ICC = 0.98786323961
Iteration 54: R^2 = 0.953403405083, ICC = 0.976657041013
Iteration 55: R^2 = 0.968622096407, ICC = 0.984289872938
Iteration 56: R^2 = 0.966241813337, ICC = 0.983245271063
Iteration 57: R^2 = 0.963582120019, ICC = 0.98211450009
Iteration 58: R^2 = 0.975605187137, ICC = 0.987694880897
Iteration 59: R^2 = 0.970851538893, ICC = 0.985236289373
Iteration 60: R^2 = 0.967062145459, ICC = 0.98369785372
Iteration 61: R^2 = 0.97086614435, ICC = 0.985638651993
Iteration 62: R^2 = 0.969338646963, ICC = 0.984563734755
Iteration 63: R^2 = 0.957070766279, ICC = 0.978742346765
Iteration 64: R^2 = 0.973294991206, ICC = 0.986994359349
Iteration 65: R^2 = 0.968693351808, ICC = 0.984635339015
Iteration 66: R^2 = 0.882932405588, ICC = 0.940606786808
Iteration 67: R^2 = 0.969565947878, ICC = 0.984473808547
Iteration 68: R^2 = 0.956810117488, ICC = 0.977991156152
Iteration 69: R^2 = 0.938525067153, ICC = 0.970846560943
Iteration 70: R^2 = 0.962833417263, ICC = 0.981316529209
Iteration 71: R^2 = 0.931676910946, ICC = 0.968258784701
Iteration 72: R^2 = 0.969336582869, ICC = 0.984674154405
Iteration 73: R^2 = 0.970945836097, ICC = 0.985293732644
Iteration 74: R^2 = 0.958945261693, ICC = 0.979755458796
Iteration 75: R^2 = 0.966002860248, ICC = 0.982499432866
Iteration 76: R^2 = 0.963722147692, ICC = 0.981651812714
Iteration 77: R^2 = 0.96975315376, ICC = 0.984643903528
Iteration 78: R^2 = 0.963494699504, ICC = 0.981710747535
Iteration 79: R^2 = 0.965781004236, ICC = 0.982649660165
Iteration 80: R^2 = 0.965573854128, ICC = 0.982956475488
Iteration 81: R^2 = 0.973703697366, ICC = 0.986586024999
Iteration 82: R^2 = 0.970352970953, ICC = 0.985043106724
Iteration 83: R^2 = 0.969196874004, ICC = 0.984500031655
Iteration 84: R^2 = 0.959515191123, ICC = 0.980082934668
Iteration 85: R^2 = 0.966121260186, ICC = 0.983225392718
Iteration 86: R^2 = 0.968100875909, ICC = 0.984036692844
Iteration 87: R^2 = 0.927567457967, ICC = 0.96477700911
Iteration 88: R^2 = 0.958369651027, ICC = 0.978838935798
Iteration 89: R^2 = 0.965981015086, ICC = 0.982566622974
Iteration 90: R^2 = 0.966153353681, ICC = 0.983150632011
Iteration 91: R^2 = 0.969106995237, ICC = 0.984470564748
Iteration 92: R^2 = 0.960398288837, ICC = 0.980567548186
Iteration 93: R^2 = 0.975091016017, ICC = 0.987693585247
Iteration 94: R^2 = 0.961884666688, ICC = 0.980656736737
Iteration 95: R^2 = 0.973319997932, ICC = 0.98651766419
Iteration 96: R^2 = 0.96673591892, ICC = 0.983768582057
Iteration 97: R^2 = 0.973125417919, ICC = 0.986629775898
Iteration 98: R^2 = 0.970828889039, ICC = 0.985333138949
Iteration 99: R^2 = 0.960039669475, ICC = 0.980652923093
R Squared list shape: (100,)
ICC list shape: (100,)
