Running abide_motion_wrapper_JAL.py
Fri Sep 23 12:25:20 EDT 2016
Iteration 0: R^2 = 0.958456479324, ICC = 0.979469983661
Iteration 1: R^2 = 0.948429964205, ICC = 0.973492123637
Iteration 2: R^2 = 0.958855201417, ICC = 0.979411191463
Iteration 3: R^2 = 0.927885916278, ICC = 0.963192788326
Iteration 4: R^2 = 0.946673108477, ICC = 0.973162624053
Iteration 5: R^2 = 0.911996138688, ICC = 0.957370418996
Iteration 6: R^2 = 0.909357727541, ICC = 0.955912914532
Iteration 7: R^2 = 0.953717201132, ICC = 0.976895237716
Iteration 8: R^2 = 0.948509862821, ICC = 0.973185529929
Iteration 9: R^2 = 0.950973560242, ICC = 0.975835566347
Iteration 10: R^2 = 0.951460465675, ICC = 0.976246691059
Iteration 11: R^2 = 0.955425150862, ICC = 0.978222925861
Iteration 12: R^2 = 0.946791485628, ICC = 0.972366206031
Iteration 13: R^2 = 0.938016679486, ICC = 0.96938323545
Iteration 14: R^2 = 0.954238335161, ICC = 0.97668772825
Iteration 15: R^2 = 0.957814004434, ICC = 0.979323886245
Iteration 16: R^2 = 0.932679441366, ICC = 0.966560410577
Iteration 17: R^2 = 0.919892513728, ICC = 0.960724203574
Iteration 18: R^2 = 0.945640157857, ICC = 0.973129356363
Iteration 19: R^2 = 0.950455490104, ICC = 0.975525847482
Iteration 20: R^2 = 0.935212016358, ICC = 0.968243403431
Iteration 21: R^2 = 0.95445680322, ICC = 0.977302921711
Iteration 22: R^2 = 0.949336259368, ICC = 0.974102979598
Iteration 23: R^2 = 0.927179308585, ICC = 0.962586055326
Iteration 24: R^2 = 0.923643477704, ICC = 0.960112367767
Iteration 25: R^2 = 0.920068540585, ICC = 0.962372164083
Iteration 26: R^2 = 0.95528910685, ICC = 0.978115831663
Iteration 27: R^2 = 0.940181493563, ICC = 0.969858536035
Iteration 28: R^2 = 0.93881036166, ICC = 0.970559067288
Iteration 29: R^2 = 0.906855069093, ICC = 0.955130865833
Iteration 30: R^2 = 0.940312898409, ICC = 0.97074356062
Iteration 31: R^2 = 0.955490401767, ICC = 0.977036332686
Iteration 32: R^2 = 0.952002137426, ICC = 0.976750864969
Iteration 33: R^2 = 0.920788667007, ICC = 0.960533660929
Iteration 34: R^2 = 0.950281091972, ICC = 0.976423052646
Iteration 35: R^2 = 0.923813865679, ICC = 0.962670331442
Iteration 36: R^2 = 0.944842138268, ICC = 0.972544609726
Iteration 37: R^2 = 0.954248224599, ICC = 0.977240798035
Iteration 38: R^2 = 0.954585049704, ICC = 0.977414566933
Iteration 39: R^2 = 0.949189102094, ICC = 0.974909368891
Iteration 40: R^2 = 0.881493842622, ICC = 0.941400495894
Iteration 41: R^2 = 0.951054506422, ICC = 0.975087701766
Iteration 42: R^2 = 0.925269385558, ICC = 0.963351783617
Iteration 43: R^2 = 0.9489851384, ICC = 0.97447274299
Iteration 44: R^2 = 0.957324622947, ICC = 0.977596049279
Iteration 45: R^2 = 0.94931139929, ICC = 0.974852202054
Iteration 46: R^2 = 0.898414942157, ICC = 0.951264897843
Iteration 47: R^2 = 0.896573781682, ICC = 0.947309242547
Iteration 48: R^2 = 0.948107452841, ICC = 0.973842355313
Iteration 49: R^2 = 0.946485586646, ICC = 0.973500843437
Iteration 50: R^2 = 0.951958304407, ICC = 0.976404401541
Iteration 51: R^2 = 0.933265925769, ICC = 0.966680892426
Iteration 52: R^2 = 0.95137305051, ICC = 0.975006860741
Iteration 53: R^2 = 0.917576208305, ICC = 0.958336461599
Iteration 54: R^2 = 0.84078247502, ICC = 0.919716123457
Iteration 55: R^2 = 0.946207731926, ICC = 0.973525237061
Iteration 56: R^2 = 0.93276809111, ICC = 0.96586018731
Iteration 57: R^2 = 0.886373058135, ICC = 0.941799094858
Iteration 58: R^2 = 0.955500134987, ICC = 0.97624580318
Iteration 59: R^2 = 0.952153144265, ICC = 0.975973580393
Iteration 60: R^2 = 0.912308428556, ICC = 0.955078489427
Iteration 61: R^2 = 0.909869137389, ICC = 0.957206154263
Iteration 62: R^2 = 0.953082822109, ICC = 0.976061176217
Iteration 63: R^2 = 0.934166571097, ICC = 0.968069599574
Iteration 64: R^2 = 0.94031661144, ICC = 0.970747143308
Iteration 65: R^2 = 0.958313211518, ICC = 0.979283050484
Iteration 66: R^2 = 0.935676883016, ICC = 0.968522487374
Iteration 67: R^2 = 0.937235259583, ICC = 0.969725262264
Iteration 68: R^2 = 0.933627353505, ICC = 0.966755308617
Iteration 69: R^2 = 0.912196355804, ICC = 0.956469389031
Iteration 70: R^2 = 0.95507868201, ICC = 0.977296959507
Iteration 71: R^2 = 0.949124328331, ICC = 0.973778988606
Iteration 72: R^2 = 0.957668765937, ICC = 0.979120681548
Iteration 73: R^2 = 0.945517637375, ICC = 0.973610483927
Iteration 74: R^2 = 0.957219567827, ICC = 0.978094766412
Iteration 75: R^2 = 0.936746256547, ICC = 0.968521626765
Iteration 76: R^2 = 0.919298614322, ICC = 0.957639951171
Iteration 77: R^2 = 0.941498669001, ICC = 0.971502320079
Iteration 78: R^2 = 0.96043254704, ICC = 0.980344974595
Iteration 79: R^2 = 0.958601910438, ICC = 0.979525096923
Iteration 80: R^2 = 0.956995644853, ICC = 0.977840903633
Iteration 81: R^2 = 0.950707483229, ICC = 0.975737650457
Iteration 82: R^2 = 0.950174971221, ICC = 0.975634110047
Iteration 83: R^2 = 0.942448025033, ICC = 0.971715805243
Iteration 84: R^2 = 0.922743785345, ICC = 0.961907403714
Iteration 85: R^2 = 0.944801252242, ICC = 0.97293164115
Iteration 86: R^2 = 0.944591998864, ICC = 0.97166081392
Iteration 87: R^2 = 0.950917137353, ICC = 0.975882298744
Iteration 88: R^2 = 0.953521255355, ICC = 0.976470665933
Iteration 89: R^2 = 0.953536826233, ICC = 0.976668742883
Iteration 90: R^2 = 0.960599605211, ICC = 0.980279934596
Iteration 91: R^2 = 0.954499646923, ICC = 0.977502955988
Iteration 92: R^2 = 0.944952770263, ICC = 0.973210307132
Iteration 93: R^2 = 0.95411130695, ICC = 0.976229683714
Iteration 94: R^2 = 0.91282690229, ICC = 0.95403665753
Iteration 95: R^2 = 0.946929272534, ICC = 0.974105920956
Iteration 96: R^2 = 0.950869062709, ICC = 0.975032904727
Iteration 97: R^2 = 0.94125605287, ICC = 0.970313085278
Iteration 98: R^2 = 0.9268330095, ICC = 0.962252617456
Iteration 99: R^2 = 0.952240332709, ICC = 0.9756871351
R Squared list shape: (100,)
ICC list shape: (100,)
