Running abide_motion_wrapper_JAL.py
Fri Sep 23 12:27:42 EDT 2016
Iteration 0: R^2 = 0.870354095844, ICC = 0.930519410958
Iteration 1: R^2 = 0.8755738528, ICC = 0.939882059551
Iteration 2: R^2 = 0.776212946339, ICC = 0.897122059086
Iteration 3: R^2 = 0.873621993313, ICC = 0.940757044105
Iteration 4: R^2 = 0.881173562674, ICC = 0.9379836153
Iteration 5: R^2 = 0.880536540997, ICC = 0.937853771188
Iteration 6: R^2 = 0.876714932723, ICC = 0.935831264669
Iteration 7: R^2 = 0.780298812182, ICC = 0.903158303884
Iteration 8: R^2 = 0.76791428642, ICC = 0.89329574471
Iteration 9: R^2 = 0.888936978623, ICC = 0.941904361903
Iteration 10: R^2 = 0.86307215435, ICC = 0.935137152255
Iteration 11: R^2 = 0.854698614135, ICC = 0.924273152514
Iteration 12: R^2 = 0.864154051306, ICC = 0.927747996135
Iteration 13: R^2 = 0.861604409596, ICC = 0.926108741056
Iteration 14: R^2 = 0.892718850396, ICC = 0.943065422557
Iteration 15: R^2 = 0.82260360157, ICC = 0.913965341488
Iteration 16: R^2 = 0.818890454068, ICC = 0.905349147265
Iteration 17: R^2 = 0.864972603853, ICC = 0.933608877781
Iteration 18: R^2 = 0.87551976839, ICC = 0.936092639046
Iteration 19: R^2 = 0.837895017962, ICC = 0.917505226515
Iteration 20: R^2 = 0.870089183312, ICC = 0.932925084911
Iteration 21: R^2 = 0.898514477115, ICC = 0.94710786093
Iteration 22: R^2 = 0.867059672486, ICC = 0.932829066475
Iteration 23: R^2 = 0.863737723592, ICC = 0.933161783635
Iteration 24: R^2 = 0.888804415272, ICC = 0.944829831105
Iteration 25: R^2 = 0.87948829904, ICC = 0.939823130666
Iteration 26: R^2 = 0.561984370806, ICC = 0.815875233807
Iteration 27: R^2 = 0.9065357058, ICC = 0.954215721236
Iteration 28: R^2 = 0.882220884158, ICC = 0.9428534588
Iteration 29: R^2 = 0.841430348952, ICC = 0.926894239778
Iteration 30: R^2 = 0.890229707899, ICC = 0.944431731325
Iteration 31: R^2 = 0.781956357305, ICC = 0.89536204862
Iteration 32: R^2 = 0.865976797663, ICC = 0.936537895755
Iteration 33: R^2 = 0.788539299064, ICC = 0.894398497958
Iteration 34: R^2 = 0.863619905164, ICC = 0.931980469608
Iteration 35: R^2 = 0.868756311413, ICC = 0.934453130394
Iteration 36: R^2 = 0.755944630982, ICC = 0.889043866845
Iteration 37: R^2 = 0.888733245169, ICC = 0.945426727149
Iteration 38: R^2 = 0.854658861274, ICC = 0.924506311205
Iteration 39: R^2 = 0.904519449748, ICC = 0.950698548331
Iteration 40: R^2 = 0.90377894349, ICC = 0.950850656473
Iteration 41: R^2 = 0.872910321975, ICC = 0.936852089282
Iteration 42: R^2 = 0.89101832735, ICC = 0.943012676238
Iteration 43: R^2 = 0.83569211173, ICC = 0.921554008222
Iteration 44: R^2 = 0.798910380339, ICC = 0.89434508603
Iteration 45: R^2 = 0.882959648294, ICC = 0.936751595005
Iteration 46: R^2 = 0.885521757058, ICC = 0.942201285692
Iteration 47: R^2 = 0.844144314335, ICC = 0.925257642973
Iteration 48: R^2 = 0.728247444929, ICC = 0.859164879475
Iteration 49: R^2 = 0.878503131004, ICC = 0.939805148185
Iteration 50: R^2 = 0.59707548301, ICC = 0.826659185629
Iteration 51: R^2 = 0.867637569846, ICC = 0.935177199304
Iteration 52: R^2 = 0.868979588817, ICC = 0.936613549072
Iteration 53: R^2 = 0.866330179171, ICC = 0.936312060189
Iteration 54: R^2 = 0.869851136941, ICC = 0.937307699776
Iteration 55: R^2 = 0.86409903921, ICC = 0.933036917219
Iteration 56: R^2 = 0.854368697243, ICC = 0.928904342266
Iteration 57: R^2 = 0.895122729833, ICC = 0.94852244428
Iteration 58: R^2 = 0.821180478667, ICC = 0.902558221874
Iteration 59: R^2 = 0.901058275851, ICC = 0.95082451923
Iteration 60: R^2 = 0.85484487131, ICC = 0.92367260836
Iteration 61: R^2 = 0.860981361561, ICC = 0.930084316469
Iteration 62: R^2 = 0.817427039953, ICC = 0.905897172884
Iteration 63: R^2 = 0.904225388736, ICC = 0.952787064874
Iteration 64: R^2 = 0.865923555573, ICC = 0.932704177247
Iteration 65: R^2 = 0.835971386107, ICC = 0.921915679096
Iteration 66: R^2 = 0.849175134676, ICC = 0.926909084445
Iteration 67: R^2 = 0.124819738743, ICC = 0.660520010791
Iteration 68: R^2 = 0.879203059673, ICC = 0.940398149096
Iteration 69: R^2 = 0.835947749798, ICC = 0.919696232762
Iteration 70: R^2 = 0.889789054271, ICC = 0.94670270578
Iteration 71: R^2 = 0.864945266782, ICC = 0.928776375846
Iteration 72: R^2 = 0.751864399011, ICC = 0.887709744998
Iteration 73: R^2 = 0.85027027522, ICC = 0.928165662516
Iteration 74: R^2 = 0.892169228104, ICC = 0.94620538359
Iteration 75: R^2 = 0.764803566934, ICC = 0.871521311366
Iteration 76: R^2 = 0.817191051179, ICC = 0.912571889326
Iteration 77: R^2 = 0.88928300202, ICC = 0.943119750249
Iteration 78: R^2 = 0.726866670322, ICC = 0.868409133979
Iteration 79: R^2 = 0.853651827203, ICC = 0.924493592868
Iteration 80: R^2 = 0.901340755484, ICC = 0.950816706034
Iteration 81: R^2 = 0.844475842199, ICC = 0.924691366995
Iteration 82: R^2 = 0.891735901882, ICC = 0.947244954765
Iteration 83: R^2 = 0.850156000823, ICC = 0.928400980961
Iteration 84: R^2 = 0.883403547357, ICC = 0.941018642182
Iteration 85: R^2 = 0.898323571836, ICC = 0.947329521455
Iteration 86: R^2 = 0.894467899454, ICC = 0.946022592655
Iteration 87: R^2 = 0.860927029021, ICC = 0.928579729541
Iteration 88: R^2 = 0.854385053993, ICC = 0.926348044753
Iteration 89: R^2 = 0.747012994104, ICC = 0.880085964542
Iteration 90: R^2 = 0.876145057334, ICC = 0.934718674518
Iteration 91: R^2 = 0.861850514104, ICC = 0.931726582433
Iteration 92: R^2 = 0.691152772134, ICC = 0.855448340845
Iteration 93: R^2 = 0.859993434159, ICC = 0.932438683067
Iteration 94: R^2 = 0.870023739395, ICC = 0.93931301417
Iteration 95: R^2 = 0.890588507956, ICC = 0.940731458555
Iteration 96: R^2 = 0.90223564292, ICC = 0.949703213023
Iteration 97: R^2 = 0.872736943769, ICC = 0.936304966939
Iteration 98: R^2 = 0.892723099194, ICC = 0.944774482363
Iteration 99: R^2 = 0.854284369954, ICC = 0.93248804887
R Squared list shape: (100,)
ICC list shape: (100,)
