Running abide_motion_wrapper_JAL.py
Fri Sep 23 12:29:26 EDT 2016
Iteration 0: R^2 = 0.889721340202, ICC = 0.943364819641
Iteration 1: R^2 = 0.819894546372, ICC = 0.911777875813
Iteration 2: R^2 = 0.765691317316, ICC = 0.88525534729
Iteration 3: R^2 = 0.722933366489, ICC = 0.864375375274
Iteration 4: R^2 = 0.713938991005, ICC = 0.862983445503
Iteration 5: R^2 = 0.858871666473, ICC = 0.927682069706
Iteration 6: R^2 = 0.896538239603, ICC = 0.948229780592
Iteration 7: R^2 = 0.908989207313, ICC = 0.953299444794
Iteration 8: R^2 = 0.898661790102, ICC = 0.950531061713
Iteration 9: R^2 = 0.824483334563, ICC = 0.905715110814
Iteration 10: R^2 = 0.798250407791, ICC = 0.907573725623
Iteration 11: R^2 = 0.881855539018, ICC = 0.940021221017
Iteration 12: R^2 = 0.888024209945, ICC = 0.943505090633
Iteration 13: R^2 = 0.833558565718, ICC = 0.913451061125
Iteration 14: R^2 = 0.912251587611, ICC = 0.955151564852
Iteration 15: R^2 = 0.818011733273, ICC = 0.906174108795
Iteration 16: R^2 = 0.848269970241, ICC = 0.92665596831
Iteration 17: R^2 = 0.902872490733, ICC = 0.953006323601
Iteration 18: R^2 = 0.874896511462, ICC = 0.941220227161
Iteration 19: R^2 = 0.855131724398, ICC = 0.933139608148
Iteration 20: R^2 = 0.723098542444, ICC = 0.859199318114
Iteration 21: R^2 = 0.893301488983, ICC = 0.945946902543
Iteration 22: R^2 = 0.797415438138, ICC = 0.903328316086
Iteration 23: R^2 = 0.912105127343, ICC = 0.956729929237
Iteration 24: R^2 = 0.86142092285, ICC = 0.929856444907
Iteration 25: R^2 = 0.893430333044, ICC = 0.944219624996
Iteration 26: R^2 = 0.860789717558, ICC = 0.932410403604
Iteration 27: R^2 = 0.843564672372, ICC = 0.92515262819
Iteration 28: R^2 = 0.859536018248, ICC = 0.931791855261
Iteration 29: R^2 = 0.86223879989, ICC = 0.93235318581
Iteration 30: R^2 = 0.8399586474, ICC = 0.918996655892
Iteration 31: R^2 = 0.798787091303, ICC = 0.892205371827
Iteration 32: R^2 = 0.861427934754, ICC = 0.932682280456
Iteration 33: R^2 = 0.858478359527, ICC = 0.928102028152
Iteration 34: R^2 = 0.820956843353, ICC = 0.915678940911
Iteration 35: R^2 = 0.898152363187, ICC = 0.948279774945
Iteration 36: R^2 = 0.865277884384, ICC = 0.931525271145
Iteration 37: R^2 = 0.873691038285, ICC = 0.940618768045
Iteration 38: R^2 = 0.771553948347, ICC = 0.883543120497
Iteration 39: R^2 = 0.895165559295, ICC = 0.947814634198
Iteration 40: R^2 = 0.870508381707, ICC = 0.935012043921
Iteration 41: R^2 = 0.893457849481, ICC = 0.947570312924
Iteration 42: R^2 = 0.876130243176, ICC = 0.939256599375
Iteration 43: R^2 = 0.812132865328, ICC = 0.911724977411
Iteration 44: R^2 = 0.888524233814, ICC = 0.941750002908
Iteration 45: R^2 = 0.887133656635, ICC = 0.940017947949
Iteration 46: R^2 = 0.862181715413, ICC = 0.93397720811
Iteration 47: R^2 = 0.873004769375, ICC = 0.932969394503
Iteration 48: R^2 = 0.765547568591, ICC = 0.893012494234
Iteration 49: R^2 = 0.776496837275, ICC = 0.89548211105
Iteration 50: R^2 = 0.670610636406, ICC = 0.848406184686
Iteration 51: R^2 = 0.788230779619, ICC = 0.886791520588
Iteration 52: R^2 = 0.859358768525, ICC = 0.931141048263
Iteration 53: R^2 = 0.859512097835, ICC = 0.93073958233
Iteration 54: R^2 = 0.876158554848, ICC = 0.93584553576
Iteration 55: R^2 = 0.81231557219, ICC = 0.914333486638
Iteration 56: R^2 = 0.816201288578, ICC = 0.913984241781
Iteration 57: R^2 = 0.874753206438, ICC = 0.941152646218
Iteration 58: R^2 = 0.807180760457, ICC = 0.901084602619
Iteration 59: R^2 = 0.804009157304, ICC = 0.905179108969
Iteration 60: R^2 = 0.665569570215, ICC = 0.851900691757
Iteration 61: R^2 = 0.905531494051, ICC = 0.951946053291
Iteration 62: R^2 = 0.889828281959, ICC = 0.943992968811
Iteration 63: R^2 = 0.764653994888, ICC = 0.89065594406
Iteration 64: R^2 = 0.883528067919, ICC = 0.942497964374
Iteration 65: R^2 = 0.743528570713, ICC = 0.886848629303
Iteration 66: R^2 = 0.873136186459, ICC = 0.939352692623
Iteration 67: R^2 = 0.852241453876, ICC = 0.928029531565
Iteration 68: R^2 = 0.913676303312, ICC = 0.955204384212
Iteration 69: R^2 = 0.723714670893, ICC = 0.857824094043
Iteration 70: R^2 = 0.878500261312, ICC = 0.940844290655
Iteration 71: R^2 = 0.874194172028, ICC = 0.937224222818
Iteration 72: R^2 = 0.858411936607, ICC = 0.92257020463
Iteration 73: R^2 = 0.88132289207, ICC = 0.939661483982
Iteration 74: R^2 = 0.854355423091, ICC = 0.922696294305
Iteration 75: R^2 = 0.722923774313, ICC = 0.861754908226
Iteration 76: R^2 = 0.902838996783, ICC = 0.95001988694
Iteration 77: R^2 = 0.767150359955, ICC = 0.893140007633
Iteration 78: R^2 = 0.887058442141, ICC = 0.941746813293
Iteration 79: R^2 = 0.892308254198, ICC = 0.945988974145
Iteration 80: R^2 = 0.79468734201, ICC = 0.902765559654
Iteration 81: R^2 = 0.856702259965, ICC = 0.925802250658
Iteration 82: R^2 = 0.853623169819, ICC = 0.930322207732
Iteration 83: R^2 = 0.807561812283, ICC = 0.906886831712
Iteration 84: R^2 = 0.861390963109, ICC = 0.934141317111
Iteration 85: R^2 = 0.839554262299, ICC = 0.91436739374
Iteration 86: R^2 = 0.767746822407, ICC = 0.887043983845
Iteration 87: R^2 = 0.88036118477, ICC = 0.939243765068
Iteration 88: R^2 = 0.845332946312, ICC = 0.922103299766
Iteration 89: R^2 = 0.884113664492, ICC = 0.940569218239
Iteration 90: R^2 = 0.789133840619, ICC = 0.901150925606
Iteration 91: R^2 = 0.893067755648, ICC = 0.947609366418
Iteration 92: R^2 = 0.78402319069, ICC = 0.889503946835
Iteration 93: R^2 = 0.895704450167, ICC = 0.950170424051
Iteration 94: R^2 = 0.86810876294, ICC = 0.934900346405
Iteration 95: R^2 = 0.897059345055, ICC = 0.948330966716
Iteration 96: R^2 = 0.871912484042, ICC = 0.933590779294
Iteration 97: R^2 = 0.881533276231, ICC = 0.942670323449
Iteration 98: R^2 = 0.9066014564, ICC = 0.95211555155
Iteration 99: R^2 = 0.874943659574, ICC = 0.940393824554
R Squared list shape: (100,)
ICC list shape: (100,)
