Running abide_motion_wrapper_JAL.py
Fri Sep 23 12:26:51 EDT 2016
Iteration 0: R^2 = 0.962498071555, ICC = 0.980463369401
Iteration 1: R^2 = 0.941064360017, ICC = 0.97060153322
Iteration 2: R^2 = 0.939312261213, ICC = 0.970267980165
Iteration 3: R^2 = 0.960182892441, ICC = 0.98028372484
Iteration 4: R^2 = 0.966301487143, ICC = 0.98321794631
Iteration 5: R^2 = 0.959270137238, ICC = 0.979669878281
Iteration 6: R^2 = 0.968820762624, ICC = 0.984365497226
Iteration 7: R^2 = 0.962112911178, ICC = 0.98080816043
Iteration 8: R^2 = 0.953576320066, ICC = 0.976847423223
Iteration 9: R^2 = 0.962641983296, ICC = 0.981461068038
Iteration 10: R^2 = 0.962271245204, ICC = 0.981059226045
Iteration 11: R^2 = 0.962198536606, ICC = 0.981160690833
Iteration 12: R^2 = 0.960003071215, ICC = 0.979833415246
Iteration 13: R^2 = 0.963859736838, ICC = 0.981466458512
Iteration 14: R^2 = 0.967560336858, ICC = 0.983592002984
Iteration 15: R^2 = 0.972592509927, ICC = 0.98639332831
Iteration 16: R^2 = 0.949566800459, ICC = 0.975668847505
Iteration 17: R^2 = 0.957537703725, ICC = 0.978724438167
Iteration 18: R^2 = 0.959889757421, ICC = 0.980382043574
Iteration 19: R^2 = 0.965640208293, ICC = 0.982464426821
Iteration 20: R^2 = 0.956260263415, ICC = 0.978922860673
Iteration 21: R^2 = 0.903923068667, ICC = 0.950469920506
Iteration 22: R^2 = 0.972723508066, ICC = 0.986187296769
Iteration 23: R^2 = 0.968144194304, ICC = 0.983833387513
Iteration 24: R^2 = 0.969204269166, ICC = 0.984181014719
Iteration 25: R^2 = 0.893511833779, ICC = 0.950365736116
Iteration 26: R^2 = 0.967291116841, ICC = 0.983827988693
Iteration 27: R^2 = 0.934010187819, ICC = 0.965604449687
Iteration 28: R^2 = 0.965945087057, ICC = 0.982602254646
Iteration 29: R^2 = 0.959169307191, ICC = 0.97979012352
Iteration 30: R^2 = 0.964605799669, ICC = 0.982806430848
Iteration 31: R^2 = 0.964263312422, ICC = 0.982633837698
Iteration 32: R^2 = 0.959031332142, ICC = 0.979953338094
Iteration 33: R^2 = 0.965411647536, ICC = 0.982718056708
Iteration 34: R^2 = 0.944265425782, ICC = 0.973294991322
Iteration 35: R^2 = 0.969463439523, ICC = 0.984564200073
Iteration 36: R^2 = 0.96207561883, ICC = 0.981480372209
Iteration 37: R^2 = 0.964750098253, ICC = 0.983271612979
Iteration 38: R^2 = 0.900951964628, ICC = 0.953706510121
Iteration 39: R^2 = 0.952123476921, ICC = 0.976600546164
Iteration 40: R^2 = 0.969416156489, ICC = 0.985015560094
Iteration 41: R^2 = 0.945369904478, ICC = 0.973604624358
Iteration 42: R^2 = 0.963213635338, ICC = 0.981519842074
Iteration 43: R^2 = 0.9590639277, ICC = 0.979775005644
Iteration 44: R^2 = 0.939920036869, ICC = 0.970886763082
Iteration 45: R^2 = 0.96509387812, ICC = 0.982420454466
Iteration 46: R^2 = 0.959576119116, ICC = 0.979380344623
Iteration 47: R^2 = 0.968536412874, ICC = 0.984391478137
Iteration 48: R^2 = 0.960038399609, ICC = 0.97947381396
Iteration 49: R^2 = 0.960925673787, ICC = 0.980542784112
Iteration 50: R^2 = 0.96581386761, ICC = 0.982424957738
Iteration 51: R^2 = 0.955165227244, ICC = 0.977522965572
Iteration 52: R^2 = 0.951597887504, ICC = 0.975350508851
Iteration 53: R^2 = 0.922958559144, ICC = 0.96067734333
Iteration 54: R^2 = 0.96092367451, ICC = 0.980589501727
Iteration 55: R^2 = 0.959774117192, ICC = 0.98083420761
Iteration 56: R^2 = 0.967431433842, ICC = 0.98399376535
Iteration 57: R^2 = 0.904142385156, ICC = 0.950271884224
Iteration 58: R^2 = 0.965626364454, ICC = 0.982748376761
Iteration 59: R^2 = 0.961946225737, ICC = 0.98046050138
Iteration 60: R^2 = 0.908841333314, ICC = 0.955868339861
Iteration 61: R^2 = 0.968731571701, ICC = 0.98425501548
Iteration 62: R^2 = 0.962192404291, ICC = 0.981355445992
Iteration 63: R^2 = 0.965360170245, ICC = 0.98306204377
Iteration 64: R^2 = 0.959688638185, ICC = 0.980335061695
Iteration 65: R^2 = 0.963527700249, ICC = 0.981775315167
Iteration 66: R^2 = 0.970938840904, ICC = 0.985094549168
Iteration 67: R^2 = 0.958667682315, ICC = 0.978462017687
Iteration 68: R^2 = 0.965821578599, ICC = 0.981832184706
Iteration 69: R^2 = 0.967296543378, ICC = 0.983431961502
Iteration 70: R^2 = 0.972282205984, ICC = 0.985919943041
Iteration 71: R^2 = 0.963918470428, ICC = 0.981328215521
Iteration 72: R^2 = 0.955702951926, ICC = 0.977986245618
Iteration 73: R^2 = 0.955823596513, ICC = 0.978759150376
Iteration 74: R^2 = 0.964415250864, ICC = 0.982557027616
Iteration 75: R^2 = 0.964917717818, ICC = 0.982992808954
Iteration 76: R^2 = 0.965351775988, ICC = 0.982724689979
Iteration 77: R^2 = 0.96874590374, ICC = 0.984134266539
Iteration 78: R^2 = 0.90788584982, ICC = 0.95816709889
Iteration 79: R^2 = 0.966713299319, ICC = 0.983411003695
Iteration 80: R^2 = 0.947523363152, ICC = 0.974745568202
Iteration 81: R^2 = 0.966020885954, ICC = 0.983511155149
Iteration 82: R^2 = 0.957686982354, ICC = 0.978899239558
Iteration 83: R^2 = 0.970195724259, ICC = 0.985110667866
Iteration 84: R^2 = 0.96167627298, ICC = 0.980539827474
Iteration 85: R^2 = 0.950763443666, ICC = 0.975722271869
Iteration 86: R^2 = 0.907187929697, ICC = 0.951379942296
Iteration 87: R^2 = 0.946680012774, ICC = 0.972340772251
Iteration 88: R^2 = 0.9556660782, ICC = 0.977511653173
Iteration 89: R^2 = 0.925005385238, ICC = 0.964146531201
Iteration 90: R^2 = 0.965485402283, ICC = 0.982563038686
Iteration 91: R^2 = 0.957302676664, ICC = 0.97838847833
Iteration 92: R^2 = 0.966305192012, ICC = 0.982889505601
Iteration 93: R^2 = 0.969095609428, ICC = 0.984003228033
Iteration 94: R^2 = 0.963955428608, ICC = 0.982145795569
Iteration 95: R^2 = 0.957859476742, ICC = 0.978685701258
Iteration 96: R^2 = 0.968876241986, ICC = 0.983931104085
Iteration 97: R^2 = 0.962629440915, ICC = 0.981321148665
Iteration 98: R^2 = 0.96735648129, ICC = 0.983728742336
Iteration 99: R^2 = 0.962646266445, ICC = 0.981810033865
R Squared list shape: (100,)
ICC list shape: (100,)
