Running abide_motion_wrapper_JAL.py
Fri Sep 23 12:26:04 EDT 2016
Iteration 0: R^2 = 0.836853927048, ICC = 0.913518609525
Iteration 1: R^2 = 0.914593795051, ICC = 0.95658263048
Iteration 2: R^2 = 0.862179731768, ICC = 0.934986217653
Iteration 3: R^2 = 0.869876953882, ICC = 0.93661156287
Iteration 4: R^2 = 0.930680345147, ICC = 0.964757408178
Iteration 5: R^2 = 0.926193067341, ICC = 0.963297987063
Iteration 6: R^2 = 0.911110493751, ICC = 0.957619599282
Iteration 7: R^2 = 0.730339875597, ICC = 0.875295807139
Iteration 8: R^2 = 0.925669236103, ICC = 0.964142052543
Iteration 9: R^2 = 0.775598819005, ICC = 0.898168223967
Iteration 10: R^2 = 0.918571024623, ICC = 0.96108460379
Iteration 11: R^2 = 0.921653013282, ICC = 0.961463355849
Iteration 12: R^2 = 0.920067891884, ICC = 0.9600098484
Iteration 13: R^2 = 0.915874158451, ICC = 0.9574681683
Iteration 14: R^2 = 0.67531572011, ICC = 0.840833405261
Iteration 15: R^2 = 0.90768034872, ICC = 0.953059596514
Iteration 16: R^2 = 0.8793796976, ICC = 0.942564559443
Iteration 17: R^2 = 0.914613635268, ICC = 0.957440163138
Iteration 18: R^2 = 0.931451253975, ICC = 0.96540757398
Iteration 19: R^2 = 0.891021412742, ICC = 0.94851531735
Iteration 20: R^2 = 0.865572167717, ICC = 0.937466362082
Iteration 21: R^2 = 0.85309631731, ICC = 0.920464735811
Iteration 22: R^2 = 0.899651216492, ICC = 0.947958654219
Iteration 23: R^2 = 0.896054439035, ICC = 0.947506409264
Iteration 24: R^2 = 0.921651427203, ICC = 0.961014551605
Iteration 25: R^2 = 0.926750871105, ICC = 0.962857023853
Iteration 26: R^2 = 0.852842637612, ICC = 0.932246648415
Iteration 27: R^2 = 0.82134616899, ICC = 0.90640264507
Iteration 28: R^2 = 0.927718848156, ICC = 0.964518838099
Iteration 29: R^2 = 0.890380562442, ICC = 0.947567827873
Iteration 30: R^2 = 0.900550318434, ICC = 0.953296279361
Iteration 31: R^2 = 0.917709017269, ICC = 0.96050358168
Iteration 32: R^2 = 0.902205506512, ICC = 0.952161779091
Iteration 33: R^2 = 0.913314235021, ICC = 0.958320632752
Iteration 34: R^2 = 0.806657158221, ICC = 0.899762183941
Iteration 35: R^2 = 0.890766597993, ICC = 0.946153080125
Iteration 36: R^2 = 0.915577094127, ICC = 0.957205530517
Iteration 37: R^2 = 0.846693112802, ICC = 0.921641593444
Iteration 38: R^2 = 0.911430698092, ICC = 0.951842633586
Iteration 39: R^2 = 0.920485187636, ICC = 0.958882334314
Iteration 40: R^2 = 0.891201181759, ICC = 0.949538606997
Iteration 41: R^2 = 0.896631598611, ICC = 0.949312886929
Iteration 42: R^2 = 0.811933225582, ICC = 0.913237141597
Iteration 43: R^2 = 0.913380264567, ICC = 0.956439015822
Iteration 44: R^2 = 0.8989874716, ICC = 0.950831324948
Iteration 45: R^2 = 0.928756831982, ICC = 0.964939736616
Iteration 46: R^2 = 0.908578182942, ICC = 0.955300910601
Iteration 47: R^2 = 0.871976500947, ICC = 0.939847358508
Iteration 48: R^2 = 0.92512651096, ICC = 0.963773734783
Iteration 49: R^2 = 0.91811525832, ICC = 0.959273581395
Iteration 50: R^2 = 0.941146996781, ICC = 0.970450451901
Iteration 51: R^2 = 0.910981824966, ICC = 0.956768407325
Iteration 52: R^2 = 0.913569540217, ICC = 0.956918087913
Iteration 53: R^2 = 0.813836793189, ICC = 0.904964941233
Iteration 54: R^2 = 0.927764304894, ICC = 0.964532226415
Iteration 55: R^2 = 0.91910459063, ICC = 0.957021236578
Iteration 56: R^2 = 0.896818844544, ICC = 0.95027432526
Iteration 57: R^2 = 0.917973248481, ICC = 0.959681785424
Iteration 58: R^2 = 0.891821913613, ICC = 0.948405455413
Iteration 59: R^2 = 0.904155252587, ICC = 0.95429741093
Iteration 60: R^2 = 0.910407600017, ICC = 0.955425093455
Iteration 61: R^2 = 0.863055044173, ICC = 0.93053447942
Iteration 62: R^2 = 0.916121949254, ICC = 0.958340895837
Iteration 63: R^2 = 0.902220671381, ICC = 0.949696485985
Iteration 64: R^2 = 0.913634772384, ICC = 0.955243187998
Iteration 65: R^2 = 0.888835652624, ICC = 0.941763355018
Iteration 66: R^2 = 0.933068578598, ICC = 0.967010870003
Iteration 67: R^2 = 0.818254919543, ICC = 0.91943312395
Iteration 68: R^2 = 0.92215188283, ICC = 0.958957717588
Iteration 69: R^2 = 0.836614433301, ICC = 0.917565831987
Iteration 70: R^2 = 0.735477634507, ICC = 0.881687092861
Iteration 71: R^2 = 0.928558467417, ICC = 0.964195168256
Iteration 72: R^2 = 0.906009406268, ICC = 0.955145533497
Iteration 73: R^2 = 0.92952524119, ICC = 0.964680829575
Iteration 74: R^2 = 0.926119129318, ICC = 0.961927700487
Iteration 75: R^2 = 0.935895459309, ICC = 0.966545800399
Iteration 76: R^2 = 0.925151761237, ICC = 0.961893817559
Iteration 77: R^2 = 0.927675610211, ICC = 0.964630688266
Iteration 78: R^2 = 0.855412742949, ICC = 0.92403583036
Iteration 79: R^2 = 0.925698212075, ICC = 0.963886566493
Iteration 80: R^2 = 0.893693904457, ICC = 0.945000509762
Iteration 81: R^2 = 0.908253419, ICC = 0.955753260064
Iteration 82: R^2 = 0.790714088498, ICC = 0.906862285542
Iteration 83: R^2 = 0.904597897685, ICC = 0.952287172513
Iteration 84: R^2 = 0.814516224093, ICC = 0.914433202888
Iteration 85: R^2 = 0.920951938496, ICC = 0.958232863151
Iteration 86: R^2 = 0.844416450996, ICC = 0.92250739996
Iteration 87: R^2 = 0.925120531343, ICC = 0.962017780553
Iteration 88: R^2 = 0.919722053968, ICC = 0.959837899929
Iteration 89: R^2 = 0.915562197926, ICC = 0.95941665543
Iteration 90: R^2 = 0.919107881079, ICC = 0.960358663373
Iteration 91: R^2 = 0.919953401836, ICC = 0.961323139159
Iteration 92: R^2 = 0.928724158392, ICC = 0.963485863147
Iteration 93: R^2 = 0.929310742852, ICC = 0.963193684998
Iteration 94: R^2 = 0.821064630941, ICC = 0.909101911774
Iteration 95: R^2 = 0.917282088829, ICC = 0.959786234317
Iteration 96: R^2 = 0.923309960868, ICC = 0.962900074022
Iteration 97: R^2 = 0.923397317812, ICC = 0.959260224551
Iteration 98: R^2 = 0.889697490755, ICC = 0.94811312289
Iteration 99: R^2 = 0.913392548446, ICC = 0.957637251234
R Squared list shape: (100,)
ICC list shape: (100,)
