Running abide_motion_wrapper_JAL.py
Fri Sep 23 12:27:42 EDT 2016
Iteration 0: R^2 = 0.973658101231, ICC = 0.986933864455
Iteration 1: R^2 = 0.969573401982, ICC = 0.984872336176
Iteration 2: R^2 = 0.966935381947, ICC = 0.983345723426
Iteration 3: R^2 = 0.925619640135, ICC = 0.964161861463
Iteration 4: R^2 = 0.964451476178, ICC = 0.982050164745
Iteration 5: R^2 = 0.968086960332, ICC = 0.98422429458
Iteration 6: R^2 = 0.961929537089, ICC = 0.980170685246
Iteration 7: R^2 = 0.956750746885, ICC = 0.978581355433
Iteration 8: R^2 = 0.970045514926, ICC = 0.98496106949
Iteration 9: R^2 = 0.966729714598, ICC = 0.983828146411
Iteration 10: R^2 = 0.964821494222, ICC = 0.982463993068
Iteration 11: R^2 = 0.957854538264, ICC = 0.979302200818
Iteration 12: R^2 = 0.952187262479, ICC = 0.976796805633
Iteration 13: R^2 = 0.965874928893, ICC = 0.983083934894
Iteration 14: R^2 = 0.96668305747, ICC = 0.983871689095
Iteration 15: R^2 = 0.968939465534, ICC = 0.983706987157
Iteration 16: R^2 = 0.929255491703, ICC = 0.964731456245
Iteration 17: R^2 = 0.955176482115, ICC = 0.976972429006
Iteration 18: R^2 = 0.974840901582, ICC = 0.987229839617
Iteration 19: R^2 = 0.943861807644, ICC = 0.972915323414
Iteration 20: R^2 = 0.965604822427, ICC = 0.982702340698
Iteration 21: R^2 = 0.905737970447, ICC = 0.953003991567
Iteration 22: R^2 = 0.971279079025, ICC = 0.985705261445
Iteration 23: R^2 = 0.958400332201, ICC = 0.979756885744
Iteration 24: R^2 = 0.964910397495, ICC = 0.983011935635
Iteration 25: R^2 = 0.961049586013, ICC = 0.980930461705
Iteration 26: R^2 = 0.969505905514, ICC = 0.984975936228
Iteration 27: R^2 = 0.964470659035, ICC = 0.982723219391
Iteration 28: R^2 = 0.967669405124, ICC = 0.983655835339
Iteration 29: R^2 = 0.931261910968, ICC = 0.965485980659
Iteration 30: R^2 = 0.895726974826, ICC = 0.94542230802
Iteration 31: R^2 = 0.890864920493, ICC = 0.94775509804
Iteration 32: R^2 = 0.971608955446, ICC = 0.985874992144
Iteration 33: R^2 = 0.970130146022, ICC = 0.98485039634
Iteration 34: R^2 = 0.971987599467, ICC = 0.985870931902
Iteration 35: R^2 = 0.937317367522, ICC = 0.967680878301
Iteration 36: R^2 = 0.973755886806, ICC = 0.987087016665
Iteration 37: R^2 = 0.965282317361, ICC = 0.98306755839
Iteration 38: R^2 = 0.964031467458, ICC = 0.98244827616
Iteration 39: R^2 = 0.961021913964, ICC = 0.980374591615
Iteration 40: R^2 = 0.959461485061, ICC = 0.980218693516
Iteration 41: R^2 = 0.964014050167, ICC = 0.982014343913
Iteration 42: R^2 = 0.97058118288, ICC = 0.985176281973
Iteration 43: R^2 = 0.973986208552, ICC = 0.98671226435
Iteration 44: R^2 = 0.916805678935, ICC = 0.959081823896
Iteration 45: R^2 = 0.946639509159, ICC = 0.973200321204
Iteration 46: R^2 = 0.965013630897, ICC = 0.981925913935
Iteration 47: R^2 = 0.9766631245, ICC = 0.988261783652
Iteration 48: R^2 = 0.956467532832, ICC = 0.977861235618
Iteration 49: R^2 = 0.967194703617, ICC = 0.983316879955
Iteration 50: R^2 = 0.975684523986, ICC = 0.987758627597
Iteration 51: R^2 = 0.962532600935, ICC = 0.981937453764
Iteration 52: R^2 = 0.956817037689, ICC = 0.979029392872
Iteration 53: R^2 = 0.957487170244, ICC = 0.979293246589
Iteration 54: R^2 = 0.942865053245, ICC = 0.97091915304
Iteration 55: R^2 = 0.954309450018, ICC = 0.976161709253
Iteration 56: R^2 = 0.95740240721, ICC = 0.979173770718
Iteration 57: R^2 = 0.942793854825, ICC = 0.972871731446
Iteration 58: R^2 = 0.96616636998, ICC = 0.983286978155
Iteration 59: R^2 = 0.956784705445, ICC = 0.978419018414
Iteration 60: R^2 = 0.973251359212, ICC = 0.986604720556
Iteration 61: R^2 = 0.957805410726, ICC = 0.97910256673
Iteration 62: R^2 = 0.965334048409, ICC = 0.982976356846
Iteration 63: R^2 = 0.962549107174, ICC = 0.981283955507
Iteration 64: R^2 = 0.949766859396, ICC = 0.974178255518
Iteration 65: R^2 = 0.952389125368, ICC = 0.977356353291
Iteration 66: R^2 = 0.967231364775, ICC = 0.984088883673
Iteration 67: R^2 = 0.966545039031, ICC = 0.983380967133
Iteration 68: R^2 = 0.968393940767, ICC = 0.984115271214
Iteration 69: R^2 = 0.955255102837, ICC = 0.97814641264
Iteration 70: R^2 = 0.961059416115, ICC = 0.980240652279
Iteration 71: R^2 = 0.960410026904, ICC = 0.979695855297
Iteration 72: R^2 = 0.962644804431, ICC = 0.981544438957
Iteration 73: R^2 = 0.970775625806, ICC = 0.986217184234
Iteration 74: R^2 = 0.933530763781, ICC = 0.965940824625
Iteration 75: R^2 = 0.937152406164, ICC = 0.969596919135
Iteration 76: R^2 = 0.97087677554, ICC = 0.985386183063
Iteration 77: R^2 = 0.926082746781, ICC = 0.964962097259
Iteration 78: R^2 = 0.942745047335, ICC = 0.972074205761
Iteration 79: R^2 = 0.882961670629, ICC = 0.944135059955
Iteration 80: R^2 = 0.94642544049, ICC = 0.973600652247
Iteration 81: R^2 = 0.961550751062, ICC = 0.980546656925
Iteration 82: R^2 = 0.968846448507, ICC = 0.984105903971
Iteration 83: R^2 = 0.962675578498, ICC = 0.981608346115
Iteration 84: R^2 = 0.966646498652, ICC = 0.983044300304
Iteration 85: R^2 = 0.940695203102, ICC = 0.969684000897
Iteration 86: R^2 = 0.950578997326, ICC = 0.975647409641
Iteration 87: R^2 = 0.960644713857, ICC = 0.980331423569
Iteration 88: R^2 = 0.965687202282, ICC = 0.983098033531
Iteration 89: R^2 = 0.967139466774, ICC = 0.983006820906
Iteration 90: R^2 = 0.975088253626, ICC = 0.987829402014
Iteration 91: R^2 = 0.965497726394, ICC = 0.983323524443
Iteration 92: R^2 = 0.96197286068, ICC = 0.981105060811
Iteration 93: R^2 = 0.960874417697, ICC = 0.981260972374
Iteration 94: R^2 = 0.914468756325, ICC = 0.95921826721
Iteration 95: R^2 = 0.879846548521, ICC = 0.93763212196
Iteration 96: R^2 = 0.974713938835, ICC = 0.987225019261
Iteration 97: R^2 = 0.954794460793, ICC = 0.977854517554
Iteration 98: R^2 = 0.972012838399, ICC = 0.985847043487
Iteration 99: R^2 = 0.969162830899, ICC = 0.984151325845
R Squared list shape: (100,)
ICC list shape: (100,)
