Running abide_motion_wrapper_JAL.py
Fri Sep 23 12:27:42 EDT 2016
Iteration 0: R^2 = 0.966722501137, ICC = 0.983155807308
Iteration 1: R^2 = 0.946048953152, ICC = 0.972280208894
Iteration 2: R^2 = 0.975234707621, ICC = 0.987268052149
Iteration 3: R^2 = 0.968606392457, ICC = 0.984069299876
Iteration 4: R^2 = 0.959131394965, ICC = 0.979853983578
Iteration 5: R^2 = 0.958545915325, ICC = 0.979633248925
Iteration 6: R^2 = 0.965223392642, ICC = 0.982261901673
Iteration 7: R^2 = 0.932458750337, ICC = 0.966056783834
Iteration 8: R^2 = 0.948661084613, ICC = 0.975500373512
Iteration 9: R^2 = 0.970952911018, ICC = 0.985659893757
Iteration 10: R^2 = 0.96948368343, ICC = 0.984872085
Iteration 11: R^2 = 0.953687111299, ICC = 0.977394775613
Iteration 12: R^2 = 0.965461819462, ICC = 0.9830757832
Iteration 13: R^2 = 0.972145951161, ICC = 0.985779655031
Iteration 14: R^2 = 0.954107458335, ICC = 0.976866558007
Iteration 15: R^2 = 0.964243003383, ICC = 0.981803278847
Iteration 16: R^2 = 0.965113046515, ICC = 0.982519430217
Iteration 17: R^2 = 0.96055753685, ICC = 0.980974486798
Iteration 18: R^2 = 0.968322676713, ICC = 0.984462214179
Iteration 19: R^2 = 0.959894238943, ICC = 0.980403929579
Iteration 20: R^2 = 0.963346229065, ICC = 0.981075797042
Iteration 21: R^2 = 0.921213710229, ICC = 0.959942137557
Iteration 22: R^2 = 0.95035274167, ICC = 0.975555950779
Iteration 23: R^2 = 0.95784676882, ICC = 0.97978372667
Iteration 24: R^2 = 0.961136399279, ICC = 0.980252263681
Iteration 25: R^2 = 0.970459539505, ICC = 0.98564713793
Iteration 26: R^2 = 0.975545085281, ICC = 0.98741634361
Iteration 27: R^2 = 0.971103123233, ICC = 0.985362658685
Iteration 28: R^2 = 0.965024997033, ICC = 0.982874895903
Iteration 29: R^2 = 0.957021846893, ICC = 0.979201918877
Iteration 30: R^2 = 0.962276122338, ICC = 0.981466674053
Iteration 31: R^2 = 0.913585347026, ICC = 0.958280933357
Iteration 32: R^2 = 0.968363450879, ICC = 0.984001063068
Iteration 33: R^2 = 0.935212760134, ICC = 0.968236609444
Iteration 34: R^2 = 0.970192481577, ICC = 0.985277413914
Iteration 35: R^2 = 0.963603626527, ICC = 0.982097366191
Iteration 36: R^2 = 0.975402769693, ICC = 0.987476452864
Iteration 37: R^2 = 0.966389205652, ICC = 0.983502890941
Iteration 38: R^2 = 0.97392490945, ICC = 0.987003794002
Iteration 39: R^2 = 0.967218722554, ICC = 0.983950964822
Iteration 40: R^2 = 0.957861966689, ICC = 0.978335619114
Iteration 41: R^2 = 0.965498155743, ICC = 0.983019545529
Iteration 42: R^2 = 0.948261050951, ICC = 0.974244533913
Iteration 43: R^2 = 0.974362390042, ICC = 0.987225559077
Iteration 44: R^2 = 0.961075567902, ICC = 0.981068838339
Iteration 45: R^2 = 0.970086441322, ICC = 0.985448367914
Iteration 46: R^2 = 0.971618424988, ICC = 0.985960438944
Iteration 47: R^2 = 0.972677277045, ICC = 0.986837210848
Iteration 48: R^2 = 0.970838399617, ICC = 0.985315616233
Iteration 49: R^2 = 0.965477307481, ICC = 0.983476905033
Iteration 50: R^2 = 0.968358918266, ICC = 0.984054537859
Iteration 51: R^2 = 0.972455774958, ICC = 0.986553499026
Iteration 52: R^2 = 0.966344377891, ICC = 0.983074594588
Iteration 53: R^2 = 0.959639111155, ICC = 0.980027079596
Iteration 54: R^2 = 0.962944826711, ICC = 0.981614465256
Iteration 55: R^2 = 0.942740189669, ICC = 0.969921906926
Iteration 56: R^2 = 0.972763955766, ICC = 0.986301532715
Iteration 57: R^2 = 0.969627358557, ICC = 0.984452379551
Iteration 58: R^2 = 0.966185304866, ICC = 0.983099317463
Iteration 59: R^2 = 0.96993550464, ICC = 0.985079361755
Iteration 60: R^2 = 0.965102791632, ICC = 0.982409477255
Iteration 61: R^2 = 0.948141442153, ICC = 0.974760198022
Iteration 62: R^2 = 0.94545954044, ICC = 0.973843974859
Iteration 63: R^2 = 0.91886331465, ICC = 0.961824172335
Iteration 64: R^2 = 0.956384001166, ICC = 0.979019891753
Iteration 65: R^2 = 0.964714330819, ICC = 0.982654690179
Iteration 66: R^2 = 0.968369040705, ICC = 0.984412240517
Iteration 67: R^2 = 0.922523424577, ICC = 0.963061613222
Iteration 68: R^2 = 0.956241717087, ICC = 0.978677583755
Iteration 69: R^2 = 0.974164029338, ICC = 0.987258891138
Iteration 70: R^2 = 0.963180483917, ICC = 0.981630669701
Iteration 71: R^2 = 0.922193510572, ICC = 0.963399005494
Iteration 72: R^2 = 0.970195347535, ICC = 0.984958176534
Iteration 73: R^2 = 0.922561205113, ICC = 0.963405473335
Iteration 74: R^2 = 0.96903025673, ICC = 0.984535229163
Iteration 75: R^2 = 0.929708733318, ICC = 0.96609941452
Iteration 76: R^2 = 0.954897996396, ICC = 0.977979718381
Iteration 77: R^2 = 0.963357943557, ICC = 0.981515400645
Iteration 78: R^2 = 0.897843024184, ICC = 0.949962234554
Iteration 79: R^2 = 0.956658723815, ICC = 0.978098221996
Iteration 80: R^2 = 0.95014902604, ICC = 0.974435342355
Iteration 81: R^2 = 0.944636620258, ICC = 0.973874311552
Iteration 82: R^2 = 0.972256991861, ICC = 0.986183389079
Iteration 83: R^2 = 0.963908394001, ICC = 0.981920422953
Iteration 84: R^2 = 0.942748760939, ICC = 0.971061595469
Iteration 85: R^2 = 0.969666001508, ICC = 0.98464147469
Iteration 86: R^2 = 0.966150655847, ICC = 0.98318958105
Iteration 87: R^2 = 0.961027245276, ICC = 0.981013746503
Iteration 88: R^2 = 0.946915820397, ICC = 0.97465915893
Iteration 89: R^2 = 0.967919239034, ICC = 0.983879266717
Iteration 90: R^2 = 0.972311832848, ICC = 0.986111393205
Iteration 91: R^2 = 0.962955016387, ICC = 0.981476055166
Iteration 92: R^2 = 0.966901357633, ICC = 0.983840703572
Iteration 93: R^2 = 0.957965051974, ICC = 0.978313810436
Iteration 94: R^2 = 0.963495514133, ICC = 0.982381713266
Iteration 95: R^2 = 0.950354310365, ICC = 0.976063292511
Iteration 96: R^2 = 0.949075610109, ICC = 0.973693180584
Iteration 97: R^2 = 0.957891525839, ICC = 0.97939716781
Iteration 98: R^2 = 0.873335691459, ICC = 0.942507297241
Iteration 99: R^2 = 0.972758216644, ICC = 0.986014681243
R Squared list shape: (100,)
ICC list shape: (100,)
