Running abide_motion_wrapper_JAL.py
Fri Sep 23 12:27:42 EDT 2016
Iteration 0: R^2 = 0.913569386039, ICC = 0.956186477675
Iteration 1: R^2 = 0.962228776022, ICC = 0.980736071109
Iteration 2: R^2 = 0.956280347633, ICC = 0.978024694586
Iteration 3: R^2 = 0.944575676898, ICC = 0.97163847151
Iteration 4: R^2 = 0.932934015047, ICC = 0.968517560402
Iteration 5: R^2 = 0.95316595141, ICC = 0.976709799009
Iteration 6: R^2 = 0.916809759382, ICC = 0.955742555385
Iteration 7: R^2 = 0.954938002558, ICC = 0.977686279017
Iteration 8: R^2 = 0.962184350459, ICC = 0.981407360951
Iteration 9: R^2 = 0.9280041074, ICC = 0.965166456987
Iteration 10: R^2 = 0.951663111666, ICC = 0.976459637806
Iteration 11: R^2 = 0.950087451281, ICC = 0.973996935776
Iteration 12: R^2 = 0.960381953445, ICC = 0.97933127236
Iteration 13: R^2 = 0.962333771874, ICC = 0.98064735884
Iteration 14: R^2 = 0.940042996818, ICC = 0.969986150357
Iteration 15: R^2 = 0.921110873453, ICC = 0.962644764399
Iteration 16: R^2 = 0.940111681871, ICC = 0.971103673451
Iteration 17: R^2 = 0.961975482118, ICC = 0.981323577249
Iteration 18: R^2 = 0.929743193346, ICC = 0.966985001017
Iteration 19: R^2 = 0.949676688082, ICC = 0.975574332649
Iteration 20: R^2 = 0.952072211597, ICC = 0.975910442997
Iteration 21: R^2 = 0.962559548932, ICC = 0.981682109034
Iteration 22: R^2 = 0.956418968801, ICC = 0.978676595676
Iteration 23: R^2 = 0.956483077105, ICC = 0.978225700011
Iteration 24: R^2 = 0.950599306308, ICC = 0.97639983824
Iteration 25: R^2 = 0.92144182653, ICC = 0.963036508332
Iteration 26: R^2 = 0.957314181304, ICC = 0.979025955026
Iteration 27: R^2 = 0.957400399968, ICC = 0.979047445037
Iteration 28: R^2 = 0.967556147777, ICC = 0.983729074276
Iteration 29: R^2 = 0.944647740197, ICC = 0.972143197245
Iteration 30: R^2 = 0.960746280858, ICC = 0.980581879555
Iteration 31: R^2 = 0.96046764159, ICC = 0.979801111693
Iteration 32: R^2 = 0.965173020511, ICC = 0.982534219002
Iteration 33: R^2 = 0.939252641237, ICC = 0.969491731774
Iteration 34: R^2 = 0.936959338245, ICC = 0.967755489447
Iteration 35: R^2 = 0.952279635032, ICC = 0.976979150752
Iteration 36: R^2 = 0.943714062019, ICC = 0.972667853538
Iteration 37: R^2 = 0.953159475727, ICC = 0.976400671251
Iteration 38: R^2 = 0.96312879699, ICC = 0.981521959642
Iteration 39: R^2 = 0.911072252165, ICC = 0.958742467835
Iteration 40: R^2 = 0.947773864383, ICC = 0.973511645291
Iteration 41: R^2 = 0.957941884676, ICC = 0.97902046718
Iteration 42: R^2 = 0.916041816898, ICC = 0.960625558986
Iteration 43: R^2 = 0.9318088232, ICC = 0.966022409313
Iteration 44: R^2 = 0.967682022184, ICC = 0.984187428684
Iteration 45: R^2 = 0.938909699221, ICC = 0.96819193736
Iteration 46: R^2 = 0.957711235104, ICC = 0.979141831402
Iteration 47: R^2 = 0.969867719305, ICC = 0.984596413566
Iteration 48: R^2 = 0.963326666283, ICC = 0.981426555813
Iteration 49: R^2 = 0.934286906692, ICC = 0.967435320166
Iteration 50: R^2 = 0.947452541885, ICC = 0.97230050915
Iteration 51: R^2 = 0.957957263541, ICC = 0.978980040475
Iteration 52: R^2 = 0.943206479333, ICC = 0.970336168329
Iteration 53: R^2 = 0.954711380154, ICC = 0.977562873258
Iteration 54: R^2 = 0.939514533565, ICC = 0.970120402222
Iteration 55: R^2 = 0.951338007917, ICC = 0.976233770085
Iteration 56: R^2 = 0.949371271253, ICC = 0.974167796264
Iteration 57: R^2 = 0.880580124956, ICC = 0.943874610795
Iteration 58: R^2 = 0.958933027443, ICC = 0.979632433518
Iteration 59: R^2 = 0.884638299121, ICC = 0.944894505944
Iteration 60: R^2 = 0.949926308051, ICC = 0.974754174947
Iteration 61: R^2 = 0.962789408705, ICC = 0.981483180475
Iteration 62: R^2 = 0.930344931006, ICC = 0.965693540667
Iteration 63: R^2 = 0.953053555107, ICC = 0.975934387423
Iteration 64: R^2 = 0.958212617091, ICC = 0.978668486393
Iteration 65: R^2 = 0.929559065916, ICC = 0.966208589454
Iteration 66: R^2 = 0.954466294338, ICC = 0.977672821512
Iteration 67: R^2 = 0.948714615005, ICC = 0.975520668141
Iteration 68: R^2 = 0.954507271116, ICC = 0.977810606957
Iteration 69: R^2 = 0.924843457437, ICC = 0.961637464369
Iteration 70: R^2 = 0.908009864956, ICC = 0.956390831302
Iteration 71: R^2 = 0.906746847618, ICC = 0.952136456181
Iteration 72: R^2 = 0.965288612983, ICC = 0.982652523918
Iteration 73: R^2 = 0.958599437999, ICC = 0.979600167711
Iteration 74: R^2 = 0.921661015231, ICC = 0.961731804727
Iteration 75: R^2 = 0.954949410048, ICC = 0.976708376954
Iteration 76: R^2 = 0.948927895566, ICC = 0.974555371645
Iteration 77: R^2 = 0.947590435373, ICC = 0.973978497443
Iteration 78: R^2 = 0.903646461871, ICC = 0.95139233292
Iteration 79: R^2 = 0.936533673919, ICC = 0.969035300278
Iteration 80: R^2 = 0.969606486043, ICC = 0.984792699526
Iteration 81: R^2 = 0.953410514359, ICC = 0.976587132557
Iteration 82: R^2 = 0.955735497904, ICC = 0.977680913723
Iteration 83: R^2 = 0.946492534429, ICC = 0.973523963313
Iteration 84: R^2 = 0.933668847708, ICC = 0.965625282206
Iteration 85: R^2 = 0.965862754706, ICC = 0.98266662636
Iteration 86: R^2 = 0.954313338657, ICC = 0.976606556188
Iteration 87: R^2 = 0.941164394026, ICC = 0.97219942615
Iteration 88: R^2 = 0.940782218152, ICC = 0.971612783319
Iteration 89: R^2 = 0.933071032996, ICC = 0.968443704458
Iteration 90: R^2 = 0.949736877508, ICC = 0.97610345573
Iteration 91: R^2 = 0.956199036196, ICC = 0.978125848286
Iteration 92: R^2 = 0.956008565548, ICC = 0.977786857096
Iteration 93: R^2 = 0.956024061707, ICC = 0.977427072565
Iteration 94: R^2 = 0.962871343415, ICC = 0.981243365354
Iteration 95: R^2 = 0.962781970313, ICC = 0.980952408404
Iteration 96: R^2 = 0.956736470765, ICC = 0.977680007896
Iteration 97: R^2 = 0.959492101925, ICC = 0.979963046353
Iteration 98: R^2 = 0.954081816492, ICC = 0.97686425893
Iteration 99: R^2 = 0.961133774149, ICC = 0.980636624089
R Squared list shape: (100,)
ICC list shape: (100,)
