Running abide_motion_wrapper_JAL.py
Fri Sep 23 12:26:51 EDT 2016
Iteration 0: R^2 = 0.810413968344, ICC = 0.912289542218
Iteration 1: R^2 = 0.945303857912, ICC = 0.972339471755
Iteration 2: R^2 = 0.928232791241, ICC = 0.96529234627
Iteration 3: R^2 = 0.947100815827, ICC = 0.972640985105
Iteration 4: R^2 = 0.92584020546, ICC = 0.960709130031
Iteration 5: R^2 = 0.938592565676, ICC = 0.96968288622
Iteration 6: R^2 = 0.875554643366, ICC = 0.939647012582
Iteration 7: R^2 = 0.930687934229, ICC = 0.965599133527
Iteration 8: R^2 = 0.928997789952, ICC = 0.965020315928
Iteration 9: R^2 = 0.944040745826, ICC = 0.971889865222
Iteration 10: R^2 = 0.924799791529, ICC = 0.960622143847
Iteration 11: R^2 = 0.910350512984, ICC = 0.952513270521
Iteration 12: R^2 = 0.945476155756, ICC = 0.973463978241
Iteration 13: R^2 = 0.900495077831, ICC = 0.952814640069
Iteration 14: R^2 = 0.898083166435, ICC = 0.948419300278
Iteration 15: R^2 = 0.871797578774, ICC = 0.937634920883
Iteration 16: R^2 = 0.950748931329, ICC = 0.975317671317
Iteration 17: R^2 = 0.929959656952, ICC = 0.965245521592
Iteration 18: R^2 = 0.940460259444, ICC = 0.970140198565
Iteration 19: R^2 = 0.943064168298, ICC = 0.972063554059
Iteration 20: R^2 = 0.910775272623, ICC = 0.95560233471
Iteration 21: R^2 = 0.854557988939, ICC = 0.925988838017
Iteration 22: R^2 = 0.948873940958, ICC = 0.973919958193
Iteration 23: R^2 = 0.908479578319, ICC = 0.956701510639
Iteration 24: R^2 = 0.943905770666, ICC = 0.971079468066
Iteration 25: R^2 = 0.933185163197, ICC = 0.965148919424
Iteration 26: R^2 = 0.922776527835, ICC = 0.962010508703
Iteration 27: R^2 = 0.918170014859, ICC = 0.960838493462
Iteration 28: R^2 = 0.886951639261, ICC = 0.945398819297
Iteration 29: R^2 = 0.936665948232, ICC = 0.967895369626
Iteration 30: R^2 = 0.946063476526, ICC = 0.973282334056
Iteration 31: R^2 = 0.930593155069, ICC = 0.967085447477
Iteration 32: R^2 = 0.946921802052, ICC = 0.973625285353
Iteration 33: R^2 = 0.931028651379, ICC = 0.965916565896
Iteration 34: R^2 = 0.862766732317, ICC = 0.936109441933
Iteration 35: R^2 = 0.944701828197, ICC = 0.971687522286
Iteration 36: R^2 = 0.933522923144, ICC = 0.96561917299
Iteration 37: R^2 = 0.92316082554, ICC = 0.962556363809
Iteration 38: R^2 = 0.943925399948, ICC = 0.972266273857
Iteration 39: R^2 = 0.918456889796, ICC = 0.959547130554
Iteration 40: R^2 = 0.906528394363, ICC = 0.955356643521
Iteration 41: R^2 = 0.881951810536, ICC = 0.944249067001
Iteration 42: R^2 = 0.935558852285, ICC = 0.967703707801
Iteration 43: R^2 = 0.944824629276, ICC = 0.972554330475
Iteration 44: R^2 = 0.925901843442, ICC = 0.964128050133
Iteration 45: R^2 = 0.868089043919, ICC = 0.937127253823
Iteration 46: R^2 = 0.925418938174, ICC = 0.961971311185
Iteration 47: R^2 = 0.921379654137, ICC = 0.961224769672
Iteration 48: R^2 = 0.928442574775, ICC = 0.964838871637
Iteration 49: R^2 = 0.931753337078, ICC = 0.965340735593
Iteration 50: R^2 = 0.944802929944, ICC = 0.97341270078
Iteration 51: R^2 = 0.903574946198, ICC = 0.955196276824
Iteration 52: R^2 = 0.940026379593, ICC = 0.970315765012
Iteration 53: R^2 = 0.932489036945, ICC = 0.96654148022
Iteration 54: R^2 = 0.933434116796, ICC = 0.967699218575
Iteration 55: R^2 = 0.921389137888, ICC = 0.962807226165
Iteration 56: R^2 = 0.932030561538, ICC = 0.967137943635
Iteration 57: R^2 = 0.924105626608, ICC = 0.961829432267
Iteration 58: R^2 = 0.943503452952, ICC = 0.971301247794
Iteration 59: R^2 = 0.922395425635, ICC = 0.961520636131
Iteration 60: R^2 = 0.926790310935, ICC = 0.963204261647
Iteration 61: R^2 = 0.916502348913, ICC = 0.958037719702
Iteration 62: R^2 = 0.912229130599, ICC = 0.955871786206
Iteration 63: R^2 = 0.926019038784, ICC = 0.964608143173
Iteration 64: R^2 = 0.896892939178, ICC = 0.952499578059
Iteration 65: R^2 = 0.928294913641, ICC = 0.965381334257
Iteration 66: R^2 = 0.944031775057, ICC = 0.970821567875
Iteration 67: R^2 = 0.862279361734, ICC = 0.934986075777
Iteration 68: R^2 = 0.931757823658, ICC = 0.965086230729
Iteration 69: R^2 = 0.912461586152, ICC = 0.957448208585
Iteration 70: R^2 = 0.946428852421, ICC = 0.97294424226
Iteration 71: R^2 = 0.926397714075, ICC = 0.963226078509
Iteration 72: R^2 = 0.940278237605, ICC = 0.969471814684
Iteration 73: R^2 = 0.938223439515, ICC = 0.968992377004
Iteration 74: R^2 = 0.926031197873, ICC = 0.965088410401
Iteration 75: R^2 = 0.910006423889, ICC = 0.956020404333
Iteration 76: R^2 = 0.922617001838, ICC = 0.961530733128
Iteration 77: R^2 = 0.922514089189, ICC = 0.962866003668
Iteration 78: R^2 = 0.927149953075, ICC = 0.963502917096
Iteration 79: R^2 = 0.788349229021, ICC = 0.894855982111
Iteration 80: R^2 = 0.940096452617, ICC = 0.969975731132
Iteration 81: R^2 = 0.916848926287, ICC = 0.958031167437
Iteration 82: R^2 = 0.941552164354, ICC = 0.971420856429
Iteration 83: R^2 = 0.81080222646, ICC = 0.902618627306
Iteration 84: R^2 = 0.942849230952, ICC = 0.971231538696
Iteration 85: R^2 = 0.931489759223, ICC = 0.965715304823
Iteration 86: R^2 = 0.90592931667, ICC = 0.949942366167
Iteration 87: R^2 = 0.936632956695, ICC = 0.968450509379
Iteration 88: R^2 = 0.933285991694, ICC = 0.965611258347
Iteration 89: R^2 = 0.900400665969, ICC = 0.951546737077
Iteration 90: R^2 = 0.913426172205, ICC = 0.958737775009
Iteration 91: R^2 = 0.928927762991, ICC = 0.965288024021
Iteration 92: R^2 = 0.921522898922, ICC = 0.959967053679
Iteration 93: R^2 = 0.872807744902, ICC = 0.939141413793
Iteration 94: R^2 = 0.931516853175, ICC = 0.964874248273
Iteration 95: R^2 = 0.949942674818, ICC = 0.974912561993
Iteration 96: R^2 = 0.848483195962, ICC = 0.929459570048
Iteration 97: R^2 = 0.930896318234, ICC = 0.966026255572
Iteration 98: R^2 = 0.939345285288, ICC = 0.969475569037
Iteration 99: R^2 = 0.925904565968, ICC = 0.965330749706
R Squared list shape: (100,)
ICC list shape: (100,)
