Running abide_motion_wrapper_JAL.py
Fri Sep 23 12:26:51 EDT 2016
Iteration 0: R^2 = 0.923014681979, ICC = 0.960854898894
Iteration 1: R^2 = 0.921733328509, ICC = 0.95818520341
Iteration 2: R^2 = 0.935958106157, ICC = 0.967295018484
Iteration 3: R^2 = 0.895931230322, ICC = 0.947851574077
Iteration 4: R^2 = 0.916900687684, ICC = 0.959216037439
Iteration 5: R^2 = 0.905960319185, ICC = 0.953127740501
Iteration 6: R^2 = 0.916784990875, ICC = 0.955272328006
Iteration 7: R^2 = 0.93270122035, ICC = 0.965071056229
Iteration 8: R^2 = 0.919710765846, ICC = 0.960015919619
Iteration 9: R^2 = 0.928758543713, ICC = 0.964418782205
Iteration 10: R^2 = 0.915352875344, ICC = 0.958089331186
Iteration 11: R^2 = 0.856428427916, ICC = 0.932884451038
Iteration 12: R^2 = 0.911065300919, ICC = 0.956492452431
Iteration 13: R^2 = 0.908900979277, ICC = 0.953469663913
Iteration 14: R^2 = 0.907631160475, ICC = 0.95041670034
Iteration 15: R^2 = 0.907433136526, ICC = 0.951357649207
Iteration 16: R^2 = 0.855297814857, ICC = 0.93101594579
Iteration 17: R^2 = 0.878104867575, ICC = 0.939521065736
Iteration 18: R^2 = 0.924227644182, ICC = 0.963440213184
Iteration 19: R^2 = 0.923952409285, ICC = 0.962392554581
Iteration 20: R^2 = 0.905932109378, ICC = 0.953630942129
Iteration 21: R^2 = 0.925924272142, ICC = 0.962099012646
Iteration 22: R^2 = 0.885462009482, ICC = 0.943649477651
Iteration 23: R^2 = 0.92348066582, ICC = 0.963090747412
Iteration 24: R^2 = 0.845107861388, ICC = 0.924950390496
Iteration 25: R^2 = 0.899928451418, ICC = 0.947257944731
Iteration 26: R^2 = 0.921168929795, ICC = 0.961225980324
Iteration 27: R^2 = 0.918263959638, ICC = 0.957266842415
Iteration 28: R^2 = 0.924764135575, ICC = 0.962757650749
Iteration 29: R^2 = 0.914984328606, ICC = 0.956424760872
Iteration 30: R^2 = 0.928409858193, ICC = 0.964109612723
Iteration 31: R^2 = 0.793804051543, ICC = 0.895843511062
Iteration 32: R^2 = 0.923003365612, ICC = 0.960803832123
Iteration 33: R^2 = 0.929501669825, ICC = 0.963447386403
Iteration 34: R^2 = 0.908075094605, ICC = 0.954390066395
Iteration 35: R^2 = 0.800105734393, ICC = 0.903876205725
Iteration 36: R^2 = 0.840231792377, ICC = 0.927994580111
Iteration 37: R^2 = 0.925103108086, ICC = 0.962134602241
Iteration 38: R^2 = 0.924039698447, ICC = 0.960734284106
Iteration 39: R^2 = 0.902449800719, ICC = 0.950607593531
Iteration 40: R^2 = 0.888196788113, ICC = 0.946634729852
Iteration 41: R^2 = 0.866573491198, ICC = 0.938101054564
Iteration 42: R^2 = 0.910785250418, ICC = 0.955645789134
Iteration 43: R^2 = 0.920108292955, ICC = 0.960589802421
Iteration 44: R^2 = 0.836709361098, ICC = 0.917117982785
Iteration 45: R^2 = 0.918805275695, ICC = 0.959523466717
Iteration 46: R^2 = 0.915201458154, ICC = 0.95885641158
Iteration 47: R^2 = 0.917506004799, ICC = 0.959217189212
Iteration 48: R^2 = 0.918241101842, ICC = 0.958649375467
Iteration 49: R^2 = 0.909630635509, ICC = 0.953841389399
Iteration 50: R^2 = 0.915512389589, ICC = 0.957669205019
Iteration 51: R^2 = 0.930011338427, ICC = 0.965301760611
Iteration 52: R^2 = 0.858754523761, ICC = 0.931747747704
Iteration 53: R^2 = 0.927859981352, ICC = 0.963895001892
Iteration 54: R^2 = 0.903353986374, ICC = 0.953208023242
Iteration 55: R^2 = 0.907910723144, ICC = 0.952566652871
Iteration 56: R^2 = 0.902197246259, ICC = 0.951531149758
Iteration 57: R^2 = 0.935131730142, ICC = 0.96624579659
Iteration 58: R^2 = 0.910000831607, ICC = 0.953385340311
Iteration 59: R^2 = 0.887265077939, ICC = 0.944089917685
Iteration 60: R^2 = 0.917390810636, ICC = 0.956658436655
Iteration 61: R^2 = 0.878252483782, ICC = 0.945443319281
Iteration 62: R^2 = 0.90392094931, ICC = 0.955207868917
Iteration 63: R^2 = 0.926149179202, ICC = 0.960960199821
Iteration 64: R^2 = 0.921666335782, ICC = 0.959791333423
Iteration 65: R^2 = 0.892226415314, ICC = 0.947059203389
Iteration 66: R^2 = 0.909399350438, ICC = 0.953816139829
Iteration 67: R^2 = 0.926130454722, ICC = 0.963947484143
Iteration 68: R^2 = 0.928991134093, ICC = 0.964304552003
Iteration 69: R^2 = 0.881490161046, ICC = 0.938185688668
Iteration 70: R^2 = 0.891649582022, ICC = 0.947627327431
Iteration 71: R^2 = 0.869458911101, ICC = 0.936080945157
Iteration 72: R^2 = 0.917905044956, ICC = 0.958273906744
Iteration 73: R^2 = 0.929523727463, ICC = 0.96505474721
Iteration 74: R^2 = 0.837582663221, ICC = 0.923528900971
Iteration 75: R^2 = 0.934180537095, ICC = 0.966703658713
Iteration 76: R^2 = 0.896879921036, ICC = 0.950239441592
Iteration 77: R^2 = 0.926975099404, ICC = 0.963528905203
Iteration 78: R^2 = 0.92282551005, ICC = 0.959411822475
Iteration 79: R^2 = 0.859358794416, ICC = 0.932157170018
Iteration 80: R^2 = 0.918107835127, ICC = 0.957072115277
Iteration 81: R^2 = 0.883284688851, ICC = 0.944153470983
Iteration 82: R^2 = 0.914740221623, ICC = 0.956551792219
Iteration 83: R^2 = 0.91126790192, ICC = 0.955333307036
Iteration 84: R^2 = 0.921224023747, ICC = 0.959521311359
Iteration 85: R^2 = 0.87711802261, ICC = 0.941261209155
Iteration 86: R^2 = 0.885384451033, ICC = 0.945181086055
Iteration 87: R^2 = 0.900698179112, ICC = 0.951169754545
Iteration 88: R^2 = 0.940774767703, ICC = 0.969420460383
Iteration 89: R^2 = 0.918121150775, ICC = 0.958537530583
Iteration 90: R^2 = 0.909904265491, ICC = 0.956474758023
Iteration 91: R^2 = 0.94004932276, ICC = 0.969947682806
Iteration 92: R^2 = 0.887494598854, ICC = 0.946043355284
Iteration 93: R^2 = 0.892692433935, ICC = 0.945379858237
Iteration 94: R^2 = 0.764810407049, ICC = 0.878597331316
Iteration 95: R^2 = 0.901371590378, ICC = 0.951805910967
Iteration 96: R^2 = 0.899539836878, ICC = 0.949925332197
Iteration 97: R^2 = 0.930204783587, ICC = 0.964412573733
Iteration 98: R^2 = 0.923405603796, ICC = 0.961142487775
Iteration 99: R^2 = 0.926232385663, ICC = 0.962842387516
R Squared list shape: (100,)
ICC list shape: (100,)
