Running abide_motion_wrapper_JAL.py
Fri Sep 23 12:27:42 EDT 2016
Iteration 0: R^2 = 0.970129092581, ICC = 0.984951842426
Iteration 1: R^2 = 0.966202672444, ICC = 0.982919118252
Iteration 2: R^2 = 0.972916432229, ICC = 0.986729634616
Iteration 3: R^2 = 0.933637617704, ICC = 0.967206949134
Iteration 4: R^2 = 0.965569165259, ICC = 0.982799668912
Iteration 5: R^2 = 0.957920275997, ICC = 0.97932436675
Iteration 6: R^2 = 0.970671020615, ICC = 0.98522388645
Iteration 7: R^2 = 0.976427172109, ICC = 0.988302407951
Iteration 8: R^2 = 0.972285973926, ICC = 0.986243301311
Iteration 9: R^2 = 0.948628421511, ICC = 0.974303582978
Iteration 10: R^2 = 0.976521239173, ICC = 0.988219740925
Iteration 11: R^2 = 0.972769306493, ICC = 0.986323939346
Iteration 12: R^2 = 0.972216234428, ICC = 0.985815300813
Iteration 13: R^2 = 0.892025118817, ICC = 0.943782683273
Iteration 14: R^2 = 0.971595946053, ICC = 0.985874211827
Iteration 15: R^2 = 0.976754149463, ICC = 0.988525030004
Iteration 16: R^2 = 0.968465123248, ICC = 0.984208461551
Iteration 17: R^2 = 0.969057428134, ICC = 0.98483136721
Iteration 18: R^2 = 0.975015750922, ICC = 0.987176167571
Iteration 19: R^2 = 0.967704743309, ICC = 0.98376671453
Iteration 20: R^2 = 0.968397940968, ICC = 0.984248355471
Iteration 21: R^2 = 0.97252560067, ICC = 0.985863859937
Iteration 22: R^2 = 0.966610063492, ICC = 0.983512658253
Iteration 23: R^2 = 0.965421841511, ICC = 0.983553400431
Iteration 24: R^2 = 0.974681542045, ICC = 0.987447602382
Iteration 25: R^2 = 0.961041002077, ICC = 0.98044646574
Iteration 26: R^2 = 0.95568417266, ICC = 0.978644187691
Iteration 27: R^2 = 0.977199115343, ICC = 0.988536457818
Iteration 28: R^2 = 0.978016809327, ICC = 0.98914581424
Iteration 29: R^2 = 0.977812272326, ICC = 0.988750094484
Iteration 30: R^2 = 0.975917949678, ICC = 0.987960939616
Iteration 31: R^2 = 0.972673398219, ICC = 0.986435480375
Iteration 32: R^2 = 0.966348112766, ICC = 0.983227101481
Iteration 33: R^2 = 0.976029027186, ICC = 0.988014843618
Iteration 34: R^2 = 0.974944682551, ICC = 0.987384752058
Iteration 35: R^2 = 0.971739899254, ICC = 0.986144871556
Iteration 36: R^2 = 0.971988706706, ICC = 0.986147351477
Iteration 37: R^2 = 0.96909749014, ICC = 0.984740597916
Iteration 38: R^2 = 0.970836555638, ICC = 0.985640390079
Iteration 39: R^2 = 0.974840187629, ICC = 0.987117413037
Iteration 40: R^2 = 0.975357177213, ICC = 0.987855192312
Iteration 41: R^2 = 0.974134137547, ICC = 0.98705844529
Iteration 42: R^2 = 0.968815274249, ICC = 0.984511490354
Iteration 43: R^2 = 0.962137927292, ICC = 0.980577256064
Iteration 44: R^2 = 0.975525212676, ICC = 0.987663020178
Iteration 45: R^2 = 0.964132670819, ICC = 0.982442936395
Iteration 46: R^2 = 0.980710108091, ICC = 0.990347054475
Iteration 47: R^2 = 0.975283382623, ICC = 0.987677310061
Iteration 48: R^2 = 0.961512027365, ICC = 0.981527300457
Iteration 49: R^2 = 0.95637402354, ICC = 0.978110627473
Iteration 50: R^2 = 0.972681706839, ICC = 0.986459896633
Iteration 51: R^2 = 0.971294830214, ICC = 0.986173046447
Iteration 52: R^2 = 0.979000690253, ICC = 0.989483932386
Iteration 53: R^2 = 0.965127427976, ICC = 0.982012718438
Iteration 54: R^2 = 0.96739993739, ICC = 0.983499622235
Iteration 55: R^2 = 0.96592858648, ICC = 0.98285360294
Iteration 56: R^2 = 0.974087738928, ICC = 0.987085937811
Iteration 57: R^2 = 0.974746342104, ICC = 0.987520583915
Iteration 58: R^2 = 0.960043255933, ICC = 0.980166212236
Iteration 59: R^2 = 0.963366484455, ICC = 0.982320281272
Iteration 60: R^2 = 0.970548845728, ICC = 0.984992801847
Iteration 61: R^2 = 0.963206485815, ICC = 0.981459013038
Iteration 62: R^2 = 0.975404551672, ICC = 0.987860550798
Iteration 63: R^2 = 0.975005290499, ICC = 0.987443761364
Iteration 64: R^2 = 0.963874170361, ICC = 0.982336386477
Iteration 65: R^2 = 0.971786943164, ICC = 0.985901974429
Iteration 66: R^2 = 0.973180205243, ICC = 0.986645555273
Iteration 67: R^2 = 0.970179098395, ICC = 0.984651961267
Iteration 68: R^2 = 0.974976030358, ICC = 0.9876345663
Iteration 69: R^2 = 0.971292629798, ICC = 0.985551027626
Iteration 70: R^2 = 0.976692347715, ICC = 0.988499677232
Iteration 71: R^2 = 0.97354986295, ICC = 0.986864322582
Iteration 72: R^2 = 0.96923553224, ICC = 0.98421863678
Iteration 73: R^2 = 0.972035363483, ICC = 0.986030524429
Iteration 74: R^2 = 0.973585189087, ICC = 0.986674213334
Iteration 75: R^2 = 0.974121338379, ICC = 0.987371532034
Iteration 76: R^2 = 0.976716214012, ICC = 0.988282655235
Iteration 77: R^2 = 0.966215303051, ICC = 0.982374184375
Iteration 78: R^2 = 0.975522457982, ICC = 0.98789559289
Iteration 79: R^2 = 0.974121938387, ICC = 0.98712589483
Iteration 80: R^2 = 0.964574619183, ICC = 0.982755630736
Iteration 81: R^2 = 0.936812980585, ICC = 0.969702482904
Iteration 82: R^2 = 0.971033802314, ICC = 0.985501193092
Iteration 83: R^2 = 0.894770118391, ICC = 0.949244964578
Iteration 84: R^2 = 0.954013256053, ICC = 0.976543063671
Iteration 85: R^2 = 0.975105937898, ICC = 0.987590771677
Iteration 86: R^2 = 0.975429233415, ICC = 0.987347321879
Iteration 87: R^2 = 0.956001796982, ICC = 0.977689555038
Iteration 88: R^2 = 0.954728530212, ICC = 0.978115566873
Iteration 89: R^2 = 0.971093684094, ICC = 0.985402309354
Iteration 90: R^2 = 0.97402341141, ICC = 0.986594285101
Iteration 91: R^2 = 0.936100402615, ICC = 0.967214686382
Iteration 92: R^2 = 0.962445256738, ICC = 0.981421348302
Iteration 93: R^2 = 0.965486509093, ICC = 0.98287896142
Iteration 94: R^2 = 0.976609800401, ICC = 0.988271794608
Iteration 95: R^2 = 0.96870891979, ICC = 0.984267326098
Iteration 96: R^2 = 0.961979078143, ICC = 0.981860572262
Iteration 97: R^2 = 0.970613800298, ICC = 0.985248671116
Iteration 98: R^2 = 0.970431657446, ICC = 0.984395333768
Iteration 99: R^2 = 0.972737467122, ICC = 0.986797384261
R Squared list shape: (100,)
ICC list shape: (100,)
