Running abide_motion_wrapper_JAL.py
Fri Sep 23 12:29:23 EDT 2016
Iteration 0: R^2 = 0.973200304462, ICC = 0.986499762301
Iteration 1: R^2 = 0.960948298537, ICC = 0.980336395763
Iteration 2: R^2 = 0.952383048924, ICC = 0.976608853373
Iteration 3: R^2 = 0.965449888697, ICC = 0.983003886938
Iteration 4: R^2 = 0.970405467158, ICC = 0.984957030368
Iteration 5: R^2 = 0.973223395359, ICC = 0.986678309391
Iteration 6: R^2 = 0.956998732556, ICC = 0.979335798503
Iteration 7: R^2 = 0.966391143237, ICC = 0.983639472792
Iteration 8: R^2 = 0.971201429172, ICC = 0.985661532004
Iteration 9: R^2 = 0.973951903909, ICC = 0.987101624311
Iteration 10: R^2 = 0.963037925443, ICC = 0.981911524486
Iteration 11: R^2 = 0.970997421816, ICC = 0.985682827672
Iteration 12: R^2 = 0.950978990935, ICC = 0.97618237438
Iteration 13: R^2 = 0.970673490033, ICC = 0.985351173729
Iteration 14: R^2 = 0.962249946672, ICC = 0.981441706401
Iteration 15: R^2 = 0.975002924171, ICC = 0.987203654351
Iteration 16: R^2 = 0.968102636401, ICC = 0.984010329853
Iteration 17: R^2 = 0.951323794514, ICC = 0.976786824028
Iteration 18: R^2 = 0.972685606446, ICC = 0.986400547985
Iteration 19: R^2 = 0.967547327734, ICC = 0.984054529567
Iteration 20: R^2 = 0.974745004171, ICC = 0.98718030807
Iteration 21: R^2 = 0.973249588408, ICC = 0.986479024673
Iteration 22: R^2 = 0.975114005664, ICC = 0.987796839234
Iteration 23: R^2 = 0.970896887909, ICC = 0.985360429044
Iteration 24: R^2 = 0.971016848184, ICC = 0.985828240657
Iteration 25: R^2 = 0.957478654802, ICC = 0.977940139638
Iteration 26: R^2 = 0.971846972115, ICC = 0.985607992101
Iteration 27: R^2 = 0.974698513401, ICC = 0.987571562382
Iteration 28: R^2 = 0.970161199263, ICC = 0.985313840408
Iteration 29: R^2 = 0.926028673863, ICC = 0.964286799848
Iteration 30: R^2 = 0.974310976399, ICC = 0.987166995907
Iteration 31: R^2 = 0.95461261172, ICC = 0.97655048227
Iteration 32: R^2 = 0.920465728998, ICC = 0.963052833901
Iteration 33: R^2 = 0.968835942505, ICC = 0.984660448514
Iteration 34: R^2 = 0.943087999459, ICC = 0.973180234885
Iteration 35: R^2 = 0.972507675155, ICC = 0.986209389716
Iteration 36: R^2 = 0.955752443298, ICC = 0.978507075481
Iteration 37: R^2 = 0.973036811402, ICC = 0.986220628257
Iteration 38: R^2 = 0.970065413349, ICC = 0.98460655857
Iteration 39: R^2 = 0.939502135037, ICC = 0.969666021008
Iteration 40: R^2 = 0.960268767919, ICC = 0.979774729039
Iteration 41: R^2 = 0.966820238466, ICC = 0.98371936645
Iteration 42: R^2 = 0.889627134072, ICC = 0.940573687083
Iteration 43: R^2 = 0.963715418359, ICC = 0.981918282036
Iteration 44: R^2 = 0.955555292048, ICC = 0.977028707976
Iteration 45: R^2 = 0.967146678369, ICC = 0.983350038852
Iteration 46: R^2 = 0.968181507051, ICC = 0.984179659988
Iteration 47: R^2 = 0.971621643976, ICC = 0.986110323141
Iteration 48: R^2 = 0.946321551025, ICC = 0.973566514842
Iteration 49: R^2 = 0.964812017801, ICC = 0.981888990525
Iteration 50: R^2 = 0.966648045671, ICC = 0.983797941496
Iteration 51: R^2 = 0.967383989781, ICC = 0.98447447682
Iteration 52: R^2 = 0.943938060774, ICC = 0.972557259409
Iteration 53: R^2 = 0.957182533582, ICC = 0.977966104728
Iteration 54: R^2 = 0.963970573062, ICC = 0.982598238191
Iteration 55: R^2 = 0.946963492946, ICC = 0.972622785318
Iteration 56: R^2 = 0.962402340306, ICC = 0.981995644811
Iteration 57: R^2 = 0.968718290811, ICC = 0.984134009322
Iteration 58: R^2 = 0.960604359914, ICC = 0.980049931763
Iteration 59: R^2 = 0.965658863326, ICC = 0.98297149681
Iteration 60: R^2 = 0.958436400838, ICC = 0.978580382158
Iteration 61: R^2 = 0.971797821248, ICC = 0.986066384959
Iteration 62: R^2 = 0.966257943533, ICC = 0.983407154764
Iteration 63: R^2 = 0.944153541996, ICC = 0.971731801559
Iteration 64: R^2 = 0.96828612023, ICC = 0.983867912697
Iteration 65: R^2 = 0.965545011084, ICC = 0.982496472398
Iteration 66: R^2 = 0.960603634035, ICC = 0.980621981497
Iteration 67: R^2 = 0.973008809372, ICC = 0.986222900105
Iteration 68: R^2 = 0.963315384148, ICC = 0.981947424071
Iteration 69: R^2 = 0.96735796761, ICC = 0.983822148972
Iteration 70: R^2 = 0.969829725435, ICC = 0.98486609598
Iteration 71: R^2 = 0.969971808772, ICC = 0.985321935025
Iteration 72: R^2 = 0.958707502554, ICC = 0.979504026148
Iteration 73: R^2 = 0.973838050874, ICC = 0.98666579073
Iteration 74: R^2 = 0.95298447079, ICC = 0.975845497661
Iteration 75: R^2 = 0.947459456077, ICC = 0.974498298448
Iteration 76: R^2 = 0.967515119888, ICC = 0.983892853355
Iteration 77: R^2 = 0.971045785674, ICC = 0.985694090684
Iteration 78: R^2 = 0.951567813858, ICC = 0.974592820486
Iteration 79: R^2 = 0.970279321986, ICC = 0.985214511174
Iteration 80: R^2 = 0.965347000825, ICC = 0.982217173109
Iteration 81: R^2 = 0.972535318677, ICC = 0.986611264166
Iteration 82: R^2 = 0.915289994268, ICC = 0.958985380281
Iteration 83: R^2 = 0.967566906661, ICC = 0.983360054919
Iteration 84: R^2 = 0.944535949174, ICC = 0.973359088604
Iteration 85: R^2 = 0.957950119818, ICC = 0.979119002403
Iteration 86: R^2 = 0.965983394571, ICC = 0.982775074864
Iteration 87: R^2 = 0.960872323826, ICC = 0.98022331565
Iteration 88: R^2 = 0.927913983065, ICC = 0.965148133691
Iteration 89: R^2 = 0.962256768313, ICC = 0.981363509427
Iteration 90: R^2 = 0.949270249125, ICC = 0.974930391479
Iteration 91: R^2 = 0.93770853224, ICC = 0.969754961407
Iteration 92: R^2 = 0.97083287875, ICC = 0.985232262859
Iteration 93: R^2 = 0.960780421044, ICC = 0.980930859262
Iteration 94: R^2 = 0.943063514501, ICC = 0.970921449847
Iteration 95: R^2 = 0.968651047836, ICC = 0.984176204238
Iteration 96: R^2 = 0.927749873448, ICC = 0.964326217775
Iteration 97: R^2 = 0.972645827798, ICC = 0.986329375933
Iteration 98: R^2 = 0.971608753593, ICC = 0.986129425808
Iteration 99: R^2 = 0.954522892423, ICC = 0.977148429584
R Squared list shape: (100,)
ICC list shape: (100,)
