Running abide_motion_wrapper_JAL.py
Fri Sep 23 12:26:04 EDT 2016
Iteration 0: R^2 = 0.972836971416, ICC = 0.986509855588
Iteration 1: R^2 = 0.978769913409, ICC = 0.989321639835
Iteration 2: R^2 = 0.979734358949, ICC = 0.989951781625
Iteration 3: R^2 = 0.964002955772, ICC = 0.981578859199
Iteration 4: R^2 = 0.966764735397, ICC = 0.983310857861
Iteration 5: R^2 = 0.963803318146, ICC = 0.981704343092
Iteration 6: R^2 = 0.980408374589, ICC = 0.990075474756
Iteration 7: R^2 = 0.959717601271, ICC = 0.980364999117
Iteration 8: R^2 = 0.97998991734, ICC = 0.990082648115
Iteration 9: R^2 = 0.974162169971, ICC = 0.986973942648
Iteration 10: R^2 = 0.977829974101, ICC = 0.988936240412
Iteration 11: R^2 = 0.976929509891, ICC = 0.988585305255
Iteration 12: R^2 = 0.97980847328, ICC = 0.989805937909
Iteration 13: R^2 = 0.968657242616, ICC = 0.985089267539
Iteration 14: R^2 = 0.972057891445, ICC = 0.985948168127
Iteration 15: R^2 = 0.973776215323, ICC = 0.986788477376
Iteration 16: R^2 = 0.972076538894, ICC = 0.986039466692
Iteration 17: R^2 = 0.978219206446, ICC = 0.98903908291
Iteration 18: R^2 = 0.97908584812, ICC = 0.989630784629
Iteration 19: R^2 = 0.962106210063, ICC = 0.980762085613
Iteration 20: R^2 = 0.976103595597, ICC = 0.987694989887
Iteration 21: R^2 = 0.969632575693, ICC = 0.984667257571
Iteration 22: R^2 = 0.975871316754, ICC = 0.988000381116
Iteration 23: R^2 = 0.975856710565, ICC = 0.98823563951
Iteration 24: R^2 = 0.882978133365, ICC = 0.943912306546
Iteration 25: R^2 = 0.977707305202, ICC = 0.988689413874
Iteration 26: R^2 = 0.979167778938, ICC = 0.989759913369
Iteration 27: R^2 = 0.98002513979, ICC = 0.989956620603
Iteration 28: R^2 = 0.968553679853, ICC = 0.984313306594
Iteration 29: R^2 = 0.951262629102, ICC = 0.97522205675
Iteration 30: R^2 = 0.977558103813, ICC = 0.98875814399
Iteration 31: R^2 = 0.978573954751, ICC = 0.989391486425
Iteration 32: R^2 = 0.975383594413, ICC = 0.987733340428
Iteration 33: R^2 = 0.974688521527, ICC = 0.987401503146
Iteration 34: R^2 = 0.944332447968, ICC = 0.970723217057
Iteration 35: R^2 = 0.978892988128, ICC = 0.989260225546
Iteration 36: R^2 = 0.971493806986, ICC = 0.98596825786
Iteration 37: R^2 = 0.965964076057, ICC = 0.982378289875
Iteration 38: R^2 = 0.970234418862, ICC = 0.985262860815
Iteration 39: R^2 = 0.978482263608, ICC = 0.989084407263
Iteration 40: R^2 = 0.964448589365, ICC = 0.982412634624
Iteration 41: R^2 = 0.967855831455, ICC = 0.984257625787
Iteration 42: R^2 = 0.979315550778, ICC = 0.989649532504
Iteration 43: R^2 = 0.978728889579, ICC = 0.988968802354
Iteration 44: R^2 = 0.976191150083, ICC = 0.988083675253
Iteration 45: R^2 = 0.970269965546, ICC = 0.985668239947
Iteration 46: R^2 = 0.975463603411, ICC = 0.987909118624
Iteration 47: R^2 = 0.954786471387, ICC = 0.978027098606
Iteration 48: R^2 = 0.976491586807, ICC = 0.987935255704
Iteration 49: R^2 = 0.935243378757, ICC = 0.968353166492
Iteration 50: R^2 = 0.958831338352, ICC = 0.979069573849
Iteration 51: R^2 = 0.945321880166, ICC = 0.973670694095
Iteration 52: R^2 = 0.972457488034, ICC = 0.985960793213
Iteration 53: R^2 = 0.979422769907, ICC = 0.989773214756
Iteration 54: R^2 = 0.976540275259, ICC = 0.988508549821
Iteration 55: R^2 = 0.971692293157, ICC = 0.985478478727
Iteration 56: R^2 = 0.968048501444, ICC = 0.983796485894
Iteration 57: R^2 = 0.962394603075, ICC = 0.981930535455
Iteration 58: R^2 = 0.96542353785, ICC = 0.98295840557
Iteration 59: R^2 = 0.967878479227, ICC = 0.984111935592
Iteration 60: R^2 = 0.978721719668, ICC = 0.989346404249
Iteration 61: R^2 = 0.971894464371, ICC = 0.986205557601
Iteration 62: R^2 = 0.95653383967, ICC = 0.977231606363
Iteration 63: R^2 = 0.972488459824, ICC = 0.985965288449
Iteration 64: R^2 = 0.95634008225, ICC = 0.978907457045
Iteration 65: R^2 = 0.974578769839, ICC = 0.987048726988
Iteration 66: R^2 = 0.973749270323, ICC = 0.987095487622
Iteration 67: R^2 = 0.976954008113, ICC = 0.988462466972
Iteration 68: R^2 = 0.980648361711, ICC = 0.990252414505
Iteration 69: R^2 = 0.966769147923, ICC = 0.983622083653
Iteration 70: R^2 = 0.952706708061, ICC = 0.97653430983
Iteration 71: R^2 = 0.976886669018, ICC = 0.988416506972
Iteration 72: R^2 = 0.970132208168, ICC = 0.985136260658
Iteration 73: R^2 = 0.942301098291, ICC = 0.970064522098
Iteration 74: R^2 = 0.945183836962, ICC = 0.973372911364
Iteration 75: R^2 = 0.979212285725, ICC = 0.989521658456
Iteration 76: R^2 = 0.970956793422, ICC = 0.985293126872
Iteration 77: R^2 = 0.973487494468, ICC = 0.986669493567
Iteration 78: R^2 = 0.972176826636, ICC = 0.986162769103
Iteration 79: R^2 = 0.96326834136, ICC = 0.981988640867
Iteration 80: R^2 = 0.97396764248, ICC = 0.987005761498
Iteration 81: R^2 = 0.978288717593, ICC = 0.989023735075
Iteration 82: R^2 = 0.977467757071, ICC = 0.988992338074
Iteration 83: R^2 = 0.934482236307, ICC = 0.966751714048
Iteration 84: R^2 = 0.976104421435, ICC = 0.988005126499
Iteration 85: R^2 = 0.961192061321, ICC = 0.980969113039
Iteration 86: R^2 = 0.974040621288, ICC = 0.987145048927
Iteration 87: R^2 = 0.958922666743, ICC = 0.97953025113
Iteration 88: R^2 = 0.943539340043, ICC = 0.971197265412
Iteration 89: R^2 = 0.94599409165, ICC = 0.973326306038
Iteration 90: R^2 = 0.929577338213, ICC = 0.965344449529
Iteration 91: R^2 = 0.974959212153, ICC = 0.987578787267
Iteration 92: R^2 = 0.977681666878, ICC = 0.988783940769
Iteration 93: R^2 = 0.950059704549, ICC = 0.975818421111
Iteration 94: R^2 = 0.967111516314, ICC = 0.983694691224
Iteration 95: R^2 = 0.973888828036, ICC = 0.98704179703
Iteration 96: R^2 = 0.957869103726, ICC = 0.979187810632
Iteration 97: R^2 = 0.964583884878, ICC = 0.982228341885
Iteration 98: R^2 = 0.975892239922, ICC = 0.98793939922
Iteration 99: R^2 = 0.979534311292, ICC = 0.989964890254
R Squared list shape: (100,)
ICC list shape: (100,)
