Running abide_motion_wrapper_JAL.py
Fri Sep 23 12:26:51 EDT 2016
Iteration 0: R^2 = 0.974892385743, ICC = 0.987148113609
Iteration 1: R^2 = 0.973209704889, ICC = 0.986786914994
Iteration 2: R^2 = 0.972644706688, ICC = 0.986263667692
Iteration 3: R^2 = 0.974152352765, ICC = 0.987206076416
Iteration 4: R^2 = 0.972469711365, ICC = 0.986132006808
Iteration 5: R^2 = 0.970088252854, ICC = 0.985410937222
Iteration 6: R^2 = 0.971809853815, ICC = 0.985517389621
Iteration 7: R^2 = 0.97619882634, ICC = 0.988072786818
Iteration 8: R^2 = 0.97494732514, ICC = 0.987292622422
Iteration 9: R^2 = 0.969115406418, ICC = 0.98433013246
Iteration 10: R^2 = 0.967251463414, ICC = 0.983156385393
Iteration 11: R^2 = 0.957988422218, ICC = 0.979097071746
Iteration 12: R^2 = 0.969880310561, ICC = 0.985239519115
Iteration 13: R^2 = 0.965789815006, ICC = 0.982315742335
Iteration 14: R^2 = 0.968877508687, ICC = 0.984607780997
Iteration 15: R^2 = 0.970034076443, ICC = 0.984826386421
Iteration 16: R^2 = 0.966298757715, ICC = 0.983188962865
Iteration 17: R^2 = 0.971502405585, ICC = 0.985416695985
Iteration 18: R^2 = 0.975548430471, ICC = 0.98772272312
Iteration 19: R^2 = 0.961169263002, ICC = 0.979984654246
Iteration 20: R^2 = 0.962819659078, ICC = 0.982206915748
Iteration 21: R^2 = 0.94954643721, ICC = 0.974473756846
Iteration 22: R^2 = 0.961411434665, ICC = 0.981337552051
Iteration 23: R^2 = 0.97628825881, ICC = 0.988153229412
Iteration 24: R^2 = 0.972631766589, ICC = 0.9859748034
Iteration 25: R^2 = 0.969751752195, ICC = 0.984941998618
Iteration 26: R^2 = 0.97796584707, ICC = 0.989089663692
Iteration 27: R^2 = 0.978119141879, ICC = 0.988992038858
Iteration 28: R^2 = 0.973304524599, ICC = 0.986879546324
Iteration 29: R^2 = 0.960066773082, ICC = 0.979488895583
Iteration 30: R^2 = 0.953827919731, ICC = 0.976981823469
Iteration 31: R^2 = 0.97307601844, ICC = 0.986814291501
Iteration 32: R^2 = 0.970827775826, ICC = 0.985789451489
Iteration 33: R^2 = 0.972222192355, ICC = 0.985976282036
Iteration 34: R^2 = 0.976350861747, ICC = 0.987862697278
Iteration 35: R^2 = 0.973097092632, ICC = 0.986521691621
Iteration 36: R^2 = 0.967769393929, ICC = 0.983941922491
Iteration 37: R^2 = 0.958498769802, ICC = 0.979735073846
Iteration 38: R^2 = 0.970017733278, ICC = 0.984901345518
Iteration 39: R^2 = 0.961448675954, ICC = 0.980467819886
Iteration 40: R^2 = 0.971518132337, ICC = 0.985370324321
Iteration 41: R^2 = 0.967258032835, ICC = 0.983521462965
Iteration 42: R^2 = 0.972399432155, ICC = 0.985905622404
Iteration 43: R^2 = 0.938306665655, ICC = 0.967844461744
Iteration 44: R^2 = 0.968913409047, ICC = 0.984888386053
Iteration 45: R^2 = 0.962616355674, ICC = 0.981432727044
Iteration 46: R^2 = 0.973175130344, ICC = 0.986798038481
Iteration 47: R^2 = 0.975688284144, ICC = 0.987788136444
Iteration 48: R^2 = 0.967871343202, ICC = 0.984519049176
Iteration 49: R^2 = 0.960438443006, ICC = 0.980351430478
Iteration 50: R^2 = 0.972316339466, ICC = 0.985917345406
Iteration 51: R^2 = 0.971134003538, ICC = 0.985247184477
Iteration 52: R^2 = 0.951458592831, ICC = 0.97687242187
Iteration 53: R^2 = 0.974411494175, ICC = 0.987129493264
Iteration 54: R^2 = 0.97273129006, ICC = 0.986158486255
Iteration 55: R^2 = 0.967781068135, ICC = 0.983980557293
Iteration 56: R^2 = 0.973896155078, ICC = 0.986990990144
Iteration 57: R^2 = 0.933319908825, ICC = 0.965712309342
Iteration 58: R^2 = 0.96034327133, ICC = 0.980915920098
Iteration 59: R^2 = 0.976097881199, ICC = 0.988306968864
Iteration 60: R^2 = 0.971862072587, ICC = 0.986060601465
Iteration 61: R^2 = 0.964129233161, ICC = 0.982416391441
Iteration 62: R^2 = 0.974111896828, ICC = 0.986992996466
Iteration 63: R^2 = 0.972043889529, ICC = 0.985853640393
Iteration 64: R^2 = 0.976888532288, ICC = 0.988376912934
Iteration 65: R^2 = 0.969357464354, ICC = 0.984381057788
Iteration 66: R^2 = 0.968615456959, ICC = 0.984603418786
Iteration 67: R^2 = 0.974083524748, ICC = 0.987268053332
Iteration 68: R^2 = 0.960043625847, ICC = 0.979243418823
Iteration 69: R^2 = 0.97687536775, ICC = 0.988482144062
Iteration 70: R^2 = 0.957199965446, ICC = 0.97875126004
Iteration 71: R^2 = 0.960037145937, ICC = 0.980521132988
Iteration 72: R^2 = 0.970611651498, ICC = 0.984979684507
Iteration 73: R^2 = 0.97150251487, ICC = 0.985780477884
Iteration 74: R^2 = 0.971851146731, ICC = 0.985738914396
Iteration 75: R^2 = 0.964939756189, ICC = 0.98203341631
Iteration 76: R^2 = 0.97588937686, ICC = 0.98809485733
Iteration 77: R^2 = 0.964703566544, ICC = 0.981786483818
Iteration 78: R^2 = 0.978114992973, ICC = 0.988905726596
Iteration 79: R^2 = 0.956569897642, ICC = 0.978796905905
Iteration 80: R^2 = 0.973918505181, ICC = 0.986646057493
Iteration 81: R^2 = 0.966761560129, ICC = 0.982937740176
Iteration 82: R^2 = 0.958489478902, ICC = 0.978729170983
Iteration 83: R^2 = 0.970907397897, ICC = 0.985574302883
Iteration 84: R^2 = 0.973474844062, ICC = 0.986277167327
Iteration 85: R^2 = 0.971925108232, ICC = 0.986000159407
Iteration 86: R^2 = 0.974203027812, ICC = 0.986981196818
Iteration 87: R^2 = 0.969036624122, ICC = 0.98447728664
Iteration 88: R^2 = 0.963032128725, ICC = 0.981520402823
Iteration 89: R^2 = 0.948408029107, ICC = 0.973559460873
Iteration 90: R^2 = 0.972422944445, ICC = 0.985867290169
Iteration 91: R^2 = 0.974515745384, ICC = 0.987628172845
Iteration 92: R^2 = 0.974285566842, ICC = 0.987223444433
Iteration 93: R^2 = 0.964536749553, ICC = 0.98243292727
Iteration 94: R^2 = 0.967007815041, ICC = 0.983259410829
Iteration 95: R^2 = 0.971658911549, ICC = 0.985756403045
Iteration 96: R^2 = 0.948120523078, ICC = 0.974071897909
Iteration 97: R^2 = 0.977504558067, ICC = 0.98885260125
Iteration 98: R^2 = 0.971799155926, ICC = 0.985656788859
Iteration 99: R^2 = 0.969661465967, ICC = 0.984310124577
R Squared list shape: (100,)
ICC list shape: (100,)
