Running abide_motion_wrapper_JAL.py
Fri Sep 23 12:24:37 EDT 2016
Iteration 0: R^2 = 0.945153236995, ICC = 0.971872665481
Iteration 1: R^2 = 0.915338537079, ICC = 0.958016375158
Iteration 2: R^2 = 0.88766487022, ICC = 0.946184960101
Iteration 3: R^2 = 0.933469189323, ICC = 0.965979994521
Iteration 4: R^2 = 0.93525171352, ICC = 0.965754869441
Iteration 5: R^2 = 0.880303640156, ICC = 0.94421590474
Iteration 6: R^2 = 0.905961573365, ICC = 0.951142375612
Iteration 7: R^2 = 0.910786970581, ICC = 0.957840638498
Iteration 8: R^2 = 0.895142807801, ICC = 0.949198945572
Iteration 9: R^2 = 0.944736567587, ICC = 0.972070071714
Iteration 10: R^2 = 0.925479494683, ICC = 0.961641477865
Iteration 11: R^2 = 0.941136768769, ICC = 0.971333544117
Iteration 12: R^2 = 0.926503270057, ICC = 0.962279824667
Iteration 13: R^2 = 0.911766338614, ICC = 0.955610218803
Iteration 14: R^2 = 0.936499731495, ICC = 0.968528138146
Iteration 15: R^2 = 0.928500097878, ICC = 0.964961369045
Iteration 16: R^2 = 0.924981844603, ICC = 0.963609827797
Iteration 17: R^2 = 0.923571505844, ICC = 0.961906147368
Iteration 18: R^2 = 0.941622884425, ICC = 0.970020132405
Iteration 19: R^2 = 0.951373757674, ICC = 0.975039262444
Iteration 20: R^2 = 0.933769161387, ICC = 0.96724512221
Iteration 21: R^2 = 0.937103594318, ICC = 0.966974845124
Iteration 22: R^2 = 0.933688392211, ICC = 0.966609563424
Iteration 23: R^2 = 0.932634550507, ICC = 0.966173694431
Iteration 24: R^2 = 0.906477884363, ICC = 0.953992035874
Iteration 25: R^2 = 0.939555242101, ICC = 0.969919141677
Iteration 26: R^2 = 0.928808968935, ICC = 0.965527209017
Iteration 27: R^2 = 0.928511708061, ICC = 0.962358424194
Iteration 28: R^2 = 0.937805944502, ICC = 0.967895154879
Iteration 29: R^2 = 0.91708545281, ICC = 0.958548232007
Iteration 30: R^2 = 0.94056793298, ICC = 0.970147046106
Iteration 31: R^2 = 0.925156702444, ICC = 0.962346751036
Iteration 32: R^2 = 0.948642139311, ICC = 0.974411828664
Iteration 33: R^2 = 0.919954546418, ICC = 0.960895969819
Iteration 34: R^2 = 0.935868202649, ICC = 0.967574096296
Iteration 35: R^2 = 0.933256487602, ICC = 0.968198032204
Iteration 36: R^2 = 0.92877884032, ICC = 0.963800015914
Iteration 37: R^2 = 0.947437183028, ICC = 0.97428208903
Iteration 38: R^2 = 0.935638229072, ICC = 0.968499808795
Iteration 39: R^2 = 0.928158465433, ICC = 0.965414550499
Iteration 40: R^2 = 0.928954002571, ICC = 0.963617817433
Iteration 41: R^2 = 0.945173047892, ICC = 0.971670112547
Iteration 42: R^2 = 0.899447149647, ICC = 0.947913006436
Iteration 43: R^2 = 0.87451510726, ICC = 0.93899551397
Iteration 44: R^2 = 0.901676458014, ICC = 0.954495453412
Iteration 45: R^2 = 0.94460825822, ICC = 0.972880345837
Iteration 46: R^2 = 0.928587362179, ICC = 0.963545864861
Iteration 47: R^2 = 0.940109561377, ICC = 0.970410756435
Iteration 48: R^2 = 0.946460290343, ICC = 0.972686049572
Iteration 49: R^2 = 0.940076443116, ICC = 0.970898112396
Iteration 50: R^2 = 0.945820148682, ICC = 0.972361024692
Iteration 51: R^2 = 0.904285530275, ICC = 0.951254530164
Iteration 52: R^2 = 0.937628951782, ICC = 0.969042595503
Iteration 53: R^2 = 0.949240140222, ICC = 0.974634285694
Iteration 54: R^2 = 0.921794290619, ICC = 0.962105399604
Iteration 55: R^2 = 0.830933416502, ICC = 0.921211369488
Iteration 56: R^2 = 0.917429564983, ICC = 0.957786418609
Iteration 57: R^2 = 0.910993203275, ICC = 0.957681614475
Iteration 58: R^2 = 0.942052573769, ICC = 0.970670981707
Iteration 59: R^2 = 0.928170695627, ICC = 0.965272710602
Iteration 60: R^2 = 0.943737674951, ICC = 0.971918044715
Iteration 61: R^2 = 0.925493345986, ICC = 0.963335841101
Iteration 62: R^2 = 0.935341017389, ICC = 0.966980668237
Iteration 63: R^2 = 0.93440588899, ICC = 0.96766669345
Iteration 64: R^2 = 0.936993451388, ICC = 0.969835231412
Iteration 65: R^2 = 0.895293196209, ICC = 0.949130505207
Iteration 66: R^2 = 0.948992090035, ICC = 0.974038240976
Iteration 67: R^2 = 0.937550067482, ICC = 0.969051579415
Iteration 68: R^2 = 0.946468834189, ICC = 0.973734227267
Iteration 69: R^2 = 0.919787224358, ICC = 0.961091123534
Iteration 70: R^2 = 0.942110460646, ICC = 0.970835899809
Iteration 71: R^2 = 0.903360675499, ICC = 0.949898062537
Iteration 72: R^2 = 0.928623509917, ICC = 0.964612778051
Iteration 73: R^2 = 0.932840359077, ICC = 0.966959484331
Iteration 74: R^2 = 0.945052685395, ICC = 0.97164708041
Iteration 75: R^2 = 0.928957893652, ICC = 0.9653711737
Iteration 76: R^2 = 0.942953891957, ICC = 0.971690904292
Iteration 77: R^2 = 0.921990515068, ICC = 0.9600424712
Iteration 78: R^2 = 0.939156174899, ICC = 0.970393113681
Iteration 79: R^2 = 0.89205146225, ICC = 0.945398278601
Iteration 80: R^2 = 0.947643146512, ICC = 0.97387276461
Iteration 81: R^2 = 0.934055820834, ICC = 0.967360394873
Iteration 82: R^2 = 0.947462569012, ICC = 0.973941589246
Iteration 83: R^2 = 0.891482918296, ICC = 0.946864911712
Iteration 84: R^2 = 0.913265256267, ICC = 0.957700227969
Iteration 85: R^2 = 0.938126386098, ICC = 0.969132398024
Iteration 86: R^2 = 0.935355776897, ICC = 0.968802984937
Iteration 87: R^2 = 0.933522845543, ICC = 0.966316555022
Iteration 88: R^2 = 0.92733040125, ICC = 0.963825563237
Iteration 89: R^2 = 0.937526406161, ICC = 0.969798504954
Iteration 90: R^2 = 0.939165114319, ICC = 0.969210334242
Iteration 91: R^2 = 0.945008278446, ICC = 0.972406376996
Iteration 92: R^2 = 0.933162855659, ICC = 0.967518342708
Iteration 93: R^2 = 0.934999683883, ICC = 0.967824149242
Iteration 94: R^2 = 0.864236426371, ICC = 0.934731044136
Iteration 95: R^2 = 0.94182247108, ICC = 0.970024788085
Iteration 96: R^2 = 0.836053860566, ICC = 0.925055273702
Iteration 97: R^2 = 0.941008030863, ICC = 0.97009678081
Iteration 98: R^2 = 0.945792292924, ICC = 0.972860129532
Iteration 99: R^2 = 0.932729000014, ICC = 0.965984693718
R Squared list shape: (100,)
ICC list shape: (100,)
