Running abide_motion_wrapper_JAL.py
Fri Sep 23 12:27:42 EDT 2016
Iteration 0: R^2 = 0.954571069174, ICC = 0.976749823225
Iteration 1: R^2 = 0.941013127627, ICC = 0.971591428527
Iteration 2: R^2 = 0.959755942875, ICC = 0.979470212598
Iteration 3: R^2 = 0.950136467849, ICC = 0.974461539216
Iteration 4: R^2 = 0.942503979139, ICC = 0.969833089695
Iteration 5: R^2 = 0.967340315823, ICC = 0.98352681556
Iteration 6: R^2 = 0.964043721415, ICC = 0.981438897992
Iteration 7: R^2 = 0.962068589816, ICC = 0.981156352956
Iteration 8: R^2 = 0.951553022433, ICC = 0.976754522026
Iteration 9: R^2 = 0.951516442346, ICC = 0.976152983701
Iteration 10: R^2 = 0.963759872824, ICC = 0.98160772884
Iteration 11: R^2 = 0.965333997255, ICC = 0.982784769315
Iteration 12: R^2 = 0.944944849203, ICC = 0.97268303329
Iteration 13: R^2 = 0.966753108836, ICC = 0.982867992516
Iteration 14: R^2 = 0.949847398999, ICC = 0.975845710507
Iteration 15: R^2 = 0.938000367852, ICC = 0.969757822034
Iteration 16: R^2 = 0.915619827482, ICC = 0.959949050758
Iteration 17: R^2 = 0.967609199435, ICC = 0.983737338836
Iteration 18: R^2 = 0.954337661554, ICC = 0.978437799742
Iteration 19: R^2 = 0.969943592742, ICC = 0.985037078327
Iteration 20: R^2 = 0.957651839629, ICC = 0.980084981533
Iteration 21: R^2 = 0.964697912564, ICC = 0.982379129876
Iteration 22: R^2 = 0.973626184669, ICC = 0.986721445853
Iteration 23: R^2 = 0.960758801162, ICC = 0.980712498978
Iteration 24: R^2 = 0.970791270686, ICC = 0.985331091666
Iteration 25: R^2 = 0.964835641012, ICC = 0.982028930075
Iteration 26: R^2 = 0.952747382803, ICC = 0.977315380685
Iteration 27: R^2 = 0.895750503941, ICC = 0.951367348524
Iteration 28: R^2 = 0.962915851739, ICC = 0.981823185408
Iteration 29: R^2 = 0.920616292868, ICC = 0.960486640363
Iteration 30: R^2 = 0.953302739078, ICC = 0.97613052309
Iteration 31: R^2 = 0.972151830823, ICC = 0.985729858481
Iteration 32: R^2 = 0.967579005251, ICC = 0.983787582058
Iteration 33: R^2 = 0.949063801633, ICC = 0.975460519017
Iteration 34: R^2 = 0.956756760002, ICC = 0.979275999585
Iteration 35: R^2 = 0.968608171241, ICC = 0.98410063068
Iteration 36: R^2 = 0.968279219176, ICC = 0.984281872896
Iteration 37: R^2 = 0.945681948389, ICC = 0.973651760102
Iteration 38: R^2 = 0.977071772392, ICC = 0.988674028542
Iteration 39: R^2 = 0.964695356238, ICC = 0.98215878856
Iteration 40: R^2 = 0.963053361043, ICC = 0.981196504693
Iteration 41: R^2 = 0.965628349187, ICC = 0.982559159727
Iteration 42: R^2 = 0.964117714959, ICC = 0.981988505514
Iteration 43: R^2 = 0.970207760339, ICC = 0.985471769812
Iteration 44: R^2 = 0.958726085274, ICC = 0.979141407104
Iteration 45: R^2 = 0.970473549284, ICC = 0.98541286378
Iteration 46: R^2 = 0.961141225802, ICC = 0.980834067287
Iteration 47: R^2 = 0.966697135942, ICC = 0.98398507009
Iteration 48: R^2 = 0.957672472606, ICC = 0.978882764289
Iteration 49: R^2 = 0.968360450053, ICC = 0.984277146606
Iteration 50: R^2 = 0.966041449233, ICC = 0.983316118281
Iteration 51: R^2 = 0.957432706577, ICC = 0.978135283143
Iteration 52: R^2 = 0.955454739819, ICC = 0.978069709326
Iteration 53: R^2 = 0.969136865207, ICC = 0.984720655126
Iteration 54: R^2 = 0.970938423366, ICC = 0.985234363732
Iteration 55: R^2 = 0.952308357611, ICC = 0.976719622571
Iteration 56: R^2 = 0.970844014161, ICC = 0.985749995126
Iteration 57: R^2 = 0.949919127763, ICC = 0.974718251671
Iteration 58: R^2 = 0.971101008531, ICC = 0.985578764998
Iteration 59: R^2 = 0.94046517951, ICC = 0.970521590404
Iteration 60: R^2 = 0.954740761009, ICC = 0.976544547002
Iteration 61: R^2 = 0.952019176183, ICC = 0.976045643943
Iteration 62: R^2 = 0.965667266843, ICC = 0.982900451846
Iteration 63: R^2 = 0.891362739717, ICC = 0.948230236137
Iteration 64: R^2 = 0.959424738424, ICC = 0.979595551338
Iteration 65: R^2 = 0.948398645955, ICC = 0.974449360689
Iteration 66: R^2 = 0.961465963387, ICC = 0.980945032054
Iteration 67: R^2 = 0.959891635993, ICC = 0.980078185106
Iteration 68: R^2 = 0.946164675712, ICC = 0.97226582581
Iteration 69: R^2 = 0.941119417681, ICC = 0.972328544897
Iteration 70: R^2 = 0.964796302684, ICC = 0.982589094688
Iteration 71: R^2 = 0.945250713743, ICC = 0.973456242247
Iteration 72: R^2 = 0.966781335898, ICC = 0.983159115158
Iteration 73: R^2 = 0.961394749273, ICC = 0.981292755098
Iteration 74: R^2 = 0.957206475394, ICC = 0.97751671572
Iteration 75: R^2 = 0.968666671808, ICC = 0.98422375699
Iteration 76: R^2 = 0.965091294103, ICC = 0.982039905008
Iteration 77: R^2 = 0.966192139656, ICC = 0.98326328561
Iteration 78: R^2 = 0.968453213879, ICC = 0.984123159299
Iteration 79: R^2 = 0.908653162954, ICC = 0.956218620904
Iteration 80: R^2 = 0.964812807119, ICC = 0.98240315835
Iteration 81: R^2 = 0.966854230971, ICC = 0.983604809046
Iteration 82: R^2 = 0.970786203632, ICC = 0.985268921619
Iteration 83: R^2 = 0.948423326256, ICC = 0.975568123572
Iteration 84: R^2 = 0.953293433409, ICC = 0.976092232096
Iteration 85: R^2 = 0.961146691101, ICC = 0.980758385029
Iteration 86: R^2 = 0.964604922047, ICC = 0.982484712899
Iteration 87: R^2 = 0.966970742836, ICC = 0.98361184172
Iteration 88: R^2 = 0.967774038036, ICC = 0.984299272382
Iteration 89: R^2 = 0.959977420108, ICC = 0.980291499573
Iteration 90: R^2 = 0.970803533109, ICC = 0.985341333308
Iteration 91: R^2 = 0.964474484344, ICC = 0.982272209496
Iteration 92: R^2 = 0.972959409558, ICC = 0.986037948099
Iteration 93: R^2 = 0.958636582169, ICC = 0.979264175397
Iteration 94: R^2 = 0.958888214697, ICC = 0.979964981832
Iteration 95: R^2 = 0.890275432062, ICC = 0.94384877772
Iteration 96: R^2 = 0.966597775332, ICC = 0.983327052523
Iteration 97: R^2 = 0.963686680909, ICC = 0.981499131444
Iteration 98: R^2 = 0.937530297652, ICC = 0.968442248176
Iteration 99: R^2 = 0.956506158693, ICC = 0.977431015509
R Squared list shape: (100,)
ICC list shape: (100,)
