Running abide_motion_wrapper_JAL.py
Fri Sep 23 12:24:37 EDT 2016
Iteration 0: R^2 = 0.973809123244, ICC = 0.987084735358
Iteration 1: R^2 = 0.959560715953, ICC = 0.979960765728
Iteration 2: R^2 = 0.980272467313, ICC = 0.990178216684
Iteration 3: R^2 = 0.97302810953, ICC = 0.986560659501
Iteration 4: R^2 = 0.976653582654, ICC = 0.988362263304
Iteration 5: R^2 = 0.970912869315, ICC = 0.985342137846
Iteration 6: R^2 = 0.98017302138, ICC = 0.99009668915
Iteration 7: R^2 = 0.972564839067, ICC = 0.986308511979
Iteration 8: R^2 = 0.977694008605, ICC = 0.989013831824
Iteration 9: R^2 = 0.976865167921, ICC = 0.988317669906
Iteration 10: R^2 = 0.954237792132, ICC = 0.976055214791
Iteration 11: R^2 = 0.945778426277, ICC = 0.973430770212
Iteration 12: R^2 = 0.951551295001, ICC = 0.975701465024
Iteration 13: R^2 = 0.976001469987, ICC = 0.988230571913
Iteration 14: R^2 = 0.973888095689, ICC = 0.98707496652
Iteration 15: R^2 = 0.957273398654, ICC = 0.979073306854
Iteration 16: R^2 = 0.957472244701, ICC = 0.979176071438
Iteration 17: R^2 = 0.978526748212, ICC = 0.989131927709
Iteration 18: R^2 = 0.969847916076, ICC = 0.985039474449
Iteration 19: R^2 = 0.975089822494, ICC = 0.987917166146
Iteration 20: R^2 = 0.975901281114, ICC = 0.987958491358
Iteration 21: R^2 = 0.979603013242, ICC = 0.989640063503
Iteration 22: R^2 = 0.972013582779, ICC = 0.986059047031
Iteration 23: R^2 = 0.968581837358, ICC = 0.984356793364
Iteration 24: R^2 = 0.976197579309, ICC = 0.988175904393
Iteration 25: R^2 = 0.975193264327, ICC = 0.987610232496
Iteration 26: R^2 = 0.975552187562, ICC = 0.987690303684
Iteration 27: R^2 = 0.974576292115, ICC = 0.987296059176
Iteration 28: R^2 = 0.973692691526, ICC = 0.986868348329
Iteration 29: R^2 = 0.975351676375, ICC = 0.987795585193
Iteration 30: R^2 = 0.971296874779, ICC = 0.986117174884
Iteration 31: R^2 = 0.977816578962, ICC = 0.98889968303
Iteration 32: R^2 = 0.96866320449, ICC = 0.984483863712
Iteration 33: R^2 = 0.975081166864, ICC = 0.987620593666
Iteration 34: R^2 = 0.973376430056, ICC = 0.986878435441
Iteration 35: R^2 = 0.963411799722, ICC = 0.982355513148
Iteration 36: R^2 = 0.915754929029, ICC = 0.957424816375
Iteration 37: R^2 = 0.966952843554, ICC = 0.983361607547
Iteration 38: R^2 = 0.9759888899, ICC = 0.988040197489
Iteration 39: R^2 = 0.938461993805, ICC = 0.969952532198
Iteration 40: R^2 = 0.97267026209, ICC = 0.986602302637
Iteration 41: R^2 = 0.977380784241, ICC = 0.988688247266
Iteration 42: R^2 = 0.961517710457, ICC = 0.980365417958
Iteration 43: R^2 = 0.97581685765, ICC = 0.987786370637
Iteration 44: R^2 = 0.978492043278, ICC = 0.98914137999
Iteration 45: R^2 = 0.967463922724, ICC = 0.983865823889
Iteration 46: R^2 = 0.978591256502, ICC = 0.989433929846
Iteration 47: R^2 = 0.968280859021, ICC = 0.984158355772
Iteration 48: R^2 = 0.97070665915, ICC = 0.985132502232
Iteration 49: R^2 = 0.972978987884, ICC = 0.986674743861
Iteration 50: R^2 = 0.974206326528, ICC = 0.986793615644
Iteration 51: R^2 = 0.97154748566, ICC = 0.986268434004
Iteration 52: R^2 = 0.972083600942, ICC = 0.986261280232
Iteration 53: R^2 = 0.975117013271, ICC = 0.987581129886
Iteration 54: R^2 = 0.968599846163, ICC = 0.984791629947
Iteration 55: R^2 = 0.974234818495, ICC = 0.987257421374
Iteration 56: R^2 = 0.975659974195, ICC = 0.987876983909
Iteration 57: R^2 = 0.977715217439, ICC = 0.988733724795
Iteration 58: R^2 = 0.97209997948, ICC = 0.985715398904
Iteration 59: R^2 = 0.970324247624, ICC = 0.984985275925
Iteration 60: R^2 = 0.975400611055, ICC = 0.987569921321
Iteration 61: R^2 = 0.973811663931, ICC = 0.98707874777
Iteration 62: R^2 = 0.975437513971, ICC = 0.987526413228
Iteration 63: R^2 = 0.97350991098, ICC = 0.987009615538
Iteration 64: R^2 = 0.975185787273, ICC = 0.987420472646
Iteration 65: R^2 = 0.971600163571, ICC = 0.985682976691
Iteration 66: R^2 = 0.97544562455, ICC = 0.987740040617
Iteration 67: R^2 = 0.968274615808, ICC = 0.984476010471
Iteration 68: R^2 = 0.976816672623, ICC = 0.988362692224
Iteration 69: R^2 = 0.922425465405, ICC = 0.960398479289
Iteration 70: R^2 = 0.949905880617, ICC = 0.974501978881
Iteration 71: R^2 = 0.97977164979, ICC = 0.989869625922
Iteration 72: R^2 = 0.96945813116, ICC = 0.984619198893
Iteration 73: R^2 = 0.972263107796, ICC = 0.986088123423
Iteration 74: R^2 = 0.965940024581, ICC = 0.983415579383
Iteration 75: R^2 = 0.975851208569, ICC = 0.988088718368
Iteration 76: R^2 = 0.962651542766, ICC = 0.981197117254
Iteration 77: R^2 = 0.974859919656, ICC = 0.987182110098
Iteration 78: R^2 = 0.977654349515, ICC = 0.988622076621
Iteration 79: R^2 = 0.974616025835, ICC = 0.986965739781
Iteration 80: R^2 = 0.965559312951, ICC = 0.982411171228
Iteration 81: R^2 = 0.973991738462, ICC = 0.986819794867
Iteration 82: R^2 = 0.955234312984, ICC = 0.977342874984
Iteration 83: R^2 = 0.98155784223, ICC = 0.990779418462
Iteration 84: R^2 = 0.965961473909, ICC = 0.983503236311
Iteration 85: R^2 = 0.977602144893, ICC = 0.98861568961
Iteration 86: R^2 = 0.974227112512, ICC = 0.98690048918
Iteration 87: R^2 = 0.971872378129, ICC = 0.985897123624
Iteration 88: R^2 = 0.974630248841, ICC = 0.987303373894
Iteration 89: R^2 = 0.974508870622, ICC = 0.987349641177
Iteration 90: R^2 = 0.969706542976, ICC = 0.985021041796
Iteration 91: R^2 = 0.970346182001, ICC = 0.985665197409
Iteration 92: R^2 = 0.979189584267, ICC = 0.989735934647
Iteration 93: R^2 = 0.973682237763, ICC = 0.987016746814
Iteration 94: R^2 = 0.974715582282, ICC = 0.987100248342
Iteration 95: R^2 = 0.973898510371, ICC = 0.987259516994
Iteration 96: R^2 = 0.97622472301, ICC = 0.988265116129
Iteration 97: R^2 = 0.958854926413, ICC = 0.980065881316
Iteration 98: R^2 = 0.968658658145, ICC = 0.984313476384
Iteration 99: R^2 = 0.962768648073, ICC = 0.980963259566
R Squared list shape: (100,)
ICC list shape: (100,)
