Running abide_motion_wrapper_JAL.py
Fri Sep 23 12:33:16 EDT 2016
Iteration 0: R^2 = 0.955325154171, ICC = 0.978679664712
Iteration 1: R^2 = 0.908633120213, ICC = 0.956837307378
Iteration 2: R^2 = 0.94963537798, ICC = 0.975210828787
Iteration 3: R^2 = 0.938703325695, ICC = 0.969935512963
Iteration 4: R^2 = 0.920122115316, ICC = 0.958780217023
Iteration 5: R^2 = 0.948457681699, ICC = 0.973745534403
Iteration 6: R^2 = 0.9262519967, ICC = 0.962092063735
Iteration 7: R^2 = 0.912503366595, ICC = 0.957303550625
Iteration 8: R^2 = 0.928588244301, ICC = 0.962623828653
Iteration 9: R^2 = 0.942863602003, ICC = 0.972016735486
Iteration 10: R^2 = 0.950766826904, ICC = 0.975569202529
Iteration 11: R^2 = 0.952537090771, ICC = 0.976716512838
Iteration 12: R^2 = 0.954777753455, ICC = 0.977187851129
Iteration 13: R^2 = 0.954317927688, ICC = 0.976255807537
Iteration 14: R^2 = 0.953654293523, ICC = 0.976304109115
Iteration 15: R^2 = 0.94607525708, ICC = 0.974282480849
Iteration 16: R^2 = 0.951108692977, ICC = 0.975179409193
Iteration 17: R^2 = 0.959576281939, ICC = 0.980123615063
Iteration 18: R^2 = 0.948880620954, ICC = 0.974410375845
Iteration 19: R^2 = 0.954984788558, ICC = 0.9776665835
Iteration 20: R^2 = 0.881920568906, ICC = 0.939217245302
Iteration 21: R^2 = 0.91696972981, ICC = 0.956738302981
Iteration 22: R^2 = 0.955845440332, ICC = 0.977794404247
Iteration 23: R^2 = 0.959302287063, ICC = 0.97957148534
Iteration 24: R^2 = 0.889445980532, ICC = 0.947611764374
Iteration 25: R^2 = 0.945460576716, ICC = 0.97328320946
Iteration 26: R^2 = 0.951964599603, ICC = 0.975404232125
Iteration 27: R^2 = 0.942949346672, ICC = 0.972104750296
Iteration 28: R^2 = 0.924153475399, ICC = 0.962849359687
Iteration 29: R^2 = 0.952218847203, ICC = 0.976199785142
Iteration 30: R^2 = 0.933838794764, ICC = 0.967085611553
Iteration 31: R^2 = 0.91720773291, ICC = 0.956600132359
Iteration 32: R^2 = 0.940260289629, ICC = 0.969425849602
Iteration 33: R^2 = 0.95666423312, ICC = 0.977676535965
Iteration 34: R^2 = 0.951417009333, ICC = 0.975954374687
Iteration 35: R^2 = 0.956380884605, ICC = 0.978278357583
Iteration 36: R^2 = 0.938730574733, ICC = 0.968500437271
Iteration 37: R^2 = 0.946212192729, ICC = 0.973794320958
Iteration 38: R^2 = 0.94648707091, ICC = 0.973557772618
Iteration 39: R^2 = 0.951475342154, ICC = 0.975327008719
Iteration 40: R^2 = 0.946438943084, ICC = 0.973646743196
Iteration 41: R^2 = 0.945280176427, ICC = 0.972874300132
Iteration 42: R^2 = 0.944560173007, ICC = 0.971320768179
Iteration 43: R^2 = 0.948873966307, ICC = 0.974911850004
Iteration 44: R^2 = 0.95534359618, ICC = 0.977643894251
Iteration 45: R^2 = 0.950552800479, ICC = 0.974277282003
Iteration 46: R^2 = 0.953279775417, ICC = 0.977363231195
Iteration 47: R^2 = 0.958174086607, ICC = 0.978796497828
Iteration 48: R^2 = 0.952646229218, ICC = 0.976827710497
Iteration 49: R^2 = 0.813303959333, ICC = 0.911832910347
Iteration 50: R^2 = 0.946221264898, ICC = 0.973108814915
Iteration 51: R^2 = 0.940814780169, ICC = 0.970115170633
Iteration 52: R^2 = 0.945220011254, ICC = 0.972006880199
Iteration 53: R^2 = 0.954015436172, ICC = 0.976328513238
Iteration 54: R^2 = 0.961376595996, ICC = 0.980430923323
Iteration 55: R^2 = 0.933253299614, ICC = 0.967420891747
Iteration 56: R^2 = 0.943644969394, ICC = 0.972339239466
Iteration 57: R^2 = 0.954893881991, ICC = 0.977581763422
Iteration 58: R^2 = 0.950539988939, ICC = 0.975648933425
Iteration 59: R^2 = 0.951057240777, ICC = 0.975505807336
Iteration 60: R^2 = 0.957691846881, ICC = 0.978603443853
Iteration 61: R^2 = 0.954303271338, ICC = 0.977711453971
Iteration 62: R^2 = 0.956682836801, ICC = 0.978056403077
Iteration 63: R^2 = 0.940832046175, ICC = 0.969098147588
Iteration 64: R^2 = 0.962559047036, ICC = 0.980752483419
Iteration 65: R^2 = 0.95140216776, ICC = 0.975849201048
Iteration 66: R^2 = 0.94993439015, ICC = 0.974729890335
Iteration 67: R^2 = 0.948271630238, ICC = 0.973588051831
Iteration 68: R^2 = 0.906692934552, ICC = 0.952816513779
Iteration 69: R^2 = 0.948901908331, ICC = 0.973146599465
Iteration 70: R^2 = 0.947055710523, ICC = 0.973213684811
Iteration 71: R^2 = 0.95061936911, ICC = 0.975170034155
Iteration 72: R^2 = 0.955415174843, ICC = 0.977452347293
Iteration 73: R^2 = 0.887307224426, ICC = 0.942884402125
Iteration 74: R^2 = 0.920139602107, ICC = 0.960945104436
Iteration 75: R^2 = 0.948513255729, ICC = 0.975387790809
Iteration 76: R^2 = 0.955014134863, ICC = 0.977800024503
Iteration 77: R^2 = 0.961421202178, ICC = 0.980634812538
Iteration 78: R^2 = 0.924418488081, ICC = 0.959917268477
Iteration 79: R^2 = 0.9413430942, ICC = 0.969529576838
Iteration 80: R^2 = 0.941928415746, ICC = 0.970984065898
Iteration 81: R^2 = 0.939694378526, ICC = 0.970573444649
Iteration 82: R^2 = 0.950699751132, ICC = 0.97562867505
Iteration 83: R^2 = 0.950566386874, ICC = 0.976137804902
Iteration 84: R^2 = 0.954843671775, ICC = 0.976686435387
Iteration 85: R^2 = 0.927932863705, ICC = 0.966724059947
Iteration 86: R^2 = 0.941763217538, ICC = 0.969514596738
Iteration 87: R^2 = 0.927440002121, ICC = 0.964280213621
Iteration 88: R^2 = 0.916545589008, ICC = 0.961323094275
Iteration 89: R^2 = 0.953208639187, ICC = 0.976668244801
Iteration 90: R^2 = 0.947337332174, ICC = 0.972591767896
Iteration 91: R^2 = 0.946961048204, ICC = 0.973743203795
Iteration 92: R^2 = 0.954172400042, ICC = 0.977532573873
Iteration 93: R^2 = 0.957228037532, ICC = 0.979145284017
Iteration 94: R^2 = 0.941571620031, ICC = 0.971671033858
Iteration 95: R^2 = 0.88367110294, ICC = 0.944719262675
Iteration 96: R^2 = 0.962472031692, ICC = 0.981047807019
Iteration 97: R^2 = 0.95933342928, ICC = 0.97951769532
Iteration 98: R^2 = 0.958151124177, ICC = 0.979559470137
Iteration 99: R^2 = 0.925772548966, ICC = 0.96139153203
R Squared list shape: (100,)
ICC list shape: (100,)
