Running abide_motion_wrapper_JAL.py
Fri Sep 23 12:27:42 EDT 2016
Iteration 0: R^2 = 0.947775022586, ICC = 0.974569793294
Iteration 1: R^2 = 0.935382685136, ICC = 0.970408442298
Iteration 2: R^2 = 0.940249049141, ICC = 0.97028585231
Iteration 3: R^2 = 0.942066124577, ICC = 0.970648067815
Iteration 4: R^2 = 0.95951956054, ICC = 0.979350668864
Iteration 5: R^2 = 0.944808235834, ICC = 0.973373352027
Iteration 6: R^2 = 0.956557560521, ICC = 0.978041696862
Iteration 7: R^2 = 0.908943994684, ICC = 0.956844655379
Iteration 8: R^2 = 0.950112411943, ICC = 0.974590427232
Iteration 9: R^2 = 0.933546925668, ICC = 0.966401950938
Iteration 10: R^2 = 0.940501637485, ICC = 0.97073693571
Iteration 11: R^2 = 0.950402205413, ICC = 0.974798977646
Iteration 12: R^2 = 0.922761764062, ICC = 0.961904642386
Iteration 13: R^2 = 0.933175896233, ICC = 0.967359060001
Iteration 14: R^2 = 0.947699476587, ICC = 0.973637774705
Iteration 15: R^2 = 0.90565461105, ICC = 0.951363904092
Iteration 16: R^2 = 0.952571684196, ICC = 0.977109599889
Iteration 17: R^2 = 0.946348371709, ICC = 0.973752288587
Iteration 18: R^2 = 0.956766486741, ICC = 0.978380771451
Iteration 19: R^2 = 0.92851265564, ICC = 0.964974617998
Iteration 20: R^2 = 0.934945531389, ICC = 0.96796343943
Iteration 21: R^2 = 0.936480586618, ICC = 0.968114243724
Iteration 22: R^2 = 0.950312931174, ICC = 0.975153333936
Iteration 23: R^2 = 0.961244882704, ICC = 0.981043925307
Iteration 24: R^2 = 0.953588527425, ICC = 0.977287778728
Iteration 25: R^2 = 0.929407361532, ICC = 0.964201370606
Iteration 26: R^2 = 0.928019139406, ICC = 0.963702178325
Iteration 27: R^2 = 0.925609328239, ICC = 0.962011256739
Iteration 28: R^2 = 0.932881669023, ICC = 0.967126595259
Iteration 29: R^2 = 0.89911408636, ICC = 0.951221639185
Iteration 30: R^2 = 0.94627620259, ICC = 0.972750599741
Iteration 31: R^2 = 0.954887583316, ICC = 0.977697257571
Iteration 32: R^2 = 0.946323127175, ICC = 0.973013727299
Iteration 33: R^2 = 0.938660912334, ICC = 0.969193866133
Iteration 34: R^2 = 0.949581282548, ICC = 0.974956226222
Iteration 35: R^2 = 0.94709592947, ICC = 0.973406803957
Iteration 36: R^2 = 0.915823249754, ICC = 0.9594690159
Iteration 37: R^2 = 0.935131207276, ICC = 0.967923980232
Iteration 38: R^2 = 0.948818739745, ICC = 0.974913661889
Iteration 39: R^2 = 0.946412050192, ICC = 0.973674348808
Iteration 40: R^2 = 0.953351558566, ICC = 0.976919080973
Iteration 41: R^2 = 0.946891570267, ICC = 0.973059625662
Iteration 42: R^2 = 0.87324080661, ICC = 0.935846587203
Iteration 43: R^2 = 0.944979949093, ICC = 0.973004126083
Iteration 44: R^2 = 0.956680319374, ICC = 0.978000643534
Iteration 45: R^2 = 0.945086188414, ICC = 0.972320625491
Iteration 46: R^2 = 0.954141109368, ICC = 0.977013167618
Iteration 47: R^2 = 0.951134796385, ICC = 0.976301030287
Iteration 48: R^2 = 0.936620570956, ICC = 0.968120600239
Iteration 49: R^2 = 0.881711604083, ICC = 0.941366856595
Iteration 50: R^2 = 0.942362551133, ICC = 0.970825736936
Iteration 51: R^2 = 0.943739946595, ICC = 0.971691292456
Iteration 52: R^2 = 0.957974150259, ICC = 0.979107164673
Iteration 53: R^2 = 0.950219980805, ICC = 0.974573648366
Iteration 54: R^2 = 0.945729986771, ICC = 0.973279264263
Iteration 55: R^2 = 0.942238822489, ICC = 0.971682220034
Iteration 56: R^2 = 0.948767200255, ICC = 0.974521143747
Iteration 57: R^2 = 0.927299705687, ICC = 0.964349829268
Iteration 58: R^2 = 0.871512744614, ICC = 0.938113842359
Iteration 59: R^2 = 0.94481221183, ICC = 0.972998308204
Iteration 60: R^2 = 0.945569266489, ICC = 0.973282789114
Iteration 61: R^2 = 0.941771506845, ICC = 0.971083960077
Iteration 62: R^2 = 0.926326116533, ICC = 0.961907735121
Iteration 63: R^2 = 0.927046011125, ICC = 0.963993820818
Iteration 64: R^2 = 0.92293585794, ICC = 0.961055876385
Iteration 65: R^2 = 0.946990705326, ICC = 0.973796008884
Iteration 66: R^2 = 0.948444148804, ICC = 0.974224288257
Iteration 67: R^2 = 0.954429700932, ICC = 0.97628421114
Iteration 68: R^2 = 0.949884229635, ICC = 0.97453152613
Iteration 69: R^2 = 0.94412561605, ICC = 0.972143471152
Iteration 70: R^2 = 0.951621509154, ICC = 0.97467064993
Iteration 71: R^2 = 0.942604730785, ICC = 0.972188174644
Iteration 72: R^2 = 0.950557457782, ICC = 0.976449911468
Iteration 73: R^2 = 0.946441162431, ICC = 0.971634659
Iteration 74: R^2 = 0.951794445753, ICC = 0.976166317875
Iteration 75: R^2 = 0.920464073346, ICC = 0.95868790035
Iteration 76: R^2 = 0.94786339708, ICC = 0.973052165591
Iteration 77: R^2 = 0.934742457666, ICC = 0.96550187194
Iteration 78: R^2 = 0.954588217713, ICC = 0.978063358093
Iteration 79: R^2 = 0.94597328948, ICC = 0.973879838845
Iteration 80: R^2 = 0.953798834902, ICC = 0.977682724043
Iteration 81: R^2 = 0.941425304685, ICC = 0.971326172099
Iteration 82: R^2 = 0.949914430306, ICC = 0.973853939729
Iteration 83: R^2 = 0.943227668594, ICC = 0.971637969164
Iteration 84: R^2 = 0.95411980282, ICC = 0.976599319657
Iteration 85: R^2 = 0.934466141057, ICC = 0.966035799556
Iteration 86: R^2 = 0.946871718531, ICC = 0.973241262856
Iteration 87: R^2 = 0.951515709308, ICC = 0.974373880436
Iteration 88: R^2 = 0.948169445446, ICC = 0.974279445637
Iteration 89: R^2 = 0.933131929577, ICC = 0.967707506612
Iteration 90: R^2 = 0.957912333974, ICC = 0.978016157254
Iteration 91: R^2 = 0.934381476099, ICC = 0.966570514826
Iteration 92: R^2 = 0.952514596603, ICC = 0.97630349078
Iteration 93: R^2 = 0.952886382728, ICC = 0.976810998419
Iteration 94: R^2 = 0.914762135896, ICC = 0.956064920448
Iteration 95: R^2 = 0.941652625278, ICC = 0.970431754617
Iteration 96: R^2 = 0.936144770373, ICC = 0.969076632497
Iteration 97: R^2 = 0.882021886218, ICC = 0.941049055104
Iteration 98: R^2 = 0.948310568244, ICC = 0.974462377257
Iteration 99: R^2 = 0.934039265241, ICC = 0.968215829566
R Squared list shape: (100,)
ICC list shape: (100,)
