Running abide_motion_wrapper_JAL.py
Fri Sep 23 12:29:36 EDT 2016
Iteration 0: R^2 = 0.969095537483, ICC = 0.984207222837
Iteration 1: R^2 = 0.973435457692, ICC = 0.986901681442
Iteration 2: R^2 = 0.958889495694, ICC = 0.979319021575
Iteration 3: R^2 = 0.946078260777, ICC = 0.973311411874
Iteration 4: R^2 = 0.95175882499, ICC = 0.976038563874
Iteration 5: R^2 = 0.97830441197, ICC = 0.989031381073
Iteration 6: R^2 = 0.95655614533, ICC = 0.978985050541
Iteration 7: R^2 = 0.973287589706, ICC = 0.986828953975
Iteration 8: R^2 = 0.975552115967, ICC = 0.987727538117
Iteration 9: R^2 = 0.963484933568, ICC = 0.982113846996
Iteration 10: R^2 = 0.967465827349, ICC = 0.983641946257
Iteration 11: R^2 = 0.963510000157, ICC = 0.981564366413
Iteration 12: R^2 = 0.96815581298, ICC = 0.983302497375
Iteration 13: R^2 = 0.968014366647, ICC = 0.983784506716
Iteration 14: R^2 = 0.971810750029, ICC = 0.985974818313
Iteration 15: R^2 = 0.96847336689, ICC = 0.984412723577
Iteration 16: R^2 = 0.976949820864, ICC = 0.988438116954
Iteration 17: R^2 = 0.976919020276, ICC = 0.988554744882
Iteration 18: R^2 = 0.943046084734, ICC = 0.97105875238
Iteration 19: R^2 = 0.960116581112, ICC = 0.980433768249
Iteration 20: R^2 = 0.968243507014, ICC = 0.984050311831
Iteration 21: R^2 = 0.977531155744, ICC = 0.98897990149
Iteration 22: R^2 = 0.973254091213, ICC = 0.986427869978
Iteration 23: R^2 = 0.966609568986, ICC = 0.983419436892
Iteration 24: R^2 = 0.975895163344, ICC = 0.987952809999
Iteration 25: R^2 = 0.975119084015, ICC = 0.987801258519
Iteration 26: R^2 = 0.944952396131, ICC = 0.973543544707
Iteration 27: R^2 = 0.956675183309, ICC = 0.978110410553
Iteration 28: R^2 = 0.971675630384, ICC = 0.985310687435
Iteration 29: R^2 = 0.971492562407, ICC = 0.985542127045
Iteration 30: R^2 = 0.969875601324, ICC = 0.984990191524
Iteration 31: R^2 = 0.964609024158, ICC = 0.981733843003
Iteration 32: R^2 = 0.95354120708, ICC = 0.976394721134
Iteration 33: R^2 = 0.975942931413, ICC = 0.987709413456
Iteration 34: R^2 = 0.971396991391, ICC = 0.985708796952
Iteration 35: R^2 = 0.977993606039, ICC = 0.988745283869
Iteration 36: R^2 = 0.952475247217, ICC = 0.976769795446
Iteration 37: R^2 = 0.973572127748, ICC = 0.986810854128
Iteration 38: R^2 = 0.973528423115, ICC = 0.98675111966
Iteration 39: R^2 = 0.967100407778, ICC = 0.984019824433
Iteration 40: R^2 = 0.975052099499, ICC = 0.98751359616
Iteration 41: R^2 = 0.959263739665, ICC = 0.980253161462
Iteration 42: R^2 = 0.969444154905, ICC = 0.984740949837
Iteration 43: R^2 = 0.971232664186, ICC = 0.985381176236
Iteration 44: R^2 = 0.973410766484, ICC = 0.986340599343
Iteration 45: R^2 = 0.977870280883, ICC = 0.988776113979
Iteration 46: R^2 = 0.964792737569, ICC = 0.981913512679
Iteration 47: R^2 = 0.975886106222, ICC = 0.988327991273
Iteration 48: R^2 = 0.973978071174, ICC = 0.98710227302
Iteration 49: R^2 = 0.930428119364, ICC = 0.96420844804
Iteration 50: R^2 = 0.963792207228, ICC = 0.982277141228
Iteration 51: R^2 = 0.947634563428, ICC = 0.973566549466
Iteration 52: R^2 = 0.975110831683, ICC = 0.987447272838
Iteration 53: R^2 = 0.96985784087, ICC = 0.985101975826
Iteration 54: R^2 = 0.971343012725, ICC = 0.985391579033
Iteration 55: R^2 = 0.97521800653, ICC = 0.987528882114
Iteration 56: R^2 = 0.977872237755, ICC = 0.989163751181
Iteration 57: R^2 = 0.953888243144, ICC = 0.976404523338
Iteration 58: R^2 = 0.945196643511, ICC = 0.973857270454
Iteration 59: R^2 = 0.973660834233, ICC = 0.98690667335
Iteration 60: R^2 = 0.943525432337, ICC = 0.972460946493
Iteration 61: R^2 = 0.958475028627, ICC = 0.978953709051
Iteration 62: R^2 = 0.976308288641, ICC = 0.988262448326
Iteration 63: R^2 = 0.943521649676, ICC = 0.97289132349
Iteration 64: R^2 = 0.979027443357, ICC = 0.989476858171
Iteration 65: R^2 = 0.917830311939, ICC = 0.958306948523
Iteration 66: R^2 = 0.976677369208, ICC = 0.988198673835
Iteration 67: R^2 = 0.95180167649, ICC = 0.975777549412
Iteration 68: R^2 = 0.976361413592, ICC = 0.987920626206
Iteration 69: R^2 = 0.972712144275, ICC = 0.98642201657
Iteration 70: R^2 = 0.964119098199, ICC = 0.982206652119
Iteration 71: R^2 = 0.968959508502, ICC = 0.984636501308
Iteration 72: R^2 = 0.97610332236, ICC = 0.988127740712
Iteration 73: R^2 = 0.930946822759, ICC = 0.964732685644
Iteration 74: R^2 = 0.955675202855, ICC = 0.977266941483
Iteration 75: R^2 = 0.977705588053, ICC = 0.989064713222
Iteration 76: R^2 = 0.969971383578, ICC = 0.984839053251
Iteration 77: R^2 = 0.966927924885, ICC = 0.984150967859
Iteration 78: R^2 = 0.97573260589, ICC = 0.988136140767
Iteration 79: R^2 = 0.980180943114, ICC = 0.990113827119
Iteration 80: R^2 = 0.979077681868, ICC = 0.989461462381
Iteration 81: R^2 = 0.976184355061, ICC = 0.988272131306
Iteration 82: R^2 = 0.975400090866, ICC = 0.987619389714
Iteration 83: R^2 = 0.970239978558, ICC = 0.98488680619
Iteration 84: R^2 = 0.974096933824, ICC = 0.987186548517
Iteration 85: R^2 = 0.959121833503, ICC = 0.979898638094
Iteration 86: R^2 = 0.962990314897, ICC = 0.981739903623
Iteration 87: R^2 = 0.977334159896, ICC = 0.988696657536
Iteration 88: R^2 = 0.961035520715, ICC = 0.98107169123
Iteration 89: R^2 = 0.962233489408, ICC = 0.981889629524
Iteration 90: R^2 = 0.972931404264, ICC = 0.986360115331
Iteration 91: R^2 = 0.937272427825, ICC = 0.969536876882
Iteration 92: R^2 = 0.967132287731, ICC = 0.983139086924
Iteration 93: R^2 = 0.971713743824, ICC = 0.986376314711
Iteration 94: R^2 = 0.974874899115, ICC = 0.987675839183
Iteration 95: R^2 = 0.976418581522, ICC = 0.988188544139
Iteration 96: R^2 = 0.965503190901, ICC = 0.98318701226
Iteration 97: R^2 = 0.977022261925, ICC = 0.988433276148
Iteration 98: R^2 = 0.978111909067, ICC = 0.989228015831
Iteration 99: R^2 = 0.974519226939, ICC = 0.987303483923
R Squared list shape: (100,)
ICC list shape: (100,)
