Running abide_motion_wrapper_JAL.py
Fri Sep 23 12:26:51 EDT 2016
Iteration 0: R^2 = 0.959283511963, ICC = 0.980031463436
Iteration 1: R^2 = 0.953710149075, ICC = 0.976388475874
Iteration 2: R^2 = 0.913469457828, ICC = 0.955329213897
Iteration 3: R^2 = 0.953352912098, ICC = 0.976706391284
Iteration 4: R^2 = 0.947864393897, ICC = 0.975531608671
Iteration 5: R^2 = 0.931396244574, ICC = 0.966008779516
Iteration 6: R^2 = 0.948457101067, ICC = 0.973306028892
Iteration 7: R^2 = 0.929195427837, ICC = 0.963296768004
Iteration 8: R^2 = 0.940521144417, ICC = 0.969115560564
Iteration 9: R^2 = 0.955933227887, ICC = 0.978513816905
Iteration 10: R^2 = 0.881497592482, ICC = 0.945593481021
Iteration 11: R^2 = 0.954136355412, ICC = 0.976274575723
Iteration 12: R^2 = 0.94689245664, ICC = 0.973082736912
Iteration 13: R^2 = 0.911058570279, ICC = 0.9560154272
Iteration 14: R^2 = 0.955363809479, ICC = 0.978034865245
Iteration 15: R^2 = 0.950428116331, ICC = 0.974227717014
Iteration 16: R^2 = 0.94899860104, ICC = 0.974312091312
Iteration 17: R^2 = 0.934299582875, ICC = 0.965206163952
Iteration 18: R^2 = 0.952571709503, ICC = 0.976039452088
Iteration 19: R^2 = 0.958000327124, ICC = 0.979286705346
Iteration 20: R^2 = 0.93731281659, ICC = 0.967535546861
Iteration 21: R^2 = 0.957184787749, ICC = 0.978572957157
Iteration 22: R^2 = 0.943037258778, ICC = 0.972342504941
Iteration 23: R^2 = 0.937592945509, ICC = 0.969386604487
Iteration 24: R^2 = 0.934003785049, ICC = 0.965969283299
Iteration 25: R^2 = 0.945956151168, ICC = 0.973211062002
Iteration 26: R^2 = 0.950135340633, ICC = 0.976090095051
Iteration 27: R^2 = 0.950316360742, ICC = 0.97563329545
Iteration 28: R^2 = 0.927066262839, ICC = 0.963613253019
Iteration 29: R^2 = 0.941634373151, ICC = 0.970857486411
Iteration 30: R^2 = 0.893811904352, ICC = 0.949137796243
Iteration 31: R^2 = 0.933710308662, ICC = 0.966162819055
Iteration 32: R^2 = 0.960452991809, ICC = 0.980594080388
Iteration 33: R^2 = 0.949956897362, ICC = 0.974888328347
Iteration 34: R^2 = 0.958335634946, ICC = 0.979709142657
Iteration 35: R^2 = 0.85275437264, ICC = 0.930386647175
Iteration 36: R^2 = 0.856335181732, ICC = 0.929779964227
Iteration 37: R^2 = 0.936879243121, ICC = 0.968563043222
Iteration 38: R^2 = 0.916316418185, ICC = 0.960303952392
Iteration 39: R^2 = 0.950118360554, ICC = 0.975176298379
Iteration 40: R^2 = 0.945075836435, ICC = 0.973413952121
Iteration 41: R^2 = 0.942437661853, ICC = 0.971520138471
Iteration 42: R^2 = 0.952721189041, ICC = 0.975657286464
Iteration 43: R^2 = 0.93071566443, ICC = 0.963394218175
Iteration 44: R^2 = 0.938521179075, ICC = 0.969897639393
Iteration 45: R^2 = 0.945071059031, ICC = 0.973323475687
Iteration 46: R^2 = 0.918197786061, ICC = 0.959993171191
Iteration 47: R^2 = 0.94766939796, ICC = 0.973508139131
Iteration 48: R^2 = 0.914406901102, ICC = 0.958380503703
Iteration 49: R^2 = 0.957737219352, ICC = 0.979032403086
Iteration 50: R^2 = 0.886800623927, ICC = 0.943098477753
Iteration 51: R^2 = 0.951861962394, ICC = 0.975388747252
Iteration 52: R^2 = 0.950280288477, ICC = 0.975887214155
Iteration 53: R^2 = 0.949673244828, ICC = 0.975152758607
Iteration 54: R^2 = 0.937276056745, ICC = 0.968947006468
Iteration 55: R^2 = 0.858121923154, ICC = 0.933474083949
Iteration 56: R^2 = 0.945279665398, ICC = 0.973218839969
Iteration 57: R^2 = 0.93608471327, ICC = 0.967487189254
Iteration 58: R^2 = 0.954851352596, ICC = 0.977717849762
Iteration 59: R^2 = 0.958473446639, ICC = 0.978880635763
Iteration 60: R^2 = 0.902768897292, ICC = 0.953783966795
Iteration 61: R^2 = 0.953812284427, ICC = 0.976454204135
Iteration 62: R^2 = 0.869452084188, ICC = 0.939560676099
Iteration 63: R^2 = 0.867004044832, ICC = 0.932157318852
Iteration 64: R^2 = 0.883553151267, ICC = 0.939973602554
Iteration 65: R^2 = 0.957407612083, ICC = 0.978727757662
Iteration 66: R^2 = 0.954408638649, ICC = 0.977686572709
Iteration 67: R^2 = 0.934676885445, ICC = 0.966699297564
Iteration 68: R^2 = 0.940873304674, ICC = 0.972013881167
Iteration 69: R^2 = 0.914527478983, ICC = 0.95656199289
Iteration 70: R^2 = 0.9481593731, ICC = 0.974435737799
Iteration 71: R^2 = 0.946231064905, ICC = 0.97379477284
Iteration 72: R^2 = 0.940151593724, ICC = 0.969558485487
Iteration 73: R^2 = 0.950715300334, ICC = 0.975591123604
Iteration 74: R^2 = 0.958497384453, ICC = 0.978984225985
Iteration 75: R^2 = 0.951936735325, ICC = 0.975083977813
Iteration 76: R^2 = 0.953609701094, ICC = 0.976813159737
Iteration 77: R^2 = 0.945171467894, ICC = 0.972084458674
Iteration 78: R^2 = 0.964212666437, ICC = 0.981818617323
Iteration 79: R^2 = 0.915634303709, ICC = 0.959595348889
Iteration 80: R^2 = 0.954369902588, ICC = 0.977663857517
Iteration 81: R^2 = 0.93805130433, ICC = 0.968830969384
Iteration 82: R^2 = 0.947447238693, ICC = 0.973997354268
Iteration 83: R^2 = 0.924883599942, ICC = 0.962610654665
Iteration 84: R^2 = 0.947292591123, ICC = 0.973979595116
Iteration 85: R^2 = 0.955247424439, ICC = 0.977933241289
Iteration 86: R^2 = 0.929306590738, ICC = 0.966056114083
Iteration 87: R^2 = 0.956625077845, ICC = 0.977730276492
Iteration 88: R^2 = 0.907497768157, ICC = 0.95037393901
Iteration 89: R^2 = 0.944835992514, ICC = 0.972928404474
Iteration 90: R^2 = 0.936893901045, ICC = 0.967824204477
Iteration 91: R^2 = 0.87895636753, ICC = 0.94369017502
Iteration 92: R^2 = 0.921535610659, ICC = 0.962859282632
Iteration 93: R^2 = 0.952780156216, ICC = 0.975894101121
Iteration 94: R^2 = 0.946831405405, ICC = 0.973548167486
Iteration 95: R^2 = 0.959155021054, ICC = 0.979070015679
Iteration 96: R^2 = 0.958349520499, ICC = 0.979016189749
Iteration 97: R^2 = 0.958766765575, ICC = 0.978943124719
Iteration 98: R^2 = 0.952535821552, ICC = 0.975537068348
Iteration 99: R^2 = 0.955377770418, ICC = 0.977952859171
R Squared list shape: (100,)
ICC list shape: (100,)
