Running abide_motion_wrapper_JAL.py
Fri Sep 23 12:26:04 EDT 2016
Iteration 0: R^2 = 0.926331929969, ICC = 0.96163044418
Iteration 1: R^2 = 0.948056158503, ICC = 0.974738857175
Iteration 2: R^2 = 0.956281826386, ICC = 0.977927638613
Iteration 3: R^2 = 0.959435138559, ICC = 0.979300563875
Iteration 4: R^2 = 0.953395713218, ICC = 0.976649284223
Iteration 5: R^2 = 0.963733395682, ICC = 0.981769593389
Iteration 6: R^2 = 0.937509902351, ICC = 0.966745101179
Iteration 7: R^2 = 0.961032277056, ICC = 0.980525679355
Iteration 8: R^2 = 0.877874475023, ICC = 0.943708935864
Iteration 9: R^2 = 0.954963295891, ICC = 0.97628808078
Iteration 10: R^2 = 0.963452903922, ICC = 0.981959959753
Iteration 11: R^2 = 0.962977389238, ICC = 0.980977478861
Iteration 12: R^2 = 0.955323174278, ICC = 0.977328884485
Iteration 13: R^2 = 0.961735300715, ICC = 0.980797332499
Iteration 14: R^2 = 0.952644963299, ICC = 0.977217096547
Iteration 15: R^2 = 0.933743898638, ICC = 0.966576002112
Iteration 16: R^2 = 0.94829467482, ICC = 0.973988546221
Iteration 17: R^2 = 0.935948562034, ICC = 0.967935742122
Iteration 18: R^2 = 0.926189689545, ICC = 0.963813911253
Iteration 19: R^2 = 0.944468952657, ICC = 0.973151063977
Iteration 20: R^2 = 0.959128787465, ICC = 0.979354878835
Iteration 21: R^2 = 0.955963549306, ICC = 0.977932022611
Iteration 22: R^2 = 0.949312544595, ICC = 0.973803427734
Iteration 23: R^2 = 0.930711502485, ICC = 0.963978612372
Iteration 24: R^2 = 0.955356971092, ICC = 0.976938568594
Iteration 25: R^2 = 0.962427565553, ICC = 0.98130618793
Iteration 26: R^2 = 0.961063692964, ICC = 0.980622851231
Iteration 27: R^2 = 0.927946161727, ICC = 0.964398155466
Iteration 28: R^2 = 0.961623585719, ICC = 0.980664945213
Iteration 29: R^2 = 0.935031607016, ICC = 0.966405020959
Iteration 30: R^2 = 0.957871428699, ICC = 0.978986663614
Iteration 31: R^2 = 0.961089178813, ICC = 0.980578129377
Iteration 32: R^2 = 0.936346735729, ICC = 0.969130374303
Iteration 33: R^2 = 0.959413820965, ICC = 0.979211740877
Iteration 34: R^2 = 0.957552520864, ICC = 0.978739712518
Iteration 35: R^2 = 0.963827113942, ICC = 0.981708205889
Iteration 36: R^2 = 0.961760180445, ICC = 0.980330035394
Iteration 37: R^2 = 0.960529887662, ICC = 0.980611651748
Iteration 38: R^2 = 0.959436994007, ICC = 0.979482604295
Iteration 39: R^2 = 0.95819277181, ICC = 0.979257823251
Iteration 40: R^2 = 0.96541772559, ICC = 0.982360150319
Iteration 41: R^2 = 0.959176943281, ICC = 0.979836783281
Iteration 42: R^2 = 0.938345395985, ICC = 0.968650309493
Iteration 43: R^2 = 0.95502264196, ICC = 0.977826756195
Iteration 44: R^2 = 0.965558590627, ICC = 0.982463064394
Iteration 45: R^2 = 0.931022937896, ICC = 0.966352631839
Iteration 46: R^2 = 0.913336792335, ICC = 0.957377709236
Iteration 47: R^2 = 0.938661313539, ICC = 0.970007486866
Iteration 48: R^2 = 0.967511786896, ICC = 0.984037061041
Iteration 49: R^2 = 0.936999014509, ICC = 0.969859395891
Iteration 50: R^2 = 0.956013456366, ICC = 0.978555668276
Iteration 51: R^2 = 0.888370113229, ICC = 0.946938809596
Iteration 52: R^2 = 0.941561942161, ICC = 0.969717822545
Iteration 53: R^2 = 0.957617823096, ICC = 0.978424826307
Iteration 54: R^2 = 0.951500052393, ICC = 0.976728796461
Iteration 55: R^2 = 0.949651298023, ICC = 0.974306331903
Iteration 56: R^2 = 0.968361238761, ICC = 0.98414755744
Iteration 57: R^2 = 0.966717821843, ICC = 0.983328566895
Iteration 58: R^2 = 0.959147996144, ICC = 0.97928222103
Iteration 59: R^2 = 0.940687559283, ICC = 0.970258838644
Iteration 60: R^2 = 0.963082587521, ICC = 0.98184539082
Iteration 61: R^2 = 0.958595121027, ICC = 0.979197704855
Iteration 62: R^2 = 0.967284693502, ICC = 0.983551693203
Iteration 63: R^2 = 0.96665405787, ICC = 0.982805610379
Iteration 64: R^2 = 0.943684305228, ICC = 0.970144026024
Iteration 65: R^2 = 0.960615468247, ICC = 0.980430695702
Iteration 66: R^2 = 0.937811021544, ICC = 0.969383009531
Iteration 67: R^2 = 0.937626732488, ICC = 0.96938597692
Iteration 68: R^2 = 0.938211047159, ICC = 0.968536790566
Iteration 69: R^2 = 0.951532667498, ICC = 0.976577504461
Iteration 70: R^2 = 0.959735060943, ICC = 0.980327645199
Iteration 71: R^2 = 0.960279720429, ICC = 0.980391179769
Iteration 72: R^2 = 0.959084948622, ICC = 0.979836941831
Iteration 73: R^2 = 0.923678147005, ICC = 0.961880475856
Iteration 74: R^2 = 0.957885761633, ICC = 0.97887460286
Iteration 75: R^2 = 0.965699845631, ICC = 0.982747763571
Iteration 76: R^2 = 0.961516832095, ICC = 0.98090760494
Iteration 77: R^2 = 0.960755919149, ICC = 0.980822120074
Iteration 78: R^2 = 0.950104614815, ICC = 0.974527520422
Iteration 79: R^2 = 0.944680771874, ICC = 0.972469762656
Iteration 80: R^2 = 0.957002199486, ICC = 0.978622203613
Iteration 81: R^2 = 0.966862936307, ICC = 0.983733679677
Iteration 82: R^2 = 0.961994496955, ICC = 0.979885795458
Iteration 83: R^2 = 0.95916936055, ICC = 0.978916090603
Iteration 84: R^2 = 0.869621434752, ICC = 0.931374412495
Iteration 85: R^2 = 0.963494326244, ICC = 0.981897162472
Iteration 86: R^2 = 0.955863558659, ICC = 0.977926538843
Iteration 87: R^2 = 0.954341672489, ICC = 0.977374534183
Iteration 88: R^2 = 0.96293797795, ICC = 0.981497556846
Iteration 89: R^2 = 0.96008177023, ICC = 0.979282187216
Iteration 90: R^2 = 0.963046541288, ICC = 0.981553138956
Iteration 91: R^2 = 0.967289231633, ICC = 0.983537543832
Iteration 92: R^2 = 0.955883452692, ICC = 0.97845376188
Iteration 93: R^2 = 0.95834545647, ICC = 0.97980720404
Iteration 94: R^2 = 0.962297618255, ICC = 0.981056645001
Iteration 95: R^2 = 0.918578471437, ICC = 0.960823624011
Iteration 96: R^2 = 0.95512460687, ICC = 0.978699160691
Iteration 97: R^2 = 0.969959865882, ICC = 0.984900395927
Iteration 98: R^2 = 0.966523669202, ICC = 0.983251170231
Iteration 99: R^2 = 0.946483012542, ICC = 0.97460704117
R Squared list shape: (100,)
ICC list shape: (100,)
