Running abide_motion_wrapper_JAL.py
Fri Sep 23 12:27:42 EDT 2016
Iteration 0: R^2 = 0.952455663399, ICC = 0.97607592523
Iteration 1: R^2 = 0.92834503545, ICC = 0.962824235468
Iteration 2: R^2 = 0.936797635268, ICC = 0.968090067705
Iteration 3: R^2 = 0.959947753192, ICC = 0.979741903566
Iteration 4: R^2 = 0.958175878377, ICC = 0.97876330758
Iteration 5: R^2 = 0.955029316092, ICC = 0.977782276455
Iteration 6: R^2 = 0.933546113651, ICC = 0.968008629414
Iteration 7: R^2 = 0.956426534069, ICC = 0.978762186556
Iteration 8: R^2 = 0.963277214792, ICC = 0.981679536139
Iteration 9: R^2 = 0.955019707611, ICC = 0.977759109146
Iteration 10: R^2 = 0.946863250776, ICC = 0.973532058109
Iteration 11: R^2 = 0.932528127632, ICC = 0.966944399203
Iteration 12: R^2 = 0.949053878806, ICC = 0.975099235005
Iteration 13: R^2 = 0.867584835836, ICC = 0.938995758667
Iteration 14: R^2 = 0.956109659305, ICC = 0.976884995076
Iteration 15: R^2 = 0.936331622047, ICC = 0.969448942282
Iteration 16: R^2 = 0.963498332031, ICC = 0.981448846169
Iteration 17: R^2 = 0.952696975938, ICC = 0.975895292302
Iteration 18: R^2 = 0.965340594921, ICC = 0.982978312388
Iteration 19: R^2 = 0.947251891698, ICC = 0.973864773471
Iteration 20: R^2 = 0.925993685748, ICC = 0.962550380612
Iteration 21: R^2 = 0.945011102529, ICC = 0.973838487828
Iteration 22: R^2 = 0.96391110932, ICC = 0.982453380158
Iteration 23: R^2 = 0.939741165598, ICC = 0.969359814401
Iteration 24: R^2 = 0.963538276365, ICC = 0.981241834948
Iteration 25: R^2 = 0.966710311902, ICC = 0.982931465535
Iteration 26: R^2 = 0.965960548648, ICC = 0.983179997101
Iteration 27: R^2 = 0.884913308945, ICC = 0.945433837707
Iteration 28: R^2 = 0.956672626907, ICC = 0.979050169542
Iteration 29: R^2 = 0.960393909725, ICC = 0.98097368405
Iteration 30: R^2 = 0.924543508576, ICC = 0.96022252363
Iteration 31: R^2 = 0.947841348719, ICC = 0.973795067219
Iteration 32: R^2 = 0.954776453804, ICC = 0.977182428124
Iteration 33: R^2 = 0.950728228895, ICC = 0.976316204688
Iteration 34: R^2 = 0.949521231548, ICC = 0.975549631866
Iteration 35: R^2 = 0.953973875097, ICC = 0.977163788293
Iteration 36: R^2 = 0.948093213653, ICC = 0.974175913628
Iteration 37: R^2 = 0.960416970251, ICC = 0.980428551801
Iteration 38: R^2 = 0.961633590361, ICC = 0.98067287001
Iteration 39: R^2 = 0.915419637844, ICC = 0.960404736656
Iteration 40: R^2 = 0.944277150324, ICC = 0.972341130022
Iteration 41: R^2 = 0.898149655238, ICC = 0.948557778534
Iteration 42: R^2 = 0.963627036737, ICC = 0.9816117277
Iteration 43: R^2 = 0.950446316897, ICC = 0.975393599475
Iteration 44: R^2 = 0.929181386768, ICC = 0.966353505936
Iteration 45: R^2 = 0.929562461941, ICC = 0.965941403017
Iteration 46: R^2 = 0.945984427905, ICC = 0.972610300707
Iteration 47: R^2 = 0.960199770765, ICC = 0.979361079468
Iteration 48: R^2 = 0.967233747026, ICC = 0.983952620014
Iteration 49: R^2 = 0.939655686124, ICC = 0.970694341493
Iteration 50: R^2 = 0.943714606809, ICC = 0.972174893019
Iteration 51: R^2 = 0.949824583597, ICC = 0.974645510184
Iteration 52: R^2 = 0.960442964749, ICC = 0.980237813524
Iteration 53: R^2 = 0.928579065215, ICC = 0.966335498035
Iteration 54: R^2 = 0.942071537376, ICC = 0.971222074324
Iteration 55: R^2 = 0.953696950803, ICC = 0.977618269534
Iteration 56: R^2 = 0.961113249293, ICC = 0.980700659425
Iteration 57: R^2 = 0.924566577795, ICC = 0.963706287199
Iteration 58: R^2 = 0.961619045674, ICC = 0.980470930558
Iteration 59: R^2 = 0.958357781059, ICC = 0.978895082301
Iteration 60: R^2 = 0.960297611751, ICC = 0.980181848099
Iteration 61: R^2 = 0.964224095663, ICC = 0.982136779066
Iteration 62: R^2 = 0.955138957011, ICC = 0.977798969561
Iteration 63: R^2 = 0.956133169921, ICC = 0.978137384545
Iteration 64: R^2 = 0.958714390688, ICC = 0.979395827913
Iteration 65: R^2 = 0.937837188627, ICC = 0.967333394056
Iteration 66: R^2 = 0.965725047942, ICC = 0.982544314549
Iteration 67: R^2 = 0.959485977603, ICC = 0.978811008913
Iteration 68: R^2 = 0.908886564848, ICC = 0.957283415875
Iteration 69: R^2 = 0.955129357064, ICC = 0.978060136694
Iteration 70: R^2 = 0.953876031753, ICC = 0.977149378953
Iteration 71: R^2 = 0.965128521476, ICC = 0.982796816652
Iteration 72: R^2 = 0.931887503462, ICC = 0.964188932834
Iteration 73: R^2 = 0.963061405573, ICC = 0.981437737521
Iteration 74: R^2 = 0.944396248409, ICC = 0.97221393502
Iteration 75: R^2 = 0.936134296431, ICC = 0.968284037885
Iteration 76: R^2 = 0.924547964958, ICC = 0.960578639183
Iteration 77: R^2 = 0.932582836832, ICC = 0.96498214287
Iteration 78: R^2 = 0.962719884609, ICC = 0.981772772265
Iteration 79: R^2 = 0.958535963778, ICC = 0.978746323731
Iteration 80: R^2 = 0.95731070608, ICC = 0.979312226912
Iteration 81: R^2 = 0.955257222567, ICC = 0.976424136482
Iteration 82: R^2 = 0.960679948251, ICC = 0.9809830519
Iteration 83: R^2 = 0.904569218202, ICC = 0.951599323106
Iteration 84: R^2 = 0.959789059461, ICC = 0.979592360811
Iteration 85: R^2 = 0.957412637482, ICC = 0.978551190018
Iteration 86: R^2 = 0.954267818484, ICC = 0.976862595019
Iteration 87: R^2 = 0.951774786675, ICC = 0.975145377636
Iteration 88: R^2 = 0.955389956202, ICC = 0.978072054376
Iteration 89: R^2 = 0.964485121368, ICC = 0.982068485636
Iteration 90: R^2 = 0.956827581529, ICC = 0.978599050019
Iteration 91: R^2 = 0.965860777003, ICC = 0.98344418836
Iteration 92: R^2 = 0.94834947793, ICC = 0.97384328957
Iteration 93: R^2 = 0.926214532512, ICC = 0.962765837739
Iteration 94: R^2 = 0.95763052525, ICC = 0.978473002574
Iteration 95: R^2 = 0.961367581137, ICC = 0.980592204642
Iteration 96: R^2 = 0.949473896314, ICC = 0.973933576665
Iteration 97: R^2 = 0.933002730107, ICC = 0.966077070678
Iteration 98: R^2 = 0.963698796922, ICC = 0.981592351533
Iteration 99: R^2 = 0.960793961106, ICC = 0.98033701485
R Squared list shape: (100,)
ICC list shape: (100,)
