Running abide_motion_wrapper_JAL.py
Fri Sep 23 12:29:30 EDT 2016
Iteration 0: R^2 = 0.952789669024, ICC = 0.977255693692
Iteration 1: R^2 = 0.966541323387, ICC = 0.982985866018
Iteration 2: R^2 = 0.969388049, ICC = 0.98476904798
Iteration 3: R^2 = 0.962753593235, ICC = 0.980953365863
Iteration 4: R^2 = 0.970674801784, ICC = 0.985691117086
Iteration 5: R^2 = 0.967573937109, ICC = 0.983406750727
Iteration 6: R^2 = 0.949424946387, ICC = 0.975759734627
Iteration 7: R^2 = 0.971258812067, ICC = 0.985948253463
Iteration 8: R^2 = 0.96686033631, ICC = 0.982782769738
Iteration 9: R^2 = 0.930891151864, ICC = 0.965322952569
Iteration 10: R^2 = 0.968933807257, ICC = 0.984565031769
Iteration 11: R^2 = 0.96083006848, ICC = 0.980342778444
Iteration 12: R^2 = 0.969030048042, ICC = 0.984453242245
Iteration 13: R^2 = 0.970904332261, ICC = 0.98551851908
Iteration 14: R^2 = 0.969185579444, ICC = 0.984076643172
Iteration 15: R^2 = 0.973095047399, ICC = 0.98646406651
Iteration 16: R^2 = 0.96923913824, ICC = 0.984333067356
Iteration 17: R^2 = 0.930862229257, ICC = 0.96487518512
Iteration 18: R^2 = 0.915292592036, ICC = 0.959494041769
Iteration 19: R^2 = 0.960456290856, ICC = 0.979916242996
Iteration 20: R^2 = 0.947305372374, ICC = 0.972725272075
Iteration 21: R^2 = 0.973613762659, ICC = 0.986973979382
Iteration 22: R^2 = 0.963833582048, ICC = 0.982380871138
Iteration 23: R^2 = 0.974244114561, ICC = 0.987165632096
Iteration 24: R^2 = 0.961277183161, ICC = 0.980733978014
Iteration 25: R^2 = 0.942204713328, ICC = 0.971740044856
Iteration 26: R^2 = 0.960929938988, ICC = 0.980524113916
Iteration 27: R^2 = 0.971665403961, ICC = 0.985755539177
Iteration 28: R^2 = 0.968530351539, ICC = 0.984146981307
Iteration 29: R^2 = 0.957708298861, ICC = 0.978773991741
Iteration 30: R^2 = 0.965760958386, ICC = 0.983456715903
Iteration 31: R^2 = 0.969133735029, ICC = 0.984731629713
Iteration 32: R^2 = 0.956146375606, ICC = 0.977899490804
Iteration 33: R^2 = 0.965182054714, ICC = 0.981833752481
Iteration 34: R^2 = 0.953564425647, ICC = 0.97686541572
Iteration 35: R^2 = 0.966199658525, ICC = 0.982958612864
Iteration 36: R^2 = 0.963664618881, ICC = 0.981459163972
Iteration 37: R^2 = 0.955645011205, ICC = 0.978404667557
Iteration 38: R^2 = 0.970889400017, ICC = 0.985560530366
Iteration 39: R^2 = 0.968178312779, ICC = 0.983650256492
Iteration 40: R^2 = 0.965346638813, ICC = 0.983011032167
Iteration 41: R^2 = 0.964940791205, ICC = 0.982674984286
Iteration 42: R^2 = 0.907765891738, ICC = 0.952029951686
Iteration 43: R^2 = 0.966571488058, ICC = 0.983189500915
Iteration 44: R^2 = 0.927662230577, ICC = 0.962695904459
Iteration 45: R^2 = 0.913013247422, ICC = 0.956284728934
Iteration 46: R^2 = 0.970275504595, ICC = 0.9852838482
Iteration 47: R^2 = 0.96617278934, ICC = 0.982903755619
Iteration 48: R^2 = 0.95656362307, ICC = 0.978074730356
Iteration 49: R^2 = 0.958616494554, ICC = 0.978779664073
Iteration 50: R^2 = 0.945080202942, ICC = 0.973201606735
Iteration 51: R^2 = 0.975339184631, ICC = 0.987619328961
Iteration 52: R^2 = 0.974765234879, ICC = 0.987475108474
Iteration 53: R^2 = 0.964520850578, ICC = 0.982102350506
Iteration 54: R^2 = 0.966532444542, ICC = 0.983397155199
Iteration 55: R^2 = 0.965121674733, ICC = 0.982476779192
Iteration 56: R^2 = 0.945580140737, ICC = 0.972431171985
Iteration 57: R^2 = 0.901481374437, ICC = 0.948238006402
Iteration 58: R^2 = 0.961409624852, ICC = 0.980392556569
Iteration 59: R^2 = 0.971599256677, ICC = 0.985934466972
Iteration 60: R^2 = 0.968015062973, ICC = 0.984380979013
Iteration 61: R^2 = 0.962007092946, ICC = 0.981128206336
Iteration 62: R^2 = 0.913252723916, ICC = 0.958638219301
Iteration 63: R^2 = 0.952281517083, ICC = 0.975771961385
Iteration 64: R^2 = 0.97476806298, ICC = 0.987244391692
Iteration 65: R^2 = 0.970180925414, ICC = 0.985388985777
Iteration 66: R^2 = 0.952469031713, ICC = 0.976157686944
Iteration 67: R^2 = 0.96428488928, ICC = 0.981874403379
Iteration 68: R^2 = 0.971808992173, ICC = 0.985572314423
Iteration 69: R^2 = 0.968900909688, ICC = 0.984841405106
Iteration 70: R^2 = 0.975853137932, ICC = 0.988243220234
Iteration 71: R^2 = 0.962422013045, ICC = 0.981802783961
Iteration 72: R^2 = 0.948351023153, ICC = 0.973815021511
Iteration 73: R^2 = 0.971404286034, ICC = 0.98542156081
Iteration 74: R^2 = 0.961203164676, ICC = 0.981136993478
Iteration 75: R^2 = 0.968140773967, ICC = 0.984228415312
Iteration 76: R^2 = 0.966194430734, ICC = 0.98251128752
Iteration 77: R^2 = 0.966100089209, ICC = 0.983484254787
Iteration 78: R^2 = 0.974469728626, ICC = 0.987447409779
Iteration 79: R^2 = 0.963455575145, ICC = 0.982341384805
Iteration 80: R^2 = 0.964973419759, ICC = 0.98237027795
Iteration 81: R^2 = 0.939956104599, ICC = 0.971790866193
Iteration 82: R^2 = 0.972365259452, ICC = 0.986076682056
Iteration 83: R^2 = 0.966953951823, ICC = 0.983643882308
Iteration 84: R^2 = 0.960252991838, ICC = 0.979697104471
Iteration 85: R^2 = 0.967168536421, ICC = 0.98343699681
Iteration 86: R^2 = 0.957724101168, ICC = 0.979210838118
Iteration 87: R^2 = 0.974123289817, ICC = 0.987190897595
Iteration 88: R^2 = 0.962899248496, ICC = 0.981497325702
Iteration 89: R^2 = 0.956863189016, ICC = 0.978489213669
Iteration 90: R^2 = 0.958426857878, ICC = 0.979647869071
Iteration 91: R^2 = 0.962311378997, ICC = 0.981495364353
Iteration 92: R^2 = 0.934943117784, ICC = 0.968963499633
Iteration 93: R^2 = 0.968878888161, ICC = 0.984040804625
Iteration 94: R^2 = 0.937137437258, ICC = 0.969521401616
Iteration 95: R^2 = 0.959801167667, ICC = 0.979495957926
Iteration 96: R^2 = 0.965791239988, ICC = 0.983223727622
Iteration 97: R^2 = 0.949028646305, ICC = 0.973510992246
Iteration 98: R^2 = 0.97063046126, ICC = 0.985498746229
Iteration 99: R^2 = 0.969595423039, ICC = 0.985176761081
R Squared list shape: (100,)
ICC list shape: (100,)
