Running abide_motion_wrapper_JAL.py
Fri Sep 23 12:26:51 EDT 2016
Iteration 0: R^2 = 0.953893557656, ICC = 0.976780835022
Iteration 1: R^2 = 0.96774627324, ICC = 0.983806238056
Iteration 2: R^2 = 0.951224674926, ICC = 0.976176170104
Iteration 3: R^2 = 0.960416014347, ICC = 0.980723917439
Iteration 4: R^2 = 0.960439790876, ICC = 0.980603117404
Iteration 5: R^2 = 0.961563981755, ICC = 0.980470466132
Iteration 6: R^2 = 0.963678920939, ICC = 0.981756460856
Iteration 7: R^2 = 0.96569284218, ICC = 0.982622339728
Iteration 8: R^2 = 0.955153297227, ICC = 0.97791227589
Iteration 9: R^2 = 0.955999695421, ICC = 0.978398854069
Iteration 10: R^2 = 0.966970061107, ICC = 0.983673372901
Iteration 11: R^2 = 0.937288994698, ICC = 0.967934733911
Iteration 12: R^2 = 0.944099222104, ICC = 0.971968830616
Iteration 13: R^2 = 0.958547425835, ICC = 0.979085776088
Iteration 14: R^2 = 0.962826751394, ICC = 0.981765641999
Iteration 15: R^2 = 0.94733917488, ICC = 0.973842473358
Iteration 16: R^2 = 0.948507032839, ICC = 0.973368943472
Iteration 17: R^2 = 0.956590183363, ICC = 0.977886086273
Iteration 18: R^2 = 0.954357073478, ICC = 0.977460746146
Iteration 19: R^2 = 0.955158291274, ICC = 0.977700500301
Iteration 20: R^2 = 0.951202817141, ICC = 0.975171472753
Iteration 21: R^2 = 0.921500338448, ICC = 0.962676353848
Iteration 22: R^2 = 0.964179460848, ICC = 0.981930565926
Iteration 23: R^2 = 0.950209236628, ICC = 0.974600842023
Iteration 24: R^2 = 0.940076571941, ICC = 0.97079555315
Iteration 25: R^2 = 0.931439726052, ICC = 0.966525081027
Iteration 26: R^2 = 0.962483804698, ICC = 0.981766312529
Iteration 27: R^2 = 0.956738008787, ICC = 0.978036594151
Iteration 28: R^2 = 0.962810511422, ICC = 0.981763846936
Iteration 29: R^2 = 0.962765553338, ICC = 0.981194153479
Iteration 30: R^2 = 0.958188441302, ICC = 0.978657797169
Iteration 31: R^2 = 0.968214125033, ICC = 0.984064227662
Iteration 32: R^2 = 0.9531221649, ICC = 0.976969908713
Iteration 33: R^2 = 0.956808809651, ICC = 0.978543131469
Iteration 34: R^2 = 0.964584605209, ICC = 0.982239261423
Iteration 35: R^2 = 0.958486209687, ICC = 0.980075933783
Iteration 36: R^2 = 0.951505527701, ICC = 0.976529165262
Iteration 37: R^2 = 0.966440570193, ICC = 0.982947762563
Iteration 38: R^2 = 0.953701961141, ICC = 0.977226250167
Iteration 39: R^2 = 0.961855050211, ICC = 0.980381456753
Iteration 40: R^2 = 0.969255736995, ICC = 0.984036118905
Iteration 41: R^2 = 0.939453342639, ICC = 0.970980119385
Iteration 42: R^2 = 0.945605428842, ICC = 0.974172943507
Iteration 43: R^2 = 0.941100126419, ICC = 0.970763569383
Iteration 44: R^2 = 0.952023625716, ICC = 0.976800410802
Iteration 45: R^2 = 0.955501466801, ICC = 0.978095185951
Iteration 46: R^2 = 0.968017196465, ICC = 0.984151691561
Iteration 47: R^2 = 0.967629159944, ICC = 0.983927237058
Iteration 48: R^2 = 0.947322314353, ICC = 0.974289726565
Iteration 49: R^2 = 0.94944792459, ICC = 0.974315558898
Iteration 50: R^2 = 0.952423071861, ICC = 0.975561824989
Iteration 51: R^2 = 0.967198004771, ICC = 0.983391208609
Iteration 52: R^2 = 0.963315634056, ICC = 0.981068283279
Iteration 53: R^2 = 0.96880586025, ICC = 0.984467251354
Iteration 54: R^2 = 0.965141325442, ICC = 0.982749929945
Iteration 55: R^2 = 0.949192073667, ICC = 0.975558352111
Iteration 56: R^2 = 0.970905202456, ICC = 0.98540851116
Iteration 57: R^2 = 0.968741376218, ICC = 0.98437909785
Iteration 58: R^2 = 0.967664056887, ICC = 0.98376965739
Iteration 59: R^2 = 0.962329477578, ICC = 0.981368014873
Iteration 60: R^2 = 0.928725637806, ICC = 0.962960233409
Iteration 61: R^2 = 0.967337964564, ICC = 0.983347582882
Iteration 62: R^2 = 0.961513109448, ICC = 0.980972151129
Iteration 63: R^2 = 0.968248194826, ICC = 0.984176906566
Iteration 64: R^2 = 0.942224654713, ICC = 0.970428454915
Iteration 65: R^2 = 0.967151790868, ICC = 0.9838122867
Iteration 66: R^2 = 0.92330832593, ICC = 0.962462481406
Iteration 67: R^2 = 0.964562006323, ICC = 0.98195757399
Iteration 68: R^2 = 0.958834605511, ICC = 0.979604263778
Iteration 69: R^2 = 0.969118983109, ICC = 0.98452567383
Iteration 70: R^2 = 0.955929774875, ICC = 0.977045885864
Iteration 71: R^2 = 0.943148324276, ICC = 0.971516815538
Iteration 72: R^2 = 0.959606507919, ICC = 0.979863680623
Iteration 73: R^2 = 0.966419085429, ICC = 0.983382327089
Iteration 74: R^2 = 0.963992187576, ICC = 0.981552895682
Iteration 75: R^2 = 0.962136909072, ICC = 0.98146426567
Iteration 76: R^2 = 0.969370375612, ICC = 0.984617558151
Iteration 77: R^2 = 0.965378620695, ICC = 0.982053991502
Iteration 78: R^2 = 0.960608543683, ICC = 0.980438634344
Iteration 79: R^2 = 0.962089811332, ICC = 0.981361304288
Iteration 80: R^2 = 0.969327768688, ICC = 0.984984310444
Iteration 81: R^2 = 0.969719186608, ICC = 0.98450901937
Iteration 82: R^2 = 0.953800931827, ICC = 0.976264285296
Iteration 83: R^2 = 0.966920898595, ICC = 0.983685442816
Iteration 84: R^2 = 0.907731438729, ICC = 0.95448842085
Iteration 85: R^2 = 0.935886343036, ICC = 0.967440714781
Iteration 86: R^2 = 0.953238377593, ICC = 0.97685711504
Iteration 87: R^2 = 0.954322641995, ICC = 0.977564354499
Iteration 88: R^2 = 0.963563147814, ICC = 0.981620912913
Iteration 89: R^2 = 0.953799567982, ICC = 0.975900264867
Iteration 90: R^2 = 0.969687134467, ICC = 0.9847375004
Iteration 91: R^2 = 0.954422444461, ICC = 0.97755326419
Iteration 92: R^2 = 0.972494795402, ICC = 0.986279825975
Iteration 93: R^2 = 0.954531862705, ICC = 0.977993920559
Iteration 94: R^2 = 0.961624420276, ICC = 0.980676415933
Iteration 95: R^2 = 0.967224087347, ICC = 0.983369774619
Iteration 96: R^2 = 0.959052968299, ICC = 0.979707779711
Iteration 97: R^2 = 0.941857610281, ICC = 0.970319037296
Iteration 98: R^2 = 0.957421505728, ICC = 0.978528539302
Iteration 99: R^2 = 0.961959619987, ICC = 0.981274875046
R Squared list shape: (100,)
ICC list shape: (100,)
