Running abide_motion_wrapper_JAL.py
Fri Sep 23 12:25:20 EDT 2016
Iteration 0: R^2 = 0.69250550752, ICC = 0.856816931435
Iteration 1: R^2 = 0.777738447833, ICC = 0.890342871368
Iteration 2: R^2 = 0.73562043031, ICC = 0.878829413038
Iteration 3: R^2 = 0.799307011346, ICC = 0.896611471038
Iteration 4: R^2 = 0.773902562032, ICC = 0.888341484119
Iteration 5: R^2 = 0.730063040212, ICC = 0.866277337888
Iteration 6: R^2 = 0.648416644389, ICC = 0.839771540899
Iteration 7: R^2 = 0.790383178306, ICC = 0.898576157636
Iteration 8: R^2 = 0.744984528635, ICC = 0.868039189452
Iteration 9: R^2 = 0.744718533572, ICC = 0.878886963539
Iteration 10: R^2 = 0.742844459139, ICC = 0.878332112522
Iteration 11: R^2 = 0.812443504234, ICC = 0.906102849434
Iteration 12: R^2 = 0.811984154499, ICC = 0.901089282616
Iteration 13: R^2 = 0.776137743119, ICC = 0.895202585021
Iteration 14: R^2 = 0.703900486622, ICC = 0.853872001906
Iteration 15: R^2 = 0.75099023022, ICC = 0.879064171921
Iteration 16: R^2 = 0.708170069528, ICC = 0.86272955257
Iteration 17: R^2 = 0.624339451052, ICC = 0.829037311555
Iteration 18: R^2 = 0.821651804074, ICC = 0.910118475552
Iteration 19: R^2 = 0.732586403591, ICC = 0.857794597779
Iteration 20: R^2 = 0.80475138449, ICC = 0.898915917891
Iteration 21: R^2 = 0.745519994626, ICC = 0.873511075194
Iteration 22: R^2 = 0.784506678725, ICC = 0.882048543927
Iteration 23: R^2 = -0.119332704629, ICC = 0.472114391562
Iteration 24: R^2 = 0.754996556481, ICC = 0.871501114641
Iteration 25: R^2 = 0.736655222052, ICC = 0.85879338163
Iteration 26: R^2 = 0.695414853081, ICC = 0.865792611337
Iteration 27: R^2 = 0.733977601099, ICC = 0.870855966637
Iteration 28: R^2 = 0.769928361697, ICC = 0.885918108119
Iteration 29: R^2 = 0.78342848964, ICC = 0.889941991168
Iteration 30: R^2 = 0.622309928114, ICC = 0.817561855573
Iteration 31: R^2 = 0.762682308521, ICC = 0.890579550595
Iteration 32: R^2 = 0.63292266607, ICC = 0.824529974782
Iteration 33: R^2 = 0.698115216333, ICC = 0.842272839657
Iteration 34: R^2 = 0.785054224271, ICC = 0.887127252329
Iteration 35: R^2 = 0.820636529019, ICC = 0.910561749093
Iteration 36: R^2 = 0.811277844126, ICC = 0.911036333441
Iteration 37: R^2 = 0.745734338549, ICC = 0.878177391078
Iteration 38: R^2 = 0.708304306078, ICC = 0.854659094696
Iteration 39: R^2 = 0.66529382754, ICC = 0.842708068697
Iteration 40: R^2 = 0.835138269108, ICC = 0.912782575
Iteration 41: R^2 = 0.640742282468, ICC = 0.82732952644
Iteration 42: R^2 = 0.784056972468, ICC = 0.887697354334
Iteration 43: R^2 = 0.627000793004, ICC = 0.82348084816
Iteration 44: R^2 = 0.794556518901, ICC = 0.895376430592
Iteration 45: R^2 = 0.692806287305, ICC = 0.86242987278
Iteration 46: R^2 = 0.799596517178, ICC = 0.90780942579
Iteration 47: R^2 = 0.649817112279, ICC = 0.829370773963
Iteration 48: R^2 = 0.58509252935, ICC = 0.820798800108
Iteration 49: R^2 = 0.785393595394, ICC = 0.88438266857
Iteration 50: R^2 = 0.791128932772, ICC = 0.892556316109
Iteration 51: R^2 = 0.78111271689, ICC = 0.896777522107
Iteration 52: R^2 = 0.663155575997, ICC = 0.851495898705
Iteration 53: R^2 = 0.795425983995, ICC = 0.897881096204
Iteration 54: R^2 = 0.771501990913, ICC = 0.887460370984
Iteration 55: R^2 = 0.672936308707, ICC = 0.842697712677
Iteration 56: R^2 = 0.641956451667, ICC = 0.839038442816
Iteration 57: R^2 = 0.651505572117, ICC = 0.847830911788
Iteration 58: R^2 = 0.70919352585, ICC = 0.862180091257
Iteration 59: R^2 = 0.674595207295, ICC = 0.829417322658
Iteration 60: R^2 = 0.801511831357, ICC = 0.906222386883
Iteration 61: R^2 = 0.741374721324, ICC = 0.855999249939
Iteration 62: R^2 = 0.489171100701, ICC = 0.776885132258
Iteration 63: R^2 = 0.816361085996, ICC = 0.907537542057
Iteration 64: R^2 = 0.673525921392, ICC = 0.862621814033
Iteration 65: R^2 = 0.774194268495, ICC = 0.890548951507
Iteration 66: R^2 = 0.747314301501, ICC = 0.871725435069
Iteration 67: R^2 = 0.628250083751, ICC = 0.844835639505
Iteration 68: R^2 = 0.818233012096, ICC = 0.907565423655
Iteration 69: R^2 = 0.769771141996, ICC = 0.891745497302
Iteration 70: R^2 = 0.632411574243, ICC = 0.821758553792
Iteration 71: R^2 = 0.754178709094, ICC = 0.868498728773
Iteration 72: R^2 = 0.814313452159, ICC = 0.907679168452
Iteration 73: R^2 = 0.691869223388, ICC = 0.856331233325
Iteration 74: R^2 = 0.798514360118, ICC = 0.892634261612
Iteration 75: R^2 = 0.754994476317, ICC = 0.867874633753
Iteration 76: R^2 = 0.817568925359, ICC = 0.911993255554
Iteration 77: R^2 = 0.761049438157, ICC = 0.888337513179
Iteration 78: R^2 = 0.759304560317, ICC = 0.887585508
Iteration 79: R^2 = 0.698698624931, ICC = 0.84144641887
Iteration 80: R^2 = 0.738339149779, ICC = 0.866596416259
Iteration 81: R^2 = 0.782195147687, ICC = 0.887188889456
Iteration 82: R^2 = 0.765109431489, ICC = 0.882829815643
Iteration 83: R^2 = 0.607868801357, ICC = 0.829333680361
Iteration 84: R^2 = 0.728665377362, ICC = 0.869749363767
Iteration 85: R^2 = 0.755707112064, ICC = 0.871048623427
Iteration 86: R^2 = 0.649726739558, ICC = 0.822186844642
Iteration 87: R^2 = 0.765942849793, ICC = 0.88433821283
Iteration 88: R^2 = 0.607307810943, ICC = 0.813896660892
Iteration 89: R^2 = 0.807263609071, ICC = 0.902766822723
Iteration 90: R^2 = 0.796226063493, ICC = 0.890228803376
Iteration 91: R^2 = 0.752202646927, ICC = 0.870823072726
Iteration 92: R^2 = 0.574906429894, ICC = 0.795895579263
Iteration 93: R^2 = 0.60499186716, ICC = 0.825798568706
Iteration 94: R^2 = 0.598547070177, ICC = 0.82405262215
Iteration 95: R^2 = 0.781551955137, ICC = 0.888195017118
Iteration 96: R^2 = -0.0906053220777, ICC = 0.590017643265
Iteration 97: R^2 = 0.803247526271, ICC = 0.896874390878
Iteration 98: R^2 = 0.783369268993, ICC = 0.893014663265
Iteration 99: R^2 = 0.793705035814, ICC = 0.895457465624
R Squared list shape: (100,)
ICC list shape: (100,)
