Running abide_motion_wrapper_JAL.py
Fri Sep 23 12:27:42 EDT 2016
Iteration 0: R^2 = 0.973443320335, ICC = 0.986694289112
Iteration 1: R^2 = 0.970115174687, ICC = 0.984922797262
Iteration 2: R^2 = 0.972734217873, ICC = 0.986256423939
Iteration 3: R^2 = 0.959625821131, ICC = 0.980436227944
Iteration 4: R^2 = 0.972790636235, ICC = 0.986737340558
Iteration 5: R^2 = 0.978634044479, ICC = 0.989551194167
Iteration 6: R^2 = 0.979827547612, ICC = 0.989924992032
Iteration 7: R^2 = 0.974931206668, ICC = 0.987950277638
Iteration 8: R^2 = 0.97997406295, ICC = 0.990044799721
Iteration 9: R^2 = 0.969329560436, ICC = 0.984576106559
Iteration 10: R^2 = 0.975005310571, ICC = 0.987762614292
Iteration 11: R^2 = 0.97774631225, ICC = 0.988943919112
Iteration 12: R^2 = 0.969710212163, ICC = 0.984554153721
Iteration 13: R^2 = 0.967245674146, ICC = 0.984098706317
Iteration 14: R^2 = 0.9619322507, ICC = 0.980528963448
Iteration 15: R^2 = 0.960241486562, ICC = 0.979723835198
Iteration 16: R^2 = 0.977402765737, ICC = 0.988606202763
Iteration 17: R^2 = 0.970604930257, ICC = 0.984658660848
Iteration 18: R^2 = 0.962158153875, ICC = 0.980668821633
Iteration 19: R^2 = 0.966750262223, ICC = 0.983757481221
Iteration 20: R^2 = 0.949363570643, ICC = 0.973841521171
Iteration 21: R^2 = 0.953817145802, ICC = 0.978147138266
Iteration 22: R^2 = 0.964492508518, ICC = 0.982612513749
Iteration 23: R^2 = 0.96496730438, ICC = 0.982536582282
Iteration 24: R^2 = 0.97539107183, ICC = 0.9879630072
Iteration 25: R^2 = 0.937888128968, ICC = 0.970306926999
Iteration 26: R^2 = 0.971503656179, ICC = 0.986191999301
Iteration 27: R^2 = 0.973914753595, ICC = 0.986686522865
Iteration 28: R^2 = 0.974064988232, ICC = 0.987254518707
Iteration 29: R^2 = 0.966015561606, ICC = 0.983048872079
Iteration 30: R^2 = 0.970314218951, ICC = 0.985465595146
Iteration 31: R^2 = 0.965987184109, ICC = 0.983293823718
Iteration 32: R^2 = 0.9664970158, ICC = 0.982778947874
Iteration 33: R^2 = 0.980801200681, ICC = 0.990424900614
Iteration 34: R^2 = 0.976896906809, ICC = 0.988429242351
Iteration 35: R^2 = 0.979097179776, ICC = 0.989550673227
Iteration 36: R^2 = 0.972686904176, ICC = 0.986171592241
Iteration 37: R^2 = 0.954622979743, ICC = 0.976983479865
Iteration 38: R^2 = 0.976555854595, ICC = 0.988051413072
Iteration 39: R^2 = 0.972166550544, ICC = 0.986023074457
Iteration 40: R^2 = 0.977051635143, ICC = 0.988458572337
Iteration 41: R^2 = 0.977337664417, ICC = 0.988513715667
Iteration 42: R^2 = 0.974885688891, ICC = 0.987389455337
Iteration 43: R^2 = 0.958556957177, ICC = 0.979933934316
Iteration 44: R^2 = 0.963678158331, ICC = 0.981675813958
Iteration 45: R^2 = 0.976768285345, ICC = 0.988170721114
Iteration 46: R^2 = 0.972716687347, ICC = 0.98598300985
Iteration 47: R^2 = 0.970023804429, ICC = 0.984692230985
Iteration 48: R^2 = 0.977536460571, ICC = 0.988803262099
Iteration 49: R^2 = 0.968253065623, ICC = 0.984048796149
Iteration 50: R^2 = 0.978307832854, ICC = 0.989125859054
Iteration 51: R^2 = 0.978119923868, ICC = 0.989138286907
Iteration 52: R^2 = 0.977813516538, ICC = 0.988985823873
Iteration 53: R^2 = 0.97548052473, ICC = 0.987534257061
Iteration 54: R^2 = 0.963150496349, ICC = 0.981110801312
Iteration 55: R^2 = 0.977433044578, ICC = 0.988612995973
Iteration 56: R^2 = 0.977522980614, ICC = 0.988771678723
Iteration 57: R^2 = 0.974053698333, ICC = 0.987303298295
Iteration 58: R^2 = 0.977231727343, ICC = 0.988275846649
Iteration 59: R^2 = 0.977592131304, ICC = 0.988715782513
Iteration 60: R^2 = 0.941568544786, ICC = 0.97238673518
Iteration 61: R^2 = 0.980009040411, ICC = 0.989935539968
Iteration 62: R^2 = 0.970662106495, ICC = 0.985641126704
Iteration 63: R^2 = 0.940173362736, ICC = 0.970723355066
Iteration 64: R^2 = 0.969917064634, ICC = 0.985068241498
Iteration 65: R^2 = 0.980156052212, ICC = 0.989891414104
Iteration 66: R^2 = 0.976445924752, ICC = 0.988394619118
Iteration 67: R^2 = 0.978626510126, ICC = 0.989221090871
Iteration 68: R^2 = 0.970786456938, ICC = 0.986018552107
Iteration 69: R^2 = 0.948532777326, ICC = 0.973667656077
Iteration 70: R^2 = 0.9796916745, ICC = 0.989833034546
Iteration 71: R^2 = 0.975635884623, ICC = 0.98773732916
Iteration 72: R^2 = 0.958588459425, ICC = 0.980180090196
Iteration 73: R^2 = 0.976092724552, ICC = 0.988109608754
Iteration 74: R^2 = 0.979389015556, ICC = 0.989560472852
Iteration 75: R^2 = 0.980924783406, ICC = 0.990692316049
Iteration 76: R^2 = 0.966357115174, ICC = 0.983348825623
Iteration 77: R^2 = 0.974393141757, ICC = 0.987254059333
Iteration 78: R^2 = 0.949307379633, ICC = 0.975310420104
Iteration 79: R^2 = 0.952144438996, ICC = 0.976455038633
Iteration 80: R^2 = 0.943488682628, ICC = 0.973275505137
Iteration 81: R^2 = 0.977160112186, ICC = 0.988739636332
Iteration 82: R^2 = 0.976312986782, ICC = 0.98841915284
Iteration 83: R^2 = 0.974979643079, ICC = 0.987774356768
Iteration 84: R^2 = 0.969408803643, ICC = 0.985116153101
Iteration 85: R^2 = 0.966751705738, ICC = 0.983172166794
Iteration 86: R^2 = 0.972629776319, ICC = 0.986574089325
Iteration 87: R^2 = 0.977142878498, ICC = 0.988853913232
Iteration 88: R^2 = 0.97483812478, ICC = 0.987036957568
Iteration 89: R^2 = 0.976506146035, ICC = 0.988332722264
Iteration 90: R^2 = 0.977498447555, ICC = 0.988656940452
Iteration 91: R^2 = 0.957858727935, ICC = 0.979435816651
Iteration 92: R^2 = 0.969548284343, ICC = 0.984580427404
Iteration 93: R^2 = 0.968443547597, ICC = 0.983829559825
Iteration 94: R^2 = 0.970138539695, ICC = 0.985493648639
Iteration 95: R^2 = 0.979665403789, ICC = 0.98960524522
Iteration 96: R^2 = 0.951911326009, ICC = 0.975426164888
Iteration 97: R^2 = 0.968351138394, ICC = 0.985088672463
Iteration 98: R^2 = 0.961029968143, ICC = 0.980229279051
Iteration 99: R^2 = 0.971829480188, ICC = 0.98594461699
R Squared list shape: (100,)
ICC list shape: (100,)
