Running abide_motion_wrapper_JAL.py
Fri Sep 23 12:27:42 EDT 2016
Iteration 0: R^2 = 0.9146326665, ICC = 0.959201857081
Iteration 1: R^2 = 0.890376530233, ICC = 0.943902869551
Iteration 2: R^2 = 0.928914285665, ICC = 0.964822250342
Iteration 3: R^2 = 0.882594708351, ICC = 0.945135583013
Iteration 4: R^2 = 0.922683506634, ICC = 0.961629656323
Iteration 5: R^2 = 0.903090316805, ICC = 0.95321770821
Iteration 6: R^2 = 0.908876454569, ICC = 0.956045748786
Iteration 7: R^2 = 0.878692255093, ICC = 0.943370798442
Iteration 8: R^2 = 0.890484195303, ICC = 0.947518041153
Iteration 9: R^2 = 0.9243624818, ICC = 0.961476095641
Iteration 10: R^2 = 0.908121797483, ICC = 0.951237042307
Iteration 11: R^2 = 0.902159451476, ICC = 0.951108599148
Iteration 12: R^2 = 0.846610952756, ICC = 0.925563679322
Iteration 13: R^2 = 0.915451649038, ICC = 0.955114404368
Iteration 14: R^2 = 0.868839290272, ICC = 0.9363202262
Iteration 15: R^2 = 0.936011811664, ICC = 0.968031069959
Iteration 16: R^2 = 0.911574782485, ICC = 0.954989326925
Iteration 17: R^2 = 0.909011815497, ICC = 0.95550767563
Iteration 18: R^2 = 0.851730015517, ICC = 0.93264979132
Iteration 19: R^2 = 0.895962156353, ICC = 0.948304168016
Iteration 20: R^2 = 0.924431000153, ICC = 0.962843631864
Iteration 21: R^2 = 0.917564049361, ICC = 0.959046813644
Iteration 22: R^2 = 0.922528357601, ICC = 0.960570424296
Iteration 23: R^2 = 0.928345787844, ICC = 0.964122227367
Iteration 24: R^2 = 0.921608652776, ICC = 0.962059705577
Iteration 25: R^2 = 0.925469187337, ICC = 0.96310493835
Iteration 26: R^2 = 0.901007815902, ICC = 0.952515908217
Iteration 27: R^2 = 0.913500109753, ICC = 0.955930813097
Iteration 28: R^2 = 0.88737485306, ICC = 0.945104858614
Iteration 29: R^2 = 0.88332650598, ICC = 0.937305990758
Iteration 30: R^2 = 0.925173371045, ICC = 0.964993739971
Iteration 31: R^2 = 0.919882252975, ICC = 0.960144800154
Iteration 32: R^2 = 0.923326601049, ICC = 0.961442177834
Iteration 33: R^2 = 0.909415976194, ICC = 0.956440856484
Iteration 34: R^2 = 0.900884518052, ICC = 0.949420560033
Iteration 35: R^2 = 0.929931214011, ICC = 0.965665901513
Iteration 36: R^2 = 0.911513057592, ICC = 0.955884764248
Iteration 37: R^2 = 0.886536398891, ICC = 0.944742955341
Iteration 38: R^2 = 0.921388807667, ICC = 0.959921566976
Iteration 39: R^2 = 0.907930214335, ICC = 0.952099053738
Iteration 40: R^2 = 0.917778764322, ICC = 0.960148278776
Iteration 41: R^2 = 0.913581960687, ICC = 0.95845977538
Iteration 42: R^2 = 0.889197718967, ICC = 0.947595494684
Iteration 43: R^2 = 0.831781130316, ICC = 0.911738506141
Iteration 44: R^2 = 0.917865514229, ICC = 0.95923977793
Iteration 45: R^2 = 0.899997727729, ICC = 0.948045695928
Iteration 46: R^2 = 0.900586886976, ICC = 0.950212649106
Iteration 47: R^2 = 0.923438841966, ICC = 0.960805357488
Iteration 48: R^2 = 0.925635584983, ICC = 0.962495171882
Iteration 49: R^2 = 0.907416665689, ICC = 0.954373975729
Iteration 50: R^2 = 0.870128665087, ICC = 0.934314190553
Iteration 51: R^2 = 0.902377562778, ICC = 0.953151517309
Iteration 52: R^2 = 0.929483363936, ICC = 0.964535629371
Iteration 53: R^2 = 0.922905433643, ICC = 0.962847807858
Iteration 54: R^2 = 0.919133405453, ICC = 0.959297544864
Iteration 55: R^2 = 0.86736791927, ICC = 0.932541443233
Iteration 56: R^2 = 0.778390855764, ICC = 0.898943989516
Iteration 57: R^2 = 0.899121508178, ICC = 0.95150337727
Iteration 58: R^2 = 0.924007246277, ICC = 0.961277108532
Iteration 59: R^2 = 0.899073966666, ICC = 0.948380935323
Iteration 60: R^2 = 0.897056456419, ICC = 0.9456925897
Iteration 61: R^2 = 0.926578955706, ICC = 0.962614712688
Iteration 62: R^2 = 0.927586481619, ICC = 0.96390313738
Iteration 63: R^2 = 0.929764169004, ICC = 0.965444966389
Iteration 64: R^2 = 0.935375175036, ICC = 0.966755729669
Iteration 65: R^2 = 0.930603754998, ICC = 0.96516851918
Iteration 66: R^2 = 0.844631287676, ICC = 0.927705476412
Iteration 67: R^2 = 0.921124632936, ICC = 0.962518821458
Iteration 68: R^2 = 0.899232258474, ICC = 0.950776893124
Iteration 69: R^2 = 0.91854688107, ICC = 0.960642652436
Iteration 70: R^2 = 0.91358028444, ICC = 0.959809487455
Iteration 71: R^2 = 0.921409048132, ICC = 0.961599224801
Iteration 72: R^2 = 0.850356059992, ICC = 0.921871010851
Iteration 73: R^2 = 0.923996512577, ICC = 0.96149644521
Iteration 74: R^2 = 0.87868165765, ICC = 0.941600626748
Iteration 75: R^2 = 0.917952457414, ICC = 0.959406409869
Iteration 76: R^2 = 0.916857741408, ICC = 0.956175243304
Iteration 77: R^2 = 0.914940311457, ICC = 0.958508124957
Iteration 78: R^2 = 0.911765192984, ICC = 0.955545099506
Iteration 79: R^2 = 0.926830124838, ICC = 0.964701535282
Iteration 80: R^2 = 0.922739002189, ICC = 0.960208118802
Iteration 81: R^2 = 0.930218624571, ICC = 0.964703758717
Iteration 82: R^2 = 0.910372904738, ICC = 0.957258560753
Iteration 83: R^2 = 0.936032169806, ICC = 0.968100323414
Iteration 84: R^2 = 0.91593653936, ICC = 0.958787335942
Iteration 85: R^2 = 0.912524638465, ICC = 0.954909135396
Iteration 86: R^2 = 0.928944616909, ICC = 0.964956906923
Iteration 87: R^2 = 0.848584998156, ICC = 0.925935161446
Iteration 88: R^2 = 0.888829619341, ICC = 0.946415247853
Iteration 89: R^2 = 0.893141633433, ICC = 0.945627906526
Iteration 90: R^2 = 0.845669221769, ICC = 0.918075035244
Iteration 91: R^2 = 0.916522809194, ICC = 0.960109511264
Iteration 92: R^2 = 0.794605794318, ICC = 0.906349649753
Iteration 93: R^2 = 0.883325665631, ICC = 0.941876688225
Iteration 94: R^2 = 0.929845176732, ICC = 0.964896218101
Iteration 95: R^2 = 0.931368225425, ICC = 0.964086698672
Iteration 96: R^2 = 0.924515736518, ICC = 0.963159115891
Iteration 97: R^2 = 0.925934801163, ICC = 0.963880402763
Iteration 98: R^2 = 0.913727779341, ICC = 0.957635991546
Iteration 99: R^2 = 0.91613563037, ICC = 0.957077045214
R Squared list shape: (100,)
ICC list shape: (100,)
