Running abide_motion_wrapper_JAL.py
Fri Sep 23 12:26:52 EDT 2016
Iteration 0: R^2 = 0.935461734225, ICC = 0.967391007724
Iteration 1: R^2 = 0.975678768293, ICC = 0.987730124347
Iteration 2: R^2 = 0.95171637057, ICC = 0.975937732743
Iteration 3: R^2 = 0.965633387044, ICC = 0.983005046835
Iteration 4: R^2 = 0.969968781338, ICC = 0.984758194471
Iteration 5: R^2 = 0.973147164, ICC = 0.986313708965
Iteration 6: R^2 = 0.971520001144, ICC = 0.985726459863
Iteration 7: R^2 = 0.968948963277, ICC = 0.984386000635
Iteration 8: R^2 = 0.971141687207, ICC = 0.985260465991
Iteration 9: R^2 = 0.964805318221, ICC = 0.982136573591
Iteration 10: R^2 = 0.953433800542, ICC = 0.975900307582
Iteration 11: R^2 = 0.957991526267, ICC = 0.978269292213
Iteration 12: R^2 = 0.953114407482, ICC = 0.977872861476
Iteration 13: R^2 = 0.959815930739, ICC = 0.980791229024
Iteration 14: R^2 = 0.95499909156, ICC = 0.977773233712
Iteration 15: R^2 = 0.975497224175, ICC = 0.987943720082
Iteration 16: R^2 = 0.970689169355, ICC = 0.985467567027
Iteration 17: R^2 = 0.950385205795, ICC = 0.975730541769
Iteration 18: R^2 = 0.95928306557, ICC = 0.980488210221
Iteration 19: R^2 = 0.970074869295, ICC = 0.98484906438
Iteration 20: R^2 = 0.937802172768, ICC = 0.970685464201
Iteration 21: R^2 = 0.970457143097, ICC = 0.985597446342
Iteration 22: R^2 = 0.970064216693, ICC = 0.98521565623
Iteration 23: R^2 = 0.967367903289, ICC = 0.98373623664
Iteration 24: R^2 = 0.976173382808, ICC = 0.988132796795
Iteration 25: R^2 = 0.97600096482, ICC = 0.987907863066
Iteration 26: R^2 = 0.96937794997, ICC = 0.984356064786
Iteration 27: R^2 = 0.971484235133, ICC = 0.985700582809
Iteration 28: R^2 = 0.962305529648, ICC = 0.981322871125
Iteration 29: R^2 = 0.959751052487, ICC = 0.979575183191
Iteration 30: R^2 = 0.971215769507, ICC = 0.985439664365
Iteration 31: R^2 = 0.968978267105, ICC = 0.984604820017
Iteration 32: R^2 = 0.973059633312, ICC = 0.986794621801
Iteration 33: R^2 = 0.967307389882, ICC = 0.983556137139
Iteration 34: R^2 = 0.971416132829, ICC = 0.985559202034
Iteration 35: R^2 = 0.970384797201, ICC = 0.984887580679
Iteration 36: R^2 = 0.952691099451, ICC = 0.977376260987
Iteration 37: R^2 = 0.966049166508, ICC = 0.983142991425
Iteration 38: R^2 = 0.960452072493, ICC = 0.980326548221
Iteration 39: R^2 = 0.967819722918, ICC = 0.983812338291
Iteration 40: R^2 = 0.964281835053, ICC = 0.98254506634
Iteration 41: R^2 = 0.966005163108, ICC = 0.983097134284
Iteration 42: R^2 = 0.972851133524, ICC = 0.986071342403
Iteration 43: R^2 = 0.933434070938, ICC = 0.967007584772
Iteration 44: R^2 = 0.926349413245, ICC = 0.963335259442
Iteration 45: R^2 = 0.970229441411, ICC = 0.985347965407
Iteration 46: R^2 = 0.97086128427, ICC = 0.985478806362
Iteration 47: R^2 = 0.971103812382, ICC = 0.985349524282
Iteration 48: R^2 = 0.933661471223, ICC = 0.967047886979
Iteration 49: R^2 = 0.94932144474, ICC = 0.974692012411
Iteration 50: R^2 = 0.964894554887, ICC = 0.982351972731
Iteration 51: R^2 = 0.95768484415, ICC = 0.978887639846
Iteration 52: R^2 = 0.975573537251, ICC = 0.987790683835
Iteration 53: R^2 = 0.964584332949, ICC = 0.982834341632
Iteration 54: R^2 = 0.970460776049, ICC = 0.985452296947
Iteration 55: R^2 = 0.970950968606, ICC = 0.985269890974
Iteration 56: R^2 = 0.972122932629, ICC = 0.986292516412
Iteration 57: R^2 = 0.901773249286, ICC = 0.949579512972
Iteration 58: R^2 = 0.913718293293, ICC = 0.956309655818
Iteration 59: R^2 = 0.964394008029, ICC = 0.981423018576
Iteration 60: R^2 = 0.956657521952, ICC = 0.977469401017
Iteration 61: R^2 = 0.94082956057, ICC = 0.971480213365
Iteration 62: R^2 = 0.967642843314, ICC = 0.983870924548
Iteration 63: R^2 = 0.966163616564, ICC = 0.983057730822
Iteration 64: R^2 = 0.974566412197, ICC = 0.987104512833
Iteration 65: R^2 = 0.964707165456, ICC = 0.982565796182
Iteration 66: R^2 = 0.97443349679, ICC = 0.987091356538
Iteration 67: R^2 = 0.955644950146, ICC = 0.97830480087
Iteration 68: R^2 = 0.964001251018, ICC = 0.982302204971
Iteration 69: R^2 = 0.96866989426, ICC = 0.984165230393
Iteration 70: R^2 = 0.974726234872, ICC = 0.987589757465
Iteration 71: R^2 = 0.960679115972, ICC = 0.980563245727
Iteration 72: R^2 = 0.971034705217, ICC = 0.985766588933
Iteration 73: R^2 = 0.96544057709, ICC = 0.982511508895
Iteration 74: R^2 = 0.887034158778, ICC = 0.946577536693
Iteration 75: R^2 = 0.971992102648, ICC = 0.986011570646
Iteration 76: R^2 = 0.970769906183, ICC = 0.985393249641
Iteration 77: R^2 = 0.953087211708, ICC = 0.976217485303
Iteration 78: R^2 = 0.958247054759, ICC = 0.978732714551
Iteration 79: R^2 = 0.955537851832, ICC = 0.9768401167
Iteration 80: R^2 = 0.972786453961, ICC = 0.986599068767
Iteration 81: R^2 = 0.971084899394, ICC = 0.985654923985
Iteration 82: R^2 = 0.956778713604, ICC = 0.97885564409
Iteration 83: R^2 = 0.969854606825, ICC = 0.984958644143
Iteration 84: R^2 = 0.970781845868, ICC = 0.985079280537
Iteration 85: R^2 = 0.943169912001, ICC = 0.972944876657
Iteration 86: R^2 = 0.972207909218, ICC = 0.986083161543
Iteration 87: R^2 = 0.971212815787, ICC = 0.985761832475
Iteration 88: R^2 = 0.956462526759, ICC = 0.978052860178
Iteration 89: R^2 = 0.967957648346, ICC = 0.98396733779
Iteration 90: R^2 = 0.945901061097, ICC = 0.973317419998
Iteration 91: R^2 = 0.957209462346, ICC = 0.979569340738
Iteration 92: R^2 = 0.972209165667, ICC = 0.986294394974
Iteration 93: R^2 = 0.95186437045, ICC = 0.974487052115
Iteration 94: R^2 = 0.965241092794, ICC = 0.982321791461
Iteration 95: R^2 = 0.969689489066, ICC = 0.984434877209
Iteration 96: R^2 = 0.971264755708, ICC = 0.986058523617
Iteration 97: R^2 = 0.950598074761, ICC = 0.975986814778
Iteration 98: R^2 = 0.972734205068, ICC = 0.986361195416
Iteration 99: R^2 = 0.975387175052, ICC = 0.987453384357
R Squared list shape: (100,)
ICC list shape: (100,)
