Running abide_motion_wrapper_JAL.py
Fri Sep 23 12:29:39 EDT 2016
Iteration 0: R^2 = 0.798431450845, ICC = 0.899079298594
Iteration 1: R^2 = 0.920891432049, ICC = 0.958507702461
Iteration 2: R^2 = 0.940630721587, ICC = 0.970537443642
Iteration 3: R^2 = 0.912239351661, ICC = 0.955859144107
Iteration 4: R^2 = 0.921510345724, ICC = 0.960576435648
Iteration 5: R^2 = 0.923750036336, ICC = 0.96136566798
Iteration 6: R^2 = 0.950224336192, ICC = 0.975226397619
Iteration 7: R^2 = 0.910292252655, ICC = 0.958565826554
Iteration 8: R^2 = 0.941736448734, ICC = 0.970570400254
Iteration 9: R^2 = 0.910486444543, ICC = 0.956455961385
Iteration 10: R^2 = 0.910714779942, ICC = 0.956130910878
Iteration 11: R^2 = 0.940571635567, ICC = 0.969849248762
Iteration 12: R^2 = 0.794928006408, ICC = 0.904614083081
Iteration 13: R^2 = 0.897643337998, ICC = 0.945645902242
Iteration 14: R^2 = 0.927798343544, ICC = 0.964764081706
Iteration 15: R^2 = 0.940700745605, ICC = 0.971020869293
Iteration 16: R^2 = 0.942517426273, ICC = 0.970388697478
Iteration 17: R^2 = 0.888757713983, ICC = 0.948903816291
Iteration 18: R^2 = 0.931679102683, ICC = 0.9661312971
Iteration 19: R^2 = 0.92765355189, ICC = 0.964258098315
Iteration 20: R^2 = 0.939453997852, ICC = 0.968637629211
Iteration 21: R^2 = 0.929941620208, ICC = 0.964571846297
Iteration 22: R^2 = 0.938151251632, ICC = 0.968077344759
Iteration 23: R^2 = 0.941375019136, ICC = 0.970110599874
Iteration 24: R^2 = 0.93210271959, ICC = 0.967141624246
Iteration 25: R^2 = 0.936580661612, ICC = 0.967355558445
Iteration 26: R^2 = 0.887238026944, ICC = 0.943811908102
Iteration 27: R^2 = 0.942652413724, ICC = 0.970145810369
Iteration 28: R^2 = 0.942487408986, ICC = 0.971739598617
Iteration 29: R^2 = 0.930022065849, ICC = 0.965327874393
Iteration 30: R^2 = 0.944548350587, ICC = 0.972361339566
Iteration 31: R^2 = 0.938965649369, ICC = 0.969749008797
Iteration 32: R^2 = 0.944169538461, ICC = 0.971914051059
Iteration 33: R^2 = 0.897160199904, ICC = 0.951695897676
Iteration 34: R^2 = 0.932303044704, ICC = 0.966716745111
Iteration 35: R^2 = 0.884173353517, ICC = 0.939619487808
Iteration 36: R^2 = 0.937540395864, ICC = 0.969460967899
Iteration 37: R^2 = 0.913154019165, ICC = 0.958858476219
Iteration 38: R^2 = 0.929753150146, ICC = 0.966328950579
Iteration 39: R^2 = 0.931465801637, ICC = 0.965388643985
Iteration 40: R^2 = 0.926295580319, ICC = 0.962993551312
Iteration 41: R^2 = 0.947360662423, ICC = 0.973625691528
Iteration 42: R^2 = 0.868857898206, ICC = 0.933389989031
Iteration 43: R^2 = 0.933193090805, ICC = 0.96856678317
Iteration 44: R^2 = 0.938412658328, ICC = 0.969943116262
Iteration 45: R^2 = 0.930511474487, ICC = 0.965374951796
Iteration 46: R^2 = 0.945716410364, ICC = 0.97323495815
Iteration 47: R^2 = 0.933760272134, ICC = 0.968049514779
Iteration 48: R^2 = 0.938559302686, ICC = 0.968502734738
Iteration 49: R^2 = 0.937047331201, ICC = 0.968782796558
Iteration 50: R^2 = 0.942455237722, ICC = 0.971628515412
Iteration 51: R^2 = 0.928612044664, ICC = 0.963351311703
Iteration 52: R^2 = 0.947762500265, ICC = 0.974251924167
Iteration 53: R^2 = 0.947415451606, ICC = 0.974615368386
Iteration 54: R^2 = 0.935832223205, ICC = 0.967119780091
Iteration 55: R^2 = 0.900465719841, ICC = 0.951227517945
Iteration 56: R^2 = 0.89313086326, ICC = 0.945227718205
Iteration 57: R^2 = 0.86444446442, ICC = 0.936240656929
Iteration 58: R^2 = 0.950106274698, ICC = 0.975016959137
Iteration 59: R^2 = 0.934948316648, ICC = 0.967998127769
Iteration 60: R^2 = 0.944881209419, ICC = 0.972630105505
Iteration 61: R^2 = 0.947633654321, ICC = 0.972821615769
Iteration 62: R^2 = 0.926434754381, ICC = 0.964399272691
Iteration 63: R^2 = 0.949198883506, ICC = 0.973484655831
Iteration 64: R^2 = 0.90011145752, ICC = 0.948388921518
Iteration 65: R^2 = 0.940985482036, ICC = 0.970792197313
Iteration 66: R^2 = 0.930247930641, ICC = 0.965387089462
Iteration 67: R^2 = 0.893592316531, ICC = 0.947553757766
Iteration 68: R^2 = 0.912194345379, ICC = 0.954776723877
Iteration 69: R^2 = 0.913883768925, ICC = 0.956153626393
Iteration 70: R^2 = 0.940798164672, ICC = 0.97055667704
Iteration 71: R^2 = 0.931305875517, ICC = 0.964253447704
Iteration 72: R^2 = 0.946749038523, ICC = 0.974213979352
Iteration 73: R^2 = 0.864586603977, ICC = 0.931179645408
Iteration 74: R^2 = 0.877232881097, ICC = 0.941161866785
Iteration 75: R^2 = 0.918405160637, ICC = 0.960085241699
Iteration 76: R^2 = 0.940065443161, ICC = 0.971459630971
Iteration 77: R^2 = 0.946025579123, ICC = 0.973884441428
Iteration 78: R^2 = 0.937103283536, ICC = 0.968037521707
Iteration 79: R^2 = 0.918588382133, ICC = 0.960786013528
Iteration 80: R^2 = 0.87763293748, ICC = 0.939809969577
Iteration 81: R^2 = 0.814162237011, ICC = 0.914595986827
Iteration 82: R^2 = 0.887015037845, ICC = 0.942126812151
Iteration 83: R^2 = 0.951042821377, ICC = 0.975387833972
Iteration 84: R^2 = 0.937007511864, ICC = 0.968956945533
Iteration 85: R^2 = 0.944225464029, ICC = 0.972047620318
Iteration 86: R^2 = 0.94218591041, ICC = 0.970330602936
Iteration 87: R^2 = 0.919578932333, ICC = 0.957832342493
Iteration 88: R^2 = 0.928952084478, ICC = 0.965850221397
Iteration 89: R^2 = 0.873636773692, ICC = 0.932524135846
Iteration 90: R^2 = 0.922894231357, ICC = 0.962056444418
Iteration 91: R^2 = 0.918294734061, ICC = 0.959102690059
Iteration 92: R^2 = 0.84694069049, ICC = 0.928978888586
Iteration 93: R^2 = 0.935059430648, ICC = 0.967167434921
Iteration 94: R^2 = 0.857478791868, ICC = 0.932904331491
Iteration 95: R^2 = 0.950592245086, ICC = 0.974861180981
Iteration 96: R^2 = 0.915874576207, ICC = 0.958525782295
Iteration 97: R^2 = 0.877665540051, ICC = 0.942299543379
Iteration 98: R^2 = 0.819821574198, ICC = 0.918936561022
Iteration 99: R^2 = 0.935265968998, ICC = 0.96714507022
R Squared list shape: (100,)
ICC list shape: (100,)
