Running abide_motion_wrapper_JAL.py
Fri Sep 23 12:26:51 EDT 2016
Iteration 0: R^2 = 0.966274028364, ICC = 0.983474684579
Iteration 1: R^2 = 0.971558971612, ICC = 0.985572052964
Iteration 2: R^2 = 0.968130812905, ICC = 0.98398733525
Iteration 3: R^2 = 0.974398436161, ICC = 0.987510495088
Iteration 4: R^2 = 0.972604973516, ICC = 0.98593805698
Iteration 5: R^2 = 0.964734118423, ICC = 0.983034934506
Iteration 6: R^2 = 0.962442723192, ICC = 0.981180642357
Iteration 7: R^2 = 0.967710607981, ICC = 0.983386766929
Iteration 8: R^2 = 0.975931400867, ICC = 0.987996279761
Iteration 9: R^2 = 0.970087697354, ICC = 0.984952284242
Iteration 10: R^2 = 0.971022344806, ICC = 0.985389850719
Iteration 11: R^2 = 0.9712473294, ICC = 0.98605087564
Iteration 12: R^2 = 0.958109460383, ICC = 0.979690883438
Iteration 13: R^2 = 0.951583565269, ICC = 0.975624166393
Iteration 14: R^2 = 0.923967327592, ICC = 0.963812621966
Iteration 15: R^2 = 0.96069414791, ICC = 0.980739355709
Iteration 16: R^2 = 0.97136882086, ICC = 0.986077564339
Iteration 17: R^2 = 0.96839591343, ICC = 0.984270172028
Iteration 18: R^2 = 0.963005684744, ICC = 0.981344354185
Iteration 19: R^2 = 0.974604910431, ICC = 0.987393213316
Iteration 20: R^2 = 0.978151358309, ICC = 0.989175514411
Iteration 21: R^2 = 0.950828900707, ICC = 0.976663901561
Iteration 22: R^2 = 0.97260821598, ICC = 0.986202837716
Iteration 23: R^2 = 0.950040911151, ICC = 0.975846910318
Iteration 24: R^2 = 0.966838366042, ICC = 0.983409469974
Iteration 25: R^2 = 0.965604870963, ICC = 0.98265087091
Iteration 26: R^2 = 0.975816458597, ICC = 0.98765973455
Iteration 27: R^2 = 0.967927439808, ICC = 0.984229470525
Iteration 28: R^2 = 0.963926568943, ICC = 0.98192606904
Iteration 29: R^2 = 0.946019438297, ICC = 0.974490862998
Iteration 30: R^2 = 0.974588119179, ICC = 0.987199085223
Iteration 31: R^2 = 0.952271207649, ICC = 0.976856478509
Iteration 32: R^2 = 0.95399628915, ICC = 0.977631105299
Iteration 33: R^2 = 0.966199442345, ICC = 0.983165624894
Iteration 34: R^2 = 0.973934219274, ICC = 0.986782535413
Iteration 35: R^2 = 0.97619648948, ICC = 0.987965260744
Iteration 36: R^2 = 0.960478578478, ICC = 0.98020753986
Iteration 37: R^2 = 0.9045421767, ICC = 0.950199793372
Iteration 38: R^2 = 0.970321043825, ICC = 0.985211152437
Iteration 39: R^2 = 0.966837620947, ICC = 0.983245281603
Iteration 40: R^2 = 0.97687894766, ICC = 0.98844749282
Iteration 41: R^2 = 0.971599462511, ICC = 0.985885166322
Iteration 42: R^2 = 0.953228244339, ICC = 0.977392784149
Iteration 43: R^2 = 0.971013132077, ICC = 0.985526562497
Iteration 44: R^2 = 0.974224700234, ICC = 0.987084392317
Iteration 45: R^2 = 0.954159851744, ICC = 0.976671438889
Iteration 46: R^2 = 0.971206614338, ICC = 0.985399637941
Iteration 47: R^2 = 0.973918783569, ICC = 0.986986990623
Iteration 48: R^2 = 0.975205419684, ICC = 0.98776902442
Iteration 49: R^2 = 0.971903681494, ICC = 0.985989127468
Iteration 50: R^2 = 0.967517822486, ICC = 0.984141207525
Iteration 51: R^2 = 0.978464939621, ICC = 0.98901914727
Iteration 52: R^2 = 0.972011970066, ICC = 0.985808835467
Iteration 53: R^2 = 0.975434206639, ICC = 0.98757297873
Iteration 54: R^2 = 0.963343453771, ICC = 0.981801531318
Iteration 55: R^2 = 0.97188624142, ICC = 0.986168867052
Iteration 56: R^2 = 0.969829517936, ICC = 0.985248597246
Iteration 57: R^2 = 0.970686225818, ICC = 0.984955320785
Iteration 58: R^2 = 0.977908781487, ICC = 0.988720496367
Iteration 59: R^2 = 0.973499484231, ICC = 0.986614448135
Iteration 60: R^2 = 0.96907878685, ICC = 0.984559047397
Iteration 61: R^2 = 0.968110484304, ICC = 0.984318412701
Iteration 62: R^2 = 0.97269199101, ICC = 0.986125376278
Iteration 63: R^2 = 0.955440212308, ICC = 0.977919686244
Iteration 64: R^2 = 0.971902040204, ICC = 0.985707595191
Iteration 65: R^2 = 0.959217665673, ICC = 0.978971945142
Iteration 66: R^2 = 0.971995790978, ICC = 0.986221309695
Iteration 67: R^2 = 0.963048957826, ICC = 0.9818220595
Iteration 68: R^2 = 0.962912212495, ICC = 0.981227762036
Iteration 69: R^2 = 0.937427139802, ICC = 0.968385964745
Iteration 70: R^2 = 0.973055955035, ICC = 0.986354978512
Iteration 71: R^2 = 0.969512872246, ICC = 0.984818483192
Iteration 72: R^2 = 0.961768225056, ICC = 0.980562846784
Iteration 73: R^2 = 0.94964683426, ICC = 0.973958038984
Iteration 74: R^2 = 0.968198702959, ICC = 0.984301916969
Iteration 75: R^2 = 0.957014558916, ICC = 0.978433602223
Iteration 76: R^2 = 0.965727156005, ICC = 0.982811450323
Iteration 77: R^2 = 0.96849281249, ICC = 0.984262645505
Iteration 78: R^2 = 0.962388239509, ICC = 0.981033753827
Iteration 79: R^2 = 0.97240134574, ICC = 0.985766481716
Iteration 80: R^2 = 0.976179303752, ICC = 0.98799796493
Iteration 81: R^2 = 0.977899147047, ICC = 0.988835051754
Iteration 82: R^2 = 0.930601431176, ICC = 0.966725582668
Iteration 83: R^2 = 0.9788895644, ICC = 0.989219609774
Iteration 84: R^2 = 0.963282348539, ICC = 0.981883683459
Iteration 85: R^2 = 0.9717266626, ICC = 0.985586265651
Iteration 86: R^2 = 0.969876583783, ICC = 0.98473975141
Iteration 87: R^2 = 0.970227467232, ICC = 0.984673876287
Iteration 88: R^2 = 0.975908413057, ICC = 0.9882758175
Iteration 89: R^2 = 0.956741796163, ICC = 0.977886810558
Iteration 90: R^2 = 0.973294321667, ICC = 0.986457158452
Iteration 91: R^2 = 0.96827273733, ICC = 0.983947429396
Iteration 92: R^2 = 0.973204272644, ICC = 0.986831850029
Iteration 93: R^2 = 0.973814831288, ICC = 0.987008625003
Iteration 94: R^2 = 0.969696178798, ICC = 0.984950828865
Iteration 95: R^2 = 0.964280089344, ICC = 0.982091887863
Iteration 96: R^2 = 0.966359707765, ICC = 0.983361741271
Iteration 97: R^2 = 0.972602256732, ICC = 0.986699745775
Iteration 98: R^2 = 0.974620565558, ICC = 0.98678638163
Iteration 99: R^2 = 0.970597358296, ICC = 0.98541130435
R Squared list shape: (100,)
ICC list shape: (100,)
