Running abide_motion_wrapper_JAL.py
Fri Sep 23 12:27:42 EDT 2016
Iteration 0: R^2 = 0.886786693104, ICC = 0.941476975838
Iteration 1: R^2 = 0.881585131095, ICC = 0.93852799336
Iteration 2: R^2 = 0.892869663732, ICC = 0.945451041419
Iteration 3: R^2 = 0.820697709983, ICC = 0.907599523552
Iteration 4: R^2 = 0.880302534028, ICC = 0.937694950151
Iteration 5: R^2 = 0.826582061376, ICC = 0.917460577424
Iteration 6: R^2 = 0.84390911031, ICC = 0.925616936294
Iteration 7: R^2 = 0.868309127726, ICC = 0.939585831302
Iteration 8: R^2 = 0.805118155197, ICC = 0.899087630929
Iteration 9: R^2 = 0.907716410563, ICC = 0.953237132573
Iteration 10: R^2 = 0.887867735052, ICC = 0.946347801256
Iteration 11: R^2 = 0.900461982784, ICC = 0.950538471548
Iteration 12: R^2 = 0.836745466438, ICC = 0.92066772442
Iteration 13: R^2 = 0.900515865939, ICC = 0.949487072333
Iteration 14: R^2 = 0.913721263711, ICC = 0.955755882241
Iteration 15: R^2 = 0.837941663119, ICC = 0.920572897391
Iteration 16: R^2 = 0.898223274747, ICC = 0.94962000879
Iteration 17: R^2 = 0.816853891051, ICC = 0.909417050477
Iteration 18: R^2 = 0.792878737009, ICC = 0.892648088146
Iteration 19: R^2 = 0.887515779245, ICC = 0.94524680046
Iteration 20: R^2 = 0.885305907334, ICC = 0.94601902975
Iteration 21: R^2 = 0.879157988331, ICC = 0.938142627872
Iteration 22: R^2 = 0.474547458466, ICC = 0.738788766681
Iteration 23: R^2 = 0.819873953244, ICC = 0.912241950624
Iteration 24: R^2 = 0.853860870513, ICC = 0.928936345471
Iteration 25: R^2 = 0.864924368967, ICC = 0.934806469118
Iteration 26: R^2 = 0.860229077817, ICC = 0.925154924489
Iteration 27: R^2 = 0.893376359824, ICC = 0.944108986416
Iteration 28: R^2 = 0.888572361665, ICC = 0.940746722118
Iteration 29: R^2 = 0.866545632077, ICC = 0.930548152214
Iteration 30: R^2 = 0.880861972402, ICC = 0.939330023386
Iteration 31: R^2 = 0.827942505269, ICC = 0.908544110825
Iteration 32: R^2 = 0.888781591636, ICC = 0.945444490803
Iteration 33: R^2 = 0.872194132405, ICC = 0.93477998017
Iteration 34: R^2 = 0.885475839323, ICC = 0.944954623363
Iteration 35: R^2 = 0.807642641594, ICC = 0.908439454776
Iteration 36: R^2 = 0.841260669755, ICC = 0.918391059589
Iteration 37: R^2 = 0.822575829609, ICC = 0.910639930697
Iteration 38: R^2 = 0.78429195559, ICC = 0.895498981857
Iteration 39: R^2 = 0.830309215429, ICC = 0.915133405864
Iteration 40: R^2 = 0.889716815852, ICC = 0.943946673148
Iteration 41: R^2 = 0.806865329966, ICC = 0.898223107261
Iteration 42: R^2 = 0.872650867189, ICC = 0.936183191689
Iteration 43: R^2 = 0.861796616374, ICC = 0.930116885433
Iteration 44: R^2 = 0.895641809314, ICC = 0.945076533115
Iteration 45: R^2 = 0.906295659921, ICC = 0.952078307988
Iteration 46: R^2 = 0.874510871209, ICC = 0.936248130129
Iteration 47: R^2 = 0.796405149463, ICC = 0.907220333813
Iteration 48: R^2 = 0.886345627562, ICC = 0.945368056995
Iteration 49: R^2 = 0.841840249308, ICC = 0.920643750841
Iteration 50: R^2 = 0.908192564451, ICC = 0.952684027886
Iteration 51: R^2 = 0.781249000409, ICC = 0.894108467468
Iteration 52: R^2 = 0.899104600975, ICC = 0.948114720645
Iteration 53: R^2 = 0.8751012485, ICC = 0.930602674881
Iteration 54: R^2 = 0.762298160324, ICC = 0.887132892839
Iteration 55: R^2 = 0.900388095643, ICC = 0.950280326912
Iteration 56: R^2 = 0.706037010602, ICC = 0.872863564478
Iteration 57: R^2 = 0.838126921017, ICC = 0.92260858145
Iteration 58: R^2 = 0.725201820864, ICC = 0.881245333145
Iteration 59: R^2 = 0.869613466036, ICC = 0.934390539703
Iteration 60: R^2 = 0.897096376807, ICC = 0.946679214539
Iteration 61: R^2 = 0.86464690475, ICC = 0.927488262462
Iteration 62: R^2 = 0.883295442645, ICC = 0.940339971783
Iteration 63: R^2 = 0.878215484381, ICC = 0.936023573548
Iteration 64: R^2 = 0.770024890675, ICC = 0.886665565962
Iteration 65: R^2 = 0.78264695057, ICC = 0.90339242544
Iteration 66: R^2 = 0.838083018637, ICC = 0.919681866589
Iteration 67: R^2 = 0.79114179185, ICC = 0.891479026462
Iteration 68: R^2 = 0.891602146127, ICC = 0.94708642187
Iteration 69: R^2 = 0.903749192334, ICC = 0.950486177474
Iteration 70: R^2 = 0.828616808825, ICC = 0.919341283753
Iteration 71: R^2 = 0.857880799926, ICC = 0.930427300028
Iteration 72: R^2 = 0.844818414166, ICC = 0.921976911862
Iteration 73: R^2 = 0.767958614873, ICC = 0.895206687784
Iteration 74: R^2 = 0.877424498837, ICC = 0.936579786546
Iteration 75: R^2 = 0.817843811949, ICC = 0.904818645689
Iteration 76: R^2 = 0.893537416799, ICC = 0.946084659067
Iteration 77: R^2 = 0.778226261832, ICC = 0.891630948702
Iteration 78: R^2 = 0.89594262041, ICC = 0.948617220758
Iteration 79: R^2 = 0.897645864251, ICC = 0.949443277611
Iteration 80: R^2 = 0.917302906981, ICC = 0.956307458039
Iteration 81: R^2 = 0.881245296118, ICC = 0.94233073093
Iteration 82: R^2 = 0.712462305746, ICC = 0.86431805955
Iteration 83: R^2 = 0.900773766153, ICC = 0.949378657094
Iteration 84: R^2 = 0.871537984033, ICC = 0.937655554917
Iteration 85: R^2 = 0.892015195552, ICC = 0.944258479076
Iteration 86: R^2 = 0.879999668873, ICC = 0.937299447322
Iteration 87: R^2 = 0.815576023828, ICC = 0.912037135339
Iteration 88: R^2 = 0.894047811513, ICC = 0.9459836098
Iteration 89: R^2 = 0.892251345467, ICC = 0.946203218638
Iteration 90: R^2 = 0.879787126861, ICC = 0.939202223444
Iteration 91: R^2 = 0.829504545576, ICC = 0.916068420507
Iteration 92: R^2 = 0.893727220094, ICC = 0.947388949776
Iteration 93: R^2 = 0.884398725179, ICC = 0.940904105417
Iteration 94: R^2 = 0.858878243627, ICC = 0.933196803305
Iteration 95: R^2 = 0.87917789808, ICC = 0.939274194644
Iteration 96: R^2 = 0.822431663553, ICC = 0.914872636683
Iteration 97: R^2 = 0.880709144399, ICC = 0.939540415034
Iteration 98: R^2 = 0.87987228101, ICC = 0.943240423878
Iteration 99: R^2 = 0.869479656741, ICC = 0.934766508016
R Squared list shape: (100,)
ICC list shape: (100,)
