Running abide_motion_wrapper_JAL.py
Fri Sep 23 12:27:42 EDT 2016
Iteration 0: R^2 = 0.96377235011, ICC = 0.982290848872
Iteration 1: R^2 = 0.979761535158, ICC = 0.990069462339
Iteration 2: R^2 = 0.97761141872, ICC = 0.988921105704
Iteration 3: R^2 = 0.968822195153, ICC = 0.984792082207
Iteration 4: R^2 = 0.977418489542, ICC = 0.988734941008
Iteration 5: R^2 = 0.969348510308, ICC = 0.985144717891
Iteration 6: R^2 = 0.963639726728, ICC = 0.982591468869
Iteration 7: R^2 = 0.969945018807, ICC = 0.984550448569
Iteration 8: R^2 = 0.97790069287, ICC = 0.988962896217
Iteration 9: R^2 = 0.940171178275, ICC = 0.971028475983
Iteration 10: R^2 = 0.980921188963, ICC = 0.990487645532
Iteration 11: R^2 = 0.977926212412, ICC = 0.988964185524
Iteration 12: R^2 = 0.976969632824, ICC = 0.988654160963
Iteration 13: R^2 = 0.974355955741, ICC = 0.987434852282
Iteration 14: R^2 = 0.971599825398, ICC = 0.985722570466
Iteration 15: R^2 = 0.968610764481, ICC = 0.984148175182
Iteration 16: R^2 = 0.973221733616, ICC = 0.986249923768
Iteration 17: R^2 = 0.956127118039, ICC = 0.977553793059
Iteration 18: R^2 = 0.97775107709, ICC = 0.988742232987
Iteration 19: R^2 = 0.97887693693, ICC = 0.989545161545
Iteration 20: R^2 = 0.956725534669, ICC = 0.978022404826
Iteration 21: R^2 = 0.953210052362, ICC = 0.977177185288
Iteration 22: R^2 = 0.970583893677, ICC = 0.985710832532
Iteration 23: R^2 = 0.963665583492, ICC = 0.981834904223
Iteration 24: R^2 = 0.97713520884, ICC = 0.988649090847
Iteration 25: R^2 = 0.969366687242, ICC = 0.985424240049
Iteration 26: R^2 = 0.97329888784, ICC = 0.986409598518
Iteration 27: R^2 = 0.9648616938, ICC = 0.982504742895
Iteration 28: R^2 = 0.975701201831, ICC = 0.987528351896
Iteration 29: R^2 = 0.971809061715, ICC = 0.985686114329
Iteration 30: R^2 = 0.977691546793, ICC = 0.988821142673
Iteration 31: R^2 = 0.970659149633, ICC = 0.985022151443
Iteration 32: R^2 = 0.975864194987, ICC = 0.987646602422
Iteration 33: R^2 = 0.968450769629, ICC = 0.983920500414
Iteration 34: R^2 = 0.920553555825, ICC = 0.962652720276
Iteration 35: R^2 = 0.922124007968, ICC = 0.962529223699
Iteration 36: R^2 = 0.967796158485, ICC = 0.983258621798
Iteration 37: R^2 = 0.971202677563, ICC = 0.985667182728
Iteration 38: R^2 = 0.981653941446, ICC = 0.990728813845
Iteration 39: R^2 = 0.922553573421, ICC = 0.962950726773
Iteration 40: R^2 = 0.962131508415, ICC = 0.980285998382
Iteration 41: R^2 = 0.972405894027, ICC = 0.986529756917
Iteration 42: R^2 = 0.901712757613, ICC = 0.950405273252
Iteration 43: R^2 = 0.978262165524, ICC = 0.989134866313
Iteration 44: R^2 = 0.964645362712, ICC = 0.982060899537
Iteration 45: R^2 = 0.959352114394, ICC = 0.978994320074
Iteration 46: R^2 = 0.942053356316, ICC = 0.969949839451
Iteration 47: R^2 = 0.949663786068, ICC = 0.975453717292
Iteration 48: R^2 = 0.956084947376, ICC = 0.978442902826
Iteration 49: R^2 = 0.979036684722, ICC = 0.989511445032
Iteration 50: R^2 = 0.975709047783, ICC = 0.987787150837
Iteration 51: R^2 = 0.979506199965, ICC = 0.989724710365
Iteration 52: R^2 = 0.968113510159, ICC = 0.984193522316
Iteration 53: R^2 = 0.960636893515, ICC = 0.980929776056
Iteration 54: R^2 = 0.979781772033, ICC = 0.989607129596
Iteration 55: R^2 = 0.968024137027, ICC = 0.984283253104
Iteration 56: R^2 = 0.978121354712, ICC = 0.989152310869
Iteration 57: R^2 = 0.97865177631, ICC = 0.989379665953
Iteration 58: R^2 = 0.976291150376, ICC = 0.988117321453
Iteration 59: R^2 = 0.978272160221, ICC = 0.988991294346
Iteration 60: R^2 = 0.976779766281, ICC = 0.988488088316
Iteration 61: R^2 = 0.971642716656, ICC = 0.986335219846
Iteration 62: R^2 = 0.952615807474, ICC = 0.976684970715
Iteration 63: R^2 = 0.976578285017, ICC = 0.988171860619
Iteration 64: R^2 = 0.970640882725, ICC = 0.985421427952
Iteration 65: R^2 = 0.974000295948, ICC = 0.98711984074
Iteration 66: R^2 = 0.977853170442, ICC = 0.988982995546
Iteration 67: R^2 = 0.968373619733, ICC = 0.98466991399
Iteration 68: R^2 = 0.970198896536, ICC = 0.985043526759
Iteration 69: R^2 = 0.958821318938, ICC = 0.978798025683
Iteration 70: R^2 = 0.980532884962, ICC = 0.990127651916
Iteration 71: R^2 = 0.973966598315, ICC = 0.987154053535
Iteration 72: R^2 = 0.972557956366, ICC = 0.986251639209
Iteration 73: R^2 = 0.979244695918, ICC = 0.989706162214
Iteration 74: R^2 = 0.964498302252, ICC = 0.981685991242
Iteration 75: R^2 = 0.981545261192, ICC = 0.990663682269
Iteration 76: R^2 = 0.972297900803, ICC = 0.986567030821
Iteration 77: R^2 = 0.9741820553, ICC = 0.986947571103
Iteration 78: R^2 = 0.891469553726, ICC = 0.948287376945
Iteration 79: R^2 = 0.971415598502, ICC = 0.985550953542
Iteration 80: R^2 = 0.940035144936, ICC = 0.968433510153
Iteration 81: R^2 = 0.980286901872, ICC = 0.990111097247
Iteration 82: R^2 = 0.977725431639, ICC = 0.989023226237
Iteration 83: R^2 = 0.953354724123, ICC = 0.976479855465
Iteration 84: R^2 = 0.968611493348, ICC = 0.985042213229
Iteration 85: R^2 = 0.973559794574, ICC = 0.986913367072
Iteration 86: R^2 = 0.961744880286, ICC = 0.981201965221
Iteration 87: R^2 = 0.979299607896, ICC = 0.989723991851
Iteration 88: R^2 = 0.965844653829, ICC = 0.983380457533
Iteration 89: R^2 = 0.975184739333, ICC = 0.987799102428
Iteration 90: R^2 = 0.962425210558, ICC = 0.98091404607
Iteration 91: R^2 = 0.978401074177, ICC = 0.989061015682
Iteration 92: R^2 = 0.977060616395, ICC = 0.988782578335
Iteration 93: R^2 = 0.977674213547, ICC = 0.988911556966
Iteration 94: R^2 = 0.969886123697, ICC = 0.984989834474
Iteration 95: R^2 = 0.957727103779, ICC = 0.978110411274
Iteration 96: R^2 = 0.96199720087, ICC = 0.980946815865
Iteration 97: R^2 = 0.976771325088, ICC = 0.987882867159
Iteration 98: R^2 = 0.974514759843, ICC = 0.987482923387
Iteration 99: R^2 = 0.960270664557, ICC = 0.979399701506
R Squared list shape: (100,)
ICC list shape: (100,)
