Running abide_motion_wrapper_JAL.py
Fri Sep 23 12:26:51 EDT 2016
Iteration 0: R^2 = 0.269776696707, ICC = 0.688968094096
Iteration 1: R^2 = 0.787628109632, ICC = 0.889957879558
Iteration 2: R^2 = 0.789938692643, ICC = 0.892905398816
Iteration 3: R^2 = 0.806465113592, ICC = 0.899771233358
Iteration 4: R^2 = 0.565696766065, ICC = 0.795631903967
Iteration 5: R^2 = 0.794463588383, ICC = 0.8964331399
Iteration 6: R^2 = 0.755547414629, ICC = 0.879760813859
Iteration 7: R^2 = 0.742436238381, ICC = 0.873493355589
Iteration 8: R^2 = 0.622907062647, ICC = 0.81361474524
Iteration 9: R^2 = 0.625222876265, ICC = 0.820600355466
Iteration 10: R^2 = 0.772536038564, ICC = 0.880241304475
Iteration 11: R^2 = 0.787728532401, ICC = 0.889777822312
Iteration 12: R^2 = 0.808801971179, ICC = 0.902972606199
Iteration 13: R^2 = 0.633189207704, ICC = 0.832664783025
Iteration 14: R^2 = 0.575374950057, ICC = 0.810865122442
Iteration 15: R^2 = 0.710890338979, ICC = 0.859930662844
Iteration 16: R^2 = 0.66278882781, ICC = 0.834787336097
Iteration 17: R^2 = 0.782702608104, ICC = 0.897884957983
Iteration 18: R^2 = 0.739140485579, ICC = 0.871112862069
Iteration 19: R^2 = 0.544618765261, ICC = 0.80176241639
Iteration 20: R^2 = 0.748167036238, ICC = 0.871565399416
Iteration 21: R^2 = 0.638332277368, ICC = 0.829377184717
Iteration 22: R^2 = 0.764962343604, ICC = 0.870253591304
Iteration 23: R^2 = 0.806744654673, ICC = 0.900598456
Iteration 24: R^2 = 0.774879979845, ICC = 0.888594382183
Iteration 25: R^2 = 0.410739496913, ICC = 0.740596694167
Iteration 26: R^2 = 0.783456815273, ICC = 0.888002984932
Iteration 27: R^2 = 0.77533284693, ICC = 0.892720354295
Iteration 28: R^2 = 0.749070903041, ICC = 0.866020535821
Iteration 29: R^2 = 0.759866249315, ICC = 0.87855682246
Iteration 30: R^2 = 0.446639576138, ICC = 0.764705680445
Iteration 31: R^2 = 0.523930324182, ICC = 0.752457270129
Iteration 32: R^2 = 0.518442673069, ICC = 0.793587857801
Iteration 33: R^2 = 0.150386981574, ICC = 0.667257072807
Iteration 34: R^2 = 0.796975469593, ICC = 0.891325788922
Iteration 35: R^2 = 0.711361889097, ICC = 0.865456740549
Iteration 36: R^2 = 0.51484568166, ICC = 0.767634175694
Iteration 37: R^2 = 0.746818904785, ICC = 0.881919217754
Iteration 38: R^2 = 0.769851537482, ICC = 0.884592592024
Iteration 39: R^2 = 0.724819890822, ICC = 0.867354619235
Iteration 40: R^2 = 0.760006943223, ICC = 0.879831776414
Iteration 41: R^2 = 0.718863379602, ICC = 0.863042267246
Iteration 42: R^2 = 0.768725888075, ICC = 0.877608680634
Iteration 43: R^2 = 0.801351004896, ICC = 0.906468853415
Iteration 44: R^2 = 0.79095318684, ICC = 0.893844257342
Iteration 45: R^2 = 0.773783998038, ICC = 0.889240732177
Iteration 46: R^2 = 0.576665189097, ICC = 0.797673112125
Iteration 47: R^2 = 0.640960591852, ICC = 0.834361183793
Iteration 48: R^2 = 0.799780025669, ICC = 0.902867319216
Iteration 49: R^2 = 0.770861961944, ICC = 0.883841721685
Iteration 50: R^2 = 0.544159295897, ICC = 0.783904754364
Iteration 51: R^2 = 0.725477760352, ICC = 0.854422216848
Iteration 52: R^2 = 0.785244756465, ICC = 0.886360383629
Iteration 53: R^2 = 0.758209277023, ICC = 0.881469259098
Iteration 54: R^2 = 0.726153875824, ICC = 0.869559341311
Iteration 55: R^2 = 0.764962542216, ICC = 0.875287249746
Iteration 56: R^2 = 0.721537809102, ICC = 0.838473851744
Iteration 57: R^2 = 0.766193174448, ICC = 0.886314473972
Iteration 58: R^2 = 0.807619489537, ICC = 0.898328609229
Iteration 59: R^2 = 0.796647555304, ICC = 0.897345595823
Iteration 60: R^2 = 0.755261272426, ICC = 0.874167584714
Iteration 61: R^2 = 0.751315492824, ICC = 0.881132320012
Iteration 62: R^2 = 0.48760529532, ICC = 0.772464466632
Iteration 63: R^2 = 0.77661594966, ICC = 0.88999536752
Iteration 64: R^2 = 0.696460575966, ICC = 0.851892537187
Iteration 65: R^2 = 0.771968120263, ICC = 0.890225456883
Iteration 66: R^2 = 0.677958240659, ICC = 0.85834122062
Iteration 67: R^2 = 0.731676383542, ICC = 0.877127506024
Iteration 68: R^2 = 0.594135737536, ICC = 0.816079892132
Iteration 69: R^2 = 0.621171577924, ICC = 0.803439865928
Iteration 70: R^2 = 0.772637928103, ICC = 0.885682451729
Iteration 71: R^2 = 0.658450734282, ICC = 0.851897678432
Iteration 72: R^2 = 0.735070298892, ICC = 0.877916217913
Iteration 73: R^2 = 0.73078590406, ICC = 0.872640797484
Iteration 74: R^2 = 0.631190840234, ICC = 0.827819069626
Iteration 75: R^2 = 0.812698388491, ICC = 0.904320108838
Iteration 76: R^2 = 0.785054311687, ICC = 0.889763864849
Iteration 77: R^2 = 0.766155561954, ICC = 0.886448354154
Iteration 78: R^2 = 0.752037070633, ICC = 0.878301072247
Iteration 79: R^2 = 0.659268621115, ICC = 0.840063732376
Iteration 80: R^2 = 0.767707214825, ICC = 0.881279492962
Iteration 81: R^2 = 0.800480182835, ICC = 0.902571437141
Iteration 82: R^2 = 0.649210952092, ICC = 0.824386217576
Iteration 83: R^2 = 0.833784082394, ICC = 0.911785267081
Iteration 84: R^2 = 0.564116327788, ICC = 0.778029995227
Iteration 85: R^2 = 0.72861468092, ICC = 0.862562941281
Iteration 86: R^2 = 0.798216580881, ICC = 0.900165052174
Iteration 87: R^2 = 0.722224628721, ICC = 0.864727846118
Iteration 88: R^2 = 0.77490176856, ICC = 0.890845305872
Iteration 89: R^2 = 0.788756034974, ICC = 0.888909345755
Iteration 90: R^2 = 0.674799655841, ICC = 0.839524655333
Iteration 91: R^2 = 0.696745257553, ICC = 0.855355377513
Iteration 92: R^2 = 0.631259459716, ICC = 0.826235308612
Iteration 93: R^2 = 0.699041219738, ICC = 0.858891594484
Iteration 94: R^2 = 0.530486293019, ICC = 0.797667690993
Iteration 95: R^2 = 0.758965094928, ICC = 0.888750519756
Iteration 96: R^2 = 0.591308371545, ICC = 0.813277867998
Iteration 97: R^2 = 0.820632897361, ICC = 0.907053091698
Iteration 98: R^2 = 0.75187111976, ICC = 0.877705333168
Iteration 99: R^2 = 0.749839256121, ICC = 0.870472097237
R Squared list shape: (100,)
ICC list shape: (100,)
