Running abide_motion_wrapper_JAL.py
Fri Sep 23 12:29:23 EDT 2016
Iteration 0: R^2 = 0.961658936268, ICC = 0.981074192173
Iteration 1: R^2 = 0.960231609266, ICC = 0.979919908802
Iteration 2: R^2 = 0.977972121402, ICC = 0.989001774065
Iteration 3: R^2 = 0.963735717994, ICC = 0.981804979499
Iteration 4: R^2 = 0.972322382977, ICC = 0.985966394256
Iteration 5: R^2 = 0.972378596574, ICC = 0.985913428734
Iteration 6: R^2 = 0.977965443559, ICC = 0.988753820036
Iteration 7: R^2 = 0.973911665639, ICC = 0.986759187797
Iteration 8: R^2 = 0.969129217379, ICC = 0.984596304514
Iteration 9: R^2 = 0.964130283825, ICC = 0.981423304124
Iteration 10: R^2 = 0.972446687975, ICC = 0.986543845812
Iteration 11: R^2 = 0.97904126238, ICC = 0.989739294124
Iteration 12: R^2 = 0.972714349338, ICC = 0.986484611497
Iteration 13: R^2 = 0.966297017059, ICC = 0.983096908308
Iteration 14: R^2 = 0.950520015244, ICC = 0.976319314776
Iteration 15: R^2 = 0.977892154389, ICC = 0.989141162836
Iteration 16: R^2 = 0.964974844589, ICC = 0.982651172815
Iteration 17: R^2 = 0.977943675015, ICC = 0.988763082742
Iteration 18: R^2 = 0.971709614005, ICC = 0.985419135385
Iteration 19: R^2 = 0.976939765512, ICC = 0.988436910728
Iteration 20: R^2 = 0.976662011346, ICC = 0.988191266724
Iteration 21: R^2 = 0.952825954946, ICC = 0.976051885757
Iteration 22: R^2 = 0.97866724997, ICC = 0.989395448011
Iteration 23: R^2 = 0.963463539117, ICC = 0.982100059159
Iteration 24: R^2 = 0.958602592792, ICC = 0.978710962627
Iteration 25: R^2 = 0.973074244862, ICC = 0.986549386792
Iteration 26: R^2 = 0.959216404347, ICC = 0.979911084581
Iteration 27: R^2 = 0.970159337041, ICC = 0.985340386126
Iteration 28: R^2 = 0.980338198096, ICC = 0.98995251656
Iteration 29: R^2 = 0.963323015869, ICC = 0.982065631104
Iteration 30: R^2 = 0.980118002009, ICC = 0.989873297331
Iteration 31: R^2 = 0.962211874498, ICC = 0.981326415845
Iteration 32: R^2 = 0.975274331922, ICC = 0.987644981991
Iteration 33: R^2 = 0.974059267679, ICC = 0.986906512455
Iteration 34: R^2 = 0.954215735854, ICC = 0.977314034464
Iteration 35: R^2 = 0.970762215742, ICC = 0.985142245408
Iteration 36: R^2 = 0.97176493806, ICC = 0.985680723686
Iteration 37: R^2 = 0.970028434239, ICC = 0.984768019679
Iteration 38: R^2 = 0.972932193908, ICC = 0.986299468525
Iteration 39: R^2 = 0.976738061783, ICC = 0.988375710532
Iteration 40: R^2 = 0.966398126173, ICC = 0.982980632147
Iteration 41: R^2 = 0.973229945481, ICC = 0.986394258772
Iteration 42: R^2 = 0.960697361316, ICC = 0.980566696761
Iteration 43: R^2 = 0.973835239617, ICC = 0.987160973352
Iteration 44: R^2 = 0.975306011904, ICC = 0.987885904777
Iteration 45: R^2 = 0.968378852622, ICC = 0.984082717616
Iteration 46: R^2 = 0.975106803204, ICC = 0.987475975233
Iteration 47: R^2 = 0.972329792081, ICC = 0.986136525826
Iteration 48: R^2 = 0.974315897766, ICC = 0.987302582694
Iteration 49: R^2 = 0.95496739457, ICC = 0.978257470939
Iteration 50: R^2 = 0.979973880176, ICC = 0.989863986344
Iteration 51: R^2 = 0.977917069838, ICC = 0.988746431664
Iteration 52: R^2 = 0.967725770286, ICC = 0.98412215019
Iteration 53: R^2 = 0.973003550572, ICC = 0.986406783951
Iteration 54: R^2 = 0.970492325629, ICC = 0.985566006418
Iteration 55: R^2 = 0.978169754003, ICC = 0.988809602629
Iteration 56: R^2 = 0.971531133937, ICC = 0.985840634807
Iteration 57: R^2 = 0.968989983074, ICC = 0.985016534202
Iteration 58: R^2 = 0.977456954907, ICC = 0.988663204718
Iteration 59: R^2 = 0.975048303108, ICC = 0.987403879341
Iteration 60: R^2 = 0.889375402907, ICC = 0.947854096376
Iteration 61: R^2 = 0.962210363712, ICC = 0.981689060714
Iteration 62: R^2 = 0.975017664314, ICC = 0.987231260398
Iteration 63: R^2 = 0.972717793527, ICC = 0.98646388295
Iteration 64: R^2 = 0.945130364654, ICC = 0.973605974593
Iteration 65: R^2 = 0.976067181161, ICC = 0.987772608402
Iteration 66: R^2 = 0.961656639714, ICC = 0.981223305103
Iteration 67: R^2 = 0.963970389115, ICC = 0.981585537496
Iteration 68: R^2 = 0.970855125192, ICC = 0.9853190544
Iteration 69: R^2 = 0.951760307181, ICC = 0.975474743977
Iteration 70: R^2 = 0.97078578041, ICC = 0.985511735892
Iteration 71: R^2 = 0.976000454056, ICC = 0.988044829792
Iteration 72: R^2 = 0.957395319842, ICC = 0.979495171091
Iteration 73: R^2 = 0.978275630674, ICC = 0.989184562439
Iteration 74: R^2 = 0.957951720383, ICC = 0.979001058454
Iteration 75: R^2 = 0.977622133941, ICC = 0.988791916126
Iteration 76: R^2 = 0.974446529479, ICC = 0.987367173578
Iteration 77: R^2 = 0.97710702711, ICC = 0.988666364681
Iteration 78: R^2 = 0.977959341095, ICC = 0.989066826868
Iteration 79: R^2 = 0.977543066032, ICC = 0.988618184216
Iteration 80: R^2 = 0.928414027896, ICC = 0.965740028954
Iteration 81: R^2 = 0.978969705707, ICC = 0.989572540765
Iteration 82: R^2 = 0.976693912143, ICC = 0.98839972695
Iteration 83: R^2 = 0.974782157266, ICC = 0.987404861196
Iteration 84: R^2 = 0.967857011712, ICC = 0.983720517667
Iteration 85: R^2 = 0.974350722094, ICC = 0.987009832754
Iteration 86: R^2 = 0.977730158041, ICC = 0.988765405051
Iteration 87: R^2 = 0.974414719478, ICC = 0.987113856155
Iteration 88: R^2 = 0.973898299097, ICC = 0.987011256869
Iteration 89: R^2 = 0.978423401956, ICC = 0.988947956253
Iteration 90: R^2 = 0.973681103425, ICC = 0.987056381364
Iteration 91: R^2 = 0.978713822234, ICC = 0.98937640522
Iteration 92: R^2 = 0.971731172461, ICC = 0.986367096513
Iteration 93: R^2 = 0.965307177105, ICC = 0.982528905837
Iteration 94: R^2 = 0.969011531765, ICC = 0.984441901279
Iteration 95: R^2 = 0.915526990488, ICC = 0.961053332166
Iteration 96: R^2 = 0.968976175222, ICC = 0.984978584137
Iteration 97: R^2 = 0.962932763023, ICC = 0.981059822905
Iteration 98: R^2 = 0.961142093035, ICC = 0.980514680417
Iteration 99: R^2 = 0.932793759338, ICC = 0.965442826762
R Squared list shape: (100,)
ICC list shape: (100,)
