Running abide_motion_wrapper_JAL.py
Fri Sep 23 12:26:04 EDT 2016
Iteration 0: R^2 = 0.958876728504, ICC = 0.979964138742
Iteration 1: R^2 = 0.975910346984, ICC = 0.987770481249
Iteration 2: R^2 = 0.977754251274, ICC = 0.988736691153
Iteration 3: R^2 = 0.93589091213, ICC = 0.969222600953
Iteration 4: R^2 = 0.977275637144, ICC = 0.988322255532
Iteration 5: R^2 = 0.973411962233, ICC = 0.986430364469
Iteration 6: R^2 = 0.979181471005, ICC = 0.989363436632
Iteration 7: R^2 = 0.97894229948, ICC = 0.989405098792
Iteration 8: R^2 = 0.976189736618, ICC = 0.988024107526
Iteration 9: R^2 = 0.978735646254, ICC = 0.989345534232
Iteration 10: R^2 = 0.976183290564, ICC = 0.987957695816
Iteration 11: R^2 = 0.977568232401, ICC = 0.988723210117
Iteration 12: R^2 = 0.981782011542, ICC = 0.990790596488
Iteration 13: R^2 = 0.977246667086, ICC = 0.988559726437
Iteration 14: R^2 = 0.969374539904, ICC = 0.984823793111
Iteration 15: R^2 = 0.977991001128, ICC = 0.989177709717
Iteration 16: R^2 = 0.971077582673, ICC = 0.985482312611
Iteration 17: R^2 = 0.975304229042, ICC = 0.98767376443
Iteration 18: R^2 = 0.975684910808, ICC = 0.987676902966
Iteration 19: R^2 = 0.945988868781, ICC = 0.971766592631
Iteration 20: R^2 = 0.966517728416, ICC = 0.983042369343
Iteration 21: R^2 = 0.967511629877, ICC = 0.98406451393
Iteration 22: R^2 = 0.976896507116, ICC = 0.988429052481
Iteration 23: R^2 = 0.951308811624, ICC = 0.974839688294
Iteration 24: R^2 = 0.97952186036, ICC = 0.989767182139
Iteration 25: R^2 = 0.955945176661, ICC = 0.978224882369
Iteration 26: R^2 = 0.973779728742, ICC = 0.987106867754
Iteration 27: R^2 = 0.976171804783, ICC = 0.988272671286
Iteration 28: R^2 = 0.967503098851, ICC = 0.983645256936
Iteration 29: R^2 = 0.976900529631, ICC = 0.988478536267
Iteration 30: R^2 = 0.971866274878, ICC = 0.986296647523
Iteration 31: R^2 = 0.977765314506, ICC = 0.989209591864
Iteration 32: R^2 = 0.979705024561, ICC = 0.989830305181
Iteration 33: R^2 = 0.972920389912, ICC = 0.986219349709
Iteration 34: R^2 = 0.971853342341, ICC = 0.985817315482
Iteration 35: R^2 = 0.960471153604, ICC = 0.980806247049
Iteration 36: R^2 = 0.954733639542, ICC = 0.977463383744
Iteration 37: R^2 = 0.97435910561, ICC = 0.987212864342
Iteration 38: R^2 = 0.966321453642, ICC = 0.983459829451
Iteration 39: R^2 = 0.974156466795, ICC = 0.98727836005
Iteration 40: R^2 = 0.973980732933, ICC = 0.987118155213
Iteration 41: R^2 = 0.976064619348, ICC = 0.988126746461
Iteration 42: R^2 = 0.967858934779, ICC = 0.984487355931
Iteration 43: R^2 = 0.974235237449, ICC = 0.987272904688
Iteration 44: R^2 = 0.967923225311, ICC = 0.984295887177
Iteration 45: R^2 = 0.977252479322, ICC = 0.988777594595
Iteration 46: R^2 = 0.975139249867, ICC = 0.987377702629
Iteration 47: R^2 = 0.978307528497, ICC = 0.989145098231
Iteration 48: R^2 = 0.979193400661, ICC = 0.989650061619
Iteration 49: R^2 = 0.977562390728, ICC = 0.988779804672
Iteration 50: R^2 = 0.939714251536, ICC = 0.970203199757
Iteration 51: R^2 = 0.97889154821, ICC = 0.989371807493
Iteration 52: R^2 = 0.970434831136, ICC = 0.985354822217
Iteration 53: R^2 = 0.971035956887, ICC = 0.985475678328
Iteration 54: R^2 = 0.981885026791, ICC = 0.990873627113
Iteration 55: R^2 = 0.959875896369, ICC = 0.980619216605
Iteration 56: R^2 = 0.964833846538, ICC = 0.98243592076
Iteration 57: R^2 = 0.97577595099, ICC = 0.988168924022
Iteration 58: R^2 = 0.956613120477, ICC = 0.978172326279
Iteration 59: R^2 = 0.975964349904, ICC = 0.988043525735
Iteration 60: R^2 = 0.972999619879, ICC = 0.987085977564
Iteration 61: R^2 = 0.973560395684, ICC = 0.986747276377
Iteration 62: R^2 = 0.975116446157, ICC = 0.987642818932
Iteration 63: R^2 = 0.979888085901, ICC = 0.98974148692
Iteration 64: R^2 = 0.968226696079, ICC = 0.983963591634
Iteration 65: R^2 = 0.980652832127, ICC = 0.990234152231
Iteration 66: R^2 = 0.961516791021, ICC = 0.980431389749
Iteration 67: R^2 = 0.959399685479, ICC = 0.980445159559
Iteration 68: R^2 = 0.96789696166, ICC = 0.983838341813
Iteration 69: R^2 = 0.974979839261, ICC = 0.987788820483
Iteration 70: R^2 = 0.975463414459, ICC = 0.987298058514
Iteration 71: R^2 = 0.911090385685, ICC = 0.957715410735
Iteration 72: R^2 = 0.976773848129, ICC = 0.9884893105
Iteration 73: R^2 = 0.959501783985, ICC = 0.980214135468
Iteration 74: R^2 = 0.963222827974, ICC = 0.981300239655
Iteration 75: R^2 = 0.961953399693, ICC = 0.980948161526
Iteration 76: R^2 = 0.968972218832, ICC = 0.984879197561
Iteration 77: R^2 = 0.967367890237, ICC = 0.984426776546
Iteration 78: R^2 = 0.977874453246, ICC = 0.989124355608
Iteration 79: R^2 = 0.974968126941, ICC = 0.987419033024
Iteration 80: R^2 = 0.972363055077, ICC = 0.98577973888
Iteration 81: R^2 = 0.941103053818, ICC = 0.972334424805
Iteration 82: R^2 = 0.965089696381, ICC = 0.982179240413
Iteration 83: R^2 = 0.974912269627, ICC = 0.987612319632
Iteration 84: R^2 = 0.973578450849, ICC = 0.98697478812
Iteration 85: R^2 = 0.972840898113, ICC = 0.98610374237
Iteration 86: R^2 = 0.942911046323, ICC = 0.970700015128
Iteration 87: R^2 = 0.972886771752, ICC = 0.986354373723
Iteration 88: R^2 = 0.95800495215, ICC = 0.97970954218
Iteration 89: R^2 = 0.977784673076, ICC = 0.988918562618
Iteration 90: R^2 = 0.97620028257, ICC = 0.988239574412
Iteration 91: R^2 = 0.974015985296, ICC = 0.986845701143
Iteration 92: R^2 = 0.974024763993, ICC = 0.986609717895
Iteration 93: R^2 = 0.972359759619, ICC = 0.985960343593
Iteration 94: R^2 = 0.956745277779, ICC = 0.977353651859
Iteration 95: R^2 = 0.973392355846, ICC = 0.986879780607
Iteration 96: R^2 = 0.978722878718, ICC = 0.989144990852
Iteration 97: R^2 = 0.966143086803, ICC = 0.982856153469
Iteration 98: R^2 = 0.979455625866, ICC = 0.989504805896
Iteration 99: R^2 = 0.97335796702, ICC = 0.986127991166
R Squared list shape: (100,)
ICC list shape: (100,)
