Running abide_motion_wrapper_JAL.py
Fri Sep 23 12:27:42 EDT 2016
Iteration 0: R^2 = 0.960530661748, ICC = 0.980450345427
Iteration 1: R^2 = 0.939699200696, ICC = 0.969535969124
Iteration 2: R^2 = 0.942429047101, ICC = 0.970928473661
Iteration 3: R^2 = 0.947845984108, ICC = 0.973425948561
Iteration 4: R^2 = 0.937930372911, ICC = 0.969000609455
Iteration 5: R^2 = 0.906832279988, ICC = 0.955786813858
Iteration 6: R^2 = 0.890962202155, ICC = 0.947633623343
Iteration 7: R^2 = 0.948532965696, ICC = 0.973945112612
Iteration 8: R^2 = 0.913316348368, ICC = 0.957843481973
Iteration 9: R^2 = 0.926430920262, ICC = 0.961568420274
Iteration 10: R^2 = 0.879123655905, ICC = 0.942440956227
Iteration 11: R^2 = 0.955683564602, ICC = 0.977618967604
Iteration 12: R^2 = 0.958562009919, ICC = 0.979625303592
Iteration 13: R^2 = 0.952193901623, ICC = 0.975868534251
Iteration 14: R^2 = 0.929816107547, ICC = 0.965028746325
Iteration 15: R^2 = 0.948514378977, ICC = 0.972929059978
Iteration 16: R^2 = 0.955207857109, ICC = 0.97662257346
Iteration 17: R^2 = 0.948700033442, ICC = 0.974954256064
Iteration 18: R^2 = 0.95481487295, ICC = 0.977506454267
Iteration 19: R^2 = 0.96024326089, ICC = 0.980034736428
Iteration 20: R^2 = 0.895499225455, ICC = 0.950432510394
Iteration 21: R^2 = 0.951227493102, ICC = 0.975591130977
Iteration 22: R^2 = 0.950719968339, ICC = 0.974741810318
Iteration 23: R^2 = 0.953580018163, ICC = 0.977519220216
Iteration 24: R^2 = 0.918936422584, ICC = 0.959004015967
Iteration 25: R^2 = 0.958969639297, ICC = 0.979745719668
Iteration 26: R^2 = 0.962389906907, ICC = 0.980447665357
Iteration 27: R^2 = 0.890898568456, ICC = 0.943713350346
Iteration 28: R^2 = 0.836063372482, ICC = 0.922728077509
Iteration 29: R^2 = 0.954295647307, ICC = 0.977441527643
Iteration 30: R^2 = 0.954269742914, ICC = 0.977843563353
Iteration 31: R^2 = 0.957265933363, ICC = 0.978540060464
Iteration 32: R^2 = 0.941474034649, ICC = 0.970381534547
Iteration 33: R^2 = 0.96050215687, ICC = 0.980261352341
Iteration 34: R^2 = 0.936951705083, ICC = 0.968175443583
Iteration 35: R^2 = 0.956372748881, ICC = 0.978146042191
Iteration 36: R^2 = 0.94816955646, ICC = 0.973238222835
Iteration 37: R^2 = 0.951959120597, ICC = 0.975394060567
Iteration 38: R^2 = 0.923171633577, ICC = 0.963098832973
Iteration 39: R^2 = 0.933510360589, ICC = 0.966601382311
Iteration 40: R^2 = 0.906581967294, ICC = 0.954777384465
Iteration 41: R^2 = 0.951812854163, ICC = 0.976664443761
Iteration 42: R^2 = 0.937690108553, ICC = 0.97084209052
Iteration 43: R^2 = 0.92507855006, ICC = 0.962294294852
Iteration 44: R^2 = 0.951060437984, ICC = 0.975341742487
Iteration 45: R^2 = 0.91856193891, ICC = 0.956955002631
Iteration 46: R^2 = 0.947472552369, ICC = 0.974431448817
Iteration 47: R^2 = 0.952361108512, ICC = 0.976951780445
Iteration 48: R^2 = 0.928182396431, ICC = 0.964360512594
Iteration 49: R^2 = 0.955176335752, ICC = 0.977478339027
Iteration 50: R^2 = 0.903970596443, ICC = 0.953150492515
Iteration 51: R^2 = 0.962231297728, ICC = 0.980867085242
Iteration 52: R^2 = 0.949605179606, ICC = 0.974100087715
Iteration 53: R^2 = 0.939401732417, ICC = 0.970241479112
Iteration 54: R^2 = 0.960629109491, ICC = 0.980261173545
Iteration 55: R^2 = 0.927451520935, ICC = 0.96510448886
Iteration 56: R^2 = 0.952505604751, ICC = 0.976842203711
Iteration 57: R^2 = 0.917182357935, ICC = 0.958361107569
Iteration 58: R^2 = 0.952473504747, ICC = 0.976438087834
Iteration 59: R^2 = 0.926136470888, ICC = 0.964873159616
Iteration 60: R^2 = 0.929701375629, ICC = 0.963282688217
Iteration 61: R^2 = 0.958522224678, ICC = 0.979625048421
Iteration 62: R^2 = 0.943290119515, ICC = 0.972044331959
Iteration 63: R^2 = 0.959565438975, ICC = 0.979656221138
Iteration 64: R^2 = 0.890052131902, ICC = 0.948047818046
Iteration 65: R^2 = 0.943751440735, ICC = 0.971537599785
Iteration 66: R^2 = 0.963923518073, ICC = 0.981571946025
Iteration 67: R^2 = 0.95578470132, ICC = 0.977598690583
Iteration 68: R^2 = 0.937316634059, ICC = 0.968368374301
Iteration 69: R^2 = 0.923882660363, ICC = 0.960990806057
Iteration 70: R^2 = 0.964083599538, ICC = 0.981674959388
Iteration 71: R^2 = 0.940107120229, ICC = 0.970423267298
Iteration 72: R^2 = 0.954740599585, ICC = 0.978071696642
Iteration 73: R^2 = 0.954558591085, ICC = 0.977577626049
Iteration 74: R^2 = 0.951254272965, ICC = 0.976394614249
Iteration 75: R^2 = 0.933084837517, ICC = 0.966749937129
Iteration 76: R^2 = 0.945871772927, ICC = 0.972323575514
Iteration 77: R^2 = 0.94694050425, ICC = 0.974170451659
Iteration 78: R^2 = 0.940557625232, ICC = 0.970518800522
Iteration 79: R^2 = 0.930889985421, ICC = 0.966984026504
Iteration 80: R^2 = 0.901419712769, ICC = 0.954131070127
Iteration 81: R^2 = 0.942676130916, ICC = 0.97269517635
Iteration 82: R^2 = 0.940970664428, ICC = 0.971456533219
Iteration 83: R^2 = 0.954052936021, ICC = 0.977868169495
Iteration 84: R^2 = 0.940480266147, ICC = 0.971291171132
Iteration 85: R^2 = 0.920128886905, ICC = 0.958631558195
Iteration 86: R^2 = 0.945141480897, ICC = 0.973540756132
Iteration 87: R^2 = 0.946832654435, ICC = 0.973145755183
Iteration 88: R^2 = 0.945758619638, ICC = 0.972392572105
Iteration 89: R^2 = 0.948639308235, ICC = 0.972846058253
Iteration 90: R^2 = 0.960989605209, ICC = 0.980843716692
Iteration 91: R^2 = 0.930145496163, ICC = 0.965088778055
Iteration 92: R^2 = 0.919635795055, ICC = 0.962118018909
Iteration 93: R^2 = 0.949374141071, ICC = 0.97435109606
Iteration 94: R^2 = 0.957659060097, ICC = 0.978810833783
Iteration 95: R^2 = 0.94958758569, ICC = 0.975093918306
Iteration 96: R^2 = 0.95314365837, ICC = 0.976695109352
Iteration 97: R^2 = 0.949983032619, ICC = 0.974973204075
Iteration 98: R^2 = 0.961483261226, ICC = 0.981495256657
Iteration 99: R^2 = 0.941545593983, ICC = 0.971979325623
R Squared list shape: (100,)
ICC list shape: (100,)
