Running abide_motion_wrapper_JAL.py
Fri Sep 23 12:27:42 EDT 2016
Iteration 0: R^2 = 0.753043004655, ICC = 0.870385870678
Iteration 1: R^2 = 0.740962084751, ICC = 0.867723026398
Iteration 2: R^2 = 0.790500320608, ICC = 0.886379619888
Iteration 3: R^2 = 0.746746055424, ICC = 0.874010910308
Iteration 4: R^2 = 0.643981663604, ICC = 0.846134763906
Iteration 5: R^2 = 0.749738770253, ICC = 0.872325306974
Iteration 6: R^2 = 0.724618034318, ICC = 0.873074858933
Iteration 7: R^2 = 0.717944457307, ICC = 0.850399666277
Iteration 8: R^2 = 0.639119675934, ICC = 0.829592893128
Iteration 9: R^2 = 0.609096688868, ICC = 0.822827977077
Iteration 10: R^2 = 0.679848213804, ICC = 0.826755512014
Iteration 11: R^2 = 0.689060562808, ICC = 0.834946547262
Iteration 12: R^2 = 0.757824310476, ICC = 0.877134795008
Iteration 13: R^2 = 0.777882339253, ICC = 0.883390330545
Iteration 14: R^2 = 0.775881596388, ICC = 0.885198609506
Iteration 15: R^2 = 0.736313513824, ICC = 0.881194990899
Iteration 16: R^2 = 0.773466819622, ICC = 0.8752781938
Iteration 17: R^2 = 0.816914141029, ICC = 0.901905420104
Iteration 18: R^2 = 0.819008344495, ICC = 0.90466108251
Iteration 19: R^2 = 0.74613816664, ICC = 0.869463994333
Iteration 20: R^2 = 0.767661494149, ICC = 0.885947699361
Iteration 21: R^2 = 0.725149896404, ICC = 0.872886032821
Iteration 22: R^2 = 0.743346592556, ICC = 0.876955066012
Iteration 23: R^2 = 0.739034731729, ICC = 0.870336342257
Iteration 24: R^2 = 0.77329959209, ICC = 0.894861171599
Iteration 25: R^2 = 0.765803719649, ICC = 0.875229143528
Iteration 26: R^2 = 0.793501027271, ICC = 0.892915071046
Iteration 27: R^2 = 0.758716237781, ICC = 0.870740034822
Iteration 28: R^2 = 0.71207850641, ICC = 0.861303438564
Iteration 29: R^2 = 0.336293990125, ICC = 0.71733972631
Iteration 30: R^2 = 0.752406860761, ICC = 0.872859391033
Iteration 31: R^2 = 0.710803019607, ICC = 0.86292838759
Iteration 32: R^2 = 0.764189544041, ICC = 0.887695886651
Iteration 33: R^2 = 0.798384138896, ICC = 0.899116017957
Iteration 34: R^2 = 0.655371954723, ICC = 0.845500727876
Iteration 35: R^2 = 0.751708416084, ICC = 0.878512715118
Iteration 36: R^2 = 0.721920783351, ICC = 0.862959778903
Iteration 37: R^2 = 0.692843682224, ICC = 0.848797959962
Iteration 38: R^2 = 0.586574668664, ICC = 0.812313151996
Iteration 39: R^2 = 0.786769359152, ICC = 0.886269603733
Iteration 40: R^2 = 0.767928558932, ICC = 0.871911792383
Iteration 41: R^2 = 0.760980219688, ICC = 0.882635679239
Iteration 42: R^2 = 0.726860464098, ICC = 0.866951201747
Iteration 43: R^2 = 0.717954920803, ICC = 0.86543457178
Iteration 44: R^2 = 0.823355703026, ICC = 0.911934157034
Iteration 45: R^2 = 0.779160231272, ICC = 0.888570767759
Iteration 46: R^2 = 0.737314551102, ICC = 0.872313735232
Iteration 47: R^2 = 0.815250408207, ICC = 0.906161637397
Iteration 48: R^2 = 0.570484357385, ICC = 0.806511713876
Iteration 49: R^2 = 0.537782999149, ICC = 0.763769170388
Iteration 50: R^2 = 0.747251673681, ICC = 0.866529151436
Iteration 51: R^2 = 0.702490546117, ICC = 0.854481372436
Iteration 52: R^2 = 0.794674279622, ICC = 0.891805151616
Iteration 53: R^2 = 0.754541739031, ICC = 0.874535183668
Iteration 54: R^2 = 0.718087959866, ICC = 0.862784331846
Iteration 55: R^2 = 0.773461685866, ICC = 0.891087726153
Iteration 56: R^2 = 0.724591672236, ICC = 0.866266386735
Iteration 57: R^2 = 0.702333043694, ICC = 0.859152149413
Iteration 58: R^2 = 0.692583515678, ICC = 0.853864374881
Iteration 59: R^2 = 0.748117512121, ICC = 0.876870115174
Iteration 60: R^2 = 0.71676159447, ICC = 0.854562909889
Iteration 61: R^2 = 0.756381966709, ICC = 0.875909829466
Iteration 62: R^2 = 0.598583370851, ICC = 0.798463216564
Iteration 63: R^2 = 0.69638825236, ICC = 0.862411566351
Iteration 64: R^2 = 0.783361566964, ICC = 0.884142157794
Iteration 65: R^2 = 0.77774477346, ICC = 0.893803045304
Iteration 66: R^2 = 0.742278177802, ICC = 0.865725308387
Iteration 67: R^2 = 0.717378274511, ICC = 0.860470605847
Iteration 68: R^2 = 0.730667272717, ICC = 0.854761625448
Iteration 69: R^2 = 0.757854483798, ICC = 0.872086866831
Iteration 70: R^2 = 0.618797847567, ICC = 0.802346900027
Iteration 71: R^2 = 0.767505080904, ICC = 0.880729310474
Iteration 72: R^2 = 0.840708699976, ICC = 0.920505778237
Iteration 73: R^2 = 0.799502973344, ICC = 0.89437538582
Iteration 74: R^2 = 0.731647369451, ICC = 0.861806131589
Iteration 75: R^2 = 0.769413517662, ICC = 0.878917429079
Iteration 76: R^2 = 0.69732041949, ICC = 0.856448378721
Iteration 77: R^2 = 0.704559154626, ICC = 0.869637217249
Iteration 78: R^2 = 0.729483676409, ICC = 0.849609872464
Iteration 79: R^2 = 0.675131743974, ICC = 0.838619871528
Iteration 80: R^2 = 0.466646987866, ICC = 0.738302242643
Iteration 81: R^2 = 0.7530799701, ICC = 0.887356796685
Iteration 82: R^2 = 0.799411055685, ICC = 0.899798347013
Iteration 83: R^2 = 0.648491825298, ICC = 0.836145639512
Iteration 84: R^2 = 0.796457125304, ICC = 0.895529898524
Iteration 85: R^2 = 0.729589968991, ICC = 0.869089480973
Iteration 86: R^2 = 0.594483791742, ICC = 0.793333845554
Iteration 87: R^2 = 0.782791874592, ICC = 0.889977568257
Iteration 88: R^2 = 0.750747432117, ICC = 0.8581894554
Iteration 89: R^2 = 0.762773913831, ICC = 0.879459323521
Iteration 90: R^2 = 0.732223284808, ICC = 0.870642058249
Iteration 91: R^2 = 0.692335487554, ICC = 0.859234653828
Iteration 92: R^2 = 0.75828455449, ICC = 0.881413405361
Iteration 93: R^2 = 0.691351406798, ICC = 0.843013458058
Iteration 94: R^2 = 0.785552674014, ICC = 0.891354034047
Iteration 95: R^2 = 0.766803306382, ICC = 0.882089104683
Iteration 96: R^2 = 0.783210682607, ICC = 0.890777490429
Iteration 97: R^2 = 0.784904269361, ICC = 0.897219770541
Iteration 98: R^2 = 0.625577293262, ICC = 0.81372918746
Iteration 99: R^2 = 0.774565620081, ICC = 0.876004395797
R Squared list shape: (100,)
ICC list shape: (100,)
