Running abide_motion_wrapper_JAL.py
Fri Sep 23 12:24:00 EDT 2016
Iteration 0: R^2 = 0.964975102946, ICC = 0.982758023165
Iteration 1: R^2 = 0.938620474169, ICC = 0.969629132695
Iteration 2: R^2 = 0.960508267921, ICC = 0.979809697045
Iteration 3: R^2 = 0.957502518447, ICC = 0.978758115432
Iteration 4: R^2 = 0.95753403706, ICC = 0.978011525637
Iteration 5: R^2 = 0.954239486534, ICC = 0.976197939087
Iteration 6: R^2 = 0.955408876587, ICC = 0.977143838187
Iteration 7: R^2 = 0.963337120222, ICC = 0.981856611164
Iteration 8: R^2 = 0.954380895504, ICC = 0.977262082228
Iteration 9: R^2 = 0.962794770576, ICC = 0.981194889402
Iteration 10: R^2 = 0.949510315793, ICC = 0.973802866387
Iteration 11: R^2 = 0.949714786698, ICC = 0.974175662188
Iteration 12: R^2 = 0.965099943632, ICC = 0.982855731233
Iteration 13: R^2 = 0.951017957301, ICC = 0.975034168248
Iteration 14: R^2 = 0.949096764199, ICC = 0.974308441945
Iteration 15: R^2 = 0.967955792756, ICC = 0.984089240302
Iteration 16: R^2 = 0.964558976714, ICC = 0.982530173055
Iteration 17: R^2 = 0.954812873604, ICC = 0.977912963248
Iteration 18: R^2 = 0.960955909295, ICC = 0.979610585335
Iteration 19: R^2 = 0.957333839523, ICC = 0.978491366061
Iteration 20: R^2 = 0.95993793205, ICC = 0.979497466224
Iteration 21: R^2 = 0.954776072364, ICC = 0.978127249718
Iteration 22: R^2 = 0.952224469059, ICC = 0.975625121408
Iteration 23: R^2 = 0.964258986875, ICC = 0.982508355154
Iteration 24: R^2 = 0.954258958855, ICC = 0.977410928549
Iteration 25: R^2 = 0.950036095778, ICC = 0.975692429571
Iteration 26: R^2 = 0.952689868217, ICC = 0.976391948235
Iteration 27: R^2 = 0.956633034226, ICC = 0.977973265119
Iteration 28: R^2 = 0.931604938906, ICC = 0.964711316179
Iteration 29: R^2 = 0.940764099535, ICC = 0.970903743675
Iteration 30: R^2 = 0.954065987658, ICC = 0.976342171234
Iteration 31: R^2 = 0.948499802547, ICC = 0.975488090587
Iteration 32: R^2 = 0.946683751369, ICC = 0.973036011798
Iteration 33: R^2 = 0.950154570675, ICC = 0.975230974007
Iteration 34: R^2 = 0.950118303005, ICC = 0.975501272384
Iteration 35: R^2 = 0.962896608568, ICC = 0.981977325058
Iteration 36: R^2 = 0.933494524316, ICC = 0.968192491425
Iteration 37: R^2 = 0.945748364462, ICC = 0.97206039925
Iteration 38: R^2 = 0.95849253044, ICC = 0.978369534309
Iteration 39: R^2 = 0.954798547858, ICC = 0.978449944203
Iteration 40: R^2 = 0.910548815298, ICC = 0.956505724441
Iteration 41: R^2 = 0.965945621009, ICC = 0.983173731447
Iteration 42: R^2 = 0.964583208597, ICC = 0.982249570823
Iteration 43: R^2 = 0.966415750815, ICC = 0.982606533593
Iteration 44: R^2 = 0.954188382712, ICC = 0.977187114754
Iteration 45: R^2 = 0.956595544452, ICC = 0.978229709824
Iteration 46: R^2 = 0.955738762753, ICC = 0.97819476638
Iteration 47: R^2 = 0.940729530736, ICC = 0.971862969749
Iteration 48: R^2 = 0.959281715992, ICC = 0.980341027147
Iteration 49: R^2 = 0.916480635393, ICC = 0.956069516468
Iteration 50: R^2 = 0.952012758562, ICC = 0.975810696973
Iteration 51: R^2 = 0.926394737772, ICC = 0.964319805157
Iteration 52: R^2 = 0.959440909863, ICC = 0.97964101821
Iteration 53: R^2 = 0.940154269201, ICC = 0.972067793371
Iteration 54: R^2 = 0.940604702581, ICC = 0.969566595642
Iteration 55: R^2 = 0.959315889, ICC = 0.980128322198
Iteration 56: R^2 = 0.957129424338, ICC = 0.978736823067
Iteration 57: R^2 = 0.949543475615, ICC = 0.975597933182
Iteration 58: R^2 = 0.958173773799, ICC = 0.979465864756
Iteration 59: R^2 = 0.947887165001, ICC = 0.973454152384
Iteration 60: R^2 = 0.890922940353, ICC = 0.946832506365
Iteration 61: R^2 = 0.963198428949, ICC = 0.981211309194
Iteration 62: R^2 = 0.949904333393, ICC = 0.97460824557
Iteration 63: R^2 = 0.965115780767, ICC = 0.982678412737
Iteration 64: R^2 = 0.957826719964, ICC = 0.978328809223
Iteration 65: R^2 = 0.958253027092, ICC = 0.978922697965
Iteration 66: R^2 = 0.965531466518, ICC = 0.982650596469
Iteration 67: R^2 = 0.959542581106, ICC = 0.979779152662
Iteration 68: R^2 = 0.948741954233, ICC = 0.974966908191
Iteration 69: R^2 = 0.966120195081, ICC = 0.983706698485
Iteration 70: R^2 = 0.95743894542, ICC = 0.978754466564
Iteration 71: R^2 = 0.963228815908, ICC = 0.982236063588
Iteration 72: R^2 = 0.944056002347, ICC = 0.972519394243
Iteration 73: R^2 = 0.948333344004, ICC = 0.97491542097
Iteration 74: R^2 = 0.959580536935, ICC = 0.980043154915
Iteration 75: R^2 = 0.970824868664, ICC = 0.985285858397
Iteration 76: R^2 = 0.96203340175, ICC = 0.981245854735
Iteration 77: R^2 = 0.934911366296, ICC = 0.965758351145
Iteration 78: R^2 = 0.937342624134, ICC = 0.9681881592
Iteration 79: R^2 = 0.907593715149, ICC = 0.953026427381
Iteration 80: R^2 = 0.957788422675, ICC = 0.978810457748
Iteration 81: R^2 = 0.963755159325, ICC = 0.982356428604
Iteration 82: R^2 = 0.963539619616, ICC = 0.981744062117
Iteration 83: R^2 = 0.957352279937, ICC = 0.978560594838
Iteration 84: R^2 = 0.958534213998, ICC = 0.979800366926
Iteration 85: R^2 = 0.967271770436, ICC = 0.983520081514
Iteration 86: R^2 = 0.962093143869, ICC = 0.980410267463
Iteration 87: R^2 = 0.904860269758, ICC = 0.953298424391
Iteration 88: R^2 = 0.951866992296, ICC = 0.976764573796
Iteration 89: R^2 = 0.958515498981, ICC = 0.979400188672
Iteration 90: R^2 = 0.945909681604, ICC = 0.973537656314
Iteration 91: R^2 = 0.947096486333, ICC = 0.973765299662
Iteration 92: R^2 = 0.959012768664, ICC = 0.979242986867
Iteration 93: R^2 = 0.955851876851, ICC = 0.97825521894
Iteration 94: R^2 = 0.930168594595, ICC = 0.965801444392
Iteration 95: R^2 = 0.92736231622, ICC = 0.965462419429
Iteration 96: R^2 = 0.955064619264, ICC = 0.97858999203
Iteration 97: R^2 = 0.957575118333, ICC = 0.978605963475
Iteration 98: R^2 = 0.948721753259, ICC = 0.975621303209
Iteration 99: R^2 = 0.955345727275, ICC = 0.977995356376
R Squared list shape: (100,)
ICC list shape: (100,)
