Running abide_motion_wrapper_JAL.py
Fri Sep 23 12:26:04 EDT 2016
Iteration 0: R^2 = 0.959218184855, ICC = 0.979254072602
Iteration 1: R^2 = 0.948043920589, ICC = 0.974325521221
Iteration 2: R^2 = 0.952059679268, ICC = 0.975949729325
Iteration 3: R^2 = 0.963458253812, ICC = 0.981854793719
Iteration 4: R^2 = 0.907652995439, ICC = 0.955735145769
Iteration 5: R^2 = 0.952755890182, ICC = 0.976496308428
Iteration 6: R^2 = 0.964112614478, ICC = 0.981728573103
Iteration 7: R^2 = 0.944077088136, ICC = 0.971145055213
Iteration 8: R^2 = 0.958526384689, ICC = 0.979110060327
Iteration 9: R^2 = 0.95944204187, ICC = 0.980175187066
Iteration 10: R^2 = 0.972491905146, ICC = 0.986464064367
Iteration 11: R^2 = 0.928098345963, ICC = 0.964204006283
Iteration 12: R^2 = 0.960876031687, ICC = 0.979854907522
Iteration 13: R^2 = 0.965297293406, ICC = 0.982630010954
Iteration 14: R^2 = 0.960777486765, ICC = 0.979722102796
Iteration 15: R^2 = 0.96223582569, ICC = 0.981217357363
Iteration 16: R^2 = 0.961188540992, ICC = 0.981112355034
Iteration 17: R^2 = 0.963075920179, ICC = 0.981561733156
Iteration 18: R^2 = 0.931521751574, ICC = 0.966681666118
Iteration 19: R^2 = 0.962219569474, ICC = 0.980677323232
Iteration 20: R^2 = 0.941851302976, ICC = 0.970967746821
Iteration 21: R^2 = 0.926841763204, ICC = 0.964166135472
Iteration 22: R^2 = 0.963094858001, ICC = 0.981900714543
Iteration 23: R^2 = 0.950411103539, ICC = 0.97492014778
Iteration 24: R^2 = 0.958699582015, ICC = 0.980028100022
Iteration 25: R^2 = 0.957903204202, ICC = 0.97874488489
Iteration 26: R^2 = 0.951263873428, ICC = 0.975607909421
Iteration 27: R^2 = 0.962219805604, ICC = 0.98090386019
Iteration 28: R^2 = 0.957271914604, ICC = 0.978530364107
Iteration 29: R^2 = 0.949911550323, ICC = 0.975757370423
Iteration 30: R^2 = 0.952162517054, ICC = 0.975889326036
Iteration 31: R^2 = 0.960415083567, ICC = 0.979636098928
Iteration 32: R^2 = 0.967392589762, ICC = 0.983315562122
Iteration 33: R^2 = 0.95037135791, ICC = 0.974971284914
Iteration 34: R^2 = 0.957967761429, ICC = 0.978757200985
Iteration 35: R^2 = 0.895409710804, ICC = 0.949429263748
Iteration 36: R^2 = 0.954799967705, ICC = 0.978020129237
Iteration 37: R^2 = 0.934126605653, ICC = 0.96715520614
Iteration 38: R^2 = 0.950805190593, ICC = 0.976047909737
Iteration 39: R^2 = 0.938114865638, ICC = 0.9689902897
Iteration 40: R^2 = 0.965977804875, ICC = 0.982346763823
Iteration 41: R^2 = 0.959295378969, ICC = 0.980251408593
Iteration 42: R^2 = 0.961180773464, ICC = 0.980832360725
Iteration 43: R^2 = 0.957056750153, ICC = 0.977973948587
Iteration 44: R^2 = 0.958720526747, ICC = 0.978812398816
Iteration 45: R^2 = 0.961739576729, ICC = 0.981189022939
Iteration 46: R^2 = 0.955887825225, ICC = 0.978055532276
Iteration 47: R^2 = 0.965994717879, ICC = 0.98269530779
Iteration 48: R^2 = 0.936569502261, ICC = 0.967924120285
Iteration 49: R^2 = 0.963293197772, ICC = 0.981526468982
Iteration 50: R^2 = 0.947821414394, ICC = 0.973366333625
Iteration 51: R^2 = 0.962009447543, ICC = 0.98092660067
Iteration 52: R^2 = 0.963296157521, ICC = 0.981405087295
Iteration 53: R^2 = 0.944262206565, ICC = 0.971746622945
Iteration 54: R^2 = 0.966805945656, ICC = 0.983476813762
Iteration 55: R^2 = 0.963787237945, ICC = 0.981757380908
Iteration 56: R^2 = 0.958227086421, ICC = 0.979222969966
Iteration 57: R^2 = 0.947237257053, ICC = 0.974729352644
Iteration 58: R^2 = 0.928393666209, ICC = 0.964961836838
Iteration 59: R^2 = 0.937725858469, ICC = 0.969475923883
Iteration 60: R^2 = 0.945502265217, ICC = 0.971958425242
Iteration 61: R^2 = 0.905238704418, ICC = 0.953493286505
Iteration 62: R^2 = 0.9610408484, ICC = 0.980762605179
Iteration 63: R^2 = 0.950770088527, ICC = 0.97624653744
Iteration 64: R^2 = 0.940109401992, ICC = 0.970334223918
Iteration 65: R^2 = 0.94347774649, ICC = 0.972472313312
Iteration 66: R^2 = 0.966633471272, ICC = 0.983871751426
Iteration 67: R^2 = 0.927888951393, ICC = 0.96392587043
Iteration 68: R^2 = 0.96215955278, ICC = 0.981062865228
Iteration 69: R^2 = 0.891303793093, ICC = 0.948539683978
Iteration 70: R^2 = 0.930725870076, ICC = 0.966910483286
Iteration 71: R^2 = 0.965466082002, ICC = 0.982756271054
Iteration 72: R^2 = 0.966438776704, ICC = 0.983322500477
Iteration 73: R^2 = 0.887559276291, ICC = 0.945766301353
Iteration 74: R^2 = 0.952753570021, ICC = 0.976728638602
Iteration 75: R^2 = 0.965613876744, ICC = 0.982375538173
Iteration 76: R^2 = 0.950587919956, ICC = 0.974716927376
Iteration 77: R^2 = 0.925390400277, ICC = 0.962964201416
Iteration 78: R^2 = 0.945751050629, ICC = 0.973945287137
Iteration 79: R^2 = 0.937182906604, ICC = 0.969293725013
Iteration 80: R^2 = 0.897128429679, ICC = 0.952535301591
Iteration 81: R^2 = 0.958273004926, ICC = 0.979533998563
Iteration 82: R^2 = 0.967989830505, ICC = 0.984191109288
Iteration 83: R^2 = 0.961012068056, ICC = 0.980769034307
Iteration 84: R^2 = 0.939828864628, ICC = 0.971860256152
Iteration 85: R^2 = 0.890739455942, ICC = 0.949353111646
Iteration 86: R^2 = 0.908575109039, ICC = 0.957407522072
Iteration 87: R^2 = 0.948966359189, ICC = 0.974645172749
Iteration 88: R^2 = 0.944030000566, ICC = 0.97369680624
Iteration 89: R^2 = 0.955921564179, ICC = 0.977954067157
Iteration 90: R^2 = 0.875577538109, ICC = 0.936851374326
Iteration 91: R^2 = 0.965305914144, ICC = 0.982535121193
Iteration 92: R^2 = 0.955733928439, ICC = 0.978760354869
Iteration 93: R^2 = 0.953536929282, ICC = 0.97623300383
Iteration 94: R^2 = 0.94792123513, ICC = 0.975301662948
Iteration 95: R^2 = 0.952683853368, ICC = 0.977451894595
Iteration 96: R^2 = 0.936023254786, ICC = 0.96922595869
Iteration 97: R^2 = 0.945100585865, ICC = 0.973249054891
Iteration 98: R^2 = 0.935306395187, ICC = 0.967177772744
Iteration 99: R^2 = 0.955131207149, ICC = 0.978228696536
R Squared list shape: (100,)
ICC list shape: (100,)
