Running abide_motion_wrapper_JAL.py
Fri Sep 23 12:27:42 EDT 2016
Iteration 0: R^2 = 0.853259997591, ICC = 0.924426159438
Iteration 1: R^2 = 0.862141482677, ICC = 0.934461903464
Iteration 2: R^2 = 0.872201078677, ICC = 0.93252776795
Iteration 3: R^2 = 0.905247581862, ICC = 0.954442418357
Iteration 4: R^2 = 0.886527983343, ICC = 0.943800489678
Iteration 5: R^2 = 0.861612712206, ICC = 0.935938860644
Iteration 6: R^2 = 0.850592762435, ICC = 0.927016942145
Iteration 7: R^2 = 0.87251976282, ICC = 0.939001057862
Iteration 8: R^2 = 0.760534289734, ICC = 0.887148801075
Iteration 9: R^2 = 0.864351183221, ICC = 0.932829791077
Iteration 10: R^2 = 0.866116124989, ICC = 0.933080910414
Iteration 11: R^2 = 0.891867604153, ICC = 0.947431193507
Iteration 12: R^2 = 0.842464233796, ICC = 0.92683853194
Iteration 13: R^2 = 0.866326328781, ICC = 0.934736264565
Iteration 14: R^2 = 0.851544409219, ICC = 0.930194044284
Iteration 15: R^2 = 0.880288158447, ICC = 0.935358754302
Iteration 16: R^2 = 0.785831742308, ICC = 0.901431263227
Iteration 17: R^2 = 0.864842463099, ICC = 0.931837215789
Iteration 18: R^2 = 0.853305958303, ICC = 0.923659155506
Iteration 19: R^2 = 0.894039561074, ICC = 0.944588827069
Iteration 20: R^2 = 0.847885526575, ICC = 0.926412821252
Iteration 21: R^2 = 0.818095469858, ICC = 0.912485363661
Iteration 22: R^2 = 0.831636345489, ICC = 0.915338533299
Iteration 23: R^2 = 0.822801202668, ICC = 0.908358573981
Iteration 24: R^2 = 0.889841861213, ICC = 0.947663121396
Iteration 25: R^2 = 0.862481835013, ICC = 0.932785787931
Iteration 26: R^2 = 0.888707747866, ICC = 0.940883565207
Iteration 27: R^2 = 0.860641777732, ICC = 0.925173676712
Iteration 28: R^2 = 0.892799539501, ICC = 0.942390637562
Iteration 29: R^2 = 0.837241393755, ICC = 0.918533209443
Iteration 30: R^2 = 0.885215331493, ICC = 0.94300469278
Iteration 31: R^2 = 0.911712582442, ICC = 0.957019640946
Iteration 32: R^2 = 0.854937118259, ICC = 0.9330861363
Iteration 33: R^2 = 0.891744927116, ICC = 0.948115946548
Iteration 34: R^2 = 0.884196960504, ICC = 0.940629289357
Iteration 35: R^2 = 0.800970982602, ICC = 0.894506560992
Iteration 36: R^2 = 0.881964106267, ICC = 0.942439727299
Iteration 37: R^2 = 0.912519570823, ICC = 0.953463913123
Iteration 38: R^2 = 0.888938371729, ICC = 0.945590041834
Iteration 39: R^2 = 0.821576608609, ICC = 0.912099949391
Iteration 40: R^2 = 0.732233147811, ICC = 0.863400593366
Iteration 41: R^2 = 0.900251310805, ICC = 0.950682004065
Iteration 42: R^2 = 0.906955585368, ICC = 0.952233507325
Iteration 43: R^2 = 0.887055808798, ICC = 0.941525241681
Iteration 44: R^2 = 0.87376826792, ICC = 0.938621873346
Iteration 45: R^2 = 0.877548430225, ICC = 0.934487601768
Iteration 46: R^2 = 0.845327736531, ICC = 0.917430515014
Iteration 47: R^2 = 0.826794841882, ICC = 0.917519578875
Iteration 48: R^2 = 0.867749260556, ICC = 0.931435504811
Iteration 49: R^2 = 0.876675464538, ICC = 0.937111654312
Iteration 50: R^2 = 0.773496818937, ICC = 0.894740618295
Iteration 51: R^2 = 0.860707357076, ICC = 0.935819947253
Iteration 52: R^2 = 0.897322676106, ICC = 0.947397600931
Iteration 53: R^2 = 0.649162792728, ICC = 0.852938564425
Iteration 54: R^2 = 0.892861364908, ICC = 0.944488089972
Iteration 55: R^2 = 0.81353072554, ICC = 0.916641195048
Iteration 56: R^2 = 0.90967433732, ICC = 0.954343655049
Iteration 57: R^2 = 0.863452118283, ICC = 0.931323766496
Iteration 58: R^2 = 0.857644386836, ICC = 0.931194447522
Iteration 59: R^2 = 0.839278371766, ICC = 0.916665382672
Iteration 60: R^2 = 0.85938705985, ICC = 0.926230437512
Iteration 61: R^2 = 0.87199216777, ICC = 0.934210601608
Iteration 62: R^2 = 0.798439993681, ICC = 0.904569569708
Iteration 63: R^2 = 0.902247082186, ICC = 0.949259479223
Iteration 64: R^2 = 0.203990871662, ICC = 0.680511407783
Iteration 65: R^2 = 0.870906415596, ICC = 0.935465390749
Iteration 66: R^2 = 0.84091908911, ICC = 0.919309149351
Iteration 67: R^2 = 0.883022228774, ICC = 0.942973058402
Iteration 68: R^2 = 0.877884864831, ICC = 0.942166036313
Iteration 69: R^2 = 0.873547281461, ICC = 0.938337536326
Iteration 70: R^2 = 0.823165445137, ICC = 0.911885738671
Iteration 71: R^2 = 0.867971025691, ICC = 0.939332185879
Iteration 72: R^2 = 0.873481064208, ICC = 0.937253374537
Iteration 73: R^2 = 0.900207793255, ICC = 0.949423371656
Iteration 74: R^2 = 0.888099030798, ICC = 0.942296615139
Iteration 75: R^2 = 0.733576344249, ICC = 0.879034892647
Iteration 76: R^2 = 0.874752563488, ICC = 0.940136094154
Iteration 77: R^2 = 0.887504871168, ICC = 0.942636019025
Iteration 78: R^2 = 0.82823737774, ICC = 0.920595191373
Iteration 79: R^2 = 0.80565132963, ICC = 0.904169470345
Iteration 80: R^2 = 0.803236699578, ICC = 0.899351172674
Iteration 81: R^2 = 0.775120474869, ICC = 0.895979086768
Iteration 82: R^2 = 0.6157289098, ICC = 0.822468663514
Iteration 83: R^2 = 0.80230153039, ICC = 0.91134859499
Iteration 84: R^2 = 0.839279968599, ICC = 0.914555367757
Iteration 85: R^2 = 0.877959684938, ICC = 0.938611975045
Iteration 86: R^2 = 0.854227940656, ICC = 0.929509176787
Iteration 87: R^2 = 0.752081710082, ICC = 0.877354786118
Iteration 88: R^2 = 0.783546658415, ICC = 0.895695009279
Iteration 89: R^2 = 0.863712250628, ICC = 0.927295804555
Iteration 90: R^2 = 0.83286892969, ICC = 0.913844423144
Iteration 91: R^2 = 0.84435975565, ICC = 0.921641679049
Iteration 92: R^2 = 0.895959213585, ICC = 0.949785582958
Iteration 93: R^2 = 0.72233707846, ICC = 0.876742872177
Iteration 94: R^2 = 0.845526605174, ICC = 0.92569630103
Iteration 95: R^2 = 0.873124555436, ICC = 0.939295762487
Iteration 96: R^2 = 0.777066977429, ICC = 0.894391785585
Iteration 97: R^2 = 0.855886415263, ICC = 0.926351673633
Iteration 98: R^2 = 0.565477925147, ICC = 0.79544887801
Iteration 99: R^2 = 0.882480901522, ICC = 0.935631677644
R Squared list shape: (100,)
ICC list shape: (100,)
