Running abide_motion_wrapper_JAL.py
Fri Sep 23 12:27:42 EDT 2016
Iteration 0: R^2 = 0.974303183236, ICC = 0.987093773832
Iteration 1: R^2 = 0.974614916893, ICC = 0.987575991939
Iteration 2: R^2 = 0.908825938938, ICC = 0.953839608876
Iteration 3: R^2 = 0.968348849325, ICC = 0.984113811626
Iteration 4: R^2 = 0.973728880868, ICC = 0.986871383674
Iteration 5: R^2 = 0.972730763322, ICC = 0.986688815598
Iteration 6: R^2 = 0.973725992089, ICC = 0.986997212936
Iteration 7: R^2 = 0.978106283893, ICC = 0.989058008115
Iteration 8: R^2 = 0.979795247957, ICC = 0.990115359806
Iteration 9: R^2 = 0.969792268342, ICC = 0.985073822287
Iteration 10: R^2 = 0.961923672536, ICC = 0.980958362266
Iteration 11: R^2 = 0.969895201726, ICC = 0.985054163062
Iteration 12: R^2 = 0.973677808257, ICC = 0.986650595709
Iteration 13: R^2 = 0.972060527637, ICC = 0.986180880932
Iteration 14: R^2 = 0.973254968299, ICC = 0.986785148062
Iteration 15: R^2 = 0.942336706134, ICC = 0.972269508689
Iteration 16: R^2 = 0.958459810536, ICC = 0.979739805468
Iteration 17: R^2 = 0.965352538817, ICC = 0.982797061006
Iteration 18: R^2 = 0.95745383162, ICC = 0.978333816288
Iteration 19: R^2 = 0.970141372672, ICC = 0.984642748277
Iteration 20: R^2 = 0.969143235639, ICC = 0.985119006449
Iteration 21: R^2 = 0.979592619103, ICC = 0.98976822315
Iteration 22: R^2 = 0.969174821871, ICC = 0.985026531742
Iteration 23: R^2 = 0.976039873516, ICC = 0.988152175621
Iteration 24: R^2 = 0.966553761384, ICC = 0.983285571277
Iteration 25: R^2 = 0.968979690947, ICC = 0.984618762043
Iteration 26: R^2 = 0.973925745782, ICC = 0.987078858236
Iteration 27: R^2 = 0.975517437797, ICC = 0.987811767788
Iteration 28: R^2 = 0.973069262971, ICC = 0.986353150593
Iteration 29: R^2 = 0.970300308358, ICC = 0.985269372002
Iteration 30: R^2 = 0.954371037129, ICC = 0.976821212133
Iteration 31: R^2 = 0.946991218205, ICC = 0.973318257236
Iteration 32: R^2 = 0.964962662031, ICC = 0.982592232941
Iteration 33: R^2 = 0.956784818573, ICC = 0.979326112093
Iteration 34: R^2 = 0.969256442838, ICC = 0.98470525455
Iteration 35: R^2 = 0.972465807295, ICC = 0.9859944745
Iteration 36: R^2 = 0.971908959382, ICC = 0.985634674939
Iteration 37: R^2 = 0.959858013207, ICC = 0.979951872406
Iteration 38: R^2 = 0.971261783239, ICC = 0.985421313817
Iteration 39: R^2 = 0.97323016323, ICC = 0.986655271383
Iteration 40: R^2 = 0.97537054389, ICC = 0.987940373504
Iteration 41: R^2 = 0.971248622517, ICC = 0.985901874411
Iteration 42: R^2 = 0.975913592042, ICC = 0.987646061945
Iteration 43: R^2 = 0.964832429059, ICC = 0.982636457651
Iteration 44: R^2 = 0.92105379911, ICC = 0.959599153942
Iteration 45: R^2 = 0.97309171215, ICC = 0.986722556538
Iteration 46: R^2 = 0.96738755695, ICC = 0.984063169469
Iteration 47: R^2 = 0.974756847607, ICC = 0.98747168444
Iteration 48: R^2 = 0.969770123523, ICC = 0.984647416489
Iteration 49: R^2 = 0.96571034548, ICC = 0.982847047119
Iteration 50: R^2 = 0.97702219072, ICC = 0.98866238393
Iteration 51: R^2 = 0.968880118412, ICC = 0.984618568307
Iteration 52: R^2 = 0.951425467508, ICC = 0.975497708232
Iteration 53: R^2 = 0.96812677877, ICC = 0.983951761094
Iteration 54: R^2 = 0.969413484292, ICC = 0.984863854047
Iteration 55: R^2 = 0.967905686891, ICC = 0.983416062614
Iteration 56: R^2 = 0.958557847903, ICC = 0.979016450655
Iteration 57: R^2 = 0.966698502068, ICC = 0.983647729844
Iteration 58: R^2 = 0.886930082559, ICC = 0.941551808404
Iteration 59: R^2 = 0.970954038007, ICC = 0.985790543613
Iteration 60: R^2 = 0.970493361786, ICC = 0.985411681445
Iteration 61: R^2 = 0.969504477023, ICC = 0.984856653862
Iteration 62: R^2 = 0.973953125382, ICC = 0.987046242318
Iteration 63: R^2 = 0.97796353564, ICC = 0.989015369305
Iteration 64: R^2 = 0.957762636134, ICC = 0.979083185051
Iteration 65: R^2 = 0.969241540858, ICC = 0.984348548142
Iteration 66: R^2 = 0.974078076549, ICC = 0.987234135668
Iteration 67: R^2 = 0.955707605744, ICC = 0.977630161239
Iteration 68: R^2 = 0.975949128603, ICC = 0.98792272187
Iteration 69: R^2 = 0.977618324553, ICC = 0.988784820255
Iteration 70: R^2 = 0.951296650266, ICC = 0.976078286663
Iteration 71: R^2 = 0.972464682819, ICC = 0.986306896489
Iteration 72: R^2 = 0.974416418328, ICC = 0.987109025467
Iteration 73: R^2 = 0.979599100967, ICC = 0.989720680208
Iteration 74: R^2 = 0.970538790795, ICC = 0.985979783067
Iteration 75: R^2 = 0.9400461661, ICC = 0.969153775509
Iteration 76: R^2 = 0.971564758626, ICC = 0.985704597483
Iteration 77: R^2 = 0.953128157596, ICC = 0.977021185989
Iteration 78: R^2 = 0.960833239929, ICC = 0.980004884639
Iteration 79: R^2 = 0.973701788846, ICC = 0.986928687535
Iteration 80: R^2 = 0.970995651168, ICC = 0.985223406345
Iteration 81: R^2 = 0.968484583399, ICC = 0.983872070513
Iteration 82: R^2 = 0.978460530879, ICC = 0.989269950784
Iteration 83: R^2 = 0.971687249945, ICC = 0.985650343597
Iteration 84: R^2 = 0.973509832406, ICC = 0.986408515595
Iteration 85: R^2 = 0.974200711251, ICC = 0.987028238532
Iteration 86: R^2 = 0.972886515657, ICC = 0.986494882872
Iteration 87: R^2 = 0.975646587712, ICC = 0.988106539901
Iteration 88: R^2 = 0.964447508969, ICC = 0.982457809842
Iteration 89: R^2 = 0.960117636559, ICC = 0.980180624395
Iteration 90: R^2 = 0.966391592915, ICC = 0.982931437352
Iteration 91: R^2 = 0.97132617964, ICC = 0.985825523744
Iteration 92: R^2 = 0.974291223573, ICC = 0.986846281849
Iteration 93: R^2 = 0.968245092304, ICC = 0.984544621101
Iteration 94: R^2 = 0.968826036136, ICC = 0.984695066993
Iteration 95: R^2 = 0.965820894044, ICC = 0.98313356358
Iteration 96: R^2 = 0.967150874056, ICC = 0.983391222972
Iteration 97: R^2 = 0.966323074146, ICC = 0.982881644541
Iteration 98: R^2 = 0.971133571177, ICC = 0.985726709445
Iteration 99: R^2 = 0.953894280334, ICC = 0.97720109977
R Squared list shape: (100,)
ICC list shape: (100,)
