Running abide_motion_wrapper_JAL.py
Fri Sep 23 12:26:04 EDT 2016
Iteration 0: R^2 = 0.96228943313, ICC = 0.98074272901
Iteration 1: R^2 = 0.908403433846, ICC = 0.957312388556
Iteration 2: R^2 = 0.919144219288, ICC = 0.961392080684
Iteration 3: R^2 = 0.940334015054, ICC = 0.971598903565
Iteration 4: R^2 = 0.97177947719, ICC = 0.986103341816
Iteration 5: R^2 = 0.969589153497, ICC = 0.984964722655
Iteration 6: R^2 = 0.963866655368, ICC = 0.981824726811
Iteration 7: R^2 = 0.964667515748, ICC = 0.982282886259
Iteration 8: R^2 = 0.970735913388, ICC = 0.985340531362
Iteration 9: R^2 = 0.966436505386, ICC = 0.982667052441
Iteration 10: R^2 = 0.904476795983, ICC = 0.95500458614
Iteration 11: R^2 = 0.939562695307, ICC = 0.968925545566
Iteration 12: R^2 = 0.905490503219, ICC = 0.953911688835
Iteration 13: R^2 = 0.962755005584, ICC = 0.981317945742
Iteration 14: R^2 = 0.964712203016, ICC = 0.981592237138
Iteration 15: R^2 = 0.946297903418, ICC = 0.972744865029
Iteration 16: R^2 = 0.964992218942, ICC = 0.982151660242
Iteration 17: R^2 = 0.965507570915, ICC = 0.982426568415
Iteration 18: R^2 = 0.966761622624, ICC = 0.982861733713
Iteration 19: R^2 = 0.957383046016, ICC = 0.978628405919
Iteration 20: R^2 = 0.958473998523, ICC = 0.979343706266
Iteration 21: R^2 = 0.957531437389, ICC = 0.978309856976
Iteration 22: R^2 = 0.962083669489, ICC = 0.981116614589
Iteration 23: R^2 = 0.952414582474, ICC = 0.976386957099
Iteration 24: R^2 = 0.958932110461, ICC = 0.979202026074
Iteration 25: R^2 = 0.967496717362, ICC = 0.983471148882
Iteration 26: R^2 = 0.958550154752, ICC = 0.979450481285
Iteration 27: R^2 = 0.954012804481, ICC = 0.977063264608
Iteration 28: R^2 = 0.952111122783, ICC = 0.976165330367
Iteration 29: R^2 = 0.958735776736, ICC = 0.979174913903
Iteration 30: R^2 = 0.952129239826, ICC = 0.975673382431
Iteration 31: R^2 = 0.952119095499, ICC = 0.977367189088
Iteration 32: R^2 = 0.958809448069, ICC = 0.979580164471
Iteration 33: R^2 = 0.963493955361, ICC = 0.98209027178
Iteration 34: R^2 = 0.947446317786, ICC = 0.972653321823
Iteration 35: R^2 = 0.971176651733, ICC = 0.985473748961
Iteration 36: R^2 = 0.96104826727, ICC = 0.980910022216
Iteration 37: R^2 = 0.961808933895, ICC = 0.980722531867
Iteration 38: R^2 = 0.956181862524, ICC = 0.977904704653
Iteration 39: R^2 = 0.954743199019, ICC = 0.976955713914
Iteration 40: R^2 = 0.906555746317, ICC = 0.953173628083
Iteration 41: R^2 = 0.962147747642, ICC = 0.981012564909
Iteration 42: R^2 = 0.969426673911, ICC = 0.985006071799
Iteration 43: R^2 = 0.969407822093, ICC = 0.98467435903
Iteration 44: R^2 = 0.956753945903, ICC = 0.978481911529
Iteration 45: R^2 = 0.958122924102, ICC = 0.979224499777
Iteration 46: R^2 = 0.943367931733, ICC = 0.971520688156
Iteration 47: R^2 = 0.964844341513, ICC = 0.982711304478
Iteration 48: R^2 = 0.958929807861, ICC = 0.980050604629
Iteration 49: R^2 = 0.971335503995, ICC = 0.9857342307
Iteration 50: R^2 = 0.959340801212, ICC = 0.979685836051
Iteration 51: R^2 = 0.938235688714, ICC = 0.968282633028
Iteration 52: R^2 = 0.943702277248, ICC = 0.971479752683
Iteration 53: R^2 = 0.932846488941, ICC = 0.966221187746
Iteration 54: R^2 = 0.968385888548, ICC = 0.984122109946
Iteration 55: R^2 = 0.958067223247, ICC = 0.978882689399
Iteration 56: R^2 = 0.969952705493, ICC = 0.984509994081
Iteration 57: R^2 = 0.924805095251, ICC = 0.964105552762
Iteration 58: R^2 = 0.965262774602, ICC = 0.982960687128
Iteration 59: R^2 = 0.963597465484, ICC = 0.981187230305
Iteration 60: R^2 = 0.967560906859, ICC = 0.984174265324
Iteration 61: R^2 = 0.958492827421, ICC = 0.978949313587
Iteration 62: R^2 = 0.962252425547, ICC = 0.980860785408
Iteration 63: R^2 = 0.965393781674, ICC = 0.982476101891
Iteration 64: R^2 = 0.955115227724, ICC = 0.978519407289
Iteration 65: R^2 = 0.969193874112, ICC = 0.984396316678
Iteration 66: R^2 = 0.973389005367, ICC = 0.986534721157
Iteration 67: R^2 = 0.96645935207, ICC = 0.983477794432
Iteration 68: R^2 = 0.957866447141, ICC = 0.97893803749
Iteration 69: R^2 = 0.946865728343, ICC = 0.972295116377
Iteration 70: R^2 = 0.967386562396, ICC = 0.983832927974
Iteration 71: R^2 = 0.965608805912, ICC = 0.982705984442
Iteration 72: R^2 = 0.938896491888, ICC = 0.9688203318
Iteration 73: R^2 = 0.958202292638, ICC = 0.978149136261
Iteration 74: R^2 = 0.963866631255, ICC = 0.982425975035
Iteration 75: R^2 = 0.96373476992, ICC = 0.981832541526
Iteration 76: R^2 = 0.961694261068, ICC = 0.97994263761
Iteration 77: R^2 = 0.957078759295, ICC = 0.979081049599
Iteration 78: R^2 = 0.969265361861, ICC = 0.984453074848
Iteration 79: R^2 = 0.956791529285, ICC = 0.977827312354
Iteration 80: R^2 = 0.957328288375, ICC = 0.978873345312
Iteration 81: R^2 = 0.964334315365, ICC = 0.981817545878
Iteration 82: R^2 = 0.969655489293, ICC = 0.984742186743
Iteration 83: R^2 = 0.945521194637, ICC = 0.972265975039
Iteration 84: R^2 = 0.958300327122, ICC = 0.978944784975
Iteration 85: R^2 = 0.941702784132, ICC = 0.971358669372
Iteration 86: R^2 = 0.919468139035, ICC = 0.960695967012
Iteration 87: R^2 = 0.965016660503, ICC = 0.982160407194
Iteration 88: R^2 = 0.954619397445, ICC = 0.977866105555
Iteration 89: R^2 = 0.955974320146, ICC = 0.977603995896
Iteration 90: R^2 = 0.935260315618, ICC = 0.968439368308
Iteration 91: R^2 = 0.95404738632, ICC = 0.977435703629
Iteration 92: R^2 = 0.884179931438, ICC = 0.941003128697
Iteration 93: R^2 = 0.963595140808, ICC = 0.981768949018
Iteration 94: R^2 = 0.92929898184, ICC = 0.966577491332
Iteration 95: R^2 = 0.963222029756, ICC = 0.981214769945
Iteration 96: R^2 = 0.931346705939, ICC = 0.967026251353
Iteration 97: R^2 = 0.957985728607, ICC = 0.978872374068
Iteration 98: R^2 = 0.95961082496, ICC = 0.979836740863
Iteration 99: R^2 = 0.968358359556, ICC = 0.984349963983
R Squared list shape: (100,)
ICC list shape: (100,)
