Running abide_motion_wrapper_JAL.py
Fri Sep 23 12:33:17 EDT 2016
Iteration 0: R^2 = 0.951426689399, ICC = 0.974521633777
Iteration 1: R^2 = 0.96687985846, ICC = 0.983351107546
Iteration 2: R^2 = 0.961104840325, ICC = 0.980650185573
Iteration 3: R^2 = 0.974473005017, ICC = 0.987126901063
Iteration 4: R^2 = 0.974263104255, ICC = 0.986931411526
Iteration 5: R^2 = 0.973386142279, ICC = 0.986806604762
Iteration 6: R^2 = 0.968241378752, ICC = 0.984335682472
Iteration 7: R^2 = 0.968817740433, ICC = 0.984374678974
Iteration 8: R^2 = 0.973419834125, ICC = 0.98670872393
Iteration 9: R^2 = 0.965292945796, ICC = 0.982943604155
Iteration 10: R^2 = 0.946018376807, ICC = 0.97298775015
Iteration 11: R^2 = 0.952200138156, ICC = 0.976535057591
Iteration 12: R^2 = 0.970528468233, ICC = 0.985148761654
Iteration 13: R^2 = 0.977306413483, ICC = 0.988513751751
Iteration 14: R^2 = 0.95317744457, ICC = 0.977152617356
Iteration 15: R^2 = 0.972017057089, ICC = 0.986156802248
Iteration 16: R^2 = 0.945353579612, ICC = 0.973523883403
Iteration 17: R^2 = 0.967754144786, ICC = 0.984416135158
Iteration 18: R^2 = 0.971834155653, ICC = 0.985405608124
Iteration 19: R^2 = 0.965253006188, ICC = 0.983038145677
Iteration 20: R^2 = 0.949002741223, ICC = 0.974465923231
Iteration 21: R^2 = 0.974755486232, ICC = 0.987652467429
Iteration 22: R^2 = 0.973189761101, ICC = 0.986462643163
Iteration 23: R^2 = 0.969589078716, ICC = 0.985005364765
Iteration 24: R^2 = 0.969005077505, ICC = 0.984610497677
Iteration 25: R^2 = 0.975254523316, ICC = 0.98761522088
Iteration 26: R^2 = 0.970166452121, ICC = 0.985451914422
Iteration 27: R^2 = 0.955144392748, ICC = 0.978327333179
Iteration 28: R^2 = 0.957535237973, ICC = 0.978569951675
Iteration 29: R^2 = 0.972844675505, ICC = 0.986144422665
Iteration 30: R^2 = 0.977280487618, ICC = 0.988547048217
Iteration 31: R^2 = 0.964895144306, ICC = 0.982066125207
Iteration 32: R^2 = 0.966843235823, ICC = 0.983004459076
Iteration 33: R^2 = 0.955073990042, ICC = 0.977092828343
Iteration 34: R^2 = 0.973206050011, ICC = 0.986269068719
Iteration 35: R^2 = 0.95411515525, ICC = 0.977993507315
Iteration 36: R^2 = 0.976311136074, ICC = 0.988136524493
Iteration 37: R^2 = 0.97248464844, ICC = 0.986239054751
Iteration 38: R^2 = 0.947364072717, ICC = 0.973662268366
Iteration 39: R^2 = 0.974336590559, ICC = 0.987186128244
Iteration 40: R^2 = 0.973847253308, ICC = 0.986621781078
Iteration 41: R^2 = 0.955907620285, ICC = 0.978222509732
Iteration 42: R^2 = 0.958530308506, ICC = 0.979408151291
Iteration 43: R^2 = 0.960399502419, ICC = 0.980804267869
Iteration 44: R^2 = 0.972487905729, ICC = 0.986342699341
Iteration 45: R^2 = 0.972625356435, ICC = 0.986425726234
Iteration 46: R^2 = 0.975311558961, ICC = 0.987490797771
Iteration 47: R^2 = 0.969497539682, ICC = 0.984896015135
Iteration 48: R^2 = 0.944034657447, ICC = 0.973038480235
Iteration 49: R^2 = 0.972444189725, ICC = 0.986163467905
Iteration 50: R^2 = 0.93791154887, ICC = 0.968289579891
Iteration 51: R^2 = 0.971621807199, ICC = 0.986044728787
Iteration 52: R^2 = 0.972601304935, ICC = 0.986303965915
Iteration 53: R^2 = 0.974832579745, ICC = 0.987388038874
Iteration 54: R^2 = 0.968719731411, ICC = 0.98441575567
Iteration 55: R^2 = 0.969377369582, ICC = 0.984832363033
Iteration 56: R^2 = 0.953330363647, ICC = 0.9762458096
Iteration 57: R^2 = 0.969667577392, ICC = 0.985496582116
Iteration 58: R^2 = 0.974379708318, ICC = 0.987334329016
Iteration 59: R^2 = 0.957347352974, ICC = 0.978353188394
Iteration 60: R^2 = 0.9671929865, ICC = 0.984183412893
Iteration 61: R^2 = 0.959376752835, ICC = 0.980644395166
Iteration 62: R^2 = 0.966237462242, ICC = 0.983045428847
Iteration 63: R^2 = 0.970128623265, ICC = 0.985077699769
Iteration 64: R^2 = 0.968141952608, ICC = 0.983639289909
Iteration 65: R^2 = 0.929511671811, ICC = 0.965966487643
Iteration 66: R^2 = 0.971273595146, ICC = 0.985518910058
Iteration 67: R^2 = 0.963171044534, ICC = 0.981687167101
Iteration 68: R^2 = 0.972280298772, ICC = 0.986084608566
Iteration 69: R^2 = 0.966295887045, ICC = 0.983482781224
Iteration 70: R^2 = 0.960227123225, ICC = 0.980574584844
Iteration 71: R^2 = 0.974646130934, ICC = 0.98720439147
Iteration 72: R^2 = 0.972415629006, ICC = 0.986620727722
Iteration 73: R^2 = 0.965204791144, ICC = 0.982754104643
Iteration 74: R^2 = 0.953580039394, ICC = 0.977080821161
Iteration 75: R^2 = 0.903230106296, ICC = 0.950384549391
Iteration 76: R^2 = 0.967597148244, ICC = 0.983593177276
Iteration 77: R^2 = 0.971780824846, ICC = 0.985850773857
Iteration 78: R^2 = 0.923846504924, ICC = 0.963287876264
Iteration 79: R^2 = 0.958350610241, ICC = 0.97887844753
Iteration 80: R^2 = 0.95132010731, ICC = 0.974995420722
Iteration 81: R^2 = 0.968119725978, ICC = 0.983473237588
Iteration 82: R^2 = 0.967993233365, ICC = 0.983588503751
Iteration 83: R^2 = 0.949925369663, ICC = 0.975636265847
Iteration 84: R^2 = 0.972711595457, ICC = 0.986301533458
Iteration 85: R^2 = 0.94582419975, ICC = 0.9736395653
Iteration 86: R^2 = 0.965151667907, ICC = 0.982490621038
Iteration 87: R^2 = 0.972923494821, ICC = 0.986545681342
Iteration 88: R^2 = 0.953120868677, ICC = 0.977042595144
Iteration 89: R^2 = 0.975726348953, ICC = 0.987505868365
Iteration 90: R^2 = 0.954488556552, ICC = 0.977063945114
Iteration 91: R^2 = 0.965738051116, ICC = 0.982699960255
Iteration 92: R^2 = 0.956312327476, ICC = 0.977746192838
Iteration 93: R^2 = 0.958481773035, ICC = 0.978703399371
Iteration 94: R^2 = 0.971816264391, ICC = 0.98580587603
Iteration 95: R^2 = 0.967720292447, ICC = 0.984082305429
Iteration 96: R^2 = 0.9694502095, ICC = 0.984323991725
Iteration 97: R^2 = 0.943962065438, ICC = 0.971555759144
Iteration 98: R^2 = 0.946342080106, ICC = 0.973873943461
Iteration 99: R^2 = 0.95704183585, ICC = 0.979385078353
R Squared list shape: (100,)
ICC list shape: (100,)
