Running abide_motion_wrapper_JAL.py
Fri Sep 23 12:24:00 EDT 2016
Iteration 0: R^2 = 0.855929205628, ICC = 0.928590274892
Iteration 1: R^2 = 0.876004043045, ICC = 0.9410719316
Iteration 2: R^2 = 0.863614330665, ICC = 0.932522460246
Iteration 3: R^2 = 0.804597192894, ICC = 0.898442053762
Iteration 4: R^2 = 0.896813478334, ICC = 0.948979232321
Iteration 5: R^2 = 0.901272161434, ICC = 0.949614325072
Iteration 6: R^2 = 0.863013323617, ICC = 0.936026891416
Iteration 7: R^2 = 0.899970528343, ICC = 0.951140689817
Iteration 8: R^2 = 0.832408835664, ICC = 0.918533238459
Iteration 9: R^2 = 0.862941530084, ICC = 0.930084532249
Iteration 10: R^2 = 0.886311276117, ICC = 0.94052606891
Iteration 11: R^2 = 0.78354162378, ICC = 0.887200420386
Iteration 12: R^2 = 0.883477901854, ICC = 0.942059484623
Iteration 13: R^2 = 0.905013689715, ICC = 0.95303480685
Iteration 14: R^2 = 0.851313467773, ICC = 0.928841317186
Iteration 15: R^2 = 0.756550739973, ICC = 0.890483120252
Iteration 16: R^2 = 0.892992723557, ICC = 0.943894117191
Iteration 17: R^2 = 0.882670037834, ICC = 0.942454734326
Iteration 18: R^2 = 0.833172146613, ICC = 0.919861325534
Iteration 19: R^2 = 0.871870400012, ICC = 0.931527452618
Iteration 20: R^2 = 0.88087559153, ICC = 0.939553683113
Iteration 21: R^2 = 0.882979568196, ICC = 0.938961270713
Iteration 22: R^2 = 0.843369688591, ICC = 0.918391425888
Iteration 23: R^2 = 0.862584392452, ICC = 0.929756657727
Iteration 24: R^2 = 0.864591740036, ICC = 0.93523721996
Iteration 25: R^2 = 0.869527943876, ICC = 0.935118929316
Iteration 26: R^2 = 0.828367997541, ICC = 0.910042029652
Iteration 27: R^2 = 0.816358185279, ICC = 0.904144654084
Iteration 28: R^2 = 0.889909348963, ICC = 0.943410699936
Iteration 29: R^2 = 0.830938547361, ICC = 0.918626608418
Iteration 30: R^2 = 0.730887231552, ICC = 0.878137361823
Iteration 31: R^2 = 0.863337993043, ICC = 0.932939064475
Iteration 32: R^2 = 0.85254879795, ICC = 0.928689725853
Iteration 33: R^2 = 0.879207924671, ICC = 0.94196220217
Iteration 34: R^2 = 0.864272644355, ICC = 0.928296202196
Iteration 35: R^2 = 0.895493623455, ICC = 0.947421716714
Iteration 36: R^2 = 0.802403620715, ICC = 0.897490227746
Iteration 37: R^2 = 0.874962737221, ICC = 0.938099298046
Iteration 38: R^2 = 0.883654950617, ICC = 0.941205126898
Iteration 39: R^2 = 0.797636226863, ICC = 0.887862963374
Iteration 40: R^2 = 0.873232304466, ICC = 0.938186511364
Iteration 41: R^2 = 0.89674282026, ICC = 0.948137344888
Iteration 42: R^2 = 0.878420366495, ICC = 0.937346876085
Iteration 43: R^2 = 0.874597882179, ICC = 0.934410907332
Iteration 44: R^2 = 0.764575829571, ICC = 0.884696452008
Iteration 45: R^2 = 0.900511921415, ICC = 0.951354201154
Iteration 46: R^2 = 0.868485019659, ICC = 0.937702299979
Iteration 47: R^2 = 0.84764793664, ICC = 0.925420988904
Iteration 48: R^2 = 0.661309119122, ICC = 0.824229093093
Iteration 49: R^2 = 0.886613255644, ICC = 0.941769672586
Iteration 50: R^2 = 0.82750433844, ICC = 0.91180476019
Iteration 51: R^2 = 0.90551462715, ICC = 0.953661233222
Iteration 52: R^2 = 0.849431432948, ICC = 0.929400788596
Iteration 53: R^2 = 0.888815204832, ICC = 0.946911360116
Iteration 54: R^2 = 0.906553625683, ICC = 0.953701347971
Iteration 55: R^2 = 0.878940494527, ICC = 0.937557856243
Iteration 56: R^2 = 0.8664405006, ICC = 0.935783329589
Iteration 57: R^2 = 0.850872435462, ICC = 0.921303932643
Iteration 58: R^2 = 0.854880654303, ICC = 0.930028963731
Iteration 59: R^2 = 0.852770044166, ICC = 0.923901457217
Iteration 60: R^2 = 0.799247571144, ICC = 0.903816722252
Iteration 61: R^2 = 0.891310148354, ICC = 0.944681411767
Iteration 62: R^2 = 0.875377224064, ICC = 0.938341743714
Iteration 63: R^2 = 0.617181494355, ICC = 0.831707767608
Iteration 64: R^2 = 0.882954240507, ICC = 0.942358624428
Iteration 65: R^2 = 0.869667135728, ICC = 0.933207838482
Iteration 66: R^2 = 0.895129149099, ICC = 0.946263188664
Iteration 67: R^2 = 0.865052238676, ICC = 0.936990276119
Iteration 68: R^2 = 0.849311117701, ICC = 0.923652312362
Iteration 69: R^2 = 0.762482183983, ICC = 0.887552585353
Iteration 70: R^2 = 0.87620407739, ICC = 0.941916969979
Iteration 71: R^2 = 0.737560382458, ICC = 0.87053695406
Iteration 72: R^2 = 0.814036740437, ICC = 0.909188518942
Iteration 73: R^2 = 0.840534561212, ICC = 0.922156509758
Iteration 74: R^2 = 0.8769734148, ICC = 0.940970379684
Iteration 75: R^2 = 0.88946281812, ICC = 0.941431887917
Iteration 76: R^2 = 0.8909898915, ICC = 0.946054217244
Iteration 77: R^2 = 0.88725561645, ICC = 0.943537629569
Iteration 78: R^2 = 0.875648805241, ICC = 0.934974919066
Iteration 79: R^2 = 0.882253345693, ICC = 0.93969403314
Iteration 80: R^2 = 0.877797448723, ICC = 0.937999929929
Iteration 81: R^2 = 0.894532893574, ICC = 0.947527694003
Iteration 82: R^2 = 0.843601999283, ICC = 0.920170276401
Iteration 83: R^2 = 0.886226499274, ICC = 0.943757948441
Iteration 84: R^2 = 0.900170781521, ICC = 0.949773229282
Iteration 85: R^2 = 0.895889875021, ICC = 0.948090481062
Iteration 86: R^2 = 0.884943893694, ICC = 0.940757453419
Iteration 87: R^2 = 0.886920874364, ICC = 0.944266836804
Iteration 88: R^2 = 0.874833546914, ICC = 0.93713612525
Iteration 89: R^2 = 0.88717072793, ICC = 0.942975544442
Iteration 90: R^2 = 0.87628023806, ICC = 0.939474947912
Iteration 91: R^2 = 0.893962733293, ICC = 0.946172055894
Iteration 92: R^2 = 0.894954993473, ICC = 0.947575976159
Iteration 93: R^2 = 0.863101153853, ICC = 0.931901919604
Iteration 94: R^2 = 0.742202588791, ICC = 0.884617794748
Iteration 95: R^2 = 0.842157367129, ICC = 0.919967548864
Iteration 96: R^2 = 0.9098727551, ICC = 0.951754497635
Iteration 97: R^2 = 0.876013623397, ICC = 0.93773164027
Iteration 98: R^2 = 0.757598272301, ICC = 0.877935485414
Iteration 99: R^2 = 0.87778094738, ICC = 0.937024342097
R Squared list shape: (100,)
ICC list shape: (100,)
