Running abide_motion_wrapper_JAL.py
Fri Sep 23 12:26:51 EDT 2016
Iteration 0: R^2 = 0.934597781986, ICC = 0.968166716692
Iteration 1: R^2 = 0.93808545087, ICC = 0.968889437401
Iteration 2: R^2 = 0.936670608577, ICC = 0.969400083534
Iteration 3: R^2 = 0.941028266102, ICC = 0.971074699123
Iteration 4: R^2 = 0.908575632365, ICC = 0.9571804184
Iteration 5: R^2 = 0.949793559974, ICC = 0.973867783997
Iteration 6: R^2 = 0.946523267418, ICC = 0.97389184582
Iteration 7: R^2 = 0.948500511191, ICC = 0.974652306945
Iteration 8: R^2 = 0.936796954745, ICC = 0.968819068492
Iteration 9: R^2 = 0.915185395842, ICC = 0.957715897579
Iteration 10: R^2 = 0.944400922838, ICC = 0.971807590003
Iteration 11: R^2 = 0.887334859934, ICC = 0.942120295885
Iteration 12: R^2 = 0.927093154477, ICC = 0.962992262034
Iteration 13: R^2 = 0.909459455478, ICC = 0.956942859237
Iteration 14: R^2 = 0.760666686742, ICC = 0.881447499601
Iteration 15: R^2 = 0.943027912744, ICC = 0.97047524241
Iteration 16: R^2 = 0.927415492699, ICC = 0.965162793372
Iteration 17: R^2 = 0.947140707599, ICC = 0.973549049799
Iteration 18: R^2 = 0.929415387418, ICC = 0.966051203309
Iteration 19: R^2 = 0.926561760434, ICC = 0.961088303308
Iteration 20: R^2 = 0.942229698975, ICC = 0.970909117504
Iteration 21: R^2 = 0.952189776595, ICC = 0.976096080573
Iteration 22: R^2 = 0.903278942681, ICC = 0.952085943354
Iteration 23: R^2 = 0.917933523439, ICC = 0.961816223987
Iteration 24: R^2 = 0.946173112815, ICC = 0.973414271695
Iteration 25: R^2 = 0.929267308586, ICC = 0.965970057016
Iteration 26: R^2 = 0.928644307341, ICC = 0.965226963038
Iteration 27: R^2 = 0.916144472136, ICC = 0.954322606812
Iteration 28: R^2 = 0.907443781811, ICC = 0.951185256634
Iteration 29: R^2 = 0.881598603229, ICC = 0.941318253217
Iteration 30: R^2 = 0.939929675473, ICC = 0.969438883283
Iteration 31: R^2 = 0.924903051566, ICC = 0.961848513632
Iteration 32: R^2 = 0.93565589372, ICC = 0.968321737742
Iteration 33: R^2 = 0.89744087585, ICC = 0.951778161808
Iteration 34: R^2 = 0.939786596416, ICC = 0.970408715785
Iteration 35: R^2 = 0.904627299971, ICC = 0.953231645453
Iteration 36: R^2 = 0.925629638776, ICC = 0.963424580087
Iteration 37: R^2 = 0.935178330691, ICC = 0.968085366996
Iteration 38: R^2 = 0.927610598847, ICC = 0.964226194359
Iteration 39: R^2 = 0.942369015795, ICC = 0.972818804334
Iteration 40: R^2 = 0.928762315204, ICC = 0.96407446712
Iteration 41: R^2 = 0.947929014106, ICC = 0.974717622224
Iteration 42: R^2 = 0.93123434302, ICC = 0.967701992214
Iteration 43: R^2 = 0.800466140404, ICC = 0.905184597834
Iteration 44: R^2 = 0.936685186906, ICC = 0.966598035009
Iteration 45: R^2 = 0.944475787765, ICC = 0.973167761115
Iteration 46: R^2 = 0.941105889466, ICC = 0.969913180565
Iteration 47: R^2 = 0.954083514287, ICC = 0.97620083356
Iteration 48: R^2 = 0.939687140133, ICC = 0.970610773596
Iteration 49: R^2 = 0.942268585073, ICC = 0.972034543384
Iteration 50: R^2 = 0.943877349896, ICC = 0.971822372045
Iteration 51: R^2 = 0.917084645123, ICC = 0.959888733576
Iteration 52: R^2 = 0.943537090654, ICC = 0.971475705551
Iteration 53: R^2 = 0.92182085476, ICC = 0.960901818607
Iteration 54: R^2 = 0.941253332152, ICC = 0.970654758251
Iteration 55: R^2 = 0.921071465399, ICC = 0.959618038597
Iteration 56: R^2 = 0.920102777851, ICC = 0.960992423725
Iteration 57: R^2 = 0.929123505289, ICC = 0.963115811557
Iteration 58: R^2 = 0.940411104632, ICC = 0.971421947493
Iteration 59: R^2 = 0.945756109562, ICC = 0.972524382895
Iteration 60: R^2 = 0.931770948351, ICC = 0.966179708003
Iteration 61: R^2 = 0.935593307447, ICC = 0.967691438395
Iteration 62: R^2 = 0.950656143601, ICC = 0.974835618862
Iteration 63: R^2 = 0.934124324636, ICC = 0.968257660409
Iteration 64: R^2 = 0.936998337146, ICC = 0.969280164111
Iteration 65: R^2 = 0.933244529788, ICC = 0.965848856525
Iteration 66: R^2 = 0.936212437672, ICC = 0.968535564604
Iteration 67: R^2 = 0.944057227615, ICC = 0.972343209725
Iteration 68: R^2 = 0.889846183592, ICC = 0.946622201553
Iteration 69: R^2 = 0.894283377215, ICC = 0.947840070209
Iteration 70: R^2 = 0.944858232711, ICC = 0.972499004802
Iteration 71: R^2 = 0.900874421053, ICC = 0.952679105538
Iteration 72: R^2 = 0.938928720659, ICC = 0.969344337368
Iteration 73: R^2 = 0.920708034337, ICC = 0.959676305895
Iteration 74: R^2 = 0.921572194151, ICC = 0.963373511676
Iteration 75: R^2 = 0.924394092453, ICC = 0.962938438585
Iteration 76: R^2 = 0.9370257298, ICC = 0.968043726563
Iteration 77: R^2 = 0.926699158462, ICC = 0.963686398203
Iteration 78: R^2 = 0.941016304166, ICC = 0.969935211722
Iteration 79: R^2 = 0.935444859544, ICC = 0.969720556616
Iteration 80: R^2 = 0.952926670291, ICC = 0.976515623545
Iteration 81: R^2 = 0.932834009596, ICC = 0.968187492679
Iteration 82: R^2 = 0.895464408472, ICC = 0.949954362567
Iteration 83: R^2 = 0.935789130133, ICC = 0.968132132556
Iteration 84: R^2 = 0.940515686164, ICC = 0.971014334111
Iteration 85: R^2 = 0.949387681134, ICC = 0.974632280075
Iteration 86: R^2 = 0.91996671886, ICC = 0.961711564034
Iteration 87: R^2 = 0.853279775104, ICC = 0.93052464243
Iteration 88: R^2 = 0.910011891913, ICC = 0.953895833639
Iteration 89: R^2 = 0.943026211522, ICC = 0.971462298759
Iteration 90: R^2 = 0.920098455028, ICC = 0.959225002089
Iteration 91: R^2 = 0.919678134112, ICC = 0.96082958001
Iteration 92: R^2 = 0.923179900547, ICC = 0.963082998567
Iteration 93: R^2 = 0.94862016137, ICC = 0.974174158268
Iteration 94: R^2 = 0.93898312375, ICC = 0.968414091852
Iteration 95: R^2 = 0.915443341056, ICC = 0.957854024279
Iteration 96: R^2 = 0.920433476348, ICC = 0.960387707884
Iteration 97: R^2 = 0.929052898153, ICC = 0.965082429409
Iteration 98: R^2 = 0.85080133585, ICC = 0.924206558641
Iteration 99: R^2 = 0.935743607023, ICC = 0.967261548143
R Squared list shape: (100,)
ICC list shape: (100,)
