Running abide_motion_wrapper_JAL.py
Fri Sep 23 12:26:51 EDT 2016
Iteration 0: R^2 = 0.967652601596, ICC = 0.984359299627
Iteration 1: R^2 = 0.925812333035, ICC = 0.96499245608
Iteration 2: R^2 = 0.95772898741, ICC = 0.979673934702
Iteration 3: R^2 = 0.960223771989, ICC = 0.980884694821
Iteration 4: R^2 = 0.968857976172, ICC = 0.984230955741
Iteration 5: R^2 = 0.964154691113, ICC = 0.981960815248
Iteration 6: R^2 = 0.973472360136, ICC = 0.986806484855
Iteration 7: R^2 = 0.957968980264, ICC = 0.979227962135
Iteration 8: R^2 = 0.971380260932, ICC = 0.985616732754
Iteration 9: R^2 = 0.942366680505, ICC = 0.972719155418
Iteration 10: R^2 = 0.952661676397, ICC = 0.976910616436
Iteration 11: R^2 = 0.965690361934, ICC = 0.98239366991
Iteration 12: R^2 = 0.975896895039, ICC = 0.987715942903
Iteration 13: R^2 = 0.946492595887, ICC = 0.97296176576
Iteration 14: R^2 = 0.968553964265, ICC = 0.983721435394
Iteration 15: R^2 = 0.960982198513, ICC = 0.980893987661
Iteration 16: R^2 = 0.936136995506, ICC = 0.96958857495
Iteration 17: R^2 = 0.960771448226, ICC = 0.980090340038
Iteration 18: R^2 = 0.967437993795, ICC = 0.983495408522
Iteration 19: R^2 = 0.961853420067, ICC = 0.981109600218
Iteration 20: R^2 = 0.918000265255, ICC = 0.959266446287
Iteration 21: R^2 = 0.968885544498, ICC = 0.984004630404
Iteration 22: R^2 = 0.961186056615, ICC = 0.980511567018
Iteration 23: R^2 = 0.965495691712, ICC = 0.982442237542
Iteration 24: R^2 = 0.952464783396, ICC = 0.975818678524
Iteration 25: R^2 = 0.977290524384, ICC = 0.988615483522
Iteration 26: R^2 = 0.969830810812, ICC = 0.985101419183
Iteration 27: R^2 = 0.976533636998, ICC = 0.988503879396
Iteration 28: R^2 = 0.942563004036, ICC = 0.970753605391
Iteration 29: R^2 = 0.944761613175, ICC = 0.971925453822
Iteration 30: R^2 = 0.972387474657, ICC = 0.98667983628
Iteration 31: R^2 = 0.974522566091, ICC = 0.987280229371
Iteration 32: R^2 = 0.966926863658, ICC = 0.98393654012
Iteration 33: R^2 = 0.977651332496, ICC = 0.988587014039
Iteration 34: R^2 = 0.961783914153, ICC = 0.980408168516
Iteration 35: R^2 = 0.97592413108, ICC = 0.98793617498
Iteration 36: R^2 = 0.969572662217, ICC = 0.984816269389
Iteration 37: R^2 = 0.97282380747, ICC = 0.98627987328
Iteration 38: R^2 = 0.970774975613, ICC = 0.985431124466
Iteration 39: R^2 = 0.969882713125, ICC = 0.984834510562
Iteration 40: R^2 = 0.976361393292, ICC = 0.987939550741
Iteration 41: R^2 = 0.961397092523, ICC = 0.980855618447
Iteration 42: R^2 = 0.97717079465, ICC = 0.988651078883
Iteration 43: R^2 = 0.965159198713, ICC = 0.982653393235
Iteration 44: R^2 = 0.960329648023, ICC = 0.98017498333
Iteration 45: R^2 = 0.976461762185, ICC = 0.988079784633
Iteration 46: R^2 = 0.922477879733, ICC = 0.96163783485
Iteration 47: R^2 = 0.979051620536, ICC = 0.989028524453
Iteration 48: R^2 = 0.970807704575, ICC = 0.985244851388
Iteration 49: R^2 = 0.971749163016, ICC = 0.985655272057
Iteration 50: R^2 = 0.940525254762, ICC = 0.971395164354
Iteration 51: R^2 = 0.967317278758, ICC = 0.983491820321
Iteration 52: R^2 = 0.974173469855, ICC = 0.987132383745
Iteration 53: R^2 = 0.969422480014, ICC = 0.984847572504
Iteration 54: R^2 = 0.949553902, ICC = 0.975996678453
Iteration 55: R^2 = 0.966062649601, ICC = 0.983311410359
Iteration 56: R^2 = 0.93804402086, ICC = 0.967972767976
Iteration 57: R^2 = 0.953010679999, ICC = 0.977095947736
Iteration 58: R^2 = 0.947533859295, ICC = 0.974418275154
Iteration 59: R^2 = 0.960405646113, ICC = 0.980878431017
Iteration 60: R^2 = 0.975994794087, ICC = 0.987844202786
Iteration 61: R^2 = 0.968457246111, ICC = 0.983863682196
Iteration 62: R^2 = 0.973689053808, ICC = 0.987015428283
Iteration 63: R^2 = 0.963106751127, ICC = 0.98128901677
Iteration 64: R^2 = 0.963948170338, ICC = 0.981973390278
Iteration 65: R^2 = 0.970136919522, ICC = 0.984702280842
Iteration 66: R^2 = 0.975920782462, ICC = 0.987872411484
Iteration 67: R^2 = 0.978015421606, ICC = 0.989089920151
Iteration 68: R^2 = 0.976518724495, ICC = 0.988081224703
Iteration 69: R^2 = 0.969465835978, ICC = 0.984496910161
Iteration 70: R^2 = 0.968892341104, ICC = 0.984766018307
Iteration 71: R^2 = 0.965929635157, ICC = 0.983617511089
Iteration 72: R^2 = 0.975015052746, ICC = 0.987558331889
Iteration 73: R^2 = 0.95792297434, ICC = 0.979108836744
Iteration 74: R^2 = 0.965898190233, ICC = 0.982868646829
Iteration 75: R^2 = 0.959350347516, ICC = 0.980014526946
Iteration 76: R^2 = 0.948785104388, ICC = 0.974571063282
Iteration 77: R^2 = 0.967278453423, ICC = 0.984208370837
Iteration 78: R^2 = 0.925032984721, ICC = 0.964762391277
Iteration 79: R^2 = 0.973368150172, ICC = 0.986713400322
Iteration 80: R^2 = 0.976481881755, ICC = 0.988133241706
Iteration 81: R^2 = 0.965880882235, ICC = 0.983505476419
Iteration 82: R^2 = 0.961275739147, ICC = 0.980631032221
Iteration 83: R^2 = 0.976562357651, ICC = 0.98800240787
Iteration 84: R^2 = 0.958916894309, ICC = 0.979337301093
Iteration 85: R^2 = 0.972386593497, ICC = 0.986110074177
Iteration 86: R^2 = 0.979008488583, ICC = 0.989544952732
Iteration 87: R^2 = 0.966864670584, ICC = 0.98400934007
Iteration 88: R^2 = 0.973151021158, ICC = 0.986717867338
Iteration 89: R^2 = 0.973049567919, ICC = 0.986638415382
Iteration 90: R^2 = 0.979040648033, ICC = 0.989302427525
Iteration 91: R^2 = 0.971988237823, ICC = 0.986332756379
Iteration 92: R^2 = 0.947989679477, ICC = 0.975051082906
Iteration 93: R^2 = 0.943211942069, ICC = 0.972240135825
Iteration 94: R^2 = 0.975344787279, ICC = 0.987650948761
Iteration 95: R^2 = 0.964947152257, ICC = 0.981773428139
Iteration 96: R^2 = 0.970958951905, ICC = 0.985643539616
Iteration 97: R^2 = 0.974273297691, ICC = 0.986781910455
Iteration 98: R^2 = 0.96632157708, ICC = 0.983538077618
Iteration 99: R^2 = 0.965585312303, ICC = 0.983178937233
R Squared list shape: (100,)
ICC list shape: (100,)
