Running abide_motion_wrapper_JAL.py
Fri Sep 23 12:27:42 EDT 2016
Iteration 0: R^2 = 0.913974522689, ICC = 0.958053143644
Iteration 1: R^2 = 0.958732390931, ICC = 0.979432128585
Iteration 2: R^2 = 0.934996224484, ICC = 0.96803964074
Iteration 3: R^2 = 0.929725646467, ICC = 0.965311912873
Iteration 4: R^2 = 0.95098079312, ICC = 0.976024540205
Iteration 5: R^2 = 0.948052429071, ICC = 0.973500962022
Iteration 6: R^2 = 0.949795912797, ICC = 0.973654740483
Iteration 7: R^2 = 0.937147257946, ICC = 0.969598437719
Iteration 8: R^2 = 0.953956721026, ICC = 0.977383075283
Iteration 9: R^2 = 0.950923434944, ICC = 0.97558159138
Iteration 10: R^2 = 0.947077935787, ICC = 0.973845622327
Iteration 11: R^2 = 0.952064624488, ICC = 0.975616208775
Iteration 12: R^2 = 0.958113419055, ICC = 0.978709630706
Iteration 13: R^2 = 0.95372332256, ICC = 0.976708530624
Iteration 14: R^2 = 0.950772482434, ICC = 0.975493257393
Iteration 15: R^2 = 0.935302746025, ICC = 0.967436475902
Iteration 16: R^2 = 0.955747257466, ICC = 0.978018778941
Iteration 17: R^2 = 0.885448170441, ICC = 0.945128945495
Iteration 18: R^2 = 0.929830395855, ICC = 0.965182360539
Iteration 19: R^2 = 0.92495003402, ICC = 0.963496424799
Iteration 20: R^2 = 0.934190947527, ICC = 0.96769121956
Iteration 21: R^2 = 0.941731435396, ICC = 0.971370680539
Iteration 22: R^2 = 0.900887652716, ICC = 0.948192133987
Iteration 23: R^2 = 0.937773158795, ICC = 0.967865250043
Iteration 24: R^2 = 0.958610403529, ICC = 0.978975647287
Iteration 25: R^2 = 0.925076337553, ICC = 0.963968305228
Iteration 26: R^2 = 0.947952622901, ICC = 0.975196628406
Iteration 27: R^2 = 0.938876587791, ICC = 0.970756231248
Iteration 28: R^2 = 0.933175010585, ICC = 0.965484398712
Iteration 29: R^2 = 0.935979913553, ICC = 0.969375735384
Iteration 30: R^2 = 0.953679425273, ICC = 0.977051822555
Iteration 31: R^2 = 0.938196350763, ICC = 0.969691662363
Iteration 32: R^2 = 0.947717671042, ICC = 0.972406691189
Iteration 33: R^2 = 0.947826050966, ICC = 0.973474113605
Iteration 34: R^2 = 0.955440186713, ICC = 0.978493950627
Iteration 35: R^2 = 0.941671442412, ICC = 0.971313547031
Iteration 36: R^2 = 0.867567041694, ICC = 0.939002136445
Iteration 37: R^2 = 0.9216058633, ICC = 0.959648376333
Iteration 38: R^2 = 0.946187937101, ICC = 0.973840085973
Iteration 39: R^2 = 0.950250563911, ICC = 0.975743973162
Iteration 40: R^2 = 0.951632696918, ICC = 0.975638076584
Iteration 41: R^2 = 0.957123066987, ICC = 0.978380248126
Iteration 42: R^2 = 0.959509788844, ICC = 0.978722909648
Iteration 43: R^2 = 0.938062669778, ICC = 0.969624937329
Iteration 44: R^2 = 0.936151747383, ICC = 0.968594243251
Iteration 45: R^2 = 0.947308501958, ICC = 0.973749689037
Iteration 46: R^2 = 0.865224548193, ICC = 0.929823373892
Iteration 47: R^2 = 0.936376499492, ICC = 0.968240185954
Iteration 48: R^2 = 0.909715999048, ICC = 0.956818895609
Iteration 49: R^2 = 0.942627140074, ICC = 0.970448204331
Iteration 50: R^2 = 0.949952375512, ICC = 0.975129888843
Iteration 51: R^2 = 0.953146308425, ICC = 0.977170162374
Iteration 52: R^2 = 0.956482299725, ICC = 0.978413882595
Iteration 53: R^2 = 0.933987933418, ICC = 0.966468238133
Iteration 54: R^2 = 0.958361346536, ICC = 0.978888879916
Iteration 55: R^2 = 0.937890985445, ICC = 0.96929414536
Iteration 56: R^2 = 0.935545161632, ICC = 0.969052586038
Iteration 57: R^2 = 0.891119098621, ICC = 0.946623464065
Iteration 58: R^2 = 0.938776807973, ICC = 0.97063638527
Iteration 59: R^2 = 0.911384669776, ICC = 0.956770874797
Iteration 60: R^2 = 0.891356852255, ICC = 0.943604577677
Iteration 61: R^2 = 0.942924616115, ICC = 0.972068480276
Iteration 62: R^2 = 0.953480872929, ICC = 0.976652301535
Iteration 63: R^2 = 0.912426077294, ICC = 0.95772151841
Iteration 64: R^2 = 0.900087487335, ICC = 0.948300868992
Iteration 65: R^2 = 0.947983431669, ICC = 0.972547245631
Iteration 66: R^2 = 0.948578338788, ICC = 0.974290916232
Iteration 67: R^2 = 0.944074765553, ICC = 0.971388668486
Iteration 68: R^2 = 0.952137844002, ICC = 0.975345058132
Iteration 69: R^2 = 0.956308317223, ICC = 0.978747802472
Iteration 70: R^2 = 0.948085470171, ICC = 0.975100080159
Iteration 71: R^2 = 0.948029441829, ICC = 0.974575989095
Iteration 72: R^2 = 0.955823549655, ICC = 0.977292162859
Iteration 73: R^2 = 0.9497777653, ICC = 0.974449266653
Iteration 74: R^2 = 0.947180111643, ICC = 0.973394559491
Iteration 75: R^2 = 0.889339821521, ICC = 0.943278952682
Iteration 76: R^2 = 0.960245084704, ICC = 0.980127011122
Iteration 77: R^2 = 0.946228341145, ICC = 0.972934099933
Iteration 78: R^2 = 0.953869500147, ICC = 0.976728452861
Iteration 79: R^2 = 0.954473734274, ICC = 0.977651636404
Iteration 80: R^2 = 0.956692675395, ICC = 0.977457542421
Iteration 81: R^2 = 0.961507051552, ICC = 0.980906455805
Iteration 82: R^2 = 0.915066747191, ICC = 0.958084602923
Iteration 83: R^2 = 0.944196024897, ICC = 0.971606038932
Iteration 84: R^2 = 0.877213228362, ICC = 0.936884969424
Iteration 85: R^2 = 0.926496003546, ICC = 0.96304468888
Iteration 86: R^2 = 0.950726757117, ICC = 0.975852443871
Iteration 87: R^2 = 0.937423457913, ICC = 0.968811837778
Iteration 88: R^2 = 0.949261006924, ICC = 0.974591210566
Iteration 89: R^2 = 0.94933400461, ICC = 0.974324691484
Iteration 90: R^2 = 0.954721082233, ICC = 0.976799564948
Iteration 91: R^2 = 0.955971962503, ICC = 0.97826535528
Iteration 92: R^2 = 0.958577457815, ICC = 0.97890002601
Iteration 93: R^2 = 0.953762597405, ICC = 0.977110959795
Iteration 94: R^2 = 0.920417195401, ICC = 0.959147360346
Iteration 95: R^2 = 0.954705993042, ICC = 0.976725582598
Iteration 96: R^2 = 0.953700640986, ICC = 0.976737101627
Iteration 97: R^2 = 0.9572192871, ICC = 0.977732668823
Iteration 98: R^2 = 0.948339194892, ICC = 0.974604717328
Iteration 99: R^2 = 0.956250168339, ICC = 0.977896716943
R Squared list shape: (100,)
ICC list shape: (100,)
