Running abide_motion_wrapper_JAL.py
Fri Sep 23 12:26:51 EDT 2016
Iteration 0: R^2 = 0.96965340018, ICC = 0.984874433388
Iteration 1: R^2 = 0.975170146265, ICC = 0.987888694469
Iteration 2: R^2 = 0.973767687825, ICC = 0.987136338881
Iteration 3: R^2 = 0.980664498511, ICC = 0.990323216475
Iteration 4: R^2 = 0.976188379312, ICC = 0.987630376783
Iteration 5: R^2 = 0.976413380236, ICC = 0.988224204985
Iteration 6: R^2 = 0.976237655789, ICC = 0.987790111284
Iteration 7: R^2 = 0.959251261824, ICC = 0.979977011952
Iteration 8: R^2 = 0.977159946412, ICC = 0.988708305248
Iteration 9: R^2 = 0.980512562069, ICC = 0.990258015604
Iteration 10: R^2 = 0.974614825563, ICC = 0.987389241159
Iteration 11: R^2 = 0.976717293631, ICC = 0.98818799514
Iteration 12: R^2 = 0.969705776716, ICC = 0.984969881217
Iteration 13: R^2 = 0.977256602508, ICC = 0.988708882789
Iteration 14: R^2 = 0.967786029309, ICC = 0.983950650203
Iteration 15: R^2 = 0.944859927478, ICC = 0.973426391887
Iteration 16: R^2 = 0.964219020571, ICC = 0.981603836656
Iteration 17: R^2 = 0.97392309122, ICC = 0.986705753073
Iteration 18: R^2 = 0.974563158663, ICC = 0.987463084256
Iteration 19: R^2 = 0.974958798719, ICC = 0.987444063805
Iteration 20: R^2 = 0.980998431573, ICC = 0.990310720836
Iteration 21: R^2 = 0.974227274372, ICC = 0.987315266275
Iteration 22: R^2 = 0.948835120593, ICC = 0.97502623073
Iteration 23: R^2 = 0.974772411871, ICC = 0.987414204265
Iteration 24: R^2 = 0.975068188794, ICC = 0.98767083384
Iteration 25: R^2 = 0.974727180694, ICC = 0.987353589955
Iteration 26: R^2 = 0.938999253929, ICC = 0.968579391751
Iteration 27: R^2 = 0.940514234427, ICC = 0.969340489068
Iteration 28: R^2 = 0.956235218033, ICC = 0.978772577531
Iteration 29: R^2 = 0.973541765491, ICC = 0.986646252747
Iteration 30: R^2 = 0.978902485514, ICC = 0.989351880707
Iteration 31: R^2 = 0.962021943425, ICC = 0.980563706988
Iteration 32: R^2 = 0.976113056231, ICC = 0.988373195975
Iteration 33: R^2 = 0.953956067115, ICC = 0.9767323693
Iteration 34: R^2 = 0.977588809847, ICC = 0.988867228339
Iteration 35: R^2 = 0.965588023751, ICC = 0.98305455826
Iteration 36: R^2 = 0.977688883727, ICC = 0.989031097993
Iteration 37: R^2 = 0.969658246914, ICC = 0.984724568511
Iteration 38: R^2 = 0.974622981451, ICC = 0.987371697332
Iteration 39: R^2 = 0.971764820396, ICC = 0.985989228036
Iteration 40: R^2 = 0.970073694721, ICC = 0.984928094548
Iteration 41: R^2 = 0.978619781546, ICC = 0.989381922315
Iteration 42: R^2 = 0.967608304912, ICC = 0.984347166877
Iteration 43: R^2 = 0.974853107622, ICC = 0.98750486885
Iteration 44: R^2 = 0.977512260113, ICC = 0.988816833961
Iteration 45: R^2 = 0.953209576146, ICC = 0.977244385407
Iteration 46: R^2 = 0.975709407427, ICC = 0.988058481614
Iteration 47: R^2 = 0.97350108861, ICC = 0.986815964585
Iteration 48: R^2 = 0.972474017064, ICC = 0.986439598826
Iteration 49: R^2 = 0.974559040353, ICC = 0.987233667161
Iteration 50: R^2 = 0.979731664802, ICC = 0.989797817022
Iteration 51: R^2 = 0.963195841821, ICC = 0.981561989121
Iteration 52: R^2 = 0.971320621882, ICC = 0.985809588897
Iteration 53: R^2 = 0.970780267876, ICC = 0.985254836209
Iteration 54: R^2 = 0.965483154135, ICC = 0.982310859989
Iteration 55: R^2 = 0.973379611551, ICC = 0.986466080167
Iteration 56: R^2 = 0.97708184922, ICC = 0.988790079419
Iteration 57: R^2 = 0.955707339539, ICC = 0.97881127604
Iteration 58: R^2 = 0.977942808213, ICC = 0.988962206441
Iteration 59: R^2 = 0.959620537341, ICC = 0.980162219679
Iteration 60: R^2 = 0.958624593946, ICC = 0.97938940167
Iteration 61: R^2 = 0.975622019496, ICC = 0.987643833774
Iteration 62: R^2 = 0.979877736325, ICC = 0.989788216559
Iteration 63: R^2 = 0.975007394346, ICC = 0.987849433546
Iteration 64: R^2 = 0.964448654449, ICC = 0.981652269808
Iteration 65: R^2 = 0.937190714027, ICC = 0.970107692317
Iteration 66: R^2 = 0.959744953544, ICC = 0.98030712504
Iteration 67: R^2 = 0.97868263447, ICC = 0.989168030863
Iteration 68: R^2 = 0.976881230501, ICC = 0.98820605952
Iteration 69: R^2 = 0.973077118773, ICC = 0.98660890817
Iteration 70: R^2 = 0.960788818075, ICC = 0.979947161174
Iteration 71: R^2 = 0.97013745527, ICC = 0.985432531846
Iteration 72: R^2 = 0.965472706846, ICC = 0.982449609396
Iteration 73: R^2 = 0.978692742799, ICC = 0.989467569887
Iteration 74: R^2 = 0.97169109822, ICC = 0.98624322475
Iteration 75: R^2 = 0.965672897913, ICC = 0.982652304006
Iteration 76: R^2 = 0.962330157908, ICC = 0.981072627717
Iteration 77: R^2 = 0.979772821641, ICC = 0.989800023303
Iteration 78: R^2 = 0.951807994313, ICC = 0.976920922281
Iteration 79: R^2 = 0.976581722145, ICC = 0.988093219851
Iteration 80: R^2 = 0.98089515397, ICC = 0.990443128034
Iteration 81: R^2 = 0.959345820911, ICC = 0.979691005099
Iteration 82: R^2 = 0.978149048693, ICC = 0.988832710174
Iteration 83: R^2 = 0.973231951945, ICC = 0.986470826501
Iteration 84: R^2 = 0.956941542098, ICC = 0.978426116515
Iteration 85: R^2 = 0.975665773503, ICC = 0.987732302866
Iteration 86: R^2 = 0.958097385811, ICC = 0.978519646809
Iteration 87: R^2 = 0.971175607337, ICC = 0.98562845448
Iteration 88: R^2 = 0.952428806874, ICC = 0.975410199798
Iteration 89: R^2 = 0.977491717057, ICC = 0.98893976688
Iteration 90: R^2 = 0.91459786009, ICC = 0.95896614481
Iteration 91: R^2 = 0.975858493911, ICC = 0.988199295111
Iteration 92: R^2 = 0.975459350028, ICC = 0.987907021037
Iteration 93: R^2 = 0.9764986649, ICC = 0.98813593446
Iteration 94: R^2 = 0.970331508385, ICC = 0.985443519528
Iteration 95: R^2 = 0.971271981904, ICC = 0.985748511325
Iteration 96: R^2 = 0.966010210973, ICC = 0.983487322552
Iteration 97: R^2 = 0.975997145499, ICC = 0.987955554579
Iteration 98: R^2 = 0.970860693082, ICC = 0.985306009667
Iteration 99: R^2 = 0.97713440259, ICC = 0.988438074061
R Squared list shape: (100,)
ICC list shape: (100,)
