Running abide_motion_wrapper_JAL.py
Fri Sep 23 12:27:42 EDT 2016
Iteration 0: R^2 = 0.951215417427, ICC = 0.975157947888
Iteration 1: R^2 = 0.933155499484, ICC = 0.964980445716
Iteration 2: R^2 = 0.929684801471, ICC = 0.965862646415
Iteration 3: R^2 = 0.888734242949, ICC = 0.948096633802
Iteration 4: R^2 = 0.924546633191, ICC = 0.963499376432
Iteration 5: R^2 = 0.960456898765, ICC = 0.98040598636
Iteration 6: R^2 = 0.940942712783, ICC = 0.971682219352
Iteration 7: R^2 = 0.951931783508, ICC = 0.975998813562
Iteration 8: R^2 = 0.937382767051, ICC = 0.968812771724
Iteration 9: R^2 = 0.955310683714, ICC = 0.977555274877
Iteration 10: R^2 = 0.959881707474, ICC = 0.979243988178
Iteration 11: R^2 = 0.958943347954, ICC = 0.979918574774
Iteration 12: R^2 = 0.930709725515, ICC = 0.964745208731
Iteration 13: R^2 = 0.91322503283, ICC = 0.958606249895
Iteration 14: R^2 = 0.957084262207, ICC = 0.978802522155
Iteration 15: R^2 = 0.958236631765, ICC = 0.978823780151
Iteration 16: R^2 = 0.918719948199, ICC = 0.961283260176
Iteration 17: R^2 = 0.930338721165, ICC = 0.96517217144
Iteration 18: R^2 = 0.940683038043, ICC = 0.970316443048
Iteration 19: R^2 = 0.868163790569, ICC = 0.938514931505
Iteration 20: R^2 = 0.957841889263, ICC = 0.978496693601
Iteration 21: R^2 = 0.947521724469, ICC = 0.973174389729
Iteration 22: R^2 = 0.958538892833, ICC = 0.979435091958
Iteration 23: R^2 = 0.953985998792, ICC = 0.977199922551
Iteration 24: R^2 = 0.952357224613, ICC = 0.976787357283
Iteration 25: R^2 = 0.93487060356, ICC = 0.966775455057
Iteration 26: R^2 = 0.949307755988, ICC = 0.974866757102
Iteration 27: R^2 = 0.946007909569, ICC = 0.972190952527
Iteration 28: R^2 = 0.937642339854, ICC = 0.969389165211
Iteration 29: R^2 = 0.941554118228, ICC = 0.971215271011
Iteration 30: R^2 = 0.960680471969, ICC = 0.980181774819
Iteration 31: R^2 = 0.955614710055, ICC = 0.978230165309
Iteration 32: R^2 = 0.936444344074, ICC = 0.967633732461
Iteration 33: R^2 = 0.953988194228, ICC = 0.977446779238
Iteration 34: R^2 = 0.951898803322, ICC = 0.976594208905
Iteration 35: R^2 = 0.907773539173, ICC = 0.951970061264
Iteration 36: R^2 = 0.95050208021, ICC = 0.975381732201
Iteration 37: R^2 = 0.921398827283, ICC = 0.961361050516
Iteration 38: R^2 = 0.940193446701, ICC = 0.971285385723
Iteration 39: R^2 = 0.951205028048, ICC = 0.975962823596
Iteration 40: R^2 = 0.951447070462, ICC = 0.974923165567
Iteration 41: R^2 = 0.956476554561, ICC = 0.978010014909
Iteration 42: R^2 = 0.95310267557, ICC = 0.976844192122
Iteration 43: R^2 = 0.937056772348, ICC = 0.970119848114
Iteration 44: R^2 = 0.954193233056, ICC = 0.975993197657
Iteration 45: R^2 = 0.908293609848, ICC = 0.956012842907
Iteration 46: R^2 = 0.949550697094, ICC = 0.974186611668
Iteration 47: R^2 = 0.956347562224, ICC = 0.976744676704
Iteration 48: R^2 = 0.880187363664, ICC = 0.936005775949
Iteration 49: R^2 = 0.953613764843, ICC = 0.976868782078
Iteration 50: R^2 = 0.947445095653, ICC = 0.973917787754
Iteration 51: R^2 = 0.953190648938, ICC = 0.976685951858
Iteration 52: R^2 = 0.937692877364, ICC = 0.96866962486
Iteration 53: R^2 = 0.899232230053, ICC = 0.94736034699
Iteration 54: R^2 = 0.954931185177, ICC = 0.977352958241
Iteration 55: R^2 = 0.949162192553, ICC = 0.974899055718
Iteration 56: R^2 = 0.93829436113, ICC = 0.970221626984
Iteration 57: R^2 = 0.955834751081, ICC = 0.978145280229
Iteration 58: R^2 = 0.950854900743, ICC = 0.974958041217
Iteration 59: R^2 = 0.913956453588, ICC = 0.957210401078
Iteration 60: R^2 = 0.921352136584, ICC = 0.961757244596
Iteration 61: R^2 = 0.9517369555, ICC = 0.976189887996
Iteration 62: R^2 = 0.954860852417, ICC = 0.977471104229
Iteration 63: R^2 = 0.940545942698, ICC = 0.970073548813
Iteration 64: R^2 = 0.943703687733, ICC = 0.972563727139
Iteration 65: R^2 = 0.93923111939, ICC = 0.970059919498
Iteration 66: R^2 = 0.958458494221, ICC = 0.97951458516
Iteration 67: R^2 = 0.957806280503, ICC = 0.978316232011
Iteration 68: R^2 = 0.902085194251, ICC = 0.95238812811
Iteration 69: R^2 = 0.940225627747, ICC = 0.970084941979
Iteration 70: R^2 = 0.958478077116, ICC = 0.979465847693
Iteration 71: R^2 = 0.760145639711, ICC = 0.892131455991
Iteration 72: R^2 = 0.937082000574, ICC = 0.969675642788
Iteration 73: R^2 = 0.951136451785, ICC = 0.974493049895
Iteration 74: R^2 = 0.956816782397, ICC = 0.97837069967
Iteration 75: R^2 = 0.950320885201, ICC = 0.975656217919
Iteration 76: R^2 = 0.955522506466, ICC = 0.978176398823
Iteration 77: R^2 = 0.947369107403, ICC = 0.973639274379
Iteration 78: R^2 = 0.964621313373, ICC = 0.982346166595
Iteration 79: R^2 = 0.935072176024, ICC = 0.96772024607
Iteration 80: R^2 = 0.948031376185, ICC = 0.973485287199
Iteration 81: R^2 = 0.950397903213, ICC = 0.975260389432
Iteration 82: R^2 = 0.941027123436, ICC = 0.970642796405
Iteration 83: R^2 = 0.943335222474, ICC = 0.972919243069
Iteration 84: R^2 = 0.924572711493, ICC = 0.961740926016
Iteration 85: R^2 = 0.951350773566, ICC = 0.975241870688
Iteration 86: R^2 = 0.930219681013, ICC = 0.965488482716
Iteration 87: R^2 = 0.923505047376, ICC = 0.963106319249
Iteration 88: R^2 = 0.95471962352, ICC = 0.976782427301
Iteration 89: R^2 = 0.931968664996, ICC = 0.96617541847
Iteration 90: R^2 = 0.955463557695, ICC = 0.977225902941
Iteration 91: R^2 = 0.950814020264, ICC = 0.974124419049
Iteration 92: R^2 = 0.87752226052, ICC = 0.942653985956
Iteration 93: R^2 = 0.94829349949, ICC = 0.974043509682
Iteration 94: R^2 = 0.899428010566, ICC = 0.947302077377
Iteration 95: R^2 = 0.938564843836, ICC = 0.969528550454
Iteration 96: R^2 = 0.953038512182, ICC = 0.977147358215
Iteration 97: R^2 = 0.933743054176, ICC = 0.966186005527
Iteration 98: R^2 = 0.95952806647, ICC = 0.979102322288
Iteration 99: R^2 = 0.936285614089, ICC = 0.967962113751
R Squared list shape: (100,)
ICC list shape: (100,)
