Running abide_motion_wrapper_JAL.py
Fri Sep 23 12:26:04 EDT 2016
Iteration 0: R^2 = 0.96317906584, ICC = 0.981532256161
Iteration 1: R^2 = 0.967891504451, ICC = 0.983957501367
Iteration 2: R^2 = 0.946098345483, ICC = 0.972345901844
Iteration 3: R^2 = 0.97591716971, ICC = 0.988055070076
Iteration 4: R^2 = 0.967157466802, ICC = 0.983073050271
Iteration 5: R^2 = 0.967271691082, ICC = 0.984158902502
Iteration 6: R^2 = 0.979834805132, ICC = 0.99009851798
Iteration 7: R^2 = 0.929525269128, ICC = 0.964950952588
Iteration 8: R^2 = 0.97607689791, ICC = 0.987702363218
Iteration 9: R^2 = 0.981135449698, ICC = 0.990481256198
Iteration 10: R^2 = 0.973959825924, ICC = 0.986872240171
Iteration 11: R^2 = 0.973756266035, ICC = 0.986700402451
Iteration 12: R^2 = 0.977221231663, ICC = 0.988245465158
Iteration 13: R^2 = 0.978317519861, ICC = 0.989153010459
Iteration 14: R^2 = 0.969900271687, ICC = 0.985124423382
Iteration 15: R^2 = 0.975814130621, ICC = 0.988118413004
Iteration 16: R^2 = 0.976270848683, ICC = 0.987932066218
Iteration 17: R^2 = 0.967062537464, ICC = 0.983488085553
Iteration 18: R^2 = 0.947654954191, ICC = 0.974253013145
Iteration 19: R^2 = 0.979923518977, ICC = 0.989804399689
Iteration 20: R^2 = 0.960856376624, ICC = 0.980230180875
Iteration 21: R^2 = 0.979252424316, ICC = 0.989840228051
Iteration 22: R^2 = 0.970913450918, ICC = 0.985544857846
Iteration 23: R^2 = 0.975686086342, ICC = 0.987970077787
Iteration 24: R^2 = 0.920236936046, ICC = 0.962358874554
Iteration 25: R^2 = 0.971697771669, ICC = 0.986026890705
Iteration 26: R^2 = 0.973930640073, ICC = 0.986934526024
Iteration 27: R^2 = 0.962492614044, ICC = 0.981120213239
Iteration 28: R^2 = 0.970576166553, ICC = 0.98484303461
Iteration 29: R^2 = 0.978784689143, ICC = 0.989389863357
Iteration 30: R^2 = 0.977820045601, ICC = 0.988706547071
Iteration 31: R^2 = 0.973453371838, ICC = 0.986754104388
Iteration 32: R^2 = 0.961113199982, ICC = 0.979990543384
Iteration 33: R^2 = 0.960675108799, ICC = 0.980747736241
Iteration 34: R^2 = 0.97517451994, ICC = 0.987642907148
Iteration 35: R^2 = 0.964593872217, ICC = 0.98269196942
Iteration 36: R^2 = 0.978106456377, ICC = 0.988896043446
Iteration 37: R^2 = 0.964153632698, ICC = 0.981993047678
Iteration 38: R^2 = 0.960412157631, ICC = 0.979580401336
Iteration 39: R^2 = 0.979242559158, ICC = 0.989435608871
Iteration 40: R^2 = 0.975639302487, ICC = 0.988008724875
Iteration 41: R^2 = 0.954762935676, ICC = 0.978185629923
Iteration 42: R^2 = 0.944664287529, ICC = 0.973335426922
Iteration 43: R^2 = 0.976679641845, ICC = 0.988454823131
Iteration 44: R^2 = 0.976750024706, ICC = 0.988417005211
Iteration 45: R^2 = 0.976316106223, ICC = 0.988233655023
Iteration 46: R^2 = 0.982430693982, ICC = 0.991211325528
Iteration 47: R^2 = 0.965294391561, ICC = 0.982226906269
Iteration 48: R^2 = 0.973254068106, ICC = 0.986435382846
Iteration 49: R^2 = 0.97887927547, ICC = 0.989346062469
Iteration 50: R^2 = 0.9600324688, ICC = 0.980306976442
Iteration 51: R^2 = 0.937117756055, ICC = 0.967332404566
Iteration 52: R^2 = 0.97314394646, ICC = 0.986438221939
Iteration 53: R^2 = 0.97124511986, ICC = 0.985864092424
Iteration 54: R^2 = 0.962967156359, ICC = 0.981955577875
Iteration 55: R^2 = 0.961886290725, ICC = 0.981389483694
Iteration 56: R^2 = 0.975517168368, ICC = 0.987660751218
Iteration 57: R^2 = 0.976173871938, ICC = 0.988216881118
Iteration 58: R^2 = 0.97346272288, ICC = 0.986537820268
Iteration 59: R^2 = 0.971136660006, ICC = 0.985690950303
Iteration 60: R^2 = 0.976773180199, ICC = 0.988383802788
Iteration 61: R^2 = 0.945813568136, ICC = 0.973819285234
Iteration 62: R^2 = 0.980079859254, ICC = 0.990192443976
Iteration 63: R^2 = 0.975618443531, ICC = 0.98773348656
Iteration 64: R^2 = 0.97790523963, ICC = 0.988739874212
Iteration 65: R^2 = 0.975978705266, ICC = 0.987880605997
Iteration 66: R^2 = 0.975642064912, ICC = 0.987870827841
Iteration 67: R^2 = 0.972057098007, ICC = 0.98642020677
Iteration 68: R^2 = 0.962787012037, ICC = 0.981693350264
Iteration 69: R^2 = 0.97362794086, ICC = 0.987172836012
Iteration 70: R^2 = 0.974791107167, ICC = 0.987213924997
Iteration 71: R^2 = 0.977927086214, ICC = 0.988784212535
Iteration 72: R^2 = 0.967875304147, ICC = 0.98425609626
Iteration 73: R^2 = 0.976119036909, ICC = 0.98834028177
Iteration 74: R^2 = 0.947483178931, ICC = 0.974651476447
Iteration 75: R^2 = 0.975230803181, ICC = 0.987542635739
Iteration 76: R^2 = 0.957878565208, ICC = 0.979736942161
Iteration 77: R^2 = 0.971784836354, ICC = 0.985978771227
Iteration 78: R^2 = 0.97003772255, ICC = 0.985004521643
Iteration 79: R^2 = 0.960732528253, ICC = 0.980276888894
Iteration 80: R^2 = 0.950854564326, ICC = 0.975436636882
Iteration 81: R^2 = 0.977618824843, ICC = 0.98890214785
Iteration 82: R^2 = 0.949461262901, ICC = 0.975053237874
Iteration 83: R^2 = 0.978809564927, ICC = 0.989550579671
Iteration 84: R^2 = 0.978597692073, ICC = 0.988932003085
Iteration 85: R^2 = 0.976295918239, ICC = 0.988146165008
Iteration 86: R^2 = 0.94588317439, ICC = 0.974099756694
Iteration 87: R^2 = 0.97604645211, ICC = 0.987854675001
Iteration 88: R^2 = 0.935727525393, ICC = 0.969222249148
Iteration 89: R^2 = 0.97495570292, ICC = 0.987319143547
Iteration 90: R^2 = 0.97797955759, ICC = 0.9889203357
Iteration 91: R^2 = 0.973561087624, ICC = 0.987061723596
Iteration 92: R^2 = 0.978580840323, ICC = 0.989194505553
Iteration 93: R^2 = 0.969934458614, ICC = 0.985286240884
Iteration 94: R^2 = 0.977440326414, ICC = 0.988704365344
Iteration 95: R^2 = 0.966444277413, ICC = 0.982910012806
Iteration 96: R^2 = 0.961788293774, ICC = 0.981173703955
Iteration 97: R^2 = 0.93794395573, ICC = 0.968623538093
Iteration 98: R^2 = 0.969446004563, ICC = 0.984974296334
Iteration 99: R^2 = 0.971163458333, ICC = 0.985649115414
R Squared list shape: (100,)
ICC list shape: (100,)
