Running abide_motion_wrapper_JAL.py
Fri Sep 23 12:27:42 EDT 2016
Iteration 0: R^2 = 0.789699243188, ICC = 0.898982627938
Iteration 1: R^2 = 0.77647479225, ICC = 0.887971353788
Iteration 2: R^2 = 0.789519975099, ICC = 0.90477805097
Iteration 3: R^2 = 0.724603418852, ICC = 0.862951279709
Iteration 4: R^2 = 0.74533304985, ICC = 0.870384882874
Iteration 5: R^2 = 0.807858058322, ICC = 0.902529890214
Iteration 6: R^2 = 0.775004011964, ICC = 0.889106221084
Iteration 7: R^2 = 0.797604675576, ICC = 0.899633604673
Iteration 8: R^2 = 0.282911629184, ICC = 0.712699991025
Iteration 9: R^2 = 0.788710173002, ICC = 0.894809528637
Iteration 10: R^2 = 0.837996625956, ICC = 0.921061665478
Iteration 11: R^2 = 0.597668995469, ICC = 0.816119042976
Iteration 12: R^2 = 0.700779111031, ICC = 0.840577839155
Iteration 13: R^2 = 0.581181198188, ICC = 0.812944549053
Iteration 14: R^2 = 0.747467317701, ICC = 0.875921456877
Iteration 15: R^2 = 0.756091870638, ICC = 0.878621652321
Iteration 16: R^2 = 0.742458395211, ICC = 0.871392698476
Iteration 17: R^2 = 0.653007061709, ICC = 0.844158960362
Iteration 18: R^2 = 0.774759296716, ICC = 0.892558048693
Iteration 19: R^2 = 0.804197737791, ICC = 0.907440439194
Iteration 20: R^2 = 0.720056325675, ICC = 0.879326090813
Iteration 21: R^2 = 0.642651330635, ICC = 0.820246661306
Iteration 22: R^2 = 0.613867757011, ICC = 0.813233366524
Iteration 23: R^2 = 0.648880597658, ICC = 0.83764073887
Iteration 24: R^2 = 0.579477790245, ICC = 0.78134174835
Iteration 25: R^2 = 0.802510948161, ICC = 0.904261496251
Iteration 26: R^2 = 0.641090873353, ICC = 0.823565521238
Iteration 27: R^2 = 0.660717622, ICC = 0.828721066722
Iteration 28: R^2 = 0.800080484229, ICC = 0.900821038146
Iteration 29: R^2 = 0.739332804277, ICC = 0.866281778658
Iteration 30: R^2 = 0.755497950599, ICC = 0.879457209229
Iteration 31: R^2 = 0.703417206975, ICC = 0.84528919679
Iteration 32: R^2 = 0.72575536189, ICC = 0.85495507136
Iteration 33: R^2 = 0.442530430885, ICC = 0.71687649215
Iteration 34: R^2 = 0.752008645023, ICC = 0.889678938657
Iteration 35: R^2 = 0.779745500871, ICC = 0.894053843808
Iteration 36: R^2 = 0.792835647069, ICC = 0.894935530562
Iteration 37: R^2 = 0.736465798319, ICC = 0.854674293393
Iteration 38: R^2 = 0.765851992009, ICC = 0.870344086402
Iteration 39: R^2 = 0.664045088158, ICC = 0.837487682598
Iteration 40: R^2 = 0.810913360424, ICC = 0.902547982834
Iteration 41: R^2 = 0.74222070937, ICC = 0.865186084784
Iteration 42: R^2 = 0.687253274657, ICC = 0.840378865173
Iteration 43: R^2 = 0.819060213781, ICC = 0.90951250051
Iteration 44: R^2 = 0.73873030413, ICC = 0.87046239935
Iteration 45: R^2 = 0.792694137092, ICC = 0.887955277281
Iteration 46: R^2 = 0.756335824096, ICC = 0.88195061306
Iteration 47: R^2 = 0.689595456044, ICC = 0.848004503658
Iteration 48: R^2 = 0.756417271687, ICC = 0.879017389518
Iteration 49: R^2 = 0.764014677041, ICC = 0.886849935636
Iteration 50: R^2 = 0.693858422334, ICC = 0.84074026886
Iteration 51: R^2 = 0.773356458339, ICC = 0.889314714203
Iteration 52: R^2 = 0.552333726877, ICC = 0.800650260899
Iteration 53: R^2 = 0.759970074599, ICC = 0.892226797048
Iteration 54: R^2 = 0.811609711103, ICC = 0.900797232263
Iteration 55: R^2 = 0.754050005061, ICC = 0.875036803421
Iteration 56: R^2 = 0.667587873442, ICC = 0.843400772623
Iteration 57: R^2 = 0.803383814565, ICC = 0.895462904968
Iteration 58: R^2 = 0.735397562734, ICC = 0.865571742012
Iteration 59: R^2 = 0.785610930772, ICC = 0.890550417943
Iteration 60: R^2 = 0.710104051643, ICC = 0.839488124924
Iteration 61: R^2 = 0.763284108852, ICC = 0.891786159953
Iteration 62: R^2 = 0.67863325463, ICC = 0.860251516931
Iteration 63: R^2 = 0.762737782987, ICC = 0.89107460541
Iteration 64: R^2 = 0.258726810248, ICC = 0.639926989992
Iteration 65: R^2 = 0.598647345936, ICC = 0.813777343253
Iteration 66: R^2 = 0.74985982281, ICC = 0.865957297066
Iteration 67: R^2 = 0.641937070896, ICC = 0.808890435209
Iteration 68: R^2 = 0.764903226342, ICC = 0.886293117804
Iteration 69: R^2 = 0.723384257492, ICC = 0.871882246332
Iteration 70: R^2 = 0.727231930458, ICC = 0.865581799011
Iteration 71: R^2 = 0.672204073107, ICC = 0.849346943781
Iteration 72: R^2 = 0.693621701884, ICC = 0.844832822199
Iteration 73: R^2 = 0.651371828634, ICC = 0.852356857866
Iteration 74: R^2 = 0.728988265481, ICC = 0.87010585751
Iteration 75: R^2 = 0.739022663001, ICC = 0.866264630338
Iteration 76: R^2 = 0.759902644774, ICC = 0.882201209811
Iteration 77: R^2 = 0.646529773604, ICC = 0.806499698498
Iteration 78: R^2 = 0.712464860112, ICC = 0.856366706553
Iteration 79: R^2 = 0.756593182235, ICC = 0.879915511018
Iteration 80: R^2 = 0.816669705331, ICC = 0.910557850962
Iteration 81: R^2 = 0.827501517084, ICC = 0.904485747029
Iteration 82: R^2 = 0.747449356826, ICC = 0.872686040827
Iteration 83: R^2 = 0.778250017047, ICC = 0.879104953066
Iteration 84: R^2 = 0.776249598242, ICC = 0.874928701984
Iteration 85: R^2 = 0.778318580722, ICC = 0.884645958259
Iteration 86: R^2 = 0.775064103858, ICC = 0.887686996947
Iteration 87: R^2 = 0.686340814751, ICC = 0.843938740872
Iteration 88: R^2 = 0.764139366033, ICC = 0.876759025135
Iteration 89: R^2 = 0.804191101269, ICC = 0.89487017564
Iteration 90: R^2 = 0.779606072176, ICC = 0.89316553115
Iteration 91: R^2 = 0.788121292228, ICC = 0.892820242358
Iteration 92: R^2 = 0.776742705129, ICC = 0.886103764074
Iteration 93: R^2 = -0.153820323374, ICC = 0.469494348611
Iteration 94: R^2 = 0.744228253569, ICC = 0.882188362959
Iteration 95: R^2 = 0.75829368707, ICC = 0.870755998141
Iteration 96: R^2 = 0.766776509336, ICC = 0.881490400335
Iteration 97: R^2 = 0.770525698608, ICC = 0.880928467049
Iteration 98: R^2 = 0.736068221328, ICC = 0.871974065273
Iteration 99: R^2 = 0.592082071027, ICC = 0.786191882045
R Squared list shape: (100,)
ICC list shape: (100,)
slurmstepd: slurm_receive_msg: Socket timed out on send/recv operation
