Running abide_motion_wrapper_JAL.py
Fri Sep 23 12:26:51 EDT 2016
Iteration 0: R^2 = 0.833845277701, ICC = 0.917824302456
Iteration 1: R^2 = 0.648502923772, ICC = 0.835198802711
Iteration 2: R^2 = 0.884276349625, ICC = 0.941912896493
Iteration 3: R^2 = 0.575415195682, ICC = 0.821117274625
Iteration 4: R^2 = 0.837627782953, ICC = 0.923425605261
Iteration 5: R^2 = 0.660753953967, ICC = 0.837776811915
Iteration 6: R^2 = 0.870295571782, ICC = 0.933693784939
Iteration 7: R^2 = 0.80249355413, ICC = 0.904109996865
Iteration 8: R^2 = 0.879606141916, ICC = 0.941353299812
Iteration 9: R^2 = 0.864304538295, ICC = 0.934071552684
Iteration 10: R^2 = 0.726100453313, ICC = 0.868176021711
Iteration 11: R^2 = 0.822891797118, ICC = 0.911659219843
Iteration 12: R^2 = 0.89374504685, ICC = 0.945804240394
Iteration 13: R^2 = 0.872476783973, ICC = 0.935164362417
Iteration 14: R^2 = 0.890745113133, ICC = 0.94664920459
Iteration 15: R^2 = 0.824647482505, ICC = 0.910285946051
Iteration 16: R^2 = 0.86963673979, ICC = 0.932847909289
Iteration 17: R^2 = 0.821006800608, ICC = 0.915578114346
Iteration 18: R^2 = 0.897995880168, ICC = 0.946421402094
Iteration 19: R^2 = 0.865469186406, ICC = 0.933099272603
Iteration 20: R^2 = 0.818563755825, ICC = 0.916123028383
Iteration 21: R^2 = 0.85119680182, ICC = 0.92216066904
Iteration 22: R^2 = 0.876067201091, ICC = 0.935246672001
Iteration 23: R^2 = 0.859081559527, ICC = 0.932696383456
Iteration 24: R^2 = 0.887971731961, ICC = 0.944297155837
Iteration 25: R^2 = 0.87829253746, ICC = 0.936455029097
Iteration 26: R^2 = 0.860170609545, ICC = 0.931509754955
Iteration 27: R^2 = 0.875529003692, ICC = 0.935508728835
Iteration 28: R^2 = 0.893406345046, ICC = 0.946977353227
Iteration 29: R^2 = 0.785141707197, ICC = 0.902598101432
Iteration 30: R^2 = 0.809951757114, ICC = 0.910834727987
Iteration 31: R^2 = 0.834496169553, ICC = 0.91678087951
Iteration 32: R^2 = 0.883160587115, ICC = 0.939588927422
Iteration 33: R^2 = 0.891420521878, ICC = 0.945767535134
Iteration 34: R^2 = 0.789796458303, ICC = 0.905116350723
Iteration 35: R^2 = 0.894385755918, ICC = 0.944950249512
Iteration 36: R^2 = 0.855005271543, ICC = 0.930373165882
Iteration 37: R^2 = 0.869054768006, ICC = 0.936820243242
Iteration 38: R^2 = 0.829802209424, ICC = 0.917945383048
Iteration 39: R^2 = 0.865580159765, ICC = 0.929824414167
Iteration 40: R^2 = 0.881416325938, ICC = 0.941773795405
Iteration 41: R^2 = 0.771211389433, ICC = 0.895777147556
Iteration 42: R^2 = 0.854419449859, ICC = 0.925854198009
Iteration 43: R^2 = 0.857629027194, ICC = 0.927787522856
Iteration 44: R^2 = 0.89597497038, ICC = 0.94771389184
Iteration 45: R^2 = 0.901978438379, ICC = 0.949077446224
Iteration 46: R^2 = 0.880859304782, ICC = 0.939262565122
Iteration 47: R^2 = 0.86868425382, ICC = 0.932797607748
Iteration 48: R^2 = 0.865258923687, ICC = 0.934105764454
Iteration 49: R^2 = 0.870013314121, ICC = 0.931073705705
Iteration 50: R^2 = 0.801587499781, ICC = 0.892965336433
Iteration 51: R^2 = 0.898240260942, ICC = 0.948643594088
Iteration 52: R^2 = 0.902601518904, ICC = 0.949464541411
Iteration 53: R^2 = 0.889884796944, ICC = 0.944829043259
Iteration 54: R^2 = 0.875875945141, ICC = 0.938486081387
Iteration 55: R^2 = 0.887316734747, ICC = 0.943401483632
Iteration 56: R^2 = 0.873741103328, ICC = 0.935693303614
Iteration 57: R^2 = 0.87430524564, ICC = 0.932191293004
Iteration 58: R^2 = 0.894543190431, ICC = 0.948191369486
Iteration 59: R^2 = 0.870947970256, ICC = 0.937222825904
Iteration 60: R^2 = 0.795379773453, ICC = 0.899986496274
Iteration 61: R^2 = 0.880715525624, ICC = 0.943156179005
Iteration 62: R^2 = 0.724888844919, ICC = 0.854907678659
Iteration 63: R^2 = 0.891531147142, ICC = 0.943411093891
Iteration 64: R^2 = 0.880561657802, ICC = 0.940398395812
Iteration 65: R^2 = 0.906523926367, ICC = 0.952554650396
Iteration 66: R^2 = 0.884132777985, ICC = 0.941421373888
Iteration 67: R^2 = 0.867160396181, ICC = 0.933241203815
Iteration 68: R^2 = 0.838010501409, ICC = 0.920758942381
Iteration 69: R^2 = 0.825328721066, ICC = 0.914556177739
Iteration 70: R^2 = 0.889157729373, ICC = 0.946258241217
Iteration 71: R^2 = 0.865018190868, ICC = 0.929596854425
Iteration 72: R^2 = 0.865109975952, ICC = 0.930568577504
Iteration 73: R^2 = 0.908275130386, ICC = 0.951334492321
Iteration 74: R^2 = 0.864324804032, ICC = 0.930730412956
Iteration 75: R^2 = 0.869436096053, ICC = 0.93784228484
Iteration 76: R^2 = 0.574904616672, ICC = 0.789908879481
Iteration 77: R^2 = 0.865410494583, ICC = 0.932910420386
Iteration 78: R^2 = 0.815480100218, ICC = 0.909344319903
Iteration 79: R^2 = 0.85262265088, ICC = 0.928557528234
Iteration 80: R^2 = 0.831985669784, ICC = 0.924043379015
Iteration 81: R^2 = 0.819750819008, ICC = 0.916864182281
Iteration 82: R^2 = 0.891651982307, ICC = 0.949317584214
Iteration 83: R^2 = 0.801845181843, ICC = 0.908270957936
Iteration 84: R^2 = 0.866731445113, ICC = 0.935739980809
Iteration 85: R^2 = 0.859883271214, ICC = 0.935807229562
Iteration 86: R^2 = 0.825490993404, ICC = 0.903261661239
Iteration 87: R^2 = 0.693182504206, ICC = 0.864180432908
Iteration 88: R^2 = 0.735162546726, ICC = 0.87275140229
Iteration 89: R^2 = 0.889201295555, ICC = 0.943847245036
Iteration 90: R^2 = 0.891024058509, ICC = 0.944569563421
Iteration 91: R^2 = 0.864477658743, ICC = 0.935472542743
Iteration 92: R^2 = 0.860184458431, ICC = 0.931463783805
Iteration 93: R^2 = 0.822392428942, ICC = 0.915620739879
Iteration 94: R^2 = 0.902959941148, ICC = 0.950690644763
Iteration 95: R^2 = 0.83816345261, ICC = 0.917722987327
Iteration 96: R^2 = 0.884797696495, ICC = 0.941858240457
Iteration 97: R^2 = 0.887134923848, ICC = 0.943404123361
Iteration 98: R^2 = 0.770812118912, ICC = 0.881985269115
Iteration 99: R^2 = 0.737923754078, ICC = 0.876122726034
R Squared list shape: (100,)
ICC list shape: (100,)
slurmstepd: slurm_receive_msg: Socket timed out on send/recv operation
