Running abide_motion_wrapper_JAL.py
Fri Sep 23 12:33:16 EDT 2016
Iteration 0: R^2 = 0.880428123373, ICC = 0.93891011626
Iteration 1: R^2 = 0.929380047, ICC = 0.965563519471
Iteration 2: R^2 = 0.956912875524, ICC = 0.978438688981
Iteration 3: R^2 = 0.949301038869, ICC = 0.975065327216
Iteration 4: R^2 = 0.953352551437, ICC = 0.976013338708
Iteration 5: R^2 = 0.95704347697, ICC = 0.978411537532
Iteration 6: R^2 = 0.928255808123, ICC = 0.963465436237
Iteration 7: R^2 = 0.954177785155, ICC = 0.977499849902
Iteration 8: R^2 = 0.926239156987, ICC = 0.965627145069
Iteration 9: R^2 = 0.889066447829, ICC = 0.947854802636
Iteration 10: R^2 = 0.95255251467, ICC = 0.976199437702
Iteration 11: R^2 = 0.960739263135, ICC = 0.979964883302
Iteration 12: R^2 = 0.953215025456, ICC = 0.976933931669
Iteration 13: R^2 = 0.947733663208, ICC = 0.974378641589
Iteration 14: R^2 = 0.909822617811, ICC = 0.957032142886
Iteration 15: R^2 = 0.913363445322, ICC = 0.956568772194
Iteration 16: R^2 = 0.905616491888, ICC = 0.954655007486
Iteration 17: R^2 = 0.943336249567, ICC = 0.972208947919
Iteration 18: R^2 = 0.945477817307, ICC = 0.972696946911
Iteration 19: R^2 = 0.944565421061, ICC = 0.972936138922
Iteration 20: R^2 = 0.963252089069, ICC = 0.981422738517
Iteration 21: R^2 = 0.920520432128, ICC = 0.961923564685
Iteration 22: R^2 = 0.910047596834, ICC = 0.957759002161
Iteration 23: R^2 = 0.958408197836, ICC = 0.979134932874
Iteration 24: R^2 = 0.94271795601, ICC = 0.970657681396
Iteration 25: R^2 = 0.954280160898, ICC = 0.97573733781
Iteration 26: R^2 = 0.852262196298, ICC = 0.931339896805
Iteration 27: R^2 = 0.943876365271, ICC = 0.971223567361
Iteration 28: R^2 = 0.953507040551, ICC = 0.97695002155
Iteration 29: R^2 = 0.952060855466, ICC = 0.976295210236
Iteration 30: R^2 = 0.942249815548, ICC = 0.972308336306
Iteration 31: R^2 = 0.904735145095, ICC = 0.952988013014
Iteration 32: R^2 = 0.950891574534, ICC = 0.97654778658
Iteration 33: R^2 = 0.934487322998, ICC = 0.968021140049
Iteration 34: R^2 = 0.940075388226, ICC = 0.96958657512
Iteration 35: R^2 = 0.957225512115, ICC = 0.978766088294
Iteration 36: R^2 = 0.93843980102, ICC = 0.969585742654
Iteration 37: R^2 = 0.942232320977, ICC = 0.971176510496
Iteration 38: R^2 = 0.952679593215, ICC = 0.976299804672
Iteration 39: R^2 = 0.950060986174, ICC = 0.976074563348
Iteration 40: R^2 = 0.936387453002, ICC = 0.966662233747
Iteration 41: R^2 = 0.951802936883, ICC = 0.974802657057
Iteration 42: R^2 = 0.896481231845, ICC = 0.949961364328
Iteration 43: R^2 = 0.948962778221, ICC = 0.974631452552
Iteration 44: R^2 = 0.852678442661, ICC = 0.929632774763
Iteration 45: R^2 = 0.943040230168, ICC = 0.970564607417
Iteration 46: R^2 = 0.934875672543, ICC = 0.966633143059
Iteration 47: R^2 = 0.94581661634, ICC = 0.972649095303
Iteration 48: R^2 = 0.871037258361, ICC = 0.933172646761
Iteration 49: R^2 = 0.950528065028, ICC = 0.974747240735
Iteration 50: R^2 = 0.960052694967, ICC = 0.979740227157
Iteration 51: R^2 = 0.938209558295, ICC = 0.968945063134
Iteration 52: R^2 = 0.957026341041, ICC = 0.978261023788
Iteration 53: R^2 = 0.93684328047, ICC = 0.968798608949
Iteration 54: R^2 = 0.935533884017, ICC = 0.96838971955
Iteration 55: R^2 = 0.953507630614, ICC = 0.977267363192
Iteration 56: R^2 = 0.949725176252, ICC = 0.974715379264
Iteration 57: R^2 = 0.933592365024, ICC = 0.967752639432
Iteration 58: R^2 = 0.93070458364, ICC = 0.966343442564
Iteration 59: R^2 = 0.887675577046, ICC = 0.942124893517
Iteration 60: R^2 = 0.94280940955, ICC = 0.972097940257
Iteration 61: R^2 = 0.946096035869, ICC = 0.972915049073
Iteration 62: R^2 = 0.957750649538, ICC = 0.979038950829
Iteration 63: R^2 = 0.956078832735, ICC = 0.97777381677
Iteration 64: R^2 = 0.923056895618, ICC = 0.962768825793
Iteration 65: R^2 = 0.94180825796, ICC = 0.970208918829
Iteration 66: R^2 = 0.939348065759, ICC = 0.96813086165
Iteration 67: R^2 = 0.947405128559, ICC = 0.973487791449
Iteration 68: R^2 = 0.955115854527, ICC = 0.97710109756
Iteration 69: R^2 = 0.963117628256, ICC = 0.981630731339
Iteration 70: R^2 = 0.947819019827, ICC = 0.97325895709
Iteration 71: R^2 = 0.95670260304, ICC = 0.977174196711
Iteration 72: R^2 = 0.909242572735, ICC = 0.955318255831
Iteration 73: R^2 = 0.945992828156, ICC = 0.972210627082
Iteration 74: R^2 = 0.936708950836, ICC = 0.968469024993
Iteration 75: R^2 = 0.951546280897, ICC = 0.975829543789
Iteration 76: R^2 = 0.953963106665, ICC = 0.977002068773
Iteration 77: R^2 = 0.935488947937, ICC = 0.969095177243
Iteration 78: R^2 = 0.922205388966, ICC = 0.960522251042
Iteration 79: R^2 = 0.94583024166, ICC = 0.972996361529
Iteration 80: R^2 = 0.948505025152, ICC = 0.973448867806
Iteration 81: R^2 = 0.954852828605, ICC = 0.976908258434
Iteration 82: R^2 = 0.952549148946, ICC = 0.977199792784
Iteration 83: R^2 = 0.947745088856, ICC = 0.972596232335
Iteration 84: R^2 = 0.952443982398, ICC = 0.975763884632
Iteration 85: R^2 = 0.951292361586, ICC = 0.975754249555
Iteration 86: R^2 = 0.950135016794, ICC = 0.975337233588
Iteration 87: R^2 = 0.947302404764, ICC = 0.973968656161
Iteration 88: R^2 = 0.950382689084, ICC = 0.974855568154
Iteration 89: R^2 = 0.947639968899, ICC = 0.97318102783
Iteration 90: R^2 = 0.940462007742, ICC = 0.969497627415
Iteration 91: R^2 = 0.948814431446, ICC = 0.973997459449
Iteration 92: R^2 = 0.947500299316, ICC = 0.973262641895
Iteration 93: R^2 = 0.959942007961, ICC = 0.979706845778
Iteration 94: R^2 = 0.943538021187, ICC = 0.970707681837
Iteration 95: R^2 = 0.956147348468, ICC = 0.978552252649
Iteration 96: R^2 = 0.955471699268, ICC = 0.977841985642
Iteration 97: R^2 = 0.957611884749, ICC = 0.978887281069
Iteration 98: R^2 = 0.942253648846, ICC = 0.970840851181
Iteration 99: R^2 = 0.95980639562, ICC = 0.979999276428
R Squared list shape: (100,)
ICC list shape: (100,)
