Running abide_motion_wrapper_JAL.py
Fri Sep 23 12:24:37 EDT 2016
Iteration 0: R^2 = 0.969952352983, ICC = 0.984961304954
Iteration 1: R^2 = 0.972910060968, ICC = 0.986157292323
Iteration 2: R^2 = 0.957895730177, ICC = 0.978297080712
Iteration 3: R^2 = 0.960868493003, ICC = 0.980455901186
Iteration 4: R^2 = 0.974961767928, ICC = 0.987373185707
Iteration 5: R^2 = 0.95613899123, ICC = 0.97866584408
Iteration 6: R^2 = 0.971337946805, ICC = 0.985616739342
Iteration 7: R^2 = 0.971691142028, ICC = 0.985705217723
Iteration 8: R^2 = 0.974982698296, ICC = 0.987575670961
Iteration 9: R^2 = 0.948932147144, ICC = 0.97514621193
Iteration 10: R^2 = 0.955708700708, ICC = 0.977876863943
Iteration 11: R^2 = 0.971501120255, ICC = 0.985505619431
Iteration 12: R^2 = 0.95920394785, ICC = 0.979488270926
Iteration 13: R^2 = 0.972358233517, ICC = 0.986426404752
Iteration 14: R^2 = 0.96454941926, ICC = 0.982861317818
Iteration 15: R^2 = 0.971335709503, ICC = 0.985975307048
Iteration 16: R^2 = 0.953460211718, ICC = 0.975904208315
Iteration 17: R^2 = 0.972567049854, ICC = 0.986612186549
Iteration 18: R^2 = 0.972128531168, ICC = 0.986136848831
Iteration 19: R^2 = 0.959021833275, ICC = 0.979823967037
Iteration 20: R^2 = 0.968968357958, ICC = 0.984782408929
Iteration 21: R^2 = 0.974838314678, ICC = 0.987654054
Iteration 22: R^2 = 0.974344271756, ICC = 0.986865266138
Iteration 23: R^2 = 0.972912926482, ICC = 0.986524301166
Iteration 24: R^2 = 0.974063985588, ICC = 0.987086072675
Iteration 25: R^2 = 0.969488035943, ICC = 0.984516467784
Iteration 26: R^2 = 0.971201667737, ICC = 0.986160872188
Iteration 27: R^2 = 0.964176807084, ICC = 0.982057596791
Iteration 28: R^2 = 0.971768709851, ICC = 0.986001121052
Iteration 29: R^2 = 0.946289627011, ICC = 0.972893467963
Iteration 30: R^2 = 0.970205714972, ICC = 0.984852473535
Iteration 31: R^2 = 0.971326445092, ICC = 0.985509118195
Iteration 32: R^2 = 0.971168987886, ICC = 0.985419218336
Iteration 33: R^2 = 0.973987316922, ICC = 0.987068203151
Iteration 34: R^2 = 0.975322638282, ICC = 0.987659888879
Iteration 35: R^2 = 0.966726900199, ICC = 0.983503836877
Iteration 36: R^2 = 0.970868618074, ICC = 0.984985584524
Iteration 37: R^2 = 0.961166672889, ICC = 0.981161201811
Iteration 38: R^2 = 0.975721811017, ICC = 0.987627113604
Iteration 39: R^2 = 0.974211614403, ICC = 0.98698782716
Iteration 40: R^2 = 0.962829155269, ICC = 0.980676660586
Iteration 41: R^2 = 0.971064309752, ICC = 0.98557599818
Iteration 42: R^2 = 0.975158581884, ICC = 0.987315298173
Iteration 43: R^2 = 0.933082787938, ICC = 0.967507772595
Iteration 44: R^2 = 0.966727912965, ICC = 0.983577151315
Iteration 45: R^2 = 0.96906584701, ICC = 0.984460040535
Iteration 46: R^2 = 0.9660978428, ICC = 0.983482107807
Iteration 47: R^2 = 0.939054630508, ICC = 0.969880170491
Iteration 48: R^2 = 0.975412249934, ICC = 0.987702339438
Iteration 49: R^2 = 0.967894181266, ICC = 0.984187236074
Iteration 50: R^2 = 0.979083772771, ICC = 0.989192278299
Iteration 51: R^2 = 0.975464631027, ICC = 0.987467970048
Iteration 52: R^2 = 0.914118020022, ICC = 0.956002527593
Iteration 53: R^2 = 0.941565752575, ICC = 0.972480283513
Iteration 54: R^2 = 0.974519066544, ICC = 0.987267012774
Iteration 55: R^2 = 0.974429306828, ICC = 0.987196919126
Iteration 56: R^2 = 0.956576643206, ICC = 0.977753740206
Iteration 57: R^2 = 0.966742052525, ICC = 0.983515976717
Iteration 58: R^2 = 0.969123935182, ICC = 0.98445927645
Iteration 59: R^2 = 0.96938645228, ICC = 0.984566223273
Iteration 60: R^2 = 0.972881741064, ICC = 0.986637083945
Iteration 61: R^2 = 0.968107462092, ICC = 0.984516842958
Iteration 62: R^2 = 0.968335844561, ICC = 0.98474280686
Iteration 63: R^2 = 0.970370035085, ICC = 0.985144732126
Iteration 64: R^2 = 0.97446347074, ICC = 0.987155646391
Iteration 65: R^2 = 0.970916031723, ICC = 0.985646594225
Iteration 66: R^2 = 0.976914998782, ICC = 0.988518170711
Iteration 67: R^2 = 0.970781891074, ICC = 0.985532100435
Iteration 68: R^2 = 0.970780986044, ICC = 0.985481502463
Iteration 69: R^2 = 0.967340896299, ICC = 0.984040232994
Iteration 70: R^2 = 0.953958160486, ICC = 0.977134275391
Iteration 71: R^2 = 0.97016760573, ICC = 0.984970571692
Iteration 72: R^2 = 0.969975864534, ICC = 0.985157732563
Iteration 73: R^2 = 0.97034021947, ICC = 0.985379041302
Iteration 74: R^2 = 0.955456450218, ICC = 0.977338223132
Iteration 75: R^2 = 0.972132402174, ICC = 0.98610284503
Iteration 76: R^2 = 0.972712542027, ICC = 0.986421256428
Iteration 77: R^2 = 0.961599332336, ICC = 0.980430484962
Iteration 78: R^2 = 0.96564521368, ICC = 0.983106607954
Iteration 79: R^2 = 0.929305105203, ICC = 0.965672630483
Iteration 80: R^2 = 0.969903714388, ICC = 0.984997010992
Iteration 81: R^2 = 0.973492817183, ICC = 0.986267850202
Iteration 82: R^2 = 0.973023820156, ICC = 0.986445219972
Iteration 83: R^2 = 0.962778453337, ICC = 0.981221020958
Iteration 84: R^2 = 0.973279870765, ICC = 0.986724274826
Iteration 85: R^2 = 0.971216709241, ICC = 0.985725234889
Iteration 86: R^2 = 0.973975358203, ICC = 0.986938278366
Iteration 87: R^2 = 0.971144861003, ICC = 0.985616213162
Iteration 88: R^2 = 0.974435647268, ICC = 0.987150035198
Iteration 89: R^2 = 0.969252597288, ICC = 0.984875706106
Iteration 90: R^2 = 0.976342041394, ICC = 0.988127029308
Iteration 91: R^2 = 0.973812070621, ICC = 0.986854366208
Iteration 92: R^2 = 0.977178496443, ICC = 0.988524405278
Iteration 93: R^2 = 0.967673086195, ICC = 0.984014346513
Iteration 94: R^2 = 0.963890723447, ICC = 0.982409724447
Iteration 95: R^2 = 0.967161350077, ICC = 0.983455004451
Iteration 96: R^2 = 0.973843570395, ICC = 0.986570326164
Iteration 97: R^2 = 0.972385005788, ICC = 0.986022720326
Iteration 98: R^2 = 0.974552357959, ICC = 0.98729481697
Iteration 99: R^2 = 0.97038143133, ICC = 0.985124346298
R Squared list shape: (100,)
ICC list shape: (100,)
