Running abide_motion_wrapper_JAL.py
Fri Sep 23 12:26:52 EDT 2016
Iteration 0: R^2 = 0.875635346117, ICC = 0.938664244932
Iteration 1: R^2 = 0.872409909603, ICC = 0.933950033557
Iteration 2: R^2 = 0.821615651485, ICC = 0.918033545635
Iteration 3: R^2 = 0.855842228755, ICC = 0.933129551103
Iteration 4: R^2 = 0.887711722003, ICC = 0.945732288978
Iteration 5: R^2 = 0.842301939826, ICC = 0.915391860307
Iteration 6: R^2 = 0.894639125572, ICC = 0.945134499458
Iteration 7: R^2 = 0.843793080652, ICC = 0.926916648756
Iteration 8: R^2 = 0.877447872682, ICC = 0.934870314762
Iteration 9: R^2 = 0.884701540093, ICC = 0.943290468013
Iteration 10: R^2 = 0.85886832857, ICC = 0.925385037121
Iteration 11: R^2 = 0.902310811558, ICC = 0.947860481213
Iteration 12: R^2 = 0.811565415039, ICC = 0.912162043251
Iteration 13: R^2 = 0.826789150444, ICC = 0.914170823851
Iteration 14: R^2 = 0.886131902726, ICC = 0.945497237386
Iteration 15: R^2 = 0.911713856326, ICC = 0.956082633942
Iteration 16: R^2 = 0.894466216659, ICC = 0.945476161201
Iteration 17: R^2 = 0.893189948285, ICC = 0.946897363223
Iteration 18: R^2 = 0.893603032817, ICC = 0.947615801168
Iteration 19: R^2 = 0.812202987646, ICC = 0.898539143669
Iteration 20: R^2 = 0.884660894656, ICC = 0.942636318224
Iteration 21: R^2 = 0.825836492182, ICC = 0.907789065632
Iteration 22: R^2 = 0.86815555265, ICC = 0.935363393576
Iteration 23: R^2 = 0.873461487011, ICC = 0.934637252941
Iteration 24: R^2 = 0.881696663986, ICC = 0.940435466677
Iteration 25: R^2 = 0.814881062798, ICC = 0.909120541325
Iteration 26: R^2 = 0.918020996391, ICC = 0.957693265877
Iteration 27: R^2 = 0.834944182468, ICC = 0.922980698217
Iteration 28: R^2 = 0.862395214088, ICC = 0.928541358323
Iteration 29: R^2 = 0.892400527425, ICC = 0.947507278803
Iteration 30: R^2 = 0.878048405534, ICC = 0.940694562722
Iteration 31: R^2 = 0.856209564115, ICC = 0.929710589215
Iteration 32: R^2 = 0.843203945245, ICC = 0.918413111303
Iteration 33: R^2 = 0.768208838743, ICC = 0.887262560121
Iteration 34: R^2 = 0.872985081264, ICC = 0.940047296075
Iteration 35: R^2 = 0.8804841755, ICC = 0.940749410317
Iteration 36: R^2 = 0.861535188366, ICC = 0.934766634749
Iteration 37: R^2 = 0.85017583481, ICC = 0.927712860048
Iteration 38: R^2 = 0.833126617695, ICC = 0.918642949892
Iteration 39: R^2 = 0.899836832297, ICC = 0.949839346434
Iteration 40: R^2 = 0.882510671797, ICC = 0.940475731603
Iteration 41: R^2 = 0.823554817391, ICC = 0.91313173379
Iteration 42: R^2 = 0.896123513843, ICC = 0.946104660484
Iteration 43: R^2 = 0.902239513221, ICC = 0.950891420011
Iteration 44: R^2 = 0.876726629001, ICC = 0.939839414996
Iteration 45: R^2 = 0.846114378203, ICC = 0.92871449365
Iteration 46: R^2 = 0.778189550373, ICC = 0.898276353839
Iteration 47: R^2 = 0.812894363251, ICC = 0.906438083052
Iteration 48: R^2 = 0.889541546825, ICC = 0.947445608878
Iteration 49: R^2 = 0.867706374858, ICC = 0.935435850191
Iteration 50: R^2 = 0.895693217119, ICC = 0.94675079286
Iteration 51: R^2 = 0.863870150313, ICC = 0.934476305474
Iteration 52: R^2 = 0.697276629181, ICC = 0.865595542438
Iteration 53: R^2 = 0.834132123055, ICC = 0.912669244741
Iteration 54: R^2 = 0.867995348149, ICC = 0.937867449416
Iteration 55: R^2 = 0.878627655376, ICC = 0.934024942201
Iteration 56: R^2 = 0.870229574131, ICC = 0.935060161174
Iteration 57: R^2 = 0.881853378564, ICC = 0.941409438642
Iteration 58: R^2 = 0.820620361272, ICC = 0.914094113474
Iteration 59: R^2 = 0.818503912631, ICC = 0.907988049922
Iteration 60: R^2 = 0.827444960604, ICC = 0.918562795852
Iteration 61: R^2 = 0.832383273388, ICC = 0.921252209117
Iteration 62: R^2 = 0.82283937359, ICC = 0.912242239093
Iteration 63: R^2 = 0.898249394318, ICC = 0.946517856656
Iteration 64: R^2 = 0.89404918054, ICC = 0.947050467617
Iteration 65: R^2 = 0.843877741453, ICC = 0.925798863742
Iteration 66: R^2 = 0.879817221704, ICC = 0.940665058253
Iteration 67: R^2 = 0.854879361966, ICC = 0.926106371932
Iteration 68: R^2 = 0.885132815263, ICC = 0.940237296463
Iteration 69: R^2 = 0.825597607597, ICC = 0.902830006196
Iteration 70: R^2 = 0.882991052769, ICC = 0.940112431788
Iteration 71: R^2 = 0.873635170185, ICC = 0.937598232702
Iteration 72: R^2 = 0.887508281014, ICC = 0.943028700866
Iteration 73: R^2 = 0.896936986991, ICC = 0.947999239744
Iteration 74: R^2 = 0.881682988273, ICC = 0.941440701
Iteration 75: R^2 = 0.819548799597, ICC = 0.900958905852
Iteration 76: R^2 = 0.803357057317, ICC = 0.897365665869
Iteration 77: R^2 = 0.890047238793, ICC = 0.944897393041
Iteration 78: R^2 = 0.8809965177, ICC = 0.943512070287
Iteration 79: R^2 = 0.899923682248, ICC = 0.950345961694
Iteration 80: R^2 = 0.862354718676, ICC = 0.934371929943
Iteration 81: R^2 = 0.659704157784, ICC = 0.832746943686
Iteration 82: R^2 = 0.838107861348, ICC = 0.912699531481
Iteration 83: R^2 = 0.84291101598, ICC = 0.918177847667
Iteration 84: R^2 = 0.468886731211, ICC = 0.750843735107
Iteration 85: R^2 = 0.865199375865, ICC = 0.930573373204
Iteration 86: R^2 = 0.88064733535, ICC = 0.942395169647
Iteration 87: R^2 = 0.907851334558, ICC = 0.953865829866
Iteration 88: R^2 = 0.803264344195, ICC = 0.89763936655
Iteration 89: R^2 = 0.758175036857, ICC = 0.891566874397
Iteration 90: R^2 = 0.854535727922, ICC = 0.930792249088
Iteration 91: R^2 = 0.876512731903, ICC = 0.9342560866
Iteration 92: R^2 = 0.887134906138, ICC = 0.945258545093
Iteration 93: R^2 = 0.872646860174, ICC = 0.93641469194
Iteration 94: R^2 = 0.842364930378, ICC = 0.918042065903
Iteration 95: R^2 = 0.824652730243, ICC = 0.913956965646
Iteration 96: R^2 = 0.887272576374, ICC = 0.943444122745
Iteration 97: R^2 = 0.883740991121, ICC = 0.941022329515
Iteration 98: R^2 = 0.674549436763, ICC = 0.855046925049
Iteration 99: R^2 = 0.850896831549, ICC = 0.927992724127
R Squared list shape: (100,)
ICC list shape: (100,)
