Running abide_motion_wrapper_JAL.py
Fri Sep 23 12:29:36 EDT 2016
Iteration 0: R^2 = 0.96897573811, ICC = 0.984621421007
Iteration 1: R^2 = 0.953746089436, ICC = 0.978253272712
Iteration 2: R^2 = 0.940667972182, ICC = 0.970448828084
Iteration 3: R^2 = 0.952895653708, ICC = 0.975328402269
Iteration 4: R^2 = 0.917901607911, ICC = 0.960377945599
Iteration 5: R^2 = 0.946579558684, ICC = 0.97462053257
Iteration 6: R^2 = 0.963368752098, ICC = 0.981162847697
Iteration 7: R^2 = 0.963448550085, ICC = 0.981633196195
Iteration 8: R^2 = 0.955537821584, ICC = 0.978228235602
Iteration 9: R^2 = 0.95435417388, ICC = 0.976838228173
Iteration 10: R^2 = 0.957278521048, ICC = 0.979376581607
Iteration 11: R^2 = 0.969658219185, ICC = 0.984473233242
Iteration 12: R^2 = 0.964546798744, ICC = 0.982396216338
Iteration 13: R^2 = 0.961195708141, ICC = 0.981141449693
Iteration 14: R^2 = 0.943078019409, ICC = 0.970519824842
Iteration 15: R^2 = 0.96711818341, ICC = 0.983727779464
Iteration 16: R^2 = 0.9410341684, ICC = 0.971770092564
Iteration 17: R^2 = 0.968640539187, ICC = 0.984291522053
Iteration 18: R^2 = 0.972360985193, ICC = 0.986124221746
Iteration 19: R^2 = 0.950430197902, ICC = 0.975693531488
Iteration 20: R^2 = 0.94678597945, ICC = 0.974407394304
Iteration 21: R^2 = 0.964733643492, ICC = 0.982053520474
Iteration 22: R^2 = 0.95503458294, ICC = 0.97755845992
Iteration 23: R^2 = 0.935857016781, ICC = 0.966817433168
Iteration 24: R^2 = 0.971974481796, ICC = 0.985717480632
Iteration 25: R^2 = 0.958782118994, ICC = 0.978558815178
Iteration 26: R^2 = 0.96419512283, ICC = 0.981627052661
Iteration 27: R^2 = 0.966106140533, ICC = 0.982774846644
Iteration 28: R^2 = 0.94158911967, ICC = 0.970366344063
Iteration 29: R^2 = 0.96520599492, ICC = 0.983036895605
Iteration 30: R^2 = 0.959528965733, ICC = 0.980738267159
Iteration 31: R^2 = 0.965288271185, ICC = 0.982834204316
Iteration 32: R^2 = 0.970790673287, ICC = 0.985394260923
Iteration 33: R^2 = 0.962134181911, ICC = 0.98022727454
Iteration 34: R^2 = 0.969674975952, ICC = 0.984861962276
Iteration 35: R^2 = 0.949994351539, ICC = 0.974330587864
Iteration 36: R^2 = 0.966062399336, ICC = 0.983365866549
Iteration 37: R^2 = 0.964722292624, ICC = 0.981977690003
Iteration 38: R^2 = 0.965087791074, ICC = 0.982675066112
Iteration 39: R^2 = 0.953151416725, ICC = 0.975818695193
Iteration 40: R^2 = 0.969612295446, ICC = 0.984851641265
Iteration 41: R^2 = 0.960767144466, ICC = 0.980644815691
Iteration 42: R^2 = 0.966537290205, ICC = 0.983361130924
Iteration 43: R^2 = 0.950146552078, ICC = 0.974784296927
Iteration 44: R^2 = 0.959014566106, ICC = 0.980212416542
Iteration 45: R^2 = 0.957445806367, ICC = 0.978728096968
Iteration 46: R^2 = 0.945766732585, ICC = 0.971933840572
Iteration 47: R^2 = 0.961750276709, ICC = 0.98096653493
Iteration 48: R^2 = 0.961740695927, ICC = 0.981600815298
Iteration 49: R^2 = 0.948555505981, ICC = 0.974960543359
Iteration 50: R^2 = 0.966024942536, ICC = 0.982366937641
Iteration 51: R^2 = 0.964635986835, ICC = 0.981717401032
Iteration 52: R^2 = 0.930074216455, ICC = 0.964179167208
Iteration 53: R^2 = 0.942867631806, ICC = 0.97100790156
Iteration 54: R^2 = 0.937978342816, ICC = 0.970113450092
Iteration 55: R^2 = 0.960961945511, ICC = 0.981132893373
Iteration 56: R^2 = 0.919731586343, ICC = 0.960558093236
Iteration 57: R^2 = 0.955680368509, ICC = 0.978065738776
Iteration 58: R^2 = 0.962300441836, ICC = 0.980488096477
Iteration 59: R^2 = 0.967929978652, ICC = 0.984133687239
Iteration 60: R^2 = 0.958133827887, ICC = 0.977990401887
Iteration 61: R^2 = 0.965125125662, ICC = 0.982295480406
Iteration 62: R^2 = 0.929482224093, ICC = 0.965637124778
Iteration 63: R^2 = 0.970154964116, ICC = 0.985129139117
Iteration 64: R^2 = 0.951458333721, ICC = 0.975003300108
Iteration 65: R^2 = 0.94681990956, ICC = 0.973966476669
Iteration 66: R^2 = 0.96211764578, ICC = 0.981261877966
Iteration 67: R^2 = 0.953819867169, ICC = 0.978002544134
Iteration 68: R^2 = 0.963652687348, ICC = 0.982075598488
Iteration 69: R^2 = 0.939323819289, ICC = 0.96833510021
Iteration 70: R^2 = 0.953342340543, ICC = 0.977625044045
Iteration 71: R^2 = 0.960179533381, ICC = 0.979488736986
Iteration 72: R^2 = 0.960519083657, ICC = 0.980398390765
Iteration 73: R^2 = 0.96609620877, ICC = 0.983588620044
Iteration 74: R^2 = 0.968365466735, ICC = 0.98395473121
Iteration 75: R^2 = 0.96773883516, ICC = 0.984029417544
Iteration 76: R^2 = 0.942037274365, ICC = 0.971705491627
Iteration 77: R^2 = 0.968276585236, ICC = 0.983858008515
Iteration 78: R^2 = 0.960811750917, ICC = 0.981013295171
Iteration 79: R^2 = 0.966685180419, ICC = 0.982652119945
Iteration 80: R^2 = 0.962428332206, ICC = 0.980697629415
Iteration 81: R^2 = 0.965974285355, ICC = 0.983300955804
Iteration 82: R^2 = 0.959687525111, ICC = 0.97993068322
Iteration 83: R^2 = 0.955497351781, ICC = 0.977459528909
Iteration 84: R^2 = 0.963031424344, ICC = 0.981496284481
Iteration 85: R^2 = 0.971019156117, ICC = 0.985918758978
Iteration 86: R^2 = 0.957947980641, ICC = 0.978730479907
Iteration 87: R^2 = 0.973646970396, ICC = 0.986694338623
Iteration 88: R^2 = 0.961888696831, ICC = 0.981513962123
Iteration 89: R^2 = 0.969492795619, ICC = 0.984904757381
Iteration 90: R^2 = 0.95960613658, ICC = 0.979502407071
Iteration 91: R^2 = 0.96506343044, ICC = 0.982706089013
Iteration 92: R^2 = 0.935837509705, ICC = 0.967167481528
Iteration 93: R^2 = 0.971365140881, ICC = 0.985578329984
Iteration 94: R^2 = 0.969764201135, ICC = 0.984912058651
Iteration 95: R^2 = 0.920346695131, ICC = 0.958935653481
Iteration 96: R^2 = 0.963631408651, ICC = 0.981702687934
Iteration 97: R^2 = 0.966404220097, ICC = 0.983441479337
Iteration 98: R^2 = 0.94868410211, ICC = 0.97454575754
Iteration 99: R^2 = 0.953336323994, ICC = 0.977231628332
R Squared list shape: (100,)
ICC list shape: (100,)
