Running abide_motion_wrapper_JAL.py
Fri Sep 23 12:26:04 EDT 2016
Iteration 0: R^2 = 0.936103448398, ICC = 0.967621742767
Iteration 1: R^2 = 0.972535051526, ICC = 0.986192595135
Iteration 2: R^2 = 0.964390849893, ICC = 0.981914074313
Iteration 3: R^2 = 0.97355742637, ICC = 0.986943253982
Iteration 4: R^2 = 0.95911877683, ICC = 0.97942723608
Iteration 5: R^2 = 0.92881487981, ICC = 0.966306926929
Iteration 6: R^2 = 0.965131712294, ICC = 0.982028180229
Iteration 7: R^2 = 0.972148448296, ICC = 0.98590872163
Iteration 8: R^2 = 0.958144125707, ICC = 0.979264848705
Iteration 9: R^2 = 0.968981963462, ICC = 0.98432983338
Iteration 10: R^2 = 0.964472823532, ICC = 0.981471591762
Iteration 11: R^2 = 0.973376791414, ICC = 0.986455430422
Iteration 12: R^2 = 0.965884293773, ICC = 0.982980404741
Iteration 13: R^2 = 0.964580258184, ICC = 0.982336095436
Iteration 14: R^2 = 0.952497758586, ICC = 0.97612922868
Iteration 15: R^2 = 0.952070165181, ICC = 0.976429985006
Iteration 16: R^2 = 0.971849908812, ICC = 0.985425067753
Iteration 17: R^2 = 0.964951702897, ICC = 0.9819178681
Iteration 18: R^2 = 0.957958094677, ICC = 0.978639579852
Iteration 19: R^2 = 0.973311027668, ICC = 0.986275963044
Iteration 20: R^2 = 0.968992847412, ICC = 0.984639600753
Iteration 21: R^2 = 0.962436850779, ICC = 0.981659828081
Iteration 22: R^2 = 0.956749842462, ICC = 0.978751846368
Iteration 23: R^2 = 0.968327189938, ICC = 0.984043503059
Iteration 24: R^2 = 0.95519847017, ICC = 0.978286026954
Iteration 25: R^2 = 0.954504520033, ICC = 0.976632878846
Iteration 26: R^2 = 0.959168561128, ICC = 0.980204520955
Iteration 27: R^2 = 0.967594312374, ICC = 0.983995758925
Iteration 28: R^2 = 0.966642502163, ICC = 0.983422477999
Iteration 29: R^2 = 0.958280393216, ICC = 0.97912059476
Iteration 30: R^2 = 0.967624156775, ICC = 0.983808523334
Iteration 31: R^2 = 0.974449155653, ICC = 0.987192887872
Iteration 32: R^2 = 0.969840108451, ICC = 0.98519241086
Iteration 33: R^2 = 0.966025503429, ICC = 0.982804830795
Iteration 34: R^2 = 0.969253317949, ICC = 0.98503319298
Iteration 35: R^2 = 0.969605927787, ICC = 0.985147218764
Iteration 36: R^2 = 0.964741669716, ICC = 0.982900810126
Iteration 37: R^2 = 0.954961755924, ICC = 0.977206071494
Iteration 38: R^2 = 0.972111699594, ICC = 0.986077835491
Iteration 39: R^2 = 0.965365388115, ICC = 0.98302787467
Iteration 40: R^2 = 0.960117893137, ICC = 0.980090847821
Iteration 41: R^2 = 0.963956141394, ICC = 0.982107314915
Iteration 42: R^2 = 0.946755271591, ICC = 0.972894374833
Iteration 43: R^2 = 0.970061807185, ICC = 0.984965367581
Iteration 44: R^2 = 0.948116879678, ICC = 0.974815853053
Iteration 45: R^2 = 0.958117343475, ICC = 0.978662733278
Iteration 46: R^2 = 0.974394672216, ICC = 0.987255812493
Iteration 47: R^2 = 0.976105304909, ICC = 0.988344233465
Iteration 48: R^2 = 0.960437745869, ICC = 0.9800298487
Iteration 49: R^2 = 0.946194886223, ICC = 0.973376516998
Iteration 50: R^2 = 0.968671484985, ICC = 0.983871385314
Iteration 51: R^2 = 0.939643072691, ICC = 0.968884001314
Iteration 52: R^2 = 0.946721500332, ICC = 0.973063772338
Iteration 53: R^2 = 0.963931246767, ICC = 0.981481268346
Iteration 54: R^2 = 0.962535958707, ICC = 0.980730383183
Iteration 55: R^2 = 0.96937091595, ICC = 0.984908701528
Iteration 56: R^2 = 0.957593524552, ICC = 0.978618791983
Iteration 57: R^2 = 0.974380603053, ICC = 0.987284032384
Iteration 58: R^2 = 0.948428117564, ICC = 0.973740740176
Iteration 59: R^2 = 0.970591938748, ICC = 0.985165338547
Iteration 60: R^2 = 0.970451534018, ICC = 0.985071240428
Iteration 61: R^2 = 0.974161913258, ICC = 0.987145632686
Iteration 62: R^2 = 0.922968524451, ICC = 0.962503014099
Iteration 63: R^2 = 0.967033303443, ICC = 0.983809134627
Iteration 64: R^2 = 0.974448733676, ICC = 0.987631888793
Iteration 65: R^2 = 0.969081936726, ICC = 0.984942479359
Iteration 66: R^2 = 0.965865384712, ICC = 0.982383261605
Iteration 67: R^2 = 0.970987797679, ICC = 0.984950241158
Iteration 68: R^2 = 0.972653437329, ICC = 0.986425640956
Iteration 69: R^2 = 0.966000965933, ICC = 0.983037925165
Iteration 70: R^2 = 0.966572383307, ICC = 0.983792706068
Iteration 71: R^2 = 0.945179575988, ICC = 0.972087965622
Iteration 72: R^2 = 0.969834742715, ICC = 0.984767292306
Iteration 73: R^2 = 0.970324518778, ICC = 0.984683549901
Iteration 74: R^2 = 0.972748274799, ICC = 0.985971632795
Iteration 75: R^2 = 0.973840095133, ICC = 0.987204625218
Iteration 76: R^2 = 0.973381111833, ICC = 0.986805831567
Iteration 77: R^2 = 0.96900137691, ICC = 0.984803980253
Iteration 78: R^2 = 0.957676040642, ICC = 0.978151284569
Iteration 79: R^2 = 0.968648934051, ICC = 0.984305677419
Iteration 80: R^2 = 0.964704525325, ICC = 0.982296753863
Iteration 81: R^2 = 0.947645176777, ICC = 0.974297970054
Iteration 82: R^2 = 0.969339819704, ICC = 0.984549247167
Iteration 83: R^2 = 0.95701180843, ICC = 0.978242438436
Iteration 84: R^2 = 0.940140507355, ICC = 0.969188736761
Iteration 85: R^2 = 0.968768949927, ICC = 0.98430616662
Iteration 86: R^2 = 0.97296975222, ICC = 0.986711060188
Iteration 87: R^2 = 0.967293635444, ICC = 0.983741202842
Iteration 88: R^2 = 0.974018125197, ICC = 0.987138467061
Iteration 89: R^2 = 0.966386504426, ICC = 0.982836050757
Iteration 90: R^2 = 0.965686676092, ICC = 0.9831001302
Iteration 91: R^2 = 0.970527204172, ICC = 0.985724730706
Iteration 92: R^2 = 0.975970976151, ICC = 0.987938480832
Iteration 93: R^2 = 0.966549153846, ICC = 0.982961439698
Iteration 94: R^2 = 0.92137268615, ICC = 0.963123264674
Iteration 95: R^2 = 0.975384135067, ICC = 0.987883952515
Iteration 96: R^2 = 0.963346774215, ICC = 0.982000267001
Iteration 97: R^2 = 0.974602459041, ICC = 0.986979728213
Iteration 98: R^2 = 0.973922164142, ICC = 0.987171530095
Iteration 99: R^2 = 0.966376297908, ICC = 0.98383919307
R Squared list shape: (100,)
ICC list shape: (100,)
