Running abide_motion_wrapper_JAL.py
Fri Sep 23 12:27:42 EDT 2016
Iteration 0: R^2 = 0.972784694725, ICC = 0.986520880665
Iteration 1: R^2 = 0.972410883783, ICC = 0.985742225855
Iteration 2: R^2 = 0.948256119526, ICC = 0.974736653513
Iteration 3: R^2 = 0.972687876253, ICC = 0.986157097959
Iteration 4: R^2 = 0.968915583887, ICC = 0.984604703147
Iteration 5: R^2 = 0.960412774559, ICC = 0.979443523934
Iteration 6: R^2 = 0.924352564212, ICC = 0.963625618324
Iteration 7: R^2 = 0.968790296828, ICC = 0.984573893266
Iteration 8: R^2 = 0.972020206095, ICC = 0.985940720684
Iteration 9: R^2 = 0.962511447914, ICC = 0.981668809014
Iteration 10: R^2 = 0.977052569846, ICC = 0.988353109573
Iteration 11: R^2 = 0.967088747155, ICC = 0.983896365618
Iteration 12: R^2 = 0.969983622928, ICC = 0.984921103778
Iteration 13: R^2 = 0.977185341648, ICC = 0.988573566807
Iteration 14: R^2 = 0.972502654736, ICC = 0.986304076346
Iteration 15: R^2 = 0.954410029238, ICC = 0.977697893226
Iteration 16: R^2 = 0.977095761246, ICC = 0.988640432136
Iteration 17: R^2 = 0.959285091967, ICC = 0.979831972751
Iteration 18: R^2 = 0.944912348769, ICC = 0.973447792761
Iteration 19: R^2 = 0.960268866499, ICC = 0.980266116131
Iteration 20: R^2 = 0.973935766575, ICC = 0.98700939579
Iteration 21: R^2 = 0.973466971361, ICC = 0.986345520861
Iteration 22: R^2 = 0.963381404256, ICC = 0.981979028891
Iteration 23: R^2 = 0.961014933366, ICC = 0.980919664354
Iteration 24: R^2 = 0.97441722813, ICC = 0.987310791963
Iteration 25: R^2 = 0.956888531058, ICC = 0.97912095062
Iteration 26: R^2 = 0.970768381719, ICC = 0.98533572008
Iteration 27: R^2 = 0.958680890139, ICC = 0.979702498567
Iteration 28: R^2 = 0.958538561827, ICC = 0.978929250736
Iteration 29: R^2 = 0.949238449168, ICC = 0.975477111296
Iteration 30: R^2 = 0.958307156614, ICC = 0.97969878022
Iteration 31: R^2 = 0.978046158844, ICC = 0.989263461653
Iteration 32: R^2 = 0.962525686995, ICC = 0.981370639679
Iteration 33: R^2 = 0.962644627377, ICC = 0.98108629642
Iteration 34: R^2 = 0.970840119356, ICC = 0.98485638818
Iteration 35: R^2 = 0.96771115032, ICC = 0.983952985286
Iteration 36: R^2 = 0.963874513596, ICC = 0.981998646635
Iteration 37: R^2 = 0.926081930772, ICC = 0.961942136867
Iteration 38: R^2 = 0.94184591707, ICC = 0.970505068593
Iteration 39: R^2 = 0.951213551086, ICC = 0.976323643519
Iteration 40: R^2 = 0.961894434599, ICC = 0.981028273091
Iteration 41: R^2 = 0.967622436586, ICC = 0.983585270242
Iteration 42: R^2 = 0.968917248547, ICC = 0.984509433744
Iteration 43: R^2 = 0.971928442717, ICC = 0.98628152634
Iteration 44: R^2 = 0.955379696548, ICC = 0.977526607368
Iteration 45: R^2 = 0.969710176117, ICC = 0.984283104226
Iteration 46: R^2 = 0.962447049141, ICC = 0.98048913957
Iteration 47: R^2 = 0.969979555039, ICC = 0.98532830194
Iteration 48: R^2 = 0.974526676279, ICC = 0.987038480498
Iteration 49: R^2 = 0.968601589958, ICC = 0.984425350061
Iteration 50: R^2 = 0.887478138428, ICC = 0.943585542249
Iteration 51: R^2 = 0.944034302549, ICC = 0.970858836628
Iteration 52: R^2 = 0.913111252537, ICC = 0.95823700502
Iteration 53: R^2 = 0.9705828489, ICC = 0.985198531825
Iteration 54: R^2 = 0.917679290292, ICC = 0.958166610851
Iteration 55: R^2 = 0.969604883032, ICC = 0.984852343336
Iteration 56: R^2 = 0.960978217776, ICC = 0.980717601109
Iteration 57: R^2 = 0.977618187212, ICC = 0.988900322745
Iteration 58: R^2 = 0.97406018548, ICC = 0.987084951989
Iteration 59: R^2 = 0.971812976065, ICC = 0.986322473972
Iteration 60: R^2 = 0.964932803855, ICC = 0.982665581989
Iteration 61: R^2 = 0.970070939272, ICC = 0.984928102246
Iteration 62: R^2 = 0.96509282379, ICC = 0.983122114162
Iteration 63: R^2 = 0.970086720888, ICC = 0.985259252617
Iteration 64: R^2 = 0.972453565347, ICC = 0.986326959823
Iteration 65: R^2 = 0.930068586022, ICC = 0.965474614448
Iteration 66: R^2 = 0.941802496035, ICC = 0.97188219415
Iteration 67: R^2 = 0.96669849268, ICC = 0.983674324358
Iteration 68: R^2 = 0.963192804224, ICC = 0.981032905281
Iteration 69: R^2 = 0.974446336944, ICC = 0.987058638748
Iteration 70: R^2 = 0.970888534895, ICC = 0.985486631685
Iteration 71: R^2 = 0.965612555108, ICC = 0.982978234858
Iteration 72: R^2 = 0.974246563959, ICC = 0.986850073319
Iteration 73: R^2 = 0.969873461132, ICC = 0.984831456335
Iteration 74: R^2 = 0.910548790714, ICC = 0.957865541301
Iteration 75: R^2 = 0.969679449228, ICC = 0.984643170813
Iteration 76: R^2 = 0.965569144382, ICC = 0.982938212357
Iteration 77: R^2 = 0.972380812187, ICC = 0.986484817326
Iteration 78: R^2 = 0.975751066271, ICC = 0.987783770688
Iteration 79: R^2 = 0.971574050591, ICC = 0.986032827091
Iteration 80: R^2 = 0.969130664098, ICC = 0.984474858014
Iteration 81: R^2 = 0.975609105325, ICC = 0.987884326761
Iteration 82: R^2 = 0.959273420556, ICC = 0.979689655333
Iteration 83: R^2 = 0.945055783477, ICC = 0.972164963318
Iteration 84: R^2 = 0.974971383786, ICC = 0.987618561142
Iteration 85: R^2 = 0.965399970578, ICC = 0.982437190282
Iteration 86: R^2 = 0.975307992284, ICC = 0.987558497557
Iteration 87: R^2 = 0.95799042491, ICC = 0.978089865744
Iteration 88: R^2 = 0.969478011647, ICC = 0.985187768588
Iteration 89: R^2 = 0.963541006028, ICC = 0.981805533304
Iteration 90: R^2 = 0.970621639438, ICC = 0.985444278484
Iteration 91: R^2 = 0.97476985186, ICC = 0.987556821088
Iteration 92: R^2 = 0.97267322334, ICC = 0.986811859293
Iteration 93: R^2 = 0.966378173317, ICC = 0.983138686393
Iteration 94: R^2 = 0.975228422539, ICC = 0.987721977119
Iteration 95: R^2 = 0.963562866997, ICC = 0.981921513245
Iteration 96: R^2 = 0.950855437317, ICC = 0.976665408504
Iteration 97: R^2 = 0.960917484558, ICC = 0.980524420972
Iteration 98: R^2 = 0.968142560549, ICC = 0.984434793235
Iteration 99: R^2 = 0.971133533295, ICC = 0.985330583794
R Squared list shape: (100,)
ICC list shape: (100,)
