Running abide_motion_wrapper_JAL.py
Fri Sep 23 12:26:51 EDT 2016
Iteration 0: R^2 = 0.963582431598, ICC = 0.981427610106
Iteration 1: R^2 = 0.948404800832, ICC = 0.974566137138
Iteration 2: R^2 = 0.931260339896, ICC = 0.966145318474
Iteration 3: R^2 = 0.928158436254, ICC = 0.964494762445
Iteration 4: R^2 = 0.95466360241, ICC = 0.977217071503
Iteration 5: R^2 = 0.946516234096, ICC = 0.97196700202
Iteration 6: R^2 = 0.960106922825, ICC = 0.97945312281
Iteration 7: R^2 = 0.894746469999, ICC = 0.948536211523
Iteration 8: R^2 = 0.96348629, ICC = 0.9816219775
Iteration 9: R^2 = 0.965896258324, ICC = 0.983163291378
Iteration 10: R^2 = 0.967633161584, ICC = 0.983715998513
Iteration 11: R^2 = 0.917890363405, ICC = 0.959449168487
Iteration 12: R^2 = 0.965174375414, ICC = 0.98246739184
Iteration 13: R^2 = 0.947469469939, ICC = 0.974033319071
Iteration 14: R^2 = 0.959005670595, ICC = 0.978935731839
Iteration 15: R^2 = 0.953557689651, ICC = 0.975748729447
Iteration 16: R^2 = 0.959695884252, ICC = 0.980001226441
Iteration 17: R^2 = 0.959927722417, ICC = 0.980591972413
Iteration 18: R^2 = 0.952742185473, ICC = 0.975154590817
Iteration 19: R^2 = 0.957027702508, ICC = 0.978542754897
Iteration 20: R^2 = 0.963696560344, ICC = 0.982065421072
Iteration 21: R^2 = 0.950706309774, ICC = 0.974763766292
Iteration 22: R^2 = 0.960422345698, ICC = 0.979899800495
Iteration 23: R^2 = 0.91647252852, ICC = 0.957210687862
Iteration 24: R^2 = 0.9648167044, ICC = 0.982354099925
Iteration 25: R^2 = 0.962399342711, ICC = 0.981008991073
Iteration 26: R^2 = 0.953098859429, ICC = 0.976221341257
Iteration 27: R^2 = 0.95694000705, ICC = 0.978852561833
Iteration 28: R^2 = 0.958140193247, ICC = 0.979432554914
Iteration 29: R^2 = 0.960923575871, ICC = 0.979976717321
Iteration 30: R^2 = 0.953314293673, ICC = 0.976108998989
Iteration 31: R^2 = 0.960676948908, ICC = 0.981190873174
Iteration 32: R^2 = 0.951285711432, ICC = 0.976323479744
Iteration 33: R^2 = 0.943647013237, ICC = 0.970690508103
Iteration 34: R^2 = 0.960624767119, ICC = 0.980689340445
Iteration 35: R^2 = 0.960399888287, ICC = 0.979886200272
Iteration 36: R^2 = 0.959067313461, ICC = 0.979847554103
Iteration 37: R^2 = 0.956671284215, ICC = 0.977933908587
Iteration 38: R^2 = 0.948774782231, ICC = 0.974692755561
Iteration 39: R^2 = 0.91324005536, ICC = 0.958706115215
Iteration 40: R^2 = 0.959593636463, ICC = 0.979090763913
Iteration 41: R^2 = 0.963673468549, ICC = 0.981936174179
Iteration 42: R^2 = 0.95402228358, ICC = 0.977345097682
Iteration 43: R^2 = 0.946671994451, ICC = 0.974449402281
Iteration 44: R^2 = 0.959103420492, ICC = 0.978660227914
Iteration 45: R^2 = 0.960617667847, ICC = 0.980759099167
Iteration 46: R^2 = 0.962291284822, ICC = 0.980749694565
Iteration 47: R^2 = 0.944177506104, ICC = 0.972845152381
Iteration 48: R^2 = 0.947290904559, ICC = 0.973498730984
Iteration 49: R^2 = 0.948084493487, ICC = 0.974999136999
Iteration 50: R^2 = 0.94548261914, ICC = 0.971930873486
Iteration 51: R^2 = 0.963730509199, ICC = 0.982339767849
Iteration 52: R^2 = 0.939632796064, ICC = 0.969068552529
Iteration 53: R^2 = 0.966148361939, ICC = 0.982874482745
Iteration 54: R^2 = 0.945441266297, ICC = 0.973216743117
Iteration 55: R^2 = 0.913626871555, ICC = 0.954478557338
Iteration 56: R^2 = 0.957515283565, ICC = 0.978681467848
Iteration 57: R^2 = 0.961316648627, ICC = 0.981473529748
Iteration 58: R^2 = 0.964539829651, ICC = 0.982069176235
Iteration 59: R^2 = 0.961776445624, ICC = 0.980887941325
Iteration 60: R^2 = 0.92846262108, ICC = 0.964753444084
Iteration 61: R^2 = 0.95210740711, ICC = 0.976521043036
Iteration 62: R^2 = 0.891407494896, ICC = 0.948758454978
Iteration 63: R^2 = 0.905033917879, ICC = 0.950608785438
Iteration 64: R^2 = 0.962410429169, ICC = 0.981648573389
Iteration 65: R^2 = 0.953072750077, ICC = 0.976030226192
Iteration 66: R^2 = 0.927074945107, ICC = 0.962430057876
Iteration 67: R^2 = 0.96487629472, ICC = 0.982587122953
Iteration 68: R^2 = 0.957987591831, ICC = 0.979204590449
Iteration 69: R^2 = 0.966558924342, ICC = 0.983426217653
Iteration 70: R^2 = 0.895379534217, ICC = 0.946010184266
Iteration 71: R^2 = 0.967322054699, ICC = 0.983771476673
Iteration 72: R^2 = 0.934839307643, ICC = 0.969196056262
Iteration 73: R^2 = 0.959733820252, ICC = 0.980569625979
Iteration 74: R^2 = 0.942111037535, ICC = 0.970732115002
Iteration 75: R^2 = 0.956448683007, ICC = 0.977901681415
Iteration 76: R^2 = 0.957067179529, ICC = 0.978822287589
Iteration 77: R^2 = 0.949327980828, ICC = 0.974922937356
Iteration 78: R^2 = 0.961381383022, ICC = 0.980588139505
Iteration 79: R^2 = 0.951661247665, ICC = 0.976175757307
Iteration 80: R^2 = 0.934065275663, ICC = 0.968025599454
Iteration 81: R^2 = 0.960595516048, ICC = 0.980685691927
Iteration 82: R^2 = 0.965283040757, ICC = 0.982929334239
Iteration 83: R^2 = 0.947271195808, ICC = 0.972431955755
Iteration 84: R^2 = 0.95679332051, ICC = 0.977958866333
Iteration 85: R^2 = 0.970503688557, ICC = 0.985429168434
Iteration 86: R^2 = 0.922560449117, ICC = 0.96025358
Iteration 87: R^2 = 0.966128885752, ICC = 0.983225127639
Iteration 88: R^2 = 0.962771796458, ICC = 0.9817812298
Iteration 89: R^2 = 0.951730623378, ICC = 0.975966189433
Iteration 90: R^2 = 0.951379309387, ICC = 0.975740411571
Iteration 91: R^2 = 0.950354951493, ICC = 0.974450864011
Iteration 92: R^2 = 0.922449267188, ICC = 0.961200667664
Iteration 93: R^2 = 0.874911187086, ICC = 0.93612085579
Iteration 94: R^2 = 0.961468806098, ICC = 0.980726230117
Iteration 95: R^2 = 0.967155589808, ICC = 0.98371234399
Iteration 96: R^2 = 0.941094263115, ICC = 0.971479533473
Iteration 97: R^2 = 0.908496582488, ICC = 0.956036417627
Iteration 98: R^2 = 0.960017163669, ICC = 0.980079188921
Iteration 99: R^2 = 0.891793121347, ICC = 0.945661659053
R Squared list shape: (100,)
ICC list shape: (100,)
