Running abide_motion_wrapper_JAL.py
Fri Sep 23 12:24:37 EDT 2016
Iteration 0: R^2 = 0.904114384652, ICC = 0.955375923534
Iteration 1: R^2 = 0.792400712687, ICC = 0.907239935587
Iteration 2: R^2 = 0.924527601485, ICC = 0.962381115137
Iteration 3: R^2 = 0.925280124588, ICC = 0.96178351275
Iteration 4: R^2 = 0.850370336151, ICC = 0.93021393121
Iteration 5: R^2 = 0.925595525647, ICC = 0.962218268301
Iteration 6: R^2 = 0.88257359999, ICC = 0.94378299385
Iteration 7: R^2 = 0.936988101116, ICC = 0.968251161293
Iteration 8: R^2 = 0.931881299666, ICC = 0.966785454898
Iteration 9: R^2 = 0.912640538398, ICC = 0.956907366143
Iteration 10: R^2 = 0.842236673793, ICC = 0.9259677568
Iteration 11: R^2 = 0.925114991764, ICC = 0.961037169011
Iteration 12: R^2 = 0.913965666707, ICC = 0.957611981114
Iteration 13: R^2 = 0.906782878893, ICC = 0.951991321966
Iteration 14: R^2 = 0.912771765658, ICC = 0.955450159892
Iteration 15: R^2 = 0.840044783461, ICC = 0.919106587098
Iteration 16: R^2 = 0.92086521179, ICC = 0.960901249672
Iteration 17: R^2 = 0.921816501649, ICC = 0.959153496533
Iteration 18: R^2 = 0.922340312162, ICC = 0.960471393228
Iteration 19: R^2 = 0.924417662053, ICC = 0.962990544065
Iteration 20: R^2 = 0.895066401646, ICC = 0.951541929588
Iteration 21: R^2 = 0.94014921643, ICC = 0.969963029575
Iteration 22: R^2 = 0.900139805647, ICC = 0.952827818036
Iteration 23: R^2 = 0.912405102564, ICC = 0.958881680769
Iteration 24: R^2 = 0.934127587674, ICC = 0.967308834291
Iteration 25: R^2 = 0.848122393648, ICC = 0.927744491836
Iteration 26: R^2 = 0.919301438132, ICC = 0.959886217628
Iteration 27: R^2 = 0.925106775251, ICC = 0.963405541768
Iteration 28: R^2 = 0.934066747231, ICC = 0.966533426938
Iteration 29: R^2 = 0.925368518944, ICC = 0.962435877814
Iteration 30: R^2 = 0.934212376653, ICC = 0.965320276309
Iteration 31: R^2 = 0.903715060543, ICC = 0.951937428703
Iteration 32: R^2 = 0.919343944506, ICC = 0.959235626882
Iteration 33: R^2 = 0.92168488187, ICC = 0.960911114899
Iteration 34: R^2 = 0.897773118689, ICC = 0.950625346589
Iteration 35: R^2 = 0.940637217644, ICC = 0.970668926919
Iteration 36: R^2 = 0.935375799326, ICC = 0.967716825166
Iteration 37: R^2 = 0.913084569861, ICC = 0.957671482
Iteration 38: R^2 = 0.921689191848, ICC = 0.959907885947
Iteration 39: R^2 = 0.884206582387, ICC = 0.942136262211
Iteration 40: R^2 = 0.915735278381, ICC = 0.958690341902
Iteration 41: R^2 = 0.796674348435, ICC = 0.898368954316
Iteration 42: R^2 = 0.933850554488, ICC = 0.965280445108
Iteration 43: R^2 = 0.927755702001, ICC = 0.963873647764
Iteration 44: R^2 = 0.899166676106, ICC = 0.947573573529
Iteration 45: R^2 = 0.870945785577, ICC = 0.936876988487
Iteration 46: R^2 = 0.900374678788, ICC = 0.952303360039
Iteration 47: R^2 = 0.909503793487, ICC = 0.955443405687
Iteration 48: R^2 = 0.903540227862, ICC = 0.949490252895
Iteration 49: R^2 = 0.883506561139, ICC = 0.942880484267
Iteration 50: R^2 = 0.8212868556, ICC = 0.914022281677
Iteration 51: R^2 = 0.923263335888, ICC = 0.96243143926
Iteration 52: R^2 = 0.9338111907, ICC = 0.96607919519
Iteration 53: R^2 = 0.888000131526, ICC = 0.944190891539
Iteration 54: R^2 = 0.941761001217, ICC = 0.971006966633
Iteration 55: R^2 = 0.93116017412, ICC = 0.964925973216
Iteration 56: R^2 = 0.890749611634, ICC = 0.945194250283
Iteration 57: R^2 = 0.897330547642, ICC = 0.948856682148
Iteration 58: R^2 = 0.906671733962, ICC = 0.953520630956
Iteration 59: R^2 = 0.931846598917, ICC = 0.966621726861
Iteration 60: R^2 = 0.91674189717, ICC = 0.958012410103
Iteration 61: R^2 = 0.778985690988, ICC = 0.885683758248
Iteration 62: R^2 = 0.929101148021, ICC = 0.963391701905
Iteration 63: R^2 = 0.907101861221, ICC = 0.953985958668
Iteration 64: R^2 = 0.926109242369, ICC = 0.964521045563
Iteration 65: R^2 = 0.891850529602, ICC = 0.9446732448
Iteration 66: R^2 = 0.882971530059, ICC = 0.942523708819
Iteration 67: R^2 = 0.926653515113, ICC = 0.963634962916
Iteration 68: R^2 = 0.822815198079, ICC = 0.913121912561
Iteration 69: R^2 = 0.917517245092, ICC = 0.959100707311
Iteration 70: R^2 = 0.927870902321, ICC = 0.964117035857
Iteration 71: R^2 = 0.92247976212, ICC = 0.961582677841
Iteration 72: R^2 = 0.927719000708, ICC = 0.965100347691
Iteration 73: R^2 = 0.935215150307, ICC = 0.967979482102
Iteration 74: R^2 = 0.905899921482, ICC = 0.954609098911
Iteration 75: R^2 = 0.931089503509, ICC = 0.964637006913
Iteration 76: R^2 = 0.92264180866, ICC = 0.9629481766
Iteration 77: R^2 = 0.922402660949, ICC = 0.960960305926
Iteration 78: R^2 = 0.867521638125, ICC = 0.933755306973
Iteration 79: R^2 = 0.904099419301, ICC = 0.950143523376
Iteration 80: R^2 = 0.910669607985, ICC = 0.955056083334
Iteration 81: R^2 = 0.910779068348, ICC = 0.954879247726
Iteration 82: R^2 = 0.906979420613, ICC = 0.953092046247
Iteration 83: R^2 = 0.897628640716, ICC = 0.949592162693
Iteration 84: R^2 = 0.914245000602, ICC = 0.957089412231
Iteration 85: R^2 = 0.868352120565, ICC = 0.934153867437
Iteration 86: R^2 = 0.917506920281, ICC = 0.959721339359
Iteration 87: R^2 = 0.890315573017, ICC = 0.949804290953
Iteration 88: R^2 = 0.929159656608, ICC = 0.964884255193
Iteration 89: R^2 = 0.890217647612, ICC = 0.947295482823
Iteration 90: R^2 = 0.875613227287, ICC = 0.937086370918
Iteration 91: R^2 = 0.922562531562, ICC = 0.96217664432
Iteration 92: R^2 = 0.911124134664, ICC = 0.957727343389
Iteration 93: R^2 = 0.87019111025, ICC = 0.938091562767
Iteration 94: R^2 = 0.918924030631, ICC = 0.960406787803
Iteration 95: R^2 = 0.92264134765, ICC = 0.959181876845
Iteration 96: R^2 = 0.898833242966, ICC = 0.951004641383
Iteration 97: R^2 = 0.897163339751, ICC = 0.949140669797
Iteration 98: R^2 = 0.931347307784, ICC = 0.96578897324
Iteration 99: R^2 = 0.923385702203, ICC = 0.962624897561
R Squared list shape: (100,)
ICC list shape: (100,)
