Running abide_motion_wrapper_JAL.py
Fri Sep 23 12:30:28 EDT 2016
Iteration 0: R^2 = 0.93286750511, ICC = 0.964148874717
Iteration 1: R^2 = 0.961118712125, ICC = 0.979948155349
Iteration 2: R^2 = 0.941587051986, ICC = 0.971688215435
Iteration 3: R^2 = 0.954750888869, ICC = 0.97726765766
Iteration 4: R^2 = 0.96161040213, ICC = 0.980198993163
Iteration 5: R^2 = 0.957857558252, ICC = 0.978371740295
Iteration 6: R^2 = 0.927607570776, ICC = 0.964975506783
Iteration 7: R^2 = 0.954569183776, ICC = 0.977992944594
Iteration 8: R^2 = 0.915124239752, ICC = 0.958648195613
Iteration 9: R^2 = 0.961207362247, ICC = 0.981464093325
Iteration 10: R^2 = 0.951570902626, ICC = 0.977044270573
Iteration 11: R^2 = 0.955227744608, ICC = 0.976770489706
Iteration 12: R^2 = 0.967036279301, ICC = 0.982675667645
Iteration 13: R^2 = 0.917419261678, ICC = 0.959946932741
Iteration 14: R^2 = 0.921972498542, ICC = 0.963990493492
Iteration 15: R^2 = 0.9301619036, ICC = 0.963277586577
Iteration 16: R^2 = 0.879040819463, ICC = 0.940332046665
Iteration 17: R^2 = 0.961009300813, ICC = 0.980425395755
Iteration 18: R^2 = 0.962704424946, ICC = 0.981182178331
Iteration 19: R^2 = 0.960956715716, ICC = 0.979745863454
Iteration 20: R^2 = 0.940113130539, ICC = 0.969320652102
Iteration 21: R^2 = 0.960050618151, ICC = 0.980078607796
Iteration 22: R^2 = 0.961670705198, ICC = 0.98080284698
Iteration 23: R^2 = 0.944062441296, ICC = 0.971773901158
Iteration 24: R^2 = 0.947850449302, ICC = 0.972452623281
Iteration 25: R^2 = 0.952998885036, ICC = 0.97542336177
Iteration 26: R^2 = 0.960376105461, ICC = 0.979739663319
Iteration 27: R^2 = 0.963317704776, ICC = 0.980742782519
Iteration 28: R^2 = 0.938390594147, ICC = 0.969134138049
Iteration 29: R^2 = 0.965047389198, ICC = 0.982366869618
Iteration 30: R^2 = 0.963322028162, ICC = 0.981624051486
Iteration 31: R^2 = 0.954049784607, ICC = 0.978060587688
Iteration 32: R^2 = 0.926792204467, ICC = 0.964077440835
Iteration 33: R^2 = 0.953965846832, ICC = 0.976827525968
Iteration 34: R^2 = 0.930391942467, ICC = 0.964153324806
Iteration 35: R^2 = 0.960623650411, ICC = 0.980910043873
Iteration 36: R^2 = 0.932391617574, ICC = 0.964781917424
Iteration 37: R^2 = 0.927904363612, ICC = 0.962414684561
Iteration 38: R^2 = 0.959577164725, ICC = 0.979316273611
Iteration 39: R^2 = 0.963614689854, ICC = 0.981197112239
Iteration 40: R^2 = 0.944690375676, ICC = 0.972515536496
Iteration 41: R^2 = 0.947354945339, ICC = 0.973126567173
Iteration 42: R^2 = 0.955012517661, ICC = 0.977403538142
Iteration 43: R^2 = 0.933755225412, ICC = 0.966368892424
Iteration 44: R^2 = 0.948622090736, ICC = 0.974800951495
Iteration 45: R^2 = 0.960572344077, ICC = 0.980107089644
Iteration 46: R^2 = 0.947527271907, ICC = 0.973475163431
Iteration 47: R^2 = 0.962829911671, ICC = 0.981245107475
Iteration 48: R^2 = 0.959756576559, ICC = 0.979516697826
Iteration 49: R^2 = 0.956792386213, ICC = 0.978619851297
Iteration 50: R^2 = 0.960489101655, ICC = 0.980827598605
Iteration 51: R^2 = 0.852790148754, ICC = 0.924296212178
Iteration 52: R^2 = 0.962182599979, ICC = 0.980766790031
Iteration 53: R^2 = 0.928622045847, ICC = 0.965419743447
Iteration 54: R^2 = 0.959686045487, ICC = 0.979729958433
Iteration 55: R^2 = 0.963941078883, ICC = 0.982166261062
Iteration 56: R^2 = 0.924689708586, ICC = 0.960598596127
Iteration 57: R^2 = 0.964522066106, ICC = 0.982636474987
Iteration 58: R^2 = 0.955664218796, ICC = 0.978492335977
Iteration 59: R^2 = 0.951837911993, ICC = 0.97638075813
Iteration 60: R^2 = 0.945565010565, ICC = 0.972651558237
Iteration 61: R^2 = 0.951808198287, ICC = 0.975900994833
Iteration 62: R^2 = 0.935049377019, ICC = 0.96687428116
Iteration 63: R^2 = 0.958945602109, ICC = 0.979673197694
Iteration 64: R^2 = 0.917159592114, ICC = 0.956698083214
Iteration 65: R^2 = 0.952105360292, ICC = 0.975545943229
Iteration 66: R^2 = 0.956602290503, ICC = 0.978958232127
Iteration 67: R^2 = 0.948106716045, ICC = 0.973719233769
Iteration 68: R^2 = 0.928963628639, ICC = 0.966398781689
Iteration 69: R^2 = 0.953326693463, ICC = 0.976432774963
Iteration 70: R^2 = 0.956897234838, ICC = 0.977680826667
Iteration 71: R^2 = 0.948796675066, ICC = 0.973999346472
Iteration 72: R^2 = 0.896630860611, ICC = 0.950221366988
Iteration 73: R^2 = 0.9578971545, ICC = 0.979448054418
Iteration 74: R^2 = 0.950370531814, ICC = 0.975092535825
Iteration 75: R^2 = 0.956624383159, ICC = 0.977830937471
Iteration 76: R^2 = 0.922329100594, ICC = 0.961040696181
Iteration 77: R^2 = 0.963840638856, ICC = 0.982564263511
Iteration 78: R^2 = 0.908283233913, ICC = 0.954787911649
Iteration 79: R^2 = 0.956270181026, ICC = 0.97814100538
Iteration 80: R^2 = 0.942145613315, ICC = 0.971610268691
Iteration 81: R^2 = 0.94474095893, ICC = 0.973278957672
Iteration 82: R^2 = 0.948830979061, ICC = 0.975347302574
Iteration 83: R^2 = 0.956742976187, ICC = 0.978367302498
Iteration 84: R^2 = 0.916440858406, ICC = 0.956871857987
Iteration 85: R^2 = 0.952626501117, ICC = 0.975222011075
Iteration 86: R^2 = 0.945672190827, ICC = 0.972580348621
Iteration 87: R^2 = 0.8833964106, ICC = 0.93957413463
Iteration 88: R^2 = 0.965818997615, ICC = 0.982816641113
Iteration 89: R^2 = 0.961759060089, ICC = 0.980428160491
Iteration 90: R^2 = 0.950952703368, ICC = 0.974389311917
Iteration 91: R^2 = 0.958520154077, ICC = 0.97911786678
Iteration 92: R^2 = 0.96038568465, ICC = 0.980206427135
Iteration 93: R^2 = 0.927126158032, ICC = 0.962804149467
Iteration 94: R^2 = 0.943347024389, ICC = 0.972398910572
Iteration 95: R^2 = 0.945173341515, ICC = 0.971507969166
Iteration 96: R^2 = 0.946926031945, ICC = 0.973584455256
Iteration 97: R^2 = 0.967635436118, ICC = 0.983429519568
Iteration 98: R^2 = 0.959444822475, ICC = 0.979143676286
Iteration 99: R^2 = 0.951628023363, ICC = 0.976482166148
R Squared list shape: (100,)
ICC list shape: (100,)
