Running abide_motion_wrapper_JAL.py
Fri Sep 23 12:29:28 EDT 2016
Iteration 0: R^2 = 0.900254337559, ICC = 0.945858610662
Iteration 1: R^2 = 0.923621863908, ICC = 0.959798725794
Iteration 2: R^2 = 0.911762686288, ICC = 0.955079469023
Iteration 3: R^2 = 0.879357542104, ICC = 0.944863392567
Iteration 4: R^2 = 0.922335829447, ICC = 0.963084677553
Iteration 5: R^2 = 0.892902590674, ICC = 0.950254025182
Iteration 6: R^2 = 0.940846276508, ICC = 0.970449392856
Iteration 7: R^2 = 0.923899052729, ICC = 0.961628438278
Iteration 8: R^2 = 0.945162671135, ICC = 0.972419560348
Iteration 9: R^2 = 0.932455071231, ICC = 0.966831477381
Iteration 10: R^2 = 0.933537029299, ICC = 0.967747720552
Iteration 11: R^2 = 0.888726592227, ICC = 0.942507596882
Iteration 12: R^2 = 0.930678599328, ICC = 0.964183545414
Iteration 13: R^2 = 0.942421714649, ICC = 0.971212820475
Iteration 14: R^2 = 0.923257209464, ICC = 0.962013973119
Iteration 15: R^2 = 0.943992587226, ICC = 0.972201313331
Iteration 16: R^2 = 0.888590160379, ICC = 0.939827030721
Iteration 17: R^2 = 0.944359115552, ICC = 0.972348924161
Iteration 18: R^2 = 0.854487601301, ICC = 0.923907207128
Iteration 19: R^2 = 0.933016135356, ICC = 0.967797934163
Iteration 20: R^2 = 0.941536895341, ICC = 0.970458530384
Iteration 21: R^2 = 0.948995431573, ICC = 0.974485497789
Iteration 22: R^2 = 0.882285799654, ICC = 0.944241905774
Iteration 23: R^2 = 0.923846901712, ICC = 0.962100642838
Iteration 24: R^2 = 0.933221082657, ICC = 0.966796644046
Iteration 25: R^2 = 0.934441070176, ICC = 0.968779685069
Iteration 26: R^2 = 0.942199700867, ICC = 0.97052385202
Iteration 27: R^2 = 0.938717166956, ICC = 0.970800286946
Iteration 28: R^2 = 0.948083327442, ICC = 0.974728865384
Iteration 29: R^2 = 0.916728193111, ICC = 0.959425197478
Iteration 30: R^2 = 0.94374012231, ICC = 0.970996588327
Iteration 31: R^2 = 0.938978422584, ICC = 0.970483837246
Iteration 32: R^2 = 0.926063014045, ICC = 0.963022759145
Iteration 33: R^2 = 0.95218424259, ICC = 0.976310329987
Iteration 34: R^2 = 0.937005717353, ICC = 0.96855721786
Iteration 35: R^2 = 0.932657902959, ICC = 0.965060221802
Iteration 36: R^2 = 0.849944766617, ICC = 0.924470752337
Iteration 37: R^2 = 0.881880035062, ICC = 0.942268879546
Iteration 38: R^2 = 0.941655118624, ICC = 0.97108717235
Iteration 39: R^2 = 0.916721215161, ICC = 0.959283175329
Iteration 40: R^2 = 0.855811936837, ICC = 0.932678003694
Iteration 41: R^2 = 0.911331103255, ICC = 0.953910268127
Iteration 42: R^2 = 0.948933274835, ICC = 0.974446968087
Iteration 43: R^2 = 0.896301426817, ICC = 0.95002501289
Iteration 44: R^2 = 0.878030966138, ICC = 0.942572577557
Iteration 45: R^2 = 0.918202176785, ICC = 0.959071921975
Iteration 46: R^2 = 0.917260759378, ICC = 0.957833246422
Iteration 47: R^2 = 0.892090367469, ICC = 0.950400241739
Iteration 48: R^2 = 0.873675113934, ICC = 0.940518292235
Iteration 49: R^2 = 0.911045395367, ICC = 0.955437980347
Iteration 50: R^2 = 0.944961807913, ICC = 0.97303614313
Iteration 51: R^2 = 0.940704852303, ICC = 0.970516100568
Iteration 52: R^2 = 0.93920270934, ICC = 0.970466443664
Iteration 53: R^2 = 0.918311005533, ICC = 0.957645680212
Iteration 54: R^2 = 0.934784989144, ICC = 0.967349170392
Iteration 55: R^2 = 0.933459776623, ICC = 0.967036124466
Iteration 56: R^2 = 0.888923812471, ICC = 0.941873073468
Iteration 57: R^2 = 0.936150827922, ICC = 0.968165452173
Iteration 58: R^2 = 0.930890962815, ICC = 0.967176456154
Iteration 59: R^2 = 0.946797953391, ICC = 0.973540446786
Iteration 60: R^2 = 0.937063967778, ICC = 0.967713399438
Iteration 61: R^2 = 0.869111248791, ICC = 0.936609513112
Iteration 62: R^2 = 0.917305230672, ICC = 0.959881113866
Iteration 63: R^2 = 0.922312786405, ICC = 0.960483489078
Iteration 64: R^2 = 0.884128239845, ICC = 0.944106076098
Iteration 65: R^2 = 0.828016234326, ICC = 0.919744652186
Iteration 66: R^2 = 0.945748042685, ICC = 0.972562627863
Iteration 67: R^2 = 0.931609334013, ICC = 0.966804158297
Iteration 68: R^2 = 0.930388768993, ICC = 0.966708756497
Iteration 69: R^2 = 0.901738325078, ICC = 0.953743782298
Iteration 70: R^2 = 0.933964191419, ICC = 0.966491077846
Iteration 71: R^2 = 0.909481323865, ICC = 0.956126892267
Iteration 72: R^2 = 0.93219078098, ICC = 0.964710632089
Iteration 73: R^2 = 0.943048152837, ICC = 0.971408128602
Iteration 74: R^2 = 0.949231676726, ICC = 0.974531170465
Iteration 75: R^2 = 0.905324138381, ICC = 0.952039642762
Iteration 76: R^2 = 0.937094086317, ICC = 0.968276329042
Iteration 77: R^2 = 0.945506749304, ICC = 0.973060315365
Iteration 78: R^2 = 0.933213308671, ICC = 0.968174354092
Iteration 79: R^2 = 0.940280161177, ICC = 0.97079481332
Iteration 80: R^2 = 0.939950287941, ICC = 0.970185603792
Iteration 81: R^2 = 0.937858959431, ICC = 0.96903526544
Iteration 82: R^2 = 0.941496803404, ICC = 0.969952341126
Iteration 83: R^2 = 0.941143529512, ICC = 0.968654471755
Iteration 84: R^2 = 0.929184326733, ICC = 0.965895861136
Iteration 85: R^2 = 0.946974300763, ICC = 0.973685976229
Iteration 86: R^2 = 0.944015305151, ICC = 0.973381494726
Iteration 87: R^2 = 0.93524239169, ICC = 0.966918378151
Iteration 88: R^2 = 0.877160122356, ICC = 0.938390353656
Iteration 89: R^2 = 0.940430196884, ICC = 0.970542537131
Iteration 90: R^2 = 0.861233591371, ICC = 0.938625089532
Iteration 91: R^2 = 0.934774350411, ICC = 0.968377586231
Iteration 92: R^2 = 0.928816011174, ICC = 0.965882960542
Iteration 93: R^2 = 0.935623395248, ICC = 0.968077378661
Iteration 94: R^2 = 0.934397758928, ICC = 0.968017828024
Iteration 95: R^2 = 0.933857734508, ICC = 0.966718933799
Iteration 96: R^2 = 0.940778281634, ICC = 0.970659662611
Iteration 97: R^2 = 0.927832424673, ICC = 0.966102016457
Iteration 98: R^2 = 0.93487779447, ICC = 0.966624895597
Iteration 99: R^2 = 0.930903488599, ICC = 0.965196297366
R Squared list shape: (100,)
ICC list shape: (100,)
