Running abide_motion_wrapper_JAL.py
Fri Sep 23 12:26:51 EDT 2016
Iteration 0: R^2 = 0.961032176489, ICC = 0.979940555131
Iteration 1: R^2 = 0.96449246841, ICC = 0.982573556896
Iteration 2: R^2 = 0.966347683135, ICC = 0.983237641239
Iteration 3: R^2 = 0.944088499462, ICC = 0.971619148788
Iteration 4: R^2 = 0.949168264784, ICC = 0.975028089867
Iteration 5: R^2 = 0.96896539569, ICC = 0.984861499461
Iteration 6: R^2 = 0.970784705377, ICC = 0.985684551814
Iteration 7: R^2 = 0.96294724948, ICC = 0.981237748287
Iteration 8: R^2 = 0.959004957444, ICC = 0.979499640445
Iteration 9: R^2 = 0.922390335545, ICC = 0.962225441306
Iteration 10: R^2 = 0.958968290929, ICC = 0.979198408584
Iteration 11: R^2 = 0.958762783826, ICC = 0.979044071365
Iteration 12: R^2 = 0.962342267629, ICC = 0.98123876136
Iteration 13: R^2 = 0.945207201233, ICC = 0.972498454638
Iteration 14: R^2 = 0.956547470669, ICC = 0.978250425309
Iteration 15: R^2 = 0.96658510378, ICC = 0.983423384016
Iteration 16: R^2 = 0.964012713604, ICC = 0.981962456824
Iteration 17: R^2 = 0.967554783067, ICC = 0.983822382559
Iteration 18: R^2 = 0.951701852968, ICC = 0.975587666846
Iteration 19: R^2 = 0.968411422617, ICC = 0.984731217448
Iteration 20: R^2 = 0.967383410034, ICC = 0.983909375978
Iteration 21: R^2 = 0.965706788853, ICC = 0.983306948971
Iteration 22: R^2 = 0.958715268432, ICC = 0.979380179021
Iteration 23: R^2 = 0.964288500519, ICC = 0.98166603111
Iteration 24: R^2 = 0.948391095296, ICC = 0.973691184502
Iteration 25: R^2 = 0.961987706398, ICC = 0.981440389155
Iteration 26: R^2 = 0.934473054839, ICC = 0.968548092356
Iteration 27: R^2 = 0.965420554778, ICC = 0.982285255309
Iteration 28: R^2 = 0.942567881096, ICC = 0.972211685825
Iteration 29: R^2 = 0.951178123735, ICC = 0.975535946674
Iteration 30: R^2 = 0.9511308645, ICC = 0.975524947751
Iteration 31: R^2 = 0.96036965138, ICC = 0.980612193781
Iteration 32: R^2 = 0.923989245125, ICC = 0.960970846397
Iteration 33: R^2 = 0.937149336965, ICC = 0.970197278463
Iteration 34: R^2 = 0.927878324219, ICC = 0.962346224812
Iteration 35: R^2 = 0.963658062647, ICC = 0.981507283569
Iteration 36: R^2 = 0.962721419523, ICC = 0.980892288025
Iteration 37: R^2 = 0.960852166413, ICC = 0.981198807455
Iteration 38: R^2 = 0.932227720829, ICC = 0.966942403808
Iteration 39: R^2 = 0.96887645274, ICC = 0.984259915664
Iteration 40: R^2 = 0.917065653201, ICC = 0.958171138983
Iteration 41: R^2 = 0.962923108297, ICC = 0.98124676887
Iteration 42: R^2 = 0.955972475722, ICC = 0.97830553901
Iteration 43: R^2 = 0.953701604325, ICC = 0.977493814759
Iteration 44: R^2 = 0.966267076292, ICC = 0.982529031666
Iteration 45: R^2 = 0.967641517554, ICC = 0.983213874353
Iteration 46: R^2 = 0.968520814144, ICC = 0.984357675994
Iteration 47: R^2 = 0.960746513848, ICC = 0.98055583764
Iteration 48: R^2 = 0.950933756876, ICC = 0.976059093837
Iteration 49: R^2 = 0.94801945807, ICC = 0.975574483788
Iteration 50: R^2 = 0.963090307174, ICC = 0.981680030382
Iteration 51: R^2 = 0.958465748915, ICC = 0.979370717989
Iteration 52: R^2 = 0.962731559868, ICC = 0.981812718588
Iteration 53: R^2 = 0.963754867111, ICC = 0.982422352065
Iteration 54: R^2 = 0.971757045388, ICC = 0.985573606647
Iteration 55: R^2 = 0.94429094599, ICC = 0.971164085459
Iteration 56: R^2 = 0.958826542535, ICC = 0.979546527461
Iteration 57: R^2 = 0.955338201063, ICC = 0.977631180367
Iteration 58: R^2 = 0.963194080944, ICC = 0.981886964039
Iteration 59: R^2 = 0.926781635632, ICC = 0.964648855141
Iteration 60: R^2 = 0.94894629389, ICC = 0.973245585921
Iteration 61: R^2 = 0.946658682266, ICC = 0.973554055546
Iteration 62: R^2 = 0.970088716985, ICC = 0.984856025799
Iteration 63: R^2 = 0.964810454424, ICC = 0.982446858333
Iteration 64: R^2 = 0.950498006798, ICC = 0.976132239418
Iteration 65: R^2 = 0.972484547345, ICC = 0.986167705106
Iteration 66: R^2 = 0.935515399076, ICC = 0.969909782769
Iteration 67: R^2 = 0.967012357152, ICC = 0.983469017175
Iteration 68: R^2 = 0.965777736713, ICC = 0.982642055149
Iteration 69: R^2 = 0.969726284604, ICC = 0.984493187377
Iteration 70: R^2 = 0.957438795484, ICC = 0.978786272461
Iteration 71: R^2 = 0.959142036852, ICC = 0.979867921621
Iteration 72: R^2 = 0.96699695706, ICC = 0.983937385953
Iteration 73: R^2 = 0.959059884069, ICC = 0.979849923788
Iteration 74: R^2 = 0.967974245171, ICC = 0.984425195111
Iteration 75: R^2 = 0.961496826271, ICC = 0.98042038908
Iteration 76: R^2 = 0.960639447026, ICC = 0.980671139401
Iteration 77: R^2 = 0.971138693214, ICC = 0.985282186042
Iteration 78: R^2 = 0.955217359871, ICC = 0.977636118581
Iteration 79: R^2 = 0.882294753009, ICC = 0.941030275929
Iteration 80: R^2 = 0.97156719367, ICC = 0.985996207715
Iteration 81: R^2 = 0.969574831087, ICC = 0.984892984235
Iteration 82: R^2 = 0.965916612581, ICC = 0.983086087593
Iteration 83: R^2 = 0.964293664775, ICC = 0.982029567308
Iteration 84: R^2 = 0.956807482338, ICC = 0.97819634297
Iteration 85: R^2 = 0.933401149282, ICC = 0.966274478049
Iteration 86: R^2 = 0.968648931166, ICC = 0.984238653965
Iteration 87: R^2 = 0.958878167278, ICC = 0.978896430671
Iteration 88: R^2 = 0.948143126486, ICC = 0.974151000157
Iteration 89: R^2 = 0.951959039061, ICC = 0.976000083894
Iteration 90: R^2 = 0.948692534116, ICC = 0.975809868512
Iteration 91: R^2 = 0.959659666143, ICC = 0.980124089073
Iteration 92: R^2 = 0.963994298024, ICC = 0.981876780281
Iteration 93: R^2 = 0.95080978362, ICC = 0.974856149387
Iteration 94: R^2 = 0.956389648876, ICC = 0.977638686312
Iteration 95: R^2 = 0.963117187189, ICC = 0.981904899499
Iteration 96: R^2 = 0.956572284226, ICC = 0.978369443169
Iteration 97: R^2 = 0.970212918244, ICC = 0.985317058914
Iteration 98: R^2 = 0.96355716899, ICC = 0.981545809309
Iteration 99: R^2 = 0.905614133811, ICC = 0.954438906724
R Squared list shape: (100,)
ICC list shape: (100,)
