Running abide_motion_wrapper_JAL.py
Fri Sep 23 12:24:00 EDT 2016
Iteration 0: R^2 = 0.946541596636, ICC = 0.973241983755
Iteration 1: R^2 = 0.8897953514, ICC = 0.941444225886
Iteration 2: R^2 = 0.914160976911, ICC = 0.95686033642
Iteration 3: R^2 = 0.954690391276, ICC = 0.977620899009
Iteration 4: R^2 = 0.944843857828, ICC = 0.972741222291
Iteration 5: R^2 = 0.950430043938, ICC = 0.975635628167
Iteration 6: R^2 = 0.936844714542, ICC = 0.968526579495
Iteration 7: R^2 = 0.945606501793, ICC = 0.972716401551
Iteration 8: R^2 = 0.9535546042, ICC = 0.976510057157
Iteration 9: R^2 = 0.924415277838, ICC = 0.963321499584
Iteration 10: R^2 = 0.960656343204, ICC = 0.980174075879
Iteration 11: R^2 = 0.938595642063, ICC = 0.96894642036
Iteration 12: R^2 = 0.928517541262, ICC = 0.962770367896
Iteration 13: R^2 = 0.939898534037, ICC = 0.97079447069
Iteration 14: R^2 = 0.95388380397, ICC = 0.976285919576
Iteration 15: R^2 = 0.955716956601, ICC = 0.977659503889
Iteration 16: R^2 = 0.949392808485, ICC = 0.974885024383
Iteration 17: R^2 = 0.935166279128, ICC = 0.965806326151
Iteration 18: R^2 = 0.933946923953, ICC = 0.966904070748
Iteration 19: R^2 = 0.949798445684, ICC = 0.9747044351
Iteration 20: R^2 = 0.945470408749, ICC = 0.973369994291
Iteration 21: R^2 = 0.947174260798, ICC = 0.974320382433
Iteration 22: R^2 = 0.951314537697, ICC = 0.975600686072
Iteration 23: R^2 = 0.95540455364, ICC = 0.977293342089
Iteration 24: R^2 = 0.947956938495, ICC = 0.973369862241
Iteration 25: R^2 = 0.954313001689, ICC = 0.976930688712
Iteration 26: R^2 = 0.946611659224, ICC = 0.972763533025
Iteration 27: R^2 = 0.955987438377, ICC = 0.977682947508
Iteration 28: R^2 = 0.951958563066, ICC = 0.97594394011
Iteration 29: R^2 = 0.941018908513, ICC = 0.970848750548
Iteration 30: R^2 = 0.953043101597, ICC = 0.975676939245
Iteration 31: R^2 = 0.951177834999, ICC = 0.974698568475
Iteration 32: R^2 = 0.93502243099, ICC = 0.968802898389
Iteration 33: R^2 = 0.849467247087, ICC = 0.924509417741
Iteration 34: R^2 = 0.950726673069, ICC = 0.974529120131
Iteration 35: R^2 = 0.958621897553, ICC = 0.980323621623
Iteration 36: R^2 = 0.957148915092, ICC = 0.978000928954
Iteration 37: R^2 = 0.929131574236, ICC = 0.965218721787
Iteration 38: R^2 = 0.949516286159, ICC = 0.974964055675
Iteration 39: R^2 = 0.916152976013, ICC = 0.958846266367
Iteration 40: R^2 = 0.945123323333, ICC = 0.972281213667
Iteration 41: R^2 = 0.954245611492, ICC = 0.976344336242
Iteration 42: R^2 = 0.933523938132, ICC = 0.966086269137
Iteration 43: R^2 = 0.950352301428, ICC = 0.975731967041
Iteration 44: R^2 = 0.951980217847, ICC = 0.975898462237
Iteration 45: R^2 = 0.939695629559, ICC = 0.969056797679
Iteration 46: R^2 = 0.937956492915, ICC = 0.968609167397
Iteration 47: R^2 = 0.932250361105, ICC = 0.965015673074
Iteration 48: R^2 = 0.95134356372, ICC = 0.975927628658
Iteration 49: R^2 = 0.955611547395, ICC = 0.977392498955
Iteration 50: R^2 = 0.939017369289, ICC = 0.967536142444
Iteration 51: R^2 = 0.948897633194, ICC = 0.974933274509
Iteration 52: R^2 = 0.919465084655, ICC = 0.961779489797
Iteration 53: R^2 = 0.954986635624, ICC = 0.977110290085
Iteration 54: R^2 = 0.891747051992, ICC = 0.944071697139
Iteration 55: R^2 = 0.877819404902, ICC = 0.943104677036
Iteration 56: R^2 = 0.940050424403, ICC = 0.97048557421
Iteration 57: R^2 = 0.953909086744, ICC = 0.976805028185
Iteration 58: R^2 = 0.945039295428, ICC = 0.972094034582
Iteration 59: R^2 = 0.898264785043, ICC = 0.951513571121
Iteration 60: R^2 = 0.935917280309, ICC = 0.966413256323
Iteration 61: R^2 = 0.956996362711, ICC = 0.977494083074
Iteration 62: R^2 = 0.92831205863, ICC = 0.965334159919
Iteration 63: R^2 = 0.922590122006, ICC = 0.960153407639
Iteration 64: R^2 = 0.955738476475, ICC = 0.977161611565
Iteration 65: R^2 = 0.957325990548, ICC = 0.978029057488
Iteration 66: R^2 = 0.936032987136, ICC = 0.967267700828
Iteration 67: R^2 = 0.953051153652, ICC = 0.976497709992
Iteration 68: R^2 = 0.951261983618, ICC = 0.976161326554
Iteration 69: R^2 = 0.957071245849, ICC = 0.977851814988
Iteration 70: R^2 = 0.914020350421, ICC = 0.956802362176
Iteration 71: R^2 = 0.948487371007, ICC = 0.973614749036
Iteration 72: R^2 = 0.943805366805, ICC = 0.971320351014
Iteration 73: R^2 = 0.958386666411, ICC = 0.979001692719
Iteration 74: R^2 = 0.957630223722, ICC = 0.978145510168
Iteration 75: R^2 = 0.953776807222, ICC = 0.977127680097
Iteration 76: R^2 = 0.954201475704, ICC = 0.977613633688
Iteration 77: R^2 = 0.946512032722, ICC = 0.973554468478
Iteration 78: R^2 = 0.953513368995, ICC = 0.975752302916
Iteration 79: R^2 = 0.950852642635, ICC = 0.975835234111
Iteration 80: R^2 = 0.93630378227, ICC = 0.968116050769
Iteration 81: R^2 = 0.960845292893, ICC = 0.980851988052
Iteration 82: R^2 = 0.886763619749, ICC = 0.943847691168
Iteration 83: R^2 = 0.952382199033, ICC = 0.975682290384
Iteration 84: R^2 = 0.937721479716, ICC = 0.969086174325
Iteration 85: R^2 = 0.956825619664, ICC = 0.978733796482
Iteration 86: R^2 = 0.951199267274, ICC = 0.976314955178
Iteration 87: R^2 = 0.945222107878, ICC = 0.972763669268
Iteration 88: R^2 = 0.937113632209, ICC = 0.968933806145
Iteration 89: R^2 = 0.862037247931, ICC = 0.929944034916
Iteration 90: R^2 = 0.945389088758, ICC = 0.974073847373
Iteration 91: R^2 = 0.956515746563, ICC = 0.977862216752
Iteration 92: R^2 = 0.955100027455, ICC = 0.978209318238
Iteration 93: R^2 = 0.933688442747, ICC = 0.966878338029
Iteration 94: R^2 = 0.956727501016, ICC = 0.977939113244
Iteration 95: R^2 = 0.934759655986, ICC = 0.967889480527
Iteration 96: R^2 = 0.952587179121, ICC = 0.976269863727
Iteration 97: R^2 = 0.898877339836, ICC = 0.948478409878
Iteration 98: R^2 = 0.961256232075, ICC = 0.980428720208
Iteration 99: R^2 = 0.95513548057, ICC = 0.977793809891
R Squared list shape: (100,)
ICC list shape: (100,)
