Running abide_motion_wrapper_JAL.py
Fri Sep 23 12:27:42 EDT 2016
Iteration 0: R^2 = 0.87725132245, ICC = 0.934250356678
Iteration 1: R^2 = 0.89268487772, ICC = 0.947411808182
Iteration 2: R^2 = 0.898762329126, ICC = 0.949376626966
Iteration 3: R^2 = 0.822347893377, ICC = 0.916609099849
Iteration 4: R^2 = 0.858874722027, ICC = 0.930008160301
Iteration 5: R^2 = 0.878587832216, ICC = 0.939879517342
Iteration 6: R^2 = 0.85666135015, ICC = 0.930398780692
Iteration 7: R^2 = 0.745047897777, ICC = 0.871742288679
Iteration 8: R^2 = 0.867681660146, ICC = 0.934312149679
Iteration 9: R^2 = 0.898598317428, ICC = 0.948141863798
Iteration 10: R^2 = 0.885766739913, ICC = 0.942530579792
Iteration 11: R^2 = 0.867689684299, ICC = 0.934169068139
Iteration 12: R^2 = 0.869248748994, ICC = 0.935446767652
Iteration 13: R^2 = 0.871346924023, ICC = 0.94086595621
Iteration 14: R^2 = 0.835612305069, ICC = 0.914767627781
Iteration 15: R^2 = 0.895832650903, ICC = 0.948770477106
Iteration 16: R^2 = 0.851056405958, ICC = 0.928073684361
Iteration 17: R^2 = 0.884430035232, ICC = 0.944445282051
Iteration 18: R^2 = 0.80629069143, ICC = 0.911870553406
Iteration 19: R^2 = 0.730635631079, ICC = 0.875586435633
Iteration 20: R^2 = 0.885238826591, ICC = 0.943957696297
Iteration 21: R^2 = 0.887209052407, ICC = 0.94584365823
Iteration 22: R^2 = 0.752477825994, ICC = 0.887260817292
Iteration 23: R^2 = 0.820754966716, ICC = 0.906958545335
Iteration 24: R^2 = 0.889665090234, ICC = 0.944150995503
Iteration 25: R^2 = 0.879461214255, ICC = 0.936962056513
Iteration 26: R^2 = 0.878759169229, ICC = 0.938776886238
Iteration 27: R^2 = 0.870802116876, ICC = 0.933073978174
Iteration 28: R^2 = 0.866211301434, ICC = 0.934747468897
Iteration 29: R^2 = 0.840248681815, ICC = 0.918885997099
Iteration 30: R^2 = 0.882374080206, ICC = 0.938777778378
Iteration 31: R^2 = 0.823423203464, ICC = 0.904817956176
Iteration 32: R^2 = 0.875848573746, ICC = 0.935487984503
Iteration 33: R^2 = 0.908497786957, ICC = 0.950115118925
Iteration 34: R^2 = 0.85844567105, ICC = 0.926241990282
Iteration 35: R^2 = 0.855213846578, ICC = 0.928422089076
Iteration 36: R^2 = 0.854250959586, ICC = 0.927128511527
Iteration 37: R^2 = 0.900226332095, ICC = 0.948360089705
Iteration 38: R^2 = 0.898340405276, ICC = 0.950612673895
Iteration 39: R^2 = 0.887374017779, ICC = 0.944055411703
Iteration 40: R^2 = 0.863674372085, ICC = 0.934683885729
Iteration 41: R^2 = 0.904320562075, ICC = 0.952008640115
Iteration 42: R^2 = 0.857203721288, ICC = 0.930466737192
Iteration 43: R^2 = 0.884424220678, ICC = 0.942769701621
Iteration 44: R^2 = 0.836274094176, ICC = 0.91820673237
Iteration 45: R^2 = 0.894445825022, ICC = 0.94454918136
Iteration 46: R^2 = 0.888767156456, ICC = 0.941125086424
Iteration 47: R^2 = 0.880187303429, ICC = 0.943415141103
Iteration 48: R^2 = 0.881605189369, ICC = 0.942514966543
Iteration 49: R^2 = 0.786225338396, ICC = 0.902780574839
Iteration 50: R^2 = 0.893787543424, ICC = 0.94513393451
Iteration 51: R^2 = 0.894824741694, ICC = 0.943430136578
Iteration 52: R^2 = 0.843396592205, ICC = 0.925532106294
Iteration 53: R^2 = 0.878316969736, ICC = 0.938992388992
Iteration 54: R^2 = 0.872365947882, ICC = 0.938371040908
Iteration 55: R^2 = 0.865216910921, ICC = 0.931517092946
Iteration 56: R^2 = 0.884426593737, ICC = 0.942911145851
Iteration 57: R^2 = 0.882641827296, ICC = 0.938033875161
Iteration 58: R^2 = 0.88781028639, ICC = 0.94523473438
Iteration 59: R^2 = 0.877599735823, ICC = 0.937675559136
Iteration 60: R^2 = 0.860499892004, ICC = 0.929453533482
Iteration 61: R^2 = 0.869565999951, ICC = 0.940215569221
Iteration 62: R^2 = 0.846887497192, ICC = 0.921411294459
Iteration 63: R^2 = 0.90106665304, ICC = 0.947904936659
Iteration 64: R^2 = 0.867285245433, ICC = 0.9311146758
Iteration 65: R^2 = 0.776808717348, ICC = 0.895433681542
Iteration 66: R^2 = 0.887977849283, ICC = 0.943743394357
Iteration 67: R^2 = 0.901195622312, ICC = 0.95028642493
Iteration 68: R^2 = 0.802344722743, ICC = 0.911093417916
Iteration 69: R^2 = 0.853739352573, ICC = 0.921734756401
Iteration 70: R^2 = 0.896519691916, ICC = 0.946078570112
Iteration 71: R^2 = 0.767707344256, ICC = 0.873333490103
Iteration 72: R^2 = 0.882970996005, ICC = 0.942097039046
Iteration 73: R^2 = 0.808344354907, ICC = 0.913834669486
Iteration 74: R^2 = 0.874288492815, ICC = 0.939760160108
Iteration 75: R^2 = 0.847006092007, ICC = 0.921333679628
Iteration 76: R^2 = 0.845865980305, ICC = 0.920612481918
Iteration 77: R^2 = 0.830490621722, ICC = 0.916835759476
Iteration 78: R^2 = 0.88372820092, ICC = 0.94096997203
Iteration 79: R^2 = 0.859894884113, ICC = 0.932790080241
Iteration 80: R^2 = 0.888671252559, ICC = 0.946980171937
Iteration 81: R^2 = 0.877067282816, ICC = 0.935870042529
Iteration 82: R^2 = 0.854151245372, ICC = 0.924172656349
Iteration 83: R^2 = 0.85347589392, ICC = 0.919708490276
Iteration 84: R^2 = 0.834464278708, ICC = 0.916724867447
Iteration 85: R^2 = 0.900427095617, ICC = 0.949787357957
Iteration 86: R^2 = 0.824438612565, ICC = 0.914692720915
Iteration 87: R^2 = 0.878110262295, ICC = 0.939905490631
Iteration 88: R^2 = 0.880864057605, ICC = 0.937623029084
Iteration 89: R^2 = 0.872087463924, ICC = 0.939176971082
Iteration 90: R^2 = 0.855450511693, ICC = 0.925816651166
Iteration 91: R^2 = 0.846111819525, ICC = 0.926444862082
Iteration 92: R^2 = 0.850786451958, ICC = 0.928742664026
Iteration 93: R^2 = 0.858756837415, ICC = 0.929831669836
Iteration 94: R^2 = 0.903354560398, ICC = 0.95313981681
Iteration 95: R^2 = 0.894272103948, ICC = 0.945194956181
Iteration 96: R^2 = 0.820281772958, ICC = 0.912046558172
Iteration 97: R^2 = 0.879135043536, ICC = 0.938827978962
Iteration 98: R^2 = 0.568629886251, ICC = 0.787252830739
Iteration 99: R^2 = 0.873393646635, ICC = 0.936433094477
R Squared list shape: (100,)
ICC list shape: (100,)
