Running abide_motion_wrapper_JAL.py
Fri Sep 23 12:32:44 EDT 2016
Iteration 0: R^2 = 0.972328651798, ICC = 0.985738156305
Iteration 1: R^2 = 0.970092501079, ICC = 0.984921285477
Iteration 2: R^2 = 0.969289504336, ICC = 0.984642583929
Iteration 3: R^2 = 0.972738810144, ICC = 0.986412071825
Iteration 4: R^2 = 0.977511595833, ICC = 0.988832617083
Iteration 5: R^2 = 0.961981491001, ICC = 0.98139092058
Iteration 6: R^2 = 0.920988997881, ICC = 0.962718823014
Iteration 7: R^2 = 0.974167230732, ICC = 0.987436313115
Iteration 8: R^2 = 0.967553585795, ICC = 0.983322444009
Iteration 9: R^2 = 0.975223849649, ICC = 0.987505914629
Iteration 10: R^2 = 0.973516945144, ICC = 0.986650582163
Iteration 11: R^2 = 0.970790002325, ICC = 0.985261045169
Iteration 12: R^2 = 0.967519094274, ICC = 0.983218760655
Iteration 13: R^2 = 0.978741953781, ICC = 0.989265983169
Iteration 14: R^2 = 0.977581633486, ICC = 0.988534512396
Iteration 15: R^2 = 0.947049285882, ICC = 0.972399114308
Iteration 16: R^2 = 0.884842093533, ICC = 0.941315753078
Iteration 17: R^2 = 0.971729848645, ICC = 0.98607985156
Iteration 18: R^2 = 0.9783597043, ICC = 0.989453130511
Iteration 19: R^2 = 0.977584161692, ICC = 0.988800815751
Iteration 20: R^2 = 0.975061354378, ICC = 0.98745933152
Iteration 21: R^2 = 0.976777439691, ICC = 0.988263965179
Iteration 22: R^2 = 0.967885585175, ICC = 0.98368865699
Iteration 23: R^2 = 0.976637682801, ICC = 0.988349527299
Iteration 24: R^2 = 0.96448151144, ICC = 0.98179183955
Iteration 25: R^2 = 0.956241566239, ICC = 0.978270628187
Iteration 26: R^2 = 0.975918850005, ICC = 0.987693395958
Iteration 27: R^2 = 0.951378031491, ICC = 0.976068738209
Iteration 28: R^2 = 0.95875373081, ICC = 0.980422281538
Iteration 29: R^2 = 0.961885346653, ICC = 0.981452864982
Iteration 30: R^2 = 0.978373034186, ICC = 0.989109900009
Iteration 31: R^2 = 0.97233171682, ICC = 0.986463297719
Iteration 32: R^2 = 0.97283378001, ICC = 0.986430209205
Iteration 33: R^2 = 0.962618800227, ICC = 0.981905939609
Iteration 34: R^2 = 0.978013800811, ICC = 0.988921394215
Iteration 35: R^2 = 0.968144383776, ICC = 0.984026647054
Iteration 36: R^2 = 0.975579254653, ICC = 0.988075663692
Iteration 37: R^2 = 0.972075506959, ICC = 0.985948518764
Iteration 38: R^2 = 0.971955674916, ICC = 0.985858626714
Iteration 39: R^2 = 0.95583969308, ICC = 0.978912652902
Iteration 40: R^2 = 0.977465580806, ICC = 0.988589191197
Iteration 41: R^2 = 0.975991799663, ICC = 0.987814575749
Iteration 42: R^2 = 0.975181271337, ICC = 0.987321694204
Iteration 43: R^2 = 0.976103012238, ICC = 0.988029658531
Iteration 44: R^2 = 0.979553361255, ICC = 0.989794408054
Iteration 45: R^2 = 0.953374896267, ICC = 0.977128920935
Iteration 46: R^2 = 0.962724984911, ICC = 0.981075602343
Iteration 47: R^2 = 0.972742186768, ICC = 0.986387357101
Iteration 48: R^2 = 0.964041238747, ICC = 0.982045047731
Iteration 49: R^2 = 0.969148518685, ICC = 0.984669809308
Iteration 50: R^2 = 0.977029756691, ICC = 0.988707332263
Iteration 51: R^2 = 0.976817601244, ICC = 0.988330996183
Iteration 52: R^2 = 0.970578906826, ICC = 0.985545574197
Iteration 53: R^2 = 0.973962207708, ICC = 0.986860030583
Iteration 54: R^2 = 0.963986539036, ICC = 0.982745374672
Iteration 55: R^2 = 0.982337990392, ICC = 0.991189293996
Iteration 56: R^2 = 0.973547391483, ICC = 0.986373054162
Iteration 57: R^2 = 0.968623854442, ICC = 0.984690807551
Iteration 58: R^2 = 0.97699126664, ICC = 0.98860549189
Iteration 59: R^2 = 0.976468920297, ICC = 0.988297040996
Iteration 60: R^2 = 0.974870968091, ICC = 0.987322508788
Iteration 61: R^2 = 0.975840539527, ICC = 0.987847152698
Iteration 62: R^2 = 0.974752624547, ICC = 0.987126153403
Iteration 63: R^2 = 0.96494704209, ICC = 0.982441448005
Iteration 64: R^2 = 0.974209481669, ICC = 0.987289614997
Iteration 65: R^2 = 0.978723733272, ICC = 0.989295579739
Iteration 66: R^2 = 0.978404817052, ICC = 0.989034058416
Iteration 67: R^2 = 0.9725262636, ICC = 0.986440346552
Iteration 68: R^2 = 0.970328717374, ICC = 0.985131659718
Iteration 69: R^2 = 0.96520291048, ICC = 0.982446614302
Iteration 70: R^2 = 0.970042276899, ICC = 0.984973174998
Iteration 71: R^2 = 0.978070878047, ICC = 0.989213623424
Iteration 72: R^2 = 0.97123096835, ICC = 0.985810155278
Iteration 73: R^2 = 0.975397446795, ICC = 0.987652625106
Iteration 74: R^2 = 0.972518235153, ICC = 0.986557086505
Iteration 75: R^2 = 0.947275451659, ICC = 0.974902011547
Iteration 76: R^2 = 0.963080972308, ICC = 0.981464275343
Iteration 77: R^2 = 0.965906342513, ICC = 0.983500107132
Iteration 78: R^2 = 0.977333262733, ICC = 0.988611493833
Iteration 79: R^2 = 0.972849628558, ICC = 0.986501193665
Iteration 80: R^2 = 0.978486663684, ICC = 0.989127891609
Iteration 81: R^2 = 0.973663356452, ICC = 0.986774967872
Iteration 82: R^2 = 0.97398660816, ICC = 0.987231802748
Iteration 83: R^2 = 0.980643542325, ICC = 0.990320117491
Iteration 84: R^2 = 0.971937406549, ICC = 0.98614696477
Iteration 85: R^2 = 0.966004614248, ICC = 0.982154505598
Iteration 86: R^2 = 0.976351165969, ICC = 0.988381303916
Iteration 87: R^2 = 0.980190008131, ICC = 0.990116729488
Iteration 88: R^2 = 0.973512138212, ICC = 0.986789822878
Iteration 89: R^2 = 0.974068903374, ICC = 0.986802776363
Iteration 90: R^2 = 0.958903852693, ICC = 0.979819572821
Iteration 91: R^2 = 0.97517663703, ICC = 0.987890601764
Iteration 92: R^2 = 0.950456891124, ICC = 0.974975023276
Iteration 93: R^2 = 0.97508303254, ICC = 0.987141524817
Iteration 94: R^2 = 0.974940310004, ICC = 0.987388453085
Iteration 95: R^2 = 0.978141620225, ICC = 0.989328046994
Iteration 96: R^2 = 0.979737093796, ICC = 0.989738251809
Iteration 97: R^2 = 0.970932055933, ICC = 0.985817747457
Iteration 98: R^2 = 0.977463726169, ICC = 0.988652941388
Iteration 99: R^2 = 0.973153399309, ICC = 0.987258559365
R Squared list shape: (100,)
ICC list shape: (100,)
