Running abide_motion_wrapper_JAL.py
Fri Sep 23 12:27:42 EDT 2016
Iteration 0: R^2 = 0.95005953321, ICC = 0.975020164935
Iteration 1: R^2 = 0.966037929999, ICC = 0.983224696351
Iteration 2: R^2 = 0.954068867539, ICC = 0.975659641664
Iteration 3: R^2 = 0.96973059964, ICC = 0.984863549045
Iteration 4: R^2 = 0.91408745466, ICC = 0.958609743619
Iteration 5: R^2 = 0.970712023128, ICC = 0.985378028879
Iteration 6: R^2 = 0.967367134587, ICC = 0.983987471176
Iteration 7: R^2 = 0.964349837507, ICC = 0.981926806654
Iteration 8: R^2 = 0.973978237524, ICC = 0.987003031456
Iteration 9: R^2 = 0.964882578698, ICC = 0.982582394815
Iteration 10: R^2 = 0.968502906334, ICC = 0.98422886216
Iteration 11: R^2 = 0.971708388348, ICC = 0.986239683438
Iteration 12: R^2 = 0.936838618754, ICC = 0.969751595584
Iteration 13: R^2 = 0.968143436183, ICC = 0.983798856283
Iteration 14: R^2 = 0.96913083759, ICC = 0.984679424327
Iteration 15: R^2 = 0.969460653011, ICC = 0.984903681554
Iteration 16: R^2 = 0.972148955184, ICC = 0.985951158832
Iteration 17: R^2 = 0.956140481417, ICC = 0.978216649652
Iteration 18: R^2 = 0.968896702209, ICC = 0.98430760927
Iteration 19: R^2 = 0.966833657675, ICC = 0.983296886675
Iteration 20: R^2 = 0.954212784189, ICC = 0.977921251713
Iteration 21: R^2 = 0.969743173297, ICC = 0.985139873655
Iteration 22: R^2 = 0.959085026364, ICC = 0.979032972931
Iteration 23: R^2 = 0.960221564993, ICC = 0.98002548811
Iteration 24: R^2 = 0.961774006209, ICC = 0.981550469604
Iteration 25: R^2 = 0.964975620072, ICC = 0.982599102951
Iteration 26: R^2 = 0.966576074999, ICC = 0.983111570033
Iteration 27: R^2 = 0.957653607006, ICC = 0.978987016928
Iteration 28: R^2 = 0.962910705942, ICC = 0.982100619903
Iteration 29: R^2 = 0.952975137172, ICC = 0.977680069646
Iteration 30: R^2 = 0.970717937338, ICC = 0.985372357599
Iteration 31: R^2 = 0.962127805998, ICC = 0.980583077546
Iteration 32: R^2 = 0.886821160831, ICC = 0.94781145829
Iteration 33: R^2 = 0.964381576996, ICC = 0.981960606943
Iteration 34: R^2 = 0.967744778897, ICC = 0.983746993086
Iteration 35: R^2 = 0.947520052923, ICC = 0.972801077598
Iteration 36: R^2 = 0.965569725826, ICC = 0.983374534685
Iteration 37: R^2 = 0.952358837089, ICC = 0.975971616948
Iteration 38: R^2 = 0.965969874343, ICC = 0.983371527322
Iteration 39: R^2 = 0.963003958175, ICC = 0.982206505429
Iteration 40: R^2 = 0.964317616695, ICC = 0.981554082694
Iteration 41: R^2 = 0.918047616694, ICC = 0.961022790173
Iteration 42: R^2 = 0.959098704069, ICC = 0.979110219056
Iteration 43: R^2 = 0.947131490221, ICC = 0.973757423739
Iteration 44: R^2 = 0.9709016722, ICC = 0.985475800027
Iteration 45: R^2 = 0.964089580939, ICC = 0.982366659385
Iteration 46: R^2 = 0.940794985225, ICC = 0.970632266023
Iteration 47: R^2 = 0.960345698954, ICC = 0.980421100691
Iteration 48: R^2 = 0.948906780565, ICC = 0.975271426973
Iteration 49: R^2 = 0.945662381689, ICC = 0.973051662058
Iteration 50: R^2 = 0.967630330275, ICC = 0.983523373742
Iteration 51: R^2 = 0.966175739386, ICC = 0.982971084827
Iteration 52: R^2 = 0.967783511303, ICC = 0.983814030227
Iteration 53: R^2 = 0.933342817647, ICC = 0.967243371782
Iteration 54: R^2 = 0.922235850806, ICC = 0.959984211699
Iteration 55: R^2 = 0.970900913537, ICC = 0.985414726192
Iteration 56: R^2 = 0.963807876434, ICC = 0.981935834076
Iteration 57: R^2 = 0.860506202971, ICC = 0.929408957052
Iteration 58: R^2 = 0.952909164743, ICC = 0.977086731596
Iteration 59: R^2 = 0.970409386875, ICC = 0.985083675335
Iteration 60: R^2 = 0.965255642816, ICC = 0.982997137289
Iteration 61: R^2 = 0.955691492742, ICC = 0.977961222473
Iteration 62: R^2 = 0.963754096691, ICC = 0.981885961341
Iteration 63: R^2 = 0.969838782967, ICC = 0.984738485183
Iteration 64: R^2 = 0.965165499627, ICC = 0.98294612687
Iteration 65: R^2 = 0.96387418933, ICC = 0.982112593955
Iteration 66: R^2 = 0.95277791654, ICC = 0.976724743978
Iteration 67: R^2 = 0.97004484185, ICC = 0.984723156902
Iteration 68: R^2 = 0.96411995997, ICC = 0.982608677624
Iteration 69: R^2 = 0.959416623466, ICC = 0.980349307051
Iteration 70: R^2 = 0.91847895348, ICC = 0.958142034866
Iteration 71: R^2 = 0.943964438874, ICC = 0.971470793165
Iteration 72: R^2 = 0.966802371425, ICC = 0.983496759373
Iteration 73: R^2 = 0.96437783441, ICC = 0.982565857256
Iteration 74: R^2 = 0.970692188321, ICC = 0.985406649725
Iteration 75: R^2 = 0.927819046283, ICC = 0.963352333148
Iteration 76: R^2 = 0.964462218713, ICC = 0.98204042013
Iteration 77: R^2 = 0.970466549822, ICC = 0.985515286324
Iteration 78: R^2 = 0.959864864075, ICC = 0.98050932075
Iteration 79: R^2 = 0.9705710601, ICC = 0.985311030859
Iteration 80: R^2 = 0.966484433889, ICC = 0.983195332084
Iteration 81: R^2 = 0.957560493898, ICC = 0.979672851811
Iteration 82: R^2 = 0.9595986677, ICC = 0.980247401597
Iteration 83: R^2 = 0.93397092395, ICC = 0.968189520063
Iteration 84: R^2 = 0.944379356441, ICC = 0.97275235243
Iteration 85: R^2 = 0.969811301299, ICC = 0.985067404703
Iteration 86: R^2 = 0.952801786614, ICC = 0.9778892931
Iteration 87: R^2 = 0.927573643224, ICC = 0.962414239903
Iteration 88: R^2 = 0.954817166508, ICC = 0.976694038833
Iteration 89: R^2 = 0.97177653437, ICC = 0.985698085483
Iteration 90: R^2 = 0.963394525621, ICC = 0.981711468716
Iteration 91: R^2 = 0.941572400499, ICC = 0.970843717515
Iteration 92: R^2 = 0.96486602804, ICC = 0.981814595495
Iteration 93: R^2 = 0.92952891692, ICC = 0.96409178076
Iteration 94: R^2 = 0.965519517915, ICC = 0.982702207472
Iteration 95: R^2 = 0.95635756274, ICC = 0.9776794628
Iteration 96: R^2 = 0.967544299193, ICC = 0.98405430428
Iteration 97: R^2 = 0.953477374107, ICC = 0.97722766548
Iteration 98: R^2 = 0.968834050799, ICC = 0.984471717802
Iteration 99: R^2 = 0.961623004879, ICC = 0.981372483131
R Squared list shape: (100,)
ICC list shape: (100,)
