Running abide_motion_wrapper_JAL.py
Fri Sep 23 12:27:42 EDT 2016
Iteration 0: R^2 = 0.965216605115, ICC = 0.982280648715
Iteration 1: R^2 = 0.954912128325, ICC = 0.977938203793
Iteration 2: R^2 = 0.956806285184, ICC = 0.978467098983
Iteration 3: R^2 = 0.941419933792, ICC = 0.970280804148
Iteration 4: R^2 = 0.962372651713, ICC = 0.981175510277
Iteration 5: R^2 = 0.964026016835, ICC = 0.981580401385
Iteration 6: R^2 = 0.950840875635, ICC = 0.974187246573
Iteration 7: R^2 = 0.944107989453, ICC = 0.972030324515
Iteration 8: R^2 = 0.957119456109, ICC = 0.977965874185
Iteration 9: R^2 = 0.96912723738, ICC = 0.984462040056
Iteration 10: R^2 = 0.956474889051, ICC = 0.978070995738
Iteration 11: R^2 = 0.93102258817, ICC = 0.965783786142
Iteration 12: R^2 = 0.95671135858, ICC = 0.978353682556
Iteration 13: R^2 = 0.955392197984, ICC = 0.977113080412
Iteration 14: R^2 = 0.950901486957, ICC = 0.976011574249
Iteration 15: R^2 = 0.944525766827, ICC = 0.972400639265
Iteration 16: R^2 = 0.947313244947, ICC = 0.974244699274
Iteration 17: R^2 = 0.897938682753, ICC = 0.951538352777
Iteration 18: R^2 = 0.947448473163, ICC = 0.974236523412
Iteration 19: R^2 = 0.935377792409, ICC = 0.966770206819
Iteration 20: R^2 = 0.963920765934, ICC = 0.982285478493
Iteration 21: R^2 = 0.964318277798, ICC = 0.981650533435
Iteration 22: R^2 = 0.960440091432, ICC = 0.980096444752
Iteration 23: R^2 = 0.966081665942, ICC = 0.983366718376
Iteration 24: R^2 = 0.963723657652, ICC = 0.98158218615
Iteration 25: R^2 = 0.949980875006, ICC = 0.975965048254
Iteration 26: R^2 = 0.959227149646, ICC = 0.979722441615
Iteration 27: R^2 = 0.890105826903, ICC = 0.941749088554
Iteration 28: R^2 = 0.960400818346, ICC = 0.980784764575
Iteration 29: R^2 = 0.962189892155, ICC = 0.981728639499
Iteration 30: R^2 = 0.949505521592, ICC = 0.97343239517
Iteration 31: R^2 = 0.931307261046, ICC = 0.965945821876
Iteration 32: R^2 = 0.965262227733, ICC = 0.982955802259
Iteration 33: R^2 = 0.951736570593, ICC = 0.976756848294
Iteration 34: R^2 = 0.950747083732, ICC = 0.973546737466
Iteration 35: R^2 = 0.925998110136, ICC = 0.962931977578
Iteration 36: R^2 = 0.919184074959, ICC = 0.957415346775
Iteration 37: R^2 = 0.952427976076, ICC = 0.975643554171
Iteration 38: R^2 = 0.955908122965, ICC = 0.978584272578
Iteration 39: R^2 = 0.960686113138, ICC = 0.981034974312
Iteration 40: R^2 = 0.947812636374, ICC = 0.973638427623
Iteration 41: R^2 = 0.89725551449, ICC = 0.948546640605
Iteration 42: R^2 = 0.896377081076, ICC = 0.952393931008
Iteration 43: R^2 = 0.957802819404, ICC = 0.978671914861
Iteration 44: R^2 = 0.947672776582, ICC = 0.972943467389
Iteration 45: R^2 = 0.909787524109, ICC = 0.956427925191
Iteration 46: R^2 = 0.939251740054, ICC = 0.97049766628
Iteration 47: R^2 = 0.962563508928, ICC = 0.981568347512
Iteration 48: R^2 = 0.953978248989, ICC = 0.97761371472
Iteration 49: R^2 = 0.963180186667, ICC = 0.981279257042
Iteration 50: R^2 = 0.962780110397, ICC = 0.980936804051
Iteration 51: R^2 = 0.959591867413, ICC = 0.979806128055
Iteration 52: R^2 = 0.961662738566, ICC = 0.981149600575
Iteration 53: R^2 = 0.949288940923, ICC = 0.974441159562
Iteration 54: R^2 = 0.960756851101, ICC = 0.980373796872
Iteration 55: R^2 = 0.958749085352, ICC = 0.978949267901
Iteration 56: R^2 = 0.950191883497, ICC = 0.975263569658
Iteration 57: R^2 = 0.966746060322, ICC = 0.983961808595
Iteration 58: R^2 = 0.957988398351, ICC = 0.978781990056
Iteration 59: R^2 = 0.948384102018, ICC = 0.973755723554
Iteration 60: R^2 = 0.963701634571, ICC = 0.98213146578
Iteration 61: R^2 = 0.954790705121, ICC = 0.978484525395
Iteration 62: R^2 = 0.951591433718, ICC = 0.975877902811
Iteration 63: R^2 = 0.957282966094, ICC = 0.978818616293
Iteration 64: R^2 = 0.926174559508, ICC = 0.964691609928
Iteration 65: R^2 = 0.963155565418, ICC = 0.982027993261
Iteration 66: R^2 = 0.964172416176, ICC = 0.982277582643
Iteration 67: R^2 = 0.963015295563, ICC = 0.981276085854
Iteration 68: R^2 = 0.942678332156, ICC = 0.972405604678
Iteration 69: R^2 = 0.928117354023, ICC = 0.963700104506
Iteration 70: R^2 = 0.955801111793, ICC = 0.978361780736
Iteration 71: R^2 = 0.957726662688, ICC = 0.979246481615
Iteration 72: R^2 = 0.901948238066, ICC = 0.953572096395
Iteration 73: R^2 = 0.94671956055, ICC = 0.972873886294
Iteration 74: R^2 = 0.950600140256, ICC = 0.973951912028
Iteration 75: R^2 = 0.959507572277, ICC = 0.979008553181
Iteration 76: R^2 = 0.955488195419, ICC = 0.97870931182
Iteration 77: R^2 = 0.959066226699, ICC = 0.979534218469
Iteration 78: R^2 = 0.943253401952, ICC = 0.972716940614
Iteration 79: R^2 = 0.949598389795, ICC = 0.975500288131
Iteration 80: R^2 = 0.958565735115, ICC = 0.978989264583
Iteration 81: R^2 = 0.963189685911, ICC = 0.981439990705
Iteration 82: R^2 = 0.940517717407, ICC = 0.970024750733
Iteration 83: R^2 = 0.924111217513, ICC = 0.963158330017
Iteration 84: R^2 = 0.926837767574, ICC = 0.962798521309
Iteration 85: R^2 = 0.964714596262, ICC = 0.982741545582
Iteration 86: R^2 = 0.933552482654, ICC = 0.964334825727
Iteration 87: R^2 = 0.942997709988, ICC = 0.97043007076
Iteration 88: R^2 = 0.927731521301, ICC = 0.965882229731
Iteration 89: R^2 = 0.937788059547, ICC = 0.970059886467
Iteration 90: R^2 = 0.965437114161, ICC = 0.982012470235
Iteration 91: R^2 = 0.957447582662, ICC = 0.978339385141
Iteration 92: R^2 = 0.965306003673, ICC = 0.982854915588
Iteration 93: R^2 = 0.948001916698, ICC = 0.973913819688
Iteration 94: R^2 = 0.959925305015, ICC = 0.979232256536
Iteration 95: R^2 = 0.952931994418, ICC = 0.977188773467
Iteration 96: R^2 = 0.960253151575, ICC = 0.979908280722
Iteration 97: R^2 = 0.830970622576, ICC = 0.919700442613
Iteration 98: R^2 = 0.949180827904, ICC = 0.975512498007
Iteration 99: R^2 = 0.945935738226, ICC = 0.972536121332
R Squared list shape: (100,)
ICC list shape: (100,)
