Running abide_motion_wrapper_JAL.py
Fri Sep 23 12:26:51 EDT 2016
Iteration 0: R^2 = 0.891936569606, ICC = 0.946285247314
Iteration 1: R^2 = 0.920762885527, ICC = 0.958072663933
Iteration 2: R^2 = 0.871121388994, ICC = 0.940561845173
Iteration 3: R^2 = 0.785879105105, ICC = 0.89215364792
Iteration 4: R^2 = 0.915989104994, ICC = 0.958369673112
Iteration 5: R^2 = 0.911253285591, ICC = 0.956090093314
Iteration 6: R^2 = 0.906038561593, ICC = 0.951569396916
Iteration 7: R^2 = 0.91071579919, ICC = 0.954533467708
Iteration 8: R^2 = 0.915574599821, ICC = 0.954551683647
Iteration 9: R^2 = 0.917296768626, ICC = 0.960067997582
Iteration 10: R^2 = 0.919654381797, ICC = 0.96042737284
Iteration 11: R^2 = 0.913227133216, ICC = 0.957529024382
Iteration 12: R^2 = 0.916453874766, ICC = 0.960072307596
Iteration 13: R^2 = 0.934820537296, ICC = 0.967462535856
Iteration 14: R^2 = 0.921836780491, ICC = 0.96006598348
Iteration 15: R^2 = 0.934365364012, ICC = 0.966039118344
Iteration 16: R^2 = 0.90046923567, ICC = 0.947245338145
Iteration 17: R^2 = 0.927881823767, ICC = 0.964516294527
Iteration 18: R^2 = 0.913883517219, ICC = 0.959469637228
Iteration 19: R^2 = 0.895843645067, ICC = 0.949686147192
Iteration 20: R^2 = 0.914726861505, ICC = 0.958239838023
Iteration 21: R^2 = 0.850523995148, ICC = 0.92626452599
Iteration 22: R^2 = 0.877804882487, ICC = 0.937730618909
Iteration 23: R^2 = 0.904080009803, ICC = 0.952862717377
Iteration 24: R^2 = 0.921031452675, ICC = 0.960494429347
Iteration 25: R^2 = 0.910718581539, ICC = 0.955510529904
Iteration 26: R^2 = 0.7472841659, ICC = 0.871821795796
Iteration 27: R^2 = 0.913599975066, ICC = 0.957994520592
Iteration 28: R^2 = 0.931302743923, ICC = 0.9650706367
Iteration 29: R^2 = 0.902679093613, ICC = 0.951949651513
Iteration 30: R^2 = 0.917326176122, ICC = 0.958286001357
Iteration 31: R^2 = 0.929351072296, ICC = 0.964718140233
Iteration 32: R^2 = 0.892857860946, ICC = 0.947552610635
Iteration 33: R^2 = 0.912572296102, ICC = 0.957228601499
Iteration 34: R^2 = 0.889655133782, ICC = 0.94829893665
Iteration 35: R^2 = 0.912226135079, ICC = 0.957536187504
Iteration 36: R^2 = 0.854971847275, ICC = 0.933173580212
Iteration 37: R^2 = 0.8986108511, ICC = 0.950759973512
Iteration 38: R^2 = 0.92348246025, ICC = 0.961757385914
Iteration 39: R^2 = 0.930951461831, ICC = 0.965528436045
Iteration 40: R^2 = 0.882070858531, ICC = 0.944519189102
Iteration 41: R^2 = 0.892568547435, ICC = 0.943540931049
Iteration 42: R^2 = 0.921770684879, ICC = 0.960975495602
Iteration 43: R^2 = 0.913845458174, ICC = 0.959012555273
Iteration 44: R^2 = 0.918941692453, ICC = 0.958462899505
Iteration 45: R^2 = 0.80254520532, ICC = 0.911621854924
Iteration 46: R^2 = 0.882630509541, ICC = 0.941859041677
Iteration 47: R^2 = 0.924396865004, ICC = 0.963386711304
Iteration 48: R^2 = 0.821929089472, ICC = 0.905311034766
Iteration 49: R^2 = 0.922959242668, ICC = 0.960273133575
Iteration 50: R^2 = 0.917230782192, ICC = 0.959735781842
Iteration 51: R^2 = 0.894741734233, ICC = 0.948462424691
Iteration 52: R^2 = 0.91940911334, ICC = 0.962268872372
Iteration 53: R^2 = 0.923635731597, ICC = 0.961240214857
Iteration 54: R^2 = 0.877093291461, ICC = 0.941466459343
Iteration 55: R^2 = 0.892077752922, ICC = 0.949656336149
Iteration 56: R^2 = 0.917828368737, ICC = 0.959245592711
Iteration 57: R^2 = 0.916392759869, ICC = 0.957852872345
Iteration 58: R^2 = 0.87007028461, ICC = 0.938744263795
Iteration 59: R^2 = 0.915355812391, ICC = 0.956981201329
Iteration 60: R^2 = 0.931317364197, ICC = 0.966263153266
Iteration 61: R^2 = 0.924207536648, ICC = 0.9615209089
Iteration 62: R^2 = 0.93524995143, ICC = 0.966848566001
Iteration 63: R^2 = 0.93527407416, ICC = 0.967192848586
Iteration 64: R^2 = 0.837007868338, ICC = 0.913912780665
Iteration 65: R^2 = 0.932984490532, ICC = 0.966530105569
Iteration 66: R^2 = 0.907850035162, ICC = 0.955653493492
Iteration 67: R^2 = 0.93452240683, ICC = 0.967426736431
Iteration 68: R^2 = 0.843532792974, ICC = 0.926543669787
Iteration 69: R^2 = 0.921454355004, ICC = 0.961224376184
Iteration 70: R^2 = 0.883266038198, ICC = 0.937794235807
Iteration 71: R^2 = 0.842197345701, ICC = 0.920224749393
Iteration 72: R^2 = 0.914486191712, ICC = 0.955934717051
Iteration 73: R^2 = 0.924123988373, ICC = 0.96325169463
Iteration 74: R^2 = 0.758917558139, ICC = 0.874644369123
Iteration 75: R^2 = 0.859701623279, ICC = 0.934712079405
Iteration 76: R^2 = 0.922868630865, ICC = 0.961793799064
Iteration 77: R^2 = 0.822540142479, ICC = 0.917167450153
Iteration 78: R^2 = 0.917725299308, ICC = 0.958551889438
Iteration 79: R^2 = 0.877388692087, ICC = 0.942512807234
Iteration 80: R^2 = 0.930331700915, ICC = 0.965301462609
Iteration 81: R^2 = 0.717117659397, ICC = 0.877158362867
Iteration 82: R^2 = 0.92129657234, ICC = 0.960340236967
Iteration 83: R^2 = 0.903993541193, ICC = 0.952120541956
Iteration 84: R^2 = 0.926615223604, ICC = 0.964221885711
Iteration 85: R^2 = 0.918432230799, ICC = 0.960985328591
Iteration 86: R^2 = 0.910833117596, ICC = 0.954537556557
Iteration 87: R^2 = 0.910580702547, ICC = 0.954222434623
Iteration 88: R^2 = 0.930631563143, ICC = 0.965177001799
Iteration 89: R^2 = 0.792770011224, ICC = 0.899738848837
Iteration 90: R^2 = 0.923105995335, ICC = 0.96162728469
Iteration 91: R^2 = 0.926436205221, ICC = 0.96407814558
Iteration 92: R^2 = 0.883164196993, ICC = 0.939384472999
Iteration 93: R^2 = 0.918294222342, ICC = 0.959763586029
Iteration 94: R^2 = 0.818590774392, ICC = 0.905916240282
Iteration 95: R^2 = 0.904512959553, ICC = 0.952016563838
Iteration 96: R^2 = 0.916984321853, ICC = 0.959609069904
Iteration 97: R^2 = 0.91747228158, ICC = 0.958616805938
Iteration 98: R^2 = 0.827042330923, ICC = 0.920639210451
Iteration 99: R^2 = 0.932051237903, ICC = 0.965164329647
R Squared list shape: (100,)
ICC list shape: (100,)
