Running abide_motion_wrapper_JAL.py
Fri Sep 23 12:30:12 EDT 2016
Iteration 0: R^2 = 0.971211544044, ICC = 0.985446741753
Iteration 1: R^2 = 0.948885041055, ICC = 0.97514042419
Iteration 2: R^2 = 0.94847950182, ICC = 0.974658957465
Iteration 3: R^2 = 0.964717415023, ICC = 0.982429528615
Iteration 4: R^2 = 0.908428405774, ICC = 0.957578655104
Iteration 5: R^2 = 0.959004062686, ICC = 0.97900614745
Iteration 6: R^2 = 0.971992621379, ICC = 0.985604862463
Iteration 7: R^2 = 0.966311613292, ICC = 0.982086254891
Iteration 8: R^2 = 0.96546012865, ICC = 0.98211852761
Iteration 9: R^2 = 0.966703364332, ICC = 0.983539581036
Iteration 10: R^2 = 0.975552527215, ICC = 0.987358162017
Iteration 11: R^2 = 0.968217767477, ICC = 0.983727634726
Iteration 12: R^2 = 0.954752866377, ICC = 0.977965437356
Iteration 13: R^2 = 0.939632259974, ICC = 0.969426212881
Iteration 14: R^2 = 0.976815987939, ICC = 0.988443182154
Iteration 15: R^2 = 0.954162978647, ICC = 0.97803291118
Iteration 16: R^2 = 0.962509936951, ICC = 0.981266762182
Iteration 17: R^2 = 0.943549326124, ICC = 0.97291194817
Iteration 18: R^2 = 0.97389412127, ICC = 0.987064937791
Iteration 19: R^2 = 0.961765976939, ICC = 0.98124570188
Iteration 20: R^2 = 0.969950584325, ICC = 0.984750677016
Iteration 21: R^2 = 0.97273404484, ICC = 0.986145286892
Iteration 22: R^2 = 0.938289712359, ICC = 0.970261536769
Iteration 23: R^2 = 0.968170898485, ICC = 0.984473702452
Iteration 24: R^2 = 0.932229550334, ICC = 0.967493909932
Iteration 25: R^2 = 0.953654096238, ICC = 0.977305572028
Iteration 26: R^2 = 0.974209328401, ICC = 0.987204816833
Iteration 27: R^2 = 0.963574670686, ICC = 0.980991031518
Iteration 28: R^2 = 0.945664245975, ICC = 0.971481527126
Iteration 29: R^2 = 0.970908550332, ICC = 0.985001825125
Iteration 30: R^2 = 0.962140424205, ICC = 0.980981727479
Iteration 31: R^2 = 0.969135600107, ICC = 0.984575864335
Iteration 32: R^2 = 0.972974387479, ICC = 0.986515500801
Iteration 33: R^2 = 0.970947547409, ICC = 0.985868357925
Iteration 34: R^2 = 0.965544607154, ICC = 0.982941061222
Iteration 35: R^2 = 0.957242359875, ICC = 0.978762371148
Iteration 36: R^2 = 0.943993612599, ICC = 0.972706813075
Iteration 37: R^2 = 0.956522603552, ICC = 0.978666169254
Iteration 38: R^2 = 0.957866276277, ICC = 0.979169708258
Iteration 39: R^2 = 0.971777359869, ICC = 0.985658864041
Iteration 40: R^2 = 0.962242983538, ICC = 0.980610874119
Iteration 41: R^2 = 0.966049227503, ICC = 0.982526424195
Iteration 42: R^2 = 0.976523371834, ICC = 0.988084700716
Iteration 43: R^2 = 0.973221508643, ICC = 0.986776964591
Iteration 44: R^2 = 0.95386642172, ICC = 0.977609287387
Iteration 45: R^2 = 0.972067354627, ICC = 0.986080586118
Iteration 46: R^2 = 0.962911515711, ICC = 0.981156933682
Iteration 47: R^2 = 0.944937026726, ICC = 0.973400376681
Iteration 48: R^2 = 0.964607645443, ICC = 0.981735103692
Iteration 49: R^2 = 0.958615318454, ICC = 0.979789635562
Iteration 50: R^2 = 0.972053544956, ICC = 0.986262291352
Iteration 51: R^2 = 0.929447090405, ICC = 0.964547460148
Iteration 52: R^2 = 0.973965243142, ICC = 0.986864782209
Iteration 53: R^2 = 0.97257614481, ICC = 0.986129277518
Iteration 54: R^2 = 0.961288463009, ICC = 0.98130733077
Iteration 55: R^2 = 0.947069119054, ICC = 0.973437074815
Iteration 56: R^2 = 0.972760811858, ICC = 0.986703469115
Iteration 57: R^2 = 0.970846173726, ICC = 0.985780798277
Iteration 58: R^2 = 0.965299378998, ICC = 0.983148510343
Iteration 59: R^2 = 0.962811284209, ICC = 0.981533654156
Iteration 60: R^2 = 0.963618760821, ICC = 0.982333404593
Iteration 61: R^2 = 0.969035587327, ICC = 0.984449495905
Iteration 62: R^2 = 0.955440625721, ICC = 0.978762628894
Iteration 63: R^2 = 0.950903094403, ICC = 0.97455818485
Iteration 64: R^2 = 0.968658050401, ICC = 0.984663182287
Iteration 65: R^2 = 0.965245274163, ICC = 0.982631989459
Iteration 66: R^2 = 0.968769418867, ICC = 0.98493864815
Iteration 67: R^2 = 0.964086001616, ICC = 0.981939570601
Iteration 68: R^2 = 0.940065815221, ICC = 0.969394725107
Iteration 69: R^2 = 0.968539647317, ICC = 0.984419824308
Iteration 70: R^2 = 0.962162955261, ICC = 0.98103728417
Iteration 71: R^2 = 0.973715592313, ICC = 0.986443707171
Iteration 72: R^2 = 0.966675708779, ICC = 0.983936780692
Iteration 73: R^2 = 0.962866013579, ICC = 0.981037610296
Iteration 74: R^2 = 0.976643960534, ICC = 0.988145356175
Iteration 75: R^2 = 0.945471360796, ICC = 0.972755709584
Iteration 76: R^2 = 0.968302943047, ICC = 0.984363492932
Iteration 77: R^2 = 0.962064034618, ICC = 0.981061602245
Iteration 78: R^2 = 0.958980619792, ICC = 0.980179185473
Iteration 79: R^2 = 0.971708229835, ICC = 0.985864000017
Iteration 80: R^2 = 0.96826967378, ICC = 0.983920789977
Iteration 81: R^2 = 0.961546579195, ICC = 0.981343135464
Iteration 82: R^2 = 0.968431337178, ICC = 0.983982369451
Iteration 83: R^2 = 0.977946332373, ICC = 0.988756482692
Iteration 84: R^2 = 0.953010847163, ICC = 0.976922173834
Iteration 85: R^2 = 0.966966396246, ICC = 0.983812478445
Iteration 86: R^2 = 0.96817071322, ICC = 0.98406964773
Iteration 87: R^2 = 0.967583062987, ICC = 0.983049119104
Iteration 88: R^2 = 0.969406477503, ICC = 0.984830261219
Iteration 89: R^2 = 0.966720086011, ICC = 0.982857202768
Iteration 90: R^2 = 0.971471870894, ICC = 0.985683285396
Iteration 91: R^2 = 0.969694996539, ICC = 0.985229394332
Iteration 92: R^2 = 0.952691192381, ICC = 0.975610006146
Iteration 93: R^2 = 0.96713499514, ICC = 0.983669321936
Iteration 94: R^2 = 0.965357436631, ICC = 0.982674437869
Iteration 95: R^2 = 0.943851108812, ICC = 0.972849083939
Iteration 96: R^2 = 0.965827788408, ICC = 0.98251766282
Iteration 97: R^2 = 0.960080547874, ICC = 0.980443739307
Iteration 98: R^2 = 0.971070477835, ICC = 0.986001286137
Iteration 99: R^2 = 0.965278492342, ICC = 0.982750712766
R Squared list shape: (100,)
ICC list shape: (100,)
