Running abide_motion_wrapper_JAL.py
Fri Sep 23 12:27:42 EDT 2016
Iteration 0: R^2 = 0.938836732246, ICC = 0.970561000374
Iteration 1: R^2 = 0.882645590988, ICC = 0.944608538695
Iteration 2: R^2 = 0.938163626454, ICC = 0.969370865085
Iteration 3: R^2 = 0.931122824021, ICC = 0.966018991279
Iteration 4: R^2 = 0.893322404227, ICC = 0.950439942747
Iteration 5: R^2 = 0.94364180742, ICC = 0.972598975296
Iteration 6: R^2 = 0.925120251811, ICC = 0.962485052215
Iteration 7: R^2 = 0.949759006677, ICC = 0.973085306182
Iteration 8: R^2 = 0.891003603282, ICC = 0.947803151783
Iteration 9: R^2 = 0.950556031476, ICC = 0.974716338427
Iteration 10: R^2 = 0.943967201249, ICC = 0.972388837012
Iteration 11: R^2 = 0.925450279564, ICC = 0.963283197597
Iteration 12: R^2 = 0.926469105771, ICC = 0.963376983235
Iteration 13: R^2 = 0.920642241338, ICC = 0.960217533157
Iteration 14: R^2 = 0.930804657623, ICC = 0.965351684043
Iteration 15: R^2 = 0.943361973804, ICC = 0.972307554786
Iteration 16: R^2 = 0.886776784674, ICC = 0.941676307682
Iteration 17: R^2 = 0.933803267628, ICC = 0.966820666901
Iteration 18: R^2 = 0.945016572416, ICC = 0.97227837379
Iteration 19: R^2 = 0.933125914224, ICC = 0.965764500533
Iteration 20: R^2 = 0.907344265273, ICC = 0.953021118525
Iteration 21: R^2 = 0.898958091275, ICC = 0.952146184923
Iteration 22: R^2 = 0.941522913724, ICC = 0.969734447149
Iteration 23: R^2 = 0.937402301504, ICC = 0.967368960821
Iteration 24: R^2 = 0.91976745276, ICC = 0.961007501311
Iteration 25: R^2 = 0.947239481817, ICC = 0.973319770489
Iteration 26: R^2 = 0.952362691598, ICC = 0.975914694113
Iteration 27: R^2 = 0.935106501826, ICC = 0.968109308915
Iteration 28: R^2 = 0.9379782721, ICC = 0.968870365569
Iteration 29: R^2 = 0.900005463139, ICC = 0.94863563937
Iteration 30: R^2 = 0.945599319736, ICC = 0.973836790677
Iteration 31: R^2 = 0.930712119534, ICC = 0.965618564011
Iteration 32: R^2 = 0.932445062604, ICC = 0.966414826551
Iteration 33: R^2 = 0.941848570351, ICC = 0.970328714817
Iteration 34: R^2 = 0.912405019683, ICC = 0.958625911418
Iteration 35: R^2 = 0.945014727524, ICC = 0.973227931815
Iteration 36: R^2 = 0.940721834603, ICC = 0.970565182334
Iteration 37: R^2 = 0.935764885158, ICC = 0.968318208129
Iteration 38: R^2 = 0.933810032388, ICC = 0.967257581436
Iteration 39: R^2 = 0.900569171471, ICC = 0.948353714442
Iteration 40: R^2 = 0.91740957269, ICC = 0.959016431476
Iteration 41: R^2 = 0.941452443972, ICC = 0.972381399626
Iteration 42: R^2 = 0.95201741264, ICC = 0.976176467612
Iteration 43: R^2 = 0.95424497603, ICC = 0.977308250997
Iteration 44: R^2 = 0.946223727431, ICC = 0.972983126091
Iteration 45: R^2 = 0.910895010742, ICC = 0.955006987496
Iteration 46: R^2 = 0.930974774772, ICC = 0.964538440492
Iteration 47: R^2 = 0.934333333277, ICC = 0.966928373105
Iteration 48: R^2 = 0.925339572024, ICC = 0.961979990052
Iteration 49: R^2 = 0.939378127848, ICC = 0.9680367081
Iteration 50: R^2 = 0.901952969286, ICC = 0.952258706135
Iteration 51: R^2 = 0.93278232095, ICC = 0.966436875904
Iteration 52: R^2 = 0.912044072577, ICC = 0.95408491761
Iteration 53: R^2 = 0.930701654285, ICC = 0.965784823999
Iteration 54: R^2 = 0.939127532855, ICC = 0.969196403867
Iteration 55: R^2 = 0.927438702358, ICC = 0.963212402491
Iteration 56: R^2 = 0.94410399296, ICC = 0.972157996385
Iteration 57: R^2 = 0.942780000807, ICC = 0.971079746533
Iteration 58: R^2 = 0.929793435046, ICC = 0.962724303039
Iteration 59: R^2 = 0.912675621276, ICC = 0.95600113113
Iteration 60: R^2 = 0.943191774097, ICC = 0.971863129217
Iteration 61: R^2 = 0.913097350241, ICC = 0.957480073923
Iteration 62: R^2 = 0.863878890558, ICC = 0.933391575391
Iteration 63: R^2 = 0.932990979957, ICC = 0.965205341554
Iteration 64: R^2 = 0.92332711947, ICC = 0.961668427042
Iteration 65: R^2 = 0.890189414837, ICC = 0.943176933608
Iteration 66: R^2 = 0.86969877647, ICC = 0.936374448718
Iteration 67: R^2 = 0.9390302648, ICC = 0.96941655083
Iteration 68: R^2 = 0.945108379459, ICC = 0.97268256077
Iteration 69: R^2 = 0.939094993532, ICC = 0.968945606161
Iteration 70: R^2 = 0.943474784659, ICC = 0.971065002193
Iteration 71: R^2 = 0.949302694959, ICC = 0.974284395669
Iteration 72: R^2 = 0.948710401715, ICC = 0.974729015043
Iteration 73: R^2 = 0.929084175521, ICC = 0.96390141422
Iteration 74: R^2 = 0.833013766144, ICC = 0.921931685774
Iteration 75: R^2 = 0.924486637319, ICC = 0.960587401722
Iteration 76: R^2 = 0.94920383297, ICC = 0.975410552476
Iteration 77: R^2 = 0.924869855277, ICC = 0.963760037669
Iteration 78: R^2 = 0.870301722226, ICC = 0.940374718134
Iteration 79: R^2 = 0.842198462179, ICC = 0.926342444639
Iteration 80: R^2 = 0.920017712889, ICC = 0.961967926751
Iteration 81: R^2 = 0.939380507162, ICC = 0.969882068195
Iteration 82: R^2 = 0.943954516635, ICC = 0.972529553457
Iteration 83: R^2 = 0.935644418407, ICC = 0.965607020492
Iteration 84: R^2 = 0.939331584604, ICC = 0.970364492815
Iteration 85: R^2 = 0.928674388047, ICC = 0.965299898677
Iteration 86: R^2 = 0.823504827975, ICC = 0.915402208472
Iteration 87: R^2 = 0.928028471731, ICC = 0.964169298768
Iteration 88: R^2 = 0.913979029132, ICC = 0.95640369954
Iteration 89: R^2 = 0.919922446806, ICC = 0.958468520605
Iteration 90: R^2 = 0.927306267557, ICC = 0.962726965842
Iteration 91: R^2 = 0.842970194486, ICC = 0.920616122457
Iteration 92: R^2 = 0.940572359265, ICC = 0.970962258578
Iteration 93: R^2 = 0.922123640373, ICC = 0.963301452563
Iteration 94: R^2 = 0.923452079774, ICC = 0.962294079504
Iteration 95: R^2 = 0.935568597812, ICC = 0.967113454059
Iteration 96: R^2 = 0.936636313895, ICC = 0.966873038809
Iteration 97: R^2 = 0.941795277308, ICC = 0.970765537906
Iteration 98: R^2 = 0.934643707207, ICC = 0.966730470596
Iteration 99: R^2 = 0.904616666381, ICC = 0.952748748154
R Squared list shape: (100,)
ICC list shape: (100,)
