Running abide_motion_wrapper_JAL.py
Fri Sep 23 12:26:51 EDT 2016
Iteration 0: R^2 = 0.959730324995, ICC = 0.979968962584
Iteration 1: R^2 = 0.973991689255, ICC = 0.986885322014
Iteration 2: R^2 = 0.970189534633, ICC = 0.985098226067
Iteration 3: R^2 = 0.93250346839, ICC = 0.968179156089
Iteration 4: R^2 = 0.964589201501, ICC = 0.981951417187
Iteration 5: R^2 = 0.971290815823, ICC = 0.985665909722
Iteration 6: R^2 = 0.96957697938, ICC = 0.98461348178
Iteration 7: R^2 = 0.9687580343, ICC = 0.984233580296
Iteration 8: R^2 = 0.960097536869, ICC = 0.979495059634
Iteration 9: R^2 = 0.966972394562, ICC = 0.983325387222
Iteration 10: R^2 = 0.972499364065, ICC = 0.986603670499
Iteration 11: R^2 = 0.969425676263, ICC = 0.985304072032
Iteration 12: R^2 = 0.965541021358, ICC = 0.983016877396
Iteration 13: R^2 = 0.964911928575, ICC = 0.982537109679
Iteration 14: R^2 = 0.956065663198, ICC = 0.978763642866
Iteration 15: R^2 = 0.975154564193, ICC = 0.987609245758
Iteration 16: R^2 = 0.975884435469, ICC = 0.987774714193
Iteration 17: R^2 = 0.973239145727, ICC = 0.986478247117
Iteration 18: R^2 = 0.969163005205, ICC = 0.984765736252
Iteration 19: R^2 = 0.970601359891, ICC = 0.985696074299
Iteration 20: R^2 = 0.975042869292, ICC = 0.987564474809
Iteration 21: R^2 = 0.965545692372, ICC = 0.982990275098
Iteration 22: R^2 = 0.975749353255, ICC = 0.987981136643
Iteration 23: R^2 = 0.838485368846, ICC = 0.917399451344
Iteration 24: R^2 = 0.947630204789, ICC = 0.975210793421
Iteration 25: R^2 = 0.966488210321, ICC = 0.983804072195
Iteration 26: R^2 = 0.969608472131, ICC = 0.98479946847
Iteration 27: R^2 = 0.974099683984, ICC = 0.986987505408
Iteration 28: R^2 = 0.929436272829, ICC = 0.963557443532
Iteration 29: R^2 = 0.97288174887, ICC = 0.986332264897
Iteration 30: R^2 = 0.977339955317, ICC = 0.988637559881
Iteration 31: R^2 = 0.956634773768, ICC = 0.979043338815
Iteration 32: R^2 = 0.976963750402, ICC = 0.988556008904
Iteration 33: R^2 = 0.970727628589, ICC = 0.985487413868
Iteration 34: R^2 = 0.97177448737, ICC = 0.986117884158
Iteration 35: R^2 = 0.945588302804, ICC = 0.974396869565
Iteration 36: R^2 = 0.976801391045, ICC = 0.988265883814
Iteration 37: R^2 = 0.95994609323, ICC = 0.980240187017
Iteration 38: R^2 = 0.967814216818, ICC = 0.983741366942
Iteration 39: R^2 = 0.969265320609, ICC = 0.984076043951
Iteration 40: R^2 = 0.96999152375, ICC = 0.98487173681
Iteration 41: R^2 = 0.973901411494, ICC = 0.987109436184
Iteration 42: R^2 = 0.976433538931, ICC = 0.988348270414
Iteration 43: R^2 = 0.971748874062, ICC = 0.985891118028
Iteration 44: R^2 = 0.968124675792, ICC = 0.984130655739
Iteration 45: R^2 = 0.974241648435, ICC = 0.986782584527
Iteration 46: R^2 = 0.969359534567, ICC = 0.984179438477
Iteration 47: R^2 = 0.963959097987, ICC = 0.982403301076
Iteration 48: R^2 = 0.963978623029, ICC = 0.981834714965
Iteration 49: R^2 = 0.940287683299, ICC = 0.970621734956
Iteration 50: R^2 = 0.969322630754, ICC = 0.984853120902
Iteration 51: R^2 = 0.97428517955, ICC = 0.987195607452
Iteration 52: R^2 = 0.971344570504, ICC = 0.98581056759
Iteration 53: R^2 = 0.976520828076, ICC = 0.98820953037
Iteration 54: R^2 = 0.975892913511, ICC = 0.988023225389
Iteration 55: R^2 = 0.921108622286, ICC = 0.958198481918
Iteration 56: R^2 = 0.970603893299, ICC = 0.985306943297
Iteration 57: R^2 = 0.97497395815, ICC = 0.987320128465
Iteration 58: R^2 = 0.9751888537, ICC = 0.987823273183
Iteration 59: R^2 = 0.96412508554, ICC = 0.982437387053
Iteration 60: R^2 = 0.978042306884, ICC = 0.989192492672
Iteration 61: R^2 = 0.908383984543, ICC = 0.954352442251
Iteration 62: R^2 = 0.975374748822, ICC = 0.988001879456
Iteration 63: R^2 = 0.972739674737, ICC = 0.986366003906
Iteration 64: R^2 = 0.973445808195, ICC = 0.98674756495
Iteration 65: R^2 = 0.972420010986, ICC = 0.985487573725
Iteration 66: R^2 = 0.958585581521, ICC = 0.978919086761
Iteration 67: R^2 = 0.924461295164, ICC = 0.960908703459
Iteration 68: R^2 = 0.974102902508, ICC = 0.986857262239
Iteration 69: R^2 = 0.955548869215, ICC = 0.978226355425
Iteration 70: R^2 = 0.975182326572, ICC = 0.987634618299
Iteration 71: R^2 = 0.959809926069, ICC = 0.979316924701
Iteration 72: R^2 = 0.972086925483, ICC = 0.986438600838
Iteration 73: R^2 = 0.973518985207, ICC = 0.98674381116
Iteration 74: R^2 = 0.964395979475, ICC = 0.982282182879
Iteration 75: R^2 = 0.958632066369, ICC = 0.979945631397
Iteration 76: R^2 = 0.965368150838, ICC = 0.982189907286
Iteration 77: R^2 = 0.969931474551, ICC = 0.984802231152
Iteration 78: R^2 = 0.97221080812, ICC = 0.986301154342
Iteration 79: R^2 = 0.972860051355, ICC = 0.986006329936
Iteration 80: R^2 = 0.971742656508, ICC = 0.986054064017
Iteration 81: R^2 = 0.962949998716, ICC = 0.980754515814
Iteration 82: R^2 = 0.974152971478, ICC = 0.987182288259
Iteration 83: R^2 = 0.96769235146, ICC = 0.984347930782
Iteration 84: R^2 = 0.971331522851, ICC = 0.985375289403
Iteration 85: R^2 = 0.957119805609, ICC = 0.97774429332
Iteration 86: R^2 = 0.973776380377, ICC = 0.987123128427
Iteration 87: R^2 = 0.978074867952, ICC = 0.988986642057
Iteration 88: R^2 = 0.963927808047, ICC = 0.982386078663
Iteration 89: R^2 = 0.973903391062, ICC = 0.987103553702
Iteration 90: R^2 = 0.964656417324, ICC = 0.982815390073
Iteration 91: R^2 = 0.948499249432, ICC = 0.975242783468
Iteration 92: R^2 = 0.977266391685, ICC = 0.98827647477
Iteration 93: R^2 = 0.971571491265, ICC = 0.985922178481
Iteration 94: R^2 = 0.96990488241, ICC = 0.985092792508
Iteration 95: R^2 = 0.95843786641, ICC = 0.979441669047
Iteration 96: R^2 = 0.952602516652, ICC = 0.976103428682
Iteration 97: R^2 = 0.977941132653, ICC = 0.989005555921
Iteration 98: R^2 = 0.944925622638, ICC = 0.973471376161
Iteration 99: R^2 = 0.948694074772, ICC = 0.974547208024
R Squared list shape: (100,)
ICC list shape: (100,)
