Running abide_motion_wrapper_JAL.py
Fri Sep 23 12:27:42 EDT 2016
Iteration 0: R^2 = 0.792735643365, ICC = 0.897719380718
Iteration 1: R^2 = 0.774203232929, ICC = 0.883052779221
Iteration 2: R^2 = 0.769056230965, ICC = 0.884763210506
Iteration 3: R^2 = 0.793017214322, ICC = 0.896727834517
Iteration 4: R^2 = 0.73024936335, ICC = 0.848621397002
Iteration 5: R^2 = 0.765449230649, ICC = 0.880802898016
Iteration 6: R^2 = 0.682522339092, ICC = 0.846513857202
Iteration 7: R^2 = 0.665402021139, ICC = 0.841349488838
Iteration 8: R^2 = 0.797607824327, ICC = 0.90028900086
Iteration 9: R^2 = 0.703803830568, ICC = 0.852461253204
Iteration 10: R^2 = 0.578668824812, ICC = 0.803127870626
Iteration 11: R^2 = 0.663194445028, ICC = 0.825747287944
Iteration 12: R^2 = 0.559049812635, ICC = 0.805804957535
Iteration 13: R^2 = 0.731244485426, ICC = 0.863796108397
Iteration 14: R^2 = 0.828137659667, ICC = 0.912745618828
Iteration 15: R^2 = 0.649919892825, ICC = 0.835121401012
Iteration 16: R^2 = 0.755575352643, ICC = 0.884673630526
Iteration 17: R^2 = 0.750104787727, ICC = 0.877908327683
Iteration 18: R^2 = 0.700061745159, ICC = 0.862093151784
Iteration 19: R^2 = 0.735827206395, ICC = 0.869841015422
Iteration 20: R^2 = 0.661041553863, ICC = 0.82603212783
Iteration 21: R^2 = 0.739758166698, ICC = 0.877695708138
Iteration 22: R^2 = 0.689393259095, ICC = 0.837717704593
Iteration 23: R^2 = 0.727919762443, ICC = 0.854497037832
Iteration 24: R^2 = 0.563788269755, ICC = 0.788788799214
Iteration 25: R^2 = 0.789874590042, ICC = 0.895339601623
Iteration 26: R^2 = 0.766404959439, ICC = 0.892039007327
Iteration 27: R^2 = 0.0711585809065, ICC = 0.640948115906
Iteration 28: R^2 = 0.718587634595, ICC = 0.875270499103
Iteration 29: R^2 = 0.764898651862, ICC = 0.889523988203
Iteration 30: R^2 = 0.763148415979, ICC = 0.880797346876
Iteration 31: R^2 = 0.624643289901, ICC = 0.820638344132
Iteration 32: R^2 = 0.816803675988, ICC = 0.909199294471
Iteration 33: R^2 = 0.664418609052, ICC = 0.856554560686
Iteration 34: R^2 = 0.494356165177, ICC = 0.781219625123
Iteration 35: R^2 = 0.46150602426, ICC = 0.772530317705
Iteration 36: R^2 = 0.795696742023, ICC = 0.898680164716
Iteration 37: R^2 = 0.732645563866, ICC = 0.868520756645
Iteration 38: R^2 = 0.61744843129, ICC = 0.80950059519
Iteration 39: R^2 = 0.697446613631, ICC = 0.858881814788
Iteration 40: R^2 = 0.741244762667, ICC = 0.866945615956
Iteration 41: R^2 = 0.6920460214, ICC = 0.841921133307
Iteration 42: R^2 = 0.51840009591, ICC = 0.788386513551
Iteration 43: R^2 = 0.775069040136, ICC = 0.886908499819
Iteration 44: R^2 = 0.785051591491, ICC = 0.895846816989
Iteration 45: R^2 = 0.753031235939, ICC = 0.878392654161
Iteration 46: R^2 = 0.736044538583, ICC = 0.875654180913
Iteration 47: R^2 = 0.787965162454, ICC = 0.888593361637
Iteration 48: R^2 = 0.704651951401, ICC = 0.844775478553
Iteration 49: R^2 = 0.834082988105, ICC = 0.918406934282
Iteration 50: R^2 = 0.766123496004, ICC = 0.891517495676
Iteration 51: R^2 = 0.775281691368, ICC = 0.88784206939
Iteration 52: R^2 = 0.78253571504, ICC = 0.885000985371
Iteration 53: R^2 = 0.806113307685, ICC = 0.902040425435
Iteration 54: R^2 = 0.777208392081, ICC = 0.884900548324
Iteration 55: R^2 = 0.668544757968, ICC = 0.847627957902
Iteration 56: R^2 = 0.723686541442, ICC = 0.849910546269
Iteration 57: R^2 = 0.802248447069, ICC = 0.899052548744
Iteration 58: R^2 = 0.781044920832, ICC = 0.890695059447
Iteration 59: R^2 = 0.729040751938, ICC = 0.85607254759
Iteration 60: R^2 = 0.786312997216, ICC = 0.888866905485
Iteration 61: R^2 = 0.707283839914, ICC = 0.854976009187
Iteration 62: R^2 = 0.636934071514, ICC = 0.820497843899
Iteration 63: R^2 = 0.531418782335, ICC = 0.798854919131
Iteration 64: R^2 = 0.760020661803, ICC = 0.880486920248
Iteration 65: R^2 = 0.805041403699, ICC = 0.906702797332
Iteration 66: R^2 = 0.806420667699, ICC = 0.903137895076
Iteration 67: R^2 = 0.804852677413, ICC = 0.907107253985
Iteration 68: R^2 = 0.760803968468, ICC = 0.881133512935
Iteration 69: R^2 = 0.679759270771, ICC = 0.82715783393
Iteration 70: R^2 = 0.454440048227, ICC = 0.756500044406
Iteration 71: R^2 = 0.752827941354, ICC = 0.88549475711
Iteration 72: R^2 = 0.652301326437, ICC = 0.835340052666
Iteration 73: R^2 = 0.675491013732, ICC = 0.860670476094
Iteration 74: R^2 = 0.771057983654, ICC = 0.882896646489
Iteration 75: R^2 = 0.696543033676, ICC = 0.844727434894
Iteration 76: R^2 = 0.499271225586, ICC = 0.780976817609
Iteration 77: R^2 = 0.710354894478, ICC = 0.844325692876
Iteration 78: R^2 = 0.728461060311, ICC = 0.874452073032
Iteration 79: R^2 = 0.776753729011, ICC = 0.892824474216
Iteration 80: R^2 = 0.803139229705, ICC = 0.90091283005
Iteration 81: R^2 = 0.552100825977, ICC = 0.817548867831
Iteration 82: R^2 = 0.731592033018, ICC = 0.868809852634
Iteration 83: R^2 = 0.516745294741, ICC = 0.806922265627
Iteration 84: R^2 = 0.812429055694, ICC = 0.897876148903
Iteration 85: R^2 = 0.833074467021, ICC = 0.918050728004
Iteration 86: R^2 = 0.782674572791, ICC = 0.900507993486
Iteration 87: R^2 = 0.773134679087, ICC = 0.890512085141
Iteration 88: R^2 = 0.667533222394, ICC = 0.844309815721
Iteration 89: R^2 = 0.756654845822, ICC = 0.88801642238
Iteration 90: R^2 = 0.791068471318, ICC = 0.886661566863
Iteration 91: R^2 = 0.66529970317, ICC = 0.831175212921
Iteration 92: R^2 = 0.709887822514, ICC = 0.861216473862
Iteration 93: R^2 = 0.790889461033, ICC = 0.884409532302
Iteration 94: R^2 = 0.643893206927, ICC = 0.813125000253
Iteration 95: R^2 = 0.706873267614, ICC = 0.855065136595
Iteration 96: R^2 = 0.756494836953, ICC = 0.877788034188
Iteration 97: R^2 = 0.753428415029, ICC = 0.879632657264
Iteration 98: R^2 = 0.770302821858, ICC = 0.888771871337
Iteration 99: R^2 = 0.620272918297, ICC = 0.814824766869
R Squared list shape: (100,)
ICC list shape: (100,)
slurmstepd: slurm_receive_msg: Socket timed out on send/recv operation
