Running abide_motion_wrapper_JAL.py
Fri Sep 23 12:26:04 EDT 2016
Iteration 0: R^2 = 0.792699634102, ICC = 0.896691394738
Iteration 1: R^2 = 0.69391134454, ICC = 0.834752271168
Iteration 2: R^2 = 0.701289681963, ICC = 0.845264356529
Iteration 3: R^2 = 0.786357077704, ICC = 0.890055944231
Iteration 4: R^2 = 0.692524408211, ICC = 0.840574032506
Iteration 5: R^2 = 0.712755651211, ICC = 0.860583781809
Iteration 6: R^2 = 0.775760845122, ICC = 0.884224741824
Iteration 7: R^2 = 0.760517970478, ICC = 0.879650144468
Iteration 8: R^2 = 0.44313124239, ICC = 0.788494062941
Iteration 9: R^2 = 0.815100368163, ICC = 0.911817142776
Iteration 10: R^2 = 0.773615217834, ICC = 0.886188175139
Iteration 11: R^2 = 0.758493490433, ICC = 0.876874877151
Iteration 12: R^2 = 0.785214969527, ICC = 0.89414620478
Iteration 13: R^2 = 0.766541604626, ICC = 0.884398958299
Iteration 14: R^2 = 0.746092629218, ICC = 0.888906726466
Iteration 15: R^2 = 0.780026388633, ICC = 0.89688695166
Iteration 16: R^2 = 0.761627681662, ICC = 0.884014855169
Iteration 17: R^2 = 0.727245610775, ICC = 0.875852680531
Iteration 18: R^2 = 0.791297963556, ICC = 0.892502380653
Iteration 19: R^2 = 0.75857684639, ICC = 0.88246966384
Iteration 20: R^2 = 0.819825271469, ICC = 0.904730485167
Iteration 21: R^2 = 0.787639913884, ICC = 0.88594293547
Iteration 22: R^2 = 0.726239661785, ICC = 0.854093049411
Iteration 23: R^2 = 0.690113059775, ICC = 0.860918577493
Iteration 24: R^2 = 0.583268381489, ICC = 0.817147911648
Iteration 25: R^2 = 0.71875668118, ICC = 0.864281693739
Iteration 26: R^2 = 0.529178319426, ICC = 0.804453326891
Iteration 27: R^2 = 0.195208082976, ICC = 0.665518428883
Iteration 28: R^2 = 0.761407254223, ICC = 0.887053795865
Iteration 29: R^2 = 0.801043543039, ICC = 0.895684282468
Iteration 30: R^2 = 0.776746661505, ICC = 0.89102692119
Iteration 31: R^2 = 0.793937259746, ICC = 0.897773082276
Iteration 32: R^2 = 0.721349319683, ICC = 0.866105281049
Iteration 33: R^2 = 0.778647403273, ICC = 0.882106785987
Iteration 34: R^2 = 0.670151404639, ICC = 0.836768231514
Iteration 35: R^2 = 0.761444728976, ICC = 0.885403839934
Iteration 36: R^2 = 0.125147036446, ICC = 0.649642149588
Iteration 37: R^2 = 0.735382212832, ICC = 0.859649210494
Iteration 38: R^2 = 0.794823494942, ICC = 0.894447637931
Iteration 39: R^2 = 0.705393050447, ICC = 0.8494170393
Iteration 40: R^2 = 0.778353393756, ICC = 0.889787382926
Iteration 41: R^2 = 0.775207062153, ICC = 0.888341265464
Iteration 42: R^2 = 0.7254967541, ICC = 0.87615435149
Iteration 43: R^2 = 0.760397426121, ICC = 0.88181634029
Iteration 44: R^2 = 0.633421988148, ICC = 0.8291082587
Iteration 45: R^2 = 0.767465684837, ICC = 0.876774818879
Iteration 46: R^2 = 0.723606463419, ICC = 0.869928105566
Iteration 47: R^2 = 0.62240540664, ICC = 0.821743587691
Iteration 48: R^2 = 0.713082961202, ICC = 0.870266661178
Iteration 49: R^2 = -0.111356578438, ICC = 0.573833931772
Iteration 50: R^2 = 0.775275995704, ICC = 0.882467365593
Iteration 51: R^2 = 0.768166233931, ICC = 0.876553739794
Iteration 52: R^2 = 0.619234083222, ICC = 0.804269659114
Iteration 53: R^2 = 0.798154776232, ICC = 0.89482179831
Iteration 54: R^2 = 0.739249059457, ICC = 0.876861305686
Iteration 55: R^2 = 0.1576782629, ICC = 0.656086677687
Iteration 56: R^2 = 0.715966410818, ICC = 0.868114437135
Iteration 57: R^2 = 0.722445009238, ICC = 0.873560637717
Iteration 58: R^2 = 0.756122983187, ICC = 0.882541901372
Iteration 59: R^2 = 0.698909554261, ICC = 0.861780763158
Iteration 60: R^2 = 0.739540158651, ICC = 0.875485083739
Iteration 61: R^2 = 0.466239938474, ICC = 0.76029888408
Iteration 62: R^2 = 0.799713418772, ICC = 0.900406126853
Iteration 63: R^2 = 0.784954390645, ICC = 0.891403028395
Iteration 64: R^2 = 0.739357207408, ICC = 0.865843255267
Iteration 65: R^2 = 0.682109509998, ICC = 0.825351204715
Iteration 66: R^2 = 0.190508519825, ICC = 0.668103914091
Iteration 67: R^2 = 0.807718911539, ICC = 0.903995725265
Iteration 68: R^2 = 0.806246969245, ICC = 0.904189873091
Iteration 69: R^2 = 0.779907772559, ICC = 0.893772514904
Iteration 70: R^2 = 0.792311149819, ICC = 0.902997251788
Iteration 71: R^2 = 0.634100158106, ICC = 0.825759703486
Iteration 72: R^2 = 0.697141603369, ICC = 0.845235472991
Iteration 73: R^2 = 0.780484630346, ICC = 0.886989328676
Iteration 74: R^2 = 0.619763661403, ICC = 0.817877944393
Iteration 75: R^2 = 0.788850861924, ICC = 0.894928958366
Iteration 76: R^2 = 0.761478752565, ICC = 0.88158424484
Iteration 77: R^2 = 0.711103270756, ICC = 0.850014332617
Iteration 78: R^2 = 0.804968109359, ICC = 0.898530296755
Iteration 79: R^2 = 0.726411308402, ICC = 0.847123081162
Iteration 80: R^2 = 0.810883714567, ICC = 0.908066131654
Iteration 81: R^2 = 0.759638167773, ICC = 0.887738427265
Iteration 82: R^2 = 0.685702901018, ICC = 0.839825903304
Iteration 83: R^2 = -0.145904223055, ICC = 0.580188114658
Iteration 84: R^2 = 0.74218898369, ICC = 0.873214086364
Iteration 85: R^2 = 0.687059930188, ICC = 0.860674810998
Iteration 86: R^2 = 0.610930680196, ICC = 0.836945285695
Iteration 87: R^2 = 0.715499824794, ICC = 0.851209705059
Iteration 88: R^2 = 0.721125524019, ICC = 0.871482624764
Iteration 89: R^2 = 0.770018682369, ICC = 0.88925174572
Iteration 90: R^2 = 0.803745372259, ICC = 0.899360931197
Iteration 91: R^2 = 0.194275786261, ICC = 0.622358351843
Iteration 92: R^2 = 0.773778987936, ICC = 0.891401928005
Iteration 93: R^2 = 0.716448534825, ICC = 0.849841683089
Iteration 94: R^2 = 0.720564020623, ICC = 0.866279275035
Iteration 95: R^2 = 0.833035099104, ICC = 0.912372747108
Iteration 96: R^2 = 0.695306880213, ICC = 0.858773381711
Iteration 97: R^2 = 0.656605099211, ICC = 0.832207264824
Iteration 98: R^2 = 0.692537838261, ICC = 0.868086947528
Iteration 99: R^2 = 0.803033015118, ICC = 0.90627355299
R Squared list shape: (100,)
ICC list shape: (100,)
