Running abide_motion_wrapper_JAL.py
Fri Sep 23 12:25:20 EDT 2016
Iteration 0: R^2 = 0.967892457207, ICC = 0.984442763061
Iteration 1: R^2 = 0.949303804692, ICC = 0.975534668202
Iteration 2: R^2 = 0.946002236086, ICC = 0.973424677188
Iteration 3: R^2 = 0.969874118979, ICC = 0.984788140698
Iteration 4: R^2 = 0.969276116093, ICC = 0.984867191616
Iteration 5: R^2 = 0.973481510435, ICC = 0.986885528806
Iteration 6: R^2 = 0.923740953452, ICC = 0.963440449031
Iteration 7: R^2 = 0.974339909245, ICC = 0.98707565476
Iteration 8: R^2 = 0.97051510175, ICC = 0.985539329309
Iteration 9: R^2 = 0.961213562582, ICC = 0.980512496217
Iteration 10: R^2 = 0.956131611365, ICC = 0.978642333598
Iteration 11: R^2 = 0.972136369118, ICC = 0.985782229938
Iteration 12: R^2 = 0.954940751022, ICC = 0.977798933858
Iteration 13: R^2 = 0.973355436432, ICC = 0.986948191068
Iteration 14: R^2 = 0.974734086279, ICC = 0.987288691017
Iteration 15: R^2 = 0.960129709854, ICC = 0.97978121117
Iteration 16: R^2 = 0.935545747362, ICC = 0.96694256075
Iteration 17: R^2 = 0.963451577902, ICC = 0.982025516032
Iteration 18: R^2 = 0.963923221111, ICC = 0.982082698507
Iteration 19: R^2 = 0.973263918944, ICC = 0.986786183981
Iteration 20: R^2 = 0.966341443759, ICC = 0.983196884416
Iteration 21: R^2 = 0.958308870208, ICC = 0.979462167862
Iteration 22: R^2 = 0.936960976025, ICC = 0.967846816508
Iteration 23: R^2 = 0.970161425436, ICC = 0.985191715859
Iteration 24: R^2 = 0.972669495122, ICC = 0.98638768336
Iteration 25: R^2 = 0.972773808792, ICC = 0.986404494516
Iteration 26: R^2 = 0.974963282088, ICC = 0.987316323084
Iteration 27: R^2 = 0.963552277372, ICC = 0.982479045883
Iteration 28: R^2 = 0.963650564309, ICC = 0.981922048665
Iteration 29: R^2 = 0.944480607788, ICC = 0.974031498809
Iteration 30: R^2 = 0.963030484177, ICC = 0.981625864417
Iteration 31: R^2 = 0.964909816365, ICC = 0.981949007467
Iteration 32: R^2 = 0.956948845817, ICC = 0.97909441711
Iteration 33: R^2 = 0.958394520182, ICC = 0.97905669243
Iteration 34: R^2 = 0.968394906923, ICC = 0.983687552927
Iteration 35: R^2 = 0.971974003651, ICC = 0.986144813078
Iteration 36: R^2 = 0.970946738818, ICC = 0.985818841569
Iteration 37: R^2 = 0.964307766974, ICC = 0.982713796612
Iteration 38: R^2 = 0.972191251133, ICC = 0.986434185969
Iteration 39: R^2 = 0.95955011072, ICC = 0.980007634945
Iteration 40: R^2 = 0.968903667307, ICC = 0.984623328648
Iteration 41: R^2 = 0.961511913506, ICC = 0.980752685842
Iteration 42: R^2 = 0.966196772559, ICC = 0.982988989636
Iteration 43: R^2 = 0.973913185636, ICC = 0.986838111435
Iteration 44: R^2 = 0.962154370603, ICC = 0.981153009605
Iteration 45: R^2 = 0.973134405628, ICC = 0.986692939535
Iteration 46: R^2 = 0.946640710277, ICC = 0.972227769288
Iteration 47: R^2 = 0.924934696291, ICC = 0.963607879863
Iteration 48: R^2 = 0.964205881047, ICC = 0.98102569685
Iteration 49: R^2 = 0.970931052687, ICC = 0.985409625093
Iteration 50: R^2 = 0.962297204718, ICC = 0.980808059485
Iteration 51: R^2 = 0.971629335458, ICC = 0.985666092043
Iteration 52: R^2 = 0.970467210715, ICC = 0.98549381658
Iteration 53: R^2 = 0.961972516639, ICC = 0.981416908265
Iteration 54: R^2 = 0.966351454984, ICC = 0.983011762699
Iteration 55: R^2 = 0.965467944393, ICC = 0.982169423381
Iteration 56: R^2 = 0.943338576011, ICC = 0.971818434413
Iteration 57: R^2 = 0.956646002568, ICC = 0.977942907075
Iteration 58: R^2 = 0.951149158371, ICC = 0.975167427962
Iteration 59: R^2 = 0.942969648328, ICC = 0.97086043762
Iteration 60: R^2 = 0.963820487053, ICC = 0.982313426548
Iteration 61: R^2 = 0.971935606788, ICC = 0.986360392733
Iteration 62: R^2 = 0.971029329821, ICC = 0.985060028505
Iteration 63: R^2 = 0.96992928084, ICC = 0.985058892465
Iteration 64: R^2 = 0.963108409364, ICC = 0.980991425633
Iteration 65: R^2 = 0.969060963893, ICC = 0.984491629202
Iteration 66: R^2 = 0.959400621916, ICC = 0.980256329455
Iteration 67: R^2 = 0.959445452585, ICC = 0.979979854243
Iteration 68: R^2 = 0.959312372526, ICC = 0.978407154454
Iteration 69: R^2 = 0.972317872885, ICC = 0.986473601412
Iteration 70: R^2 = 0.972317812868, ICC = 0.986482748109
Iteration 71: R^2 = 0.96481046466, ICC = 0.982539610602
Iteration 72: R^2 = 0.970037647278, ICC = 0.985276876365
Iteration 73: R^2 = 0.964343342957, ICC = 0.982902919461
Iteration 74: R^2 = 0.957092789931, ICC = 0.978499357563
Iteration 75: R^2 = 0.973795302761, ICC = 0.986589205364
Iteration 76: R^2 = 0.974999447809, ICC = 0.987749617651
Iteration 77: R^2 = 0.966321808848, ICC = 0.983037453237
Iteration 78: R^2 = 0.964688325011, ICC = 0.982170152411
Iteration 79: R^2 = 0.961691386231, ICC = 0.980696269099
Iteration 80: R^2 = 0.954350585905, ICC = 0.977900715021
Iteration 81: R^2 = 0.964753499754, ICC = 0.98188496929
Iteration 82: R^2 = 0.96120504574, ICC = 0.980583855659
Iteration 83: R^2 = 0.965690128191, ICC = 0.982649273053
Iteration 84: R^2 = 0.973628175595, ICC = 0.986669837969
Iteration 85: R^2 = 0.972580770083, ICC = 0.986251500807
Iteration 86: R^2 = 0.912853007166, ICC = 0.958879335073
Iteration 87: R^2 = 0.971862757166, ICC = 0.98637132657
Iteration 88: R^2 = 0.962481044875, ICC = 0.981397858559
Iteration 89: R^2 = 0.955267474836, ICC = 0.978283763925
Iteration 90: R^2 = 0.963943388132, ICC = 0.981403326042
Iteration 91: R^2 = 0.962680354237, ICC = 0.981785112862
Iteration 92: R^2 = 0.971073096773, ICC = 0.985275995137
Iteration 93: R^2 = 0.969610388773, ICC = 0.984777909805
Iteration 94: R^2 = 0.968531116239, ICC = 0.984629695646
Iteration 95: R^2 = 0.971897176888, ICC = 0.98599662854
Iteration 96: R^2 = 0.966173244168, ICC = 0.982997733901
Iteration 97: R^2 = 0.97344955008, ICC = 0.986586481746
Iteration 98: R^2 = 0.971499826262, ICC = 0.985910557858
Iteration 99: R^2 = 0.971551502644, ICC = 0.985466736074
R Squared list shape: (100,)
ICC list shape: (100,)
