Running abide_motion_wrapper_JAL.py
Fri Sep 23 12:26:04 EDT 2016
Iteration 0: R^2 = 0.971737675934, ICC = 0.98598892339
Iteration 1: R^2 = 0.96899452251, ICC = 0.984247249283
Iteration 2: R^2 = 0.939415795949, ICC = 0.968923310861
Iteration 3: R^2 = 0.962779771929, ICC = 0.981200214857
Iteration 4: R^2 = 0.958446155261, ICC = 0.978450768577
Iteration 5: R^2 = 0.97755071497, ICC = 0.988881122741
Iteration 6: R^2 = 0.970291266463, ICC = 0.984885447699
Iteration 7: R^2 = 0.975336522818, ICC = 0.987693389968
Iteration 8: R^2 = 0.970349333438, ICC = 0.985098683441
Iteration 9: R^2 = 0.948150975173, ICC = 0.974694861484
Iteration 10: R^2 = 0.977483043909, ICC = 0.988743913053
Iteration 11: R^2 = 0.965283718234, ICC = 0.982848086323
Iteration 12: R^2 = 0.968673783148, ICC = 0.984307390771
Iteration 13: R^2 = 0.973366495252, ICC = 0.98684669362
Iteration 14: R^2 = 0.944585595422, ICC = 0.970536392251
Iteration 15: R^2 = 0.973058717973, ICC = 0.986651467465
Iteration 16: R^2 = 0.968518826731, ICC = 0.984293399214
Iteration 17: R^2 = 0.973826602586, ICC = 0.987038399074
Iteration 18: R^2 = 0.952064580218, ICC = 0.976763062821
Iteration 19: R^2 = 0.960876719861, ICC = 0.980541249788
Iteration 20: R^2 = 0.962802811169, ICC = 0.982256395968
Iteration 21: R^2 = 0.977032962743, ICC = 0.988423476173
Iteration 22: R^2 = 0.972388310795, ICC = 0.986295261077
Iteration 23: R^2 = 0.962584382288, ICC = 0.981812345597
Iteration 24: R^2 = 0.929127975745, ICC = 0.963794647085
Iteration 25: R^2 = 0.978091956714, ICC = 0.98898332247
Iteration 26: R^2 = 0.968524799697, ICC = 0.984409589795
Iteration 27: R^2 = 0.965265973823, ICC = 0.982530122897
Iteration 28: R^2 = 0.966788906957, ICC = 0.982551000361
Iteration 29: R^2 = 0.972150001821, ICC = 0.986168737895
Iteration 30: R^2 = 0.978839447682, ICC = 0.989196645321
Iteration 31: R^2 = 0.962785580685, ICC = 0.98183309434
Iteration 32: R^2 = 0.971721722753, ICC = 0.985875726401
Iteration 33: R^2 = 0.959005351942, ICC = 0.979199483344
Iteration 34: R^2 = 0.975684940245, ICC = 0.987761205276
Iteration 35: R^2 = 0.970538503645, ICC = 0.985308328862
Iteration 36: R^2 = 0.969932331077, ICC = 0.984702169753
Iteration 37: R^2 = 0.974986563387, ICC = 0.987479125169
Iteration 38: R^2 = 0.968203783651, ICC = 0.983757613015
Iteration 39: R^2 = 0.970092665526, ICC = 0.984989440835
Iteration 40: R^2 = 0.939079707703, ICC = 0.968727162443
Iteration 41: R^2 = 0.971456451947, ICC = 0.985598640353
Iteration 42: R^2 = 0.971846873596, ICC = 0.986290053272
Iteration 43: R^2 = 0.971200483481, ICC = 0.986090178235
Iteration 44: R^2 = 0.946319497146, ICC = 0.972279905788
Iteration 45: R^2 = 0.965877756077, ICC = 0.982126515531
Iteration 46: R^2 = 0.963728765509, ICC = 0.982634341836
Iteration 47: R^2 = 0.9702690765, ICC = 0.985364924739
Iteration 48: R^2 = 0.975890848052, ICC = 0.98785600657
Iteration 49: R^2 = 0.970509237277, ICC = 0.985141539414
Iteration 50: R^2 = 0.941536020981, ICC = 0.97160200296
Iteration 51: R^2 = 0.959855913737, ICC = 0.9801468105
Iteration 52: R^2 = 0.971497611947, ICC = 0.98580616366
Iteration 53: R^2 = 0.971027096209, ICC = 0.985704971797
Iteration 54: R^2 = 0.974161034619, ICC = 0.987173279895
Iteration 55: R^2 = 0.978323782562, ICC = 0.988960596297
Iteration 56: R^2 = 0.967994821954, ICC = 0.984354804461
Iteration 57: R^2 = 0.962567448918, ICC = 0.981598295993
Iteration 58: R^2 = 0.964613616425, ICC = 0.98319668299
Iteration 59: R^2 = 0.953695589103, ICC = 0.97685482684
Iteration 60: R^2 = 0.951647695066, ICC = 0.976362599514
Iteration 61: R^2 = 0.973706276133, ICC = 0.986944474445
Iteration 62: R^2 = 0.970517306856, ICC = 0.985338136306
Iteration 63: R^2 = 0.903023200421, ICC = 0.950714536058
Iteration 64: R^2 = 0.961965363913, ICC = 0.98133152287
Iteration 65: R^2 = 0.964534102805, ICC = 0.981654443311
Iteration 66: R^2 = 0.932346766502, ICC = 0.968438038857
Iteration 67: R^2 = 0.959826509903, ICC = 0.980050067126
Iteration 68: R^2 = 0.961450435691, ICC = 0.980254591902
Iteration 69: R^2 = 0.936478151154, ICC = 0.96780298131
Iteration 70: R^2 = 0.962476198127, ICC = 0.980883696647
Iteration 71: R^2 = 0.967417506892, ICC = 0.984124749868
Iteration 72: R^2 = 0.962611972862, ICC = 0.981506012057
Iteration 73: R^2 = 0.951243438836, ICC = 0.97651806687
Iteration 74: R^2 = 0.961534991009, ICC = 0.980841740128
Iteration 75: R^2 = 0.974385899845, ICC = 0.987290399474
Iteration 76: R^2 = 0.953513823257, ICC = 0.976433865488
Iteration 77: R^2 = 0.969337554256, ICC = 0.985214206111
Iteration 78: R^2 = 0.960557188992, ICC = 0.979530348183
Iteration 79: R^2 = 0.933959053969, ICC = 0.96583710754
Iteration 80: R^2 = 0.960920754965, ICC = 0.98017070939
Iteration 81: R^2 = 0.975659509601, ICC = 0.988118488753
Iteration 82: R^2 = 0.962867389766, ICC = 0.981500937357
Iteration 83: R^2 = 0.975858951344, ICC = 0.988029110197
Iteration 84: R^2 = 0.974431774088, ICC = 0.987475193071
Iteration 85: R^2 = 0.95928108906, ICC = 0.980203059065
Iteration 86: R^2 = 0.970367032318, ICC = 0.98465449717
Iteration 87: R^2 = 0.976432105574, ICC = 0.988402607854
Iteration 88: R^2 = 0.975895012067, ICC = 0.987937458526
Iteration 89: R^2 = 0.97538481753, ICC = 0.987566431823
Iteration 90: R^2 = 0.970035422028, ICC = 0.985301370517
Iteration 91: R^2 = 0.956665215548, ICC = 0.978859297409
Iteration 92: R^2 = 0.973876575897, ICC = 0.986993478141
Iteration 93: R^2 = 0.92874332459, ICC = 0.963415811948
Iteration 94: R^2 = 0.966922661099, ICC = 0.983976503195
Iteration 95: R^2 = 0.967798268155, ICC = 0.98347399369
Iteration 96: R^2 = 0.97204801702, ICC = 0.986035826596
Iteration 97: R^2 = 0.9669742508, ICC = 0.983763279125
Iteration 98: R^2 = 0.966226426583, ICC = 0.982820236278
Iteration 99: R^2 = 0.974050165794, ICC = 0.986976461099
R Squared list shape: (100,)
ICC list shape: (100,)
