Running abide_motion_wrapper_JAL.py
Fri Sep 23 12:26:04 EDT 2016
Iteration 0: R^2 = 0.965799025519, ICC = 0.983021659215
Iteration 1: R^2 = 0.971471045673, ICC = 0.985486433693
Iteration 2: R^2 = 0.96425499071, ICC = 0.981966608882
Iteration 3: R^2 = 0.972233675821, ICC = 0.986271530911
Iteration 4: R^2 = 0.970518762932, ICC = 0.985057554235
Iteration 5: R^2 = 0.950852666419, ICC = 0.975285102341
Iteration 6: R^2 = 0.95897977693, ICC = 0.979926831456
Iteration 7: R^2 = 0.965062491173, ICC = 0.982839236206
Iteration 8: R^2 = 0.966351165107, ICC = 0.982418965312
Iteration 9: R^2 = 0.968750091577, ICC = 0.983993308431
Iteration 10: R^2 = 0.927441327524, ICC = 0.961882768016
Iteration 11: R^2 = 0.898906922888, ICC = 0.947853194684
Iteration 12: R^2 = 0.953067332748, ICC = 0.975353558837
Iteration 13: R^2 = 0.960219714122, ICC = 0.980819683738
Iteration 14: R^2 = 0.939883145734, ICC = 0.970117545794
Iteration 15: R^2 = 0.966611540231, ICC = 0.983644013195
Iteration 16: R^2 = 0.971678997083, ICC = 0.986305668243
Iteration 17: R^2 = 0.934513771791, ICC = 0.968639385342
Iteration 18: R^2 = 0.954915612466, ICC = 0.977448113687
Iteration 19: R^2 = 0.963474688725, ICC = 0.981015804817
Iteration 20: R^2 = 0.963400346808, ICC = 0.982117024164
Iteration 21: R^2 = 0.967754709521, ICC = 0.984170187279
Iteration 22: R^2 = 0.969644358847, ICC = 0.984716249516
Iteration 23: R^2 = 0.961804981636, ICC = 0.980747012459
Iteration 24: R^2 = 0.966085424422, ICC = 0.983196991442
Iteration 25: R^2 = 0.956044603885, ICC = 0.977777572495
Iteration 26: R^2 = 0.96981757121, ICC = 0.984604767504
Iteration 27: R^2 = 0.94634809107, ICC = 0.972940590508
Iteration 28: R^2 = 0.95967792865, ICC = 0.979445689553
Iteration 29: R^2 = 0.969594505524, ICC = 0.984688525128
Iteration 30: R^2 = 0.964453248712, ICC = 0.981593891845
Iteration 31: R^2 = 0.947090589039, ICC = 0.97336383026
Iteration 32: R^2 = 0.952152478669, ICC = 0.975505654725
Iteration 33: R^2 = 0.949618988763, ICC = 0.974807512097
Iteration 34: R^2 = 0.963503983443, ICC = 0.980909329697
Iteration 35: R^2 = 0.954896260173, ICC = 0.978225252194
Iteration 36: R^2 = 0.943010196257, ICC = 0.971843486978
Iteration 37: R^2 = 0.931842108846, ICC = 0.967557972095
Iteration 38: R^2 = 0.973128100476, ICC = 0.986167551915
Iteration 39: R^2 = 0.945702644614, ICC = 0.973919936441
Iteration 40: R^2 = 0.96615150731, ICC = 0.983076766673
Iteration 41: R^2 = 0.89112875605, ICC = 0.943382741641
Iteration 42: R^2 = 0.95907767151, ICC = 0.979680845487
Iteration 43: R^2 = 0.956073401906, ICC = 0.978144896933
Iteration 44: R^2 = 0.961717529762, ICC = 0.981038915425
Iteration 45: R^2 = 0.949674520972, ICC = 0.973714466599
Iteration 46: R^2 = 0.955228179733, ICC = 0.976997272493
Iteration 47: R^2 = 0.953587517097, ICC = 0.97716257382
Iteration 48: R^2 = 0.968527802264, ICC = 0.984255571836
Iteration 49: R^2 = 0.965925370618, ICC = 0.983099861712
Iteration 50: R^2 = 0.970674466197, ICC = 0.984936402238
Iteration 51: R^2 = 0.959667126654, ICC = 0.97944080368
Iteration 52: R^2 = 0.94111713064, ICC = 0.970443461764
Iteration 53: R^2 = 0.963734280634, ICC = 0.982016935133
Iteration 54: R^2 = 0.966000651482, ICC = 0.983177573502
Iteration 55: R^2 = 0.940035999285, ICC = 0.969723613536
Iteration 56: R^2 = 0.965666717537, ICC = 0.982550146315
Iteration 57: R^2 = 0.948075013922, ICC = 0.974857614116
Iteration 58: R^2 = 0.972800190738, ICC = 0.98636664494
Iteration 59: R^2 = 0.963544555113, ICC = 0.981719603713
Iteration 60: R^2 = 0.966984615838, ICC = 0.9835763707
Iteration 61: R^2 = 0.952174963453, ICC = 0.977410398277
Iteration 62: R^2 = 0.960457825429, ICC = 0.98080378833
Iteration 63: R^2 = 0.969666927596, ICC = 0.984687147978
Iteration 64: R^2 = 0.943098374545, ICC = 0.971713223479
Iteration 65: R^2 = 0.938698702147, ICC = 0.968163278173
Iteration 66: R^2 = 0.964311831101, ICC = 0.981962910973
Iteration 67: R^2 = 0.965168306069, ICC = 0.982672160603
Iteration 68: R^2 = 0.964900034492, ICC = 0.981879685195
Iteration 69: R^2 = 0.961506287688, ICC = 0.981107371544
Iteration 70: R^2 = 0.965888696628, ICC = 0.982764360365
Iteration 71: R^2 = 0.943784489579, ICC = 0.972918418614
Iteration 72: R^2 = 0.969175392072, ICC = 0.984751271902
Iteration 73: R^2 = 0.96238852581, ICC = 0.981105760649
Iteration 74: R^2 = 0.969481084158, ICC = 0.98470482541
Iteration 75: R^2 = 0.959274283758, ICC = 0.979501034804
Iteration 76: R^2 = 0.97119385566, ICC = 0.985696272938
Iteration 77: R^2 = 0.963783783492, ICC = 0.981581935499
Iteration 78: R^2 = 0.971103035896, ICC = 0.985432942649
Iteration 79: R^2 = 0.954608648409, ICC = 0.978138804391
Iteration 80: R^2 = 0.958846310029, ICC = 0.979315478832
Iteration 81: R^2 = 0.965716706914, ICC = 0.983186887754
Iteration 82: R^2 = 0.96728693852, ICC = 0.983673911104
Iteration 83: R^2 = 0.966151695989, ICC = 0.983534366099
Iteration 84: R^2 = 0.961528324175, ICC = 0.980690582302
Iteration 85: R^2 = 0.971594864921, ICC = 0.985670791124
Iteration 86: R^2 = 0.948569414685, ICC = 0.975310200621
Iteration 87: R^2 = 0.950289875239, ICC = 0.975587684353
Iteration 88: R^2 = 0.955971969877, ICC = 0.977808233782
Iteration 89: R^2 = 0.960874046716, ICC = 0.981109553013
Iteration 90: R^2 = 0.964981576365, ICC = 0.982404244993
Iteration 91: R^2 = 0.955857938181, ICC = 0.978115716826
Iteration 92: R^2 = 0.942283531531, ICC = 0.971026166399
Iteration 93: R^2 = 0.967833417942, ICC = 0.983604597387
Iteration 94: R^2 = 0.961021862545, ICC = 0.980235615013
Iteration 95: R^2 = 0.951992906945, ICC = 0.976905909795
Iteration 96: R^2 = 0.96046238921, ICC = 0.980085921503
Iteration 97: R^2 = 0.958811246191, ICC = 0.979961253379
Iteration 98: R^2 = 0.962789315569, ICC = 0.981513285247
Iteration 99: R^2 = 0.965968842862, ICC = 0.983152270573
R Squared list shape: (100,)
ICC list shape: (100,)
