Running abide_motion_wrapper_JAL.py
Fri Sep 23 12:29:31 EDT 2016
Iteration 0: R^2 = 0.865544422407, ICC = 0.935533232305
Iteration 1: R^2 = 0.911540450083, ICC = 0.954041626709
Iteration 2: R^2 = 0.918001150579, ICC = 0.955307757971
Iteration 3: R^2 = 0.908987232305, ICC = 0.955994533288
Iteration 4: R^2 = 0.918570480694, ICC = 0.957318153992
Iteration 5: R^2 = 0.921212619062, ICC = 0.960717482959
Iteration 6: R^2 = 0.933145884534, ICC = 0.965542383715
Iteration 7: R^2 = 0.932757646009, ICC = 0.966347586018
Iteration 8: R^2 = 0.910146236683, ICC = 0.952971158764
Iteration 9: R^2 = 0.91676804168, ICC = 0.958203661336
Iteration 10: R^2 = 0.934044030923, ICC = 0.967096648819
Iteration 11: R^2 = 0.9339696811, ICC = 0.967131117089
Iteration 12: R^2 = 0.876891804672, ICC = 0.936737898722
Iteration 13: R^2 = 0.825563663149, ICC = 0.919577409313
Iteration 14: R^2 = 0.916665783628, ICC = 0.959630293025
Iteration 15: R^2 = 0.916285033849, ICC = 0.957613137526
Iteration 16: R^2 = 0.86658272022, ICC = 0.933527242378
Iteration 17: R^2 = 0.872513962207, ICC = 0.934855763048
Iteration 18: R^2 = 0.93750001934, ICC = 0.969278945651
Iteration 19: R^2 = 0.843428636291, ICC = 0.92870452703
Iteration 20: R^2 = 0.887802609599, ICC = 0.944505523177
Iteration 21: R^2 = 0.92268565792, ICC = 0.962450118078
Iteration 22: R^2 = 0.901438273544, ICC = 0.95064493549
Iteration 23: R^2 = 0.903043276522, ICC = 0.950799315029
Iteration 24: R^2 = 0.911350372276, ICC = 0.954357573652
Iteration 25: R^2 = 0.917249446253, ICC = 0.959431730182
Iteration 26: R^2 = 0.925952160927, ICC = 0.963750195332
Iteration 27: R^2 = 0.909370316338, ICC = 0.953274657889
Iteration 28: R^2 = 0.919728624283, ICC = 0.961208140348
Iteration 29: R^2 = 0.898483013116, ICC = 0.948746976148
Iteration 30: R^2 = 0.916131510369, ICC = 0.955865889709
Iteration 31: R^2 = 0.944125327387, ICC = 0.971404507967
Iteration 32: R^2 = 0.876937323545, ICC = 0.942021953015
Iteration 33: R^2 = 0.905919110556, ICC = 0.952378694736
Iteration 34: R^2 = 0.930287620708, ICC = 0.963977738529
Iteration 35: R^2 = 0.852687325718, ICC = 0.922944597266
Iteration 36: R^2 = 0.913896344738, ICC = 0.957913493964
Iteration 37: R^2 = 0.907373483926, ICC = 0.955901873026
Iteration 38: R^2 = 0.931496370446, ICC = 0.965018701903
Iteration 39: R^2 = 0.869294866308, ICC = 0.935946966311
Iteration 40: R^2 = 0.925943525982, ICC = 0.960404293021
Iteration 41: R^2 = 0.742463571253, ICC = 0.862008127729
Iteration 42: R^2 = 0.880281454083, ICC = 0.940147441706
Iteration 43: R^2 = 0.903099541783, ICC = 0.947950023075
Iteration 44: R^2 = 0.832229943369, ICC = 0.917679199598
Iteration 45: R^2 = 0.886239919008, ICC = 0.946961633834
Iteration 46: R^2 = 0.918108249407, ICC = 0.959583558076
Iteration 47: R^2 = 0.912347585616, ICC = 0.955140177919
Iteration 48: R^2 = 0.748909568142, ICC = 0.870497862285
Iteration 49: R^2 = 0.867510386739, ICC = 0.938193404003
Iteration 50: R^2 = 0.922935941656, ICC = 0.961295646296
Iteration 51: R^2 = 0.805550249178, ICC = 0.900982598162
Iteration 52: R^2 = 0.916709724452, ICC = 0.95476229202
Iteration 53: R^2 = 0.912802014539, ICC = 0.956540276532
Iteration 54: R^2 = 0.918809782179, ICC = 0.959408206299
Iteration 55: R^2 = 0.784132241435, ICC = 0.897862566656
Iteration 56: R^2 = 0.882466887515, ICC = 0.945859819022
Iteration 57: R^2 = 0.92496382263, ICC = 0.96235678955
Iteration 58: R^2 = 0.922205746468, ICC = 0.961272232716
Iteration 59: R^2 = 0.919007936595, ICC = 0.959297363218
Iteration 60: R^2 = 0.926425054535, ICC = 0.963420555248
Iteration 61: R^2 = 0.919670256096, ICC = 0.957990918272
Iteration 62: R^2 = 0.934067863749, ICC = 0.965515812041
Iteration 63: R^2 = 0.896446434357, ICC = 0.947690187161
Iteration 64: R^2 = 0.933173118826, ICC = 0.966673478675
Iteration 65: R^2 = 0.930817676425, ICC = 0.963835106994
Iteration 66: R^2 = 0.83074253952, ICC = 0.920723353117
Iteration 67: R^2 = 0.864977450981, ICC = 0.929723484047
Iteration 68: R^2 = 0.911761791535, ICC = 0.956287946116
Iteration 69: R^2 = 0.920203399797, ICC = 0.959168209732
Iteration 70: R^2 = 0.884869003289, ICC = 0.946075528885
Iteration 71: R^2 = 0.937458452636, ICC = 0.968555132779
Iteration 72: R^2 = 0.927638878741, ICC = 0.962984274853
Iteration 73: R^2 = 0.905575668449, ICC = 0.952947642053
Iteration 74: R^2 = 0.908008075222, ICC = 0.953530480358
Iteration 75: R^2 = 0.908559420671, ICC = 0.954242411082
Iteration 76: R^2 = 0.918804491962, ICC = 0.958945400681
Iteration 77: R^2 = 0.920177342591, ICC = 0.959984354467
Iteration 78: R^2 = 0.899919657702, ICC = 0.952751703871
Iteration 79: R^2 = 0.913607115366, ICC = 0.958055133903
Iteration 80: R^2 = 0.925489203828, ICC = 0.963026875536
Iteration 81: R^2 = 0.758497314415, ICC = 0.888644268213
Iteration 82: R^2 = 0.895803758581, ICC = 0.949103855102
Iteration 83: R^2 = 0.822340571307, ICC = 0.918838364856
Iteration 84: R^2 = 0.918148871765, ICC = 0.958001296881
Iteration 85: R^2 = 0.887179276092, ICC = 0.946293502945
Iteration 86: R^2 = 0.918949897802, ICC = 0.959497106492
Iteration 87: R^2 = 0.91650028494, ICC = 0.959333554622
Iteration 88: R^2 = 0.935210251404, ICC = 0.967579976985
Iteration 89: R^2 = 0.906475352633, ICC = 0.950997895294
Iteration 90: R^2 = 0.905766674021, ICC = 0.952509391565
Iteration 91: R^2 = 0.87858728184, ICC = 0.939706874785
Iteration 92: R^2 = 0.93468793494, ICC = 0.967661243835
Iteration 93: R^2 = 0.905151280406, ICC = 0.952797114944
Iteration 94: R^2 = 0.928549117162, ICC = 0.964250898851
Iteration 95: R^2 = 0.869954115458, ICC = 0.937769543563
Iteration 96: R^2 = 0.868327618658, ICC = 0.933086984472
Iteration 97: R^2 = 0.885093256067, ICC = 0.942493530963
Iteration 98: R^2 = 0.913302288345, ICC = 0.955069251311
Iteration 99: R^2 = 0.913138503729, ICC = 0.953858633454
R Squared list shape: (100,)
ICC list shape: (100,)
