Running abide_motion_wrapper_JAL.py
Fri Sep 23 12:27:42 EDT 2016
Iteration 0: R^2 = 0.955114621023, ICC = 0.977687324795
Iteration 1: R^2 = 0.92880671662, ICC = 0.964532013167
Iteration 2: R^2 = 0.941438799476, ICC = 0.969810287094
Iteration 3: R^2 = 0.954549132099, ICC = 0.977165675603
Iteration 4: R^2 = 0.919667066603, ICC = 0.95936527919
Iteration 5: R^2 = 0.96665968437, ICC = 0.983875591259
Iteration 6: R^2 = 0.965980904103, ICC = 0.983024377524
Iteration 7: R^2 = 0.937656763845, ICC = 0.969582722958
Iteration 8: R^2 = 0.932365428361, ICC = 0.966034468781
Iteration 9: R^2 = 0.966098502491, ICC = 0.982840686197
Iteration 10: R^2 = 0.958807179486, ICC = 0.978431155818
Iteration 11: R^2 = 0.844122303652, ICC = 0.919671981948
Iteration 12: R^2 = 0.909243072268, ICC = 0.956884745044
Iteration 13: R^2 = 0.955709064673, ICC = 0.977209793086
Iteration 14: R^2 = 0.966550652348, ICC = 0.982820396697
Iteration 15: R^2 = 0.964906239403, ICC = 0.982650028534
Iteration 16: R^2 = 0.971326279993, ICC = 0.985446217545
Iteration 17: R^2 = 0.965014321306, ICC = 0.983014769963
Iteration 18: R^2 = 0.958113865127, ICC = 0.979313162481
Iteration 19: R^2 = 0.956490597115, ICC = 0.977816401384
Iteration 20: R^2 = 0.970640808192, ICC = 0.985478297064
Iteration 21: R^2 = 0.959967587773, ICC = 0.980227208137
Iteration 22: R^2 = 0.968882732501, ICC = 0.984907960348
Iteration 23: R^2 = 0.96147534152, ICC = 0.980584686842
Iteration 24: R^2 = 0.954626372073, ICC = 0.976749994757
Iteration 25: R^2 = 0.958176741653, ICC = 0.979531971722
Iteration 26: R^2 = 0.954340627488, ICC = 0.97728189489
Iteration 27: R^2 = 0.964571464779, ICC = 0.982985007315
Iteration 28: R^2 = 0.92556480563, ICC = 0.961078073914
Iteration 29: R^2 = 0.928764490634, ICC = 0.96563733324
Iteration 30: R^2 = 0.95537127846, ICC = 0.976940474452
Iteration 31: R^2 = 0.939131861322, ICC = 0.968543614072
Iteration 32: R^2 = 0.971364628836, ICC = 0.985516043067
Iteration 33: R^2 = 0.9681355899, ICC = 0.984465503316
Iteration 34: R^2 = 0.971842553807, ICC = 0.985868327685
Iteration 35: R^2 = 0.963511671646, ICC = 0.982008643626
Iteration 36: R^2 = 0.967806107664, ICC = 0.983616520929
Iteration 37: R^2 = 0.96679538317, ICC = 0.983440521621
Iteration 38: R^2 = 0.966032802483, ICC = 0.983011018074
Iteration 39: R^2 = 0.938253608142, ICC = 0.969023638977
Iteration 40: R^2 = 0.967575948501, ICC = 0.984025513433
Iteration 41: R^2 = 0.946938992642, ICC = 0.974352604636
Iteration 42: R^2 = 0.969763866907, ICC = 0.984756851083
Iteration 43: R^2 = 0.966832926276, ICC = 0.983522090647
Iteration 44: R^2 = 0.967205063015, ICC = 0.983320025628
Iteration 45: R^2 = 0.96141569437, ICC = 0.980414505131
Iteration 46: R^2 = 0.956867570977, ICC = 0.97855498765
Iteration 47: R^2 = 0.932120650467, ICC = 0.963926698382
Iteration 48: R^2 = 0.915854004207, ICC = 0.958576871136
Iteration 49: R^2 = 0.965717139689, ICC = 0.982921387216
Iteration 50: R^2 = 0.944785872454, ICC = 0.970614926959
Iteration 51: R^2 = 0.956089660651, ICC = 0.978605610969
Iteration 52: R^2 = 0.962022966588, ICC = 0.980766661701
Iteration 53: R^2 = 0.963611090376, ICC = 0.981829044189
Iteration 54: R^2 = 0.96840137468, ICC = 0.984230719072
Iteration 55: R^2 = 0.952806273851, ICC = 0.975694831064
Iteration 56: R^2 = 0.960546643359, ICC = 0.980221413078
Iteration 57: R^2 = 0.95835626666, ICC = 0.978040090736
Iteration 58: R^2 = 0.950081276235, ICC = 0.97421537605
Iteration 59: R^2 = 0.943043230985, ICC = 0.970880023149
Iteration 60: R^2 = 0.966222159135, ICC = 0.983348002987
Iteration 61: R^2 = 0.957734255538, ICC = 0.979367082169
Iteration 62: R^2 = 0.969909610845, ICC = 0.984939252836
Iteration 63: R^2 = 0.912047762774, ICC = 0.957521467096
Iteration 64: R^2 = 0.966518084712, ICC = 0.983532387369
Iteration 65: R^2 = 0.950924766889, ICC = 0.97566472469
Iteration 66: R^2 = 0.971568274421, ICC = 0.985668547477
Iteration 67: R^2 = 0.969098698605, ICC = 0.984585433775
Iteration 68: R^2 = 0.929191707437, ICC = 0.96252663996
Iteration 69: R^2 = 0.962949089376, ICC = 0.981646953231
Iteration 70: R^2 = 0.963415102981, ICC = 0.981737362509
Iteration 71: R^2 = 0.95613587187, ICC = 0.978062789389
Iteration 72: R^2 = 0.968582221806, ICC = 0.984446090795
Iteration 73: R^2 = 0.968460893417, ICC = 0.984285142194
Iteration 74: R^2 = 0.966639603139, ICC = 0.982905783845
Iteration 75: R^2 = 0.966402491853, ICC = 0.983330308448
Iteration 76: R^2 = 0.953745676336, ICC = 0.977761339272
Iteration 77: R^2 = 0.969906219811, ICC = 0.985040111804
Iteration 78: R^2 = 0.936265312602, ICC = 0.969113846987
Iteration 79: R^2 = 0.946224291339, ICC = 0.973913122213
Iteration 80: R^2 = 0.945932096919, ICC = 0.973915515727
Iteration 81: R^2 = 0.94507212071, ICC = 0.973259459034
Iteration 82: R^2 = 0.961340048346, ICC = 0.979831030618
Iteration 83: R^2 = 0.94766134159, ICC = 0.974222879146
Iteration 84: R^2 = 0.942843655305, ICC = 0.971507350419
Iteration 85: R^2 = 0.962602055864, ICC = 0.981374901083
Iteration 86: R^2 = 0.964284289141, ICC = 0.9815659628
Iteration 87: R^2 = 0.95466801686, ICC = 0.977354481397
Iteration 88: R^2 = 0.965393434145, ICC = 0.982764395727
Iteration 89: R^2 = 0.953148222482, ICC = 0.97736979414
Iteration 90: R^2 = 0.96001254059, ICC = 0.980542235808
Iteration 91: R^2 = 0.898423374635, ICC = 0.950008039695
Iteration 92: R^2 = 0.963315003171, ICC = 0.982133543783
Iteration 93: R^2 = 0.964954033546, ICC = 0.982507945075
Iteration 94: R^2 = 0.967826496029, ICC = 0.98422526141
Iteration 95: R^2 = 0.944271863971, ICC = 0.971200316518
Iteration 96: R^2 = 0.971626681349, ICC = 0.985629623188
Iteration 97: R^2 = 0.971143305661, ICC = 0.985592344969
Iteration 98: R^2 = 0.961003355182, ICC = 0.980611703885
Iteration 99: R^2 = 0.941648559465, ICC = 0.970490389033
R Squared list shape: (100,)
ICC list shape: (100,)
