Running abide_motion_wrapper_JAL.py
Fri Sep 23 12:26:04 EDT 2016
Iteration 0: R^2 = 0.948757336579, ICC = 0.973405994484
Iteration 1: R^2 = 0.963905077666, ICC = 0.981558262274
Iteration 2: R^2 = 0.968945094475, ICC = 0.984560571848
Iteration 3: R^2 = 0.97139013435, ICC = 0.98539351229
Iteration 4: R^2 = 0.949673634753, ICC = 0.974191211344
Iteration 5: R^2 = 0.967005788454, ICC = 0.983799571178
Iteration 6: R^2 = 0.964949209983, ICC = 0.982801030686
Iteration 7: R^2 = 0.959259624896, ICC = 0.979558267654
Iteration 8: R^2 = 0.966272969721, ICC = 0.983255694403
Iteration 9: R^2 = 0.92614448681, ICC = 0.964826938407
Iteration 10: R^2 = 0.971741894976, ICC = 0.986140853003
Iteration 11: R^2 = 0.96503125202, ICC = 0.982425966308
Iteration 12: R^2 = 0.961107256412, ICC = 0.980503067579
Iteration 13: R^2 = 0.970295685018, ICC = 0.985654751334
Iteration 14: R^2 = 0.948369140727, ICC = 0.973655173466
Iteration 15: R^2 = 0.963614677946, ICC = 0.981357422008
Iteration 16: R^2 = 0.971561661441, ICC = 0.985870167559
Iteration 17: R^2 = 0.970719474716, ICC = 0.985299492998
Iteration 18: R^2 = 0.955137115631, ICC = 0.977568161882
Iteration 19: R^2 = 0.939562333191, ICC = 0.969835218264
Iteration 20: R^2 = 0.968666429993, ICC = 0.984599634622
Iteration 21: R^2 = 0.929370129207, ICC = 0.964037269395
Iteration 22: R^2 = 0.973791120627, ICC = 0.986807951103
Iteration 23: R^2 = 0.967314081936, ICC = 0.984114512679
Iteration 24: R^2 = 0.972742869194, ICC = 0.985950439718
Iteration 25: R^2 = 0.97158719131, ICC = 0.98569640472
Iteration 26: R^2 = 0.964448057752, ICC = 0.982213337983
Iteration 27: R^2 = 0.96664933462, ICC = 0.983152416484
Iteration 28: R^2 = 0.97088059813, ICC = 0.985089417021
Iteration 29: R^2 = 0.959318117298, ICC = 0.979596502642
Iteration 30: R^2 = 0.969179265024, ICC = 0.984346624741
Iteration 31: R^2 = 0.967874027555, ICC = 0.983430218069
Iteration 32: R^2 = 0.917607247122, ICC = 0.957479428436
Iteration 33: R^2 = 0.967114907704, ICC = 0.983712023432
Iteration 34: R^2 = 0.961088829737, ICC = 0.980003557588
Iteration 35: R^2 = 0.966461380542, ICC = 0.982754123233
Iteration 36: R^2 = 0.968107900285, ICC = 0.984393471996
Iteration 37: R^2 = 0.965507810741, ICC = 0.983318703206
Iteration 38: R^2 = 0.96895118027, ICC = 0.984357443393
Iteration 39: R^2 = 0.976648583912, ICC = 0.988404939722
Iteration 40: R^2 = 0.97556907384, ICC = 0.987923521333
Iteration 41: R^2 = 0.968630995727, ICC = 0.983330752228
Iteration 42: R^2 = 0.952070535981, ICC = 0.976450080122
Iteration 43: R^2 = 0.949014268928, ICC = 0.974752807757
Iteration 44: R^2 = 0.944556718052, ICC = 0.972649879895
Iteration 45: R^2 = 0.976606699742, ICC = 0.988151127435
Iteration 46: R^2 = 0.968834091751, ICC = 0.984481448678
Iteration 47: R^2 = 0.968081223603, ICC = 0.983806509787
Iteration 48: R^2 = 0.967370629398, ICC = 0.983976443243
Iteration 49: R^2 = 0.975410259827, ICC = 0.987767867104
Iteration 50: R^2 = 0.951284244073, ICC = 0.976668842087
Iteration 51: R^2 = 0.960397788102, ICC = 0.979812484231
Iteration 52: R^2 = 0.950782733889, ICC = 0.97618450761
Iteration 53: R^2 = 0.946058153932, ICC = 0.972630116507
Iteration 54: R^2 = 0.964107042084, ICC = 0.982341793282
Iteration 55: R^2 = 0.973002907698, ICC = 0.986258822282
Iteration 56: R^2 = 0.968790960466, ICC = 0.98472299876
Iteration 57: R^2 = 0.931146574551, ICC = 0.966343850192
Iteration 58: R^2 = 0.929920848175, ICC = 0.964543151018
Iteration 59: R^2 = 0.906397781403, ICC = 0.955200075743
Iteration 60: R^2 = 0.959025663288, ICC = 0.979665023259
Iteration 61: R^2 = 0.975591045327, ICC = 0.987815371919
Iteration 62: R^2 = 0.937814286241, ICC = 0.969649186375
Iteration 63: R^2 = 0.969634028701, ICC = 0.984765887513
Iteration 64: R^2 = 0.943207087579, ICC = 0.973134498447
Iteration 65: R^2 = 0.964906289416, ICC = 0.982614682593
Iteration 66: R^2 = 0.972658535231, ICC = 0.986321644104
Iteration 67: R^2 = 0.955797848086, ICC = 0.977860068457
Iteration 68: R^2 = 0.969199138111, ICC = 0.984972045688
Iteration 69: R^2 = 0.974605051331, ICC = 0.986944359958
Iteration 70: R^2 = 0.95076331122, ICC = 0.975924225634
Iteration 71: R^2 = 0.969735428331, ICC = 0.984856784629
Iteration 72: R^2 = 0.975974254854, ICC = 0.98819121678
Iteration 73: R^2 = 0.972372795818, ICC = 0.98640824601
Iteration 74: R^2 = 0.973144927113, ICC = 0.986620819495
Iteration 75: R^2 = 0.972299930413, ICC = 0.985955566443
Iteration 76: R^2 = 0.976584163912, ICC = 0.988043847327
Iteration 77: R^2 = 0.976443554929, ICC = 0.988283608111
Iteration 78: R^2 = 0.968955272792, ICC = 0.984618568558
Iteration 79: R^2 = 0.964979556918, ICC = 0.982618758884
Iteration 80: R^2 = 0.968463297176, ICC = 0.983606143258
Iteration 81: R^2 = 0.968823269794, ICC = 0.984278370163
Iteration 82: R^2 = 0.968042339598, ICC = 0.983888001614
Iteration 83: R^2 = 0.951865274179, ICC = 0.975022969454
Iteration 84: R^2 = 0.972601599109, ICC = 0.986368025072
Iteration 85: R^2 = 0.971529490838, ICC = 0.985994717922
Iteration 86: R^2 = 0.968447102947, ICC = 0.98387954116
Iteration 87: R^2 = 0.957817360121, ICC = 0.978615309749
Iteration 88: R^2 = 0.971499410013, ICC = 0.985433852842
Iteration 89: R^2 = 0.959241596354, ICC = 0.980140387251
Iteration 90: R^2 = 0.973547897385, ICC = 0.986979003122
Iteration 91: R^2 = 0.967477458454, ICC = 0.983758189898
Iteration 92: R^2 = 0.972160086879, ICC = 0.986395320377
Iteration 93: R^2 = 0.963570882614, ICC = 0.981130999449
Iteration 94: R^2 = 0.95682161632, ICC = 0.979118512514
Iteration 95: R^2 = 0.960456100525, ICC = 0.980492855666
Iteration 96: R^2 = 0.921299826146, ICC = 0.962259704351
Iteration 97: R^2 = 0.969124063506, ICC = 0.98497291112
Iteration 98: R^2 = 0.964770840136, ICC = 0.983130929103
Iteration 99: R^2 = 0.97225113888, ICC = 0.985932544954
R Squared list shape: (100,)
ICC list shape: (100,)
