Running abide_motion_wrapper_JAL.py
Fri Sep 23 12:24:00 EDT 2016
Iteration 0: R^2 = 0.804405123746, ICC = 0.898032760673
Iteration 1: R^2 = 0.754029579665, ICC = 0.871076730023
Iteration 2: R^2 = 0.676251905396, ICC = 0.83215771865
Iteration 3: R^2 = 0.811624275338, ICC = 0.900816388095
Iteration 4: R^2 = 0.537523437004, ICC = 0.793269638307
Iteration 5: R^2 = 0.725099140797, ICC = 0.872029972717
Iteration 6: R^2 = 0.68100471657, ICC = 0.849657625187
Iteration 7: R^2 = 0.687774968613, ICC = 0.852420693959
Iteration 8: R^2 = 0.808343577936, ICC = 0.900831578359
Iteration 9: R^2 = 0.750728149567, ICC = 0.865622441683
Iteration 10: R^2 = 0.728636896398, ICC = 0.852428191703
Iteration 11: R^2 = 0.781516124395, ICC = 0.888090762121
Iteration 12: R^2 = 0.793113999048, ICC = 0.896604845082
Iteration 13: R^2 = 0.791703386985, ICC = 0.893795475303
Iteration 14: R^2 = 0.766134036306, ICC = 0.879689679651
Iteration 15: R^2 = 0.738483567476, ICC = 0.874362238957
Iteration 16: R^2 = 0.708863069822, ICC = 0.863237524513
Iteration 17: R^2 = 0.785976799748, ICC = 0.890232929636
Iteration 18: R^2 = 0.77848785949, ICC = 0.892084927759
Iteration 19: R^2 = 0.679737009003, ICC = 0.853445292415
Iteration 20: R^2 = 0.829121185623, ICC = 0.913635845257
Iteration 21: R^2 = 0.812310253056, ICC = 0.907544595517
Iteration 22: R^2 = 0.777098201049, ICC = 0.886513996956
Iteration 23: R^2 = 0.761988790635, ICC = 0.88665556514
Iteration 24: R^2 = 0.795573227302, ICC = 0.893015884977
Iteration 25: R^2 = 0.713904740892, ICC = 0.870495357637
Iteration 26: R^2 = 0.759476897521, ICC = 0.877296789347
Iteration 27: R^2 = 0.59068051989, ICC = 0.794750267304
Iteration 28: R^2 = 0.587391037193, ICC = 0.778112584358
Iteration 29: R^2 = 0.690750807228, ICC = 0.851404552156
Iteration 30: R^2 = 0.618358426455, ICC = 0.820297793623
Iteration 31: R^2 = 0.352674546136, ICC = 0.727484643375
Iteration 32: R^2 = 0.748553365145, ICC = 0.870914845971
Iteration 33: R^2 = 0.811546676924, ICC = 0.906687182246
Iteration 34: R^2 = 0.758123760839, ICC = 0.869901656158
Iteration 35: R^2 = 0.635502209848, ICC = 0.826671369763
Iteration 36: R^2 = 0.675724392595, ICC = 0.836726616668
Iteration 37: R^2 = 0.759314934978, ICC = 0.879458371043
Iteration 38: R^2 = 0.761500426785, ICC = 0.887295632472
Iteration 39: R^2 = 0.716328530175, ICC = 0.848632758345
Iteration 40: R^2 = 0.392000794205, ICC = 0.748683150223
Iteration 41: R^2 = 0.776005263121, ICC = 0.892311265986
Iteration 42: R^2 = 0.779689491282, ICC = 0.890553695164
Iteration 43: R^2 = 0.723182423811, ICC = 0.857607201444
Iteration 44: R^2 = 0.496993227449, ICC = 0.753919680525
Iteration 45: R^2 = 0.641538328325, ICC = 0.830096827584
Iteration 46: R^2 = 0.793607502911, ICC = 0.897797965201
Iteration 47: R^2 = 0.665976866159, ICC = 0.830573356957
Iteration 48: R^2 = 0.769201417978, ICC = 0.881998440613
Iteration 49: R^2 = 0.792568614483, ICC = 0.89396439164
Iteration 50: R^2 = 0.74260929542, ICC = 0.87062724569
Iteration 51: R^2 = 0.803763221983, ICC = 0.892530571672
Iteration 52: R^2 = 0.735390065741, ICC = 0.868620261163
Iteration 53: R^2 = 0.739900546153, ICC = 0.885559828651
Iteration 54: R^2 = 0.660114182013, ICC = 0.850101594426
Iteration 55: R^2 = 0.604963771005, ICC = 0.80878919528
Iteration 56: R^2 = 0.536652658298, ICC = 0.78397869496
Iteration 57: R^2 = 0.738390459439, ICC = 0.876916664003
Iteration 58: R^2 = 0.744160658043, ICC = 0.862308303585
Iteration 59: R^2 = 0.444227427224, ICC = 0.769496960532
Iteration 60: R^2 = 0.619796281201, ICC = 0.811703078821
Iteration 61: R^2 = 0.567660090793, ICC = 0.788094380542
Iteration 62: R^2 = 0.737763091894, ICC = 0.877578091941
Iteration 63: R^2 = 0.521658696929, ICC = 0.805736213503
Iteration 64: R^2 = 0.666038524472, ICC = 0.85434493996
Iteration 65: R^2 = 0.787089644183, ICC = 0.896716090584
Iteration 66: R^2 = 0.712275830392, ICC = 0.872952833315
Iteration 67: R^2 = 0.711302187245, ICC = 0.865300082008
Iteration 68: R^2 = 0.682200349681, ICC = 0.855694683711
Iteration 69: R^2 = 0.727415596612, ICC = 0.866485628286
Iteration 70: R^2 = 0.179130282328, ICC = 0.645048460542
Iteration 71: R^2 = 0.769082710914, ICC = 0.890390190907
Iteration 72: R^2 = 0.810631739707, ICC = 0.905338784892
Iteration 73: R^2 = 0.045985034509, ICC = 0.557255975608
Iteration 74: R^2 = 0.752658192332, ICC = 0.87259026702
Iteration 75: R^2 = 0.694256466589, ICC = 0.864281352927
Iteration 76: R^2 = 0.803125348207, ICC = 0.895842001061
Iteration 77: R^2 = 0.607867035858, ICC = 0.824362686595
Iteration 78: R^2 = 0.688700206479, ICC = 0.842882095478
Iteration 79: R^2 = 0.669134183532, ICC = 0.835603843248
Iteration 80: R^2 = 0.737718828564, ICC = 0.870938520766
Iteration 81: R^2 = 0.783610577914, ICC = 0.899329214976
Iteration 82: R^2 = 0.752850952498, ICC = 0.881773086419
Iteration 83: R^2 = 0.769711587302, ICC = 0.884262855038
Iteration 84: R^2 = 0.637231527452, ICC = 0.826482138676
Iteration 85: R^2 = 0.796183292183, ICC = 0.901855981643
Iteration 86: R^2 = 0.563491038733, ICC = 0.805847373841
Iteration 87: R^2 = 0.733648967352, ICC = 0.875274879396
Iteration 88: R^2 = 0.666458402923, ICC = 0.818573817381
Iteration 89: R^2 = 0.743479065105, ICC = 0.877904804809
Iteration 90: R^2 = 0.784784613297, ICC = 0.893003763678
Iteration 91: R^2 = 0.750616705671, ICC = 0.88184150331
Iteration 92: R^2 = 0.803052206885, ICC = 0.901734692988
Iteration 93: R^2 = 0.229580431092, ICC = 0.632667937723
Iteration 94: R^2 = 0.770257889728, ICC = 0.883978906719
Iteration 95: R^2 = 0.705567756222, ICC = 0.869025901158
Iteration 96: R^2 = 0.685220496195, ICC = 0.846491579807
Iteration 97: R^2 = 0.55643445061, ICC = 0.796687920031
Iteration 98: R^2 = 0.748024704696, ICC = 0.866560021196
Iteration 99: R^2 = 0.708571001503, ICC = 0.864433581304
R Squared list shape: (100,)
ICC list shape: (100,)
