Running abide_motion_wrapper_JAL.py
Fri Sep 23 12:27:42 EDT 2016
Iteration 0: R^2 = 0.943504239132, ICC = 0.972136461002
Iteration 1: R^2 = 0.946430741088, ICC = 0.972447030842
Iteration 2: R^2 = 0.933855214602, ICC = 0.967240485432
Iteration 3: R^2 = 0.926119068271, ICC = 0.963959169855
Iteration 4: R^2 = 0.933798734604, ICC = 0.965841253789
Iteration 5: R^2 = 0.939876984775, ICC = 0.969327014642
Iteration 6: R^2 = 0.792695219861, ICC = 0.904425503985
Iteration 7: R^2 = 0.911273795514, ICC = 0.957693640892
Iteration 8: R^2 = 0.945068226841, ICC = 0.972303087526
Iteration 9: R^2 = 0.948683192271, ICC = 0.974549236072
Iteration 10: R^2 = 0.936802890556, ICC = 0.967962598657
Iteration 11: R^2 = 0.936993043564, ICC = 0.968029668255
Iteration 12: R^2 = 0.889686599772, ICC = 0.943754277416
Iteration 13: R^2 = 0.934645100268, ICC = 0.96648366072
Iteration 14: R^2 = 0.920469500341, ICC = 0.960750324011
Iteration 15: R^2 = 0.924563094028, ICC = 0.963014541183
Iteration 16: R^2 = 0.946202608413, ICC = 0.974092228359
Iteration 17: R^2 = 0.945595856378, ICC = 0.972052028575
Iteration 18: R^2 = 0.919763918755, ICC = 0.960512449445
Iteration 19: R^2 = 0.93125618611, ICC = 0.966233879713
Iteration 20: R^2 = 0.942767807941, ICC = 0.970930220607
Iteration 21: R^2 = 0.892275174849, ICC = 0.945299449449
Iteration 22: R^2 = 0.927290403895, ICC = 0.963410175778
Iteration 23: R^2 = 0.939209724161, ICC = 0.969518736675
Iteration 24: R^2 = 0.90612486259, ICC = 0.952002354609
Iteration 25: R^2 = 0.916478306041, ICC = 0.95897767236
Iteration 26: R^2 = 0.935006236066, ICC = 0.966829663536
Iteration 27: R^2 = 0.930257587038, ICC = 0.964777605051
Iteration 28: R^2 = 0.939581973962, ICC = 0.970708938121
Iteration 29: R^2 = 0.925290853208, ICC = 0.962952921634
Iteration 30: R^2 = 0.924077785277, ICC = 0.960703812804
Iteration 31: R^2 = 0.934462003163, ICC = 0.967805904557
Iteration 32: R^2 = 0.889095405945, ICC = 0.943440854347
Iteration 33: R^2 = 0.933341458819, ICC = 0.967125878935
Iteration 34: R^2 = 0.758791720788, ICC = 0.891857493357
Iteration 35: R^2 = 0.925505683365, ICC = 0.964835011175
Iteration 36: R^2 = 0.93172832164, ICC = 0.965171167864
Iteration 37: R^2 = 0.877683732955, ICC = 0.939636107711
Iteration 38: R^2 = 0.851264795796, ICC = 0.929357257185
Iteration 39: R^2 = 0.945329521058, ICC = 0.972367247048
Iteration 40: R^2 = 0.927022394175, ICC = 0.960887352884
Iteration 41: R^2 = 0.834173457573, ICC = 0.921364612689
Iteration 42: R^2 = 0.886286762616, ICC = 0.941312863917
Iteration 43: R^2 = 0.947183142451, ICC = 0.973789083108
Iteration 44: R^2 = 0.856058739879, ICC = 0.926582390655
Iteration 45: R^2 = 0.933307968112, ICC = 0.967604178392
Iteration 46: R^2 = 0.896489735198, ICC = 0.947880683335
Iteration 47: R^2 = 0.792154744679, ICC = 0.908212034231
Iteration 48: R^2 = 0.9108664195, ICC = 0.956775036057
Iteration 49: R^2 = 0.919925833052, ICC = 0.959387037452
Iteration 50: R^2 = 0.896795318343, ICC = 0.948488129626
Iteration 51: R^2 = 0.936984347219, ICC = 0.969698425242
Iteration 52: R^2 = 0.93597039513, ICC = 0.96788841413
Iteration 53: R^2 = 0.935052809838, ICC = 0.968686299268
Iteration 54: R^2 = 0.937051305588, ICC = 0.969071671731
Iteration 55: R^2 = 0.947757849765, ICC = 0.974128636832
Iteration 56: R^2 = 0.937690515642, ICC = 0.96819675658
Iteration 57: R^2 = 0.938965287856, ICC = 0.969343555849
Iteration 58: R^2 = 0.94971643052, ICC = 0.975187367357
Iteration 59: R^2 = 0.928537224468, ICC = 0.96572766074
Iteration 60: R^2 = 0.929633902476, ICC = 0.964437297283
Iteration 61: R^2 = 0.926179013219, ICC = 0.96351998355
Iteration 62: R^2 = 0.94402515781, ICC = 0.97196587785
Iteration 63: R^2 = 0.933950940396, ICC = 0.967429517036
Iteration 64: R^2 = 0.946239625234, ICC = 0.973004497341
Iteration 65: R^2 = 0.939209355556, ICC = 0.96937522505
Iteration 66: R^2 = 0.898726869216, ICC = 0.949085610398
Iteration 67: R^2 = 0.947532439119, ICC = 0.973402923662
Iteration 68: R^2 = 0.945329252484, ICC = 0.972749572525
Iteration 69: R^2 = 0.924900906811, ICC = 0.962058498966
Iteration 70: R^2 = 0.911044613253, ICC = 0.953875564257
Iteration 71: R^2 = 0.94809137953, ICC = 0.974819512522
Iteration 72: R^2 = 0.949164927572, ICC = 0.974575648737
Iteration 73: R^2 = 0.829226551783, ICC = 0.920502395772
Iteration 74: R^2 = 0.944048112151, ICC = 0.97126744069
Iteration 75: R^2 = 0.931855260292, ICC = 0.96442780083
Iteration 76: R^2 = 0.924085380026, ICC = 0.959875965985
Iteration 77: R^2 = 0.940808722525, ICC = 0.969780367425
Iteration 78: R^2 = 0.950796953583, ICC = 0.974431647816
Iteration 79: R^2 = 0.922062720175, ICC = 0.961888731224
Iteration 80: R^2 = 0.946954429772, ICC = 0.97334996264
Iteration 81: R^2 = 0.922975644781, ICC = 0.963121281749
Iteration 82: R^2 = 0.906470481058, ICC = 0.95267323475
Iteration 83: R^2 = 0.914130112403, ICC = 0.958604986272
Iteration 84: R^2 = 0.920784530788, ICC = 0.961960891201
Iteration 85: R^2 = 0.931747217219, ICC = 0.966799007653
Iteration 86: R^2 = 0.934967176654, ICC = 0.967673904118
Iteration 87: R^2 = 0.933487001884, ICC = 0.96651112304
Iteration 88: R^2 = 0.932619666471, ICC = 0.967056200972
Iteration 89: R^2 = 0.917399724637, ICC = 0.957332838438
Iteration 90: R^2 = 0.919500603047, ICC = 0.960325664628
Iteration 91: R^2 = 0.932332622731, ICC = 0.967280462571
Iteration 92: R^2 = 0.917864182832, ICC = 0.957691225192
Iteration 93: R^2 = 0.939675775919, ICC = 0.970717140084
Iteration 94: R^2 = 0.92773588286, ICC = 0.963603010022
Iteration 95: R^2 = 0.91728295349, ICC = 0.958082911754
Iteration 96: R^2 = 0.954459130068, ICC = 0.976821896982
Iteration 97: R^2 = 0.943301887057, ICC = 0.971492402211
Iteration 98: R^2 = 0.856512283318, ICC = 0.925198389405
Iteration 99: R^2 = 0.913729044049, ICC = 0.957799872152
R Squared list shape: (100,)
ICC list shape: (100,)
