Running abide_motion_wrapper_JAL.py
Fri Sep 23 12:32:43 EDT 2016
Iteration 0: R^2 = 0.95262373516, ICC = 0.97586941476
Iteration 1: R^2 = 0.962626381323, ICC = 0.981617823648
Iteration 2: R^2 = 0.963412949969, ICC = 0.98160790049
Iteration 3: R^2 = 0.776876959022, ICC = 0.90235779724
Iteration 4: R^2 = 0.952531657056, ICC = 0.977224978459
Iteration 5: R^2 = 0.928953686992, ICC = 0.962558271467
Iteration 6: R^2 = 0.942893472186, ICC = 0.97131764339
Iteration 7: R^2 = 0.958548437066, ICC = 0.979385266077
Iteration 8: R^2 = 0.958249182732, ICC = 0.978703080751
Iteration 9: R^2 = 0.958863452617, ICC = 0.979832038045
Iteration 10: R^2 = 0.963531200009, ICC = 0.982053095633
Iteration 11: R^2 = 0.932239046656, ICC = 0.967465079031
Iteration 12: R^2 = 0.960912905167, ICC = 0.980832916954
Iteration 13: R^2 = 0.948876299383, ICC = 0.974580797039
Iteration 14: R^2 = 0.959440320637, ICC = 0.979836371349
Iteration 15: R^2 = 0.955187157704, ICC = 0.97810281996
Iteration 16: R^2 = 0.897418658819, ICC = 0.947985491494
Iteration 17: R^2 = 0.955057446832, ICC = 0.977426560941
Iteration 18: R^2 = 0.932278670979, ICC = 0.966391491691
Iteration 19: R^2 = 0.95836790786, ICC = 0.979175535045
Iteration 20: R^2 = 0.946446458353, ICC = 0.974188325244
Iteration 21: R^2 = 0.96487595852, ICC = 0.982328272339
Iteration 22: R^2 = 0.963004242945, ICC = 0.981592837667
Iteration 23: R^2 = 0.951753758437, ICC = 0.975505835021
Iteration 24: R^2 = 0.962078359269, ICC = 0.980949791958
Iteration 25: R^2 = 0.959730775064, ICC = 0.980216749087
Iteration 26: R^2 = 0.950362100316, ICC = 0.97580768581
Iteration 27: R^2 = 0.95735117942, ICC = 0.97883352829
Iteration 28: R^2 = 0.965307983307, ICC = 0.982180248226
Iteration 29: R^2 = 0.94084372152, ICC = 0.969011785595
Iteration 30: R^2 = 0.877768336036, ICC = 0.94031761348
Iteration 31: R^2 = 0.961085865979, ICC = 0.980594542979
Iteration 32: R^2 = 0.963387911379, ICC = 0.981590848227
Iteration 33: R^2 = 0.955963437233, ICC = 0.977152508911
Iteration 34: R^2 = 0.953995935073, ICC = 0.976864029819
Iteration 35: R^2 = 0.94112128019, ICC = 0.970265945221
Iteration 36: R^2 = 0.929706505005, ICC = 0.963828852146
Iteration 37: R^2 = 0.939542890391, ICC = 0.970981548578
Iteration 38: R^2 = 0.929992859875, ICC = 0.963212196727
Iteration 39: R^2 = 0.958062536132, ICC = 0.978207047659
Iteration 40: R^2 = 0.966160636144, ICC = 0.983446202413
Iteration 41: R^2 = 0.956060381864, ICC = 0.978528728686
Iteration 42: R^2 = 0.956354725626, ICC = 0.977611899507
Iteration 43: R^2 = 0.958887296138, ICC = 0.979196393163
Iteration 44: R^2 = 0.959464515733, ICC = 0.979945539986
Iteration 45: R^2 = 0.923295098445, ICC = 0.960230306074
Iteration 46: R^2 = 0.954843405177, ICC = 0.977192001178
Iteration 47: R^2 = 0.955169096193, ICC = 0.977402799379
Iteration 48: R^2 = 0.950963154753, ICC = 0.975689177764
Iteration 49: R^2 = 0.947588714638, ICC = 0.973594758637
Iteration 50: R^2 = 0.963096348409, ICC = 0.981828314525
Iteration 51: R^2 = 0.942752189757, ICC = 0.970747745439
Iteration 52: R^2 = 0.93302466836, ICC = 0.966678268692
Iteration 53: R^2 = 0.962433666451, ICC = 0.981134695483
Iteration 54: R^2 = 0.883542139407, ICC = 0.940646153262
Iteration 55: R^2 = 0.96362670542, ICC = 0.981497171083
Iteration 56: R^2 = 0.956593294505, ICC = 0.978013881029
Iteration 57: R^2 = 0.942899794404, ICC = 0.972527304754
Iteration 58: R^2 = 0.958628747987, ICC = 0.979178463835
Iteration 59: R^2 = 0.963486442096, ICC = 0.981779696062
Iteration 60: R^2 = 0.951450919665, ICC = 0.975409699642
Iteration 61: R^2 = 0.962830904774, ICC = 0.981630548884
Iteration 62: R^2 = 0.89323035587, ICC = 0.94944093386
Iteration 63: R^2 = 0.954889043048, ICC = 0.976191317799
Iteration 64: R^2 = 0.931348841625, ICC = 0.96785455921
Iteration 65: R^2 = 0.960175506567, ICC = 0.980121300217
Iteration 66: R^2 = 0.929587749925, ICC = 0.96516093625
Iteration 67: R^2 = 0.95369106377, ICC = 0.975520188963
Iteration 68: R^2 = 0.942211081679, ICC = 0.97104186794
Iteration 69: R^2 = 0.953240083983, ICC = 0.976787972658
Iteration 70: R^2 = 0.941650912303, ICC = 0.970944885402
Iteration 71: R^2 = 0.95793230631, ICC = 0.978848618909
Iteration 72: R^2 = 0.959739215106, ICC = 0.979768438264
Iteration 73: R^2 = 0.963490368977, ICC = 0.981397163929
Iteration 74: R^2 = 0.961598703994, ICC = 0.980929193053
Iteration 75: R^2 = 0.959296335884, ICC = 0.980055151964
Iteration 76: R^2 = 0.887293516904, ICC = 0.946680539926
Iteration 77: R^2 = 0.947494367593, ICC = 0.972902106836
Iteration 78: R^2 = 0.961039432581, ICC = 0.980433415394
Iteration 79: R^2 = 0.93523292438, ICC = 0.967618447437
Iteration 80: R^2 = 0.921726931588, ICC = 0.960069970118
Iteration 81: R^2 = 0.959713496735, ICC = 0.979768449806
Iteration 82: R^2 = 0.845359218565, ICC = 0.928284649522
Iteration 83: R^2 = 0.953548595237, ICC = 0.977647480216
Iteration 84: R^2 = 0.956619487666, ICC = 0.978268657934
Iteration 85: R^2 = 0.967948341284, ICC = 0.98389292091
Iteration 86: R^2 = 0.936104391841, ICC = 0.968513999848
Iteration 87: R^2 = 0.962381515218, ICC = 0.98147168321
Iteration 88: R^2 = 0.961747610918, ICC = 0.980736574385
Iteration 89: R^2 = 0.955548307893, ICC = 0.977633801969
Iteration 90: R^2 = 0.947971633906, ICC = 0.974030211175
Iteration 91: R^2 = 0.94273821436, ICC = 0.972223803588
Iteration 92: R^2 = 0.96521142746, ICC = 0.982695605826
Iteration 93: R^2 = 0.950239839055, ICC = 0.974968385152
Iteration 94: R^2 = 0.959530438335, ICC = 0.980029024834
Iteration 95: R^2 = 0.961927398233, ICC = 0.981237635356
Iteration 96: R^2 = 0.961627414528, ICC = 0.980584148104
Iteration 97: R^2 = 0.950060295642, ICC = 0.974491196594
Iteration 98: R^2 = 0.944672993931, ICC = 0.972088636484
Iteration 99: R^2 = 0.942005234361, ICC = 0.970839400585
R Squared list shape: (100,)
ICC list shape: (100,)
