Running abide_motion_wrapper_JAL.py
Fri Sep 23 12:27:42 EDT 2016
Iteration 0: R^2 = 0.965908551353, ICC = 0.983295349449
Iteration 1: R^2 = 0.953270518936, ICC = 0.975948924199
Iteration 2: R^2 = 0.954640771499, ICC = 0.977157669497
Iteration 3: R^2 = 0.958221241934, ICC = 0.97874547696
Iteration 4: R^2 = 0.942477381148, ICC = 0.972506028954
Iteration 5: R^2 = 0.958077210283, ICC = 0.979486358322
Iteration 6: R^2 = 0.912026547045, ICC = 0.956921224463
Iteration 7: R^2 = 0.900981193384, ICC = 0.954084328096
Iteration 8: R^2 = 0.965564734446, ICC = 0.98255928323
Iteration 9: R^2 = 0.943137725686, ICC = 0.9712451242
Iteration 10: R^2 = 0.931579502151, ICC = 0.967223359702
Iteration 11: R^2 = 0.881601919208, ICC = 0.943947680339
Iteration 12: R^2 = 0.939226882193, ICC = 0.968174776341
Iteration 13: R^2 = 0.925590478854, ICC = 0.964544455581
Iteration 14: R^2 = 0.917576628283, ICC = 0.960537959214
Iteration 15: R^2 = 0.906056933332, ICC = 0.951491724661
Iteration 16: R^2 = 0.96041429375, ICC = 0.980587750362
Iteration 17: R^2 = 0.962008522736, ICC = 0.981111920498
Iteration 18: R^2 = 0.966260072247, ICC = 0.982795420123
Iteration 19: R^2 = 0.876160802568, ICC = 0.941209517209
Iteration 20: R^2 = 0.933585952995, ICC = 0.96659266924
Iteration 21: R^2 = 0.953843446901, ICC = 0.975738239124
Iteration 22: R^2 = 0.923038505264, ICC = 0.962770552624
Iteration 23: R^2 = 0.949978944201, ICC = 0.975192512359
Iteration 24: R^2 = 0.964883477712, ICC = 0.982124801189
Iteration 25: R^2 = 0.94887587054, ICC = 0.973950900667
Iteration 26: R^2 = 0.941091758915, ICC = 0.971590621629
Iteration 27: R^2 = 0.967058713134, ICC = 0.983382673314
Iteration 28: R^2 = 0.94268883035, ICC = 0.972589702419
Iteration 29: R^2 = 0.959009731547, ICC = 0.979829755879
Iteration 30: R^2 = 0.940063521194, ICC = 0.970081041303
Iteration 31: R^2 = 0.945235955539, ICC = 0.972682287129
Iteration 32: R^2 = 0.945958160489, ICC = 0.973518809384
Iteration 33: R^2 = 0.962599007995, ICC = 0.981859076512
Iteration 34: R^2 = 0.936737224252, ICC = 0.970291284008
Iteration 35: R^2 = 0.948847761771, ICC = 0.975314188813
Iteration 36: R^2 = 0.945336636631, ICC = 0.972743044808
Iteration 37: R^2 = 0.949223051887, ICC = 0.974653375623
Iteration 38: R^2 = 0.958674914874, ICC = 0.978533409885
Iteration 39: R^2 = 0.955702866994, ICC = 0.978303315493
Iteration 40: R^2 = 0.928994640474, ICC = 0.964571235483
Iteration 41: R^2 = 0.956533770482, ICC = 0.978650483882
Iteration 42: R^2 = 0.961789218882, ICC = 0.980474485718
Iteration 43: R^2 = 0.957483156122, ICC = 0.979532804616
Iteration 44: R^2 = 0.964820092297, ICC = 0.982210513963
Iteration 45: R^2 = 0.942884725381, ICC = 0.971025678641
Iteration 46: R^2 = 0.963996970856, ICC = 0.981950797638
Iteration 47: R^2 = 0.830851115522, ICC = 0.925152467686
Iteration 48: R^2 = 0.945168724135, ICC = 0.971825835524
Iteration 49: R^2 = 0.957460852152, ICC = 0.97835111077
Iteration 50: R^2 = 0.928953100834, ICC = 0.96375136857
Iteration 51: R^2 = 0.932770735656, ICC = 0.96488562991
Iteration 52: R^2 = 0.957322028454, ICC = 0.978722230599
Iteration 53: R^2 = 0.943172131711, ICC = 0.972298131965
Iteration 54: R^2 = 0.968207100339, ICC = 0.983998650851
Iteration 55: R^2 = 0.955724480009, ICC = 0.976921499745
Iteration 56: R^2 = 0.9584839155, ICC = 0.979948347981
Iteration 57: R^2 = 0.955222831591, ICC = 0.977460545925
Iteration 58: R^2 = 0.936929852042, ICC = 0.966937174508
Iteration 59: R^2 = 0.961991810036, ICC = 0.980199198154
Iteration 60: R^2 = 0.957984584069, ICC = 0.978510636986
Iteration 61: R^2 = 0.95324193874, ICC = 0.977199399849
Iteration 62: R^2 = 0.96527259324, ICC = 0.982772915386
Iteration 63: R^2 = 0.959344911341, ICC = 0.980232630058
Iteration 64: R^2 = 0.957633058136, ICC = 0.979118030176
Iteration 65: R^2 = 0.968816084424, ICC = 0.984473503367
Iteration 66: R^2 = 0.964570352465, ICC = 0.98238922843
Iteration 67: R^2 = 0.936320987523, ICC = 0.967969031676
Iteration 68: R^2 = 0.905767018591, ICC = 0.95181842925
Iteration 69: R^2 = 0.945735150517, ICC = 0.973084666383
Iteration 70: R^2 = 0.952784517612, ICC = 0.977112845915
Iteration 71: R^2 = 0.929160839294, ICC = 0.96528501072
Iteration 72: R^2 = 0.953786161984, ICC = 0.976753640341
Iteration 73: R^2 = 0.931956044448, ICC = 0.965174143177
Iteration 74: R^2 = 0.966647704871, ICC = 0.983662199498
Iteration 75: R^2 = 0.959111477139, ICC = 0.979979544134
Iteration 76: R^2 = 0.963697848023, ICC = 0.981270201272
Iteration 77: R^2 = 0.95747672752, ICC = 0.979039944294
Iteration 78: R^2 = 0.955397602467, ICC = 0.976340849245
Iteration 79: R^2 = 0.936183602952, ICC = 0.967048864971
Iteration 80: R^2 = 0.962637608595, ICC = 0.981507712283
Iteration 81: R^2 = 0.957691878938, ICC = 0.978861339908
Iteration 82: R^2 = 0.962233982754, ICC = 0.980281915832
Iteration 83: R^2 = 0.903364229469, ICC = 0.953275849634
Iteration 84: R^2 = 0.948292870657, ICC = 0.97570353533
Iteration 85: R^2 = 0.952635590874, ICC = 0.977033015573
Iteration 86: R^2 = 0.933231228658, ICC = 0.968604357175
Iteration 87: R^2 = 0.962942013955, ICC = 0.981484924578
Iteration 88: R^2 = 0.958187120555, ICC = 0.979225718282
Iteration 89: R^2 = 0.959231641513, ICC = 0.979339579961
Iteration 90: R^2 = 0.953551480159, ICC = 0.977025484402
Iteration 91: R^2 = 0.965565303655, ICC = 0.982636530265
Iteration 92: R^2 = 0.917516975428, ICC = 0.960104976865
Iteration 93: R^2 = 0.941057882082, ICC = 0.970796519276
Iteration 94: R^2 = 0.964800334286, ICC = 0.982943495327
Iteration 95: R^2 = 0.965947803746, ICC = 0.982578835576
Iteration 96: R^2 = 0.959163655031, ICC = 0.979770407657
Iteration 97: R^2 = 0.947478245897, ICC = 0.972241736655
Iteration 98: R^2 = 0.961216951312, ICC = 0.980185169325
Iteration 99: R^2 = 0.902715347485, ICC = 0.954043191976
R Squared list shape: (100,)
ICC list shape: (100,)
