Running abide_motion_wrapper_JAL.py
Fri Sep 23 12:24:00 EDT 2016
Iteration 0: R^2 = 0.966729471243, ICC = 0.983930414689
Iteration 1: R^2 = 0.960197397182, ICC = 0.980780189526
Iteration 2: R^2 = 0.965943510677, ICC = 0.983172366062
Iteration 3: R^2 = 0.954525847804, ICC = 0.976885448059
Iteration 4: R^2 = 0.969548347177, ICC = 0.985011063418
Iteration 5: R^2 = 0.969427725605, ICC = 0.98463552854
Iteration 6: R^2 = 0.947977739987, ICC = 0.974712092576
Iteration 7: R^2 = 0.968950025884, ICC = 0.984969349655
Iteration 8: R^2 = 0.950135148452, ICC = 0.975270404609
Iteration 9: R^2 = 0.967613657791, ICC = 0.983690405355
Iteration 10: R^2 = 0.964324973583, ICC = 0.982000649243
Iteration 11: R^2 = 0.959625653336, ICC = 0.979972829293
Iteration 12: R^2 = 0.936899186761, ICC = 0.968755562285
Iteration 13: R^2 = 0.958319142146, ICC = 0.979004506093
Iteration 14: R^2 = 0.973208046446, ICC = 0.986431462549
Iteration 15: R^2 = 0.951161714035, ICC = 0.975807133466
Iteration 16: R^2 = 0.971210270882, ICC = 0.985862583527
Iteration 17: R^2 = 0.968097212904, ICC = 0.984033387606
Iteration 18: R^2 = 0.964584697474, ICC = 0.982331089862
Iteration 19: R^2 = 0.971129747811, ICC = 0.985511353367
Iteration 20: R^2 = 0.955927437045, ICC = 0.977858515816
Iteration 21: R^2 = 0.968604495244, ICC = 0.984303249929
Iteration 22: R^2 = 0.967648580894, ICC = 0.98327880244
Iteration 23: R^2 = 0.952655225418, ICC = 0.976776936734
Iteration 24: R^2 = 0.970919566184, ICC = 0.985215221145
Iteration 25: R^2 = 0.925261625427, ICC = 0.962089497662
Iteration 26: R^2 = 0.969920574495, ICC = 0.985055765786
Iteration 27: R^2 = 0.972775607418, ICC = 0.986032221001
Iteration 28: R^2 = 0.972709148713, ICC = 0.986666953917
Iteration 29: R^2 = 0.970264827005, ICC = 0.985050398498
Iteration 30: R^2 = 0.978393135043, ICC = 0.989135297174
Iteration 31: R^2 = 0.949446711382, ICC = 0.975386173738
Iteration 32: R^2 = 0.957000631992, ICC = 0.978989640184
Iteration 33: R^2 = 0.963796605245, ICC = 0.982075023249
Iteration 34: R^2 = 0.967034404237, ICC = 0.983500261511
Iteration 35: R^2 = 0.972262360715, ICC = 0.985946828144
Iteration 36: R^2 = 0.970636927362, ICC = 0.98567011283
Iteration 37: R^2 = 0.970732589811, ICC = 0.985517970091
Iteration 38: R^2 = 0.960846257911, ICC = 0.981137464249
Iteration 39: R^2 = 0.934141035986, ICC = 0.96831887826
Iteration 40: R^2 = 0.958896129132, ICC = 0.979341242018
Iteration 41: R^2 = 0.975293183141, ICC = 0.987632264531
Iteration 42: R^2 = 0.971094204604, ICC = 0.985940871107
Iteration 43: R^2 = 0.963353538954, ICC = 0.981102769916
Iteration 44: R^2 = 0.963650076935, ICC = 0.982256270811
Iteration 45: R^2 = 0.963588712054, ICC = 0.981812870162
Iteration 46: R^2 = 0.967241340161, ICC = 0.983581598601
Iteration 47: R^2 = 0.955719709878, ICC = 0.977353331565
Iteration 48: R^2 = 0.972300335652, ICC = 0.986307885755
Iteration 49: R^2 = 0.963127122887, ICC = 0.981324369884
Iteration 50: R^2 = 0.9672541052, ICC = 0.984292259429
Iteration 51: R^2 = 0.971868274175, ICC = 0.985777178978
Iteration 52: R^2 = 0.973009893363, ICC = 0.98660765183
Iteration 53: R^2 = 0.967747049637, ICC = 0.983834552841
Iteration 54: R^2 = 0.961396270574, ICC = 0.981272330263
Iteration 55: R^2 = 0.959061963238, ICC = 0.980316751224
Iteration 56: R^2 = 0.962198947732, ICC = 0.98098779056
Iteration 57: R^2 = 0.967117839367, ICC = 0.983662915537
Iteration 58: R^2 = 0.968843577439, ICC = 0.984066713169
Iteration 59: R^2 = 0.971182475134, ICC = 0.985489907366
Iteration 60: R^2 = 0.956622390696, ICC = 0.978669757364
Iteration 61: R^2 = 0.960819176444, ICC = 0.979695976771
Iteration 62: R^2 = 0.964774482179, ICC = 0.982439774323
Iteration 63: R^2 = 0.968536075183, ICC = 0.984345216267
Iteration 64: R^2 = 0.961242775032, ICC = 0.981288394805
Iteration 65: R^2 = 0.961575316422, ICC = 0.981263336852
Iteration 66: R^2 = 0.975707306565, ICC = 0.98775896798
Iteration 67: R^2 = 0.972109433857, ICC = 0.986205070696
Iteration 68: R^2 = 0.907138684529, ICC = 0.953999223569
Iteration 69: R^2 = 0.931002904725, ICC = 0.966782070196
Iteration 70: R^2 = 0.958753273857, ICC = 0.97909719159
Iteration 71: R^2 = 0.967802712306, ICC = 0.983929378295
Iteration 72: R^2 = 0.956151880648, ICC = 0.977390064266
Iteration 73: R^2 = 0.952236269237, ICC = 0.977180608997
Iteration 74: R^2 = 0.970895371319, ICC = 0.985634151725
Iteration 75: R^2 = 0.939099680253, ICC = 0.969924606286
Iteration 76: R^2 = 0.971995616947, ICC = 0.986186319485
Iteration 77: R^2 = 0.96133944029, ICC = 0.980684896585
Iteration 78: R^2 = 0.970450598319, ICC = 0.985475129158
Iteration 79: R^2 = 0.969364595634, ICC = 0.984288428299
Iteration 80: R^2 = 0.974628902226, ICC = 0.987409221322
Iteration 81: R^2 = 0.9682712001, ICC = 0.984241591938
Iteration 82: R^2 = 0.959462478901, ICC = 0.979843949925
Iteration 83: R^2 = 0.969799036406, ICC = 0.985041908936
Iteration 84: R^2 = 0.973820902335, ICC = 0.986930336354
Iteration 85: R^2 = 0.969368247421, ICC = 0.984749731351
Iteration 86: R^2 = 0.954689389213, ICC = 0.977227397927
Iteration 87: R^2 = 0.972236482037, ICC = 0.986322818939
Iteration 88: R^2 = 0.961182486902, ICC = 0.980303512829
Iteration 89: R^2 = 0.970611354882, ICC = 0.985301449547
Iteration 90: R^2 = 0.940618639203, ICC = 0.970323245761
Iteration 91: R^2 = 0.974687635507, ICC = 0.987266970109
Iteration 92: R^2 = 0.973477117364, ICC = 0.986962875606
Iteration 93: R^2 = 0.973085264855, ICC = 0.986729282487
Iteration 94: R^2 = 0.974440204931, ICC = 0.987117744293
Iteration 95: R^2 = 0.969487947874, ICC = 0.985111900841
Iteration 96: R^2 = 0.975041857793, ICC = 0.987631464269
Iteration 97: R^2 = 0.972262906843, ICC = 0.986017196672
Iteration 98: R^2 = 0.961630441281, ICC = 0.981217337153
Iteration 99: R^2 = 0.969660195343, ICC = 0.984845272135
R Squared list shape: (100,)
ICC list shape: (100,)
