Running abide_motion_wrapper_JAL.py
Fri Sep 23 12:27:42 EDT 2016
Iteration 0: R^2 = 0.971076254716, ICC = 0.985250348599
Iteration 1: R^2 = 0.961127892676, ICC = 0.980615399455
Iteration 2: R^2 = 0.971339758732, ICC = 0.985839830694
Iteration 3: R^2 = 0.975380527765, ICC = 0.987739138787
Iteration 4: R^2 = 0.976263742237, ICC = 0.988115298933
Iteration 5: R^2 = 0.974265288752, ICC = 0.987258542635
Iteration 6: R^2 = 0.934157348345, ICC = 0.966208296039
Iteration 7: R^2 = 0.968039695844, ICC = 0.984027157727
Iteration 8: R^2 = 0.972080795209, ICC = 0.986109336978
Iteration 9: R^2 = 0.965245209057, ICC = 0.983292044057
Iteration 10: R^2 = 0.976622223504, ICC = 0.988342689541
Iteration 11: R^2 = 0.970334954334, ICC = 0.98512809453
Iteration 12: R^2 = 0.918795971395, ICC = 0.96086303389
Iteration 13: R^2 = 0.973729196378, ICC = 0.987202961882
Iteration 14: R^2 = 0.966034710241, ICC = 0.983173895107
Iteration 15: R^2 = 0.975759738396, ICC = 0.988176599201
Iteration 16: R^2 = 0.966300682973, ICC = 0.982906716043
Iteration 17: R^2 = 0.942979801305, ICC = 0.970322892003
Iteration 18: R^2 = 0.973767083189, ICC = 0.986794818926
Iteration 19: R^2 = 0.935944988853, ICC = 0.9665122496
Iteration 20: R^2 = 0.974197715923, ICC = 0.986949323223
Iteration 21: R^2 = 0.969040273379, ICC = 0.984098258774
Iteration 22: R^2 = 0.977487521493, ICC = 0.988226888048
Iteration 23: R^2 = 0.969118965592, ICC = 0.985074165135
Iteration 24: R^2 = 0.976553798789, ICC = 0.987924910456
Iteration 25: R^2 = 0.915163380416, ICC = 0.960019710745
Iteration 26: R^2 = 0.948535668694, ICC = 0.974032110422
Iteration 27: R^2 = 0.940155342891, ICC = 0.968985649003
Iteration 28: R^2 = 0.963429597945, ICC = 0.982099935119
Iteration 29: R^2 = 0.974299118463, ICC = 0.987123343802
Iteration 30: R^2 = 0.96132203504, ICC = 0.98136632306
Iteration 31: R^2 = 0.973628056242, ICC = 0.986923282037
Iteration 32: R^2 = 0.972871522723, ICC = 0.986453930052
Iteration 33: R^2 = 0.976242615631, ICC = 0.988130207597
Iteration 34: R^2 = 0.971447217877, ICC = 0.985558893667
Iteration 35: R^2 = 0.971397362927, ICC = 0.985936448729
Iteration 36: R^2 = 0.970329548272, ICC = 0.984864429604
Iteration 37: R^2 = 0.967342106999, ICC = 0.983933423484
Iteration 38: R^2 = 0.974288790532, ICC = 0.987422589166
Iteration 39: R^2 = 0.966617292002, ICC = 0.982992752051
Iteration 40: R^2 = 0.974949241265, ICC = 0.987468580701
Iteration 41: R^2 = 0.976878636028, ICC = 0.988609753904
Iteration 42: R^2 = 0.977485416743, ICC = 0.988859018815
Iteration 43: R^2 = 0.969070775881, ICC = 0.984422056338
Iteration 44: R^2 = 0.960539789444, ICC = 0.979736303356
Iteration 45: R^2 = 0.957787347645, ICC = 0.978588204238
Iteration 46: R^2 = 0.964628052142, ICC = 0.981823044212
Iteration 47: R^2 = 0.967370237751, ICC = 0.983983359065
Iteration 48: R^2 = 0.929643682293, ICC = 0.966085516003
Iteration 49: R^2 = 0.971269149654, ICC = 0.985732045815
Iteration 50: R^2 = 0.954521131315, ICC = 0.977566836383
Iteration 51: R^2 = 0.961727615596, ICC = 0.981808648905
Iteration 52: R^2 = 0.950174422835, ICC = 0.974618687736
Iteration 53: R^2 = 0.973680518464, ICC = 0.986346236632
Iteration 54: R^2 = 0.951116444418, ICC = 0.975856314528
Iteration 55: R^2 = 0.975866775857, ICC = 0.987957474724
Iteration 56: R^2 = 0.968645352827, ICC = 0.98475128272
Iteration 57: R^2 = 0.9670140608, ICC = 0.983949583575
Iteration 58: R^2 = 0.945021068849, ICC = 0.973763680046
Iteration 59: R^2 = 0.961702099958, ICC = 0.980148236309
Iteration 60: R^2 = 0.976011313988, ICC = 0.987694761483
Iteration 61: R^2 = 0.962167025952, ICC = 0.980809573044
Iteration 62: R^2 = 0.966250530764, ICC = 0.983134653783
Iteration 63: R^2 = 0.952907090068, ICC = 0.976355078376
Iteration 64: R^2 = 0.971188737106, ICC = 0.985963819884
Iteration 65: R^2 = 0.969230513599, ICC = 0.984979750535
Iteration 66: R^2 = 0.970108912016, ICC = 0.984612409255
Iteration 67: R^2 = 0.969324489365, ICC = 0.985232214381
Iteration 68: R^2 = 0.97563502194, ICC = 0.987545213513
Iteration 69: R^2 = 0.950049217871, ICC = 0.97526194936
Iteration 70: R^2 = 0.966060916856, ICC = 0.983119138166
Iteration 71: R^2 = 0.970159715353, ICC = 0.985206988936
Iteration 72: R^2 = 0.972665677695, ICC = 0.986454887413
Iteration 73: R^2 = 0.959936331619, ICC = 0.980461357851
Iteration 74: R^2 = 0.974033475438, ICC = 0.987102423638
Iteration 75: R^2 = 0.963716682868, ICC = 0.981593058345
Iteration 76: R^2 = 0.958010621142, ICC = 0.978650323104
Iteration 77: R^2 = 0.970641394139, ICC = 0.985262931605
Iteration 78: R^2 = 0.945606997864, ICC = 0.973869295523
Iteration 79: R^2 = 0.975969972398, ICC = 0.988033014675
Iteration 80: R^2 = 0.975893807205, ICC = 0.987854647793
Iteration 81: R^2 = 0.963974499691, ICC = 0.981376888319
Iteration 82: R^2 = 0.967932988534, ICC = 0.984316397756
Iteration 83: R^2 = 0.973039637325, ICC = 0.986448367952
Iteration 84: R^2 = 0.971389507894, ICC = 0.98558912276
Iteration 85: R^2 = 0.941583355668, ICC = 0.971793649707
Iteration 86: R^2 = 0.967389305834, ICC = 0.983582408645
Iteration 87: R^2 = 0.955282048886, ICC = 0.977735681875
Iteration 88: R^2 = 0.964803154843, ICC = 0.98182945036
Iteration 89: R^2 = 0.977692725592, ICC = 0.988915462826
Iteration 90: R^2 = 0.960677075267, ICC = 0.980646801382
Iteration 91: R^2 = 0.973543527455, ICC = 0.98665130511
Iteration 92: R^2 = 0.972130396939, ICC = 0.98566722272
Iteration 93: R^2 = 0.968636073326, ICC = 0.984813768839
Iteration 94: R^2 = 0.967585465209, ICC = 0.983948890497
Iteration 95: R^2 = 0.967884901497, ICC = 0.984247755931
Iteration 96: R^2 = 0.948510555387, ICC = 0.974901890025
Iteration 97: R^2 = 0.916103042151, ICC = 0.956781097973
Iteration 98: R^2 = 0.970891981652, ICC = 0.98578641658
Iteration 99: R^2 = 0.966452963989, ICC = 0.983371009873
R Squared list shape: (100,)
ICC list shape: (100,)
