Running abide_motion_wrapper_JAL.py
Fri Sep 23 12:26:04 EDT 2016
Iteration 0: R^2 = 0.94916803809, ICC = 0.975022746254
Iteration 1: R^2 = 0.922006964343, ICC = 0.962406867194
Iteration 2: R^2 = 0.89397133837, ICC = 0.94905800785
Iteration 3: R^2 = 0.913429505411, ICC = 0.954691062779
Iteration 4: R^2 = 0.946232542651, ICC = 0.973018561466
Iteration 5: R^2 = 0.944490406058, ICC = 0.972018512401
Iteration 6: R^2 = 0.936579476555, ICC = 0.968638915537
Iteration 7: R^2 = 0.939809517589, ICC = 0.971175047038
Iteration 8: R^2 = 0.944956100204, ICC = 0.971347127716
Iteration 9: R^2 = 0.943273845809, ICC = 0.971549057226
Iteration 10: R^2 = 0.925639412683, ICC = 0.96447623874
Iteration 11: R^2 = 0.935635800604, ICC = 0.967934799243
Iteration 12: R^2 = 0.907451465285, ICC = 0.952225111341
Iteration 13: R^2 = 0.906927546793, ICC = 0.954370712089
Iteration 14: R^2 = 0.931438491178, ICC = 0.966328902886
Iteration 15: R^2 = 0.937283780645, ICC = 0.967073340482
Iteration 16: R^2 = 0.872170747277, ICC = 0.940258549328
Iteration 17: R^2 = 0.946072046211, ICC = 0.97276576196
Iteration 18: R^2 = 0.875093897693, ICC = 0.936364260473
Iteration 19: R^2 = 0.941238870234, ICC = 0.97124689328
Iteration 20: R^2 = 0.928291098763, ICC = 0.963209280755
Iteration 21: R^2 = 0.944055980615, ICC = 0.970810653404
Iteration 22: R^2 = 0.914101273094, ICC = 0.955011397779
Iteration 23: R^2 = 0.954292311253, ICC = 0.976486564732
Iteration 24: R^2 = 0.921840450769, ICC = 0.96047651951
Iteration 25: R^2 = 0.944648273189, ICC = 0.972624104993
Iteration 26: R^2 = 0.916761272702, ICC = 0.960265645434
Iteration 27: R^2 = 0.866830273548, ICC = 0.935707096273
Iteration 28: R^2 = 0.94324670594, ICC = 0.97184061941
Iteration 29: R^2 = 0.922716611556, ICC = 0.959607021093
Iteration 30: R^2 = 0.888794591636, ICC = 0.947312525487
Iteration 31: R^2 = 0.925466610364, ICC = 0.962685623458
Iteration 32: R^2 = 0.936440896546, ICC = 0.968889727653
Iteration 33: R^2 = 0.941712931994, ICC = 0.971227535637
Iteration 34: R^2 = 0.945714070237, ICC = 0.972555454402
Iteration 35: R^2 = 0.937677731552, ICC = 0.968864955076
Iteration 36: R^2 = 0.933782980487, ICC = 0.96550450647
Iteration 37: R^2 = 0.911156464276, ICC = 0.955848129622
Iteration 38: R^2 = 0.945254546447, ICC = 0.97316496127
Iteration 39: R^2 = 0.814594958819, ICC = 0.904119228148
Iteration 40: R^2 = 0.94311698003, ICC = 0.972239933921
Iteration 41: R^2 = 0.948976695593, ICC = 0.974853442985
Iteration 42: R^2 = 0.940073244559, ICC = 0.969026870365
Iteration 43: R^2 = 0.928662518332, ICC = 0.964021708328
Iteration 44: R^2 = 0.935644836537, ICC = 0.968042898173
Iteration 45: R^2 = 0.915459395622, ICC = 0.957713220156
Iteration 46: R^2 = 0.934487967972, ICC = 0.967525804255
Iteration 47: R^2 = 0.937931319345, ICC = 0.969101088391
Iteration 48: R^2 = 0.943218555497, ICC = 0.972069605749
Iteration 49: R^2 = 0.950843385618, ICC = 0.97498763238
Iteration 50: R^2 = 0.93858022144, ICC = 0.968106857028
Iteration 51: R^2 = 0.88752032687, ICC = 0.94485466835
Iteration 52: R^2 = 0.784482136962, ICC = 0.900542318042
Iteration 53: R^2 = 0.897257914719, ICC = 0.948988127275
Iteration 54: R^2 = 0.925342904892, ICC = 0.961714778102
Iteration 55: R^2 = 0.93713044454, ICC = 0.97014339351
Iteration 56: R^2 = 0.93633707504, ICC = 0.967307731427
Iteration 57: R^2 = 0.919412223634, ICC = 0.960702131261
Iteration 58: R^2 = 0.870060903702, ICC = 0.941377369096
Iteration 59: R^2 = 0.932141924799, ICC = 0.967403629972
Iteration 60: R^2 = 0.939126346119, ICC = 0.968959328559
Iteration 61: R^2 = 0.924944227749, ICC = 0.9617892403
Iteration 62: R^2 = 0.942586755583, ICC = 0.969967516866
Iteration 63: R^2 = 0.934720102965, ICC = 0.968646608599
Iteration 64: R^2 = 0.944322788965, ICC = 0.972754532664
Iteration 65: R^2 = 0.949346514982, ICC = 0.973179757976
Iteration 66: R^2 = 0.909167440197, ICC = 0.953146162033
Iteration 67: R^2 = 0.93527978002, ICC = 0.967969353199
Iteration 68: R^2 = 0.908601881368, ICC = 0.957086443821
Iteration 69: R^2 = 0.936629347588, ICC = 0.968960061533
Iteration 70: R^2 = 0.929692698795, ICC = 0.966321343853
Iteration 71: R^2 = 0.844316371772, ICC = 0.921133234872
Iteration 72: R^2 = 0.939903894288, ICC = 0.969718684704
Iteration 73: R^2 = 0.945734511931, ICC = 0.9729764468
Iteration 74: R^2 = 0.952977978089, ICC = 0.976576747796
Iteration 75: R^2 = 0.875148139344, ICC = 0.941133917004
Iteration 76: R^2 = 0.927511696651, ICC = 0.96488852426
Iteration 77: R^2 = 0.94845778855, ICC = 0.974685316076
Iteration 78: R^2 = 0.94279358856, ICC = 0.970265253467
Iteration 79: R^2 = 0.935113337684, ICC = 0.968774294965
Iteration 80: R^2 = 0.872554378324, ICC = 0.931032674808
Iteration 81: R^2 = 0.934754497966, ICC = 0.968731808942
Iteration 82: R^2 = 0.892497653522, ICC = 0.947913731911
Iteration 83: R^2 = 0.953119478321, ICC = 0.976991296334
Iteration 84: R^2 = 0.891273876324, ICC = 0.947850228144
Iteration 85: R^2 = 0.90188534211, ICC = 0.952900432261
Iteration 86: R^2 = 0.935218412644, ICC = 0.966909223376
Iteration 87: R^2 = 0.936406308061, ICC = 0.969312087771
Iteration 88: R^2 = 0.941971812412, ICC = 0.970778709925
Iteration 89: R^2 = 0.901313994065, ICC = 0.952375928419
Iteration 90: R^2 = 0.920646747099, ICC = 0.959654745629
Iteration 91: R^2 = 0.938831820655, ICC = 0.969325707211
Iteration 92: R^2 = 0.933207822669, ICC = 0.968396642163
Iteration 93: R^2 = 0.939458705252, ICC = 0.968702732979
Iteration 94: R^2 = 0.93392827003, ICC = 0.966696267714
Iteration 95: R^2 = 0.94677270013, ICC = 0.973238882036
Iteration 96: R^2 = 0.94204367144, ICC = 0.9714851052
Iteration 97: R^2 = 0.9557315694, ICC = 0.977058305055
Iteration 98: R^2 = 0.909727701603, ICC = 0.955987601147
Iteration 99: R^2 = 0.951330103204, ICC = 0.975663839852
R Squared list shape: (100,)
ICC list shape: (100,)
