Running abide_motion_wrapper_JAL.py
Fri Sep 23 12:29:25 EDT 2016
Iteration 0: R^2 = 0.84492111318, ICC = 0.92726435779
Iteration 1: R^2 = 0.925491678082, ICC = 0.961161256655
Iteration 2: R^2 = 0.912061506316, ICC = 0.955716897035
Iteration 3: R^2 = 0.931355587101, ICC = 0.966474761771
Iteration 4: R^2 = 0.935166576196, ICC = 0.967228006762
Iteration 5: R^2 = 0.889530648493, ICC = 0.947936549953
Iteration 6: R^2 = 0.88239375471, ICC = 0.939157530513
Iteration 7: R^2 = 0.88935889683, ICC = 0.94324221865
Iteration 8: R^2 = 0.902446887861, ICC = 0.952696688847
Iteration 9: R^2 = 0.850643093884, ICC = 0.925372555145
Iteration 10: R^2 = 0.933042282398, ICC = 0.965636280335
Iteration 11: R^2 = 0.886955045174, ICC = 0.944898390702
Iteration 12: R^2 = 0.906134330893, ICC = 0.955224904971
Iteration 13: R^2 = 0.84432413695, ICC = 0.918971433764
Iteration 14: R^2 = 0.859997239805, ICC = 0.930130300933
Iteration 15: R^2 = 0.924906483355, ICC = 0.963169528101
Iteration 16: R^2 = 0.889615105623, ICC = 0.947909779677
Iteration 17: R^2 = 0.928897949327, ICC = 0.963880046634
Iteration 18: R^2 = 0.47583072897, ICC = 0.780144587031
Iteration 19: R^2 = 0.922824421924, ICC = 0.95958830968
Iteration 20: R^2 = 0.921154228557, ICC = 0.961358617291
Iteration 21: R^2 = 0.93569104322, ICC = 0.96747476826
Iteration 22: R^2 = 0.85391549819, ICC = 0.931250881931
Iteration 23: R^2 = 0.747457485037, ICC = 0.886400349096
Iteration 24: R^2 = 0.931362190906, ICC = 0.965707877092
Iteration 25: R^2 = 0.925292239177, ICC = 0.963810877784
Iteration 26: R^2 = 0.903176911611, ICC = 0.954309452657
Iteration 27: R^2 = 0.894820576112, ICC = 0.951467950789
Iteration 28: R^2 = 0.917363765905, ICC = 0.959680752032
Iteration 29: R^2 = 0.865245691207, ICC = 0.93118929404
Iteration 30: R^2 = 0.897854939944, ICC = 0.947557964596
Iteration 31: R^2 = 0.927928914972, ICC = 0.963777091179
Iteration 32: R^2 = 0.846746218357, ICC = 0.919700428645
Iteration 33: R^2 = 0.859022672585, ICC = 0.931456216697
Iteration 34: R^2 = 0.887658313112, ICC = 0.945020503048
Iteration 35: R^2 = 0.882348142948, ICC = 0.942506255572
Iteration 36: R^2 = 0.922315272317, ICC = 0.96231935096
Iteration 37: R^2 = 0.634974565409, ICC = 0.844142096345
Iteration 38: R^2 = 0.861190391711, ICC = 0.935860990113
Iteration 39: R^2 = 0.876300697258, ICC = 0.942097224163
Iteration 40: R^2 = 0.874312795619, ICC = 0.941790551689
Iteration 41: R^2 = 0.862921210773, ICC = 0.931187874086
Iteration 42: R^2 = 0.893591155179, ICC = 0.950320674509
Iteration 43: R^2 = 0.921058838686, ICC = 0.95984016986
Iteration 44: R^2 = 0.918122952821, ICC = 0.95922024886
Iteration 45: R^2 = 0.930334968497, ICC = 0.965660222006
Iteration 46: R^2 = 0.886443464115, ICC = 0.946784872119
Iteration 47: R^2 = 0.866366116708, ICC = 0.934552969658
Iteration 48: R^2 = 0.923129157493, ICC = 0.961656848785
Iteration 49: R^2 = 0.905570179521, ICC = 0.953959729853
Iteration 50: R^2 = 0.905681383748, ICC = 0.954502893159
Iteration 51: R^2 = 0.905405660934, ICC = 0.95201592494
Iteration 52: R^2 = 0.914160859746, ICC = 0.956790457522
Iteration 53: R^2 = 0.927714403155, ICC = 0.964620539328
Iteration 54: R^2 = 0.883556199211, ICC = 0.937958947033
Iteration 55: R^2 = 0.918430393605, ICC = 0.958909481465
Iteration 56: R^2 = 0.82390560058, ICC = 0.922683554223
Iteration 57: R^2 = 0.907299740863, ICC = 0.953616138901
Iteration 58: R^2 = 0.928764431344, ICC = 0.964404763007
Iteration 59: R^2 = 0.907063394627, ICC = 0.955335572148
Iteration 60: R^2 = 0.911416481984, ICC = 0.95402391113
Iteration 61: R^2 = 0.856990308812, ICC = 0.927341982454
Iteration 62: R^2 = 0.832605203262, ICC = 0.912960611556
Iteration 63: R^2 = 0.904313932979, ICC = 0.951832823276
Iteration 64: R^2 = 0.904307547763, ICC = 0.95268501268
Iteration 65: R^2 = 0.935724724063, ICC = 0.967302771261
Iteration 66: R^2 = 0.9024206009, ICC = 0.953025963905
Iteration 67: R^2 = 0.631672690139, ICC = 0.84600233757
Iteration 68: R^2 = 0.83537124295, ICC = 0.922195548999
Iteration 69: R^2 = 0.810235551322, ICC = 0.915682732275
Iteration 70: R^2 = 0.913496570305, ICC = 0.955449420209
Iteration 71: R^2 = 0.880792120912, ICC = 0.939087414378
Iteration 72: R^2 = 0.927524754203, ICC = 0.964045489864
Iteration 73: R^2 = 0.932862755755, ICC = 0.964480368511
Iteration 74: R^2 = 0.927219091016, ICC = 0.962550566018
Iteration 75: R^2 = 0.915311678119, ICC = 0.959516167067
Iteration 76: R^2 = 0.927637107908, ICC = 0.962808121133
Iteration 77: R^2 = 0.901351934802, ICC = 0.949980583629
Iteration 78: R^2 = 0.885444453111, ICC = 0.942662953724
Iteration 79: R^2 = 0.919575352445, ICC = 0.960691976306
Iteration 80: R^2 = 0.939349054208, ICC = 0.969943266254
Iteration 81: R^2 = 0.867744855651, ICC = 0.934378926239
Iteration 82: R^2 = 0.908891970952, ICC = 0.953171841538
Iteration 83: R^2 = 0.896186223725, ICC = 0.946740614425
Iteration 84: R^2 = 0.933827616604, ICC = 0.968101011244
Iteration 85: R^2 = 0.929621253288, ICC = 0.963230256766
Iteration 86: R^2 = 0.905450919905, ICC = 0.951332804749
Iteration 87: R^2 = 0.92446487669, ICC = 0.963808452781
Iteration 88: R^2 = 0.921702555786, ICC = 0.960877230118
Iteration 89: R^2 = 0.930687583426, ICC = 0.964109423272
Iteration 90: R^2 = 0.927718333186, ICC = 0.962437235243
Iteration 91: R^2 = 0.804016894035, ICC = 0.900730343342
Iteration 92: R^2 = 0.919237795674, ICC = 0.960685460305
Iteration 93: R^2 = 0.820525777444, ICC = 0.915398571572
Iteration 94: R^2 = 0.918044793461, ICC = 0.959574431886
Iteration 95: R^2 = 0.814394010986, ICC = 0.908640319041
Iteration 96: R^2 = 0.805003424274, ICC = 0.912795260459
Iteration 97: R^2 = 0.916114438094, ICC = 0.959996824842
Iteration 98: R^2 = 0.913151604135, ICC = 0.957494110221
Iteration 99: R^2 = 0.906375694028, ICC = 0.956175672892
R Squared list shape: (100,)
ICC list shape: (100,)
