Running abide_motion_wrapper_JAL.py
Fri Sep 23 12:27:42 EDT 2016
Iteration 0: R^2 = 0.907014728424, ICC = 0.949552210911
Iteration 1: R^2 = 0.91685203971, ICC = 0.956824213037
Iteration 2: R^2 = 0.912134614527, ICC = 0.95773912579
Iteration 3: R^2 = 0.833631974386, ICC = 0.920768589789
Iteration 4: R^2 = 0.922804993677, ICC = 0.961927763694
Iteration 5: R^2 = 0.921688237569, ICC = 0.961470255615
Iteration 6: R^2 = 0.912653776541, ICC = 0.956475826936
Iteration 7: R^2 = 0.773355412903, ICC = 0.900210556607
Iteration 8: R^2 = 0.919594886575, ICC = 0.960139940472
Iteration 9: R^2 = 0.908333719041, ICC = 0.95549470117
Iteration 10: R^2 = 0.91534081984, ICC = 0.958875496514
Iteration 11: R^2 = 0.924096751514, ICC = 0.961080269729
Iteration 12: R^2 = 0.926115653204, ICC = 0.963902873486
Iteration 13: R^2 = 0.812725641658, ICC = 0.912607554446
Iteration 14: R^2 = 0.911965489824, ICC = 0.957783618734
Iteration 15: R^2 = 0.774005056482, ICC = 0.896442550356
Iteration 16: R^2 = 0.890301994212, ICC = 0.947864951327
Iteration 17: R^2 = 0.914955101473, ICC = 0.958013953534
Iteration 18: R^2 = 0.831683996742, ICC = 0.925053961585
Iteration 19: R^2 = 0.926568496783, ICC = 0.964792414053
Iteration 20: R^2 = 0.906129434523, ICC = 0.952824614635
Iteration 21: R^2 = 0.93039352772, ICC = 0.963128093769
Iteration 22: R^2 = 0.866488810921, ICC = 0.939628495826
Iteration 23: R^2 = 0.839152251208, ICC = 0.915620997465
Iteration 24: R^2 = 0.913194118273, ICC = 0.955478102161
Iteration 25: R^2 = 0.908263654719, ICC = 0.953650427928
Iteration 26: R^2 = 0.905109207388, ICC = 0.952673336895
Iteration 27: R^2 = 0.856546056423, ICC = 0.933608825748
Iteration 28: R^2 = 0.908969291028, ICC = 0.951575961045
Iteration 29: R^2 = 0.86925313014, ICC = 0.933374302379
Iteration 30: R^2 = 0.916365356296, ICC = 0.959873783705
Iteration 31: R^2 = 0.870782437284, ICC = 0.93968490482
Iteration 32: R^2 = 0.907940404759, ICC = 0.956306542278
Iteration 33: R^2 = 0.90760126013, ICC = 0.956414381669
Iteration 34: R^2 = 0.918475876952, ICC = 0.95974605808
Iteration 35: R^2 = 0.929833896261, ICC = 0.963852414774
Iteration 36: R^2 = 0.927700022726, ICC = 0.963578991758
Iteration 37: R^2 = 0.924913200915, ICC = 0.962833951624
Iteration 38: R^2 = 0.916450890779, ICC = 0.955174929712
Iteration 39: R^2 = 0.907281363669, ICC = 0.952755895621
Iteration 40: R^2 = 0.927659251802, ICC = 0.964466541633
Iteration 41: R^2 = 0.939794085208, ICC = 0.969507261156
Iteration 42: R^2 = 0.926855528173, ICC = 0.963770413257
Iteration 43: R^2 = 0.829192297954, ICC = 0.919522606628
Iteration 44: R^2 = 0.920299147313, ICC = 0.958952835486
Iteration 45: R^2 = 0.916055358815, ICC = 0.958603847927
Iteration 46: R^2 = 0.866641454704, ICC = 0.931874487726
Iteration 47: R^2 = 0.877695055559, ICC = 0.934892426861
Iteration 48: R^2 = 0.923616880053, ICC = 0.96249151959
Iteration 49: R^2 = 0.923631945006, ICC = 0.959517569657
Iteration 50: R^2 = 0.86829047515, ICC = 0.93851644787
Iteration 51: R^2 = 0.892975954863, ICC = 0.944895155354
Iteration 52: R^2 = 0.866022841803, ICC = 0.935914941782
Iteration 53: R^2 = 0.91902189478, ICC = 0.958168544305
Iteration 54: R^2 = 0.913831482187, ICC = 0.955921080701
Iteration 55: R^2 = 0.930149013554, ICC = 0.962521430357
Iteration 56: R^2 = 0.920627016175, ICC = 0.960077646045
Iteration 57: R^2 = 0.919842421191, ICC = 0.959592071893
Iteration 58: R^2 = 0.907553103339, ICC = 0.954105113571
Iteration 59: R^2 = 0.915085043061, ICC = 0.958398081248
Iteration 60: R^2 = 0.883279593924, ICC = 0.939649851853
Iteration 61: R^2 = 0.925713950607, ICC = 0.963900139217
Iteration 62: R^2 = 0.818398405094, ICC = 0.913415851766
Iteration 63: R^2 = 0.906304596257, ICC = 0.95378677291
Iteration 64: R^2 = 0.910667543483, ICC = 0.956361622579
Iteration 65: R^2 = 0.925959830634, ICC = 0.963718490936
Iteration 66: R^2 = 0.920351795504, ICC = 0.959748915084
Iteration 67: R^2 = 0.926713706807, ICC = 0.964076955735
Iteration 68: R^2 = 0.919226117904, ICC = 0.957621915002
Iteration 69: R^2 = 0.87842070401, ICC = 0.93982104213
Iteration 70: R^2 = 0.936941377626, ICC = 0.967494287385
Iteration 71: R^2 = 0.870502339234, ICC = 0.937277871701
Iteration 72: R^2 = 0.906642234586, ICC = 0.953509029438
Iteration 73: R^2 = 0.866101101058, ICC = 0.929757557483
Iteration 74: R^2 = 0.84580960278, ICC = 0.925860961881
Iteration 75: R^2 = 0.892120751745, ICC = 0.948758423703
Iteration 76: R^2 = 0.911113010869, ICC = 0.958388964828
Iteration 77: R^2 = 0.906141719274, ICC = 0.951487045463
Iteration 78: R^2 = 0.923396920225, ICC = 0.961961290997
Iteration 79: R^2 = 0.93713109918, ICC = 0.968897060689
Iteration 80: R^2 = 0.900899530888, ICC = 0.952483467374
Iteration 81: R^2 = 0.930898904436, ICC = 0.964326954915
Iteration 82: R^2 = 0.78033508867, ICC = 0.890037244964
Iteration 83: R^2 = 0.875920442501, ICC = 0.940852783174
Iteration 84: R^2 = 0.879643397183, ICC = 0.939364624558
Iteration 85: R^2 = 0.929597063917, ICC = 0.963845091097
Iteration 86: R^2 = 0.914428171457, ICC = 0.95600568511
Iteration 87: R^2 = 0.885967449887, ICC = 0.94167590185
Iteration 88: R^2 = 0.920296616108, ICC = 0.960958018884
Iteration 89: R^2 = 0.869622040361, ICC = 0.937008487353
Iteration 90: R^2 = 0.834067553714, ICC = 0.919614764873
Iteration 91: R^2 = 0.869534578701, ICC = 0.938456974812
Iteration 92: R^2 = 0.901446571918, ICC = 0.953243974868
Iteration 93: R^2 = 0.878596647331, ICC = 0.940250198991
Iteration 94: R^2 = 0.865440106694, ICC = 0.934700769702
Iteration 95: R^2 = 0.911379702542, ICC = 0.955381724818
Iteration 96: R^2 = 0.920698380194, ICC = 0.959535438913
Iteration 97: R^2 = 0.868242105775, ICC = 0.932240309722
Iteration 98: R^2 = 0.794059516027, ICC = 0.903286208688
Iteration 99: R^2 = 0.912161913643, ICC = 0.956899569654
R Squared list shape: (100,)
ICC list shape: (100,)
